[2023-06-09T05:57:22.329+0000] {processor.py:157} INFO - Started process (PID=35) to work on /home/airflow/.local/lib/python3.7/site-packages/airflow/example_dags/example_skip_dag.py
[2023-06-09T05:57:22.336+0000] {processor.py:826} INFO - Processing file /home/airflow/.local/lib/python3.7/site-packages/airflow/example_dags/example_skip_dag.py for tasks to queue
[2023-06-09T05:57:22.337+0000] {logging_mixin.py:149} INFO - [2023-06-09T05:57:22.337+0000] {dagbag.py:541} INFO - Filling up the DagBag from /home/airflow/.local/lib/python3.7/site-packages/airflow/example_dags/example_skip_dag.py
[2023-06-09T05:57:22.968+0000] {processor.py:836} INFO - DAG(s) dict_keys(['example_skip_dag']) retrieved from /home/airflow/.local/lib/python3.7/site-packages/airflow/example_dags/example_skip_dag.py
[2023-06-09T05:57:23.084+0000] {logging_mixin.py:149} INFO - [2023-06-09T05:57:23.084+0000] {dag.py:2726} INFO - Sync 1 DAGs
[2023-06-09T05:57:23.176+0000] {logging_mixin.py:149} INFO - [2023-06-09T05:57:23.176+0000] {dag.py:3490} INFO - Setting next_dagrun for example_skip_dag to 2023-06-08T05:57:23.176497+00:00, run_after=2023-06-09T05:57:23.176497+00:00
[2023-06-09T05:57:23.237+0000] {processor.py:179} INFO - Processing /home/airflow/.local/lib/python3.7/site-packages/airflow/example_dags/example_skip_dag.py took 0.917 seconds
[2023-06-09T05:57:53.574+0000] {processor.py:157} INFO - Started process (PID=90) to work on /home/airflow/.local/lib/python3.7/site-packages/airflow/example_dags/example_skip_dag.py
[2023-06-09T05:57:53.576+0000] {processor.py:826} INFO - Processing file /home/airflow/.local/lib/python3.7/site-packages/airflow/example_dags/example_skip_dag.py for tasks to queue
[2023-06-09T05:57:53.576+0000] {logging_mixin.py:149} INFO - [2023-06-09T05:57:53.576+0000] {dagbag.py:541} INFO - Filling up the DagBag from /home/airflow/.local/lib/python3.7/site-packages/airflow/example_dags/example_skip_dag.py
[2023-06-09T05:57:53.585+0000] {processor.py:836} INFO - DAG(s) dict_keys(['example_skip_dag']) retrieved from /home/airflow/.local/lib/python3.7/site-packages/airflow/example_dags/example_skip_dag.py
[2023-06-09T05:57:53.616+0000] {logging_mixin.py:149} INFO - [2023-06-09T05:57:53.616+0000] {dag.py:2726} INFO - Sync 1 DAGs
[2023-06-09T05:57:53.650+0000] {logging_mixin.py:149} INFO - [2023-06-09T05:57:53.650+0000] {dag.py:3490} INFO - Setting next_dagrun for example_skip_dag to 2023-06-08T05:57:53.649825+00:00, run_after=2023-06-09T05:57:53.649825+00:00
[2023-06-09T05:57:53.673+0000] {processor.py:179} INFO - Processing /home/airflow/.local/lib/python3.7/site-packages/airflow/example_dags/example_skip_dag.py took 0.103 seconds
[2023-06-09T05:58:24.148+0000] {processor.py:157} INFO - Started process (PID=143) to work on /home/airflow/.local/lib/python3.7/site-packages/airflow/example_dags/example_skip_dag.py
[2023-06-09T05:58:24.149+0000] {processor.py:826} INFO - Processing file /home/airflow/.local/lib/python3.7/site-packages/airflow/example_dags/example_skip_dag.py for tasks to queue
[2023-06-09T05:58:24.150+0000] {logging_mixin.py:149} INFO - [2023-06-09T05:58:24.150+0000] {dagbag.py:541} INFO - Filling up the DagBag from /home/airflow/.local/lib/python3.7/site-packages/airflow/example_dags/example_skip_dag.py
[2023-06-09T05:58:24.160+0000] {processor.py:836} INFO - DAG(s) dict_keys(['example_skip_dag']) retrieved from /home/airflow/.local/lib/python3.7/site-packages/airflow/example_dags/example_skip_dag.py
[2023-06-09T05:58:24.193+0000] {logging_mixin.py:149} INFO - [2023-06-09T05:58:24.193+0000] {dag.py:2726} INFO - Sync 1 DAGs
[2023-06-09T05:58:24.228+0000] {logging_mixin.py:149} INFO - [2023-06-09T05:58:24.228+0000] {dag.py:3490} INFO - Setting next_dagrun for example_skip_dag to 2023-06-08T05:58:24.227784+00:00, run_after=2023-06-09T05:58:24.227784+00:00
[2023-06-09T05:58:24.251+0000] {processor.py:179} INFO - Processing /home/airflow/.local/lib/python3.7/site-packages/airflow/example_dags/example_skip_dag.py took 0.107 seconds
[2023-06-09T05:58:54.722+0000] {processor.py:157} INFO - Started process (PID=197) to work on /home/airflow/.local/lib/python3.7/site-packages/airflow/example_dags/example_skip_dag.py
[2023-06-09T05:58:54.724+0000] {processor.py:826} INFO - Processing file /home/airflow/.local/lib/python3.7/site-packages/airflow/example_dags/example_skip_dag.py for tasks to queue
[2023-06-09T05:58:54.724+0000] {logging_mixin.py:149} INFO - [2023-06-09T05:58:54.724+0000] {dagbag.py:541} INFO - Filling up the DagBag from /home/airflow/.local/lib/python3.7/site-packages/airflow/example_dags/example_skip_dag.py
[2023-06-09T05:58:54.733+0000] {processor.py:836} INFO - DAG(s) dict_keys(['example_skip_dag']) retrieved from /home/airflow/.local/lib/python3.7/site-packages/airflow/example_dags/example_skip_dag.py
[2023-06-09T05:58:54.765+0000] {logging_mixin.py:149} INFO - [2023-06-09T05:58:54.765+0000] {dag.py:2726} INFO - Sync 1 DAGs
[2023-06-09T05:58:54.799+0000] {logging_mixin.py:149} INFO - [2023-06-09T05:58:54.799+0000] {dag.py:3490} INFO - Setting next_dagrun for example_skip_dag to 2023-06-08T05:58:54.799237+00:00, run_after=2023-06-09T05:58:54.799237+00:00
[2023-06-09T05:58:54.823+0000] {processor.py:179} INFO - Processing /home/airflow/.local/lib/python3.7/site-packages/airflow/example_dags/example_skip_dag.py took 0.105 seconds
[2023-06-09T05:59:24.944+0000] {processor.py:157} INFO - Started process (PID=251) to work on /home/airflow/.local/lib/python3.7/site-packages/airflow/example_dags/example_skip_dag.py
[2023-06-09T05:59:24.945+0000] {processor.py:826} INFO - Processing file /home/airflow/.local/lib/python3.7/site-packages/airflow/example_dags/example_skip_dag.py for tasks to queue
[2023-06-09T05:59:24.945+0000] {logging_mixin.py:149} INFO - [2023-06-09T05:59:24.945+0000] {dagbag.py:541} INFO - Filling up the DagBag from /home/airflow/.local/lib/python3.7/site-packages/airflow/example_dags/example_skip_dag.py
[2023-06-09T05:59:24.962+0000] {processor.py:836} INFO - DAG(s) dict_keys(['example_skip_dag']) retrieved from /home/airflow/.local/lib/python3.7/site-packages/airflow/example_dags/example_skip_dag.py
[2023-06-09T05:59:25.014+0000] {logging_mixin.py:149} INFO - [2023-06-09T05:59:25.014+0000] {dag.py:2726} INFO - Sync 1 DAGs
[2023-06-09T05:59:25.049+0000] {logging_mixin.py:149} INFO - [2023-06-09T05:59:25.049+0000] {dag.py:3490} INFO - Setting next_dagrun for example_skip_dag to 2023-06-08T05:59:25.049427+00:00, run_after=2023-06-09T05:59:25.049427+00:00
[2023-06-09T05:59:25.081+0000] {processor.py:179} INFO - Processing /home/airflow/.local/lib/python3.7/site-packages/airflow/example_dags/example_skip_dag.py took 0.141 seconds
[2023-06-09T05:59:55.235+0000] {processor.py:157} INFO - Started process (PID=305) to work on /home/airflow/.local/lib/python3.7/site-packages/airflow/example_dags/example_skip_dag.py
[2023-06-09T05:59:55.238+0000] {processor.py:826} INFO - Processing file /home/airflow/.local/lib/python3.7/site-packages/airflow/example_dags/example_skip_dag.py for tasks to queue
[2023-06-09T05:59:55.239+0000] {logging_mixin.py:149} INFO - [2023-06-09T05:59:55.238+0000] {dagbag.py:541} INFO - Filling up the DagBag from /home/airflow/.local/lib/python3.7/site-packages/airflow/example_dags/example_skip_dag.py
[2023-06-09T05:59:55.256+0000] {processor.py:836} INFO - DAG(s) dict_keys(['example_skip_dag']) retrieved from /home/airflow/.local/lib/python3.7/site-packages/airflow/example_dags/example_skip_dag.py
[2023-06-09T05:59:55.293+0000] {logging_mixin.py:149} INFO - [2023-06-09T05:59:55.293+0000] {dag.py:2726} INFO - Sync 1 DAGs
[2023-06-09T05:59:55.328+0000] {logging_mixin.py:149} INFO - [2023-06-09T05:59:55.328+0000] {dag.py:3490} INFO - Setting next_dagrun for example_skip_dag to 2023-06-08T05:59:55.328292+00:00, run_after=2023-06-09T05:59:55.328292+00:00
[2023-06-09T05:59:55.353+0000] {processor.py:179} INFO - Processing /home/airflow/.local/lib/python3.7/site-packages/airflow/example_dags/example_skip_dag.py took 0.122 seconds
[2023-06-09T06:00:26.148+0000] {processor.py:157} INFO - Started process (PID=359) to work on /home/airflow/.local/lib/python3.7/site-packages/airflow/example_dags/example_skip_dag.py
[2023-06-09T06:00:26.149+0000] {processor.py:826} INFO - Processing file /home/airflow/.local/lib/python3.7/site-packages/airflow/example_dags/example_skip_dag.py for tasks to queue
[2023-06-09T06:00:26.150+0000] {logging_mixin.py:149} INFO - [2023-06-09T06:00:26.150+0000] {dagbag.py:541} INFO - Filling up the DagBag from /home/airflow/.local/lib/python3.7/site-packages/airflow/example_dags/example_skip_dag.py
[2023-06-09T06:00:26.159+0000] {processor.py:836} INFO - DAG(s) dict_keys(['example_skip_dag']) retrieved from /home/airflow/.local/lib/python3.7/site-packages/airflow/example_dags/example_skip_dag.py
[2023-06-09T06:00:26.191+0000] {logging_mixin.py:149} INFO - [2023-06-09T06:00:26.190+0000] {dag.py:2726} INFO - Sync 1 DAGs
[2023-06-09T06:00:26.225+0000] {logging_mixin.py:149} INFO - [2023-06-09T06:00:26.225+0000] {dag.py:3490} INFO - Setting next_dagrun for example_skip_dag to 2023-06-08T06:00:26.225359+00:00, run_after=2023-06-09T06:00:26.225359+00:00
[2023-06-09T06:00:26.251+0000] {processor.py:179} INFO - Processing /home/airflow/.local/lib/python3.7/site-packages/airflow/example_dags/example_skip_dag.py took 0.106 seconds
[2023-06-09T06:00:56.876+0000] {processor.py:157} INFO - Started process (PID=414) to work on /home/airflow/.local/lib/python3.7/site-packages/airflow/example_dags/example_skip_dag.py
[2023-06-09T06:00:56.878+0000] {processor.py:826} INFO - Processing file /home/airflow/.local/lib/python3.7/site-packages/airflow/example_dags/example_skip_dag.py for tasks to queue
[2023-06-09T06:00:56.878+0000] {logging_mixin.py:149} INFO - [2023-06-09T06:00:56.878+0000] {dagbag.py:541} INFO - Filling up the DagBag from /home/airflow/.local/lib/python3.7/site-packages/airflow/example_dags/example_skip_dag.py
[2023-06-09T06:00:56.888+0000] {processor.py:836} INFO - DAG(s) dict_keys(['example_skip_dag']) retrieved from /home/airflow/.local/lib/python3.7/site-packages/airflow/example_dags/example_skip_dag.py
[2023-06-09T06:00:56.923+0000] {logging_mixin.py:149} INFO - [2023-06-09T06:00:56.922+0000] {dag.py:2726} INFO - Sync 1 DAGs
[2023-06-09T06:00:56.962+0000] {logging_mixin.py:149} INFO - [2023-06-09T06:00:56.962+0000] {dag.py:3490} INFO - Setting next_dagrun for example_skip_dag to 2023-06-08T06:00:56.961978+00:00, run_after=2023-06-09T06:00:56.961978+00:00
[2023-06-09T06:00:56.992+0000] {processor.py:179} INFO - Processing /home/airflow/.local/lib/python3.7/site-packages/airflow/example_dags/example_skip_dag.py took 0.120 seconds
[2023-06-09T06:01:27.241+0000] {processor.py:157} INFO - Started process (PID=468) to work on /home/airflow/.local/lib/python3.7/site-packages/airflow/example_dags/example_skip_dag.py
[2023-06-09T06:01:27.246+0000] {processor.py:826} INFO - Processing file /home/airflow/.local/lib/python3.7/site-packages/airflow/example_dags/example_skip_dag.py for tasks to queue
[2023-06-09T06:01:27.247+0000] {logging_mixin.py:149} INFO - [2023-06-09T06:01:27.246+0000] {dagbag.py:541} INFO - Filling up the DagBag from /home/airflow/.local/lib/python3.7/site-packages/airflow/example_dags/example_skip_dag.py
[2023-06-09T06:01:27.255+0000] {processor.py:836} INFO - DAG(s) dict_keys(['example_skip_dag']) retrieved from /home/airflow/.local/lib/python3.7/site-packages/airflow/example_dags/example_skip_dag.py
[2023-06-09T06:01:27.332+0000] {logging_mixin.py:149} INFO - [2023-06-09T06:01:27.332+0000] {dag.py:2726} INFO - Sync 1 DAGs
[2023-06-09T06:01:27.430+0000] {logging_mixin.py:149} INFO - [2023-06-09T06:01:27.430+0000] {dag.py:3490} INFO - Setting next_dagrun for example_skip_dag to 2023-06-08T06:01:27.430117+00:00, run_after=2023-06-09T06:01:27.430117+00:00
[2023-06-09T06:01:27.488+0000] {processor.py:179} INFO - Processing /home/airflow/.local/lib/python3.7/site-packages/airflow/example_dags/example_skip_dag.py took 0.263 seconds
[2023-06-09T06:01:57.749+0000] {processor.py:157} INFO - Started process (PID=522) to work on /home/airflow/.local/lib/python3.7/site-packages/airflow/example_dags/example_skip_dag.py
[2023-06-09T06:01:57.752+0000] {processor.py:826} INFO - Processing file /home/airflow/.local/lib/python3.7/site-packages/airflow/example_dags/example_skip_dag.py for tasks to queue
[2023-06-09T06:01:57.753+0000] {logging_mixin.py:149} INFO - [2023-06-09T06:01:57.753+0000] {dagbag.py:541} INFO - Filling up the DagBag from /home/airflow/.local/lib/python3.7/site-packages/airflow/example_dags/example_skip_dag.py
[2023-06-09T06:01:57.762+0000] {processor.py:836} INFO - DAG(s) dict_keys(['example_skip_dag']) retrieved from /home/airflow/.local/lib/python3.7/site-packages/airflow/example_dags/example_skip_dag.py
[2023-06-09T06:01:57.794+0000] {logging_mixin.py:149} INFO - [2023-06-09T06:01:57.794+0000] {dag.py:2726} INFO - Sync 1 DAGs
[2023-06-09T06:01:57.828+0000] {logging_mixin.py:149} INFO - [2023-06-09T06:01:57.828+0000] {dag.py:3490} INFO - Setting next_dagrun for example_skip_dag to 2023-06-08T06:01:57.828085+00:00, run_after=2023-06-09T06:01:57.828085+00:00
[2023-06-09T06:01:57.852+0000] {processor.py:179} INFO - Processing /home/airflow/.local/lib/python3.7/site-packages/airflow/example_dags/example_skip_dag.py took 0.107 seconds
[2023-06-09T06:02:28.687+0000] {processor.py:157} INFO - Started process (PID=577) to work on /home/airflow/.local/lib/python3.7/site-packages/airflow/example_dags/example_skip_dag.py
[2023-06-09T06:02:28.688+0000] {processor.py:826} INFO - Processing file /home/airflow/.local/lib/python3.7/site-packages/airflow/example_dags/example_skip_dag.py for tasks to queue
[2023-06-09T06:02:28.689+0000] {logging_mixin.py:149} INFO - [2023-06-09T06:02:28.689+0000] {dagbag.py:541} INFO - Filling up the DagBag from /home/airflow/.local/lib/python3.7/site-packages/airflow/example_dags/example_skip_dag.py
[2023-06-09T06:02:28.698+0000] {processor.py:836} INFO - DAG(s) dict_keys(['example_skip_dag']) retrieved from /home/airflow/.local/lib/python3.7/site-packages/airflow/example_dags/example_skip_dag.py
[2023-06-09T06:02:28.731+0000] {logging_mixin.py:149} INFO - [2023-06-09T06:02:28.730+0000] {dag.py:2726} INFO - Sync 1 DAGs
[2023-06-09T06:02:28.765+0000] {logging_mixin.py:149} INFO - [2023-06-09T06:02:28.765+0000] {dag.py:3490} INFO - Setting next_dagrun for example_skip_dag to 2023-06-08T06:02:28.764889+00:00, run_after=2023-06-09T06:02:28.764889+00:00
[2023-06-09T06:02:28.789+0000] {processor.py:179} INFO - Processing /home/airflow/.local/lib/python3.7/site-packages/airflow/example_dags/example_skip_dag.py took 0.105 seconds
[2023-06-09T06:02:59.422+0000] {processor.py:157} INFO - Started process (PID=638) to work on /home/airflow/.local/lib/python3.7/site-packages/airflow/example_dags/example_skip_dag.py
[2023-06-09T06:02:59.424+0000] {processor.py:826} INFO - Processing file /home/airflow/.local/lib/python3.7/site-packages/airflow/example_dags/example_skip_dag.py for tasks to queue
[2023-06-09T06:02:59.426+0000] {logging_mixin.py:149} INFO - [2023-06-09T06:02:59.426+0000] {dagbag.py:541} INFO - Filling up the DagBag from /home/airflow/.local/lib/python3.7/site-packages/airflow/example_dags/example_skip_dag.py
[2023-06-09T06:02:59.462+0000] {processor.py:836} INFO - DAG(s) dict_keys(['example_skip_dag']) retrieved from /home/airflow/.local/lib/python3.7/site-packages/airflow/example_dags/example_skip_dag.py
[2023-06-09T06:02:59.600+0000] {logging_mixin.py:149} INFO - [2023-06-09T06:02:59.600+0000] {dag.py:2726} INFO - Sync 1 DAGs
[2023-06-09T06:02:59.652+0000] {logging_mixin.py:149} INFO - [2023-06-09T06:02:59.652+0000] {dag.py:3490} INFO - Setting next_dagrun for example_skip_dag to 2023-06-08T06:02:59.652002+00:00, run_after=2023-06-09T06:02:59.652002+00:00
[2023-06-09T06:02:59.685+0000] {processor.py:179} INFO - Processing /home/airflow/.local/lib/python3.7/site-packages/airflow/example_dags/example_skip_dag.py took 0.278 seconds
[2023-06-09T06:03:29.927+0000] {processor.py:157} INFO - Started process (PID=692) to work on /home/airflow/.local/lib/python3.7/site-packages/airflow/example_dags/example_skip_dag.py
[2023-06-09T06:03:29.932+0000] {processor.py:826} INFO - Processing file /home/airflow/.local/lib/python3.7/site-packages/airflow/example_dags/example_skip_dag.py for tasks to queue
[2023-06-09T06:03:29.933+0000] {logging_mixin.py:149} INFO - [2023-06-09T06:03:29.932+0000] {dagbag.py:541} INFO - Filling up the DagBag from /home/airflow/.local/lib/python3.7/site-packages/airflow/example_dags/example_skip_dag.py
[2023-06-09T06:03:29.941+0000] {processor.py:836} INFO - DAG(s) dict_keys(['example_skip_dag']) retrieved from /home/airflow/.local/lib/python3.7/site-packages/airflow/example_dags/example_skip_dag.py
[2023-06-09T06:03:29.993+0000] {logging_mixin.py:149} INFO - [2023-06-09T06:03:29.993+0000] {dag.py:2726} INFO - Sync 1 DAGs
[2023-06-09T06:03:30.089+0000] {logging_mixin.py:149} INFO - [2023-06-09T06:03:30.089+0000] {dag.py:3490} INFO - Setting next_dagrun for example_skip_dag to 2023-06-08T06:03:30.089436+00:00, run_after=2023-06-09T06:03:30.089436+00:00
[2023-06-09T06:03:30.119+0000] {processor.py:179} INFO - Processing /home/airflow/.local/lib/python3.7/site-packages/airflow/example_dags/example_skip_dag.py took 0.197 seconds
[2023-06-09T06:04:00.522+0000] {processor.py:157} INFO - Started process (PID=745) to work on /home/airflow/.local/lib/python3.7/site-packages/airflow/example_dags/example_skip_dag.py
[2023-06-09T06:04:00.524+0000] {processor.py:826} INFO - Processing file /home/airflow/.local/lib/python3.7/site-packages/airflow/example_dags/example_skip_dag.py for tasks to queue
[2023-06-09T06:04:00.524+0000] {logging_mixin.py:149} INFO - [2023-06-09T06:04:00.524+0000] {dagbag.py:541} INFO - Filling up the DagBag from /home/airflow/.local/lib/python3.7/site-packages/airflow/example_dags/example_skip_dag.py
[2023-06-09T06:04:00.533+0000] {processor.py:836} INFO - DAG(s) dict_keys(['example_skip_dag']) retrieved from /home/airflow/.local/lib/python3.7/site-packages/airflow/example_dags/example_skip_dag.py
[2023-06-09T06:04:00.566+0000] {logging_mixin.py:149} INFO - [2023-06-09T06:04:00.566+0000] {dag.py:2726} INFO - Sync 1 DAGs
[2023-06-09T06:04:00.600+0000] {logging_mixin.py:149} INFO - [2023-06-09T06:04:00.600+0000] {dag.py:3490} INFO - Setting next_dagrun for example_skip_dag to 2023-06-08T06:04:00.600446+00:00, run_after=2023-06-09T06:04:00.600446+00:00
[2023-06-09T06:04:00.624+0000] {processor.py:179} INFO - Processing /home/airflow/.local/lib/python3.7/site-packages/airflow/example_dags/example_skip_dag.py took 0.106 seconds
[2023-06-09T06:04:30.716+0000] {processor.py:157} INFO - Started process (PID=798) to work on /home/airflow/.local/lib/python3.7/site-packages/airflow/example_dags/example_skip_dag.py
[2023-06-09T06:04:30.718+0000] {processor.py:826} INFO - Processing file /home/airflow/.local/lib/python3.7/site-packages/airflow/example_dags/example_skip_dag.py for tasks to queue
[2023-06-09T06:04:30.719+0000] {logging_mixin.py:149} INFO - [2023-06-09T06:04:30.718+0000] {dagbag.py:541} INFO - Filling up the DagBag from /home/airflow/.local/lib/python3.7/site-packages/airflow/example_dags/example_skip_dag.py
[2023-06-09T06:04:30.728+0000] {processor.py:836} INFO - DAG(s) dict_keys(['example_skip_dag']) retrieved from /home/airflow/.local/lib/python3.7/site-packages/airflow/example_dags/example_skip_dag.py
[2023-06-09T06:04:30.759+0000] {logging_mixin.py:149} INFO - [2023-06-09T06:04:30.759+0000] {dag.py:2726} INFO - Sync 1 DAGs
[2023-06-09T06:04:30.792+0000] {logging_mixin.py:149} INFO - [2023-06-09T06:04:30.792+0000] {dag.py:3490} INFO - Setting next_dagrun for example_skip_dag to 2023-06-08T06:04:30.792157+00:00, run_after=2023-06-09T06:04:30.792157+00:00
[2023-06-09T06:04:30.814+0000] {processor.py:179} INFO - Processing /home/airflow/.local/lib/python3.7/site-packages/airflow/example_dags/example_skip_dag.py took 0.102 seconds
[2023-06-09T06:05:01.096+0000] {processor.py:157} INFO - Started process (PID=852) to work on /home/airflow/.local/lib/python3.7/site-packages/airflow/example_dags/example_skip_dag.py
[2023-06-09T06:05:01.097+0000] {processor.py:826} INFO - Processing file /home/airflow/.local/lib/python3.7/site-packages/airflow/example_dags/example_skip_dag.py for tasks to queue
[2023-06-09T06:05:01.098+0000] {logging_mixin.py:149} INFO - [2023-06-09T06:05:01.098+0000] {dagbag.py:541} INFO - Filling up the DagBag from /home/airflow/.local/lib/python3.7/site-packages/airflow/example_dags/example_skip_dag.py
[2023-06-09T06:05:01.107+0000] {processor.py:836} INFO - DAG(s) dict_keys(['example_skip_dag']) retrieved from /home/airflow/.local/lib/python3.7/site-packages/airflow/example_dags/example_skip_dag.py
[2023-06-09T06:05:01.140+0000] {logging_mixin.py:149} INFO - [2023-06-09T06:05:01.140+0000] {dag.py:2726} INFO - Sync 1 DAGs
[2023-06-09T06:05:01.193+0000] {logging_mixin.py:149} INFO - [2023-06-09T06:05:01.193+0000] {dag.py:3490} INFO - Setting next_dagrun for example_skip_dag to 2023-06-08T06:05:01.193198+00:00, run_after=2023-06-09T06:05:01.193198+00:00
[2023-06-09T06:05:01.219+0000] {processor.py:179} INFO - Processing /home/airflow/.local/lib/python3.7/site-packages/airflow/example_dags/example_skip_dag.py took 0.127 seconds
[2023-06-09T06:05:31.839+0000] {processor.py:157} INFO - Started process (PID=906) to work on /home/airflow/.local/lib/python3.7/site-packages/airflow/example_dags/example_skip_dag.py
[2023-06-09T06:05:31.840+0000] {processor.py:826} INFO - Processing file /home/airflow/.local/lib/python3.7/site-packages/airflow/example_dags/example_skip_dag.py for tasks to queue
[2023-06-09T06:05:31.841+0000] {logging_mixin.py:149} INFO - [2023-06-09T06:05:31.841+0000] {dagbag.py:541} INFO - Filling up the DagBag from /home/airflow/.local/lib/python3.7/site-packages/airflow/example_dags/example_skip_dag.py
[2023-06-09T06:05:31.849+0000] {processor.py:836} INFO - DAG(s) dict_keys(['example_skip_dag']) retrieved from /home/airflow/.local/lib/python3.7/site-packages/airflow/example_dags/example_skip_dag.py
[2023-06-09T06:05:31.884+0000] {logging_mixin.py:149} INFO - [2023-06-09T06:05:31.883+0000] {dag.py:2726} INFO - Sync 1 DAGs
[2023-06-09T06:05:31.917+0000] {logging_mixin.py:149} INFO - [2023-06-09T06:05:31.917+0000] {dag.py:3490} INFO - Setting next_dagrun for example_skip_dag to 2023-06-08T06:05:31.916758+00:00, run_after=2023-06-09T06:05:31.916758+00:00
[2023-06-09T06:05:31.943+0000] {processor.py:179} INFO - Processing /home/airflow/.local/lib/python3.7/site-packages/airflow/example_dags/example_skip_dag.py took 0.116 seconds
[2023-06-09T06:06:02.492+0000] {processor.py:157} INFO - Started process (PID=959) to work on /home/airflow/.local/lib/python3.7/site-packages/airflow/example_dags/example_skip_dag.py
[2023-06-09T06:06:02.498+0000] {processor.py:826} INFO - Processing file /home/airflow/.local/lib/python3.7/site-packages/airflow/example_dags/example_skip_dag.py for tasks to queue
[2023-06-09T06:06:02.499+0000] {logging_mixin.py:149} INFO - [2023-06-09T06:06:02.499+0000] {dagbag.py:541} INFO - Filling up the DagBag from /home/airflow/.local/lib/python3.7/site-packages/airflow/example_dags/example_skip_dag.py
[2023-06-09T06:06:02.508+0000] {processor.py:836} INFO - DAG(s) dict_keys(['example_skip_dag']) retrieved from /home/airflow/.local/lib/python3.7/site-packages/airflow/example_dags/example_skip_dag.py
[2023-06-09T06:06:02.541+0000] {logging_mixin.py:149} INFO - [2023-06-09T06:06:02.541+0000] {dag.py:2726} INFO - Sync 1 DAGs
[2023-06-09T06:06:02.574+0000] {logging_mixin.py:149} INFO - [2023-06-09T06:06:02.574+0000] {dag.py:3490} INFO - Setting next_dagrun for example_skip_dag to 2023-06-08T06:06:02.574023+00:00, run_after=2023-06-09T06:06:02.574023+00:00
[2023-06-09T06:06:02.596+0000] {processor.py:179} INFO - Processing /home/airflow/.local/lib/python3.7/site-packages/airflow/example_dags/example_skip_dag.py took 0.108 seconds
[2023-06-09T06:06:33.114+0000] {processor.py:157} INFO - Started process (PID=1012) to work on /home/airflow/.local/lib/python3.7/site-packages/airflow/example_dags/example_skip_dag.py
[2023-06-09T06:06:33.115+0000] {processor.py:826} INFO - Processing file /home/airflow/.local/lib/python3.7/site-packages/airflow/example_dags/example_skip_dag.py for tasks to queue
[2023-06-09T06:06:33.116+0000] {logging_mixin.py:149} INFO - [2023-06-09T06:06:33.116+0000] {dagbag.py:541} INFO - Filling up the DagBag from /home/airflow/.local/lib/python3.7/site-packages/airflow/example_dags/example_skip_dag.py
[2023-06-09T06:06:33.124+0000] {processor.py:836} INFO - DAG(s) dict_keys(['example_skip_dag']) retrieved from /home/airflow/.local/lib/python3.7/site-packages/airflow/example_dags/example_skip_dag.py
[2023-06-09T06:06:33.157+0000] {logging_mixin.py:149} INFO - [2023-06-09T06:06:33.156+0000] {dag.py:2726} INFO - Sync 1 DAGs
[2023-06-09T06:06:33.189+0000] {logging_mixin.py:149} INFO - [2023-06-09T06:06:33.189+0000] {dag.py:3490} INFO - Setting next_dagrun for example_skip_dag to 2023-06-08T06:06:33.189243+00:00, run_after=2023-06-09T06:06:33.189243+00:00
[2023-06-09T06:06:33.212+0000] {processor.py:179} INFO - Processing /home/airflow/.local/lib/python3.7/site-packages/airflow/example_dags/example_skip_dag.py took 0.102 seconds
[2023-06-09T06:07:03.555+0000] {processor.py:157} INFO - Started process (PID=1067) to work on /home/airflow/.local/lib/python3.7/site-packages/airflow/example_dags/example_skip_dag.py
[2023-06-09T06:07:03.556+0000] {processor.py:826} INFO - Processing file /home/airflow/.local/lib/python3.7/site-packages/airflow/example_dags/example_skip_dag.py for tasks to queue
[2023-06-09T06:07:03.557+0000] {logging_mixin.py:149} INFO - [2023-06-09T06:07:03.557+0000] {dagbag.py:541} INFO - Filling up the DagBag from /home/airflow/.local/lib/python3.7/site-packages/airflow/example_dags/example_skip_dag.py
[2023-06-09T06:07:03.566+0000] {processor.py:836} INFO - DAG(s) dict_keys(['example_skip_dag']) retrieved from /home/airflow/.local/lib/python3.7/site-packages/airflow/example_dags/example_skip_dag.py
[2023-06-09T06:07:03.605+0000] {logging_mixin.py:149} INFO - [2023-06-09T06:07:03.605+0000] {dag.py:2726} INFO - Sync 1 DAGs
[2023-06-09T06:07:03.640+0000] {logging_mixin.py:149} INFO - [2023-06-09T06:07:03.640+0000] {dag.py:3490} INFO - Setting next_dagrun for example_skip_dag to 2023-06-08T06:07:03.639679+00:00, run_after=2023-06-09T06:07:03.639679+00:00
[2023-06-09T06:07:03.669+0000] {processor.py:179} INFO - Processing /home/airflow/.local/lib/python3.7/site-packages/airflow/example_dags/example_skip_dag.py took 0.118 seconds
[2023-06-09T06:07:34.222+0000] {processor.py:157} INFO - Started process (PID=1121) to work on /home/airflow/.local/lib/python3.7/site-packages/airflow/example_dags/example_skip_dag.py
[2023-06-09T06:07:34.223+0000] {processor.py:826} INFO - Processing file /home/airflow/.local/lib/python3.7/site-packages/airflow/example_dags/example_skip_dag.py for tasks to queue
[2023-06-09T06:07:34.223+0000] {logging_mixin.py:149} INFO - [2023-06-09T06:07:34.223+0000] {dagbag.py:541} INFO - Filling up the DagBag from /home/airflow/.local/lib/python3.7/site-packages/airflow/example_dags/example_skip_dag.py
[2023-06-09T06:07:34.232+0000] {processor.py:836} INFO - DAG(s) dict_keys(['example_skip_dag']) retrieved from /home/airflow/.local/lib/python3.7/site-packages/airflow/example_dags/example_skip_dag.py
[2023-06-09T06:07:34.264+0000] {logging_mixin.py:149} INFO - [2023-06-09T06:07:34.264+0000] {dag.py:2726} INFO - Sync 1 DAGs
[2023-06-09T06:07:34.296+0000] {logging_mixin.py:149} INFO - [2023-06-09T06:07:34.296+0000] {dag.py:3490} INFO - Setting next_dagrun for example_skip_dag to 2023-06-08T06:07:34.295872+00:00, run_after=2023-06-09T06:07:34.295872+00:00
[2023-06-09T06:07:34.318+0000] {processor.py:179} INFO - Processing /home/airflow/.local/lib/python3.7/site-packages/airflow/example_dags/example_skip_dag.py took 0.106 seconds
[2023-06-09T06:08:04.567+0000] {processor.py:157} INFO - Started process (PID=1174) to work on /home/airflow/.local/lib/python3.7/site-packages/airflow/example_dags/example_skip_dag.py
[2023-06-09T06:08:04.574+0000] {processor.py:826} INFO - Processing file /home/airflow/.local/lib/python3.7/site-packages/airflow/example_dags/example_skip_dag.py for tasks to queue
[2023-06-09T06:08:04.574+0000] {logging_mixin.py:149} INFO - [2023-06-09T06:08:04.574+0000] {dagbag.py:541} INFO - Filling up the DagBag from /home/airflow/.local/lib/python3.7/site-packages/airflow/example_dags/example_skip_dag.py
[2023-06-09T06:08:04.591+0000] {processor.py:836} INFO - DAG(s) dict_keys(['example_skip_dag']) retrieved from /home/airflow/.local/lib/python3.7/site-packages/airflow/example_dags/example_skip_dag.py
[2023-06-09T06:08:04.641+0000] {logging_mixin.py:149} INFO - [2023-06-09T06:08:04.641+0000] {dag.py:2726} INFO - Sync 1 DAGs
[2023-06-09T06:08:04.724+0000] {logging_mixin.py:149} INFO - [2023-06-09T06:08:04.723+0000] {dag.py:3490} INFO - Setting next_dagrun for example_skip_dag to 2023-06-08T06:08:04.723511+00:00, run_after=2023-06-09T06:08:04.723511+00:00
[2023-06-09T06:08:04.767+0000] {processor.py:179} INFO - Processing /home/airflow/.local/lib/python3.7/site-packages/airflow/example_dags/example_skip_dag.py took 0.204 seconds
[2023-06-09T06:08:34.811+0000] {processor.py:157} INFO - Started process (PID=1228) to work on /home/airflow/.local/lib/python3.7/site-packages/airflow/example_dags/example_skip_dag.py
[2023-06-09T06:08:34.812+0000] {processor.py:826} INFO - Processing file /home/airflow/.local/lib/python3.7/site-packages/airflow/example_dags/example_skip_dag.py for tasks to queue
[2023-06-09T06:08:34.813+0000] {logging_mixin.py:149} INFO - [2023-06-09T06:08:34.813+0000] {dagbag.py:541} INFO - Filling up the DagBag from /home/airflow/.local/lib/python3.7/site-packages/airflow/example_dags/example_skip_dag.py
[2023-06-09T06:08:34.821+0000] {processor.py:836} INFO - DAG(s) dict_keys(['example_skip_dag']) retrieved from /home/airflow/.local/lib/python3.7/site-packages/airflow/example_dags/example_skip_dag.py
[2023-06-09T06:08:34.855+0000] {logging_mixin.py:149} INFO - [2023-06-09T06:08:34.854+0000] {dag.py:2726} INFO - Sync 1 DAGs
[2023-06-09T06:08:34.889+0000] {logging_mixin.py:149} INFO - [2023-06-09T06:08:34.889+0000] {dag.py:3490} INFO - Setting next_dagrun for example_skip_dag to 2023-06-08T06:08:34.888741+00:00, run_after=2023-06-09T06:08:34.888741+00:00
[2023-06-09T06:08:34.912+0000] {processor.py:179} INFO - Processing /home/airflow/.local/lib/python3.7/site-packages/airflow/example_dags/example_skip_dag.py took 0.105 seconds
[2023-06-09T06:09:05.133+0000] {processor.py:157} INFO - Started process (PID=1281) to work on /home/airflow/.local/lib/python3.7/site-packages/airflow/example_dags/example_skip_dag.py
[2023-06-09T06:09:05.135+0000] {processor.py:826} INFO - Processing file /home/airflow/.local/lib/python3.7/site-packages/airflow/example_dags/example_skip_dag.py for tasks to queue
[2023-06-09T06:09:05.135+0000] {logging_mixin.py:149} INFO - [2023-06-09T06:09:05.135+0000] {dagbag.py:541} INFO - Filling up the DagBag from /home/airflow/.local/lib/python3.7/site-packages/airflow/example_dags/example_skip_dag.py
[2023-06-09T06:09:05.144+0000] {processor.py:836} INFO - DAG(s) dict_keys(['example_skip_dag']) retrieved from /home/airflow/.local/lib/python3.7/site-packages/airflow/example_dags/example_skip_dag.py
[2023-06-09T06:09:05.177+0000] {logging_mixin.py:149} INFO - [2023-06-09T06:09:05.177+0000] {dag.py:2726} INFO - Sync 1 DAGs
[2023-06-09T06:09:05.217+0000] {logging_mixin.py:149} INFO - [2023-06-09T06:09:05.217+0000] {dag.py:3490} INFO - Setting next_dagrun for example_skip_dag to 2023-06-08T06:09:05.211814+00:00, run_after=2023-06-09T06:09:05.211814+00:00
[2023-06-09T06:09:05.241+0000] {processor.py:179} INFO - Processing /home/airflow/.local/lib/python3.7/site-packages/airflow/example_dags/example_skip_dag.py took 0.112 seconds
[2023-06-09T06:09:35.564+0000] {processor.py:157} INFO - Started process (PID=1336) to work on /home/airflow/.local/lib/python3.7/site-packages/airflow/example_dags/example_skip_dag.py
[2023-06-09T06:09:35.565+0000] {processor.py:826} INFO - Processing file /home/airflow/.local/lib/python3.7/site-packages/airflow/example_dags/example_skip_dag.py for tasks to queue
[2023-06-09T06:09:35.566+0000] {logging_mixin.py:149} INFO - [2023-06-09T06:09:35.565+0000] {dagbag.py:541} INFO - Filling up the DagBag from /home/airflow/.local/lib/python3.7/site-packages/airflow/example_dags/example_skip_dag.py
[2023-06-09T06:09:35.574+0000] {processor.py:836} INFO - DAG(s) dict_keys(['example_skip_dag']) retrieved from /home/airflow/.local/lib/python3.7/site-packages/airflow/example_dags/example_skip_dag.py
[2023-06-09T06:09:35.607+0000] {logging_mixin.py:149} INFO - [2023-06-09T06:09:35.606+0000] {dag.py:2726} INFO - Sync 1 DAGs
[2023-06-09T06:09:35.640+0000] {logging_mixin.py:149} INFO - [2023-06-09T06:09:35.640+0000] {dag.py:3490} INFO - Setting next_dagrun for example_skip_dag to 2023-06-08T06:09:35.640324+00:00, run_after=2023-06-09T06:09:35.640324+00:00
[2023-06-09T06:09:35.664+0000] {processor.py:179} INFO - Processing /home/airflow/.local/lib/python3.7/site-packages/airflow/example_dags/example_skip_dag.py took 0.104 seconds
[2023-06-09T06:10:05.817+0000] {processor.py:157} INFO - Started process (PID=1390) to work on /home/airflow/.local/lib/python3.7/site-packages/airflow/example_dags/example_skip_dag.py
[2023-06-09T06:10:05.819+0000] {processor.py:826} INFO - Processing file /home/airflow/.local/lib/python3.7/site-packages/airflow/example_dags/example_skip_dag.py for tasks to queue
[2023-06-09T06:10:05.820+0000] {logging_mixin.py:149} INFO - [2023-06-09T06:10:05.819+0000] {dagbag.py:541} INFO - Filling up the DagBag from /home/airflow/.local/lib/python3.7/site-packages/airflow/example_dags/example_skip_dag.py
[2023-06-09T06:10:05.828+0000] {processor.py:836} INFO - DAG(s) dict_keys(['example_skip_dag']) retrieved from /home/airflow/.local/lib/python3.7/site-packages/airflow/example_dags/example_skip_dag.py
[2023-06-09T06:10:05.862+0000] {logging_mixin.py:149} INFO - [2023-06-09T06:10:05.862+0000] {dag.py:2726} INFO - Sync 1 DAGs
[2023-06-09T06:10:05.897+0000] {logging_mixin.py:149} INFO - [2023-06-09T06:10:05.896+0000] {dag.py:3490} INFO - Setting next_dagrun for example_skip_dag to 2023-06-08T06:10:05.896493+00:00, run_after=2023-06-09T06:10:05.896493+00:00
[2023-06-09T06:10:05.920+0000] {processor.py:179} INFO - Processing /home/airflow/.local/lib/python3.7/site-packages/airflow/example_dags/example_skip_dag.py took 0.107 seconds
[2023-06-09T06:10:36.417+0000] {processor.py:157} INFO - Started process (PID=1443) to work on /home/airflow/.local/lib/python3.7/site-packages/airflow/example_dags/example_skip_dag.py
[2023-06-09T06:10:36.418+0000] {processor.py:826} INFO - Processing file /home/airflow/.local/lib/python3.7/site-packages/airflow/example_dags/example_skip_dag.py for tasks to queue
[2023-06-09T06:10:36.419+0000] {logging_mixin.py:149} INFO - [2023-06-09T06:10:36.419+0000] {dagbag.py:541} INFO - Filling up the DagBag from /home/airflow/.local/lib/python3.7/site-packages/airflow/example_dags/example_skip_dag.py
[2023-06-09T06:10:36.429+0000] {processor.py:836} INFO - DAG(s) dict_keys(['example_skip_dag']) retrieved from /home/airflow/.local/lib/python3.7/site-packages/airflow/example_dags/example_skip_dag.py
[2023-06-09T06:10:36.473+0000] {logging_mixin.py:149} INFO - [2023-06-09T06:10:36.472+0000] {dag.py:2726} INFO - Sync 1 DAGs
[2023-06-09T06:10:36.509+0000] {logging_mixin.py:149} INFO - [2023-06-09T06:10:36.509+0000] {dag.py:3490} INFO - Setting next_dagrun for example_skip_dag to 2023-06-08T06:10:36.509259+00:00, run_after=2023-06-09T06:10:36.509259+00:00
[2023-06-09T06:10:36.536+0000] {processor.py:179} INFO - Processing /home/airflow/.local/lib/python3.7/site-packages/airflow/example_dags/example_skip_dag.py took 0.123 seconds
[2023-06-09T06:11:06.753+0000] {processor.py:157} INFO - Started process (PID=1496) to work on /home/airflow/.local/lib/python3.7/site-packages/airflow/example_dags/example_skip_dag.py
[2023-06-09T06:11:06.754+0000] {processor.py:826} INFO - Processing file /home/airflow/.local/lib/python3.7/site-packages/airflow/example_dags/example_skip_dag.py for tasks to queue
[2023-06-09T06:11:06.755+0000] {logging_mixin.py:149} INFO - [2023-06-09T06:11:06.755+0000] {dagbag.py:541} INFO - Filling up the DagBag from /home/airflow/.local/lib/python3.7/site-packages/airflow/example_dags/example_skip_dag.py
[2023-06-09T06:11:06.763+0000] {processor.py:836} INFO - DAG(s) dict_keys(['example_skip_dag']) retrieved from /home/airflow/.local/lib/python3.7/site-packages/airflow/example_dags/example_skip_dag.py
[2023-06-09T06:11:06.795+0000] {logging_mixin.py:149} INFO - [2023-06-09T06:11:06.794+0000] {dag.py:2726} INFO - Sync 1 DAGs
[2023-06-09T06:11:06.828+0000] {logging_mixin.py:149} INFO - [2023-06-09T06:11:06.828+0000] {dag.py:3490} INFO - Setting next_dagrun for example_skip_dag to 2023-06-08T06:11:06.827867+00:00, run_after=2023-06-09T06:11:06.827867+00:00
[2023-06-09T06:11:06.856+0000] {processor.py:179} INFO - Processing /home/airflow/.local/lib/python3.7/site-packages/airflow/example_dags/example_skip_dag.py took 0.107 seconds
[2023-06-09T06:11:37.381+0000] {processor.py:157} INFO - Started process (PID=1550) to work on /home/airflow/.local/lib/python3.7/site-packages/airflow/example_dags/example_skip_dag.py
[2023-06-09T06:11:37.382+0000] {processor.py:826} INFO - Processing file /home/airflow/.local/lib/python3.7/site-packages/airflow/example_dags/example_skip_dag.py for tasks to queue
[2023-06-09T06:11:37.383+0000] {logging_mixin.py:149} INFO - [2023-06-09T06:11:37.382+0000] {dagbag.py:541} INFO - Filling up the DagBag from /home/airflow/.local/lib/python3.7/site-packages/airflow/example_dags/example_skip_dag.py
[2023-06-09T06:11:37.392+0000] {processor.py:836} INFO - DAG(s) dict_keys(['example_skip_dag']) retrieved from /home/airflow/.local/lib/python3.7/site-packages/airflow/example_dags/example_skip_dag.py
[2023-06-09T06:11:37.432+0000] {logging_mixin.py:149} INFO - [2023-06-09T06:11:37.432+0000] {dag.py:2726} INFO - Sync 1 DAGs
[2023-06-09T06:11:37.473+0000] {logging_mixin.py:149} INFO - [2023-06-09T06:11:37.473+0000] {dag.py:3490} INFO - Setting next_dagrun for example_skip_dag to 2023-06-08T06:11:37.472881+00:00, run_after=2023-06-09T06:11:37.472881+00:00
[2023-06-09T06:11:37.497+0000] {processor.py:179} INFO - Processing /home/airflow/.local/lib/python3.7/site-packages/airflow/example_dags/example_skip_dag.py took 0.120 seconds
[2023-06-09T06:12:07.664+0000] {processor.py:157} INFO - Started process (PID=1605) to work on /home/airflow/.local/lib/python3.7/site-packages/airflow/example_dags/example_skip_dag.py
[2023-06-09T06:12:07.666+0000] {processor.py:826} INFO - Processing file /home/airflow/.local/lib/python3.7/site-packages/airflow/example_dags/example_skip_dag.py for tasks to queue
[2023-06-09T06:12:07.666+0000] {logging_mixin.py:149} INFO - [2023-06-09T06:12:07.666+0000] {dagbag.py:541} INFO - Filling up the DagBag from /home/airflow/.local/lib/python3.7/site-packages/airflow/example_dags/example_skip_dag.py
[2023-06-09T06:12:07.676+0000] {processor.py:836} INFO - DAG(s) dict_keys(['example_skip_dag']) retrieved from /home/airflow/.local/lib/python3.7/site-packages/airflow/example_dags/example_skip_dag.py
[2023-06-09T06:12:07.708+0000] {logging_mixin.py:149} INFO - [2023-06-09T06:12:07.708+0000] {dag.py:2726} INFO - Sync 1 DAGs
[2023-06-09T06:12:07.742+0000] {logging_mixin.py:149} INFO - [2023-06-09T06:12:07.742+0000] {dag.py:3490} INFO - Setting next_dagrun for example_skip_dag to 2023-06-08T06:12:07.742261+00:00, run_after=2023-06-09T06:12:07.742261+00:00
[2023-06-09T06:12:07.776+0000] {processor.py:179} INFO - Processing /home/airflow/.local/lib/python3.7/site-packages/airflow/example_dags/example_skip_dag.py took 0.115 seconds
[2023-06-09T06:12:38.389+0000] {processor.py:157} INFO - Started process (PID=1659) to work on /home/airflow/.local/lib/python3.7/site-packages/airflow/example_dags/example_skip_dag.py
[2023-06-09T06:12:38.398+0000] {processor.py:826} INFO - Processing file /home/airflow/.local/lib/python3.7/site-packages/airflow/example_dags/example_skip_dag.py for tasks to queue
[2023-06-09T06:12:38.399+0000] {logging_mixin.py:149} INFO - [2023-06-09T06:12:38.399+0000] {dagbag.py:541} INFO - Filling up the DagBag from /home/airflow/.local/lib/python3.7/site-packages/airflow/example_dags/example_skip_dag.py
[2023-06-09T06:12:38.415+0000] {processor.py:836} INFO - DAG(s) dict_keys(['example_skip_dag']) retrieved from /home/airflow/.local/lib/python3.7/site-packages/airflow/example_dags/example_skip_dag.py
[2023-06-09T06:12:38.473+0000] {logging_mixin.py:149} INFO - [2023-06-09T06:12:38.473+0000] {dag.py:2726} INFO - Sync 1 DAGs
[2023-06-09T06:12:38.563+0000] {logging_mixin.py:149} INFO - [2023-06-09T06:12:38.563+0000] {dag.py:3490} INFO - Setting next_dagrun for example_skip_dag to 2023-06-08T06:12:38.563395+00:00, run_after=2023-06-09T06:12:38.563395+00:00
[2023-06-09T06:12:38.595+0000] {processor.py:179} INFO - Processing /home/airflow/.local/lib/python3.7/site-packages/airflow/example_dags/example_skip_dag.py took 0.210 seconds
[2023-06-09T06:13:08.657+0000] {processor.py:157} INFO - Started process (PID=1713) to work on /home/airflow/.local/lib/python3.7/site-packages/airflow/example_dags/example_skip_dag.py
[2023-06-09T06:13:08.658+0000] {processor.py:826} INFO - Processing file /home/airflow/.local/lib/python3.7/site-packages/airflow/example_dags/example_skip_dag.py for tasks to queue
[2023-06-09T06:13:08.659+0000] {logging_mixin.py:149} INFO - [2023-06-09T06:13:08.659+0000] {dagbag.py:541} INFO - Filling up the DagBag from /home/airflow/.local/lib/python3.7/site-packages/airflow/example_dags/example_skip_dag.py
[2023-06-09T06:13:08.668+0000] {processor.py:836} INFO - DAG(s) dict_keys(['example_skip_dag']) retrieved from /home/airflow/.local/lib/python3.7/site-packages/airflow/example_dags/example_skip_dag.py
[2023-06-09T06:13:08.701+0000] {logging_mixin.py:149} INFO - [2023-06-09T06:13:08.701+0000] {dag.py:2726} INFO - Sync 1 DAGs
[2023-06-09T06:13:08.734+0000] {logging_mixin.py:149} INFO - [2023-06-09T06:13:08.734+0000] {dag.py:3490} INFO - Setting next_dagrun for example_skip_dag to 2023-06-08T06:13:08.734007+00:00, run_after=2023-06-09T06:13:08.734007+00:00
[2023-06-09T06:13:08.757+0000] {processor.py:179} INFO - Processing /home/airflow/.local/lib/python3.7/site-packages/airflow/example_dags/example_skip_dag.py took 0.104 seconds
[2023-06-09T06:13:39.034+0000] {processor.py:157} INFO - Started process (PID=1767) to work on /home/airflow/.local/lib/python3.7/site-packages/airflow/example_dags/example_skip_dag.py
[2023-06-09T06:13:39.035+0000] {processor.py:826} INFO - Processing file /home/airflow/.local/lib/python3.7/site-packages/airflow/example_dags/example_skip_dag.py for tasks to queue
[2023-06-09T06:13:39.036+0000] {logging_mixin.py:149} INFO - [2023-06-09T06:13:39.036+0000] {dagbag.py:541} INFO - Filling up the DagBag from /home/airflow/.local/lib/python3.7/site-packages/airflow/example_dags/example_skip_dag.py
[2023-06-09T06:13:39.045+0000] {processor.py:836} INFO - DAG(s) dict_keys(['example_skip_dag']) retrieved from /home/airflow/.local/lib/python3.7/site-packages/airflow/example_dags/example_skip_dag.py
[2023-06-09T06:13:39.077+0000] {logging_mixin.py:149} INFO - [2023-06-09T06:13:39.077+0000] {dag.py:2726} INFO - Sync 1 DAGs
[2023-06-09T06:13:39.111+0000] {logging_mixin.py:149} INFO - [2023-06-09T06:13:39.111+0000] {dag.py:3490} INFO - Setting next_dagrun for example_skip_dag to 2023-06-08T06:13:39.111056+00:00, run_after=2023-06-09T06:13:39.111056+00:00
[2023-06-09T06:13:39.136+0000] {processor.py:179} INFO - Processing /home/airflow/.local/lib/python3.7/site-packages/airflow/example_dags/example_skip_dag.py took 0.106 seconds
[2023-06-09T06:14:09.612+0000] {processor.py:157} INFO - Started process (PID=1820) to work on /home/airflow/.local/lib/python3.7/site-packages/airflow/example_dags/example_skip_dag.py
[2023-06-09T06:14:09.621+0000] {processor.py:826} INFO - Processing file /home/airflow/.local/lib/python3.7/site-packages/airflow/example_dags/example_skip_dag.py for tasks to queue
[2023-06-09T06:14:09.622+0000] {logging_mixin.py:149} INFO - [2023-06-09T06:14:09.621+0000] {dagbag.py:541} INFO - Filling up the DagBag from /home/airflow/.local/lib/python3.7/site-packages/airflow/example_dags/example_skip_dag.py
[2023-06-09T06:14:09.630+0000] {processor.py:836} INFO - DAG(s) dict_keys(['example_skip_dag']) retrieved from /home/airflow/.local/lib/python3.7/site-packages/airflow/example_dags/example_skip_dag.py
[2023-06-09T06:14:09.700+0000] {logging_mixin.py:149} INFO - [2023-06-09T06:14:09.699+0000] {dag.py:2726} INFO - Sync 1 DAGs
[2023-06-09T06:14:09.765+0000] {logging_mixin.py:149} INFO - [2023-06-09T06:14:09.764+0000] {dag.py:3490} INFO - Setting next_dagrun for example_skip_dag to 2023-06-08T06:14:09.764506+00:00, run_after=2023-06-09T06:14:09.764506+00:00
[2023-06-09T06:14:09.805+0000] {processor.py:179} INFO - Processing /home/airflow/.local/lib/python3.7/site-packages/airflow/example_dags/example_skip_dag.py took 0.196 seconds
[2023-06-09T06:14:40.141+0000] {processor.py:157} INFO - Started process (PID=1874) to work on /home/airflow/.local/lib/python3.7/site-packages/airflow/example_dags/example_skip_dag.py
[2023-06-09T06:14:40.142+0000] {processor.py:826} INFO - Processing file /home/airflow/.local/lib/python3.7/site-packages/airflow/example_dags/example_skip_dag.py for tasks to queue
[2023-06-09T06:14:40.142+0000] {logging_mixin.py:149} INFO - [2023-06-09T06:14:40.142+0000] {dagbag.py:541} INFO - Filling up the DagBag from /home/airflow/.local/lib/python3.7/site-packages/airflow/example_dags/example_skip_dag.py
[2023-06-09T06:14:40.151+0000] {processor.py:836} INFO - DAG(s) dict_keys(['example_skip_dag']) retrieved from /home/airflow/.local/lib/python3.7/site-packages/airflow/example_dags/example_skip_dag.py
[2023-06-09T06:14:40.186+0000] {logging_mixin.py:149} INFO - [2023-06-09T06:14:40.185+0000] {dag.py:2726} INFO - Sync 1 DAGs
[2023-06-09T06:14:40.228+0000] {logging_mixin.py:149} INFO - [2023-06-09T06:14:40.228+0000] {dag.py:3490} INFO - Setting next_dagrun for example_skip_dag to 2023-06-08T06:14:40.228160+00:00, run_after=2023-06-09T06:14:40.228160+00:00
[2023-06-09T06:14:40.252+0000] {processor.py:179} INFO - Processing /home/airflow/.local/lib/python3.7/site-packages/airflow/example_dags/example_skip_dag.py took 0.116 seconds
[2023-06-09T06:15:10.607+0000] {processor.py:157} INFO - Started process (PID=1928) to work on /home/airflow/.local/lib/python3.7/site-packages/airflow/example_dags/example_skip_dag.py
[2023-06-09T06:15:10.609+0000] {processor.py:826} INFO - Processing file /home/airflow/.local/lib/python3.7/site-packages/airflow/example_dags/example_skip_dag.py for tasks to queue
[2023-06-09T06:15:10.609+0000] {logging_mixin.py:149} INFO - [2023-06-09T06:15:10.609+0000] {dagbag.py:541} INFO - Filling up the DagBag from /home/airflow/.local/lib/python3.7/site-packages/airflow/example_dags/example_skip_dag.py
[2023-06-09T06:15:10.620+0000] {processor.py:836} INFO - DAG(s) dict_keys(['example_skip_dag']) retrieved from /home/airflow/.local/lib/python3.7/site-packages/airflow/example_dags/example_skip_dag.py
[2023-06-09T06:15:10.652+0000] {logging_mixin.py:149} INFO - [2023-06-09T06:15:10.651+0000] {dag.py:2726} INFO - Sync 1 DAGs
[2023-06-09T06:15:10.685+0000] {logging_mixin.py:149} INFO - [2023-06-09T06:15:10.685+0000] {dag.py:3490} INFO - Setting next_dagrun for example_skip_dag to 2023-06-08T06:15:10.684868+00:00, run_after=2023-06-09T06:15:10.684868+00:00
[2023-06-09T06:15:10.724+0000] {processor.py:179} INFO - Processing /home/airflow/.local/lib/python3.7/site-packages/airflow/example_dags/example_skip_dag.py took 0.121 seconds
[2023-06-09T06:15:41.123+0000] {processor.py:157} INFO - Started process (PID=1981) to work on /home/airflow/.local/lib/python3.7/site-packages/airflow/example_dags/example_skip_dag.py
[2023-06-09T06:15:41.124+0000] {processor.py:826} INFO - Processing file /home/airflow/.local/lib/python3.7/site-packages/airflow/example_dags/example_skip_dag.py for tasks to queue
[2023-06-09T06:15:41.125+0000] {logging_mixin.py:149} INFO - [2023-06-09T06:15:41.125+0000] {dagbag.py:541} INFO - Filling up the DagBag from /home/airflow/.local/lib/python3.7/site-packages/airflow/example_dags/example_skip_dag.py
[2023-06-09T06:15:41.134+0000] {processor.py:836} INFO - DAG(s) dict_keys(['example_skip_dag']) retrieved from /home/airflow/.local/lib/python3.7/site-packages/airflow/example_dags/example_skip_dag.py
[2023-06-09T06:15:41.167+0000] {logging_mixin.py:149} INFO - [2023-06-09T06:15:41.167+0000] {dag.py:2726} INFO - Sync 1 DAGs
[2023-06-09T06:15:41.201+0000] {logging_mixin.py:149} INFO - [2023-06-09T06:15:41.201+0000] {dag.py:3490} INFO - Setting next_dagrun for example_skip_dag to 2023-06-08T06:15:41.201053+00:00, run_after=2023-06-09T06:15:41.201053+00:00
[2023-06-09T06:15:41.229+0000] {processor.py:179} INFO - Processing /home/airflow/.local/lib/python3.7/site-packages/airflow/example_dags/example_skip_dag.py took 0.109 seconds
[2023-06-09T06:16:11.261+0000] {processor.py:157} INFO - Started process (PID=2035) to work on /home/airflow/.local/lib/python3.7/site-packages/airflow/example_dags/example_skip_dag.py
[2023-06-09T06:16:11.263+0000] {processor.py:826} INFO - Processing file /home/airflow/.local/lib/python3.7/site-packages/airflow/example_dags/example_skip_dag.py for tasks to queue
[2023-06-09T06:16:11.263+0000] {logging_mixin.py:149} INFO - [2023-06-09T06:16:11.263+0000] {dagbag.py:541} INFO - Filling up the DagBag from /home/airflow/.local/lib/python3.7/site-packages/airflow/example_dags/example_skip_dag.py
[2023-06-09T06:16:11.272+0000] {processor.py:836} INFO - DAG(s) dict_keys(['example_skip_dag']) retrieved from /home/airflow/.local/lib/python3.7/site-packages/airflow/example_dags/example_skip_dag.py
[2023-06-09T06:16:11.304+0000] {logging_mixin.py:149} INFO - [2023-06-09T06:16:11.304+0000] {dag.py:2726} INFO - Sync 1 DAGs
[2023-06-09T06:16:11.338+0000] {logging_mixin.py:149} INFO - [2023-06-09T06:16:11.338+0000] {dag.py:3490} INFO - Setting next_dagrun for example_skip_dag to 2023-06-08T06:16:11.338004+00:00, run_after=2023-06-09T06:16:11.338004+00:00
[2023-06-09T06:16:11.361+0000] {processor.py:179} INFO - Processing /home/airflow/.local/lib/python3.7/site-packages/airflow/example_dags/example_skip_dag.py took 0.103 seconds
[2023-06-09T06:16:41.900+0000] {processor.py:157} INFO - Started process (PID=2089) to work on /home/airflow/.local/lib/python3.7/site-packages/airflow/example_dags/example_skip_dag.py
[2023-06-09T06:16:41.901+0000] {processor.py:826} INFO - Processing file /home/airflow/.local/lib/python3.7/site-packages/airflow/example_dags/example_skip_dag.py for tasks to queue
[2023-06-09T06:16:41.902+0000] {logging_mixin.py:149} INFO - [2023-06-09T06:16:41.902+0000] {dagbag.py:541} INFO - Filling up the DagBag from /home/airflow/.local/lib/python3.7/site-packages/airflow/example_dags/example_skip_dag.py
[2023-06-09T06:16:41.911+0000] {processor.py:836} INFO - DAG(s) dict_keys(['example_skip_dag']) retrieved from /home/airflow/.local/lib/python3.7/site-packages/airflow/example_dags/example_skip_dag.py
[2023-06-09T06:16:41.943+0000] {logging_mixin.py:149} INFO - [2023-06-09T06:16:41.943+0000] {dag.py:2726} INFO - Sync 1 DAGs
[2023-06-09T06:16:41.978+0000] {logging_mixin.py:149} INFO - [2023-06-09T06:16:41.977+0000] {dag.py:3490} INFO - Setting next_dagrun for example_skip_dag to 2023-06-08T06:16:41.977513+00:00, run_after=2023-06-09T06:16:41.977513+00:00
[2023-06-09T06:16:42.002+0000] {processor.py:179} INFO - Processing /home/airflow/.local/lib/python3.7/site-packages/airflow/example_dags/example_skip_dag.py took 0.105 seconds
[2023-06-09T06:17:12.409+0000] {processor.py:157} INFO - Started process (PID=2143) to work on /home/airflow/.local/lib/python3.7/site-packages/airflow/example_dags/example_skip_dag.py
[2023-06-09T06:17:12.411+0000] {processor.py:826} INFO - Processing file /home/airflow/.local/lib/python3.7/site-packages/airflow/example_dags/example_skip_dag.py for tasks to queue
[2023-06-09T06:17:12.419+0000] {logging_mixin.py:149} INFO - [2023-06-09T06:17:12.418+0000] {dagbag.py:541} INFO - Filling up the DagBag from /home/airflow/.local/lib/python3.7/site-packages/airflow/example_dags/example_skip_dag.py
[2023-06-09T06:17:12.427+0000] {processor.py:836} INFO - DAG(s) dict_keys(['example_skip_dag']) retrieved from /home/airflow/.local/lib/python3.7/site-packages/airflow/example_dags/example_skip_dag.py
[2023-06-09T06:17:12.461+0000] {logging_mixin.py:149} INFO - [2023-06-09T06:17:12.461+0000] {dag.py:2726} INFO - Sync 1 DAGs
[2023-06-09T06:17:12.495+0000] {logging_mixin.py:149} INFO - [2023-06-09T06:17:12.495+0000] {dag.py:3490} INFO - Setting next_dagrun for example_skip_dag to 2023-06-08T06:17:12.494840+00:00, run_after=2023-06-09T06:17:12.494840+00:00
[2023-06-09T06:17:12.519+0000] {processor.py:179} INFO - Processing /home/airflow/.local/lib/python3.7/site-packages/airflow/example_dags/example_skip_dag.py took 0.122 seconds
[2023-06-09T06:17:42.828+0000] {processor.py:157} INFO - Started process (PID=2197) to work on /home/airflow/.local/lib/python3.7/site-packages/airflow/example_dags/example_skip_dag.py
[2023-06-09T06:17:42.829+0000] {processor.py:826} INFO - Processing file /home/airflow/.local/lib/python3.7/site-packages/airflow/example_dags/example_skip_dag.py for tasks to queue
[2023-06-09T06:17:42.830+0000] {logging_mixin.py:149} INFO - [2023-06-09T06:17:42.830+0000] {dagbag.py:541} INFO - Filling up the DagBag from /home/airflow/.local/lib/python3.7/site-packages/airflow/example_dags/example_skip_dag.py
[2023-06-09T06:17:42.839+0000] {processor.py:836} INFO - DAG(s) dict_keys(['example_skip_dag']) retrieved from /home/airflow/.local/lib/python3.7/site-packages/airflow/example_dags/example_skip_dag.py
[2023-06-09T06:17:42.871+0000] {logging_mixin.py:149} INFO - [2023-06-09T06:17:42.871+0000] {dag.py:2726} INFO - Sync 1 DAGs
[2023-06-09T06:17:42.904+0000] {logging_mixin.py:149} INFO - [2023-06-09T06:17:42.904+0000] {dag.py:3490} INFO - Setting next_dagrun for example_skip_dag to 2023-06-08T06:17:42.903852+00:00, run_after=2023-06-09T06:17:42.903852+00:00
[2023-06-09T06:17:42.927+0000] {processor.py:179} INFO - Processing /home/airflow/.local/lib/python3.7/site-packages/airflow/example_dags/example_skip_dag.py took 0.103 seconds
[2023-06-09T06:18:13.201+0000] {processor.py:157} INFO - Started process (PID=2248) to work on /home/airflow/.local/lib/python3.7/site-packages/airflow/example_dags/example_skip_dag.py
[2023-06-09T06:18:13.203+0000] {processor.py:826} INFO - Processing file /home/airflow/.local/lib/python3.7/site-packages/airflow/example_dags/example_skip_dag.py for tasks to queue
[2023-06-09T06:18:13.204+0000] {logging_mixin.py:149} INFO - [2023-06-09T06:18:13.204+0000] {dagbag.py:541} INFO - Filling up the DagBag from /home/airflow/.local/lib/python3.7/site-packages/airflow/example_dags/example_skip_dag.py
[2023-06-09T06:18:13.214+0000] {processor.py:836} INFO - DAG(s) dict_keys(['example_skip_dag']) retrieved from /home/airflow/.local/lib/python3.7/site-packages/airflow/example_dags/example_skip_dag.py
[2023-06-09T06:18:13.253+0000] {logging_mixin.py:149} INFO - [2023-06-09T06:18:13.253+0000] {dag.py:2726} INFO - Sync 1 DAGs
[2023-06-09T06:18:13.290+0000] {logging_mixin.py:149} INFO - [2023-06-09T06:18:13.289+0000] {dag.py:3490} INFO - Setting next_dagrun for example_skip_dag to 2023-06-08T06:18:13.289576+00:00, run_after=2023-06-09T06:18:13.289576+00:00
[2023-06-09T06:18:13.329+0000] {processor.py:179} INFO - Processing /home/airflow/.local/lib/python3.7/site-packages/airflow/example_dags/example_skip_dag.py took 0.132 seconds
[2023-06-09T06:18:44.206+0000] {processor.py:157} INFO - Started process (PID=2302) to work on /home/airflow/.local/lib/python3.7/site-packages/airflow/example_dags/example_skip_dag.py
[2023-06-09T06:18:44.217+0000] {processor.py:826} INFO - Processing file /home/airflow/.local/lib/python3.7/site-packages/airflow/example_dags/example_skip_dag.py for tasks to queue
[2023-06-09T06:18:44.218+0000] {logging_mixin.py:149} INFO - [2023-06-09T06:18:44.218+0000] {dagbag.py:541} INFO - Filling up the DagBag from /home/airflow/.local/lib/python3.7/site-packages/airflow/example_dags/example_skip_dag.py
[2023-06-09T06:18:44.228+0000] {processor.py:836} INFO - DAG(s) dict_keys(['example_skip_dag']) retrieved from /home/airflow/.local/lib/python3.7/site-packages/airflow/example_dags/example_skip_dag.py
[2023-06-09T06:18:44.260+0000] {logging_mixin.py:149} INFO - [2023-06-09T06:18:44.260+0000] {dag.py:2726} INFO - Sync 1 DAGs
[2023-06-09T06:18:44.294+0000] {logging_mixin.py:149} INFO - [2023-06-09T06:18:44.294+0000] {dag.py:3490} INFO - Setting next_dagrun for example_skip_dag to 2023-06-08T06:18:44.294102+00:00, run_after=2023-06-09T06:18:44.294102+00:00
[2023-06-09T06:18:44.322+0000] {processor.py:179} INFO - Processing /home/airflow/.local/lib/python3.7/site-packages/airflow/example_dags/example_skip_dag.py took 0.121 seconds
[2023-06-09T06:19:14.710+0000] {processor.py:157} INFO - Started process (PID=2356) to work on /home/airflow/.local/lib/python3.7/site-packages/airflow/example_dags/example_skip_dag.py
[2023-06-09T06:19:14.711+0000] {processor.py:826} INFO - Processing file /home/airflow/.local/lib/python3.7/site-packages/airflow/example_dags/example_skip_dag.py for tasks to queue
[2023-06-09T06:19:14.712+0000] {logging_mixin.py:149} INFO - [2023-06-09T06:19:14.712+0000] {dagbag.py:541} INFO - Filling up the DagBag from /home/airflow/.local/lib/python3.7/site-packages/airflow/example_dags/example_skip_dag.py
[2023-06-09T06:19:14.721+0000] {processor.py:836} INFO - DAG(s) dict_keys(['example_skip_dag']) retrieved from /home/airflow/.local/lib/python3.7/site-packages/airflow/example_dags/example_skip_dag.py
[2023-06-09T06:19:14.753+0000] {logging_mixin.py:149} INFO - [2023-06-09T06:19:14.752+0000] {dag.py:2726} INFO - Sync 1 DAGs
[2023-06-09T06:19:14.786+0000] {logging_mixin.py:149} INFO - [2023-06-09T06:19:14.786+0000] {dag.py:3490} INFO - Setting next_dagrun for example_skip_dag to 2023-06-08T06:19:14.786085+00:00, run_after=2023-06-09T06:19:14.786085+00:00
[2023-06-09T06:19:14.812+0000] {processor.py:179} INFO - Processing /home/airflow/.local/lib/python3.7/site-packages/airflow/example_dags/example_skip_dag.py took 0.106 seconds
[2023-06-09T06:19:45.500+0000] {processor.py:157} INFO - Started process (PID=2411) to work on /home/airflow/.local/lib/python3.7/site-packages/airflow/example_dags/example_skip_dag.py
[2023-06-09T06:19:45.501+0000] {processor.py:826} INFO - Processing file /home/airflow/.local/lib/python3.7/site-packages/airflow/example_dags/example_skip_dag.py for tasks to queue
[2023-06-09T06:19:45.502+0000] {logging_mixin.py:149} INFO - [2023-06-09T06:19:45.502+0000] {dagbag.py:541} INFO - Filling up the DagBag from /home/airflow/.local/lib/python3.7/site-packages/airflow/example_dags/example_skip_dag.py
[2023-06-09T06:19:45.511+0000] {processor.py:836} INFO - DAG(s) dict_keys(['example_skip_dag']) retrieved from /home/airflow/.local/lib/python3.7/site-packages/airflow/example_dags/example_skip_dag.py
[2023-06-09T06:19:45.542+0000] {logging_mixin.py:149} INFO - [2023-06-09T06:19:45.542+0000] {dag.py:2726} INFO - Sync 1 DAGs
[2023-06-09T06:19:45.575+0000] {logging_mixin.py:149} INFO - [2023-06-09T06:19:45.575+0000] {dag.py:3490} INFO - Setting next_dagrun for example_skip_dag to 2023-06-08T06:19:45.575119+00:00, run_after=2023-06-09T06:19:45.575119+00:00
[2023-06-09T06:19:45.598+0000] {processor.py:179} INFO - Processing /home/airflow/.local/lib/python3.7/site-packages/airflow/example_dags/example_skip_dag.py took 0.103 seconds
[2023-06-09T06:20:16.119+0000] {processor.py:157} INFO - Started process (PID=2465) to work on /home/airflow/.local/lib/python3.7/site-packages/airflow/example_dags/example_skip_dag.py
[2023-06-09T06:20:16.126+0000] {processor.py:826} INFO - Processing file /home/airflow/.local/lib/python3.7/site-packages/airflow/example_dags/example_skip_dag.py for tasks to queue
[2023-06-09T06:20:16.127+0000] {logging_mixin.py:149} INFO - [2023-06-09T06:20:16.127+0000] {dagbag.py:541} INFO - Filling up the DagBag from /home/airflow/.local/lib/python3.7/site-packages/airflow/example_dags/example_skip_dag.py
[2023-06-09T06:20:16.153+0000] {processor.py:836} INFO - DAG(s) dict_keys(['example_skip_dag']) retrieved from /home/airflow/.local/lib/python3.7/site-packages/airflow/example_dags/example_skip_dag.py
[2023-06-09T06:20:16.228+0000] {logging_mixin.py:149} INFO - [2023-06-09T06:20:16.228+0000] {dag.py:2726} INFO - Sync 1 DAGs
[2023-06-09T06:20:16.297+0000] {logging_mixin.py:149} INFO - [2023-06-09T06:20:16.296+0000] {dag.py:3490} INFO - Setting next_dagrun for example_skip_dag to 2023-06-08T06:20:16.296580+00:00, run_after=2023-06-09T06:20:16.296580+00:00
[2023-06-09T06:20:16.357+0000] {processor.py:179} INFO - Processing /home/airflow/.local/lib/python3.7/site-packages/airflow/example_dags/example_skip_dag.py took 0.242 seconds
[2023-06-09T06:20:46.557+0000] {processor.py:157} INFO - Started process (PID=2519) to work on /home/airflow/.local/lib/python3.7/site-packages/airflow/example_dags/example_skip_dag.py
[2023-06-09T06:20:46.558+0000] {processor.py:826} INFO - Processing file /home/airflow/.local/lib/python3.7/site-packages/airflow/example_dags/example_skip_dag.py for tasks to queue
[2023-06-09T06:20:46.559+0000] {logging_mixin.py:149} INFO - [2023-06-09T06:20:46.559+0000] {dagbag.py:541} INFO - Filling up the DagBag from /home/airflow/.local/lib/python3.7/site-packages/airflow/example_dags/example_skip_dag.py
[2023-06-09T06:20:46.568+0000] {processor.py:836} INFO - DAG(s) dict_keys(['example_skip_dag']) retrieved from /home/airflow/.local/lib/python3.7/site-packages/airflow/example_dags/example_skip_dag.py
[2023-06-09T06:20:46.600+0000] {logging_mixin.py:149} INFO - [2023-06-09T06:20:46.600+0000] {dag.py:2726} INFO - Sync 1 DAGs
[2023-06-09T06:20:46.634+0000] {logging_mixin.py:149} INFO - [2023-06-09T06:20:46.634+0000] {dag.py:3490} INFO - Setting next_dagrun for example_skip_dag to 2023-06-08T06:20:46.633784+00:00, run_after=2023-06-09T06:20:46.633784+00:00
[2023-06-09T06:20:46.657+0000] {processor.py:179} INFO - Processing /home/airflow/.local/lib/python3.7/site-packages/airflow/example_dags/example_skip_dag.py took 0.104 seconds
[2023-06-09T06:21:16.726+0000] {processor.py:157} INFO - Started process (PID=2573) to work on /home/airflow/.local/lib/python3.7/site-packages/airflow/example_dags/example_skip_dag.py
[2023-06-09T06:21:16.728+0000] {processor.py:826} INFO - Processing file /home/airflow/.local/lib/python3.7/site-packages/airflow/example_dags/example_skip_dag.py for tasks to queue
[2023-06-09T06:21:16.728+0000] {logging_mixin.py:149} INFO - [2023-06-09T06:21:16.728+0000] {dagbag.py:541} INFO - Filling up the DagBag from /home/airflow/.local/lib/python3.7/site-packages/airflow/example_dags/example_skip_dag.py
[2023-06-09T06:21:16.737+0000] {processor.py:836} INFO - DAG(s) dict_keys(['example_skip_dag']) retrieved from /home/airflow/.local/lib/python3.7/site-packages/airflow/example_dags/example_skip_dag.py
[2023-06-09T06:21:16.768+0000] {logging_mixin.py:149} INFO - [2023-06-09T06:21:16.768+0000] {dag.py:2726} INFO - Sync 1 DAGs
[2023-06-09T06:21:16.801+0000] {logging_mixin.py:149} INFO - [2023-06-09T06:21:16.801+0000] {dag.py:3490} INFO - Setting next_dagrun for example_skip_dag to 2023-06-08T06:21:16.801298+00:00, run_after=2023-06-09T06:21:16.801298+00:00
[2023-06-09T06:21:16.825+0000] {processor.py:179} INFO - Processing /home/airflow/.local/lib/python3.7/site-packages/airflow/example_dags/example_skip_dag.py took 0.103 seconds
[2023-06-09T06:21:47.386+0000] {processor.py:157} INFO - Started process (PID=2627) to work on /home/airflow/.local/lib/python3.7/site-packages/airflow/example_dags/example_skip_dag.py
[2023-06-09T06:21:47.388+0000] {processor.py:826} INFO - Processing file /home/airflow/.local/lib/python3.7/site-packages/airflow/example_dags/example_skip_dag.py for tasks to queue
[2023-06-09T06:21:47.388+0000] {logging_mixin.py:149} INFO - [2023-06-09T06:21:47.388+0000] {dagbag.py:541} INFO - Filling up the DagBag from /home/airflow/.local/lib/python3.7/site-packages/airflow/example_dags/example_skip_dag.py
[2023-06-09T06:21:47.398+0000] {processor.py:836} INFO - DAG(s) dict_keys(['example_skip_dag']) retrieved from /home/airflow/.local/lib/python3.7/site-packages/airflow/example_dags/example_skip_dag.py
[2023-06-09T06:21:47.432+0000] {logging_mixin.py:149} INFO - [2023-06-09T06:21:47.432+0000] {dag.py:2726} INFO - Sync 1 DAGs
[2023-06-09T06:21:47.466+0000] {logging_mixin.py:149} INFO - [2023-06-09T06:21:47.466+0000] {dag.py:3490} INFO - Setting next_dagrun for example_skip_dag to 2023-06-08T06:21:47.466218+00:00, run_after=2023-06-09T06:21:47.466218+00:00
[2023-06-09T06:21:47.489+0000] {processor.py:179} INFO - Processing /home/airflow/.local/lib/python3.7/site-packages/airflow/example_dags/example_skip_dag.py took 0.107 seconds
[2023-06-09T06:22:18.067+0000] {processor.py:157} INFO - Started process (PID=2681) to work on /home/airflow/.local/lib/python3.7/site-packages/airflow/example_dags/example_skip_dag.py
[2023-06-09T06:22:18.068+0000] {processor.py:826} INFO - Processing file /home/airflow/.local/lib/python3.7/site-packages/airflow/example_dags/example_skip_dag.py for tasks to queue
[2023-06-09T06:22:18.069+0000] {logging_mixin.py:149} INFO - [2023-06-09T06:22:18.069+0000] {dagbag.py:541} INFO - Filling up the DagBag from /home/airflow/.local/lib/python3.7/site-packages/airflow/example_dags/example_skip_dag.py
[2023-06-09T06:22:18.089+0000] {processor.py:836} INFO - DAG(s) dict_keys(['example_skip_dag']) retrieved from /home/airflow/.local/lib/python3.7/site-packages/airflow/example_dags/example_skip_dag.py
[2023-06-09T06:22:18.171+0000] {logging_mixin.py:149} INFO - [2023-06-09T06:22:18.170+0000] {dag.py:2726} INFO - Sync 1 DAGs
[2023-06-09T06:22:18.222+0000] {logging_mixin.py:149} INFO - [2023-06-09T06:22:18.222+0000] {dag.py:3490} INFO - Setting next_dagrun for example_skip_dag to 2023-06-08T06:22:18.222434+00:00, run_after=2023-06-09T06:22:18.222434+00:00
[2023-06-09T06:22:18.247+0000] {processor.py:179} INFO - Processing /home/airflow/.local/lib/python3.7/site-packages/airflow/example_dags/example_skip_dag.py took 0.191 seconds
[2023-06-09T06:22:48.520+0000] {processor.py:157} INFO - Started process (PID=2735) to work on /home/airflow/.local/lib/python3.7/site-packages/airflow/example_dags/example_skip_dag.py
[2023-06-09T06:22:48.520+0000] {processor.py:826} INFO - Processing file /home/airflow/.local/lib/python3.7/site-packages/airflow/example_dags/example_skip_dag.py for tasks to queue
[2023-06-09T06:22:48.521+0000] {logging_mixin.py:149} INFO - [2023-06-09T06:22:48.521+0000] {dagbag.py:541} INFO - Filling up the DagBag from /home/airflow/.local/lib/python3.7/site-packages/airflow/example_dags/example_skip_dag.py
[2023-06-09T06:22:48.530+0000] {processor.py:836} INFO - DAG(s) dict_keys(['example_skip_dag']) retrieved from /home/airflow/.local/lib/python3.7/site-packages/airflow/example_dags/example_skip_dag.py
[2023-06-09T06:22:48.560+0000] {logging_mixin.py:149} INFO - [2023-06-09T06:22:48.559+0000] {dag.py:2726} INFO - Sync 1 DAGs
[2023-06-09T06:22:48.593+0000] {logging_mixin.py:149} INFO - [2023-06-09T06:22:48.593+0000] {dag.py:3490} INFO - Setting next_dagrun for example_skip_dag to 2023-06-08T06:22:48.592964+00:00, run_after=2023-06-09T06:22:48.592964+00:00
[2023-06-09T06:22:48.616+0000] {processor.py:179} INFO - Processing /home/airflow/.local/lib/python3.7/site-packages/airflow/example_dags/example_skip_dag.py took 0.100 seconds
[2023-06-09T06:23:18.863+0000] {processor.py:157} INFO - Started process (PID=2789) to work on /home/airflow/.local/lib/python3.7/site-packages/airflow/example_dags/example_skip_dag.py
[2023-06-09T06:23:18.865+0000] {processor.py:826} INFO - Processing file /home/airflow/.local/lib/python3.7/site-packages/airflow/example_dags/example_skip_dag.py for tasks to queue
[2023-06-09T06:23:18.866+0000] {logging_mixin.py:149} INFO - [2023-06-09T06:23:18.865+0000] {dagbag.py:541} INFO - Filling up the DagBag from /home/airflow/.local/lib/python3.7/site-packages/airflow/example_dags/example_skip_dag.py
[2023-06-09T06:23:18.874+0000] {processor.py:836} INFO - DAG(s) dict_keys(['example_skip_dag']) retrieved from /home/airflow/.local/lib/python3.7/site-packages/airflow/example_dags/example_skip_dag.py
[2023-06-09T06:23:18.905+0000] {logging_mixin.py:149} INFO - [2023-06-09T06:23:18.905+0000] {dag.py:2726} INFO - Sync 1 DAGs
[2023-06-09T06:23:18.939+0000] {logging_mixin.py:149} INFO - [2023-06-09T06:23:18.939+0000] {dag.py:3490} INFO - Setting next_dagrun for example_skip_dag to 2023-06-08T06:23:18.939143+00:00, run_after=2023-06-09T06:23:18.939143+00:00
[2023-06-09T06:23:18.962+0000] {processor.py:179} INFO - Processing /home/airflow/.local/lib/python3.7/site-packages/airflow/example_dags/example_skip_dag.py took 0.102 seconds
[2023-06-09T06:23:49.457+0000] {processor.py:157} INFO - Started process (PID=2842) to work on /home/airflow/.local/lib/python3.7/site-packages/airflow/example_dags/example_skip_dag.py
[2023-06-09T06:23:49.458+0000] {processor.py:826} INFO - Processing file /home/airflow/.local/lib/python3.7/site-packages/airflow/example_dags/example_skip_dag.py for tasks to queue
[2023-06-09T06:23:49.459+0000] {logging_mixin.py:149} INFO - [2023-06-09T06:23:49.459+0000] {dagbag.py:541} INFO - Filling up the DagBag from /home/airflow/.local/lib/python3.7/site-packages/airflow/example_dags/example_skip_dag.py
[2023-06-09T06:23:49.468+0000] {processor.py:836} INFO - DAG(s) dict_keys(['example_skip_dag']) retrieved from /home/airflow/.local/lib/python3.7/site-packages/airflow/example_dags/example_skip_dag.py
[2023-06-09T06:23:49.502+0000] {logging_mixin.py:149} INFO - [2023-06-09T06:23:49.502+0000] {dag.py:2726} INFO - Sync 1 DAGs
[2023-06-09T06:23:49.537+0000] {logging_mixin.py:149} INFO - [2023-06-09T06:23:49.537+0000] {dag.py:3490} INFO - Setting next_dagrun for example_skip_dag to 2023-06-08T06:23:49.536863+00:00, run_after=2023-06-09T06:23:49.536863+00:00
[2023-06-09T06:23:49.560+0000] {processor.py:179} INFO - Processing /home/airflow/.local/lib/python3.7/site-packages/airflow/example_dags/example_skip_dag.py took 0.107 seconds
[2023-06-09T06:24:19.900+0000] {processor.py:157} INFO - Started process (PID=2896) to work on /home/airflow/.local/lib/python3.7/site-packages/airflow/example_dags/example_skip_dag.py
[2023-06-09T06:24:19.901+0000] {processor.py:826} INFO - Processing file /home/airflow/.local/lib/python3.7/site-packages/airflow/example_dags/example_skip_dag.py for tasks to queue
[2023-06-09T06:24:19.902+0000] {logging_mixin.py:149} INFO - [2023-06-09T06:24:19.902+0000] {dagbag.py:541} INFO - Filling up the DagBag from /home/airflow/.local/lib/python3.7/site-packages/airflow/example_dags/example_skip_dag.py
[2023-06-09T06:24:19.910+0000] {processor.py:836} INFO - DAG(s) dict_keys(['example_skip_dag']) retrieved from /home/airflow/.local/lib/python3.7/site-packages/airflow/example_dags/example_skip_dag.py
[2023-06-09T06:24:19.943+0000] {logging_mixin.py:149} INFO - [2023-06-09T06:24:19.943+0000] {dag.py:2726} INFO - Sync 1 DAGs
[2023-06-09T06:24:19.978+0000] {logging_mixin.py:149} INFO - [2023-06-09T06:24:19.978+0000] {dag.py:3490} INFO - Setting next_dagrun for example_skip_dag to 2023-06-08T06:24:19.977883+00:00, run_after=2023-06-09T06:24:19.977883+00:00
[2023-06-09T06:24:20.002+0000] {processor.py:179} INFO - Processing /home/airflow/.local/lib/python3.7/site-packages/airflow/example_dags/example_skip_dag.py took 0.106 seconds
[2023-06-09T06:24:50.730+0000] {processor.py:157} INFO - Started process (PID=2950) to work on /home/airflow/.local/lib/python3.7/site-packages/airflow/example_dags/example_skip_dag.py
[2023-06-09T06:24:50.731+0000] {processor.py:826} INFO - Processing file /home/airflow/.local/lib/python3.7/site-packages/airflow/example_dags/example_skip_dag.py for tasks to queue
[2023-06-09T06:24:50.732+0000] {logging_mixin.py:149} INFO - [2023-06-09T06:24:50.732+0000] {dagbag.py:541} INFO - Filling up the DagBag from /home/airflow/.local/lib/python3.7/site-packages/airflow/example_dags/example_skip_dag.py
[2023-06-09T06:24:50.741+0000] {processor.py:836} INFO - DAG(s) dict_keys(['example_skip_dag']) retrieved from /home/airflow/.local/lib/python3.7/site-packages/airflow/example_dags/example_skip_dag.py
[2023-06-09T06:24:50.773+0000] {logging_mixin.py:149} INFO - [2023-06-09T06:24:50.773+0000] {dag.py:2726} INFO - Sync 1 DAGs
[2023-06-09T06:24:50.807+0000] {logging_mixin.py:149} INFO - [2023-06-09T06:24:50.807+0000] {dag.py:3490} INFO - Setting next_dagrun for example_skip_dag to 2023-06-08T06:24:50.807008+00:00, run_after=2023-06-09T06:24:50.807008+00:00
[2023-06-09T06:24:50.834+0000] {processor.py:179} INFO - Processing /home/airflow/.local/lib/python3.7/site-packages/airflow/example_dags/example_skip_dag.py took 0.109 seconds
[2023-06-09T06:25:21.546+0000] {processor.py:157} INFO - Started process (PID=3004) to work on /home/airflow/.local/lib/python3.7/site-packages/airflow/example_dags/example_skip_dag.py
[2023-06-09T06:25:21.548+0000] {processor.py:826} INFO - Processing file /home/airflow/.local/lib/python3.7/site-packages/airflow/example_dags/example_skip_dag.py for tasks to queue
[2023-06-09T06:25:21.549+0000] {logging_mixin.py:149} INFO - [2023-06-09T06:25:21.548+0000] {dagbag.py:541} INFO - Filling up the DagBag from /home/airflow/.local/lib/python3.7/site-packages/airflow/example_dags/example_skip_dag.py
[2023-06-09T06:25:21.563+0000] {processor.py:836} INFO - DAG(s) dict_keys(['example_skip_dag']) retrieved from /home/airflow/.local/lib/python3.7/site-packages/airflow/example_dags/example_skip_dag.py
[2023-06-09T06:25:21.614+0000] {logging_mixin.py:149} INFO - [2023-06-09T06:25:21.613+0000] {dag.py:2726} INFO - Sync 1 DAGs
[2023-06-09T06:25:21.661+0000] {logging_mixin.py:149} INFO - [2023-06-09T06:25:21.661+0000] {dag.py:3490} INFO - Setting next_dagrun for example_skip_dag to 2023-06-08T06:25:21.661276+00:00, run_after=2023-06-09T06:25:21.661276+00:00
[2023-06-09T06:25:21.685+0000] {processor.py:179} INFO - Processing /home/airflow/.local/lib/python3.7/site-packages/airflow/example_dags/example_skip_dag.py took 0.144 seconds
[2023-06-09T06:25:51.806+0000] {processor.py:157} INFO - Started process (PID=3059) to work on /home/airflow/.local/lib/python3.7/site-packages/airflow/example_dags/example_skip_dag.py
[2023-06-09T06:25:51.807+0000] {processor.py:826} INFO - Processing file /home/airflow/.local/lib/python3.7/site-packages/airflow/example_dags/example_skip_dag.py for tasks to queue
[2023-06-09T06:25:51.808+0000] {logging_mixin.py:149} INFO - [2023-06-09T06:25:51.807+0000] {dagbag.py:541} INFO - Filling up the DagBag from /home/airflow/.local/lib/python3.7/site-packages/airflow/example_dags/example_skip_dag.py
[2023-06-09T06:25:51.818+0000] {processor.py:836} INFO - DAG(s) dict_keys(['example_skip_dag']) retrieved from /home/airflow/.local/lib/python3.7/site-packages/airflow/example_dags/example_skip_dag.py
[2023-06-09T06:25:51.849+0000] {logging_mixin.py:149} INFO - [2023-06-09T06:25:51.849+0000] {dag.py:2726} INFO - Sync 1 DAGs
[2023-06-09T06:25:51.884+0000] {logging_mixin.py:149} INFO - [2023-06-09T06:25:51.884+0000] {dag.py:3490} INFO - Setting next_dagrun for example_skip_dag to 2023-06-08T06:25:51.884280+00:00, run_after=2023-06-09T06:25:51.884280+00:00
[2023-06-09T06:25:51.909+0000] {processor.py:179} INFO - Processing /home/airflow/.local/lib/python3.7/site-packages/airflow/example_dags/example_skip_dag.py took 0.107 seconds
[2023-06-09T06:26:22.338+0000] {processor.py:157} INFO - Started process (PID=3112) to work on /home/airflow/.local/lib/python3.7/site-packages/airflow/example_dags/example_skip_dag.py
[2023-06-09T06:26:22.345+0000] {processor.py:826} INFO - Processing file /home/airflow/.local/lib/python3.7/site-packages/airflow/example_dags/example_skip_dag.py for tasks to queue
[2023-06-09T06:26:22.346+0000] {logging_mixin.py:149} INFO - [2023-06-09T06:26:22.346+0000] {dagbag.py:541} INFO - Filling up the DagBag from /home/airflow/.local/lib/python3.7/site-packages/airflow/example_dags/example_skip_dag.py
[2023-06-09T06:26:22.357+0000] {processor.py:836} INFO - DAG(s) dict_keys(['example_skip_dag']) retrieved from /home/airflow/.local/lib/python3.7/site-packages/airflow/example_dags/example_skip_dag.py
[2023-06-09T06:26:22.421+0000] {logging_mixin.py:149} INFO - [2023-06-09T06:26:22.421+0000] {dag.py:2726} INFO - Sync 1 DAGs
[2023-06-09T06:26:22.490+0000] {logging_mixin.py:149} INFO - [2023-06-09T06:26:22.490+0000] {dag.py:3490} INFO - Setting next_dagrun for example_skip_dag to 2023-06-08T06:26:22.490360+00:00, run_after=2023-06-09T06:26:22.490360+00:00
[2023-06-09T06:26:22.545+0000] {processor.py:179} INFO - Processing /home/airflow/.local/lib/python3.7/site-packages/airflow/example_dags/example_skip_dag.py took 0.211 seconds
[2023-06-09T06:26:53.448+0000] {processor.py:157} INFO - Started process (PID=3166) to work on /home/airflow/.local/lib/python3.7/site-packages/airflow/example_dags/example_skip_dag.py
[2023-06-09T06:26:53.449+0000] {processor.py:826} INFO - Processing file /home/airflow/.local/lib/python3.7/site-packages/airflow/example_dags/example_skip_dag.py for tasks to queue
[2023-06-09T06:26:53.450+0000] {logging_mixin.py:149} INFO - [2023-06-09T06:26:53.450+0000] {dagbag.py:541} INFO - Filling up the DagBag from /home/airflow/.local/lib/python3.7/site-packages/airflow/example_dags/example_skip_dag.py
[2023-06-09T06:26:53.458+0000] {processor.py:836} INFO - DAG(s) dict_keys(['example_skip_dag']) retrieved from /home/airflow/.local/lib/python3.7/site-packages/airflow/example_dags/example_skip_dag.py
[2023-06-09T06:26:53.493+0000] {logging_mixin.py:149} INFO - [2023-06-09T06:26:53.493+0000] {dag.py:2726} INFO - Sync 1 DAGs
[2023-06-09T06:26:53.527+0000] {logging_mixin.py:149} INFO - [2023-06-09T06:26:53.527+0000] {dag.py:3490} INFO - Setting next_dagrun for example_skip_dag to 2023-06-08T06:26:53.526931+00:00, run_after=2023-06-09T06:26:53.526931+00:00
[2023-06-09T06:26:53.556+0000] {processor.py:179} INFO - Processing /home/airflow/.local/lib/python3.7/site-packages/airflow/example_dags/example_skip_dag.py took 0.112 seconds
[2023-06-09T06:27:24.020+0000] {processor.py:157} INFO - Started process (PID=3220) to work on /home/airflow/.local/lib/python3.7/site-packages/airflow/example_dags/example_skip_dag.py
[2023-06-09T06:27:24.024+0000] {processor.py:826} INFO - Processing file /home/airflow/.local/lib/python3.7/site-packages/airflow/example_dags/example_skip_dag.py for tasks to queue
[2023-06-09T06:27:24.025+0000] {logging_mixin.py:149} INFO - [2023-06-09T06:27:24.024+0000] {dagbag.py:541} INFO - Filling up the DagBag from /home/airflow/.local/lib/python3.7/site-packages/airflow/example_dags/example_skip_dag.py
[2023-06-09T06:27:24.035+0000] {processor.py:836} INFO - DAG(s) dict_keys(['example_skip_dag']) retrieved from /home/airflow/.local/lib/python3.7/site-packages/airflow/example_dags/example_skip_dag.py
[2023-06-09T06:27:24.068+0000] {logging_mixin.py:149} INFO - [2023-06-09T06:27:24.068+0000] {dag.py:2726} INFO - Sync 1 DAGs
[2023-06-09T06:27:24.107+0000] {logging_mixin.py:149} INFO - [2023-06-09T06:27:24.107+0000] {dag.py:3490} INFO - Setting next_dagrun for example_skip_dag to 2023-06-08T06:27:24.106793+00:00, run_after=2023-06-09T06:27:24.106793+00:00
[2023-06-09T06:27:24.131+0000] {processor.py:179} INFO - Processing /home/airflow/.local/lib/python3.7/site-packages/airflow/example_dags/example_skip_dag.py took 0.115 seconds
[2023-06-09T06:27:54.318+0000] {processor.py:157} INFO - Started process (PID=3273) to work on /home/airflow/.local/lib/python3.7/site-packages/airflow/example_dags/example_skip_dag.py
[2023-06-09T06:27:54.319+0000] {processor.py:826} INFO - Processing file /home/airflow/.local/lib/python3.7/site-packages/airflow/example_dags/example_skip_dag.py for tasks to queue
[2023-06-09T06:27:54.320+0000] {logging_mixin.py:149} INFO - [2023-06-09T06:27:54.320+0000] {dagbag.py:541} INFO - Filling up the DagBag from /home/airflow/.local/lib/python3.7/site-packages/airflow/example_dags/example_skip_dag.py
[2023-06-09T06:27:54.328+0000] {processor.py:836} INFO - DAG(s) dict_keys(['example_skip_dag']) retrieved from /home/airflow/.local/lib/python3.7/site-packages/airflow/example_dags/example_skip_dag.py
[2023-06-09T06:27:54.360+0000] {logging_mixin.py:149} INFO - [2023-06-09T06:27:54.359+0000] {dag.py:2726} INFO - Sync 1 DAGs
[2023-06-09T06:27:54.393+0000] {logging_mixin.py:149} INFO - [2023-06-09T06:27:54.393+0000] {dag.py:3490} INFO - Setting next_dagrun for example_skip_dag to 2023-06-08T06:27:54.393135+00:00, run_after=2023-06-09T06:27:54.393135+00:00
[2023-06-09T06:27:54.416+0000] {processor.py:179} INFO - Processing /home/airflow/.local/lib/python3.7/site-packages/airflow/example_dags/example_skip_dag.py took 0.102 seconds
[2023-06-09T06:28:24.875+0000] {processor.py:157} INFO - Started process (PID=3327) to work on /home/airflow/.local/lib/python3.7/site-packages/airflow/example_dags/example_skip_dag.py
[2023-06-09T06:28:24.876+0000] {processor.py:826} INFO - Processing file /home/airflow/.local/lib/python3.7/site-packages/airflow/example_dags/example_skip_dag.py for tasks to queue
[2023-06-09T06:28:24.877+0000] {logging_mixin.py:149} INFO - [2023-06-09T06:28:24.877+0000] {dagbag.py:541} INFO - Filling up the DagBag from /home/airflow/.local/lib/python3.7/site-packages/airflow/example_dags/example_skip_dag.py
[2023-06-09T06:28:24.886+0000] {processor.py:836} INFO - DAG(s) dict_keys(['example_skip_dag']) retrieved from /home/airflow/.local/lib/python3.7/site-packages/airflow/example_dags/example_skip_dag.py
[2023-06-09T06:28:24.919+0000] {logging_mixin.py:149} INFO - [2023-06-09T06:28:24.919+0000] {dag.py:2726} INFO - Sync 1 DAGs
[2023-06-09T06:28:24.955+0000] {logging_mixin.py:149} INFO - [2023-06-09T06:28:24.954+0000] {dag.py:3490} INFO - Setting next_dagrun for example_skip_dag to 2023-06-08T06:28:24.954566+00:00, run_after=2023-06-09T06:28:24.954566+00:00
[2023-06-09T06:28:24.978+0000] {processor.py:179} INFO - Processing /home/airflow/.local/lib/python3.7/site-packages/airflow/example_dags/example_skip_dag.py took 0.107 seconds
[2023-06-09T06:28:55.345+0000] {processor.py:157} INFO - Started process (PID=3381) to work on /home/airflow/.local/lib/python3.7/site-packages/airflow/example_dags/example_skip_dag.py
[2023-06-09T06:28:55.346+0000] {processor.py:826} INFO - Processing file /home/airflow/.local/lib/python3.7/site-packages/airflow/example_dags/example_skip_dag.py for tasks to queue
[2023-06-09T06:28:55.347+0000] {logging_mixin.py:149} INFO - [2023-06-09T06:28:55.347+0000] {dagbag.py:541} INFO - Filling up the DagBag from /home/airflow/.local/lib/python3.7/site-packages/airflow/example_dags/example_skip_dag.py
[2023-06-09T06:28:55.355+0000] {processor.py:836} INFO - DAG(s) dict_keys(['example_skip_dag']) retrieved from /home/airflow/.local/lib/python3.7/site-packages/airflow/example_dags/example_skip_dag.py
[2023-06-09T06:28:55.387+0000] {logging_mixin.py:149} INFO - [2023-06-09T06:28:55.387+0000] {dag.py:2726} INFO - Sync 1 DAGs
[2023-06-09T06:28:55.420+0000] {logging_mixin.py:149} INFO - [2023-06-09T06:28:55.420+0000] {dag.py:3490} INFO - Setting next_dagrun for example_skip_dag to 2023-06-08T06:28:55.419804+00:00, run_after=2023-06-09T06:28:55.419804+00:00
[2023-06-09T06:28:55.442+0000] {processor.py:179} INFO - Processing /home/airflow/.local/lib/python3.7/site-packages/airflow/example_dags/example_skip_dag.py took 0.100 seconds
[2023-06-09T06:29:25.550+0000] {processor.py:157} INFO - Started process (PID=3435) to work on /home/airflow/.local/lib/python3.7/site-packages/airflow/example_dags/example_skip_dag.py
[2023-06-09T06:29:25.552+0000] {processor.py:826} INFO - Processing file /home/airflow/.local/lib/python3.7/site-packages/airflow/example_dags/example_skip_dag.py for tasks to queue
[2023-06-09T06:29:25.553+0000] {logging_mixin.py:149} INFO - [2023-06-09T06:29:25.552+0000] {dagbag.py:541} INFO - Filling up the DagBag from /home/airflow/.local/lib/python3.7/site-packages/airflow/example_dags/example_skip_dag.py
[2023-06-09T06:29:25.562+0000] {processor.py:836} INFO - DAG(s) dict_keys(['example_skip_dag']) retrieved from /home/airflow/.local/lib/python3.7/site-packages/airflow/example_dags/example_skip_dag.py
[2023-06-09T06:29:25.592+0000] {logging_mixin.py:149} INFO - [2023-06-09T06:29:25.591+0000] {dag.py:2726} INFO - Sync 1 DAGs
[2023-06-09T06:29:25.624+0000] {logging_mixin.py:149} INFO - [2023-06-09T06:29:25.624+0000] {dag.py:3490} INFO - Setting next_dagrun for example_skip_dag to 2023-06-08T06:29:25.623998+00:00, run_after=2023-06-09T06:29:25.623998+00:00
[2023-06-09T06:29:25.648+0000] {processor.py:179} INFO - Processing /home/airflow/.local/lib/python3.7/site-packages/airflow/example_dags/example_skip_dag.py took 0.104 seconds
[2023-06-09T06:29:55.881+0000] {processor.py:157} INFO - Started process (PID=3488) to work on /home/airflow/.local/lib/python3.7/site-packages/airflow/example_dags/example_skip_dag.py
[2023-06-09T06:29:55.882+0000] {processor.py:826} INFO - Processing file /home/airflow/.local/lib/python3.7/site-packages/airflow/example_dags/example_skip_dag.py for tasks to queue
[2023-06-09T06:29:55.882+0000] {logging_mixin.py:149} INFO - [2023-06-09T06:29:55.882+0000] {dagbag.py:541} INFO - Filling up the DagBag from /home/airflow/.local/lib/python3.7/site-packages/airflow/example_dags/example_skip_dag.py
[2023-06-09T06:29:55.891+0000] {processor.py:836} INFO - DAG(s) dict_keys(['example_skip_dag']) retrieved from /home/airflow/.local/lib/python3.7/site-packages/airflow/example_dags/example_skip_dag.py
[2023-06-09T06:29:55.922+0000] {logging_mixin.py:149} INFO - [2023-06-09T06:29:55.922+0000] {dag.py:2726} INFO - Sync 1 DAGs
[2023-06-09T06:29:55.954+0000] {logging_mixin.py:149} INFO - [2023-06-09T06:29:55.954+0000] {dag.py:3490} INFO - Setting next_dagrun for example_skip_dag to 2023-06-08T06:29:55.954014+00:00, run_after=2023-06-09T06:29:55.954014+00:00
[2023-06-09T06:29:56.006+0000] {processor.py:179} INFO - Processing /home/airflow/.local/lib/python3.7/site-packages/airflow/example_dags/example_skip_dag.py took 0.129 seconds
[2023-06-09T06:30:26.277+0000] {processor.py:157} INFO - Started process (PID=3542) to work on /home/airflow/.local/lib/python3.7/site-packages/airflow/example_dags/example_skip_dag.py
[2023-06-09T06:30:26.278+0000] {processor.py:826} INFO - Processing file /home/airflow/.local/lib/python3.7/site-packages/airflow/example_dags/example_skip_dag.py for tasks to queue
[2023-06-09T06:30:26.279+0000] {logging_mixin.py:149} INFO - [2023-06-09T06:30:26.279+0000] {dagbag.py:541} INFO - Filling up the DagBag from /home/airflow/.local/lib/python3.7/site-packages/airflow/example_dags/example_skip_dag.py
[2023-06-09T06:30:26.288+0000] {processor.py:836} INFO - DAG(s) dict_keys(['example_skip_dag']) retrieved from /home/airflow/.local/lib/python3.7/site-packages/airflow/example_dags/example_skip_dag.py
[2023-06-09T06:30:26.319+0000] {logging_mixin.py:149} INFO - [2023-06-09T06:30:26.318+0000] {dag.py:2726} INFO - Sync 1 DAGs
[2023-06-09T06:30:26.355+0000] {logging_mixin.py:149} INFO - [2023-06-09T06:30:26.355+0000] {dag.py:3490} INFO - Setting next_dagrun for example_skip_dag to 2023-06-08T06:30:26.355436+00:00, run_after=2023-06-09T06:30:26.355436+00:00
[2023-06-09T06:30:26.390+0000] {processor.py:179} INFO - Processing /home/airflow/.local/lib/python3.7/site-packages/airflow/example_dags/example_skip_dag.py took 0.117 seconds
