[2023-06-09T05:57:35.891+0000] {processor.py:157} INFO - Started process (PID=77) to work on /home/airflow/.local/lib/python3.7/site-packages/airflow/example_dags/example_xcomargs.py
[2023-06-09T05:57:35.895+0000] {processor.py:826} INFO - Processing file /home/airflow/.local/lib/python3.7/site-packages/airflow/example_dags/example_xcomargs.py for tasks to queue
[2023-06-09T05:57:35.896+0000] {logging_mixin.py:149} INFO - [2023-06-09T05:57:35.896+0000] {dagbag.py:541} INFO - Filling up the DagBag from /home/airflow/.local/lib/python3.7/site-packages/airflow/example_dags/example_xcomargs.py
[2023-06-09T05:57:35.919+0000] {processor.py:836} INFO - DAG(s) dict_keys(['example_xcom_args_with_operators', 'example_xcom_args']) retrieved from /home/airflow/.local/lib/python3.7/site-packages/airflow/example_dags/example_xcomargs.py
[2023-06-09T05:57:35.999+0000] {logging_mixin.py:149} INFO - [2023-06-09T05:57:35.999+0000] {dag.py:2726} INFO - Sync 2 DAGs
[2023-06-09T05:57:36.095+0000] {logging_mixin.py:149} INFO - [2023-06-09T05:57:36.095+0000] {dag.py:3490} INFO - Setting next_dagrun for example_xcom_args to None, run_after=None
[2023-06-09T05:57:36.100+0000] {logging_mixin.py:149} INFO - [2023-06-09T05:57:36.100+0000] {dag.py:3490} INFO - Setting next_dagrun for example_xcom_args_with_operators to None, run_after=None
[2023-06-09T05:57:36.120+0000] {processor.py:179} INFO - Processing /home/airflow/.local/lib/python3.7/site-packages/airflow/example_dags/example_xcomargs.py took 0.238 seconds
[2023-06-09T05:58:06.400+0000] {processor.py:157} INFO - Started process (PID=131) to work on /home/airflow/.local/lib/python3.7/site-packages/airflow/example_dags/example_xcomargs.py
[2023-06-09T05:58:06.404+0000] {processor.py:826} INFO - Processing file /home/airflow/.local/lib/python3.7/site-packages/airflow/example_dags/example_xcomargs.py for tasks to queue
[2023-06-09T05:58:06.412+0000] {logging_mixin.py:149} INFO - [2023-06-09T05:58:06.411+0000] {dagbag.py:541} INFO - Filling up the DagBag from /home/airflow/.local/lib/python3.7/site-packages/airflow/example_dags/example_xcomargs.py
[2023-06-09T05:58:06.430+0000] {processor.py:836} INFO - DAG(s) dict_keys(['example_xcom_args_with_operators', 'example_xcom_args']) retrieved from /home/airflow/.local/lib/python3.7/site-packages/airflow/example_dags/example_xcomargs.py
[2023-06-09T05:58:06.508+0000] {logging_mixin.py:149} INFO - [2023-06-09T05:58:06.508+0000] {dag.py:2726} INFO - Sync 2 DAGs
[2023-06-09T05:58:06.566+0000] {logging_mixin.py:149} INFO - [2023-06-09T05:58:06.566+0000] {dag.py:3490} INFO - Setting next_dagrun for example_xcom_args to None, run_after=None
[2023-06-09T05:58:06.577+0000] {logging_mixin.py:149} INFO - [2023-06-09T05:58:06.577+0000] {dag.py:3490} INFO - Setting next_dagrun for example_xcom_args_with_operators to None, run_after=None
[2023-06-09T05:58:06.630+0000] {processor.py:179} INFO - Processing /home/airflow/.local/lib/python3.7/site-packages/airflow/example_dags/example_xcomargs.py took 0.239 seconds
[2023-06-09T05:58:37.549+0000] {processor.py:157} INFO - Started process (PID=185) to work on /home/airflow/.local/lib/python3.7/site-packages/airflow/example_dags/example_xcomargs.py
[2023-06-09T05:58:37.550+0000] {processor.py:826} INFO - Processing file /home/airflow/.local/lib/python3.7/site-packages/airflow/example_dags/example_xcomargs.py for tasks to queue
[2023-06-09T05:58:37.551+0000] {logging_mixin.py:149} INFO - [2023-06-09T05:58:37.551+0000] {dagbag.py:541} INFO - Filling up the DagBag from /home/airflow/.local/lib/python3.7/site-packages/airflow/example_dags/example_xcomargs.py
[2023-06-09T05:58:37.562+0000] {processor.py:836} INFO - DAG(s) dict_keys(['example_xcom_args_with_operators', 'example_xcom_args']) retrieved from /home/airflow/.local/lib/python3.7/site-packages/airflow/example_dags/example_xcomargs.py
[2023-06-09T05:58:37.599+0000] {logging_mixin.py:149} INFO - [2023-06-09T05:58:37.599+0000] {dag.py:2726} INFO - Sync 2 DAGs
[2023-06-09T05:58:37.636+0000] {logging_mixin.py:149} INFO - [2023-06-09T05:58:37.635+0000] {dag.py:3490} INFO - Setting next_dagrun for example_xcom_args to None, run_after=None
[2023-06-09T05:58:37.640+0000] {logging_mixin.py:149} INFO - [2023-06-09T05:58:37.640+0000] {dag.py:3490} INFO - Setting next_dagrun for example_xcom_args_with_operators to None, run_after=None
[2023-06-09T05:58:37.660+0000] {processor.py:179} INFO - Processing /home/airflow/.local/lib/python3.7/site-packages/airflow/example_dags/example_xcomargs.py took 0.114 seconds
[2023-06-09T05:59:08.397+0000] {processor.py:157} INFO - Started process (PID=239) to work on /home/airflow/.local/lib/python3.7/site-packages/airflow/example_dags/example_xcomargs.py
[2023-06-09T05:59:08.399+0000] {processor.py:826} INFO - Processing file /home/airflow/.local/lib/python3.7/site-packages/airflow/example_dags/example_xcomargs.py for tasks to queue
[2023-06-09T05:59:08.400+0000] {logging_mixin.py:149} INFO - [2023-06-09T05:59:08.399+0000] {dagbag.py:541} INFO - Filling up the DagBag from /home/airflow/.local/lib/python3.7/site-packages/airflow/example_dags/example_xcomargs.py
[2023-06-09T05:59:08.410+0000] {processor.py:836} INFO - DAG(s) dict_keys(['example_xcom_args_with_operators', 'example_xcom_args']) retrieved from /home/airflow/.local/lib/python3.7/site-packages/airflow/example_dags/example_xcomargs.py
[2023-06-09T05:59:08.447+0000] {logging_mixin.py:149} INFO - [2023-06-09T05:59:08.446+0000] {dag.py:2726} INFO - Sync 2 DAGs
[2023-06-09T05:59:08.481+0000] {logging_mixin.py:149} INFO - [2023-06-09T05:59:08.481+0000] {dag.py:3490} INFO - Setting next_dagrun for example_xcom_args to None, run_after=None
[2023-06-09T05:59:08.485+0000] {logging_mixin.py:149} INFO - [2023-06-09T05:59:08.485+0000] {dag.py:3490} INFO - Setting next_dagrun for example_xcom_args_with_operators to None, run_after=None
[2023-06-09T05:59:08.506+0000] {processor.py:179} INFO - Processing /home/airflow/.local/lib/python3.7/site-packages/airflow/example_dags/example_xcomargs.py took 0.113 seconds
[2023-06-09T05:59:38.702+0000] {processor.py:157} INFO - Started process (PID=293) to work on /home/airflow/.local/lib/python3.7/site-packages/airflow/example_dags/example_xcomargs.py
[2023-06-09T05:59:38.703+0000] {processor.py:826} INFO - Processing file /home/airflow/.local/lib/python3.7/site-packages/airflow/example_dags/example_xcomargs.py for tasks to queue
[2023-06-09T05:59:38.704+0000] {logging_mixin.py:149} INFO - [2023-06-09T05:59:38.704+0000] {dagbag.py:541} INFO - Filling up the DagBag from /home/airflow/.local/lib/python3.7/site-packages/airflow/example_dags/example_xcomargs.py
[2023-06-09T05:59:38.714+0000] {processor.py:836} INFO - DAG(s) dict_keys(['example_xcom_args', 'example_xcom_args_with_operators']) retrieved from /home/airflow/.local/lib/python3.7/site-packages/airflow/example_dags/example_xcomargs.py
[2023-06-09T05:59:38.751+0000] {logging_mixin.py:149} INFO - [2023-06-09T05:59:38.750+0000] {dag.py:2726} INFO - Sync 2 DAGs
[2023-06-09T05:59:38.785+0000] {logging_mixin.py:149} INFO - [2023-06-09T05:59:38.785+0000] {dag.py:3490} INFO - Setting next_dagrun for example_xcom_args to None, run_after=None
[2023-06-09T05:59:38.789+0000] {logging_mixin.py:149} INFO - [2023-06-09T05:59:38.789+0000] {dag.py:3490} INFO - Setting next_dagrun for example_xcom_args_with_operators to None, run_after=None
[2023-06-09T05:59:38.809+0000] {processor.py:179} INFO - Processing /home/airflow/.local/lib/python3.7/site-packages/airflow/example_dags/example_xcomargs.py took 0.111 seconds
[2023-06-09T06:00:09.340+0000] {processor.py:157} INFO - Started process (PID=347) to work on /home/airflow/.local/lib/python3.7/site-packages/airflow/example_dags/example_xcomargs.py
[2023-06-09T06:00:09.342+0000] {processor.py:826} INFO - Processing file /home/airflow/.local/lib/python3.7/site-packages/airflow/example_dags/example_xcomargs.py for tasks to queue
[2023-06-09T06:00:09.342+0000] {logging_mixin.py:149} INFO - [2023-06-09T06:00:09.342+0000] {dagbag.py:541} INFO - Filling up the DagBag from /home/airflow/.local/lib/python3.7/site-packages/airflow/example_dags/example_xcomargs.py
[2023-06-09T06:00:09.352+0000] {processor.py:836} INFO - DAG(s) dict_keys(['example_xcom_args_with_operators', 'example_xcom_args']) retrieved from /home/airflow/.local/lib/python3.7/site-packages/airflow/example_dags/example_xcomargs.py
[2023-06-09T06:00:09.392+0000] {logging_mixin.py:149} INFO - [2023-06-09T06:00:09.392+0000] {dag.py:2726} INFO - Sync 2 DAGs
[2023-06-09T06:00:09.427+0000] {logging_mixin.py:149} INFO - [2023-06-09T06:00:09.426+0000] {dag.py:3490} INFO - Setting next_dagrun for example_xcom_args to None, run_after=None
[2023-06-09T06:00:09.431+0000] {logging_mixin.py:149} INFO - [2023-06-09T06:00:09.431+0000] {dag.py:3490} INFO - Setting next_dagrun for example_xcom_args_with_operators to None, run_after=None
[2023-06-09T06:00:09.451+0000] {processor.py:179} INFO - Processing /home/airflow/.local/lib/python3.7/site-packages/airflow/example_dags/example_xcomargs.py took 0.115 seconds
[2023-06-09T06:00:40.136+0000] {processor.py:157} INFO - Started process (PID=401) to work on /home/airflow/.local/lib/python3.7/site-packages/airflow/example_dags/example_xcomargs.py
[2023-06-09T06:00:40.136+0000] {processor.py:826} INFO - Processing file /home/airflow/.local/lib/python3.7/site-packages/airflow/example_dags/example_xcomargs.py for tasks to queue
[2023-06-09T06:00:40.137+0000] {logging_mixin.py:149} INFO - [2023-06-09T06:00:40.137+0000] {dagbag.py:541} INFO - Filling up the DagBag from /home/airflow/.local/lib/python3.7/site-packages/airflow/example_dags/example_xcomargs.py
[2023-06-09T06:00:40.148+0000] {processor.py:836} INFO - DAG(s) dict_keys(['example_xcom_args', 'example_xcom_args_with_operators']) retrieved from /home/airflow/.local/lib/python3.7/site-packages/airflow/example_dags/example_xcomargs.py
[2023-06-09T06:00:40.186+0000] {logging_mixin.py:149} INFO - [2023-06-09T06:00:40.186+0000] {dag.py:2726} INFO - Sync 2 DAGs
[2023-06-09T06:00:40.220+0000] {logging_mixin.py:149} INFO - [2023-06-09T06:00:40.220+0000] {dag.py:3490} INFO - Setting next_dagrun for example_xcom_args to None, run_after=None
[2023-06-09T06:00:40.225+0000] {logging_mixin.py:149} INFO - [2023-06-09T06:00:40.225+0000] {dag.py:3490} INFO - Setting next_dagrun for example_xcom_args_with_operators to None, run_after=None
[2023-06-09T06:00:40.245+0000] {processor.py:179} INFO - Processing /home/airflow/.local/lib/python3.7/site-packages/airflow/example_dags/example_xcomargs.py took 0.113 seconds
[2023-06-09T06:01:10.365+0000] {processor.py:157} INFO - Started process (PID=455) to work on /home/airflow/.local/lib/python3.7/site-packages/airflow/example_dags/example_xcomargs.py
[2023-06-09T06:01:10.366+0000] {processor.py:826} INFO - Processing file /home/airflow/.local/lib/python3.7/site-packages/airflow/example_dags/example_xcomargs.py for tasks to queue
[2023-06-09T06:01:10.367+0000] {logging_mixin.py:149} INFO - [2023-06-09T06:01:10.367+0000] {dagbag.py:541} INFO - Filling up the DagBag from /home/airflow/.local/lib/python3.7/site-packages/airflow/example_dags/example_xcomargs.py
[2023-06-09T06:01:10.378+0000] {processor.py:836} INFO - DAG(s) dict_keys(['example_xcom_args', 'example_xcom_args_with_operators']) retrieved from /home/airflow/.local/lib/python3.7/site-packages/airflow/example_dags/example_xcomargs.py
[2023-06-09T06:01:10.414+0000] {logging_mixin.py:149} INFO - [2023-06-09T06:01:10.414+0000] {dag.py:2726} INFO - Sync 2 DAGs
[2023-06-09T06:01:10.449+0000] {logging_mixin.py:149} INFO - [2023-06-09T06:01:10.449+0000] {dag.py:3490} INFO - Setting next_dagrun for example_xcom_args to None, run_after=None
[2023-06-09T06:01:10.453+0000] {logging_mixin.py:149} INFO - [2023-06-09T06:01:10.453+0000] {dag.py:3490} INFO - Setting next_dagrun for example_xcom_args_with_operators to None, run_after=None
[2023-06-09T06:01:10.474+0000] {processor.py:179} INFO - Processing /home/airflow/.local/lib/python3.7/site-packages/airflow/example_dags/example_xcomargs.py took 0.113 seconds
[2023-06-09T06:01:41.090+0000] {processor.py:157} INFO - Started process (PID=509) to work on /home/airflow/.local/lib/python3.7/site-packages/airflow/example_dags/example_xcomargs.py
[2023-06-09T06:01:41.091+0000] {processor.py:826} INFO - Processing file /home/airflow/.local/lib/python3.7/site-packages/airflow/example_dags/example_xcomargs.py for tasks to queue
[2023-06-09T06:01:41.092+0000] {logging_mixin.py:149} INFO - [2023-06-09T06:01:41.092+0000] {dagbag.py:541} INFO - Filling up the DagBag from /home/airflow/.local/lib/python3.7/site-packages/airflow/example_dags/example_xcomargs.py
[2023-06-09T06:01:41.102+0000] {processor.py:836} INFO - DAG(s) dict_keys(['example_xcom_args_with_operators', 'example_xcom_args']) retrieved from /home/airflow/.local/lib/python3.7/site-packages/airflow/example_dags/example_xcomargs.py
[2023-06-09T06:01:41.137+0000] {logging_mixin.py:149} INFO - [2023-06-09T06:01:41.137+0000] {dag.py:2726} INFO - Sync 2 DAGs
[2023-06-09T06:01:41.172+0000] {logging_mixin.py:149} INFO - [2023-06-09T06:01:41.172+0000] {dag.py:3490} INFO - Setting next_dagrun for example_xcom_args to None, run_after=None
[2023-06-09T06:01:41.176+0000] {logging_mixin.py:149} INFO - [2023-06-09T06:01:41.176+0000] {dag.py:3490} INFO - Setting next_dagrun for example_xcom_args_with_operators to None, run_after=None
[2023-06-09T06:01:41.196+0000] {processor.py:179} INFO - Processing /home/airflow/.local/lib/python3.7/site-packages/airflow/example_dags/example_xcomargs.py took 0.109 seconds
[2023-06-09T06:02:11.778+0000] {processor.py:157} INFO - Started process (PID=564) to work on /home/airflow/.local/lib/python3.7/site-packages/airflow/example_dags/example_xcomargs.py
[2023-06-09T06:02:11.779+0000] {processor.py:826} INFO - Processing file /home/airflow/.local/lib/python3.7/site-packages/airflow/example_dags/example_xcomargs.py for tasks to queue
[2023-06-09T06:02:11.779+0000] {logging_mixin.py:149} INFO - [2023-06-09T06:02:11.779+0000] {dagbag.py:541} INFO - Filling up the DagBag from /home/airflow/.local/lib/python3.7/site-packages/airflow/example_dags/example_xcomargs.py
[2023-06-09T06:02:11.789+0000] {processor.py:836} INFO - DAG(s) dict_keys(['example_xcom_args', 'example_xcom_args_with_operators']) retrieved from /home/airflow/.local/lib/python3.7/site-packages/airflow/example_dags/example_xcomargs.py
[2023-06-09T06:02:11.827+0000] {logging_mixin.py:149} INFO - [2023-06-09T06:02:11.826+0000] {dag.py:2726} INFO - Sync 2 DAGs
[2023-06-09T06:02:11.863+0000] {logging_mixin.py:149} INFO - [2023-06-09T06:02:11.862+0000] {dag.py:3490} INFO - Setting next_dagrun for example_xcom_args to None, run_after=None
[2023-06-09T06:02:11.867+0000] {logging_mixin.py:149} INFO - [2023-06-09T06:02:11.867+0000] {dag.py:3490} INFO - Setting next_dagrun for example_xcom_args_with_operators to None, run_after=None
[2023-06-09T06:02:11.889+0000] {processor.py:179} INFO - Processing /home/airflow/.local/lib/python3.7/site-packages/airflow/example_dags/example_xcomargs.py took 0.115 seconds
[2023-06-09T06:02:42.418+0000] {processor.py:157} INFO - Started process (PID=619) to work on /home/airflow/.local/lib/python3.7/site-packages/airflow/example_dags/example_xcomargs.py
[2023-06-09T06:02:42.424+0000] {processor.py:826} INFO - Processing file /home/airflow/.local/lib/python3.7/site-packages/airflow/example_dags/example_xcomargs.py for tasks to queue
[2023-06-09T06:02:42.425+0000] {logging_mixin.py:149} INFO - [2023-06-09T06:02:42.424+0000] {dagbag.py:541} INFO - Filling up the DagBag from /home/airflow/.local/lib/python3.7/site-packages/airflow/example_dags/example_xcomargs.py
[2023-06-09T06:02:42.442+0000] {processor.py:836} INFO - DAG(s) dict_keys(['example_xcom_args_with_operators', 'example_xcom_args']) retrieved from /home/airflow/.local/lib/python3.7/site-packages/airflow/example_dags/example_xcomargs.py
[2023-06-09T06:02:42.539+0000] {logging_mixin.py:149} INFO - [2023-06-09T06:02:42.538+0000] {dag.py:2726} INFO - Sync 2 DAGs
[2023-06-09T06:02:42.614+0000] {logging_mixin.py:149} INFO - [2023-06-09T06:02:42.614+0000] {dag.py:3490} INFO - Setting next_dagrun for example_xcom_args to None, run_after=None
[2023-06-09T06:02:42.634+0000] {logging_mixin.py:149} INFO - [2023-06-09T06:02:42.634+0000] {dag.py:3490} INFO - Setting next_dagrun for example_xcom_args_with_operators to None, run_after=None
[2023-06-09T06:02:42.692+0000] {processor.py:179} INFO - Processing /home/airflow/.local/lib/python3.7/site-packages/airflow/example_dags/example_xcomargs.py took 0.278 seconds
[2023-06-09T06:03:13.228+0000] {processor.py:157} INFO - Started process (PID=672) to work on /home/airflow/.local/lib/python3.7/site-packages/airflow/example_dags/example_xcomargs.py
[2023-06-09T06:03:13.229+0000] {processor.py:826} INFO - Processing file /home/airflow/.local/lib/python3.7/site-packages/airflow/example_dags/example_xcomargs.py for tasks to queue
[2023-06-09T06:03:13.230+0000] {logging_mixin.py:149} INFO - [2023-06-09T06:03:13.230+0000] {dagbag.py:541} INFO - Filling up the DagBag from /home/airflow/.local/lib/python3.7/site-packages/airflow/example_dags/example_xcomargs.py
[2023-06-09T06:03:13.239+0000] {processor.py:836} INFO - DAG(s) dict_keys(['example_xcom_args', 'example_xcom_args_with_operators']) retrieved from /home/airflow/.local/lib/python3.7/site-packages/airflow/example_dags/example_xcomargs.py
[2023-06-09T06:03:13.276+0000] {logging_mixin.py:149} INFO - [2023-06-09T06:03:13.276+0000] {dag.py:2726} INFO - Sync 2 DAGs
[2023-06-09T06:03:13.310+0000] {logging_mixin.py:149} INFO - [2023-06-09T06:03:13.310+0000] {dag.py:3490} INFO - Setting next_dagrun for example_xcom_args to None, run_after=None
[2023-06-09T06:03:13.314+0000] {logging_mixin.py:149} INFO - [2023-06-09T06:03:13.314+0000] {dag.py:3490} INFO - Setting next_dagrun for example_xcom_args_with_operators to None, run_after=None
[2023-06-09T06:03:13.337+0000] {processor.py:179} INFO - Processing /home/airflow/.local/lib/python3.7/site-packages/airflow/example_dags/example_xcomargs.py took 0.113 seconds
[2023-06-09T06:03:44.153+0000] {processor.py:157} INFO - Started process (PID=726) to work on /home/airflow/.local/lib/python3.7/site-packages/airflow/example_dags/example_xcomargs.py
[2023-06-09T06:03:44.154+0000] {processor.py:826} INFO - Processing file /home/airflow/.local/lib/python3.7/site-packages/airflow/example_dags/example_xcomargs.py for tasks to queue
[2023-06-09T06:03:44.155+0000] {logging_mixin.py:149} INFO - [2023-06-09T06:03:44.155+0000] {dagbag.py:541} INFO - Filling up the DagBag from /home/airflow/.local/lib/python3.7/site-packages/airflow/example_dags/example_xcomargs.py
[2023-06-09T06:03:44.165+0000] {processor.py:836} INFO - DAG(s) dict_keys(['example_xcom_args_with_operators', 'example_xcom_args']) retrieved from /home/airflow/.local/lib/python3.7/site-packages/airflow/example_dags/example_xcomargs.py
[2023-06-09T06:03:44.206+0000] {logging_mixin.py:149} INFO - [2023-06-09T06:03:44.206+0000] {dag.py:2726} INFO - Sync 2 DAGs
[2023-06-09T06:03:44.245+0000] {logging_mixin.py:149} INFO - [2023-06-09T06:03:44.245+0000] {dag.py:3490} INFO - Setting next_dagrun for example_xcom_args to None, run_after=None
[2023-06-09T06:03:44.249+0000] {logging_mixin.py:149} INFO - [2023-06-09T06:03:44.249+0000] {dag.py:3490} INFO - Setting next_dagrun for example_xcom_args_with_operators to None, run_after=None
[2023-06-09T06:03:44.269+0000] {processor.py:179} INFO - Processing /home/airflow/.local/lib/python3.7/site-packages/airflow/example_dags/example_xcomargs.py took 0.120 seconds
[2023-06-09T06:04:14.708+0000] {processor.py:157} INFO - Started process (PID=779) to work on /home/airflow/.local/lib/python3.7/site-packages/airflow/example_dags/example_xcomargs.py
[2023-06-09T06:04:14.710+0000] {processor.py:826} INFO - Processing file /home/airflow/.local/lib/python3.7/site-packages/airflow/example_dags/example_xcomargs.py for tasks to queue
[2023-06-09T06:04:14.710+0000] {logging_mixin.py:149} INFO - [2023-06-09T06:04:14.710+0000] {dagbag.py:541} INFO - Filling up the DagBag from /home/airflow/.local/lib/python3.7/site-packages/airflow/example_dags/example_xcomargs.py
[2023-06-09T06:04:14.729+0000] {processor.py:836} INFO - DAG(s) dict_keys(['example_xcom_args', 'example_xcom_args_with_operators']) retrieved from /home/airflow/.local/lib/python3.7/site-packages/airflow/example_dags/example_xcomargs.py
[2023-06-09T06:04:14.807+0000] {logging_mixin.py:149} INFO - [2023-06-09T06:04:14.806+0000] {dag.py:2726} INFO - Sync 2 DAGs
[2023-06-09T06:04:14.856+0000] {logging_mixin.py:149} INFO - [2023-06-09T06:04:14.856+0000] {dag.py:3490} INFO - Setting next_dagrun for example_xcom_args to None, run_after=None
[2023-06-09T06:04:14.864+0000] {logging_mixin.py:149} INFO - [2023-06-09T06:04:14.864+0000] {dag.py:3490} INFO - Setting next_dagrun for example_xcom_args_with_operators to None, run_after=None
[2023-06-09T06:04:14.903+0000] {processor.py:179} INFO - Processing /home/airflow/.local/lib/python3.7/site-packages/airflow/example_dags/example_xcomargs.py took 0.200 seconds
[2023-06-09T06:04:45.548+0000] {processor.py:157} INFO - Started process (PID=832) to work on /home/airflow/.local/lib/python3.7/site-packages/airflow/example_dags/example_xcomargs.py
[2023-06-09T06:04:45.549+0000] {processor.py:826} INFO - Processing file /home/airflow/.local/lib/python3.7/site-packages/airflow/example_dags/example_xcomargs.py for tasks to queue
[2023-06-09T06:04:45.550+0000] {logging_mixin.py:149} INFO - [2023-06-09T06:04:45.550+0000] {dagbag.py:541} INFO - Filling up the DagBag from /home/airflow/.local/lib/python3.7/site-packages/airflow/example_dags/example_xcomargs.py
[2023-06-09T06:04:45.560+0000] {processor.py:836} INFO - DAG(s) dict_keys(['example_xcom_args_with_operators', 'example_xcom_args']) retrieved from /home/airflow/.local/lib/python3.7/site-packages/airflow/example_dags/example_xcomargs.py
[2023-06-09T06:04:45.600+0000] {logging_mixin.py:149} INFO - [2023-06-09T06:04:45.600+0000] {dag.py:2726} INFO - Sync 2 DAGs
[2023-06-09T06:04:45.646+0000] {logging_mixin.py:149} INFO - [2023-06-09T06:04:45.646+0000] {dag.py:3490} INFO - Setting next_dagrun for example_xcom_args to None, run_after=None
[2023-06-09T06:04:45.664+0000] {logging_mixin.py:149} INFO - [2023-06-09T06:04:45.664+0000] {dag.py:3490} INFO - Setting next_dagrun for example_xcom_args_with_operators to None, run_after=None
[2023-06-09T06:04:45.713+0000] {processor.py:179} INFO - Processing /home/airflow/.local/lib/python3.7/site-packages/airflow/example_dags/example_xcomargs.py took 0.169 seconds
[2023-06-09T06:05:16.057+0000] {processor.py:157} INFO - Started process (PID=886) to work on /home/airflow/.local/lib/python3.7/site-packages/airflow/example_dags/example_xcomargs.py
[2023-06-09T06:05:16.059+0000] {processor.py:826} INFO - Processing file /home/airflow/.local/lib/python3.7/site-packages/airflow/example_dags/example_xcomargs.py for tasks to queue
[2023-06-09T06:05:16.060+0000] {logging_mixin.py:149} INFO - [2023-06-09T06:05:16.059+0000] {dagbag.py:541} INFO - Filling up the DagBag from /home/airflow/.local/lib/python3.7/site-packages/airflow/example_dags/example_xcomargs.py
[2023-06-09T06:05:16.069+0000] {processor.py:836} INFO - DAG(s) dict_keys(['example_xcom_args', 'example_xcom_args_with_operators']) retrieved from /home/airflow/.local/lib/python3.7/site-packages/airflow/example_dags/example_xcomargs.py
[2023-06-09T06:05:16.105+0000] {logging_mixin.py:149} INFO - [2023-06-09T06:05:16.105+0000] {dag.py:2726} INFO - Sync 2 DAGs
[2023-06-09T06:05:16.140+0000] {logging_mixin.py:149} INFO - [2023-06-09T06:05:16.140+0000] {dag.py:3490} INFO - Setting next_dagrun for example_xcom_args to None, run_after=None
[2023-06-09T06:05:16.144+0000] {logging_mixin.py:149} INFO - [2023-06-09T06:05:16.144+0000] {dag.py:3490} INFO - Setting next_dagrun for example_xcom_args_with_operators to None, run_after=None
[2023-06-09T06:05:16.164+0000] {processor.py:179} INFO - Processing /home/airflow/.local/lib/python3.7/site-packages/airflow/example_dags/example_xcomargs.py took 0.110 seconds
[2023-06-09T06:05:46.701+0000] {processor.py:157} INFO - Started process (PID=940) to work on /home/airflow/.local/lib/python3.7/site-packages/airflow/example_dags/example_xcomargs.py
[2023-06-09T06:05:46.702+0000] {processor.py:826} INFO - Processing file /home/airflow/.local/lib/python3.7/site-packages/airflow/example_dags/example_xcomargs.py for tasks to queue
[2023-06-09T06:05:46.703+0000] {logging_mixin.py:149} INFO - [2023-06-09T06:05:46.703+0000] {dagbag.py:541} INFO - Filling up the DagBag from /home/airflow/.local/lib/python3.7/site-packages/airflow/example_dags/example_xcomargs.py
[2023-06-09T06:05:46.713+0000] {processor.py:836} INFO - DAG(s) dict_keys(['example_xcom_args_with_operators', 'example_xcom_args']) retrieved from /home/airflow/.local/lib/python3.7/site-packages/airflow/example_dags/example_xcomargs.py
[2023-06-09T06:05:46.747+0000] {logging_mixin.py:149} INFO - [2023-06-09T06:05:46.747+0000] {dag.py:2726} INFO - Sync 2 DAGs
[2023-06-09T06:05:46.787+0000] {logging_mixin.py:149} INFO - [2023-06-09T06:05:46.787+0000] {dag.py:3490} INFO - Setting next_dagrun for example_xcom_args to None, run_after=None
[2023-06-09T06:05:46.792+0000] {logging_mixin.py:149} INFO - [2023-06-09T06:05:46.791+0000] {dag.py:3490} INFO - Setting next_dagrun for example_xcom_args_with_operators to None, run_after=None
[2023-06-09T06:05:46.811+0000] {processor.py:179} INFO - Processing /home/airflow/.local/lib/python3.7/site-packages/airflow/example_dags/example_xcomargs.py took 0.114 seconds
[2023-06-09T06:06:17.402+0000] {processor.py:157} INFO - Started process (PID=993) to work on /home/airflow/.local/lib/python3.7/site-packages/airflow/example_dags/example_xcomargs.py
[2023-06-09T06:06:17.404+0000] {processor.py:826} INFO - Processing file /home/airflow/.local/lib/python3.7/site-packages/airflow/example_dags/example_xcomargs.py for tasks to queue
[2023-06-09T06:06:17.405+0000] {logging_mixin.py:149} INFO - [2023-06-09T06:06:17.405+0000] {dagbag.py:541} INFO - Filling up the DagBag from /home/airflow/.local/lib/python3.7/site-packages/airflow/example_dags/example_xcomargs.py
[2023-06-09T06:06:17.414+0000] {processor.py:836} INFO - DAG(s) dict_keys(['example_xcom_args', 'example_xcom_args_with_operators']) retrieved from /home/airflow/.local/lib/python3.7/site-packages/airflow/example_dags/example_xcomargs.py
[2023-06-09T06:06:17.450+0000] {logging_mixin.py:149} INFO - [2023-06-09T06:06:17.450+0000] {dag.py:2726} INFO - Sync 2 DAGs
[2023-06-09T06:06:17.484+0000] {logging_mixin.py:149} INFO - [2023-06-09T06:06:17.484+0000] {dag.py:3490} INFO - Setting next_dagrun for example_xcom_args to None, run_after=None
[2023-06-09T06:06:17.488+0000] {logging_mixin.py:149} INFO - [2023-06-09T06:06:17.488+0000] {dag.py:3490} INFO - Setting next_dagrun for example_xcom_args_with_operators to None, run_after=None
[2023-06-09T06:06:17.508+0000] {processor.py:179} INFO - Processing /home/airflow/.local/lib/python3.7/site-packages/airflow/example_dags/example_xcomargs.py took 0.109 seconds
[2023-06-09T06:06:47.817+0000] {processor.py:157} INFO - Started process (PID=1046) to work on /home/airflow/.local/lib/python3.7/site-packages/airflow/example_dags/example_xcomargs.py
[2023-06-09T06:06:47.818+0000] {processor.py:826} INFO - Processing file /home/airflow/.local/lib/python3.7/site-packages/airflow/example_dags/example_xcomargs.py for tasks to queue
[2023-06-09T06:06:47.818+0000] {logging_mixin.py:149} INFO - [2023-06-09T06:06:47.818+0000] {dagbag.py:541} INFO - Filling up the DagBag from /home/airflow/.local/lib/python3.7/site-packages/airflow/example_dags/example_xcomargs.py
[2023-06-09T06:06:47.828+0000] {processor.py:836} INFO - DAG(s) dict_keys(['example_xcom_args', 'example_xcom_args_with_operators']) retrieved from /home/airflow/.local/lib/python3.7/site-packages/airflow/example_dags/example_xcomargs.py
[2023-06-09T06:06:47.865+0000] {logging_mixin.py:149} INFO - [2023-06-09T06:06:47.864+0000] {dag.py:2726} INFO - Sync 2 DAGs
[2023-06-09T06:06:47.903+0000] {logging_mixin.py:149} INFO - [2023-06-09T06:06:47.903+0000] {dag.py:3490} INFO - Setting next_dagrun for example_xcom_args to None, run_after=None
[2023-06-09T06:06:47.908+0000] {logging_mixin.py:149} INFO - [2023-06-09T06:06:47.907+0000] {dag.py:3490} INFO - Setting next_dagrun for example_xcom_args_with_operators to None, run_after=None
[2023-06-09T06:06:47.927+0000] {processor.py:179} INFO - Processing /home/airflow/.local/lib/python3.7/site-packages/airflow/example_dags/example_xcomargs.py took 0.114 seconds
[2023-06-09T06:07:18.113+0000] {processor.py:157} INFO - Started process (PID=1100) to work on /home/airflow/.local/lib/python3.7/site-packages/airflow/example_dags/example_xcomargs.py
[2023-06-09T06:07:18.114+0000] {processor.py:826} INFO - Processing file /home/airflow/.local/lib/python3.7/site-packages/airflow/example_dags/example_xcomargs.py for tasks to queue
[2023-06-09T06:07:18.115+0000] {logging_mixin.py:149} INFO - [2023-06-09T06:07:18.115+0000] {dagbag.py:541} INFO - Filling up the DagBag from /home/airflow/.local/lib/python3.7/site-packages/airflow/example_dags/example_xcomargs.py
[2023-06-09T06:07:18.124+0000] {processor.py:836} INFO - DAG(s) dict_keys(['example_xcom_args', 'example_xcom_args_with_operators']) retrieved from /home/airflow/.local/lib/python3.7/site-packages/airflow/example_dags/example_xcomargs.py
[2023-06-09T06:07:18.159+0000] {logging_mixin.py:149} INFO - [2023-06-09T06:07:18.158+0000] {dag.py:2726} INFO - Sync 2 DAGs
[2023-06-09T06:07:18.193+0000] {logging_mixin.py:149} INFO - [2023-06-09T06:07:18.193+0000] {dag.py:3490} INFO - Setting next_dagrun for example_xcom_args to None, run_after=None
[2023-06-09T06:07:18.197+0000] {logging_mixin.py:149} INFO - [2023-06-09T06:07:18.197+0000] {dag.py:3490} INFO - Setting next_dagrun for example_xcom_args_with_operators to None, run_after=None
[2023-06-09T06:07:18.222+0000] {processor.py:179} INFO - Processing /home/airflow/.local/lib/python3.7/site-packages/airflow/example_dags/example_xcomargs.py took 0.113 seconds
[2023-06-09T06:07:48.350+0000] {processor.py:157} INFO - Started process (PID=1154) to work on /home/airflow/.local/lib/python3.7/site-packages/airflow/example_dags/example_xcomargs.py
[2023-06-09T06:07:48.358+0000] {processor.py:826} INFO - Processing file /home/airflow/.local/lib/python3.7/site-packages/airflow/example_dags/example_xcomargs.py for tasks to queue
[2023-06-09T06:07:48.362+0000] {logging_mixin.py:149} INFO - [2023-06-09T06:07:48.362+0000] {dagbag.py:541} INFO - Filling up the DagBag from /home/airflow/.local/lib/python3.7/site-packages/airflow/example_dags/example_xcomargs.py
[2023-06-09T06:07:48.379+0000] {processor.py:836} INFO - DAG(s) dict_keys(['example_xcom_args', 'example_xcom_args_with_operators']) retrieved from /home/airflow/.local/lib/python3.7/site-packages/airflow/example_dags/example_xcomargs.py
[2023-06-09T06:07:48.441+0000] {logging_mixin.py:149} INFO - [2023-06-09T06:07:48.440+0000] {dag.py:2726} INFO - Sync 2 DAGs
[2023-06-09T06:07:48.475+0000] {logging_mixin.py:149} INFO - [2023-06-09T06:07:48.475+0000] {dag.py:3490} INFO - Setting next_dagrun for example_xcom_args to None, run_after=None
[2023-06-09T06:07:48.480+0000] {logging_mixin.py:149} INFO - [2023-06-09T06:07:48.479+0000] {dag.py:3490} INFO - Setting next_dagrun for example_xcom_args_with_operators to None, run_after=None
[2023-06-09T06:07:48.532+0000] {processor.py:179} INFO - Processing /home/airflow/.local/lib/python3.7/site-packages/airflow/example_dags/example_xcomargs.py took 0.186 seconds
[2023-06-09T06:08:19.020+0000] {processor.py:157} INFO - Started process (PID=1207) to work on /home/airflow/.local/lib/python3.7/site-packages/airflow/example_dags/example_xcomargs.py
[2023-06-09T06:08:19.020+0000] {processor.py:826} INFO - Processing file /home/airflow/.local/lib/python3.7/site-packages/airflow/example_dags/example_xcomargs.py for tasks to queue
[2023-06-09T06:08:19.021+0000] {logging_mixin.py:149} INFO - [2023-06-09T06:08:19.021+0000] {dagbag.py:541} INFO - Filling up the DagBag from /home/airflow/.local/lib/python3.7/site-packages/airflow/example_dags/example_xcomargs.py
[2023-06-09T06:08:19.031+0000] {processor.py:836} INFO - DAG(s) dict_keys(['example_xcom_args', 'example_xcom_args_with_operators']) retrieved from /home/airflow/.local/lib/python3.7/site-packages/airflow/example_dags/example_xcomargs.py
[2023-06-09T06:08:19.067+0000] {logging_mixin.py:149} INFO - [2023-06-09T06:08:19.067+0000] {dag.py:2726} INFO - Sync 2 DAGs
[2023-06-09T06:08:19.101+0000] {logging_mixin.py:149} INFO - [2023-06-09T06:08:19.101+0000] {dag.py:3490} INFO - Setting next_dagrun for example_xcom_args to None, run_after=None
[2023-06-09T06:08:19.105+0000] {logging_mixin.py:149} INFO - [2023-06-09T06:08:19.105+0000] {dag.py:3490} INFO - Setting next_dagrun for example_xcom_args_with_operators to None, run_after=None
[2023-06-09T06:08:19.126+0000] {processor.py:179} INFO - Processing /home/airflow/.local/lib/python3.7/site-packages/airflow/example_dags/example_xcomargs.py took 0.110 seconds
[2023-06-09T06:08:49.461+0000] {processor.py:157} INFO - Started process (PID=1261) to work on /home/airflow/.local/lib/python3.7/site-packages/airflow/example_dags/example_xcomargs.py
[2023-06-09T06:08:49.462+0000] {processor.py:826} INFO - Processing file /home/airflow/.local/lib/python3.7/site-packages/airflow/example_dags/example_xcomargs.py for tasks to queue
[2023-06-09T06:08:49.463+0000] {logging_mixin.py:149} INFO - [2023-06-09T06:08:49.463+0000] {dagbag.py:541} INFO - Filling up the DagBag from /home/airflow/.local/lib/python3.7/site-packages/airflow/example_dags/example_xcomargs.py
[2023-06-09T06:08:49.473+0000] {processor.py:836} INFO - DAG(s) dict_keys(['example_xcom_args', 'example_xcom_args_with_operators']) retrieved from /home/airflow/.local/lib/python3.7/site-packages/airflow/example_dags/example_xcomargs.py
[2023-06-09T06:08:49.511+0000] {logging_mixin.py:149} INFO - [2023-06-09T06:08:49.511+0000] {dag.py:2726} INFO - Sync 2 DAGs
[2023-06-09T06:08:49.547+0000] {logging_mixin.py:149} INFO - [2023-06-09T06:08:49.547+0000] {dag.py:3490} INFO - Setting next_dagrun for example_xcom_args to None, run_after=None
[2023-06-09T06:08:49.552+0000] {logging_mixin.py:149} INFO - [2023-06-09T06:08:49.552+0000] {dag.py:3490} INFO - Setting next_dagrun for example_xcom_args_with_operators to None, run_after=None
[2023-06-09T06:08:49.573+0000] {processor.py:179} INFO - Processing /home/airflow/.local/lib/python3.7/site-packages/airflow/example_dags/example_xcomargs.py took 0.117 seconds
[2023-06-09T06:09:20.834+0000] {processor.py:157} INFO - Started process (PID=1314) to work on /home/airflow/.local/lib/python3.7/site-packages/airflow/example_dags/example_xcomargs.py
[2023-06-09T06:09:20.835+0000] {processor.py:826} INFO - Processing file /home/airflow/.local/lib/python3.7/site-packages/airflow/example_dags/example_xcomargs.py for tasks to queue
[2023-06-09T06:09:20.836+0000] {logging_mixin.py:149} INFO - [2023-06-09T06:09:20.836+0000] {dagbag.py:541} INFO - Filling up the DagBag from /home/airflow/.local/lib/python3.7/site-packages/airflow/example_dags/example_xcomargs.py
[2023-06-09T06:09:20.846+0000] {processor.py:836} INFO - DAG(s) dict_keys(['example_xcom_args', 'example_xcom_args_with_operators']) retrieved from /home/airflow/.local/lib/python3.7/site-packages/airflow/example_dags/example_xcomargs.py
[2023-06-09T06:09:20.883+0000] {logging_mixin.py:149} INFO - [2023-06-09T06:09:20.883+0000] {dag.py:2726} INFO - Sync 2 DAGs
[2023-06-09T06:09:20.919+0000] {logging_mixin.py:149} INFO - [2023-06-09T06:09:20.918+0000] {dag.py:3490} INFO - Setting next_dagrun for example_xcom_args to None, run_after=None
[2023-06-09T06:09:20.923+0000] {logging_mixin.py:149} INFO - [2023-06-09T06:09:20.923+0000] {dag.py:3490} INFO - Setting next_dagrun for example_xcom_args_with_operators to None, run_after=None
[2023-06-09T06:09:20.944+0000] {processor.py:179} INFO - Processing /home/airflow/.local/lib/python3.7/site-packages/airflow/example_dags/example_xcomargs.py took 0.114 seconds
[2023-06-09T06:09:51.169+0000] {processor.py:157} INFO - Started process (PID=1369) to work on /home/airflow/.local/lib/python3.7/site-packages/airflow/example_dags/example_xcomargs.py
[2023-06-09T06:09:51.170+0000] {processor.py:826} INFO - Processing file /home/airflow/.local/lib/python3.7/site-packages/airflow/example_dags/example_xcomargs.py for tasks to queue
[2023-06-09T06:09:51.171+0000] {logging_mixin.py:149} INFO - [2023-06-09T06:09:51.171+0000] {dagbag.py:541} INFO - Filling up the DagBag from /home/airflow/.local/lib/python3.7/site-packages/airflow/example_dags/example_xcomargs.py
[2023-06-09T06:09:51.182+0000] {processor.py:836} INFO - DAG(s) dict_keys(['example_xcom_args', 'example_xcom_args_with_operators']) retrieved from /home/airflow/.local/lib/python3.7/site-packages/airflow/example_dags/example_xcomargs.py
[2023-06-09T06:09:51.218+0000] {logging_mixin.py:149} INFO - [2023-06-09T06:09:51.218+0000] {dag.py:2726} INFO - Sync 2 DAGs
[2023-06-09T06:09:51.259+0000] {logging_mixin.py:149} INFO - [2023-06-09T06:09:51.258+0000] {dag.py:3490} INFO - Setting next_dagrun for example_xcom_args to None, run_after=None
[2023-06-09T06:09:51.263+0000] {logging_mixin.py:149} INFO - [2023-06-09T06:09:51.263+0000] {dag.py:3490} INFO - Setting next_dagrun for example_xcom_args_with_operators to None, run_after=None
[2023-06-09T06:09:51.282+0000] {processor.py:179} INFO - Processing /home/airflow/.local/lib/python3.7/site-packages/airflow/example_dags/example_xcomargs.py took 0.117 seconds
[2023-06-09T06:10:21.692+0000] {processor.py:157} INFO - Started process (PID=1423) to work on /home/airflow/.local/lib/python3.7/site-packages/airflow/example_dags/example_xcomargs.py
[2023-06-09T06:10:21.696+0000] {processor.py:826} INFO - Processing file /home/airflow/.local/lib/python3.7/site-packages/airflow/example_dags/example_xcomargs.py for tasks to queue
[2023-06-09T06:10:21.697+0000] {logging_mixin.py:149} INFO - [2023-06-09T06:10:21.697+0000] {dagbag.py:541} INFO - Filling up the DagBag from /home/airflow/.local/lib/python3.7/site-packages/airflow/example_dags/example_xcomargs.py
[2023-06-09T06:10:21.707+0000] {processor.py:836} INFO - DAG(s) dict_keys(['example_xcom_args_with_operators', 'example_xcom_args']) retrieved from /home/airflow/.local/lib/python3.7/site-packages/airflow/example_dags/example_xcomargs.py
[2023-06-09T06:10:21.744+0000] {logging_mixin.py:149} INFO - [2023-06-09T06:10:21.743+0000] {dag.py:2726} INFO - Sync 2 DAGs
[2023-06-09T06:10:21.778+0000] {logging_mixin.py:149} INFO - [2023-06-09T06:10:21.777+0000] {dag.py:3490} INFO - Setting next_dagrun for example_xcom_args to None, run_after=None
[2023-06-09T06:10:21.782+0000] {logging_mixin.py:149} INFO - [2023-06-09T06:10:21.782+0000] {dag.py:3490} INFO - Setting next_dagrun for example_xcom_args_with_operators to None, run_after=None
[2023-06-09T06:10:21.802+0000] {processor.py:179} INFO - Processing /home/airflow/.local/lib/python3.7/site-packages/airflow/example_dags/example_xcomargs.py took 0.114 seconds
[2023-06-09T06:10:52.199+0000] {processor.py:157} INFO - Started process (PID=1476) to work on /home/airflow/.local/lib/python3.7/site-packages/airflow/example_dags/example_xcomargs.py
[2023-06-09T06:10:52.211+0000] {processor.py:826} INFO - Processing file /home/airflow/.local/lib/python3.7/site-packages/airflow/example_dags/example_xcomargs.py for tasks to queue
[2023-06-09T06:10:52.215+0000] {logging_mixin.py:149} INFO - [2023-06-09T06:10:52.215+0000] {dagbag.py:541} INFO - Filling up the DagBag from /home/airflow/.local/lib/python3.7/site-packages/airflow/example_dags/example_xcomargs.py
[2023-06-09T06:10:52.235+0000] {processor.py:836} INFO - DAG(s) dict_keys(['example_xcom_args_with_operators', 'example_xcom_args']) retrieved from /home/airflow/.local/lib/python3.7/site-packages/airflow/example_dags/example_xcomargs.py
[2023-06-09T06:10:52.305+0000] {logging_mixin.py:149} INFO - [2023-06-09T06:10:52.305+0000] {dag.py:2726} INFO - Sync 2 DAGs
[2023-06-09T06:10:52.375+0000] {logging_mixin.py:149} INFO - [2023-06-09T06:10:52.375+0000] {dag.py:3490} INFO - Setting next_dagrun for example_xcom_args to None, run_after=None
[2023-06-09T06:10:52.388+0000] {logging_mixin.py:149} INFO - [2023-06-09T06:10:52.387+0000] {dag.py:3490} INFO - Setting next_dagrun for example_xcom_args_with_operators to None, run_after=None
[2023-06-09T06:10:52.429+0000] {processor.py:179} INFO - Processing /home/airflow/.local/lib/python3.7/site-packages/airflow/example_dags/example_xcomargs.py took 0.234 seconds
[2023-06-09T06:11:23.117+0000] {processor.py:157} INFO - Started process (PID=1529) to work on /home/airflow/.local/lib/python3.7/site-packages/airflow/example_dags/example_xcomargs.py
[2023-06-09T06:11:23.119+0000] {processor.py:826} INFO - Processing file /home/airflow/.local/lib/python3.7/site-packages/airflow/example_dags/example_xcomargs.py for tasks to queue
[2023-06-09T06:11:23.119+0000] {logging_mixin.py:149} INFO - [2023-06-09T06:11:23.119+0000] {dagbag.py:541} INFO - Filling up the DagBag from /home/airflow/.local/lib/python3.7/site-packages/airflow/example_dags/example_xcomargs.py
[2023-06-09T06:11:23.129+0000] {processor.py:836} INFO - DAG(s) dict_keys(['example_xcom_args', 'example_xcom_args_with_operators']) retrieved from /home/airflow/.local/lib/python3.7/site-packages/airflow/example_dags/example_xcomargs.py
[2023-06-09T06:11:23.165+0000] {logging_mixin.py:149} INFO - [2023-06-09T06:11:23.165+0000] {dag.py:2726} INFO - Sync 2 DAGs
[2023-06-09T06:11:23.199+0000] {logging_mixin.py:149} INFO - [2023-06-09T06:11:23.199+0000] {dag.py:3490} INFO - Setting next_dagrun for example_xcom_args to None, run_after=None
[2023-06-09T06:11:23.203+0000] {logging_mixin.py:149} INFO - [2023-06-09T06:11:23.203+0000] {dag.py:3490} INFO - Setting next_dagrun for example_xcom_args_with_operators to None, run_after=None
[2023-06-09T06:11:23.222+0000] {processor.py:179} INFO - Processing /home/airflow/.local/lib/python3.7/site-packages/airflow/example_dags/example_xcomargs.py took 0.109 seconds
[2023-06-09T06:11:53.588+0000] {processor.py:157} INFO - Started process (PID=1583) to work on /home/airflow/.local/lib/python3.7/site-packages/airflow/example_dags/example_xcomargs.py
[2023-06-09T06:11:53.589+0000] {processor.py:826} INFO - Processing file /home/airflow/.local/lib/python3.7/site-packages/airflow/example_dags/example_xcomargs.py for tasks to queue
[2023-06-09T06:11:53.590+0000] {logging_mixin.py:149} INFO - [2023-06-09T06:11:53.590+0000] {dagbag.py:541} INFO - Filling up the DagBag from /home/airflow/.local/lib/python3.7/site-packages/airflow/example_dags/example_xcomargs.py
[2023-06-09T06:11:53.600+0000] {processor.py:836} INFO - DAG(s) dict_keys(['example_xcom_args_with_operators', 'example_xcom_args']) retrieved from /home/airflow/.local/lib/python3.7/site-packages/airflow/example_dags/example_xcomargs.py
[2023-06-09T06:11:53.638+0000] {logging_mixin.py:149} INFO - [2023-06-09T06:11:53.637+0000] {dag.py:2726} INFO - Sync 2 DAGs
[2023-06-09T06:11:53.672+0000] {logging_mixin.py:149} INFO - [2023-06-09T06:11:53.671+0000] {dag.py:3490} INFO - Setting next_dagrun for example_xcom_args to None, run_after=None
[2023-06-09T06:11:53.676+0000] {logging_mixin.py:149} INFO - [2023-06-09T06:11:53.676+0000] {dag.py:3490} INFO - Setting next_dagrun for example_xcom_args_with_operators to None, run_after=None
[2023-06-09T06:11:53.696+0000] {processor.py:179} INFO - Processing /home/airflow/.local/lib/python3.7/site-packages/airflow/example_dags/example_xcomargs.py took 0.112 seconds
[2023-06-09T06:12:23.798+0000] {processor.py:157} INFO - Started process (PID=1638) to work on /home/airflow/.local/lib/python3.7/site-packages/airflow/example_dags/example_xcomargs.py
[2023-06-09T06:12:23.799+0000] {processor.py:826} INFO - Processing file /home/airflow/.local/lib/python3.7/site-packages/airflow/example_dags/example_xcomargs.py for tasks to queue
[2023-06-09T06:12:23.800+0000] {logging_mixin.py:149} INFO - [2023-06-09T06:12:23.800+0000] {dagbag.py:541} INFO - Filling up the DagBag from /home/airflow/.local/lib/python3.7/site-packages/airflow/example_dags/example_xcomargs.py
[2023-06-09T06:12:23.811+0000] {processor.py:836} INFO - DAG(s) dict_keys(['example_xcom_args_with_operators', 'example_xcom_args']) retrieved from /home/airflow/.local/lib/python3.7/site-packages/airflow/example_dags/example_xcomargs.py
[2023-06-09T06:12:23.850+0000] {logging_mixin.py:149} INFO - [2023-06-09T06:12:23.849+0000] {dag.py:2726} INFO - Sync 2 DAGs
[2023-06-09T06:12:23.884+0000] {logging_mixin.py:149} INFO - [2023-06-09T06:12:23.884+0000] {dag.py:3490} INFO - Setting next_dagrun for example_xcom_args to None, run_after=None
[2023-06-09T06:12:23.888+0000] {logging_mixin.py:149} INFO - [2023-06-09T06:12:23.888+0000] {dag.py:3490} INFO - Setting next_dagrun for example_xcom_args_with_operators to None, run_after=None
[2023-06-09T06:12:23.908+0000] {processor.py:179} INFO - Processing /home/airflow/.local/lib/python3.7/site-packages/airflow/example_dags/example_xcomargs.py took 0.115 seconds
[2023-06-09T06:12:54.680+0000] {processor.py:157} INFO - Started process (PID=1692) to work on /home/airflow/.local/lib/python3.7/site-packages/airflow/example_dags/example_xcomargs.py
[2023-06-09T06:12:54.681+0000] {processor.py:826} INFO - Processing file /home/airflow/.local/lib/python3.7/site-packages/airflow/example_dags/example_xcomargs.py for tasks to queue
[2023-06-09T06:12:54.682+0000] {logging_mixin.py:149} INFO - [2023-06-09T06:12:54.681+0000] {dagbag.py:541} INFO - Filling up the DagBag from /home/airflow/.local/lib/python3.7/site-packages/airflow/example_dags/example_xcomargs.py
[2023-06-09T06:12:54.691+0000] {processor.py:836} INFO - DAG(s) dict_keys(['example_xcom_args_with_operators', 'example_xcom_args']) retrieved from /home/airflow/.local/lib/python3.7/site-packages/airflow/example_dags/example_xcomargs.py
[2023-06-09T06:12:54.727+0000] {logging_mixin.py:149} INFO - [2023-06-09T06:12:54.727+0000] {dag.py:2726} INFO - Sync 2 DAGs
[2023-06-09T06:12:54.761+0000] {logging_mixin.py:149} INFO - [2023-06-09T06:12:54.761+0000] {dag.py:3490} INFO - Setting next_dagrun for example_xcom_args to None, run_after=None
[2023-06-09T06:12:54.765+0000] {logging_mixin.py:149} INFO - [2023-06-09T06:12:54.765+0000] {dag.py:3490} INFO - Setting next_dagrun for example_xcom_args_with_operators to None, run_after=None
[2023-06-09T06:12:54.785+0000] {processor.py:179} INFO - Processing /home/airflow/.local/lib/python3.7/site-packages/airflow/example_dags/example_xcomargs.py took 0.109 seconds
[2023-06-09T06:13:24.933+0000] {processor.py:157} INFO - Started process (PID=1746) to work on /home/airflow/.local/lib/python3.7/site-packages/airflow/example_dags/example_xcomargs.py
[2023-06-09T06:13:24.943+0000] {processor.py:826} INFO - Processing file /home/airflow/.local/lib/python3.7/site-packages/airflow/example_dags/example_xcomargs.py for tasks to queue
[2023-06-09T06:13:24.944+0000] {logging_mixin.py:149} INFO - [2023-06-09T06:13:24.944+0000] {dagbag.py:541} INFO - Filling up the DagBag from /home/airflow/.local/lib/python3.7/site-packages/airflow/example_dags/example_xcomargs.py
[2023-06-09T06:13:24.953+0000] {processor.py:836} INFO - DAG(s) dict_keys(['example_xcom_args_with_operators', 'example_xcom_args']) retrieved from /home/airflow/.local/lib/python3.7/site-packages/airflow/example_dags/example_xcomargs.py
[2023-06-09T06:13:24.990+0000] {logging_mixin.py:149} INFO - [2023-06-09T06:13:24.990+0000] {dag.py:2726} INFO - Sync 2 DAGs
[2023-06-09T06:13:25.026+0000] {logging_mixin.py:149} INFO - [2023-06-09T06:13:25.026+0000] {dag.py:3490} INFO - Setting next_dagrun for example_xcom_args to None, run_after=None
[2023-06-09T06:13:25.031+0000] {logging_mixin.py:149} INFO - [2023-06-09T06:13:25.031+0000] {dag.py:3490} INFO - Setting next_dagrun for example_xcom_args_with_operators to None, run_after=None
[2023-06-09T06:13:25.062+0000] {processor.py:179} INFO - Processing /home/airflow/.local/lib/python3.7/site-packages/airflow/example_dags/example_xcomargs.py took 0.133 seconds
[2023-06-09T06:13:55.458+0000] {processor.py:157} INFO - Started process (PID=1800) to work on /home/airflow/.local/lib/python3.7/site-packages/airflow/example_dags/example_xcomargs.py
[2023-06-09T06:13:55.459+0000] {processor.py:826} INFO - Processing file /home/airflow/.local/lib/python3.7/site-packages/airflow/example_dags/example_xcomargs.py for tasks to queue
[2023-06-09T06:13:55.460+0000] {logging_mixin.py:149} INFO - [2023-06-09T06:13:55.459+0000] {dagbag.py:541} INFO - Filling up the DagBag from /home/airflow/.local/lib/python3.7/site-packages/airflow/example_dags/example_xcomargs.py
[2023-06-09T06:13:55.469+0000] {processor.py:836} INFO - DAG(s) dict_keys(['example_xcom_args', 'example_xcom_args_with_operators']) retrieved from /home/airflow/.local/lib/python3.7/site-packages/airflow/example_dags/example_xcomargs.py
[2023-06-09T06:13:55.506+0000] {logging_mixin.py:149} INFO - [2023-06-09T06:13:55.506+0000] {dag.py:2726} INFO - Sync 2 DAGs
[2023-06-09T06:13:55.540+0000] {logging_mixin.py:149} INFO - [2023-06-09T06:13:55.540+0000] {dag.py:3490} INFO - Setting next_dagrun for example_xcom_args to None, run_after=None
[2023-06-09T06:13:55.544+0000] {logging_mixin.py:149} INFO - [2023-06-09T06:13:55.544+0000] {dag.py:3490} INFO - Setting next_dagrun for example_xcom_args_with_operators to None, run_after=None
[2023-06-09T06:13:55.563+0000] {processor.py:179} INFO - Processing /home/airflow/.local/lib/python3.7/site-packages/airflow/example_dags/example_xcomargs.py took 0.109 seconds
[2023-06-09T06:14:26.179+0000] {processor.py:157} INFO - Started process (PID=1853) to work on /home/airflow/.local/lib/python3.7/site-packages/airflow/example_dags/example_xcomargs.py
[2023-06-09T06:14:26.181+0000] {processor.py:826} INFO - Processing file /home/airflow/.local/lib/python3.7/site-packages/airflow/example_dags/example_xcomargs.py for tasks to queue
[2023-06-09T06:14:26.181+0000] {logging_mixin.py:149} INFO - [2023-06-09T06:14:26.181+0000] {dagbag.py:541} INFO - Filling up the DagBag from /home/airflow/.local/lib/python3.7/site-packages/airflow/example_dags/example_xcomargs.py
[2023-06-09T06:14:26.191+0000] {processor.py:836} INFO - DAG(s) dict_keys(['example_xcom_args', 'example_xcom_args_with_operators']) retrieved from /home/airflow/.local/lib/python3.7/site-packages/airflow/example_dags/example_xcomargs.py
[2023-06-09T06:14:26.234+0000] {logging_mixin.py:149} INFO - [2023-06-09T06:14:26.234+0000] {dag.py:2726} INFO - Sync 2 DAGs
[2023-06-09T06:14:26.270+0000] {logging_mixin.py:149} INFO - [2023-06-09T06:14:26.270+0000] {dag.py:3490} INFO - Setting next_dagrun for example_xcom_args to None, run_after=None
[2023-06-09T06:14:26.276+0000] {logging_mixin.py:149} INFO - [2023-06-09T06:14:26.276+0000] {dag.py:3490} INFO - Setting next_dagrun for example_xcom_args_with_operators to None, run_after=None
[2023-06-09T06:14:26.298+0000] {processor.py:179} INFO - Processing /home/airflow/.local/lib/python3.7/site-packages/airflow/example_dags/example_xcomargs.py took 0.123 seconds
[2023-06-09T06:14:56.652+0000] {processor.py:157} INFO - Started process (PID=1906) to work on /home/airflow/.local/lib/python3.7/site-packages/airflow/example_dags/example_xcomargs.py
[2023-06-09T06:14:56.653+0000] {processor.py:826} INFO - Processing file /home/airflow/.local/lib/python3.7/site-packages/airflow/example_dags/example_xcomargs.py for tasks to queue
[2023-06-09T06:14:56.654+0000] {logging_mixin.py:149} INFO - [2023-06-09T06:14:56.654+0000] {dagbag.py:541} INFO - Filling up the DagBag from /home/airflow/.local/lib/python3.7/site-packages/airflow/example_dags/example_xcomargs.py
[2023-06-09T06:14:56.663+0000] {processor.py:836} INFO - DAG(s) dict_keys(['example_xcom_args', 'example_xcom_args_with_operators']) retrieved from /home/airflow/.local/lib/python3.7/site-packages/airflow/example_dags/example_xcomargs.py
[2023-06-09T06:14:56.699+0000] {logging_mixin.py:149} INFO - [2023-06-09T06:14:56.699+0000] {dag.py:2726} INFO - Sync 2 DAGs
[2023-06-09T06:14:56.732+0000] {logging_mixin.py:149} INFO - [2023-06-09T06:14:56.732+0000] {dag.py:3490} INFO - Setting next_dagrun for example_xcom_args to None, run_after=None
[2023-06-09T06:14:56.736+0000] {logging_mixin.py:149} INFO - [2023-06-09T06:14:56.736+0000] {dag.py:3490} INFO - Setting next_dagrun for example_xcom_args_with_operators to None, run_after=None
[2023-06-09T06:14:56.755+0000] {processor.py:179} INFO - Processing /home/airflow/.local/lib/python3.7/site-packages/airflow/example_dags/example_xcomargs.py took 0.106 seconds
[2023-06-09T06:15:27.590+0000] {processor.py:157} INFO - Started process (PID=1960) to work on /home/airflow/.local/lib/python3.7/site-packages/airflow/example_dags/example_xcomargs.py
[2023-06-09T06:15:27.592+0000] {processor.py:826} INFO - Processing file /home/airflow/.local/lib/python3.7/site-packages/airflow/example_dags/example_xcomargs.py for tasks to queue
[2023-06-09T06:15:27.593+0000] {logging_mixin.py:149} INFO - [2023-06-09T06:15:27.593+0000] {dagbag.py:541} INFO - Filling up the DagBag from /home/airflow/.local/lib/python3.7/site-packages/airflow/example_dags/example_xcomargs.py
[2023-06-09T06:15:27.603+0000] {processor.py:836} INFO - DAG(s) dict_keys(['example_xcom_args_with_operators', 'example_xcom_args']) retrieved from /home/airflow/.local/lib/python3.7/site-packages/airflow/example_dags/example_xcomargs.py
[2023-06-09T06:15:27.641+0000] {logging_mixin.py:149} INFO - [2023-06-09T06:15:27.641+0000] {dag.py:2726} INFO - Sync 2 DAGs
[2023-06-09T06:15:27.677+0000] {logging_mixin.py:149} INFO - [2023-06-09T06:15:27.677+0000] {dag.py:3490} INFO - Setting next_dagrun for example_xcom_args to None, run_after=None
[2023-06-09T06:15:27.681+0000] {logging_mixin.py:149} INFO - [2023-06-09T06:15:27.681+0000] {dag.py:3490} INFO - Setting next_dagrun for example_xcom_args_with_operators to None, run_after=None
[2023-06-09T06:15:27.716+0000] {processor.py:179} INFO - Processing /home/airflow/.local/lib/python3.7/site-packages/airflow/example_dags/example_xcomargs.py took 0.129 seconds
[2023-06-09T06:15:58.030+0000] {processor.py:157} INFO - Started process (PID=2013) to work on /home/airflow/.local/lib/python3.7/site-packages/airflow/example_dags/example_xcomargs.py
[2023-06-09T06:15:58.031+0000] {processor.py:826} INFO - Processing file /home/airflow/.local/lib/python3.7/site-packages/airflow/example_dags/example_xcomargs.py for tasks to queue
[2023-06-09T06:15:58.032+0000] {logging_mixin.py:149} INFO - [2023-06-09T06:15:58.032+0000] {dagbag.py:541} INFO - Filling up the DagBag from /home/airflow/.local/lib/python3.7/site-packages/airflow/example_dags/example_xcomargs.py
[2023-06-09T06:15:58.042+0000] {processor.py:836} INFO - DAG(s) dict_keys(['example_xcom_args_with_operators', 'example_xcom_args']) retrieved from /home/airflow/.local/lib/python3.7/site-packages/airflow/example_dags/example_xcomargs.py
[2023-06-09T06:15:58.081+0000] {logging_mixin.py:149} INFO - [2023-06-09T06:15:58.080+0000] {dag.py:2726} INFO - Sync 2 DAGs
[2023-06-09T06:15:58.116+0000] {logging_mixin.py:149} INFO - [2023-06-09T06:15:58.116+0000] {dag.py:3490} INFO - Setting next_dagrun for example_xcom_args to None, run_after=None
[2023-06-09T06:15:58.122+0000] {logging_mixin.py:149} INFO - [2023-06-09T06:15:58.122+0000] {dag.py:3490} INFO - Setting next_dagrun for example_xcom_args_with_operators to None, run_after=None
[2023-06-09T06:15:58.144+0000] {processor.py:179} INFO - Processing /home/airflow/.local/lib/python3.7/site-packages/airflow/example_dags/example_xcomargs.py took 0.118 seconds
[2023-06-09T06:16:28.976+0000] {processor.py:157} INFO - Started process (PID=2067) to work on /home/airflow/.local/lib/python3.7/site-packages/airflow/example_dags/example_xcomargs.py
[2023-06-09T06:16:28.979+0000] {processor.py:826} INFO - Processing file /home/airflow/.local/lib/python3.7/site-packages/airflow/example_dags/example_xcomargs.py for tasks to queue
[2023-06-09T06:16:28.980+0000] {logging_mixin.py:149} INFO - [2023-06-09T06:16:28.980+0000] {dagbag.py:541} INFO - Filling up the DagBag from /home/airflow/.local/lib/python3.7/site-packages/airflow/example_dags/example_xcomargs.py
[2023-06-09T06:16:28.994+0000] {processor.py:836} INFO - DAG(s) dict_keys(['example_xcom_args_with_operators', 'example_xcom_args']) retrieved from /home/airflow/.local/lib/python3.7/site-packages/airflow/example_dags/example_xcomargs.py
[2023-06-09T06:16:29.031+0000] {logging_mixin.py:149} INFO - [2023-06-09T06:16:29.031+0000] {dag.py:2726} INFO - Sync 2 DAGs
[2023-06-09T06:16:29.076+0000] {logging_mixin.py:149} INFO - [2023-06-09T06:16:29.076+0000] {dag.py:3490} INFO - Setting next_dagrun for example_xcom_args to None, run_after=None
[2023-06-09T06:16:29.081+0000] {logging_mixin.py:149} INFO - [2023-06-09T06:16:29.081+0000] {dag.py:3490} INFO - Setting next_dagrun for example_xcom_args_with_operators to None, run_after=None
[2023-06-09T06:16:29.102+0000] {processor.py:179} INFO - Processing /home/airflow/.local/lib/python3.7/site-packages/airflow/example_dags/example_xcomargs.py took 0.142 seconds
[2023-06-09T06:16:59.298+0000] {processor.py:157} INFO - Started process (PID=2121) to work on /home/airflow/.local/lib/python3.7/site-packages/airflow/example_dags/example_xcomargs.py
[2023-06-09T06:16:59.299+0000] {processor.py:826} INFO - Processing file /home/airflow/.local/lib/python3.7/site-packages/airflow/example_dags/example_xcomargs.py for tasks to queue
[2023-06-09T06:16:59.300+0000] {logging_mixin.py:149} INFO - [2023-06-09T06:16:59.300+0000] {dagbag.py:541} INFO - Filling up the DagBag from /home/airflow/.local/lib/python3.7/site-packages/airflow/example_dags/example_xcomargs.py
[2023-06-09T06:16:59.311+0000] {processor.py:836} INFO - DAG(s) dict_keys(['example_xcom_args', 'example_xcom_args_with_operators']) retrieved from /home/airflow/.local/lib/python3.7/site-packages/airflow/example_dags/example_xcomargs.py
[2023-06-09T06:16:59.347+0000] {logging_mixin.py:149} INFO - [2023-06-09T06:16:59.347+0000] {dag.py:2726} INFO - Sync 2 DAGs
[2023-06-09T06:16:59.381+0000] {logging_mixin.py:149} INFO - [2023-06-09T06:16:59.381+0000] {dag.py:3490} INFO - Setting next_dagrun for example_xcom_args to None, run_after=None
[2023-06-09T06:16:59.386+0000] {logging_mixin.py:149} INFO - [2023-06-09T06:16:59.385+0000] {dag.py:3490} INFO - Setting next_dagrun for example_xcom_args_with_operators to None, run_after=None
[2023-06-09T06:16:59.405+0000] {processor.py:179} INFO - Processing /home/airflow/.local/lib/python3.7/site-packages/airflow/example_dags/example_xcomargs.py took 0.111 seconds
[2023-06-09T06:17:29.738+0000] {processor.py:157} INFO - Started process (PID=2175) to work on /home/airflow/.local/lib/python3.7/site-packages/airflow/example_dags/example_xcomargs.py
[2023-06-09T06:17:29.752+0000] {processor.py:826} INFO - Processing file /home/airflow/.local/lib/python3.7/site-packages/airflow/example_dags/example_xcomargs.py for tasks to queue
[2023-06-09T06:17:29.753+0000] {logging_mixin.py:149} INFO - [2023-06-09T06:17:29.753+0000] {dagbag.py:541} INFO - Filling up the DagBag from /home/airflow/.local/lib/python3.7/site-packages/airflow/example_dags/example_xcomargs.py
[2023-06-09T06:17:29.784+0000] {processor.py:836} INFO - DAG(s) dict_keys(['example_xcom_args', 'example_xcom_args_with_operators']) retrieved from /home/airflow/.local/lib/python3.7/site-packages/airflow/example_dags/example_xcomargs.py
[2023-06-09T06:17:29.912+0000] {logging_mixin.py:149} INFO - [2023-06-09T06:17:29.912+0000] {dag.py:2726} INFO - Sync 2 DAGs
[2023-06-09T06:17:30.079+0000] {logging_mixin.py:149} INFO - [2023-06-09T06:17:30.079+0000] {dag.py:3490} INFO - Setting next_dagrun for example_xcom_args to None, run_after=None
[2023-06-09T06:17:30.101+0000] {logging_mixin.py:149} INFO - [2023-06-09T06:17:30.100+0000] {dag.py:3490} INFO - Setting next_dagrun for example_xcom_args_with_operators to None, run_after=None
[2023-06-09T06:17:30.177+0000] {processor.py:179} INFO - Processing /home/airflow/.local/lib/python3.7/site-packages/airflow/example_dags/example_xcomargs.py took 0.443 seconds
[2023-06-09T06:18:00.987+0000] {processor.py:157} INFO - Started process (PID=2229) to work on /home/airflow/.local/lib/python3.7/site-packages/airflow/example_dags/example_xcomargs.py
[2023-06-09T06:18:00.994+0000] {processor.py:826} INFO - Processing file /home/airflow/.local/lib/python3.7/site-packages/airflow/example_dags/example_xcomargs.py for tasks to queue
[2023-06-09T06:18:00.995+0000] {logging_mixin.py:149} INFO - [2023-06-09T06:18:00.995+0000] {dagbag.py:541} INFO - Filling up the DagBag from /home/airflow/.local/lib/python3.7/site-packages/airflow/example_dags/example_xcomargs.py
[2023-06-09T06:18:01.013+0000] {processor.py:836} INFO - DAG(s) dict_keys(['example_xcom_args', 'example_xcom_args_with_operators']) retrieved from /home/airflow/.local/lib/python3.7/site-packages/airflow/example_dags/example_xcomargs.py
[2023-06-09T06:18:01.089+0000] {logging_mixin.py:149} INFO - [2023-06-09T06:18:01.089+0000] {dag.py:2726} INFO - Sync 2 DAGs
[2023-06-09T06:18:01.156+0000] {logging_mixin.py:149} INFO - [2023-06-09T06:18:01.156+0000] {dag.py:3490} INFO - Setting next_dagrun for example_xcom_args to None, run_after=None
[2023-06-09T06:18:01.167+0000] {logging_mixin.py:149} INFO - [2023-06-09T06:18:01.167+0000] {dag.py:3490} INFO - Setting next_dagrun for example_xcom_args_with_operators to None, run_after=None
[2023-06-09T06:18:01.206+0000] {processor.py:179} INFO - Processing /home/airflow/.local/lib/python3.7/site-packages/airflow/example_dags/example_xcomargs.py took 0.227 seconds
[2023-06-09T06:18:31.576+0000] {processor.py:157} INFO - Started process (PID=2283) to work on /home/airflow/.local/lib/python3.7/site-packages/airflow/example_dags/example_xcomargs.py
[2023-06-09T06:18:31.577+0000] {processor.py:826} INFO - Processing file /home/airflow/.local/lib/python3.7/site-packages/airflow/example_dags/example_xcomargs.py for tasks to queue
[2023-06-09T06:18:31.578+0000] {logging_mixin.py:149} INFO - [2023-06-09T06:18:31.578+0000] {dagbag.py:541} INFO - Filling up the DagBag from /home/airflow/.local/lib/python3.7/site-packages/airflow/example_dags/example_xcomargs.py
[2023-06-09T06:18:31.587+0000] {processor.py:836} INFO - DAG(s) dict_keys(['example_xcom_args', 'example_xcom_args_with_operators']) retrieved from /home/airflow/.local/lib/python3.7/site-packages/airflow/example_dags/example_xcomargs.py
[2023-06-09T06:18:31.624+0000] {logging_mixin.py:149} INFO - [2023-06-09T06:18:31.624+0000] {dag.py:2726} INFO - Sync 2 DAGs
[2023-06-09T06:18:31.659+0000] {logging_mixin.py:149} INFO - [2023-06-09T06:18:31.658+0000] {dag.py:3490} INFO - Setting next_dagrun for example_xcom_args to None, run_after=None
[2023-06-09T06:18:31.663+0000] {logging_mixin.py:149} INFO - [2023-06-09T06:18:31.663+0000] {dag.py:3490} INFO - Setting next_dagrun for example_xcom_args_with_operators to None, run_after=None
[2023-06-09T06:18:31.683+0000] {processor.py:179} INFO - Processing /home/airflow/.local/lib/python3.7/site-packages/airflow/example_dags/example_xcomargs.py took 0.111 seconds
[2023-06-09T06:19:02.391+0000] {processor.py:157} INFO - Started process (PID=2336) to work on /home/airflow/.local/lib/python3.7/site-packages/airflow/example_dags/example_xcomargs.py
[2023-06-09T06:19:02.393+0000] {processor.py:826} INFO - Processing file /home/airflow/.local/lib/python3.7/site-packages/airflow/example_dags/example_xcomargs.py for tasks to queue
[2023-06-09T06:19:02.394+0000] {logging_mixin.py:149} INFO - [2023-06-09T06:19:02.393+0000] {dagbag.py:541} INFO - Filling up the DagBag from /home/airflow/.local/lib/python3.7/site-packages/airflow/example_dags/example_xcomargs.py
[2023-06-09T06:19:02.403+0000] {processor.py:836} INFO - DAG(s) dict_keys(['example_xcom_args_with_operators', 'example_xcom_args']) retrieved from /home/airflow/.local/lib/python3.7/site-packages/airflow/example_dags/example_xcomargs.py
[2023-06-09T06:19:02.445+0000] {logging_mixin.py:149} INFO - [2023-06-09T06:19:02.445+0000] {dag.py:2726} INFO - Sync 2 DAGs
[2023-06-09T06:19:02.479+0000] {logging_mixin.py:149} INFO - [2023-06-09T06:19:02.479+0000] {dag.py:3490} INFO - Setting next_dagrun for example_xcom_args to None, run_after=None
[2023-06-09T06:19:02.484+0000] {logging_mixin.py:149} INFO - [2023-06-09T06:19:02.483+0000] {dag.py:3490} INFO - Setting next_dagrun for example_xcom_args_with_operators to None, run_after=None
[2023-06-09T06:19:02.523+0000] {processor.py:179} INFO - Processing /home/airflow/.local/lib/python3.7/site-packages/airflow/example_dags/example_xcomargs.py took 0.136 seconds
[2023-06-09T06:19:33.403+0000] {processor.py:157} INFO - Started process (PID=2390) to work on /home/airflow/.local/lib/python3.7/site-packages/airflow/example_dags/example_xcomargs.py
[2023-06-09T06:19:33.403+0000] {processor.py:826} INFO - Processing file /home/airflow/.local/lib/python3.7/site-packages/airflow/example_dags/example_xcomargs.py for tasks to queue
[2023-06-09T06:19:33.404+0000] {logging_mixin.py:149} INFO - [2023-06-09T06:19:33.404+0000] {dagbag.py:541} INFO - Filling up the DagBag from /home/airflow/.local/lib/python3.7/site-packages/airflow/example_dags/example_xcomargs.py
[2023-06-09T06:19:33.414+0000] {processor.py:836} INFO - DAG(s) dict_keys(['example_xcom_args_with_operators', 'example_xcom_args']) retrieved from /home/airflow/.local/lib/python3.7/site-packages/airflow/example_dags/example_xcomargs.py
[2023-06-09T06:19:33.456+0000] {logging_mixin.py:149} INFO - [2023-06-09T06:19:33.456+0000] {dag.py:2726} INFO - Sync 2 DAGs
[2023-06-09T06:19:33.496+0000] {logging_mixin.py:149} INFO - [2023-06-09T06:19:33.496+0000] {dag.py:3490} INFO - Setting next_dagrun for example_xcom_args to None, run_after=None
[2023-06-09T06:19:33.501+0000] {logging_mixin.py:149} INFO - [2023-06-09T06:19:33.501+0000] {dag.py:3490} INFO - Setting next_dagrun for example_xcom_args_with_operators to None, run_after=None
[2023-06-09T06:19:33.521+0000] {processor.py:179} INFO - Processing /home/airflow/.local/lib/python3.7/site-packages/airflow/example_dags/example_xcomargs.py took 0.122 seconds
[2023-06-09T06:20:03.703+0000] {processor.py:157} INFO - Started process (PID=2445) to work on /home/airflow/.local/lib/python3.7/site-packages/airflow/example_dags/example_xcomargs.py
[2023-06-09T06:20:03.708+0000] {processor.py:826} INFO - Processing file /home/airflow/.local/lib/python3.7/site-packages/airflow/example_dags/example_xcomargs.py for tasks to queue
[2023-06-09T06:20:03.709+0000] {logging_mixin.py:149} INFO - [2023-06-09T06:20:03.709+0000] {dagbag.py:541} INFO - Filling up the DagBag from /home/airflow/.local/lib/python3.7/site-packages/airflow/example_dags/example_xcomargs.py
[2023-06-09T06:20:03.731+0000] {processor.py:836} INFO - DAG(s) dict_keys(['example_xcom_args', 'example_xcom_args_with_operators']) retrieved from /home/airflow/.local/lib/python3.7/site-packages/airflow/example_dags/example_xcomargs.py
[2023-06-09T06:20:03.829+0000] {logging_mixin.py:149} INFO - [2023-06-09T06:20:03.824+0000] {dag.py:2726} INFO - Sync 2 DAGs
[2023-06-09T06:20:03.913+0000] {logging_mixin.py:149} INFO - [2023-06-09T06:20:03.912+0000] {dag.py:3490} INFO - Setting next_dagrun for example_xcom_args to None, run_after=None
[2023-06-09T06:20:03.918+0000] {logging_mixin.py:149} INFO - [2023-06-09T06:20:03.918+0000] {dag.py:3490} INFO - Setting next_dagrun for example_xcom_args_with_operators to None, run_after=None
[2023-06-09T06:20:03.942+0000] {processor.py:179} INFO - Processing /home/airflow/.local/lib/python3.7/site-packages/airflow/example_dags/example_xcomargs.py took 0.243 seconds
[2023-06-09T06:20:34.320+0000] {processor.py:157} INFO - Started process (PID=2506) to work on /home/airflow/.local/lib/python3.7/site-packages/airflow/example_dags/example_xcomargs.py
[2023-06-09T06:20:34.321+0000] {processor.py:826} INFO - Processing file /home/airflow/.local/lib/python3.7/site-packages/airflow/example_dags/example_xcomargs.py for tasks to queue
[2023-06-09T06:20:34.322+0000] {logging_mixin.py:149} INFO - [2023-06-09T06:20:34.321+0000] {dagbag.py:541} INFO - Filling up the DagBag from /home/airflow/.local/lib/python3.7/site-packages/airflow/example_dags/example_xcomargs.py
[2023-06-09T06:20:34.331+0000] {processor.py:836} INFO - DAG(s) dict_keys(['example_xcom_args', 'example_xcom_args_with_operators']) retrieved from /home/airflow/.local/lib/python3.7/site-packages/airflow/example_dags/example_xcomargs.py
[2023-06-09T06:20:34.368+0000] {logging_mixin.py:149} INFO - [2023-06-09T06:20:34.367+0000] {dag.py:2726} INFO - Sync 2 DAGs
[2023-06-09T06:20:34.404+0000] {logging_mixin.py:149} INFO - [2023-06-09T06:20:34.404+0000] {dag.py:3490} INFO - Setting next_dagrun for example_xcom_args to None, run_after=None
[2023-06-09T06:20:34.408+0000] {logging_mixin.py:149} INFO - [2023-06-09T06:20:34.408+0000] {dag.py:3490} INFO - Setting next_dagrun for example_xcom_args_with_operators to None, run_after=None
[2023-06-09T06:20:34.430+0000] {processor.py:179} INFO - Processing /home/airflow/.local/lib/python3.7/site-packages/airflow/example_dags/example_xcomargs.py took 0.114 seconds
[2023-06-09T06:21:04.471+0000] {processor.py:157} INFO - Started process (PID=2560) to work on /home/airflow/.local/lib/python3.7/site-packages/airflow/example_dags/example_xcomargs.py
[2023-06-09T06:21:04.473+0000] {processor.py:826} INFO - Processing file /home/airflow/.local/lib/python3.7/site-packages/airflow/example_dags/example_xcomargs.py for tasks to queue
[2023-06-09T06:21:04.473+0000] {logging_mixin.py:149} INFO - [2023-06-09T06:21:04.473+0000] {dagbag.py:541} INFO - Filling up the DagBag from /home/airflow/.local/lib/python3.7/site-packages/airflow/example_dags/example_xcomargs.py
[2023-06-09T06:21:04.483+0000] {processor.py:836} INFO - DAG(s) dict_keys(['example_xcom_args_with_operators', 'example_xcom_args']) retrieved from /home/airflow/.local/lib/python3.7/site-packages/airflow/example_dags/example_xcomargs.py
[2023-06-09T06:21:04.518+0000] {logging_mixin.py:149} INFO - [2023-06-09T06:21:04.518+0000] {dag.py:2726} INFO - Sync 2 DAGs
[2023-06-09T06:21:04.552+0000] {logging_mixin.py:149} INFO - [2023-06-09T06:21:04.552+0000] {dag.py:3490} INFO - Setting next_dagrun for example_xcom_args to None, run_after=None
[2023-06-09T06:21:04.556+0000] {logging_mixin.py:149} INFO - [2023-06-09T06:21:04.556+0000] {dag.py:3490} INFO - Setting next_dagrun for example_xcom_args_with_operators to None, run_after=None
[2023-06-09T06:21:04.579+0000] {processor.py:179} INFO - Processing /home/airflow/.local/lib/python3.7/site-packages/airflow/example_dags/example_xcomargs.py took 0.111 seconds
[2023-06-09T06:21:35.251+0000] {processor.py:157} INFO - Started process (PID=2614) to work on /home/airflow/.local/lib/python3.7/site-packages/airflow/example_dags/example_xcomargs.py
[2023-06-09T06:21:35.252+0000] {processor.py:826} INFO - Processing file /home/airflow/.local/lib/python3.7/site-packages/airflow/example_dags/example_xcomargs.py for tasks to queue
[2023-06-09T06:21:35.253+0000] {logging_mixin.py:149} INFO - [2023-06-09T06:21:35.253+0000] {dagbag.py:541} INFO - Filling up the DagBag from /home/airflow/.local/lib/python3.7/site-packages/airflow/example_dags/example_xcomargs.py
[2023-06-09T06:21:35.263+0000] {processor.py:836} INFO - DAG(s) dict_keys(['example_xcom_args', 'example_xcom_args_with_operators']) retrieved from /home/airflow/.local/lib/python3.7/site-packages/airflow/example_dags/example_xcomargs.py
[2023-06-09T06:21:35.300+0000] {logging_mixin.py:149} INFO - [2023-06-09T06:21:35.300+0000] {dag.py:2726} INFO - Sync 2 DAGs
[2023-06-09T06:21:35.333+0000] {logging_mixin.py:149} INFO - [2023-06-09T06:21:35.333+0000] {dag.py:3490} INFO - Setting next_dagrun for example_xcom_args to None, run_after=None
[2023-06-09T06:21:35.338+0000] {logging_mixin.py:149} INFO - [2023-06-09T06:21:35.337+0000] {dag.py:3490} INFO - Setting next_dagrun for example_xcom_args_with_operators to None, run_after=None
[2023-06-09T06:21:35.360+0000] {processor.py:179} INFO - Processing /home/airflow/.local/lib/python3.7/site-packages/airflow/example_dags/example_xcomargs.py took 0.113 seconds
[2023-06-09T06:22:05.651+0000] {processor.py:157} INFO - Started process (PID=2668) to work on /home/airflow/.local/lib/python3.7/site-packages/airflow/example_dags/example_xcomargs.py
[2023-06-09T06:22:05.653+0000] {processor.py:826} INFO - Processing file /home/airflow/.local/lib/python3.7/site-packages/airflow/example_dags/example_xcomargs.py for tasks to queue
[2023-06-09T06:22:05.654+0000] {logging_mixin.py:149} INFO - [2023-06-09T06:22:05.654+0000] {dagbag.py:541} INFO - Filling up the DagBag from /home/airflow/.local/lib/python3.7/site-packages/airflow/example_dags/example_xcomargs.py
[2023-06-09T06:22:05.664+0000] {processor.py:836} INFO - DAG(s) dict_keys(['example_xcom_args', 'example_xcom_args_with_operators']) retrieved from /home/airflow/.local/lib/python3.7/site-packages/airflow/example_dags/example_xcomargs.py
[2023-06-09T06:22:05.700+0000] {logging_mixin.py:149} INFO - [2023-06-09T06:22:05.700+0000] {dag.py:2726} INFO - Sync 2 DAGs
[2023-06-09T06:22:05.737+0000] {logging_mixin.py:149} INFO - [2023-06-09T06:22:05.737+0000] {dag.py:3490} INFO - Setting next_dagrun for example_xcom_args to None, run_after=None
[2023-06-09T06:22:05.742+0000] {logging_mixin.py:149} INFO - [2023-06-09T06:22:05.741+0000] {dag.py:3490} INFO - Setting next_dagrun for example_xcom_args_with_operators to None, run_after=None
[2023-06-09T06:22:05.762+0000] {processor.py:179} INFO - Processing /home/airflow/.local/lib/python3.7/site-packages/airflow/example_dags/example_xcomargs.py took 0.115 seconds
[2023-06-09T06:22:36.539+0000] {processor.py:157} INFO - Started process (PID=2722) to work on /home/airflow/.local/lib/python3.7/site-packages/airflow/example_dags/example_xcomargs.py
[2023-06-09T06:22:36.540+0000] {processor.py:826} INFO - Processing file /home/airflow/.local/lib/python3.7/site-packages/airflow/example_dags/example_xcomargs.py for tasks to queue
[2023-06-09T06:22:36.541+0000] {logging_mixin.py:149} INFO - [2023-06-09T06:22:36.541+0000] {dagbag.py:541} INFO - Filling up the DagBag from /home/airflow/.local/lib/python3.7/site-packages/airflow/example_dags/example_xcomargs.py
[2023-06-09T06:22:36.551+0000] {processor.py:836} INFO - DAG(s) dict_keys(['example_xcom_args', 'example_xcom_args_with_operators']) retrieved from /home/airflow/.local/lib/python3.7/site-packages/airflow/example_dags/example_xcomargs.py
[2023-06-09T06:22:36.592+0000] {logging_mixin.py:149} INFO - [2023-06-09T06:22:36.592+0000] {dag.py:2726} INFO - Sync 2 DAGs
[2023-06-09T06:22:36.626+0000] {logging_mixin.py:149} INFO - [2023-06-09T06:22:36.626+0000] {dag.py:3490} INFO - Setting next_dagrun for example_xcom_args to None, run_after=None
[2023-06-09T06:22:36.631+0000] {logging_mixin.py:149} INFO - [2023-06-09T06:22:36.631+0000] {dag.py:3490} INFO - Setting next_dagrun for example_xcom_args_with_operators to None, run_after=None
[2023-06-09T06:22:36.652+0000] {processor.py:179} INFO - Processing /home/airflow/.local/lib/python3.7/site-packages/airflow/example_dags/example_xcomargs.py took 0.116 seconds
[2023-06-09T06:23:06.746+0000] {processor.py:157} INFO - Started process (PID=2776) to work on /home/airflow/.local/lib/python3.7/site-packages/airflow/example_dags/example_xcomargs.py
[2023-06-09T06:23:06.747+0000] {processor.py:826} INFO - Processing file /home/airflow/.local/lib/python3.7/site-packages/airflow/example_dags/example_xcomargs.py for tasks to queue
[2023-06-09T06:23:06.748+0000] {logging_mixin.py:149} INFO - [2023-06-09T06:23:06.748+0000] {dagbag.py:541} INFO - Filling up the DagBag from /home/airflow/.local/lib/python3.7/site-packages/airflow/example_dags/example_xcomargs.py
[2023-06-09T06:23:06.758+0000] {processor.py:836} INFO - DAG(s) dict_keys(['example_xcom_args', 'example_xcom_args_with_operators']) retrieved from /home/airflow/.local/lib/python3.7/site-packages/airflow/example_dags/example_xcomargs.py
[2023-06-09T06:23:06.798+0000] {logging_mixin.py:149} INFO - [2023-06-09T06:23:06.798+0000] {dag.py:2726} INFO - Sync 2 DAGs
[2023-06-09T06:23:06.832+0000] {logging_mixin.py:149} INFO - [2023-06-09T06:23:06.831+0000] {dag.py:3490} INFO - Setting next_dagrun for example_xcom_args to None, run_after=None
[2023-06-09T06:23:06.840+0000] {logging_mixin.py:149} INFO - [2023-06-09T06:23:06.840+0000] {dag.py:3490} INFO - Setting next_dagrun for example_xcom_args_with_operators to None, run_after=None
[2023-06-09T06:23:06.860+0000] {processor.py:179} INFO - Processing /home/airflow/.local/lib/python3.7/site-packages/airflow/example_dags/example_xcomargs.py took 0.118 seconds
[2023-06-09T06:23:37.342+0000] {processor.py:157} INFO - Started process (PID=2829) to work on /home/airflow/.local/lib/python3.7/site-packages/airflow/example_dags/example_xcomargs.py
[2023-06-09T06:23:37.343+0000] {processor.py:826} INFO - Processing file /home/airflow/.local/lib/python3.7/site-packages/airflow/example_dags/example_xcomargs.py for tasks to queue
[2023-06-09T06:23:37.344+0000] {logging_mixin.py:149} INFO - [2023-06-09T06:23:37.344+0000] {dagbag.py:541} INFO - Filling up the DagBag from /home/airflow/.local/lib/python3.7/site-packages/airflow/example_dags/example_xcomargs.py
[2023-06-09T06:23:37.353+0000] {processor.py:836} INFO - DAG(s) dict_keys(['example_xcom_args', 'example_xcom_args_with_operators']) retrieved from /home/airflow/.local/lib/python3.7/site-packages/airflow/example_dags/example_xcomargs.py
[2023-06-09T06:23:37.389+0000] {logging_mixin.py:149} INFO - [2023-06-09T06:23:37.389+0000] {dag.py:2726} INFO - Sync 2 DAGs
[2023-06-09T06:23:37.423+0000] {logging_mixin.py:149} INFO - [2023-06-09T06:23:37.423+0000] {dag.py:3490} INFO - Setting next_dagrun for example_xcom_args to None, run_after=None
[2023-06-09T06:23:37.428+0000] {logging_mixin.py:149} INFO - [2023-06-09T06:23:37.428+0000] {dag.py:3490} INFO - Setting next_dagrun for example_xcom_args_with_operators to None, run_after=None
[2023-06-09T06:23:37.447+0000] {processor.py:179} INFO - Processing /home/airflow/.local/lib/python3.7/site-packages/airflow/example_dags/example_xcomargs.py took 0.109 seconds
[2023-06-09T06:24:07.491+0000] {processor.py:157} INFO - Started process (PID=2883) to work on /home/airflow/.local/lib/python3.7/site-packages/airflow/example_dags/example_xcomargs.py
[2023-06-09T06:24:07.493+0000] {processor.py:826} INFO - Processing file /home/airflow/.local/lib/python3.7/site-packages/airflow/example_dags/example_xcomargs.py for tasks to queue
[2023-06-09T06:24:07.493+0000] {logging_mixin.py:149} INFO - [2023-06-09T06:24:07.493+0000] {dagbag.py:541} INFO - Filling up the DagBag from /home/airflow/.local/lib/python3.7/site-packages/airflow/example_dags/example_xcomargs.py
[2023-06-09T06:24:07.503+0000] {processor.py:836} INFO - DAG(s) dict_keys(['example_xcom_args', 'example_xcom_args_with_operators']) retrieved from /home/airflow/.local/lib/python3.7/site-packages/airflow/example_dags/example_xcomargs.py
[2023-06-09T06:24:07.541+0000] {logging_mixin.py:149} INFO - [2023-06-09T06:24:07.540+0000] {dag.py:2726} INFO - Sync 2 DAGs
[2023-06-09T06:24:07.588+0000] {logging_mixin.py:149} INFO - [2023-06-09T06:24:07.588+0000] {dag.py:3490} INFO - Setting next_dagrun for example_xcom_args to None, run_after=None
[2023-06-09T06:24:07.594+0000] {logging_mixin.py:149} INFO - [2023-06-09T06:24:07.594+0000] {dag.py:3490} INFO - Setting next_dagrun for example_xcom_args_with_operators to None, run_after=None
[2023-06-09T06:24:07.625+0000] {processor.py:179} INFO - Processing /home/airflow/.local/lib/python3.7/site-packages/airflow/example_dags/example_xcomargs.py took 0.138 seconds
[2023-06-09T06:24:38.579+0000] {processor.py:157} INFO - Started process (PID=2937) to work on /home/airflow/.local/lib/python3.7/site-packages/airflow/example_dags/example_xcomargs.py
[2023-06-09T06:24:38.579+0000] {processor.py:826} INFO - Processing file /home/airflow/.local/lib/python3.7/site-packages/airflow/example_dags/example_xcomargs.py for tasks to queue
[2023-06-09T06:24:38.580+0000] {logging_mixin.py:149} INFO - [2023-06-09T06:24:38.580+0000] {dagbag.py:541} INFO - Filling up the DagBag from /home/airflow/.local/lib/python3.7/site-packages/airflow/example_dags/example_xcomargs.py
[2023-06-09T06:24:38.590+0000] {processor.py:836} INFO - DAG(s) dict_keys(['example_xcom_args', 'example_xcom_args_with_operators']) retrieved from /home/airflow/.local/lib/python3.7/site-packages/airflow/example_dags/example_xcomargs.py
[2023-06-09T06:24:38.628+0000] {logging_mixin.py:149} INFO - [2023-06-09T06:24:38.627+0000] {dag.py:2726} INFO - Sync 2 DAGs
[2023-06-09T06:24:38.662+0000] {logging_mixin.py:149} INFO - [2023-06-09T06:24:38.662+0000] {dag.py:3490} INFO - Setting next_dagrun for example_xcom_args to None, run_after=None
[2023-06-09T06:24:38.667+0000] {logging_mixin.py:149} INFO - [2023-06-09T06:24:38.667+0000] {dag.py:3490} INFO - Setting next_dagrun for example_xcom_args_with_operators to None, run_after=None
[2023-06-09T06:24:38.687+0000] {processor.py:179} INFO - Processing /home/airflow/.local/lib/python3.7/site-packages/airflow/example_dags/example_xcomargs.py took 0.113 seconds
[2023-06-09T06:25:09.131+0000] {processor.py:157} INFO - Started process (PID=2991) to work on /home/airflow/.local/lib/python3.7/site-packages/airflow/example_dags/example_xcomargs.py
[2023-06-09T06:25:09.132+0000] {processor.py:826} INFO - Processing file /home/airflow/.local/lib/python3.7/site-packages/airflow/example_dags/example_xcomargs.py for tasks to queue
[2023-06-09T06:25:09.133+0000] {logging_mixin.py:149} INFO - [2023-06-09T06:25:09.133+0000] {dagbag.py:541} INFO - Filling up the DagBag from /home/airflow/.local/lib/python3.7/site-packages/airflow/example_dags/example_xcomargs.py
[2023-06-09T06:25:09.143+0000] {processor.py:836} INFO - DAG(s) dict_keys(['example_xcom_args_with_operators', 'example_xcom_args']) retrieved from /home/airflow/.local/lib/python3.7/site-packages/airflow/example_dags/example_xcomargs.py
[2023-06-09T06:25:09.180+0000] {logging_mixin.py:149} INFO - [2023-06-09T06:25:09.180+0000] {dag.py:2726} INFO - Sync 2 DAGs
[2023-06-09T06:25:09.215+0000] {logging_mixin.py:149} INFO - [2023-06-09T06:25:09.215+0000] {dag.py:3490} INFO - Setting next_dagrun for example_xcom_args to None, run_after=None
[2023-06-09T06:25:09.220+0000] {logging_mixin.py:149} INFO - [2023-06-09T06:25:09.220+0000] {dag.py:3490} INFO - Setting next_dagrun for example_xcom_args_with_operators to None, run_after=None
[2023-06-09T06:25:09.241+0000] {processor.py:179} INFO - Processing /home/airflow/.local/lib/python3.7/site-packages/airflow/example_dags/example_xcomargs.py took 0.114 seconds
[2023-06-09T06:25:39.264+0000] {processor.py:157} INFO - Started process (PID=3046) to work on /home/airflow/.local/lib/python3.7/site-packages/airflow/example_dags/example_xcomargs.py
[2023-06-09T06:25:39.266+0000] {processor.py:826} INFO - Processing file /home/airflow/.local/lib/python3.7/site-packages/airflow/example_dags/example_xcomargs.py for tasks to queue
[2023-06-09T06:25:39.266+0000] {logging_mixin.py:149} INFO - [2023-06-09T06:25:39.266+0000] {dagbag.py:541} INFO - Filling up the DagBag from /home/airflow/.local/lib/python3.7/site-packages/airflow/example_dags/example_xcomargs.py
[2023-06-09T06:25:39.276+0000] {processor.py:836} INFO - DAG(s) dict_keys(['example_xcom_args_with_operators', 'example_xcom_args']) retrieved from /home/airflow/.local/lib/python3.7/site-packages/airflow/example_dags/example_xcomargs.py
[2023-06-09T06:25:39.312+0000] {logging_mixin.py:149} INFO - [2023-06-09T06:25:39.311+0000] {dag.py:2726} INFO - Sync 2 DAGs
[2023-06-09T06:25:39.346+0000] {logging_mixin.py:149} INFO - [2023-06-09T06:25:39.346+0000] {dag.py:3490} INFO - Setting next_dagrun for example_xcom_args to None, run_after=None
[2023-06-09T06:25:39.350+0000] {logging_mixin.py:149} INFO - [2023-06-09T06:25:39.350+0000] {dag.py:3490} INFO - Setting next_dagrun for example_xcom_args_with_operators to None, run_after=None
[2023-06-09T06:25:39.372+0000] {processor.py:179} INFO - Processing /home/airflow/.local/lib/python3.7/site-packages/airflow/example_dags/example_xcomargs.py took 0.113 seconds
[2023-06-09T06:26:10.102+0000] {processor.py:157} INFO - Started process (PID=3099) to work on /home/airflow/.local/lib/python3.7/site-packages/airflow/example_dags/example_xcomargs.py
[2023-06-09T06:26:10.103+0000] {processor.py:826} INFO - Processing file /home/airflow/.local/lib/python3.7/site-packages/airflow/example_dags/example_xcomargs.py for tasks to queue
[2023-06-09T06:26:10.104+0000] {logging_mixin.py:149} INFO - [2023-06-09T06:26:10.104+0000] {dagbag.py:541} INFO - Filling up the DagBag from /home/airflow/.local/lib/python3.7/site-packages/airflow/example_dags/example_xcomargs.py
[2023-06-09T06:26:10.115+0000] {processor.py:836} INFO - DAG(s) dict_keys(['example_xcom_args_with_operators', 'example_xcom_args']) retrieved from /home/airflow/.local/lib/python3.7/site-packages/airflow/example_dags/example_xcomargs.py
[2023-06-09T06:26:10.155+0000] {logging_mixin.py:149} INFO - [2023-06-09T06:26:10.155+0000] {dag.py:2726} INFO - Sync 2 DAGs
[2023-06-09T06:26:10.189+0000] {logging_mixin.py:149} INFO - [2023-06-09T06:26:10.189+0000] {dag.py:3490} INFO - Setting next_dagrun for example_xcom_args to None, run_after=None
[2023-06-09T06:26:10.193+0000] {logging_mixin.py:149} INFO - [2023-06-09T06:26:10.193+0000] {dag.py:3490} INFO - Setting next_dagrun for example_xcom_args_with_operators to None, run_after=None
[2023-06-09T06:26:10.215+0000] {processor.py:179} INFO - Processing /home/airflow/.local/lib/python3.7/site-packages/airflow/example_dags/example_xcomargs.py took 0.117 seconds
[2023-06-09T06:26:40.307+0000] {processor.py:157} INFO - Started process (PID=3153) to work on /home/airflow/.local/lib/python3.7/site-packages/airflow/example_dags/example_xcomargs.py
[2023-06-09T06:26:40.308+0000] {processor.py:826} INFO - Processing file /home/airflow/.local/lib/python3.7/site-packages/airflow/example_dags/example_xcomargs.py for tasks to queue
[2023-06-09T06:26:40.309+0000] {logging_mixin.py:149} INFO - [2023-06-09T06:26:40.309+0000] {dagbag.py:541} INFO - Filling up the DagBag from /home/airflow/.local/lib/python3.7/site-packages/airflow/example_dags/example_xcomargs.py
[2023-06-09T06:26:40.319+0000] {processor.py:836} INFO - DAG(s) dict_keys(['example_xcom_args', 'example_xcom_args_with_operators']) retrieved from /home/airflow/.local/lib/python3.7/site-packages/airflow/example_dags/example_xcomargs.py
[2023-06-09T06:26:40.361+0000] {logging_mixin.py:149} INFO - [2023-06-09T06:26:40.361+0000] {dag.py:2726} INFO - Sync 2 DAGs
[2023-06-09T06:26:40.394+0000] {logging_mixin.py:149} INFO - [2023-06-09T06:26:40.394+0000] {dag.py:3490} INFO - Setting next_dagrun for example_xcom_args to None, run_after=None
[2023-06-09T06:26:40.399+0000] {logging_mixin.py:149} INFO - [2023-06-09T06:26:40.399+0000] {dag.py:3490} INFO - Setting next_dagrun for example_xcom_args_with_operators to None, run_after=None
[2023-06-09T06:26:40.418+0000] {processor.py:179} INFO - Processing /home/airflow/.local/lib/python3.7/site-packages/airflow/example_dags/example_xcomargs.py took 0.115 seconds
[2023-06-09T06:27:10.680+0000] {processor.py:157} INFO - Started process (PID=3207) to work on /home/airflow/.local/lib/python3.7/site-packages/airflow/example_dags/example_xcomargs.py
[2023-06-09T06:27:10.681+0000] {processor.py:826} INFO - Processing file /home/airflow/.local/lib/python3.7/site-packages/airflow/example_dags/example_xcomargs.py for tasks to queue
[2023-06-09T06:27:10.681+0000] {logging_mixin.py:149} INFO - [2023-06-09T06:27:10.681+0000] {dagbag.py:541} INFO - Filling up the DagBag from /home/airflow/.local/lib/python3.7/site-packages/airflow/example_dags/example_xcomargs.py
[2023-06-09T06:27:10.691+0000] {processor.py:836} INFO - DAG(s) dict_keys(['example_xcom_args_with_operators', 'example_xcom_args']) retrieved from /home/airflow/.local/lib/python3.7/site-packages/airflow/example_dags/example_xcomargs.py
[2023-06-09T06:27:10.732+0000] {logging_mixin.py:149} INFO - [2023-06-09T06:27:10.732+0000] {dag.py:2726} INFO - Sync 2 DAGs
[2023-06-09T06:27:10.765+0000] {logging_mixin.py:149} INFO - [2023-06-09T06:27:10.765+0000] {dag.py:3490} INFO - Setting next_dagrun for example_xcom_args to None, run_after=None
[2023-06-09T06:27:10.770+0000] {logging_mixin.py:149} INFO - [2023-06-09T06:27:10.770+0000] {dag.py:3490} INFO - Setting next_dagrun for example_xcom_args_with_operators to None, run_after=None
[2023-06-09T06:27:10.791+0000] {processor.py:179} INFO - Processing /home/airflow/.local/lib/python3.7/site-packages/airflow/example_dags/example_xcomargs.py took 0.115 seconds
[2023-06-09T06:27:41.147+0000] {processor.py:157} INFO - Started process (PID=3260) to work on /home/airflow/.local/lib/python3.7/site-packages/airflow/example_dags/example_xcomargs.py
[2023-06-09T06:27:41.151+0000] {processor.py:826} INFO - Processing file /home/airflow/.local/lib/python3.7/site-packages/airflow/example_dags/example_xcomargs.py for tasks to queue
[2023-06-09T06:27:41.152+0000] {logging_mixin.py:149} INFO - [2023-06-09T06:27:41.152+0000] {dagbag.py:541} INFO - Filling up the DagBag from /home/airflow/.local/lib/python3.7/site-packages/airflow/example_dags/example_xcomargs.py
[2023-06-09T06:27:41.173+0000] {processor.py:836} INFO - DAG(s) dict_keys(['example_xcom_args_with_operators', 'example_xcom_args']) retrieved from /home/airflow/.local/lib/python3.7/site-packages/airflow/example_dags/example_xcomargs.py
[2023-06-09T06:27:41.224+0000] {logging_mixin.py:149} INFO - [2023-06-09T06:27:41.224+0000] {dag.py:2726} INFO - Sync 2 DAGs
[2023-06-09T06:27:41.259+0000] {logging_mixin.py:149} INFO - [2023-06-09T06:27:41.258+0000] {dag.py:3490} INFO - Setting next_dagrun for example_xcom_args to None, run_after=None
[2023-06-09T06:27:41.264+0000] {logging_mixin.py:149} INFO - [2023-06-09T06:27:41.264+0000] {dag.py:3490} INFO - Setting next_dagrun for example_xcom_args_with_operators to None, run_after=None
[2023-06-09T06:27:41.287+0000] {processor.py:179} INFO - Processing /home/airflow/.local/lib/python3.7/site-packages/airflow/example_dags/example_xcomargs.py took 0.148 seconds
[2023-06-09T06:28:11.534+0000] {processor.py:157} INFO - Started process (PID=3314) to work on /home/airflow/.local/lib/python3.7/site-packages/airflow/example_dags/example_xcomargs.py
[2023-06-09T06:28:11.543+0000] {processor.py:826} INFO - Processing file /home/airflow/.local/lib/python3.7/site-packages/airflow/example_dags/example_xcomargs.py for tasks to queue
[2023-06-09T06:28:11.544+0000] {logging_mixin.py:149} INFO - [2023-06-09T06:28:11.543+0000] {dagbag.py:541} INFO - Filling up the DagBag from /home/airflow/.local/lib/python3.7/site-packages/airflow/example_dags/example_xcomargs.py
[2023-06-09T06:28:11.561+0000] {processor.py:836} INFO - DAG(s) dict_keys(['example_xcom_args_with_operators', 'example_xcom_args']) retrieved from /home/airflow/.local/lib/python3.7/site-packages/airflow/example_dags/example_xcomargs.py
[2023-06-09T06:28:11.615+0000] {logging_mixin.py:149} INFO - [2023-06-09T06:28:11.615+0000] {dag.py:2726} INFO - Sync 2 DAGs
[2023-06-09T06:28:11.650+0000] {logging_mixin.py:149} INFO - [2023-06-09T06:28:11.649+0000] {dag.py:3490} INFO - Setting next_dagrun for example_xcom_args to None, run_after=None
[2023-06-09T06:28:11.656+0000] {logging_mixin.py:149} INFO - [2023-06-09T06:28:11.656+0000] {dag.py:3490} INFO - Setting next_dagrun for example_xcom_args_with_operators to None, run_after=None
[2023-06-09T06:28:11.705+0000] {processor.py:179} INFO - Processing /home/airflow/.local/lib/python3.7/site-packages/airflow/example_dags/example_xcomargs.py took 0.175 seconds
[2023-06-09T06:28:42.131+0000] {processor.py:157} INFO - Started process (PID=3368) to work on /home/airflow/.local/lib/python3.7/site-packages/airflow/example_dags/example_xcomargs.py
[2023-06-09T06:28:42.133+0000] {processor.py:826} INFO - Processing file /home/airflow/.local/lib/python3.7/site-packages/airflow/example_dags/example_xcomargs.py for tasks to queue
[2023-06-09T06:28:42.134+0000] {logging_mixin.py:149} INFO - [2023-06-09T06:28:42.134+0000] {dagbag.py:541} INFO - Filling up the DagBag from /home/airflow/.local/lib/python3.7/site-packages/airflow/example_dags/example_xcomargs.py
[2023-06-09T06:28:42.144+0000] {processor.py:836} INFO - DAG(s) dict_keys(['example_xcom_args_with_operators', 'example_xcom_args']) retrieved from /home/airflow/.local/lib/python3.7/site-packages/airflow/example_dags/example_xcomargs.py
[2023-06-09T06:28:42.181+0000] {logging_mixin.py:149} INFO - [2023-06-09T06:28:42.180+0000] {dag.py:2726} INFO - Sync 2 DAGs
[2023-06-09T06:28:42.215+0000] {logging_mixin.py:149} INFO - [2023-06-09T06:28:42.215+0000] {dag.py:3490} INFO - Setting next_dagrun for example_xcom_args to None, run_after=None
[2023-06-09T06:28:42.220+0000] {logging_mixin.py:149} INFO - [2023-06-09T06:28:42.220+0000] {dag.py:3490} INFO - Setting next_dagrun for example_xcom_args_with_operators to None, run_after=None
[2023-06-09T06:28:42.240+0000] {processor.py:179} INFO - Processing /home/airflow/.local/lib/python3.7/site-packages/airflow/example_dags/example_xcomargs.py took 0.113 seconds
[2023-06-09T06:29:12.296+0000] {processor.py:157} INFO - Started process (PID=3422) to work on /home/airflow/.local/lib/python3.7/site-packages/airflow/example_dags/example_xcomargs.py
[2023-06-09T06:29:12.297+0000] {processor.py:826} INFO - Processing file /home/airflow/.local/lib/python3.7/site-packages/airflow/example_dags/example_xcomargs.py for tasks to queue
[2023-06-09T06:29:12.298+0000] {logging_mixin.py:149} INFO - [2023-06-09T06:29:12.297+0000] {dagbag.py:541} INFO - Filling up the DagBag from /home/airflow/.local/lib/python3.7/site-packages/airflow/example_dags/example_xcomargs.py
[2023-06-09T06:29:12.307+0000] {processor.py:836} INFO - DAG(s) dict_keys(['example_xcom_args', 'example_xcom_args_with_operators']) retrieved from /home/airflow/.local/lib/python3.7/site-packages/airflow/example_dags/example_xcomargs.py
[2023-06-09T06:29:12.345+0000] {logging_mixin.py:149} INFO - [2023-06-09T06:29:12.345+0000] {dag.py:2726} INFO - Sync 2 DAGs
[2023-06-09T06:29:12.379+0000] {logging_mixin.py:149} INFO - [2023-06-09T06:29:12.379+0000] {dag.py:3490} INFO - Setting next_dagrun for example_xcom_args to None, run_after=None
[2023-06-09T06:29:12.383+0000] {logging_mixin.py:149} INFO - [2023-06-09T06:29:12.383+0000] {dag.py:3490} INFO - Setting next_dagrun for example_xcom_args_with_operators to None, run_after=None
[2023-06-09T06:29:12.404+0000] {processor.py:179} INFO - Processing /home/airflow/.local/lib/python3.7/site-packages/airflow/example_dags/example_xcomargs.py took 0.112 seconds
[2023-06-09T06:29:42.742+0000] {processor.py:157} INFO - Started process (PID=3472) to work on /home/airflow/.local/lib/python3.7/site-packages/airflow/example_dags/example_xcomargs.py
[2023-06-09T06:29:42.748+0000] {processor.py:826} INFO - Processing file /home/airflow/.local/lib/python3.7/site-packages/airflow/example_dags/example_xcomargs.py for tasks to queue
[2023-06-09T06:29:42.748+0000] {logging_mixin.py:149} INFO - [2023-06-09T06:29:42.748+0000] {dagbag.py:541} INFO - Filling up the DagBag from /home/airflow/.local/lib/python3.7/site-packages/airflow/example_dags/example_xcomargs.py
[2023-06-09T06:29:42.760+0000] {processor.py:836} INFO - DAG(s) dict_keys(['example_xcom_args_with_operators', 'example_xcom_args']) retrieved from /home/airflow/.local/lib/python3.7/site-packages/airflow/example_dags/example_xcomargs.py
[2023-06-09T06:29:42.795+0000] {logging_mixin.py:149} INFO - [2023-06-09T06:29:42.795+0000] {dag.py:2726} INFO - Sync 2 DAGs
[2023-06-09T06:29:42.828+0000] {logging_mixin.py:149} INFO - [2023-06-09T06:29:42.828+0000] {dag.py:3490} INFO - Setting next_dagrun for example_xcom_args to None, run_after=None
[2023-06-09T06:29:42.832+0000] {logging_mixin.py:149} INFO - [2023-06-09T06:29:42.832+0000] {dag.py:3490} INFO - Setting next_dagrun for example_xcom_args_with_operators to None, run_after=None
[2023-06-09T06:29:42.851+0000] {processor.py:179} INFO - Processing /home/airflow/.local/lib/python3.7/site-packages/airflow/example_dags/example_xcomargs.py took 0.113 seconds
[2023-06-09T06:30:13.206+0000] {processor.py:157} INFO - Started process (PID=3526) to work on /home/airflow/.local/lib/python3.7/site-packages/airflow/example_dags/example_xcomargs.py
[2023-06-09T06:30:13.208+0000] {processor.py:826} INFO - Processing file /home/airflow/.local/lib/python3.7/site-packages/airflow/example_dags/example_xcomargs.py for tasks to queue
[2023-06-09T06:30:13.209+0000] {logging_mixin.py:149} INFO - [2023-06-09T06:30:13.209+0000] {dagbag.py:541} INFO - Filling up the DagBag from /home/airflow/.local/lib/python3.7/site-packages/airflow/example_dags/example_xcomargs.py
[2023-06-09T06:30:13.234+0000] {processor.py:836} INFO - DAG(s) dict_keys(['example_xcom_args_with_operators', 'example_xcom_args']) retrieved from /home/airflow/.local/lib/python3.7/site-packages/airflow/example_dags/example_xcomargs.py
[2023-06-09T06:30:13.297+0000] {logging_mixin.py:149} INFO - [2023-06-09T06:30:13.297+0000] {dag.py:2726} INFO - Sync 2 DAGs
[2023-06-09T06:30:13.375+0000] {logging_mixin.py:149} INFO - [2023-06-09T06:30:13.375+0000] {dag.py:3490} INFO - Setting next_dagrun for example_xcom_args to None, run_after=None
[2023-06-09T06:30:13.386+0000] {logging_mixin.py:149} INFO - [2023-06-09T06:30:13.386+0000] {dag.py:3490} INFO - Setting next_dagrun for example_xcom_args_with_operators to None, run_after=None
[2023-06-09T06:30:13.429+0000] {processor.py:179} INFO - Processing /home/airflow/.local/lib/python3.7/site-packages/airflow/example_dags/example_xcomargs.py took 0.237 seconds
