[2023-06-09T05:57:26.340+0000] {processor.py:157} INFO - Started process (PID=45) to work on /home/airflow/.local/lib/python3.7/site-packages/airflow/example_dags/example_sensors.py
[2023-06-09T05:57:26.344+0000] {processor.py:826} INFO - Processing file /home/airflow/.local/lib/python3.7/site-packages/airflow/example_dags/example_sensors.py for tasks to queue
[2023-06-09T05:57:26.345+0000] {logging_mixin.py:149} INFO - [2023-06-09T05:57:26.345+0000] {dagbag.py:541} INFO - Filling up the DagBag from /home/airflow/.local/lib/python3.7/site-packages/airflow/example_dags/example_sensors.py
[2023-06-09T05:57:26.409+0000] {processor.py:836} INFO - DAG(s) dict_keys(['example_sensors']) retrieved from /home/airflow/.local/lib/python3.7/site-packages/airflow/example_dags/example_sensors.py
[2023-06-09T05:57:26.599+0000] {logging_mixin.py:149} INFO - [2023-06-09T05:57:26.598+0000] {dag.py:2726} INFO - Sync 1 DAGs
[2023-06-09T05:57:26.758+0000] {logging_mixin.py:149} INFO - [2023-06-09T05:57:26.758+0000] {dag.py:3490} INFO - Setting next_dagrun for example_sensors to None, run_after=None
[2023-06-09T05:57:26.844+0000] {processor.py:179} INFO - Processing /home/airflow/.local/lib/python3.7/site-packages/airflow/example_dags/example_sensors.py took 0.516 seconds
[2023-06-09T05:57:57.015+0000] {processor.py:157} INFO - Started process (PID=98) to work on /home/airflow/.local/lib/python3.7/site-packages/airflow/example_dags/example_sensors.py
[2023-06-09T05:57:57.017+0000] {processor.py:826} INFO - Processing file /home/airflow/.local/lib/python3.7/site-packages/airflow/example_dags/example_sensors.py for tasks to queue
[2023-06-09T05:57:57.018+0000] {logging_mixin.py:149} INFO - [2023-06-09T05:57:57.018+0000] {dagbag.py:541} INFO - Filling up the DagBag from /home/airflow/.local/lib/python3.7/site-packages/airflow/example_dags/example_sensors.py
[2023-06-09T05:57:57.032+0000] {processor.py:836} INFO - DAG(s) dict_keys(['example_sensors']) retrieved from /home/airflow/.local/lib/python3.7/site-packages/airflow/example_dags/example_sensors.py
[2023-06-09T05:57:57.067+0000] {logging_mixin.py:149} INFO - [2023-06-09T05:57:57.067+0000] {dag.py:2726} INFO - Sync 1 DAGs
[2023-06-09T05:57:57.101+0000] {logging_mixin.py:149} INFO - [2023-06-09T05:57:57.100+0000] {dag.py:3490} INFO - Setting next_dagrun for example_sensors to None, run_after=None
[2023-06-09T05:57:57.125+0000] {processor.py:179} INFO - Processing /home/airflow/.local/lib/python3.7/site-packages/airflow/example_dags/example_sensors.py took 0.115 seconds
[2023-06-09T05:58:27.647+0000] {processor.py:157} INFO - Started process (PID=152) to work on /home/airflow/.local/lib/python3.7/site-packages/airflow/example_dags/example_sensors.py
[2023-06-09T05:58:27.648+0000] {processor.py:826} INFO - Processing file /home/airflow/.local/lib/python3.7/site-packages/airflow/example_dags/example_sensors.py for tasks to queue
[2023-06-09T05:58:27.649+0000] {logging_mixin.py:149} INFO - [2023-06-09T05:58:27.648+0000] {dagbag.py:541} INFO - Filling up the DagBag from /home/airflow/.local/lib/python3.7/site-packages/airflow/example_dags/example_sensors.py
[2023-06-09T05:58:27.661+0000] {processor.py:836} INFO - DAG(s) dict_keys(['example_sensors']) retrieved from /home/airflow/.local/lib/python3.7/site-packages/airflow/example_dags/example_sensors.py
[2023-06-09T05:58:27.725+0000] {logging_mixin.py:149} INFO - [2023-06-09T05:58:27.724+0000] {dag.py:2726} INFO - Sync 1 DAGs
[2023-06-09T05:58:27.791+0000] {logging_mixin.py:149} INFO - [2023-06-09T05:58:27.790+0000] {dag.py:3490} INFO - Setting next_dagrun for example_sensors to None, run_after=None
[2023-06-09T05:58:27.848+0000] {processor.py:179} INFO - Processing /home/airflow/.local/lib/python3.7/site-packages/airflow/example_dags/example_sensors.py took 0.206 seconds
[2023-06-09T05:58:58.221+0000] {processor.py:157} INFO - Started process (PID=213) to work on /home/airflow/.local/lib/python3.7/site-packages/airflow/example_dags/example_sensors.py
[2023-06-09T05:58:58.222+0000] {processor.py:826} INFO - Processing file /home/airflow/.local/lib/python3.7/site-packages/airflow/example_dags/example_sensors.py for tasks to queue
[2023-06-09T05:58:58.223+0000] {logging_mixin.py:149} INFO - [2023-06-09T05:58:58.223+0000] {dagbag.py:541} INFO - Filling up the DagBag from /home/airflow/.local/lib/python3.7/site-packages/airflow/example_dags/example_sensors.py
[2023-06-09T05:58:58.235+0000] {processor.py:836} INFO - DAG(s) dict_keys(['example_sensors']) retrieved from /home/airflow/.local/lib/python3.7/site-packages/airflow/example_dags/example_sensors.py
[2023-06-09T05:58:58.273+0000] {logging_mixin.py:149} INFO - [2023-06-09T05:58:58.273+0000] {dag.py:2726} INFO - Sync 1 DAGs
[2023-06-09T05:58:58.306+0000] {logging_mixin.py:149} INFO - [2023-06-09T05:58:58.306+0000] {dag.py:3490} INFO - Setting next_dagrun for example_sensors to None, run_after=None
[2023-06-09T05:58:58.330+0000] {processor.py:179} INFO - Processing /home/airflow/.local/lib/python3.7/site-packages/airflow/example_dags/example_sensors.py took 0.113 seconds
[2023-06-09T05:59:28.545+0000] {processor.py:157} INFO - Started process (PID=267) to work on /home/airflow/.local/lib/python3.7/site-packages/airflow/example_dags/example_sensors.py
[2023-06-09T05:59:28.546+0000] {processor.py:826} INFO - Processing file /home/airflow/.local/lib/python3.7/site-packages/airflow/example_dags/example_sensors.py for tasks to queue
[2023-06-09T05:59:28.547+0000] {logging_mixin.py:149} INFO - [2023-06-09T05:59:28.547+0000] {dagbag.py:541} INFO - Filling up the DagBag from /home/airflow/.local/lib/python3.7/site-packages/airflow/example_dags/example_sensors.py
[2023-06-09T05:59:28.559+0000] {processor.py:836} INFO - DAG(s) dict_keys(['example_sensors']) retrieved from /home/airflow/.local/lib/python3.7/site-packages/airflow/example_dags/example_sensors.py
[2023-06-09T05:59:28.600+0000] {logging_mixin.py:149} INFO - [2023-06-09T05:59:28.600+0000] {dag.py:2726} INFO - Sync 1 DAGs
[2023-06-09T05:59:28.634+0000] {logging_mixin.py:149} INFO - [2023-06-09T05:59:28.634+0000] {dag.py:3490} INFO - Setting next_dagrun for example_sensors to None, run_after=None
[2023-06-09T05:59:28.659+0000] {processor.py:179} INFO - Processing /home/airflow/.local/lib/python3.7/site-packages/airflow/example_dags/example_sensors.py took 0.118 seconds
[2023-06-09T05:59:58.730+0000] {processor.py:157} INFO - Started process (PID=321) to work on /home/airflow/.local/lib/python3.7/site-packages/airflow/example_dags/example_sensors.py
[2023-06-09T05:59:58.731+0000] {processor.py:826} INFO - Processing file /home/airflow/.local/lib/python3.7/site-packages/airflow/example_dags/example_sensors.py for tasks to queue
[2023-06-09T05:59:58.732+0000] {logging_mixin.py:149} INFO - [2023-06-09T05:59:58.732+0000] {dagbag.py:541} INFO - Filling up the DagBag from /home/airflow/.local/lib/python3.7/site-packages/airflow/example_dags/example_sensors.py
[2023-06-09T05:59:58.746+0000] {processor.py:836} INFO - DAG(s) dict_keys(['example_sensors']) retrieved from /home/airflow/.local/lib/python3.7/site-packages/airflow/example_dags/example_sensors.py
[2023-06-09T05:59:58.787+0000] {logging_mixin.py:149} INFO - [2023-06-09T05:59:58.787+0000] {dag.py:2726} INFO - Sync 1 DAGs
[2023-06-09T05:59:58.824+0000] {logging_mixin.py:149} INFO - [2023-06-09T05:59:58.824+0000] {dag.py:3490} INFO - Setting next_dagrun for example_sensors to None, run_after=None
[2023-06-09T05:59:58.847+0000] {processor.py:179} INFO - Processing /home/airflow/.local/lib/python3.7/site-packages/airflow/example_dags/example_sensors.py took 0.121 seconds
[2023-06-09T06:00:28.973+0000] {processor.py:157} INFO - Started process (PID=376) to work on /home/airflow/.local/lib/python3.7/site-packages/airflow/example_dags/example_sensors.py
[2023-06-09T06:00:28.974+0000] {processor.py:826} INFO - Processing file /home/airflow/.local/lib/python3.7/site-packages/airflow/example_dags/example_sensors.py for tasks to queue
[2023-06-09T06:00:28.975+0000] {logging_mixin.py:149} INFO - [2023-06-09T06:00:28.975+0000] {dagbag.py:541} INFO - Filling up the DagBag from /home/airflow/.local/lib/python3.7/site-packages/airflow/example_dags/example_sensors.py
[2023-06-09T06:00:28.987+0000] {processor.py:836} INFO - DAG(s) dict_keys(['example_sensors']) retrieved from /home/airflow/.local/lib/python3.7/site-packages/airflow/example_dags/example_sensors.py
[2023-06-09T06:00:29.024+0000] {logging_mixin.py:149} INFO - [2023-06-09T06:00:29.023+0000] {dag.py:2726} INFO - Sync 1 DAGs
[2023-06-09T06:00:29.057+0000] {logging_mixin.py:149} INFO - [2023-06-09T06:00:29.057+0000] {dag.py:3490} INFO - Setting next_dagrun for example_sensors to None, run_after=None
[2023-06-09T06:00:29.080+0000] {processor.py:179} INFO - Processing /home/airflow/.local/lib/python3.7/site-packages/airflow/example_dags/example_sensors.py took 0.111 seconds
[2023-06-09T06:00:59.454+0000] {processor.py:157} INFO - Started process (PID=430) to work on /home/airflow/.local/lib/python3.7/site-packages/airflow/example_dags/example_sensors.py
[2023-06-09T06:00:59.455+0000] {processor.py:826} INFO - Processing file /home/airflow/.local/lib/python3.7/site-packages/airflow/example_dags/example_sensors.py for tasks to queue
[2023-06-09T06:00:59.455+0000] {logging_mixin.py:149} INFO - [2023-06-09T06:00:59.455+0000] {dagbag.py:541} INFO - Filling up the DagBag from /home/airflow/.local/lib/python3.7/site-packages/airflow/example_dags/example_sensors.py
[2023-06-09T06:00:59.471+0000] {processor.py:836} INFO - DAG(s) dict_keys(['example_sensors']) retrieved from /home/airflow/.local/lib/python3.7/site-packages/airflow/example_dags/example_sensors.py
[2023-06-09T06:00:59.507+0000] {logging_mixin.py:149} INFO - [2023-06-09T06:00:59.507+0000] {dag.py:2726} INFO - Sync 1 DAGs
[2023-06-09T06:00:59.540+0000] {logging_mixin.py:149} INFO - [2023-06-09T06:00:59.540+0000] {dag.py:3490} INFO - Setting next_dagrun for example_sensors to None, run_after=None
[2023-06-09T06:00:59.564+0000] {processor.py:179} INFO - Processing /home/airflow/.local/lib/python3.7/site-packages/airflow/example_dags/example_sensors.py took 0.114 seconds
[2023-06-09T06:01:30.240+0000] {processor.py:157} INFO - Started process (PID=484) to work on /home/airflow/.local/lib/python3.7/site-packages/airflow/example_dags/example_sensors.py
[2023-06-09T06:01:30.241+0000] {processor.py:826} INFO - Processing file /home/airflow/.local/lib/python3.7/site-packages/airflow/example_dags/example_sensors.py for tasks to queue
[2023-06-09T06:01:30.242+0000] {logging_mixin.py:149} INFO - [2023-06-09T06:01:30.242+0000] {dagbag.py:541} INFO - Filling up the DagBag from /home/airflow/.local/lib/python3.7/site-packages/airflow/example_dags/example_sensors.py
[2023-06-09T06:01:30.254+0000] {processor.py:836} INFO - DAG(s) dict_keys(['example_sensors']) retrieved from /home/airflow/.local/lib/python3.7/site-packages/airflow/example_dags/example_sensors.py
[2023-06-09T06:01:30.290+0000] {logging_mixin.py:149} INFO - [2023-06-09T06:01:30.289+0000] {dag.py:2726} INFO - Sync 1 DAGs
[2023-06-09T06:01:30.321+0000] {logging_mixin.py:149} INFO - [2023-06-09T06:01:30.321+0000] {dag.py:3490} INFO - Setting next_dagrun for example_sensors to None, run_after=None
[2023-06-09T06:01:30.344+0000] {processor.py:179} INFO - Processing /home/airflow/.local/lib/python3.7/site-packages/airflow/example_dags/example_sensors.py took 0.108 seconds
[2023-06-09T06:02:00.812+0000] {processor.py:157} INFO - Started process (PID=539) to work on /home/airflow/.local/lib/python3.7/site-packages/airflow/example_dags/example_sensors.py
[2023-06-09T06:02:00.816+0000] {processor.py:826} INFO - Processing file /home/airflow/.local/lib/python3.7/site-packages/airflow/example_dags/example_sensors.py for tasks to queue
[2023-06-09T06:02:00.817+0000] {logging_mixin.py:149} INFO - [2023-06-09T06:02:00.817+0000] {dagbag.py:541} INFO - Filling up the DagBag from /home/airflow/.local/lib/python3.7/site-packages/airflow/example_dags/example_sensors.py
[2023-06-09T06:02:00.838+0000] {processor.py:836} INFO - DAG(s) dict_keys(['example_sensors']) retrieved from /home/airflow/.local/lib/python3.7/site-packages/airflow/example_dags/example_sensors.py
[2023-06-09T06:02:00.905+0000] {logging_mixin.py:149} INFO - [2023-06-09T06:02:00.904+0000] {dag.py:2726} INFO - Sync 1 DAGs
[2023-06-09T06:02:00.945+0000] {logging_mixin.py:149} INFO - [2023-06-09T06:02:00.945+0000] {dag.py:3490} INFO - Setting next_dagrun for example_sensors to None, run_after=None
[2023-06-09T06:02:00.977+0000] {processor.py:179} INFO - Processing /home/airflow/.local/lib/python3.7/site-packages/airflow/example_dags/example_sensors.py took 0.180 seconds
[2023-06-09T06:02:31.257+0000] {processor.py:157} INFO - Started process (PID=594) to work on /home/airflow/.local/lib/python3.7/site-packages/airflow/example_dags/example_sensors.py
[2023-06-09T06:02:31.258+0000] {processor.py:826} INFO - Processing file /home/airflow/.local/lib/python3.7/site-packages/airflow/example_dags/example_sensors.py for tasks to queue
[2023-06-09T06:02:31.259+0000] {logging_mixin.py:149} INFO - [2023-06-09T06:02:31.259+0000] {dagbag.py:541} INFO - Filling up the DagBag from /home/airflow/.local/lib/python3.7/site-packages/airflow/example_dags/example_sensors.py
[2023-06-09T06:02:31.272+0000] {processor.py:836} INFO - DAG(s) dict_keys(['example_sensors']) retrieved from /home/airflow/.local/lib/python3.7/site-packages/airflow/example_dags/example_sensors.py
[2023-06-09T06:02:31.308+0000] {logging_mixin.py:149} INFO - [2023-06-09T06:02:31.308+0000] {dag.py:2726} INFO - Sync 1 DAGs
[2023-06-09T06:02:31.353+0000] {logging_mixin.py:149} INFO - [2023-06-09T06:02:31.353+0000] {dag.py:3490} INFO - Setting next_dagrun for example_sensors to None, run_after=None
[2023-06-09T06:02:31.398+0000] {processor.py:179} INFO - Processing /home/airflow/.local/lib/python3.7/site-packages/airflow/example_dags/example_sensors.py took 0.145 seconds
[2023-06-09T06:03:01.987+0000] {processor.py:157} INFO - Started process (PID=647) to work on /home/airflow/.local/lib/python3.7/site-packages/airflow/example_dags/example_sensors.py
[2023-06-09T06:03:01.988+0000] {processor.py:826} INFO - Processing file /home/airflow/.local/lib/python3.7/site-packages/airflow/example_dags/example_sensors.py for tasks to queue
[2023-06-09T06:03:01.988+0000] {logging_mixin.py:149} INFO - [2023-06-09T06:03:01.988+0000] {dagbag.py:541} INFO - Filling up the DagBag from /home/airflow/.local/lib/python3.7/site-packages/airflow/example_dags/example_sensors.py
[2023-06-09T06:03:02.000+0000] {processor.py:836} INFO - DAG(s) dict_keys(['example_sensors']) retrieved from /home/airflow/.local/lib/python3.7/site-packages/airflow/example_dags/example_sensors.py
[2023-06-09T06:03:02.047+0000] {logging_mixin.py:149} INFO - [2023-06-09T06:03:02.046+0000] {dag.py:2726} INFO - Sync 1 DAGs
[2023-06-09T06:03:02.084+0000] {logging_mixin.py:149} INFO - [2023-06-09T06:03:02.084+0000] {dag.py:3490} INFO - Setting next_dagrun for example_sensors to None, run_after=None
[2023-06-09T06:03:02.106+0000] {processor.py:179} INFO - Processing /home/airflow/.local/lib/python3.7/site-packages/airflow/example_dags/example_sensors.py took 0.124 seconds
[2023-06-09T06:03:32.686+0000] {processor.py:157} INFO - Started process (PID=701) to work on /home/airflow/.local/lib/python3.7/site-packages/airflow/example_dags/example_sensors.py
[2023-06-09T06:03:32.688+0000] {processor.py:826} INFO - Processing file /home/airflow/.local/lib/python3.7/site-packages/airflow/example_dags/example_sensors.py for tasks to queue
[2023-06-09T06:03:32.688+0000] {logging_mixin.py:149} INFO - [2023-06-09T06:03:32.688+0000] {dagbag.py:541} INFO - Filling up the DagBag from /home/airflow/.local/lib/python3.7/site-packages/airflow/example_dags/example_sensors.py
[2023-06-09T06:03:32.701+0000] {processor.py:836} INFO - DAG(s) dict_keys(['example_sensors']) retrieved from /home/airflow/.local/lib/python3.7/site-packages/airflow/example_dags/example_sensors.py
[2023-06-09T06:03:32.737+0000] {logging_mixin.py:149} INFO - [2023-06-09T06:03:32.737+0000] {dag.py:2726} INFO - Sync 1 DAGs
[2023-06-09T06:03:32.771+0000] {logging_mixin.py:149} INFO - [2023-06-09T06:03:32.770+0000] {dag.py:3490} INFO - Setting next_dagrun for example_sensors to None, run_after=None
[2023-06-09T06:03:32.793+0000] {processor.py:179} INFO - Processing /home/airflow/.local/lib/python3.7/site-packages/airflow/example_dags/example_sensors.py took 0.111 seconds
[2023-06-09T06:04:03.330+0000] {processor.py:157} INFO - Started process (PID=754) to work on /home/airflow/.local/lib/python3.7/site-packages/airflow/example_dags/example_sensors.py
[2023-06-09T06:04:03.333+0000] {processor.py:826} INFO - Processing file /home/airflow/.local/lib/python3.7/site-packages/airflow/example_dags/example_sensors.py for tasks to queue
[2023-06-09T06:04:03.334+0000] {logging_mixin.py:149} INFO - [2023-06-09T06:04:03.334+0000] {dagbag.py:541} INFO - Filling up the DagBag from /home/airflow/.local/lib/python3.7/site-packages/airflow/example_dags/example_sensors.py
[2023-06-09T06:04:03.360+0000] {processor.py:836} INFO - DAG(s) dict_keys(['example_sensors']) retrieved from /home/airflow/.local/lib/python3.7/site-packages/airflow/example_dags/example_sensors.py
[2023-06-09T06:04:03.450+0000] {logging_mixin.py:149} INFO - [2023-06-09T06:04:03.449+0000] {dag.py:2726} INFO - Sync 1 DAGs
[2023-06-09T06:04:03.496+0000] {logging_mixin.py:149} INFO - [2023-06-09T06:04:03.496+0000] {dag.py:3490} INFO - Setting next_dagrun for example_sensors to None, run_after=None
[2023-06-09T06:04:03.523+0000] {processor.py:179} INFO - Processing /home/airflow/.local/lib/python3.7/site-packages/airflow/example_dags/example_sensors.py took 0.196 seconds
[2023-06-09T06:04:33.629+0000] {processor.py:157} INFO - Started process (PID=807) to work on /home/airflow/.local/lib/python3.7/site-packages/airflow/example_dags/example_sensors.py
[2023-06-09T06:04:33.631+0000] {processor.py:826} INFO - Processing file /home/airflow/.local/lib/python3.7/site-packages/airflow/example_dags/example_sensors.py for tasks to queue
[2023-06-09T06:04:33.631+0000] {logging_mixin.py:149} INFO - [2023-06-09T06:04:33.631+0000] {dagbag.py:541} INFO - Filling up the DagBag from /home/airflow/.local/lib/python3.7/site-packages/airflow/example_dags/example_sensors.py
[2023-06-09T06:04:33.644+0000] {processor.py:836} INFO - DAG(s) dict_keys(['example_sensors']) retrieved from /home/airflow/.local/lib/python3.7/site-packages/airflow/example_dags/example_sensors.py
[2023-06-09T06:04:33.681+0000] {logging_mixin.py:149} INFO - [2023-06-09T06:04:33.681+0000] {dag.py:2726} INFO - Sync 1 DAGs
[2023-06-09T06:04:33.714+0000] {logging_mixin.py:149} INFO - [2023-06-09T06:04:33.713+0000] {dag.py:3490} INFO - Setting next_dagrun for example_sensors to None, run_after=None
[2023-06-09T06:04:33.737+0000] {processor.py:179} INFO - Processing /home/airflow/.local/lib/python3.7/site-packages/airflow/example_dags/example_sensors.py took 0.111 seconds
[2023-06-09T06:05:03.795+0000] {processor.py:157} INFO - Started process (PID=861) to work on /home/airflow/.local/lib/python3.7/site-packages/airflow/example_dags/example_sensors.py
[2023-06-09T06:05:03.800+0000] {processor.py:826} INFO - Processing file /home/airflow/.local/lib/python3.7/site-packages/airflow/example_dags/example_sensors.py for tasks to queue
[2023-06-09T06:05:03.801+0000] {logging_mixin.py:149} INFO - [2023-06-09T06:05:03.801+0000] {dagbag.py:541} INFO - Filling up the DagBag from /home/airflow/.local/lib/python3.7/site-packages/airflow/example_dags/example_sensors.py
[2023-06-09T06:05:03.815+0000] {processor.py:836} INFO - DAG(s) dict_keys(['example_sensors']) retrieved from /home/airflow/.local/lib/python3.7/site-packages/airflow/example_dags/example_sensors.py
[2023-06-09T06:05:03.856+0000] {logging_mixin.py:149} INFO - [2023-06-09T06:05:03.856+0000] {dag.py:2726} INFO - Sync 1 DAGs
[2023-06-09T06:05:03.895+0000] {logging_mixin.py:149} INFO - [2023-06-09T06:05:03.895+0000] {dag.py:3490} INFO - Setting next_dagrun for example_sensors to None, run_after=None
[2023-06-09T06:05:03.918+0000] {processor.py:179} INFO - Processing /home/airflow/.local/lib/python3.7/site-packages/airflow/example_dags/example_sensors.py took 0.126 seconds
[2023-06-09T06:05:34.486+0000] {processor.py:157} INFO - Started process (PID=915) to work on /home/airflow/.local/lib/python3.7/site-packages/airflow/example_dags/example_sensors.py
[2023-06-09T06:05:34.487+0000] {processor.py:826} INFO - Processing file /home/airflow/.local/lib/python3.7/site-packages/airflow/example_dags/example_sensors.py for tasks to queue
[2023-06-09T06:05:34.487+0000] {logging_mixin.py:149} INFO - [2023-06-09T06:05:34.487+0000] {dagbag.py:541} INFO - Filling up the DagBag from /home/airflow/.local/lib/python3.7/site-packages/airflow/example_dags/example_sensors.py
[2023-06-09T06:05:34.499+0000] {processor.py:836} INFO - DAG(s) dict_keys(['example_sensors']) retrieved from /home/airflow/.local/lib/python3.7/site-packages/airflow/example_dags/example_sensors.py
[2023-06-09T06:05:34.535+0000] {logging_mixin.py:149} INFO - [2023-06-09T06:05:34.535+0000] {dag.py:2726} INFO - Sync 1 DAGs
[2023-06-09T06:05:34.568+0000] {logging_mixin.py:149} INFO - [2023-06-09T06:05:34.568+0000] {dag.py:3490} INFO - Setting next_dagrun for example_sensors to None, run_after=None
[2023-06-09T06:05:34.591+0000] {processor.py:179} INFO - Processing /home/airflow/.local/lib/python3.7/site-packages/airflow/example_dags/example_sensors.py took 0.109 seconds
[2023-06-09T06:06:05.075+0000] {processor.py:157} INFO - Started process (PID=968) to work on /home/airflow/.local/lib/python3.7/site-packages/airflow/example_dags/example_sensors.py
[2023-06-09T06:06:05.078+0000] {processor.py:826} INFO - Processing file /home/airflow/.local/lib/python3.7/site-packages/airflow/example_dags/example_sensors.py for tasks to queue
[2023-06-09T06:06:05.079+0000] {logging_mixin.py:149} INFO - [2023-06-09T06:06:05.079+0000] {dagbag.py:541} INFO - Filling up the DagBag from /home/airflow/.local/lib/python3.7/site-packages/airflow/example_dags/example_sensors.py
[2023-06-09T06:06:05.099+0000] {processor.py:836} INFO - DAG(s) dict_keys(['example_sensors']) retrieved from /home/airflow/.local/lib/python3.7/site-packages/airflow/example_dags/example_sensors.py
[2023-06-09T06:06:05.143+0000] {logging_mixin.py:149} INFO - [2023-06-09T06:06:05.142+0000] {dag.py:2726} INFO - Sync 1 DAGs
[2023-06-09T06:06:05.179+0000] {logging_mixin.py:149} INFO - [2023-06-09T06:06:05.179+0000] {dag.py:3490} INFO - Setting next_dagrun for example_sensors to None, run_after=None
[2023-06-09T06:06:05.202+0000] {processor.py:179} INFO - Processing /home/airflow/.local/lib/python3.7/site-packages/airflow/example_dags/example_sensors.py took 0.131 seconds
[2023-06-09T06:06:35.770+0000] {processor.py:157} INFO - Started process (PID=1021) to work on /home/airflow/.local/lib/python3.7/site-packages/airflow/example_dags/example_sensors.py
[2023-06-09T06:06:35.771+0000] {processor.py:826} INFO - Processing file /home/airflow/.local/lib/python3.7/site-packages/airflow/example_dags/example_sensors.py for tasks to queue
[2023-06-09T06:06:35.772+0000] {logging_mixin.py:149} INFO - [2023-06-09T06:06:35.772+0000] {dagbag.py:541} INFO - Filling up the DagBag from /home/airflow/.local/lib/python3.7/site-packages/airflow/example_dags/example_sensors.py
[2023-06-09T06:06:35.783+0000] {processor.py:836} INFO - DAG(s) dict_keys(['example_sensors']) retrieved from /home/airflow/.local/lib/python3.7/site-packages/airflow/example_dags/example_sensors.py
[2023-06-09T06:06:35.820+0000] {logging_mixin.py:149} INFO - [2023-06-09T06:06:35.819+0000] {dag.py:2726} INFO - Sync 1 DAGs
[2023-06-09T06:06:35.853+0000] {logging_mixin.py:149} INFO - [2023-06-09T06:06:35.853+0000] {dag.py:3490} INFO - Setting next_dagrun for example_sensors to None, run_after=None
[2023-06-09T06:06:35.877+0000] {processor.py:179} INFO - Processing /home/airflow/.local/lib/python3.7/site-packages/airflow/example_dags/example_sensors.py took 0.111 seconds
[2023-06-09T06:07:06.248+0000] {processor.py:157} INFO - Started process (PID=1076) to work on /home/airflow/.local/lib/python3.7/site-packages/airflow/example_dags/example_sensors.py
[2023-06-09T06:07:06.250+0000] {processor.py:826} INFO - Processing file /home/airflow/.local/lib/python3.7/site-packages/airflow/example_dags/example_sensors.py for tasks to queue
[2023-06-09T06:07:06.251+0000] {logging_mixin.py:149} INFO - [2023-06-09T06:07:06.250+0000] {dagbag.py:541} INFO - Filling up the DagBag from /home/airflow/.local/lib/python3.7/site-packages/airflow/example_dags/example_sensors.py
[2023-06-09T06:07:06.262+0000] {processor.py:836} INFO - DAG(s) dict_keys(['example_sensors']) retrieved from /home/airflow/.local/lib/python3.7/site-packages/airflow/example_dags/example_sensors.py
[2023-06-09T06:07:06.300+0000] {logging_mixin.py:149} INFO - [2023-06-09T06:07:06.299+0000] {dag.py:2726} INFO - Sync 1 DAGs
[2023-06-09T06:07:06.333+0000] {logging_mixin.py:149} INFO - [2023-06-09T06:07:06.333+0000] {dag.py:3490} INFO - Setting next_dagrun for example_sensors to None, run_after=None
[2023-06-09T06:07:06.356+0000] {processor.py:179} INFO - Processing /home/airflow/.local/lib/python3.7/site-packages/airflow/example_dags/example_sensors.py took 0.112 seconds
[2023-06-09T06:07:36.691+0000] {processor.py:157} INFO - Started process (PID=1130) to work on /home/airflow/.local/lib/python3.7/site-packages/airflow/example_dags/example_sensors.py
[2023-06-09T06:07:36.692+0000] {processor.py:826} INFO - Processing file /home/airflow/.local/lib/python3.7/site-packages/airflow/example_dags/example_sensors.py for tasks to queue
[2023-06-09T06:07:36.692+0000] {logging_mixin.py:149} INFO - [2023-06-09T06:07:36.692+0000] {dagbag.py:541} INFO - Filling up the DagBag from /home/airflow/.local/lib/python3.7/site-packages/airflow/example_dags/example_sensors.py
[2023-06-09T06:07:36.705+0000] {processor.py:836} INFO - DAG(s) dict_keys(['example_sensors']) retrieved from /home/airflow/.local/lib/python3.7/site-packages/airflow/example_dags/example_sensors.py
[2023-06-09T06:07:36.741+0000] {logging_mixin.py:149} INFO - [2023-06-09T06:07:36.741+0000] {dag.py:2726} INFO - Sync 1 DAGs
[2023-06-09T06:07:36.780+0000] {logging_mixin.py:149} INFO - [2023-06-09T06:07:36.780+0000] {dag.py:3490} INFO - Setting next_dagrun for example_sensors to None, run_after=None
[2023-06-09T06:07:36.804+0000] {processor.py:179} INFO - Processing /home/airflow/.local/lib/python3.7/site-packages/airflow/example_dags/example_sensors.py took 0.117 seconds
[2023-06-09T06:08:07.504+0000] {processor.py:157} INFO - Started process (PID=1183) to work on /home/airflow/.local/lib/python3.7/site-packages/airflow/example_dags/example_sensors.py
[2023-06-09T06:08:07.505+0000] {processor.py:826} INFO - Processing file /home/airflow/.local/lib/python3.7/site-packages/airflow/example_dags/example_sensors.py for tasks to queue
[2023-06-09T06:08:07.506+0000] {logging_mixin.py:149} INFO - [2023-06-09T06:08:07.506+0000] {dagbag.py:541} INFO - Filling up the DagBag from /home/airflow/.local/lib/python3.7/site-packages/airflow/example_dags/example_sensors.py
[2023-06-09T06:08:07.522+0000] {processor.py:836} INFO - DAG(s) dict_keys(['example_sensors']) retrieved from /home/airflow/.local/lib/python3.7/site-packages/airflow/example_dags/example_sensors.py
[2023-06-09T06:08:07.563+0000] {logging_mixin.py:149} INFO - [2023-06-09T06:08:07.563+0000] {dag.py:2726} INFO - Sync 1 DAGs
[2023-06-09T06:08:07.598+0000] {logging_mixin.py:149} INFO - [2023-06-09T06:08:07.598+0000] {dag.py:3490} INFO - Setting next_dagrun for example_sensors to None, run_after=None
[2023-06-09T06:08:07.621+0000] {processor.py:179} INFO - Processing /home/airflow/.local/lib/python3.7/site-packages/airflow/example_dags/example_sensors.py took 0.129 seconds
[2023-06-09T06:08:38.783+0000] {processor.py:157} INFO - Started process (PID=1237) to work on /home/airflow/.local/lib/python3.7/site-packages/airflow/example_dags/example_sensors.py
[2023-06-09T06:08:38.788+0000] {processor.py:826} INFO - Processing file /home/airflow/.local/lib/python3.7/site-packages/airflow/example_dags/example_sensors.py for tasks to queue
[2023-06-09T06:08:38.788+0000] {logging_mixin.py:149} INFO - [2023-06-09T06:08:38.788+0000] {dagbag.py:541} INFO - Filling up the DagBag from /home/airflow/.local/lib/python3.7/site-packages/airflow/example_dags/example_sensors.py
[2023-06-09T06:08:38.816+0000] {processor.py:836} INFO - DAG(s) dict_keys(['example_sensors']) retrieved from /home/airflow/.local/lib/python3.7/site-packages/airflow/example_dags/example_sensors.py
[2023-06-09T06:08:38.893+0000] {logging_mixin.py:149} INFO - [2023-06-09T06:08:38.892+0000] {dag.py:2726} INFO - Sync 1 DAGs
[2023-06-09T06:08:38.953+0000] {logging_mixin.py:149} INFO - [2023-06-09T06:08:38.953+0000] {dag.py:3490} INFO - Setting next_dagrun for example_sensors to None, run_after=None
[2023-06-09T06:08:39.001+0000] {processor.py:179} INFO - Processing /home/airflow/.local/lib/python3.7/site-packages/airflow/example_dags/example_sensors.py took 0.234 seconds
[2023-06-09T06:09:09.032+0000] {processor.py:157} INFO - Started process (PID=1290) to work on /home/airflow/.local/lib/python3.7/site-packages/airflow/example_dags/example_sensors.py
[2023-06-09T06:09:09.034+0000] {processor.py:826} INFO - Processing file /home/airflow/.local/lib/python3.7/site-packages/airflow/example_dags/example_sensors.py for tasks to queue
[2023-06-09T06:09:09.035+0000] {logging_mixin.py:149} INFO - [2023-06-09T06:09:09.034+0000] {dagbag.py:541} INFO - Filling up the DagBag from /home/airflow/.local/lib/python3.7/site-packages/airflow/example_dags/example_sensors.py
[2023-06-09T06:09:09.047+0000] {processor.py:836} INFO - DAG(s) dict_keys(['example_sensors']) retrieved from /home/airflow/.local/lib/python3.7/site-packages/airflow/example_dags/example_sensors.py
[2023-06-09T06:09:09.085+0000] {logging_mixin.py:149} INFO - [2023-06-09T06:09:09.085+0000] {dag.py:2726} INFO - Sync 1 DAGs
[2023-06-09T06:09:09.119+0000] {logging_mixin.py:149} INFO - [2023-06-09T06:09:09.119+0000] {dag.py:3490} INFO - Setting next_dagrun for example_sensors to None, run_after=None
[2023-06-09T06:09:09.143+0000] {processor.py:179} INFO - Processing /home/airflow/.local/lib/python3.7/site-packages/airflow/example_dags/example_sensors.py took 0.115 seconds
[2023-06-09T06:09:39.174+0000] {processor.py:157} INFO - Started process (PID=1345) to work on /home/airflow/.local/lib/python3.7/site-packages/airflow/example_dags/example_sensors.py
[2023-06-09T06:09:39.174+0000] {processor.py:826} INFO - Processing file /home/airflow/.local/lib/python3.7/site-packages/airflow/example_dags/example_sensors.py for tasks to queue
[2023-06-09T06:09:39.175+0000] {logging_mixin.py:149} INFO - [2023-06-09T06:09:39.175+0000] {dagbag.py:541} INFO - Filling up the DagBag from /home/airflow/.local/lib/python3.7/site-packages/airflow/example_dags/example_sensors.py
[2023-06-09T06:09:39.187+0000] {processor.py:836} INFO - DAG(s) dict_keys(['example_sensors']) retrieved from /home/airflow/.local/lib/python3.7/site-packages/airflow/example_dags/example_sensors.py
[2023-06-09T06:09:39.223+0000] {logging_mixin.py:149} INFO - [2023-06-09T06:09:39.223+0000] {dag.py:2726} INFO - Sync 1 DAGs
[2023-06-09T06:09:39.258+0000] {logging_mixin.py:149} INFO - [2023-06-09T06:09:39.258+0000] {dag.py:3490} INFO - Setting next_dagrun for example_sensors to None, run_after=None
[2023-06-09T06:09:39.281+0000] {processor.py:179} INFO - Processing /home/airflow/.local/lib/python3.7/site-packages/airflow/example_dags/example_sensors.py took 0.111 seconds
[2023-06-09T06:10:09.599+0000] {processor.py:157} INFO - Started process (PID=1399) to work on /home/airflow/.local/lib/python3.7/site-packages/airflow/example_dags/example_sensors.py
[2023-06-09T06:10:09.601+0000] {processor.py:826} INFO - Processing file /home/airflow/.local/lib/python3.7/site-packages/airflow/example_dags/example_sensors.py for tasks to queue
[2023-06-09T06:10:09.602+0000] {logging_mixin.py:149} INFO - [2023-06-09T06:10:09.601+0000] {dagbag.py:541} INFO - Filling up the DagBag from /home/airflow/.local/lib/python3.7/site-packages/airflow/example_dags/example_sensors.py
[2023-06-09T06:10:09.614+0000] {processor.py:836} INFO - DAG(s) dict_keys(['example_sensors']) retrieved from /home/airflow/.local/lib/python3.7/site-packages/airflow/example_dags/example_sensors.py
[2023-06-09T06:10:09.651+0000] {logging_mixin.py:149} INFO - [2023-06-09T06:10:09.650+0000] {dag.py:2726} INFO - Sync 1 DAGs
[2023-06-09T06:10:09.684+0000] {logging_mixin.py:149} INFO - [2023-06-09T06:10:09.684+0000] {dag.py:3490} INFO - Setting next_dagrun for example_sensors to None, run_after=None
[2023-06-09T06:10:09.708+0000] {processor.py:179} INFO - Processing /home/airflow/.local/lib/python3.7/site-packages/airflow/example_dags/example_sensors.py took 0.112 seconds
[2023-06-09T06:10:40.013+0000] {processor.py:157} INFO - Started process (PID=1452) to work on /home/airflow/.local/lib/python3.7/site-packages/airflow/example_dags/example_sensors.py
[2023-06-09T06:10:40.016+0000] {processor.py:826} INFO - Processing file /home/airflow/.local/lib/python3.7/site-packages/airflow/example_dags/example_sensors.py for tasks to queue
[2023-06-09T06:10:40.017+0000] {logging_mixin.py:149} INFO - [2023-06-09T06:10:40.016+0000] {dagbag.py:541} INFO - Filling up the DagBag from /home/airflow/.local/lib/python3.7/site-packages/airflow/example_dags/example_sensors.py
[2023-06-09T06:10:40.033+0000] {processor.py:836} INFO - DAG(s) dict_keys(['example_sensors']) retrieved from /home/airflow/.local/lib/python3.7/site-packages/airflow/example_dags/example_sensors.py
[2023-06-09T06:10:40.077+0000] {logging_mixin.py:149} INFO - [2023-06-09T06:10:40.077+0000] {dag.py:2726} INFO - Sync 1 DAGs
[2023-06-09T06:10:40.113+0000] {logging_mixin.py:149} INFO - [2023-06-09T06:10:40.112+0000] {dag.py:3490} INFO - Setting next_dagrun for example_sensors to None, run_after=None
[2023-06-09T06:10:40.138+0000] {processor.py:179} INFO - Processing /home/airflow/.local/lib/python3.7/site-packages/airflow/example_dags/example_sensors.py took 0.129 seconds
[2023-06-09T06:11:10.403+0000] {processor.py:157} INFO - Started process (PID=1505) to work on /home/airflow/.local/lib/python3.7/site-packages/airflow/example_dags/example_sensors.py
[2023-06-09T06:11:10.405+0000] {processor.py:826} INFO - Processing file /home/airflow/.local/lib/python3.7/site-packages/airflow/example_dags/example_sensors.py for tasks to queue
[2023-06-09T06:11:10.406+0000] {logging_mixin.py:149} INFO - [2023-06-09T06:11:10.406+0000] {dagbag.py:541} INFO - Filling up the DagBag from /home/airflow/.local/lib/python3.7/site-packages/airflow/example_dags/example_sensors.py
[2023-06-09T06:11:10.418+0000] {processor.py:836} INFO - DAG(s) dict_keys(['example_sensors']) retrieved from /home/airflow/.local/lib/python3.7/site-packages/airflow/example_dags/example_sensors.py
[2023-06-09T06:11:10.461+0000] {logging_mixin.py:149} INFO - [2023-06-09T06:11:10.461+0000] {dag.py:2726} INFO - Sync 1 DAGs
[2023-06-09T06:11:10.496+0000] {logging_mixin.py:149} INFO - [2023-06-09T06:11:10.495+0000] {dag.py:3490} INFO - Setting next_dagrun for example_sensors to None, run_after=None
[2023-06-09T06:11:10.520+0000] {processor.py:179} INFO - Processing /home/airflow/.local/lib/python3.7/site-packages/airflow/example_dags/example_sensors.py took 0.120 seconds
[2023-06-09T06:11:40.964+0000] {processor.py:157} INFO - Started process (PID=1559) to work on /home/airflow/.local/lib/python3.7/site-packages/airflow/example_dags/example_sensors.py
[2023-06-09T06:11:40.965+0000] {processor.py:826} INFO - Processing file /home/airflow/.local/lib/python3.7/site-packages/airflow/example_dags/example_sensors.py for tasks to queue
[2023-06-09T06:11:40.966+0000] {logging_mixin.py:149} INFO - [2023-06-09T06:11:40.965+0000] {dagbag.py:541} INFO - Filling up the DagBag from /home/airflow/.local/lib/python3.7/site-packages/airflow/example_dags/example_sensors.py
[2023-06-09T06:11:40.978+0000] {processor.py:836} INFO - DAG(s) dict_keys(['example_sensors']) retrieved from /home/airflow/.local/lib/python3.7/site-packages/airflow/example_dags/example_sensors.py
[2023-06-09T06:11:41.014+0000] {logging_mixin.py:149} INFO - [2023-06-09T06:11:41.014+0000] {dag.py:2726} INFO - Sync 1 DAGs
[2023-06-09T06:11:41.050+0000] {logging_mixin.py:149} INFO - [2023-06-09T06:11:41.050+0000] {dag.py:3490} INFO - Setting next_dagrun for example_sensors to None, run_after=None
[2023-06-09T06:11:41.074+0000] {processor.py:179} INFO - Processing /home/airflow/.local/lib/python3.7/site-packages/airflow/example_dags/example_sensors.py took 0.114 seconds
[2023-06-09T06:12:11.369+0000] {processor.py:157} INFO - Started process (PID=1614) to work on /home/airflow/.local/lib/python3.7/site-packages/airflow/example_dags/example_sensors.py
[2023-06-09T06:12:11.371+0000] {processor.py:826} INFO - Processing file /home/airflow/.local/lib/python3.7/site-packages/airflow/example_dags/example_sensors.py for tasks to queue
[2023-06-09T06:12:11.372+0000] {logging_mixin.py:149} INFO - [2023-06-09T06:12:11.372+0000] {dagbag.py:541} INFO - Filling up the DagBag from /home/airflow/.local/lib/python3.7/site-packages/airflow/example_dags/example_sensors.py
[2023-06-09T06:12:11.383+0000] {processor.py:836} INFO - DAG(s) dict_keys(['example_sensors']) retrieved from /home/airflow/.local/lib/python3.7/site-packages/airflow/example_dags/example_sensors.py
[2023-06-09T06:12:11.420+0000] {logging_mixin.py:149} INFO - [2023-06-09T06:12:11.420+0000] {dag.py:2726} INFO - Sync 1 DAGs
[2023-06-09T06:12:11.453+0000] {logging_mixin.py:149} INFO - [2023-06-09T06:12:11.453+0000] {dag.py:3490} INFO - Setting next_dagrun for example_sensors to None, run_after=None
[2023-06-09T06:12:11.476+0000] {processor.py:179} INFO - Processing /home/airflow/.local/lib/python3.7/site-packages/airflow/example_dags/example_sensors.py took 0.110 seconds
[2023-06-09T06:12:42.103+0000] {processor.py:157} INFO - Started process (PID=1668) to work on /home/airflow/.local/lib/python3.7/site-packages/airflow/example_dags/example_sensors.py
[2023-06-09T06:12:42.104+0000] {processor.py:826} INFO - Processing file /home/airflow/.local/lib/python3.7/site-packages/airflow/example_dags/example_sensors.py for tasks to queue
[2023-06-09T06:12:42.105+0000] {logging_mixin.py:149} INFO - [2023-06-09T06:12:42.105+0000] {dagbag.py:541} INFO - Filling up the DagBag from /home/airflow/.local/lib/python3.7/site-packages/airflow/example_dags/example_sensors.py
[2023-06-09T06:12:42.116+0000] {processor.py:836} INFO - DAG(s) dict_keys(['example_sensors']) retrieved from /home/airflow/.local/lib/python3.7/site-packages/airflow/example_dags/example_sensors.py
[2023-06-09T06:12:42.153+0000] {logging_mixin.py:149} INFO - [2023-06-09T06:12:42.152+0000] {dag.py:2726} INFO - Sync 1 DAGs
[2023-06-09T06:12:42.189+0000] {logging_mixin.py:149} INFO - [2023-06-09T06:12:42.189+0000] {dag.py:3490} INFO - Setting next_dagrun for example_sensors to None, run_after=None
[2023-06-09T06:12:42.218+0000] {processor.py:179} INFO - Processing /home/airflow/.local/lib/python3.7/site-packages/airflow/example_dags/example_sensors.py took 0.119 seconds
[2023-06-09T06:13:12.468+0000] {processor.py:157} INFO - Started process (PID=1722) to work on /home/airflow/.local/lib/python3.7/site-packages/airflow/example_dags/example_sensors.py
[2023-06-09T06:13:12.471+0000] {processor.py:826} INFO - Processing file /home/airflow/.local/lib/python3.7/site-packages/airflow/example_dags/example_sensors.py for tasks to queue
[2023-06-09T06:13:12.472+0000] {logging_mixin.py:149} INFO - [2023-06-09T06:13:12.472+0000] {dagbag.py:541} INFO - Filling up the DagBag from /home/airflow/.local/lib/python3.7/site-packages/airflow/example_dags/example_sensors.py
[2023-06-09T06:13:12.486+0000] {processor.py:836} INFO - DAG(s) dict_keys(['example_sensors']) retrieved from /home/airflow/.local/lib/python3.7/site-packages/airflow/example_dags/example_sensors.py
[2023-06-09T06:13:12.535+0000] {logging_mixin.py:149} INFO - [2023-06-09T06:13:12.535+0000] {dag.py:2726} INFO - Sync 1 DAGs
[2023-06-09T06:13:12.569+0000] {logging_mixin.py:149} INFO - [2023-06-09T06:13:12.569+0000] {dag.py:3490} INFO - Setting next_dagrun for example_sensors to None, run_after=None
[2023-06-09T06:13:12.593+0000] {processor.py:179} INFO - Processing /home/airflow/.local/lib/python3.7/site-packages/airflow/example_dags/example_sensors.py took 0.129 seconds
[2023-06-09T06:13:42.923+0000] {processor.py:157} INFO - Started process (PID=1776) to work on /home/airflow/.local/lib/python3.7/site-packages/airflow/example_dags/example_sensors.py
[2023-06-09T06:13:42.923+0000] {processor.py:826} INFO - Processing file /home/airflow/.local/lib/python3.7/site-packages/airflow/example_dags/example_sensors.py for tasks to queue
[2023-06-09T06:13:42.924+0000] {logging_mixin.py:149} INFO - [2023-06-09T06:13:42.924+0000] {dagbag.py:541} INFO - Filling up the DagBag from /home/airflow/.local/lib/python3.7/site-packages/airflow/example_dags/example_sensors.py
[2023-06-09T06:13:42.938+0000] {processor.py:836} INFO - DAG(s) dict_keys(['example_sensors']) retrieved from /home/airflow/.local/lib/python3.7/site-packages/airflow/example_dags/example_sensors.py
[2023-06-09T06:13:42.976+0000] {logging_mixin.py:149} INFO - [2023-06-09T06:13:42.976+0000] {dag.py:2726} INFO - Sync 1 DAGs
[2023-06-09T06:13:43.013+0000] {logging_mixin.py:149} INFO - [2023-06-09T06:13:43.012+0000] {dag.py:3490} INFO - Setting next_dagrun for example_sensors to None, run_after=None
[2023-06-09T06:13:43.042+0000] {processor.py:179} INFO - Processing /home/airflow/.local/lib/python3.7/site-packages/airflow/example_dags/example_sensors.py took 0.123 seconds
[2023-06-09T06:14:13.598+0000] {processor.py:157} INFO - Started process (PID=1829) to work on /home/airflow/.local/lib/python3.7/site-packages/airflow/example_dags/example_sensors.py
[2023-06-09T06:14:13.605+0000] {processor.py:826} INFO - Processing file /home/airflow/.local/lib/python3.7/site-packages/airflow/example_dags/example_sensors.py for tasks to queue
[2023-06-09T06:14:13.609+0000] {logging_mixin.py:149} INFO - [2023-06-09T06:14:13.609+0000] {dagbag.py:541} INFO - Filling up the DagBag from /home/airflow/.local/lib/python3.7/site-packages/airflow/example_dags/example_sensors.py
[2023-06-09T06:14:13.637+0000] {processor.py:836} INFO - DAG(s) dict_keys(['example_sensors']) retrieved from /home/airflow/.local/lib/python3.7/site-packages/airflow/example_dags/example_sensors.py
[2023-06-09T06:14:13.709+0000] {logging_mixin.py:149} INFO - [2023-06-09T06:14:13.708+0000] {dag.py:2726} INFO - Sync 1 DAGs
[2023-06-09T06:14:13.776+0000] {logging_mixin.py:149} INFO - [2023-06-09T06:14:13.776+0000] {dag.py:3490} INFO - Setting next_dagrun for example_sensors to None, run_after=None
[2023-06-09T06:14:13.818+0000] {processor.py:179} INFO - Processing /home/airflow/.local/lib/python3.7/site-packages/airflow/example_dags/example_sensors.py took 0.224 seconds
[2023-06-09T06:14:43.997+0000] {processor.py:157} INFO - Started process (PID=1883) to work on /home/airflow/.local/lib/python3.7/site-packages/airflow/example_dags/example_sensors.py
[2023-06-09T06:14:44.007+0000] {processor.py:826} INFO - Processing file /home/airflow/.local/lib/python3.7/site-packages/airflow/example_dags/example_sensors.py for tasks to queue
[2023-06-09T06:14:44.008+0000] {logging_mixin.py:149} INFO - [2023-06-09T06:14:44.008+0000] {dagbag.py:541} INFO - Filling up the DagBag from /home/airflow/.local/lib/python3.7/site-packages/airflow/example_dags/example_sensors.py
[2023-06-09T06:14:44.036+0000] {processor.py:836} INFO - DAG(s) dict_keys(['example_sensors']) retrieved from /home/airflow/.local/lib/python3.7/site-packages/airflow/example_dags/example_sensors.py
[2023-06-09T06:14:44.122+0000] {logging_mixin.py:149} INFO - [2023-06-09T06:14:44.122+0000] {dag.py:2726} INFO - Sync 1 DAGs
[2023-06-09T06:14:44.176+0000] {logging_mixin.py:149} INFO - [2023-06-09T06:14:44.176+0000] {dag.py:3490} INFO - Setting next_dagrun for example_sensors to None, run_after=None
[2023-06-09T06:14:44.210+0000] {processor.py:179} INFO - Processing /home/airflow/.local/lib/python3.7/site-packages/airflow/example_dags/example_sensors.py took 0.217 seconds
[2023-06-09T06:15:14.313+0000] {processor.py:157} INFO - Started process (PID=1937) to work on /home/airflow/.local/lib/python3.7/site-packages/airflow/example_dags/example_sensors.py
[2023-06-09T06:15:14.314+0000] {processor.py:826} INFO - Processing file /home/airflow/.local/lib/python3.7/site-packages/airflow/example_dags/example_sensors.py for tasks to queue
[2023-06-09T06:15:14.315+0000] {logging_mixin.py:149} INFO - [2023-06-09T06:15:14.315+0000] {dagbag.py:541} INFO - Filling up the DagBag from /home/airflow/.local/lib/python3.7/site-packages/airflow/example_dags/example_sensors.py
[2023-06-09T06:15:14.327+0000] {processor.py:836} INFO - DAG(s) dict_keys(['example_sensors']) retrieved from /home/airflow/.local/lib/python3.7/site-packages/airflow/example_dags/example_sensors.py
[2023-06-09T06:15:14.366+0000] {logging_mixin.py:149} INFO - [2023-06-09T06:15:14.366+0000] {dag.py:2726} INFO - Sync 1 DAGs
[2023-06-09T06:15:14.399+0000] {logging_mixin.py:149} INFO - [2023-06-09T06:15:14.399+0000] {dag.py:3490} INFO - Setting next_dagrun for example_sensors to None, run_after=None
[2023-06-09T06:15:14.421+0000] {processor.py:179} INFO - Processing /home/airflow/.local/lib/python3.7/site-packages/airflow/example_dags/example_sensors.py took 0.112 seconds
[2023-06-09T06:15:44.673+0000] {processor.py:157} INFO - Started process (PID=1990) to work on /home/airflow/.local/lib/python3.7/site-packages/airflow/example_dags/example_sensors.py
[2023-06-09T06:15:44.675+0000] {processor.py:826} INFO - Processing file /home/airflow/.local/lib/python3.7/site-packages/airflow/example_dags/example_sensors.py for tasks to queue
[2023-06-09T06:15:44.676+0000] {logging_mixin.py:149} INFO - [2023-06-09T06:15:44.676+0000] {dagbag.py:541} INFO - Filling up the DagBag from /home/airflow/.local/lib/python3.7/site-packages/airflow/example_dags/example_sensors.py
[2023-06-09T06:15:44.687+0000] {processor.py:836} INFO - DAG(s) dict_keys(['example_sensors']) retrieved from /home/airflow/.local/lib/python3.7/site-packages/airflow/example_dags/example_sensors.py
[2023-06-09T06:15:44.723+0000] {logging_mixin.py:149} INFO - [2023-06-09T06:15:44.723+0000] {dag.py:2726} INFO - Sync 1 DAGs
[2023-06-09T06:15:44.755+0000] {logging_mixin.py:149} INFO - [2023-06-09T06:15:44.755+0000] {dag.py:3490} INFO - Setting next_dagrun for example_sensors to None, run_after=None
[2023-06-09T06:15:44.781+0000] {processor.py:179} INFO - Processing /home/airflow/.local/lib/python3.7/site-packages/airflow/example_dags/example_sensors.py took 0.114 seconds
[2023-06-09T06:16:14.999+0000] {processor.py:157} INFO - Started process (PID=2044) to work on /home/airflow/.local/lib/python3.7/site-packages/airflow/example_dags/example_sensors.py
[2023-06-09T06:16:15.000+0000] {processor.py:826} INFO - Processing file /home/airflow/.local/lib/python3.7/site-packages/airflow/example_dags/example_sensors.py for tasks to queue
[2023-06-09T06:16:15.000+0000] {logging_mixin.py:149} INFO - [2023-06-09T06:16:15.000+0000] {dagbag.py:541} INFO - Filling up the DagBag from /home/airflow/.local/lib/python3.7/site-packages/airflow/example_dags/example_sensors.py
[2023-06-09T06:16:15.013+0000] {processor.py:836} INFO - DAG(s) dict_keys(['example_sensors']) retrieved from /home/airflow/.local/lib/python3.7/site-packages/airflow/example_dags/example_sensors.py
[2023-06-09T06:16:15.058+0000] {logging_mixin.py:149} INFO - [2023-06-09T06:16:15.058+0000] {dag.py:2726} INFO - Sync 1 DAGs
[2023-06-09T06:16:15.105+0000] {logging_mixin.py:149} INFO - [2023-06-09T06:16:15.104+0000] {dag.py:3490} INFO - Setting next_dagrun for example_sensors to None, run_after=None
[2023-06-09T06:16:15.129+0000] {processor.py:179} INFO - Processing /home/airflow/.local/lib/python3.7/site-packages/airflow/example_dags/example_sensors.py took 0.135 seconds
[2023-06-09T06:16:45.632+0000] {processor.py:157} INFO - Started process (PID=2098) to work on /home/airflow/.local/lib/python3.7/site-packages/airflow/example_dags/example_sensors.py
[2023-06-09T06:16:45.633+0000] {processor.py:826} INFO - Processing file /home/airflow/.local/lib/python3.7/site-packages/airflow/example_dags/example_sensors.py for tasks to queue
[2023-06-09T06:16:45.634+0000] {logging_mixin.py:149} INFO - [2023-06-09T06:16:45.634+0000] {dagbag.py:541} INFO - Filling up the DagBag from /home/airflow/.local/lib/python3.7/site-packages/airflow/example_dags/example_sensors.py
[2023-06-09T06:16:45.646+0000] {processor.py:836} INFO - DAG(s) dict_keys(['example_sensors']) retrieved from /home/airflow/.local/lib/python3.7/site-packages/airflow/example_dags/example_sensors.py
[2023-06-09T06:16:45.683+0000] {logging_mixin.py:149} INFO - [2023-06-09T06:16:45.682+0000] {dag.py:2726} INFO - Sync 1 DAGs
[2023-06-09T06:16:45.716+0000] {logging_mixin.py:149} INFO - [2023-06-09T06:16:45.715+0000] {dag.py:3490} INFO - Setting next_dagrun for example_sensors to None, run_after=None
[2023-06-09T06:16:45.739+0000] {processor.py:179} INFO - Processing /home/airflow/.local/lib/python3.7/site-packages/airflow/example_dags/example_sensors.py took 0.111 seconds
[2023-06-09T06:17:15.964+0000] {processor.py:157} INFO - Started process (PID=2152) to work on /home/airflow/.local/lib/python3.7/site-packages/airflow/example_dags/example_sensors.py
[2023-06-09T06:17:15.965+0000] {processor.py:826} INFO - Processing file /home/airflow/.local/lib/python3.7/site-packages/airflow/example_dags/example_sensors.py for tasks to queue
[2023-06-09T06:17:15.966+0000] {logging_mixin.py:149} INFO - [2023-06-09T06:17:15.966+0000] {dagbag.py:541} INFO - Filling up the DagBag from /home/airflow/.local/lib/python3.7/site-packages/airflow/example_dags/example_sensors.py
[2023-06-09T06:17:15.978+0000] {processor.py:836} INFO - DAG(s) dict_keys(['example_sensors']) retrieved from /home/airflow/.local/lib/python3.7/site-packages/airflow/example_dags/example_sensors.py
[2023-06-09T06:17:16.016+0000] {logging_mixin.py:149} INFO - [2023-06-09T06:17:16.015+0000] {dag.py:2726} INFO - Sync 1 DAGs
[2023-06-09T06:17:16.049+0000] {logging_mixin.py:149} INFO - [2023-06-09T06:17:16.049+0000] {dag.py:3490} INFO - Setting next_dagrun for example_sensors to None, run_after=None
[2023-06-09T06:17:16.074+0000] {processor.py:179} INFO - Processing /home/airflow/.local/lib/python3.7/site-packages/airflow/example_dags/example_sensors.py took 0.114 seconds
[2023-06-09T06:17:46.404+0000] {processor.py:157} INFO - Started process (PID=2206) to work on /home/airflow/.local/lib/python3.7/site-packages/airflow/example_dags/example_sensors.py
[2023-06-09T06:17:46.405+0000] {processor.py:826} INFO - Processing file /home/airflow/.local/lib/python3.7/site-packages/airflow/example_dags/example_sensors.py for tasks to queue
[2023-06-09T06:17:46.406+0000] {logging_mixin.py:149} INFO - [2023-06-09T06:17:46.406+0000] {dagbag.py:541} INFO - Filling up the DagBag from /home/airflow/.local/lib/python3.7/site-packages/airflow/example_dags/example_sensors.py
[2023-06-09T06:17:46.418+0000] {processor.py:836} INFO - DAG(s) dict_keys(['example_sensors']) retrieved from /home/airflow/.local/lib/python3.7/site-packages/airflow/example_dags/example_sensors.py
[2023-06-09T06:17:46.454+0000] {logging_mixin.py:149} INFO - [2023-06-09T06:17:46.454+0000] {dag.py:2726} INFO - Sync 1 DAGs
[2023-06-09T06:17:46.488+0000] {logging_mixin.py:149} INFO - [2023-06-09T06:17:46.488+0000] {dag.py:3490} INFO - Setting next_dagrun for example_sensors to None, run_after=None
[2023-06-09T06:17:46.511+0000] {processor.py:179} INFO - Processing /home/airflow/.local/lib/python3.7/site-packages/airflow/example_dags/example_sensors.py took 0.111 seconds
[2023-06-09T06:18:16.989+0000] {processor.py:157} INFO - Started process (PID=2260) to work on /home/airflow/.local/lib/python3.7/site-packages/airflow/example_dags/example_sensors.py
[2023-06-09T06:18:16.990+0000] {processor.py:826} INFO - Processing file /home/airflow/.local/lib/python3.7/site-packages/airflow/example_dags/example_sensors.py for tasks to queue
[2023-06-09T06:18:16.990+0000] {logging_mixin.py:149} INFO - [2023-06-09T06:18:16.990+0000] {dagbag.py:541} INFO - Filling up the DagBag from /home/airflow/.local/lib/python3.7/site-packages/airflow/example_dags/example_sensors.py
[2023-06-09T06:18:17.003+0000] {processor.py:836} INFO - DAG(s) dict_keys(['example_sensors']) retrieved from /home/airflow/.local/lib/python3.7/site-packages/airflow/example_dags/example_sensors.py
[2023-06-09T06:18:17.039+0000] {logging_mixin.py:149} INFO - [2023-06-09T06:18:17.039+0000] {dag.py:2726} INFO - Sync 1 DAGs
[2023-06-09T06:18:17.074+0000] {logging_mixin.py:149} INFO - [2023-06-09T06:18:17.073+0000] {dag.py:3490} INFO - Setting next_dagrun for example_sensors to None, run_after=None
[2023-06-09T06:18:17.106+0000] {processor.py:179} INFO - Processing /home/airflow/.local/lib/python3.7/site-packages/airflow/example_dags/example_sensors.py took 0.121 seconds
[2023-06-09T06:18:47.620+0000] {processor.py:157} INFO - Started process (PID=2314) to work on /home/airflow/.local/lib/python3.7/site-packages/airflow/example_dags/example_sensors.py
[2023-06-09T06:18:47.621+0000] {processor.py:826} INFO - Processing file /home/airflow/.local/lib/python3.7/site-packages/airflow/example_dags/example_sensors.py for tasks to queue
[2023-06-09T06:18:47.622+0000] {logging_mixin.py:149} INFO - [2023-06-09T06:18:47.622+0000] {dagbag.py:541} INFO - Filling up the DagBag from /home/airflow/.local/lib/python3.7/site-packages/airflow/example_dags/example_sensors.py
[2023-06-09T06:18:47.635+0000] {processor.py:836} INFO - DAG(s) dict_keys(['example_sensors']) retrieved from /home/airflow/.local/lib/python3.7/site-packages/airflow/example_dags/example_sensors.py
[2023-06-09T06:18:47.673+0000] {logging_mixin.py:149} INFO - [2023-06-09T06:18:47.673+0000] {dag.py:2726} INFO - Sync 1 DAGs
[2023-06-09T06:18:47.707+0000] {logging_mixin.py:149} INFO - [2023-06-09T06:18:47.706+0000] {dag.py:3490} INFO - Setting next_dagrun for example_sensors to None, run_after=None
[2023-06-09T06:18:47.729+0000] {processor.py:179} INFO - Processing /home/airflow/.local/lib/python3.7/site-packages/airflow/example_dags/example_sensors.py took 0.113 seconds
[2023-06-09T06:19:17.794+0000] {processor.py:157} INFO - Started process (PID=2368) to work on /home/airflow/.local/lib/python3.7/site-packages/airflow/example_dags/example_sensors.py
[2023-06-09T06:19:17.796+0000] {processor.py:826} INFO - Processing file /home/airflow/.local/lib/python3.7/site-packages/airflow/example_dags/example_sensors.py for tasks to queue
[2023-06-09T06:19:17.797+0000] {logging_mixin.py:149} INFO - [2023-06-09T06:19:17.797+0000] {dagbag.py:541} INFO - Filling up the DagBag from /home/airflow/.local/lib/python3.7/site-packages/airflow/example_dags/example_sensors.py
[2023-06-09T06:19:17.809+0000] {processor.py:836} INFO - DAG(s) dict_keys(['example_sensors']) retrieved from /home/airflow/.local/lib/python3.7/site-packages/airflow/example_dags/example_sensors.py
[2023-06-09T06:19:17.847+0000] {logging_mixin.py:149} INFO - [2023-06-09T06:19:17.847+0000] {dag.py:2726} INFO - Sync 1 DAGs
[2023-06-09T06:19:17.895+0000] {logging_mixin.py:149} INFO - [2023-06-09T06:19:17.895+0000] {dag.py:3490} INFO - Setting next_dagrun for example_sensors to None, run_after=None
[2023-06-09T06:19:17.920+0000] {processor.py:179} INFO - Processing /home/airflow/.local/lib/python3.7/site-packages/airflow/example_dags/example_sensors.py took 0.130 seconds
[2023-06-09T06:19:48.215+0000] {processor.py:157} INFO - Started process (PID=2423) to work on /home/airflow/.local/lib/python3.7/site-packages/airflow/example_dags/example_sensors.py
[2023-06-09T06:19:48.216+0000] {processor.py:826} INFO - Processing file /home/airflow/.local/lib/python3.7/site-packages/airflow/example_dags/example_sensors.py for tasks to queue
[2023-06-09T06:19:48.217+0000] {logging_mixin.py:149} INFO - [2023-06-09T06:19:48.217+0000] {dagbag.py:541} INFO - Filling up the DagBag from /home/airflow/.local/lib/python3.7/site-packages/airflow/example_dags/example_sensors.py
[2023-06-09T06:19:48.229+0000] {processor.py:836} INFO - DAG(s) dict_keys(['example_sensors']) retrieved from /home/airflow/.local/lib/python3.7/site-packages/airflow/example_dags/example_sensors.py
[2023-06-09T06:19:48.265+0000] {logging_mixin.py:149} INFO - [2023-06-09T06:19:48.265+0000] {dag.py:2726} INFO - Sync 1 DAGs
[2023-06-09T06:19:48.299+0000] {logging_mixin.py:149} INFO - [2023-06-09T06:19:48.299+0000] {dag.py:3490} INFO - Setting next_dagrun for example_sensors to None, run_after=None
[2023-06-09T06:19:48.325+0000] {processor.py:179} INFO - Processing /home/airflow/.local/lib/python3.7/site-packages/airflow/example_dags/example_sensors.py took 0.114 seconds
[2023-06-09T06:20:18.621+0000] {processor.py:157} INFO - Started process (PID=2477) to work on /home/airflow/.local/lib/python3.7/site-packages/airflow/example_dags/example_sensors.py
[2023-06-09T06:20:18.622+0000] {processor.py:826} INFO - Processing file /home/airflow/.local/lib/python3.7/site-packages/airflow/example_dags/example_sensors.py for tasks to queue
[2023-06-09T06:20:18.623+0000] {logging_mixin.py:149} INFO - [2023-06-09T06:20:18.622+0000] {dagbag.py:541} INFO - Filling up the DagBag from /home/airflow/.local/lib/python3.7/site-packages/airflow/example_dags/example_sensors.py
[2023-06-09T06:20:18.635+0000] {processor.py:836} INFO - DAG(s) dict_keys(['example_sensors']) retrieved from /home/airflow/.local/lib/python3.7/site-packages/airflow/example_dags/example_sensors.py
[2023-06-09T06:20:18.672+0000] {logging_mixin.py:149} INFO - [2023-06-09T06:20:18.671+0000] {dag.py:2726} INFO - Sync 1 DAGs
[2023-06-09T06:20:18.706+0000] {logging_mixin.py:149} INFO - [2023-06-09T06:20:18.706+0000] {dag.py:3490} INFO - Setting next_dagrun for example_sensors to None, run_after=None
[2023-06-09T06:20:18.736+0000] {processor.py:179} INFO - Processing /home/airflow/.local/lib/python3.7/site-packages/airflow/example_dags/example_sensors.py took 0.119 seconds
[2023-06-09T06:20:49.901+0000] {processor.py:157} INFO - Started process (PID=2531) to work on /home/airflow/.local/lib/python3.7/site-packages/airflow/example_dags/example_sensors.py
[2023-06-09T06:20:49.913+0000] {processor.py:826} INFO - Processing file /home/airflow/.local/lib/python3.7/site-packages/airflow/example_dags/example_sensors.py for tasks to queue
[2023-06-09T06:20:49.914+0000] {logging_mixin.py:149} INFO - [2023-06-09T06:20:49.914+0000] {dagbag.py:541} INFO - Filling up the DagBag from /home/airflow/.local/lib/python3.7/site-packages/airflow/example_dags/example_sensors.py
[2023-06-09T06:20:49.950+0000] {processor.py:836} INFO - DAG(s) dict_keys(['example_sensors']) retrieved from /home/airflow/.local/lib/python3.7/site-packages/airflow/example_dags/example_sensors.py
[2023-06-09T06:20:50.069+0000] {logging_mixin.py:149} INFO - [2023-06-09T06:20:50.069+0000] {dag.py:2726} INFO - Sync 1 DAGs
[2023-06-09T06:20:50.132+0000] {logging_mixin.py:149} INFO - [2023-06-09T06:20:50.132+0000] {dag.py:3490} INFO - Setting next_dagrun for example_sensors to None, run_after=None
[2023-06-09T06:20:50.180+0000] {processor.py:179} INFO - Processing /home/airflow/.local/lib/python3.7/site-packages/airflow/example_dags/example_sensors.py took 0.296 seconds
[2023-06-09T06:21:20.534+0000] {processor.py:157} INFO - Started process (PID=2582) to work on /home/airflow/.local/lib/python3.7/site-packages/airflow/example_dags/example_sensors.py
[2023-06-09T06:21:20.535+0000] {processor.py:826} INFO - Processing file /home/airflow/.local/lib/python3.7/site-packages/airflow/example_dags/example_sensors.py for tasks to queue
[2023-06-09T06:21:20.535+0000] {logging_mixin.py:149} INFO - [2023-06-09T06:21:20.535+0000] {dagbag.py:541} INFO - Filling up the DagBag from /home/airflow/.local/lib/python3.7/site-packages/airflow/example_dags/example_sensors.py
[2023-06-09T06:21:20.547+0000] {processor.py:836} INFO - DAG(s) dict_keys(['example_sensors']) retrieved from /home/airflow/.local/lib/python3.7/site-packages/airflow/example_dags/example_sensors.py
[2023-06-09T06:21:20.587+0000] {logging_mixin.py:149} INFO - [2023-06-09T06:21:20.587+0000] {dag.py:2726} INFO - Sync 1 DAGs
[2023-06-09T06:21:20.621+0000] {logging_mixin.py:149} INFO - [2023-06-09T06:21:20.621+0000] {dag.py:3490} INFO - Setting next_dagrun for example_sensors to None, run_after=None
[2023-06-09T06:21:20.645+0000] {processor.py:179} INFO - Processing /home/airflow/.local/lib/python3.7/site-packages/airflow/example_dags/example_sensors.py took 0.115 seconds
[2023-06-09T06:21:50.842+0000] {processor.py:157} INFO - Started process (PID=2636) to work on /home/airflow/.local/lib/python3.7/site-packages/airflow/example_dags/example_sensors.py
[2023-06-09T06:21:50.844+0000] {processor.py:826} INFO - Processing file /home/airflow/.local/lib/python3.7/site-packages/airflow/example_dags/example_sensors.py for tasks to queue
[2023-06-09T06:21:50.845+0000] {logging_mixin.py:149} INFO - [2023-06-09T06:21:50.845+0000] {dagbag.py:541} INFO - Filling up the DagBag from /home/airflow/.local/lib/python3.7/site-packages/airflow/example_dags/example_sensors.py
[2023-06-09T06:21:50.861+0000] {processor.py:836} INFO - DAG(s) dict_keys(['example_sensors']) retrieved from /home/airflow/.local/lib/python3.7/site-packages/airflow/example_dags/example_sensors.py
[2023-06-09T06:21:50.899+0000] {logging_mixin.py:149} INFO - [2023-06-09T06:21:50.898+0000] {dag.py:2726} INFO - Sync 1 DAGs
[2023-06-09T06:21:50.931+0000] {logging_mixin.py:149} INFO - [2023-06-09T06:21:50.931+0000] {dag.py:3490} INFO - Setting next_dagrun for example_sensors to None, run_after=None
[2023-06-09T06:21:50.965+0000] {processor.py:179} INFO - Processing /home/airflow/.local/lib/python3.7/site-packages/airflow/example_dags/example_sensors.py took 0.127 seconds
[2023-06-09T06:22:21.699+0000] {processor.py:157} INFO - Started process (PID=2690) to work on /home/airflow/.local/lib/python3.7/site-packages/airflow/example_dags/example_sensors.py
[2023-06-09T06:22:21.700+0000] {processor.py:826} INFO - Processing file /home/airflow/.local/lib/python3.7/site-packages/airflow/example_dags/example_sensors.py for tasks to queue
[2023-06-09T06:22:21.701+0000] {logging_mixin.py:149} INFO - [2023-06-09T06:22:21.700+0000] {dagbag.py:541} INFO - Filling up the DagBag from /home/airflow/.local/lib/python3.7/site-packages/airflow/example_dags/example_sensors.py
[2023-06-09T06:22:21.712+0000] {processor.py:836} INFO - DAG(s) dict_keys(['example_sensors']) retrieved from /home/airflow/.local/lib/python3.7/site-packages/airflow/example_dags/example_sensors.py
[2023-06-09T06:22:21.749+0000] {logging_mixin.py:149} INFO - [2023-06-09T06:22:21.749+0000] {dag.py:2726} INFO - Sync 1 DAGs
[2023-06-09T06:22:21.783+0000] {logging_mixin.py:149} INFO - [2023-06-09T06:22:21.783+0000] {dag.py:3490} INFO - Setting next_dagrun for example_sensors to None, run_after=None
[2023-06-09T06:22:21.806+0000] {processor.py:179} INFO - Processing /home/airflow/.local/lib/python3.7/site-packages/airflow/example_dags/example_sensors.py took 0.111 seconds
[2023-06-09T06:22:52.400+0000] {processor.py:157} INFO - Started process (PID=2744) to work on /home/airflow/.local/lib/python3.7/site-packages/airflow/example_dags/example_sensors.py
[2023-06-09T06:22:52.411+0000] {processor.py:826} INFO - Processing file /home/airflow/.local/lib/python3.7/site-packages/airflow/example_dags/example_sensors.py for tasks to queue
[2023-06-09T06:22:52.412+0000] {logging_mixin.py:149} INFO - [2023-06-09T06:22:52.412+0000] {dagbag.py:541} INFO - Filling up the DagBag from /home/airflow/.local/lib/python3.7/site-packages/airflow/example_dags/example_sensors.py
[2023-06-09T06:22:52.425+0000] {processor.py:836} INFO - DAG(s) dict_keys(['example_sensors']) retrieved from /home/airflow/.local/lib/python3.7/site-packages/airflow/example_dags/example_sensors.py
[2023-06-09T06:22:52.461+0000] {logging_mixin.py:149} INFO - [2023-06-09T06:22:52.461+0000] {dag.py:2726} INFO - Sync 1 DAGs
[2023-06-09T06:22:52.495+0000] {logging_mixin.py:149} INFO - [2023-06-09T06:22:52.495+0000] {dag.py:3490} INFO - Setting next_dagrun for example_sensors to None, run_after=None
[2023-06-09T06:22:52.518+0000] {processor.py:179} INFO - Processing /home/airflow/.local/lib/python3.7/site-packages/airflow/example_dags/example_sensors.py took 0.122 seconds
[2023-06-09T06:23:22.889+0000] {processor.py:157} INFO - Started process (PID=2798) to work on /home/airflow/.local/lib/python3.7/site-packages/airflow/example_dags/example_sensors.py
[2023-06-09T06:23:22.891+0000] {processor.py:826} INFO - Processing file /home/airflow/.local/lib/python3.7/site-packages/airflow/example_dags/example_sensors.py for tasks to queue
[2023-06-09T06:23:22.894+0000] {logging_mixin.py:149} INFO - [2023-06-09T06:23:22.894+0000] {dagbag.py:541} INFO - Filling up the DagBag from /home/airflow/.local/lib/python3.7/site-packages/airflow/example_dags/example_sensors.py
[2023-06-09T06:23:22.922+0000] {processor.py:836} INFO - DAG(s) dict_keys(['example_sensors']) retrieved from /home/airflow/.local/lib/python3.7/site-packages/airflow/example_dags/example_sensors.py
[2023-06-09T06:23:22.992+0000] {logging_mixin.py:149} INFO - [2023-06-09T06:23:22.992+0000] {dag.py:2726} INFO - Sync 1 DAGs
[2023-06-09T06:23:23.057+0000] {logging_mixin.py:149} INFO - [2023-06-09T06:23:23.056+0000] {dag.py:3490} INFO - Setting next_dagrun for example_sensors to None, run_after=None
[2023-06-09T06:23:23.105+0000] {processor.py:179} INFO - Processing /home/airflow/.local/lib/python3.7/site-packages/airflow/example_dags/example_sensors.py took 0.232 seconds
[2023-06-09T06:23:54.043+0000] {processor.py:157} INFO - Started process (PID=2851) to work on /home/airflow/.local/lib/python3.7/site-packages/airflow/example_dags/example_sensors.py
[2023-06-09T06:23:54.046+0000] {processor.py:826} INFO - Processing file /home/airflow/.local/lib/python3.7/site-packages/airflow/example_dags/example_sensors.py for tasks to queue
[2023-06-09T06:23:54.047+0000] {logging_mixin.py:149} INFO - [2023-06-09T06:23:54.047+0000] {dagbag.py:541} INFO - Filling up the DagBag from /home/airflow/.local/lib/python3.7/site-packages/airflow/example_dags/example_sensors.py
[2023-06-09T06:23:54.059+0000] {processor.py:836} INFO - DAG(s) dict_keys(['example_sensors']) retrieved from /home/airflow/.local/lib/python3.7/site-packages/airflow/example_dags/example_sensors.py
[2023-06-09T06:23:54.096+0000] {logging_mixin.py:149} INFO - [2023-06-09T06:23:54.095+0000] {dag.py:2726} INFO - Sync 1 DAGs
[2023-06-09T06:23:54.160+0000] {logging_mixin.py:149} INFO - [2023-06-09T06:23:54.160+0000] {dag.py:3490} INFO - Setting next_dagrun for example_sensors to None, run_after=None
[2023-06-09T06:23:54.207+0000] {processor.py:179} INFO - Processing /home/airflow/.local/lib/python3.7/site-packages/airflow/example_dags/example_sensors.py took 0.168 seconds
[2023-06-09T06:24:24.376+0000] {processor.py:157} INFO - Started process (PID=2905) to work on /home/airflow/.local/lib/python3.7/site-packages/airflow/example_dags/example_sensors.py
[2023-06-09T06:24:24.377+0000] {processor.py:826} INFO - Processing file /home/airflow/.local/lib/python3.7/site-packages/airflow/example_dags/example_sensors.py for tasks to queue
[2023-06-09T06:24:24.377+0000] {logging_mixin.py:149} INFO - [2023-06-09T06:24:24.377+0000] {dagbag.py:541} INFO - Filling up the DagBag from /home/airflow/.local/lib/python3.7/site-packages/airflow/example_dags/example_sensors.py
[2023-06-09T06:24:24.390+0000] {processor.py:836} INFO - DAG(s) dict_keys(['example_sensors']) retrieved from /home/airflow/.local/lib/python3.7/site-packages/airflow/example_dags/example_sensors.py
[2023-06-09T06:24:24.431+0000] {logging_mixin.py:149} INFO - [2023-06-09T06:24:24.431+0000] {dag.py:2726} INFO - Sync 1 DAGs
[2023-06-09T06:24:24.464+0000] {logging_mixin.py:149} INFO - [2023-06-09T06:24:24.463+0000] {dag.py:3490} INFO - Setting next_dagrun for example_sensors to None, run_after=None
[2023-06-09T06:24:24.486+0000] {processor.py:179} INFO - Processing /home/airflow/.local/lib/python3.7/site-packages/airflow/example_dags/example_sensors.py took 0.114 seconds
[2023-06-09T06:24:55.339+0000] {processor.py:157} INFO - Started process (PID=2959) to work on /home/airflow/.local/lib/python3.7/site-packages/airflow/example_dags/example_sensors.py
[2023-06-09T06:24:55.341+0000] {processor.py:826} INFO - Processing file /home/airflow/.local/lib/python3.7/site-packages/airflow/example_dags/example_sensors.py for tasks to queue
[2023-06-09T06:24:55.342+0000] {logging_mixin.py:149} INFO - [2023-06-09T06:24:55.341+0000] {dagbag.py:541} INFO - Filling up the DagBag from /home/airflow/.local/lib/python3.7/site-packages/airflow/example_dags/example_sensors.py
[2023-06-09T06:24:55.354+0000] {processor.py:836} INFO - DAG(s) dict_keys(['example_sensors']) retrieved from /home/airflow/.local/lib/python3.7/site-packages/airflow/example_dags/example_sensors.py
[2023-06-09T06:24:55.391+0000] {logging_mixin.py:149} INFO - [2023-06-09T06:24:55.391+0000] {dag.py:2726} INFO - Sync 1 DAGs
[2023-06-09T06:24:55.426+0000] {logging_mixin.py:149} INFO - [2023-06-09T06:24:55.426+0000] {dag.py:3490} INFO - Setting next_dagrun for example_sensors to None, run_after=None
[2023-06-09T06:24:55.449+0000] {processor.py:179} INFO - Processing /home/airflow/.local/lib/python3.7/site-packages/airflow/example_dags/example_sensors.py took 0.114 seconds
[2023-06-09T06:25:26.251+0000] {processor.py:157} INFO - Started process (PID=3013) to work on /home/airflow/.local/lib/python3.7/site-packages/airflow/example_dags/example_sensors.py
[2023-06-09T06:25:26.252+0000] {processor.py:826} INFO - Processing file /home/airflow/.local/lib/python3.7/site-packages/airflow/example_dags/example_sensors.py for tasks to queue
[2023-06-09T06:25:26.253+0000] {logging_mixin.py:149} INFO - [2023-06-09T06:25:26.253+0000] {dagbag.py:541} INFO - Filling up the DagBag from /home/airflow/.local/lib/python3.7/site-packages/airflow/example_dags/example_sensors.py
[2023-06-09T06:25:26.266+0000] {processor.py:836} INFO - DAG(s) dict_keys(['example_sensors']) retrieved from /home/airflow/.local/lib/python3.7/site-packages/airflow/example_dags/example_sensors.py
[2023-06-09T06:25:26.309+0000] {logging_mixin.py:149} INFO - [2023-06-09T06:25:26.308+0000] {dag.py:2726} INFO - Sync 1 DAGs
[2023-06-09T06:25:26.344+0000] {logging_mixin.py:149} INFO - [2023-06-09T06:25:26.344+0000] {dag.py:3490} INFO - Setting next_dagrun for example_sensors to None, run_after=None
[2023-06-09T06:25:26.369+0000] {processor.py:179} INFO - Processing /home/airflow/.local/lib/python3.7/site-packages/airflow/example_dags/example_sensors.py took 0.122 seconds
[2023-06-09T06:25:56.397+0000] {processor.py:157} INFO - Started process (PID=3068) to work on /home/airflow/.local/lib/python3.7/site-packages/airflow/example_dags/example_sensors.py
[2023-06-09T06:25:56.398+0000] {processor.py:826} INFO - Processing file /home/airflow/.local/lib/python3.7/site-packages/airflow/example_dags/example_sensors.py for tasks to queue
[2023-06-09T06:25:56.398+0000] {logging_mixin.py:149} INFO - [2023-06-09T06:25:56.398+0000] {dagbag.py:541} INFO - Filling up the DagBag from /home/airflow/.local/lib/python3.7/site-packages/airflow/example_dags/example_sensors.py
[2023-06-09T06:25:56.410+0000] {processor.py:836} INFO - DAG(s) dict_keys(['example_sensors']) retrieved from /home/airflow/.local/lib/python3.7/site-packages/airflow/example_dags/example_sensors.py
[2023-06-09T06:25:56.447+0000] {logging_mixin.py:149} INFO - [2023-06-09T06:25:56.447+0000] {dag.py:2726} INFO - Sync 1 DAGs
[2023-06-09T06:25:56.481+0000] {logging_mixin.py:149} INFO - [2023-06-09T06:25:56.481+0000] {dag.py:3490} INFO - Setting next_dagrun for example_sensors to None, run_after=None
[2023-06-09T06:25:56.504+0000] {processor.py:179} INFO - Processing /home/airflow/.local/lib/python3.7/site-packages/airflow/example_dags/example_sensors.py took 0.111 seconds
[2023-06-09T06:26:26.967+0000] {processor.py:157} INFO - Started process (PID=3121) to work on /home/airflow/.local/lib/python3.7/site-packages/airflow/example_dags/example_sensors.py
[2023-06-09T06:26:26.968+0000] {processor.py:826} INFO - Processing file /home/airflow/.local/lib/python3.7/site-packages/airflow/example_dags/example_sensors.py for tasks to queue
[2023-06-09T06:26:26.969+0000] {logging_mixin.py:149} INFO - [2023-06-09T06:26:26.969+0000] {dagbag.py:541} INFO - Filling up the DagBag from /home/airflow/.local/lib/python3.7/site-packages/airflow/example_dags/example_sensors.py
[2023-06-09T06:26:26.981+0000] {processor.py:836} INFO - DAG(s) dict_keys(['example_sensors']) retrieved from /home/airflow/.local/lib/python3.7/site-packages/airflow/example_dags/example_sensors.py
[2023-06-09T06:26:27.022+0000] {logging_mixin.py:149} INFO - [2023-06-09T06:26:27.022+0000] {dag.py:2726} INFO - Sync 1 DAGs
[2023-06-09T06:26:27.059+0000] {logging_mixin.py:149} INFO - [2023-06-09T06:26:27.058+0000] {dag.py:3490} INFO - Setting next_dagrun for example_sensors to None, run_after=None
[2023-06-09T06:26:27.084+0000] {processor.py:179} INFO - Processing /home/airflow/.local/lib/python3.7/site-packages/airflow/example_dags/example_sensors.py took 0.121 seconds
[2023-06-09T06:26:57.379+0000] {processor.py:157} INFO - Started process (PID=3175) to work on /home/airflow/.local/lib/python3.7/site-packages/airflow/example_dags/example_sensors.py
[2023-06-09T06:26:57.380+0000] {processor.py:826} INFO - Processing file /home/airflow/.local/lib/python3.7/site-packages/airflow/example_dags/example_sensors.py for tasks to queue
[2023-06-09T06:26:57.381+0000] {logging_mixin.py:149} INFO - [2023-06-09T06:26:57.381+0000] {dagbag.py:541} INFO - Filling up the DagBag from /home/airflow/.local/lib/python3.7/site-packages/airflow/example_dags/example_sensors.py
[2023-06-09T06:26:57.394+0000] {processor.py:836} INFO - DAG(s) dict_keys(['example_sensors']) retrieved from /home/airflow/.local/lib/python3.7/site-packages/airflow/example_dags/example_sensors.py
[2023-06-09T06:26:57.436+0000] {logging_mixin.py:149} INFO - [2023-06-09T06:26:57.436+0000] {dag.py:2726} INFO - Sync 1 DAGs
[2023-06-09T06:26:57.469+0000] {logging_mixin.py:149} INFO - [2023-06-09T06:26:57.469+0000] {dag.py:3490} INFO - Setting next_dagrun for example_sensors to None, run_after=None
[2023-06-09T06:26:57.499+0000] {processor.py:179} INFO - Processing /home/airflow/.local/lib/python3.7/site-packages/airflow/example_dags/example_sensors.py took 0.123 seconds
[2023-06-09T06:27:27.661+0000] {processor.py:157} INFO - Started process (PID=3229) to work on /home/airflow/.local/lib/python3.7/site-packages/airflow/example_dags/example_sensors.py
[2023-06-09T06:27:27.664+0000] {processor.py:826} INFO - Processing file /home/airflow/.local/lib/python3.7/site-packages/airflow/example_dags/example_sensors.py for tasks to queue
[2023-06-09T06:27:27.669+0000] {logging_mixin.py:149} INFO - [2023-06-09T06:27:27.669+0000] {dagbag.py:541} INFO - Filling up the DagBag from /home/airflow/.local/lib/python3.7/site-packages/airflow/example_dags/example_sensors.py
[2023-06-09T06:27:27.694+0000] {processor.py:836} INFO - DAG(s) dict_keys(['example_sensors']) retrieved from /home/airflow/.local/lib/python3.7/site-packages/airflow/example_dags/example_sensors.py
[2023-06-09T06:27:27.761+0000] {logging_mixin.py:149} INFO - [2023-06-09T06:27:27.760+0000] {dag.py:2726} INFO - Sync 1 DAGs
[2023-06-09T06:27:27.822+0000] {logging_mixin.py:149} INFO - [2023-06-09T06:27:27.822+0000] {dag.py:3490} INFO - Setting next_dagrun for example_sensors to None, run_after=None
[2023-06-09T06:27:27.866+0000] {processor.py:179} INFO - Processing /home/airflow/.local/lib/python3.7/site-packages/airflow/example_dags/example_sensors.py took 0.211 seconds
[2023-06-09T06:27:57.991+0000] {processor.py:157} INFO - Started process (PID=3282) to work on /home/airflow/.local/lib/python3.7/site-packages/airflow/example_dags/example_sensors.py
[2023-06-09T06:27:57.992+0000] {processor.py:826} INFO - Processing file /home/airflow/.local/lib/python3.7/site-packages/airflow/example_dags/example_sensors.py for tasks to queue
[2023-06-09T06:27:57.992+0000] {logging_mixin.py:149} INFO - [2023-06-09T06:27:57.992+0000] {dagbag.py:541} INFO - Filling up the DagBag from /home/airflow/.local/lib/python3.7/site-packages/airflow/example_dags/example_sensors.py
[2023-06-09T06:27:58.004+0000] {processor.py:836} INFO - DAG(s) dict_keys(['example_sensors']) retrieved from /home/airflow/.local/lib/python3.7/site-packages/airflow/example_dags/example_sensors.py
[2023-06-09T06:27:58.043+0000] {logging_mixin.py:149} INFO - [2023-06-09T06:27:58.043+0000] {dag.py:2726} INFO - Sync 1 DAGs
[2023-06-09T06:27:58.077+0000] {logging_mixin.py:149} INFO - [2023-06-09T06:27:58.077+0000] {dag.py:3490} INFO - Setting next_dagrun for example_sensors to None, run_after=None
[2023-06-09T06:27:58.100+0000] {processor.py:179} INFO - Processing /home/airflow/.local/lib/python3.7/site-packages/airflow/example_dags/example_sensors.py took 0.113 seconds
[2023-06-09T06:28:28.449+0000] {processor.py:157} INFO - Started process (PID=3336) to work on /home/airflow/.local/lib/python3.7/site-packages/airflow/example_dags/example_sensors.py
[2023-06-09T06:28:28.451+0000] {processor.py:826} INFO - Processing file /home/airflow/.local/lib/python3.7/site-packages/airflow/example_dags/example_sensors.py for tasks to queue
[2023-06-09T06:28:28.452+0000] {logging_mixin.py:149} INFO - [2023-06-09T06:28:28.452+0000] {dagbag.py:541} INFO - Filling up the DagBag from /home/airflow/.local/lib/python3.7/site-packages/airflow/example_dags/example_sensors.py
[2023-06-09T06:28:28.465+0000] {processor.py:836} INFO - DAG(s) dict_keys(['example_sensors']) retrieved from /home/airflow/.local/lib/python3.7/site-packages/airflow/example_dags/example_sensors.py
[2023-06-09T06:28:28.503+0000] {logging_mixin.py:149} INFO - [2023-06-09T06:28:28.503+0000] {dag.py:2726} INFO - Sync 1 DAGs
[2023-06-09T06:28:28.539+0000] {logging_mixin.py:149} INFO - [2023-06-09T06:28:28.539+0000] {dag.py:3490} INFO - Setting next_dagrun for example_sensors to None, run_after=None
[2023-06-09T06:28:28.577+0000] {processor.py:179} INFO - Processing /home/airflow/.local/lib/python3.7/site-packages/airflow/example_dags/example_sensors.py took 0.132 seconds
[2023-06-09T06:28:58.824+0000] {processor.py:157} INFO - Started process (PID=3390) to work on /home/airflow/.local/lib/python3.7/site-packages/airflow/example_dags/example_sensors.py
[2023-06-09T06:28:58.825+0000] {processor.py:826} INFO - Processing file /home/airflow/.local/lib/python3.7/site-packages/airflow/example_dags/example_sensors.py for tasks to queue
[2023-06-09T06:28:58.825+0000] {logging_mixin.py:149} INFO - [2023-06-09T06:28:58.825+0000] {dagbag.py:541} INFO - Filling up the DagBag from /home/airflow/.local/lib/python3.7/site-packages/airflow/example_dags/example_sensors.py
[2023-06-09T06:28:58.837+0000] {processor.py:836} INFO - DAG(s) dict_keys(['example_sensors']) retrieved from /home/airflow/.local/lib/python3.7/site-packages/airflow/example_dags/example_sensors.py
[2023-06-09T06:28:58.875+0000] {logging_mixin.py:149} INFO - [2023-06-09T06:28:58.874+0000] {dag.py:2726} INFO - Sync 1 DAGs
[2023-06-09T06:28:58.907+0000] {logging_mixin.py:149} INFO - [2023-06-09T06:28:58.907+0000] {dag.py:3490} INFO - Setting next_dagrun for example_sensors to None, run_after=None
[2023-06-09T06:28:58.930+0000] {processor.py:179} INFO - Processing /home/airflow/.local/lib/python3.7/site-packages/airflow/example_dags/example_sensors.py took 0.110 seconds
[2023-06-09T06:29:29.213+0000] {processor.py:157} INFO - Started process (PID=3444) to work on /home/airflow/.local/lib/python3.7/site-packages/airflow/example_dags/example_sensors.py
[2023-06-09T06:29:29.214+0000] {processor.py:826} INFO - Processing file /home/airflow/.local/lib/python3.7/site-packages/airflow/example_dags/example_sensors.py for tasks to queue
[2023-06-09T06:29:29.216+0000] {logging_mixin.py:149} INFO - [2023-06-09T06:29:29.216+0000] {dagbag.py:541} INFO - Filling up the DagBag from /home/airflow/.local/lib/python3.7/site-packages/airflow/example_dags/example_sensors.py
[2023-06-09T06:29:29.234+0000] {processor.py:836} INFO - DAG(s) dict_keys(['example_sensors']) retrieved from /home/airflow/.local/lib/python3.7/site-packages/airflow/example_dags/example_sensors.py
[2023-06-09T06:29:29.274+0000] {logging_mixin.py:149} INFO - [2023-06-09T06:29:29.274+0000] {dag.py:2726} INFO - Sync 1 DAGs
[2023-06-09T06:29:29.314+0000] {logging_mixin.py:149} INFO - [2023-06-09T06:29:29.314+0000] {dag.py:3490} INFO - Setting next_dagrun for example_sensors to None, run_after=None
[2023-06-09T06:29:29.337+0000] {processor.py:179} INFO - Processing /home/airflow/.local/lib/python3.7/site-packages/airflow/example_dags/example_sensors.py took 0.128 seconds
[2023-06-09T06:29:59.498+0000] {processor.py:157} INFO - Started process (PID=3497) to work on /home/airflow/.local/lib/python3.7/site-packages/airflow/example_dags/example_sensors.py
[2023-06-09T06:29:59.499+0000] {processor.py:826} INFO - Processing file /home/airflow/.local/lib/python3.7/site-packages/airflow/example_dags/example_sensors.py for tasks to queue
[2023-06-09T06:29:59.500+0000] {logging_mixin.py:149} INFO - [2023-06-09T06:29:59.500+0000] {dagbag.py:541} INFO - Filling up the DagBag from /home/airflow/.local/lib/python3.7/site-packages/airflow/example_dags/example_sensors.py
[2023-06-09T06:29:59.512+0000] {processor.py:836} INFO - DAG(s) dict_keys(['example_sensors']) retrieved from /home/airflow/.local/lib/python3.7/site-packages/airflow/example_dags/example_sensors.py
[2023-06-09T06:29:59.548+0000] {logging_mixin.py:149} INFO - [2023-06-09T06:29:59.548+0000] {dag.py:2726} INFO - Sync 1 DAGs
[2023-06-09T06:29:59.584+0000] {logging_mixin.py:149} INFO - [2023-06-09T06:29:59.584+0000] {dag.py:3490} INFO - Setting next_dagrun for example_sensors to None, run_after=None
[2023-06-09T06:29:59.606+0000] {processor.py:179} INFO - Processing /home/airflow/.local/lib/python3.7/site-packages/airflow/example_dags/example_sensors.py took 0.112 seconds
[2023-06-09T06:30:29.897+0000] {processor.py:157} INFO - Started process (PID=3551) to work on /home/airflow/.local/lib/python3.7/site-packages/airflow/example_dags/example_sensors.py
[2023-06-09T06:30:29.898+0000] {processor.py:826} INFO - Processing file /home/airflow/.local/lib/python3.7/site-packages/airflow/example_dags/example_sensors.py for tasks to queue
[2023-06-09T06:30:29.899+0000] {logging_mixin.py:149} INFO - [2023-06-09T06:30:29.899+0000] {dagbag.py:541} INFO - Filling up the DagBag from /home/airflow/.local/lib/python3.7/site-packages/airflow/example_dags/example_sensors.py
[2023-06-09T06:30:29.912+0000] {processor.py:836} INFO - DAG(s) dict_keys(['example_sensors']) retrieved from /home/airflow/.local/lib/python3.7/site-packages/airflow/example_dags/example_sensors.py
[2023-06-09T06:30:29.958+0000] {logging_mixin.py:149} INFO - [2023-06-09T06:30:29.958+0000] {dag.py:2726} INFO - Sync 1 DAGs
[2023-06-09T06:30:29.996+0000] {logging_mixin.py:149} INFO - [2023-06-09T06:30:29.996+0000] {dag.py:3490} INFO - Setting next_dagrun for example_sensors to None, run_after=None
[2023-06-09T06:30:30.056+0000] {processor.py:179} INFO - Processing /home/airflow/.local/lib/python3.7/site-packages/airflow/example_dags/example_sensors.py took 0.162 seconds
