[2023-06-09T05:57:21.778+0000] {processor.py:157} INFO - Started process (PID=34) to work on /home/airflow/.local/lib/python3.7/site-packages/airflow/example_dags/example_short_circuit_operator.py
[2023-06-09T05:57:21.781+0000] {processor.py:826} INFO - Processing file /home/airflow/.local/lib/python3.7/site-packages/airflow/example_dags/example_short_circuit_operator.py for tasks to queue
[2023-06-09T05:57:21.782+0000] {logging_mixin.py:149} INFO - [2023-06-09T05:57:21.782+0000] {dagbag.py:541} INFO - Filling up the DagBag from /home/airflow/.local/lib/python3.7/site-packages/airflow/example_dags/example_short_circuit_operator.py
[2023-06-09T05:57:22.093+0000] {processor.py:836} INFO - DAG(s) dict_keys(['example_short_circuit_operator']) retrieved from /home/airflow/.local/lib/python3.7/site-packages/airflow/example_dags/example_short_circuit_operator.py
[2023-06-09T05:57:22.172+0000] {logging_mixin.py:149} INFO - [2023-06-09T05:57:22.172+0000] {dag.py:2726} INFO - Sync 1 DAGs
[2023-06-09T05:57:22.218+0000] {logging_mixin.py:149} INFO - [2023-06-09T05:57:22.218+0000] {dag.py:3490} INFO - Setting next_dagrun for example_short_circuit_operator to 2023-06-08T05:57:22.217678+00:00, run_after=2023-06-09T05:57:22.217678+00:00
[2023-06-09T05:57:22.261+0000] {processor.py:179} INFO - Processing /home/airflow/.local/lib/python3.7/site-packages/airflow/example_dags/example_short_circuit_operator.py took 0.487 seconds
[2023-06-09T05:57:52.439+0000] {processor.py:157} INFO - Started process (PID=88) to work on /home/airflow/.local/lib/python3.7/site-packages/airflow/example_dags/example_short_circuit_operator.py
[2023-06-09T05:57:52.441+0000] {processor.py:826} INFO - Processing file /home/airflow/.local/lib/python3.7/site-packages/airflow/example_dags/example_short_circuit_operator.py for tasks to queue
[2023-06-09T05:57:52.441+0000] {logging_mixin.py:149} INFO - [2023-06-09T05:57:52.441+0000] {dagbag.py:541} INFO - Filling up the DagBag from /home/airflow/.local/lib/python3.7/site-packages/airflow/example_dags/example_short_circuit_operator.py
[2023-06-09T05:57:52.453+0000] {processor.py:836} INFO - DAG(s) dict_keys(['example_short_circuit_operator']) retrieved from /home/airflow/.local/lib/python3.7/site-packages/airflow/example_dags/example_short_circuit_operator.py
[2023-06-09T05:57:52.487+0000] {logging_mixin.py:149} INFO - [2023-06-09T05:57:52.487+0000] {dag.py:2726} INFO - Sync 1 DAGs
[2023-06-09T05:57:52.522+0000] {logging_mixin.py:149} INFO - [2023-06-09T05:57:52.521+0000] {dag.py:3490} INFO - Setting next_dagrun for example_short_circuit_operator to 2023-06-08T05:57:52.521519+00:00, run_after=2023-06-09T05:57:52.521519+00:00
[2023-06-09T05:57:52.545+0000] {processor.py:179} INFO - Processing /home/airflow/.local/lib/python3.7/site-packages/airflow/example_dags/example_short_circuit_operator.py took 0.109 seconds
[2023-06-09T05:58:23.136+0000] {processor.py:157} INFO - Started process (PID=142) to work on /home/airflow/.local/lib/python3.7/site-packages/airflow/example_dags/example_short_circuit_operator.py
[2023-06-09T05:58:23.137+0000] {processor.py:826} INFO - Processing file /home/airflow/.local/lib/python3.7/site-packages/airflow/example_dags/example_short_circuit_operator.py for tasks to queue
[2023-06-09T05:58:23.138+0000] {logging_mixin.py:149} INFO - [2023-06-09T05:58:23.138+0000] {dagbag.py:541} INFO - Filling up the DagBag from /home/airflow/.local/lib/python3.7/site-packages/airflow/example_dags/example_short_circuit_operator.py
[2023-06-09T05:58:23.149+0000] {processor.py:836} INFO - DAG(s) dict_keys(['example_short_circuit_operator']) retrieved from /home/airflow/.local/lib/python3.7/site-packages/airflow/example_dags/example_short_circuit_operator.py
[2023-06-09T05:58:23.183+0000] {logging_mixin.py:149} INFO - [2023-06-09T05:58:23.183+0000] {dag.py:2726} INFO - Sync 1 DAGs
[2023-06-09T05:58:23.218+0000] {logging_mixin.py:149} INFO - [2023-06-09T05:58:23.217+0000] {dag.py:3490} INFO - Setting next_dagrun for example_short_circuit_operator to 2023-06-08T05:58:23.217501+00:00, run_after=2023-06-09T05:58:23.217501+00:00
[2023-06-09T05:58:23.244+0000] {processor.py:179} INFO - Processing /home/airflow/.local/lib/python3.7/site-packages/airflow/example_dags/example_short_circuit_operator.py took 0.112 seconds
[2023-06-09T05:58:53.712+0000] {processor.py:157} INFO - Started process (PID=196) to work on /home/airflow/.local/lib/python3.7/site-packages/airflow/example_dags/example_short_circuit_operator.py
[2023-06-09T05:58:53.714+0000] {processor.py:826} INFO - Processing file /home/airflow/.local/lib/python3.7/site-packages/airflow/example_dags/example_short_circuit_operator.py for tasks to queue
[2023-06-09T05:58:53.714+0000] {logging_mixin.py:149} INFO - [2023-06-09T05:58:53.714+0000] {dagbag.py:541} INFO - Filling up the DagBag from /home/airflow/.local/lib/python3.7/site-packages/airflow/example_dags/example_short_circuit_operator.py
[2023-06-09T05:58:53.724+0000] {processor.py:836} INFO - DAG(s) dict_keys(['example_short_circuit_operator']) retrieved from /home/airflow/.local/lib/python3.7/site-packages/airflow/example_dags/example_short_circuit_operator.py
[2023-06-09T05:58:53.758+0000] {logging_mixin.py:149} INFO - [2023-06-09T05:58:53.758+0000] {dag.py:2726} INFO - Sync 1 DAGs
[2023-06-09T05:58:53.792+0000] {logging_mixin.py:149} INFO - [2023-06-09T05:58:53.792+0000] {dag.py:3490} INFO - Setting next_dagrun for example_short_circuit_operator to 2023-06-08T05:58:53.791812+00:00, run_after=2023-06-09T05:58:53.791812+00:00
[2023-06-09T05:58:53.816+0000] {processor.py:179} INFO - Processing /home/airflow/.local/lib/python3.7/site-packages/airflow/example_dags/example_short_circuit_operator.py took 0.109 seconds
[2023-06-09T05:59:23.934+0000] {processor.py:157} INFO - Started process (PID=250) to work on /home/airflow/.local/lib/python3.7/site-packages/airflow/example_dags/example_short_circuit_operator.py
[2023-06-09T05:59:23.935+0000] {processor.py:826} INFO - Processing file /home/airflow/.local/lib/python3.7/site-packages/airflow/example_dags/example_short_circuit_operator.py for tasks to queue
[2023-06-09T05:59:23.936+0000] {logging_mixin.py:149} INFO - [2023-06-09T05:59:23.936+0000] {dagbag.py:541} INFO - Filling up the DagBag from /home/airflow/.local/lib/python3.7/site-packages/airflow/example_dags/example_short_circuit_operator.py
[2023-06-09T05:59:23.946+0000] {processor.py:836} INFO - DAG(s) dict_keys(['example_short_circuit_operator']) retrieved from /home/airflow/.local/lib/python3.7/site-packages/airflow/example_dags/example_short_circuit_operator.py
[2023-06-09T05:59:23.980+0000] {logging_mixin.py:149} INFO - [2023-06-09T05:59:23.979+0000] {dag.py:2726} INFO - Sync 1 DAGs
[2023-06-09T05:59:24.014+0000] {logging_mixin.py:149} INFO - [2023-06-09T05:59:24.014+0000] {dag.py:3490} INFO - Setting next_dagrun for example_short_circuit_operator to 2023-06-08T05:59:24.014130+00:00, run_after=2023-06-09T05:59:24.014130+00:00
[2023-06-09T05:59:24.041+0000] {processor.py:179} INFO - Processing /home/airflow/.local/lib/python3.7/site-packages/airflow/example_dags/example_short_circuit_operator.py took 0.111 seconds
[2023-06-09T05:59:54.225+0000] {processor.py:157} INFO - Started process (PID=304) to work on /home/airflow/.local/lib/python3.7/site-packages/airflow/example_dags/example_short_circuit_operator.py
[2023-06-09T05:59:54.227+0000] {processor.py:826} INFO - Processing file /home/airflow/.local/lib/python3.7/site-packages/airflow/example_dags/example_short_circuit_operator.py for tasks to queue
[2023-06-09T05:59:54.228+0000] {logging_mixin.py:149} INFO - [2023-06-09T05:59:54.228+0000] {dagbag.py:541} INFO - Filling up the DagBag from /home/airflow/.local/lib/python3.7/site-packages/airflow/example_dags/example_short_circuit_operator.py
[2023-06-09T05:59:54.237+0000] {processor.py:836} INFO - DAG(s) dict_keys(['example_short_circuit_operator']) retrieved from /home/airflow/.local/lib/python3.7/site-packages/airflow/example_dags/example_short_circuit_operator.py
[2023-06-09T05:59:54.272+0000] {logging_mixin.py:149} INFO - [2023-06-09T05:59:54.271+0000] {dag.py:2726} INFO - Sync 1 DAGs
[2023-06-09T05:59:54.307+0000] {logging_mixin.py:149} INFO - [2023-06-09T05:59:54.307+0000] {dag.py:3490} INFO - Setting next_dagrun for example_short_circuit_operator to 2023-06-08T05:59:54.307414+00:00, run_after=2023-06-09T05:59:54.307414+00:00
[2023-06-09T05:59:54.332+0000] {processor.py:179} INFO - Processing /home/airflow/.local/lib/python3.7/site-packages/airflow/example_dags/example_short_circuit_operator.py took 0.110 seconds
[2023-06-09T06:00:25.125+0000] {processor.py:157} INFO - Started process (PID=358) to work on /home/airflow/.local/lib/python3.7/site-packages/airflow/example_dags/example_short_circuit_operator.py
[2023-06-09T06:00:25.126+0000] {processor.py:826} INFO - Processing file /home/airflow/.local/lib/python3.7/site-packages/airflow/example_dags/example_short_circuit_operator.py for tasks to queue
[2023-06-09T06:00:25.127+0000] {logging_mixin.py:149} INFO - [2023-06-09T06:00:25.127+0000] {dagbag.py:541} INFO - Filling up the DagBag from /home/airflow/.local/lib/python3.7/site-packages/airflow/example_dags/example_short_circuit_operator.py
[2023-06-09T06:00:25.137+0000] {processor.py:836} INFO - DAG(s) dict_keys(['example_short_circuit_operator']) retrieved from /home/airflow/.local/lib/python3.7/site-packages/airflow/example_dags/example_short_circuit_operator.py
[2023-06-09T06:00:25.174+0000] {logging_mixin.py:149} INFO - [2023-06-09T06:00:25.174+0000] {dag.py:2726} INFO - Sync 1 DAGs
[2023-06-09T06:00:25.211+0000] {logging_mixin.py:149} INFO - [2023-06-09T06:00:25.211+0000] {dag.py:3490} INFO - Setting next_dagrun for example_short_circuit_operator to 2023-06-08T06:00:25.211070+00:00, run_after=2023-06-09T06:00:25.211070+00:00
[2023-06-09T06:00:25.238+0000] {processor.py:179} INFO - Processing /home/airflow/.local/lib/python3.7/site-packages/airflow/example_dags/example_short_circuit_operator.py took 0.119 seconds
[2023-06-09T06:00:55.858+0000] {processor.py:157} INFO - Started process (PID=413) to work on /home/airflow/.local/lib/python3.7/site-packages/airflow/example_dags/example_short_circuit_operator.py
[2023-06-09T06:00:55.859+0000] {processor.py:826} INFO - Processing file /home/airflow/.local/lib/python3.7/site-packages/airflow/example_dags/example_short_circuit_operator.py for tasks to queue
[2023-06-09T06:00:55.860+0000] {logging_mixin.py:149} INFO - [2023-06-09T06:00:55.860+0000] {dagbag.py:541} INFO - Filling up the DagBag from /home/airflow/.local/lib/python3.7/site-packages/airflow/example_dags/example_short_circuit_operator.py
[2023-06-09T06:00:55.869+0000] {processor.py:836} INFO - DAG(s) dict_keys(['example_short_circuit_operator']) retrieved from /home/airflow/.local/lib/python3.7/site-packages/airflow/example_dags/example_short_circuit_operator.py
[2023-06-09T06:00:55.902+0000] {logging_mixin.py:149} INFO - [2023-06-09T06:00:55.902+0000] {dag.py:2726} INFO - Sync 1 DAGs
[2023-06-09T06:00:55.935+0000] {logging_mixin.py:149} INFO - [2023-06-09T06:00:55.935+0000] {dag.py:3490} INFO - Setting next_dagrun for example_short_circuit_operator to 2023-06-08T06:00:55.934886+00:00, run_after=2023-06-09T06:00:55.934886+00:00
[2023-06-09T06:00:55.958+0000] {processor.py:179} INFO - Processing /home/airflow/.local/lib/python3.7/site-packages/airflow/example_dags/example_short_circuit_operator.py took 0.104 seconds
[2023-06-09T06:01:26.005+0000] {processor.py:157} INFO - Started process (PID=467) to work on /home/airflow/.local/lib/python3.7/site-packages/airflow/example_dags/example_short_circuit_operator.py
[2023-06-09T06:01:26.006+0000] {processor.py:826} INFO - Processing file /home/airflow/.local/lib/python3.7/site-packages/airflow/example_dags/example_short_circuit_operator.py for tasks to queue
[2023-06-09T06:01:26.007+0000] {logging_mixin.py:149} INFO - [2023-06-09T06:01:26.007+0000] {dagbag.py:541} INFO - Filling up the DagBag from /home/airflow/.local/lib/python3.7/site-packages/airflow/example_dags/example_short_circuit_operator.py
[2023-06-09T06:01:26.028+0000] {processor.py:836} INFO - DAG(s) dict_keys(['example_short_circuit_operator']) retrieved from /home/airflow/.local/lib/python3.7/site-packages/airflow/example_dags/example_short_circuit_operator.py
[2023-06-09T06:01:26.099+0000] {logging_mixin.py:149} INFO - [2023-06-09T06:01:26.099+0000] {dag.py:2726} INFO - Sync 1 DAGs
[2023-06-09T06:01:26.169+0000] {logging_mixin.py:149} INFO - [2023-06-09T06:01:26.168+0000] {dag.py:3490} INFO - Setting next_dagrun for example_short_circuit_operator to 2023-06-08T06:01:26.168180+00:00, run_after=2023-06-09T06:01:26.168180+00:00
[2023-06-09T06:01:26.215+0000] {processor.py:179} INFO - Processing /home/airflow/.local/lib/python3.7/site-packages/airflow/example_dags/example_short_circuit_operator.py took 0.221 seconds
[2023-06-09T06:01:56.732+0000] {processor.py:157} INFO - Started process (PID=521) to work on /home/airflow/.local/lib/python3.7/site-packages/airflow/example_dags/example_short_circuit_operator.py
[2023-06-09T06:01:56.733+0000] {processor.py:826} INFO - Processing file /home/airflow/.local/lib/python3.7/site-packages/airflow/example_dags/example_short_circuit_operator.py for tasks to queue
[2023-06-09T06:01:56.734+0000] {logging_mixin.py:149} INFO - [2023-06-09T06:01:56.734+0000] {dagbag.py:541} INFO - Filling up the DagBag from /home/airflow/.local/lib/python3.7/site-packages/airflow/example_dags/example_short_circuit_operator.py
[2023-06-09T06:01:56.743+0000] {processor.py:836} INFO - DAG(s) dict_keys(['example_short_circuit_operator']) retrieved from /home/airflow/.local/lib/python3.7/site-packages/airflow/example_dags/example_short_circuit_operator.py
[2023-06-09T06:01:56.777+0000] {logging_mixin.py:149} INFO - [2023-06-09T06:01:56.776+0000] {dag.py:2726} INFO - Sync 1 DAGs
[2023-06-09T06:01:56.811+0000] {logging_mixin.py:149} INFO - [2023-06-09T06:01:56.811+0000] {dag.py:3490} INFO - Setting next_dagrun for example_short_circuit_operator to 2023-06-08T06:01:56.811034+00:00, run_after=2023-06-09T06:01:56.811034+00:00
[2023-06-09T06:01:56.838+0000] {processor.py:179} INFO - Processing /home/airflow/.local/lib/python3.7/site-packages/airflow/example_dags/example_short_circuit_operator.py took 0.110 seconds
[2023-06-09T06:02:27.665+0000] {processor.py:157} INFO - Started process (PID=576) to work on /home/airflow/.local/lib/python3.7/site-packages/airflow/example_dags/example_short_circuit_operator.py
[2023-06-09T06:02:27.666+0000] {processor.py:826} INFO - Processing file /home/airflow/.local/lib/python3.7/site-packages/airflow/example_dags/example_short_circuit_operator.py for tasks to queue
[2023-06-09T06:02:27.666+0000] {logging_mixin.py:149} INFO - [2023-06-09T06:02:27.666+0000] {dagbag.py:541} INFO - Filling up the DagBag from /home/airflow/.local/lib/python3.7/site-packages/airflow/example_dags/example_short_circuit_operator.py
[2023-06-09T06:02:27.676+0000] {processor.py:836} INFO - DAG(s) dict_keys(['example_short_circuit_operator']) retrieved from /home/airflow/.local/lib/python3.7/site-packages/airflow/example_dags/example_short_circuit_operator.py
[2023-06-09T06:02:27.712+0000] {logging_mixin.py:149} INFO - [2023-06-09T06:02:27.712+0000] {dag.py:2726} INFO - Sync 1 DAGs
[2023-06-09T06:02:27.745+0000] {logging_mixin.py:149} INFO - [2023-06-09T06:02:27.745+0000] {dag.py:3490} INFO - Setting next_dagrun for example_short_circuit_operator to 2023-06-08T06:02:27.745087+00:00, run_after=2023-06-09T06:02:27.745087+00:00
[2023-06-09T06:02:27.768+0000] {processor.py:179} INFO - Processing /home/airflow/.local/lib/python3.7/site-packages/airflow/example_dags/example_short_circuit_operator.py took 0.119 seconds
[2023-06-09T06:02:58.335+0000] {processor.py:157} INFO - Started process (PID=631) to work on /home/airflow/.local/lib/python3.7/site-packages/airflow/example_dags/example_short_circuit_operator.py
[2023-06-09T06:02:58.337+0000] {processor.py:826} INFO - Processing file /home/airflow/.local/lib/python3.7/site-packages/airflow/example_dags/example_short_circuit_operator.py for tasks to queue
[2023-06-09T06:02:58.341+0000] {logging_mixin.py:149} INFO - [2023-06-09T06:02:58.341+0000] {dagbag.py:541} INFO - Filling up the DagBag from /home/airflow/.local/lib/python3.7/site-packages/airflow/example_dags/example_short_circuit_operator.py
[2023-06-09T06:02:58.368+0000] {processor.py:836} INFO - DAG(s) dict_keys(['example_short_circuit_operator']) retrieved from /home/airflow/.local/lib/python3.7/site-packages/airflow/example_dags/example_short_circuit_operator.py
[2023-06-09T06:02:58.402+0000] {logging_mixin.py:149} INFO - [2023-06-09T06:02:58.402+0000] {dag.py:2726} INFO - Sync 1 DAGs
[2023-06-09T06:02:58.437+0000] {logging_mixin.py:149} INFO - [2023-06-09T06:02:58.436+0000] {dag.py:3490} INFO - Setting next_dagrun for example_short_circuit_operator to 2023-06-08T06:02:58.436593+00:00, run_after=2023-06-09T06:02:58.436593+00:00
[2023-06-09T06:02:58.460+0000] {processor.py:179} INFO - Processing /home/airflow/.local/lib/python3.7/site-packages/airflow/example_dags/example_short_circuit_operator.py took 0.130 seconds
[2023-06-09T06:03:28.909+0000] {processor.py:157} INFO - Started process (PID=684) to work on /home/airflow/.local/lib/python3.7/site-packages/airflow/example_dags/example_short_circuit_operator.py
[2023-06-09T06:03:28.910+0000] {processor.py:826} INFO - Processing file /home/airflow/.local/lib/python3.7/site-packages/airflow/example_dags/example_short_circuit_operator.py for tasks to queue
[2023-06-09T06:03:28.911+0000] {logging_mixin.py:149} INFO - [2023-06-09T06:03:28.911+0000] {dagbag.py:541} INFO - Filling up the DagBag from /home/airflow/.local/lib/python3.7/site-packages/airflow/example_dags/example_short_circuit_operator.py
[2023-06-09T06:03:28.921+0000] {processor.py:836} INFO - DAG(s) dict_keys(['example_short_circuit_operator']) retrieved from /home/airflow/.local/lib/python3.7/site-packages/airflow/example_dags/example_short_circuit_operator.py
[2023-06-09T06:03:28.954+0000] {logging_mixin.py:149} INFO - [2023-06-09T06:03:28.954+0000] {dag.py:2726} INFO - Sync 1 DAGs
[2023-06-09T06:03:28.988+0000] {logging_mixin.py:149} INFO - [2023-06-09T06:03:28.987+0000] {dag.py:3490} INFO - Setting next_dagrun for example_short_circuit_operator to 2023-06-08T06:03:28.987548+00:00, run_after=2023-06-09T06:03:28.987548+00:00
[2023-06-09T06:03:29.015+0000] {processor.py:179} INFO - Processing /home/airflow/.local/lib/python3.7/site-packages/airflow/example_dags/example_short_circuit_operator.py took 0.109 seconds
[2023-06-09T06:03:59.505+0000] {processor.py:157} INFO - Started process (PID=744) to work on /home/airflow/.local/lib/python3.7/site-packages/airflow/example_dags/example_short_circuit_operator.py
[2023-06-09T06:03:59.506+0000] {processor.py:826} INFO - Processing file /home/airflow/.local/lib/python3.7/site-packages/airflow/example_dags/example_short_circuit_operator.py for tasks to queue
[2023-06-09T06:03:59.507+0000] {logging_mixin.py:149} INFO - [2023-06-09T06:03:59.506+0000] {dagbag.py:541} INFO - Filling up the DagBag from /home/airflow/.local/lib/python3.7/site-packages/airflow/example_dags/example_short_circuit_operator.py
[2023-06-09T06:03:59.516+0000] {processor.py:836} INFO - DAG(s) dict_keys(['example_short_circuit_operator']) retrieved from /home/airflow/.local/lib/python3.7/site-packages/airflow/example_dags/example_short_circuit_operator.py
[2023-06-09T06:03:59.551+0000] {logging_mixin.py:149} INFO - [2023-06-09T06:03:59.550+0000] {dag.py:2726} INFO - Sync 1 DAGs
[2023-06-09T06:03:59.585+0000] {logging_mixin.py:149} INFO - [2023-06-09T06:03:59.585+0000] {dag.py:3490} INFO - Setting next_dagrun for example_short_circuit_operator to 2023-06-08T06:03:59.584725+00:00, run_after=2023-06-09T06:03:59.584725+00:00
[2023-06-09T06:03:59.610+0000] {processor.py:179} INFO - Processing /home/airflow/.local/lib/python3.7/site-packages/airflow/example_dags/example_short_circuit_operator.py took 0.109 seconds
[2023-06-09T06:04:29.692+0000] {processor.py:157} INFO - Started process (PID=797) to work on /home/airflow/.local/lib/python3.7/site-packages/airflow/example_dags/example_short_circuit_operator.py
[2023-06-09T06:04:29.697+0000] {processor.py:826} INFO - Processing file /home/airflow/.local/lib/python3.7/site-packages/airflow/example_dags/example_short_circuit_operator.py for tasks to queue
[2023-06-09T06:04:29.698+0000] {logging_mixin.py:149} INFO - [2023-06-09T06:04:29.698+0000] {dagbag.py:541} INFO - Filling up the DagBag from /home/airflow/.local/lib/python3.7/site-packages/airflow/example_dags/example_short_circuit_operator.py
[2023-06-09T06:04:29.707+0000] {processor.py:836} INFO - DAG(s) dict_keys(['example_short_circuit_operator']) retrieved from /home/airflow/.local/lib/python3.7/site-packages/airflow/example_dags/example_short_circuit_operator.py
[2023-06-09T06:04:29.739+0000] {logging_mixin.py:149} INFO - [2023-06-09T06:04:29.739+0000] {dag.py:2726} INFO - Sync 1 DAGs
[2023-06-09T06:04:29.772+0000] {logging_mixin.py:149} INFO - [2023-06-09T06:04:29.772+0000] {dag.py:3490} INFO - Setting next_dagrun for example_short_circuit_operator to 2023-06-08T06:04:29.772156+00:00, run_after=2023-06-09T06:04:29.772156+00:00
[2023-06-09T06:04:29.795+0000] {processor.py:179} INFO - Processing /home/airflow/.local/lib/python3.7/site-packages/airflow/example_dags/example_short_circuit_operator.py took 0.107 seconds
[2023-06-09T06:05:00.079+0000] {processor.py:157} INFO - Started process (PID=851) to work on /home/airflow/.local/lib/python3.7/site-packages/airflow/example_dags/example_short_circuit_operator.py
[2023-06-09T06:05:00.083+0000] {processor.py:826} INFO - Processing file /home/airflow/.local/lib/python3.7/site-packages/airflow/example_dags/example_short_circuit_operator.py for tasks to queue
[2023-06-09T06:05:00.083+0000] {logging_mixin.py:149} INFO - [2023-06-09T06:05:00.083+0000] {dagbag.py:541} INFO - Filling up the DagBag from /home/airflow/.local/lib/python3.7/site-packages/airflow/example_dags/example_short_circuit_operator.py
[2023-06-09T06:05:00.114+0000] {processor.py:836} INFO - DAG(s) dict_keys(['example_short_circuit_operator']) retrieved from /home/airflow/.local/lib/python3.7/site-packages/airflow/example_dags/example_short_circuit_operator.py
[2023-06-09T06:05:00.207+0000] {logging_mixin.py:149} INFO - [2023-06-09T06:05:00.207+0000] {dag.py:2726} INFO - Sync 1 DAGs
[2023-06-09T06:05:00.313+0000] {logging_mixin.py:149} INFO - [2023-06-09T06:05:00.313+0000] {dag.py:3490} INFO - Setting next_dagrun for example_short_circuit_operator to 2023-06-08T06:05:00.313159+00:00, run_after=2023-06-09T06:05:00.313159+00:00
[2023-06-09T06:05:00.380+0000] {processor.py:179} INFO - Processing /home/airflow/.local/lib/python3.7/site-packages/airflow/example_dags/example_short_circuit_operator.py took 0.305 seconds
[2023-06-09T06:05:30.815+0000] {processor.py:157} INFO - Started process (PID=905) to work on /home/airflow/.local/lib/python3.7/site-packages/airflow/example_dags/example_short_circuit_operator.py
[2023-06-09T06:05:30.817+0000] {processor.py:826} INFO - Processing file /home/airflow/.local/lib/python3.7/site-packages/airflow/example_dags/example_short_circuit_operator.py for tasks to queue
[2023-06-09T06:05:30.817+0000] {logging_mixin.py:149} INFO - [2023-06-09T06:05:30.817+0000] {dagbag.py:541} INFO - Filling up the DagBag from /home/airflow/.local/lib/python3.7/site-packages/airflow/example_dags/example_short_circuit_operator.py
[2023-06-09T06:05:30.827+0000] {processor.py:836} INFO - DAG(s) dict_keys(['example_short_circuit_operator']) retrieved from /home/airflow/.local/lib/python3.7/site-packages/airflow/example_dags/example_short_circuit_operator.py
[2023-06-09T06:05:30.868+0000] {logging_mixin.py:149} INFO - [2023-06-09T06:05:30.868+0000] {dag.py:2726} INFO - Sync 1 DAGs
[2023-06-09T06:05:30.902+0000] {logging_mixin.py:149} INFO - [2023-06-09T06:05:30.902+0000] {dag.py:3490} INFO - Setting next_dagrun for example_short_circuit_operator to 2023-06-08T06:05:30.901829+00:00, run_after=2023-06-09T06:05:30.901829+00:00
[2023-06-09T06:05:30.925+0000] {processor.py:179} INFO - Processing /home/airflow/.local/lib/python3.7/site-packages/airflow/example_dags/example_short_circuit_operator.py took 0.113 seconds
[2023-06-09T06:06:01.482+0000] {processor.py:157} INFO - Started process (PID=958) to work on /home/airflow/.local/lib/python3.7/site-packages/airflow/example_dags/example_short_circuit_operator.py
[2023-06-09T06:06:01.483+0000] {processor.py:826} INFO - Processing file /home/airflow/.local/lib/python3.7/site-packages/airflow/example_dags/example_short_circuit_operator.py for tasks to queue
[2023-06-09T06:06:01.484+0000] {logging_mixin.py:149} INFO - [2023-06-09T06:06:01.484+0000] {dagbag.py:541} INFO - Filling up the DagBag from /home/airflow/.local/lib/python3.7/site-packages/airflow/example_dags/example_short_circuit_operator.py
[2023-06-09T06:06:01.494+0000] {processor.py:836} INFO - DAG(s) dict_keys(['example_short_circuit_operator']) retrieved from /home/airflow/.local/lib/python3.7/site-packages/airflow/example_dags/example_short_circuit_operator.py
[2023-06-09T06:06:01.529+0000] {logging_mixin.py:149} INFO - [2023-06-09T06:06:01.528+0000] {dag.py:2726} INFO - Sync 1 DAGs
[2023-06-09T06:06:01.564+0000] {logging_mixin.py:149} INFO - [2023-06-09T06:06:01.563+0000] {dag.py:3490} INFO - Setting next_dagrun for example_short_circuit_operator to 2023-06-08T06:06:01.563497+00:00, run_after=2023-06-09T06:06:01.563497+00:00
[2023-06-09T06:06:01.588+0000] {processor.py:179} INFO - Processing /home/airflow/.local/lib/python3.7/site-packages/airflow/example_dags/example_short_circuit_operator.py took 0.110 seconds
[2023-06-09T06:06:32.099+0000] {processor.py:157} INFO - Started process (PID=1011) to work on /home/airflow/.local/lib/python3.7/site-packages/airflow/example_dags/example_short_circuit_operator.py
[2023-06-09T06:06:32.100+0000] {processor.py:826} INFO - Processing file /home/airflow/.local/lib/python3.7/site-packages/airflow/example_dags/example_short_circuit_operator.py for tasks to queue
[2023-06-09T06:06:32.101+0000] {logging_mixin.py:149} INFO - [2023-06-09T06:06:32.101+0000] {dagbag.py:541} INFO - Filling up the DagBag from /home/airflow/.local/lib/python3.7/site-packages/airflow/example_dags/example_short_circuit_operator.py
[2023-06-09T06:06:32.111+0000] {processor.py:836} INFO - DAG(s) dict_keys(['example_short_circuit_operator']) retrieved from /home/airflow/.local/lib/python3.7/site-packages/airflow/example_dags/example_short_circuit_operator.py
[2023-06-09T06:06:32.146+0000] {logging_mixin.py:149} INFO - [2023-06-09T06:06:32.145+0000] {dag.py:2726} INFO - Sync 1 DAGs
[2023-06-09T06:06:32.178+0000] {logging_mixin.py:149} INFO - [2023-06-09T06:06:32.178+0000] {dag.py:3490} INFO - Setting next_dagrun for example_short_circuit_operator to 2023-06-08T06:06:32.178440+00:00, run_after=2023-06-09T06:06:32.178440+00:00
[2023-06-09T06:06:32.203+0000] {processor.py:179} INFO - Processing /home/airflow/.local/lib/python3.7/site-packages/airflow/example_dags/example_short_circuit_operator.py took 0.108 seconds
[2023-06-09T06:07:02.543+0000] {processor.py:157} INFO - Started process (PID=1066) to work on /home/airflow/.local/lib/python3.7/site-packages/airflow/example_dags/example_short_circuit_operator.py
[2023-06-09T06:07:02.544+0000] {processor.py:826} INFO - Processing file /home/airflow/.local/lib/python3.7/site-packages/airflow/example_dags/example_short_circuit_operator.py for tasks to queue
[2023-06-09T06:07:02.545+0000] {logging_mixin.py:149} INFO - [2023-06-09T06:07:02.544+0000] {dagbag.py:541} INFO - Filling up the DagBag from /home/airflow/.local/lib/python3.7/site-packages/airflow/example_dags/example_short_circuit_operator.py
[2023-06-09T06:07:02.555+0000] {processor.py:836} INFO - DAG(s) dict_keys(['example_short_circuit_operator']) retrieved from /home/airflow/.local/lib/python3.7/site-packages/airflow/example_dags/example_short_circuit_operator.py
[2023-06-09T06:07:02.588+0000] {logging_mixin.py:149} INFO - [2023-06-09T06:07:02.588+0000] {dag.py:2726} INFO - Sync 1 DAGs
[2023-06-09T06:07:02.622+0000] {logging_mixin.py:149} INFO - [2023-06-09T06:07:02.622+0000] {dag.py:3490} INFO - Setting next_dagrun for example_short_circuit_operator to 2023-06-08T06:07:02.621868+00:00, run_after=2023-06-09T06:07:02.621868+00:00
[2023-06-09T06:07:02.646+0000] {processor.py:179} INFO - Processing /home/airflow/.local/lib/python3.7/site-packages/airflow/example_dags/example_short_circuit_operator.py took 0.107 seconds
[2023-06-09T06:07:33.160+0000] {processor.py:157} INFO - Started process (PID=1120) to work on /home/airflow/.local/lib/python3.7/site-packages/airflow/example_dags/example_short_circuit_operator.py
[2023-06-09T06:07:33.165+0000] {processor.py:826} INFO - Processing file /home/airflow/.local/lib/python3.7/site-packages/airflow/example_dags/example_short_circuit_operator.py for tasks to queue
[2023-06-09T06:07:33.166+0000] {logging_mixin.py:149} INFO - [2023-06-09T06:07:33.165+0000] {dagbag.py:541} INFO - Filling up the DagBag from /home/airflow/.local/lib/python3.7/site-packages/airflow/example_dags/example_short_circuit_operator.py
[2023-06-09T06:07:33.193+0000] {processor.py:836} INFO - DAG(s) dict_keys(['example_short_circuit_operator']) retrieved from /home/airflow/.local/lib/python3.7/site-packages/airflow/example_dags/example_short_circuit_operator.py
[2023-06-09T06:07:33.225+0000] {logging_mixin.py:149} INFO - [2023-06-09T06:07:33.225+0000] {dag.py:2726} INFO - Sync 1 DAGs
[2023-06-09T06:07:33.265+0000] {logging_mixin.py:149} INFO - [2023-06-09T06:07:33.265+0000] {dag.py:3490} INFO - Setting next_dagrun for example_short_circuit_operator to 2023-06-08T06:07:33.265094+00:00, run_after=2023-06-09T06:07:33.265094+00:00
[2023-06-09T06:07:33.318+0000] {processor.py:179} INFO - Processing /home/airflow/.local/lib/python3.7/site-packages/airflow/example_dags/example_short_circuit_operator.py took 0.171 seconds
[2023-06-09T06:08:03.557+0000] {processor.py:157} INFO - Started process (PID=1173) to work on /home/airflow/.local/lib/python3.7/site-packages/airflow/example_dags/example_short_circuit_operator.py
[2023-06-09T06:08:03.558+0000] {processor.py:826} INFO - Processing file /home/airflow/.local/lib/python3.7/site-packages/airflow/example_dags/example_short_circuit_operator.py for tasks to queue
[2023-06-09T06:08:03.559+0000] {logging_mixin.py:149} INFO - [2023-06-09T06:08:03.559+0000] {dagbag.py:541} INFO - Filling up the DagBag from /home/airflow/.local/lib/python3.7/site-packages/airflow/example_dags/example_short_circuit_operator.py
[2023-06-09T06:08:03.573+0000] {processor.py:836} INFO - DAG(s) dict_keys(['example_short_circuit_operator']) retrieved from /home/airflow/.local/lib/python3.7/site-packages/airflow/example_dags/example_short_circuit_operator.py
[2023-06-09T06:08:03.609+0000] {logging_mixin.py:149} INFO - [2023-06-09T06:08:03.608+0000] {dag.py:2726} INFO - Sync 1 DAGs
[2023-06-09T06:08:03.642+0000] {logging_mixin.py:149} INFO - [2023-06-09T06:08:03.642+0000] {dag.py:3490} INFO - Setting next_dagrun for example_short_circuit_operator to 2023-06-08T06:08:03.642449+00:00, run_after=2023-06-09T06:08:03.642449+00:00
[2023-06-09T06:08:03.667+0000] {processor.py:179} INFO - Processing /home/airflow/.local/lib/python3.7/site-packages/airflow/example_dags/example_short_circuit_operator.py took 0.115 seconds
[2023-06-09T06:08:33.772+0000] {processor.py:157} INFO - Started process (PID=1227) to work on /home/airflow/.local/lib/python3.7/site-packages/airflow/example_dags/example_short_circuit_operator.py
[2023-06-09T06:08:33.773+0000] {processor.py:826} INFO - Processing file /home/airflow/.local/lib/python3.7/site-packages/airflow/example_dags/example_short_circuit_operator.py for tasks to queue
[2023-06-09T06:08:33.774+0000] {logging_mixin.py:149} INFO - [2023-06-09T06:08:33.774+0000] {dagbag.py:541} INFO - Filling up the DagBag from /home/airflow/.local/lib/python3.7/site-packages/airflow/example_dags/example_short_circuit_operator.py
[2023-06-09T06:08:33.785+0000] {processor.py:836} INFO - DAG(s) dict_keys(['example_short_circuit_operator']) retrieved from /home/airflow/.local/lib/python3.7/site-packages/airflow/example_dags/example_short_circuit_operator.py
[2023-06-09T06:08:33.822+0000] {logging_mixin.py:149} INFO - [2023-06-09T06:08:33.822+0000] {dag.py:2726} INFO - Sync 1 DAGs
[2023-06-09T06:08:33.857+0000] {logging_mixin.py:149} INFO - [2023-06-09T06:08:33.857+0000] {dag.py:3490} INFO - Setting next_dagrun for example_short_circuit_operator to 2023-06-08T06:08:33.856871+00:00, run_after=2023-06-09T06:08:33.856871+00:00
[2023-06-09T06:08:33.881+0000] {processor.py:179} INFO - Processing /home/airflow/.local/lib/python3.7/site-packages/airflow/example_dags/example_short_circuit_operator.py took 0.114 seconds
[2023-06-09T06:09:04.121+0000] {processor.py:157} INFO - Started process (PID=1280) to work on /home/airflow/.local/lib/python3.7/site-packages/airflow/example_dags/example_short_circuit_operator.py
[2023-06-09T06:09:04.122+0000] {processor.py:826} INFO - Processing file /home/airflow/.local/lib/python3.7/site-packages/airflow/example_dags/example_short_circuit_operator.py for tasks to queue
[2023-06-09T06:09:04.123+0000] {logging_mixin.py:149} INFO - [2023-06-09T06:09:04.123+0000] {dagbag.py:541} INFO - Filling up the DagBag from /home/airflow/.local/lib/python3.7/site-packages/airflow/example_dags/example_short_circuit_operator.py
[2023-06-09T06:09:04.133+0000] {processor.py:836} INFO - DAG(s) dict_keys(['example_short_circuit_operator']) retrieved from /home/airflow/.local/lib/python3.7/site-packages/airflow/example_dags/example_short_circuit_operator.py
[2023-06-09T06:09:04.168+0000] {logging_mixin.py:149} INFO - [2023-06-09T06:09:04.168+0000] {dag.py:2726} INFO - Sync 1 DAGs
[2023-06-09T06:09:04.203+0000] {logging_mixin.py:149} INFO - [2023-06-09T06:09:04.203+0000] {dag.py:3490} INFO - Setting next_dagrun for example_short_circuit_operator to 2023-06-08T06:09:04.202916+00:00, run_after=2023-06-09T06:09:04.202916+00:00
[2023-06-09T06:09:04.228+0000] {processor.py:179} INFO - Processing /home/airflow/.local/lib/python3.7/site-packages/airflow/example_dags/example_short_circuit_operator.py took 0.110 seconds
[2023-06-09T06:09:34.546+0000] {processor.py:157} INFO - Started process (PID=1335) to work on /home/airflow/.local/lib/python3.7/site-packages/airflow/example_dags/example_short_circuit_operator.py
[2023-06-09T06:09:34.547+0000] {processor.py:826} INFO - Processing file /home/airflow/.local/lib/python3.7/site-packages/airflow/example_dags/example_short_circuit_operator.py for tasks to queue
[2023-06-09T06:09:34.548+0000] {logging_mixin.py:149} INFO - [2023-06-09T06:09:34.548+0000] {dagbag.py:541} INFO - Filling up the DagBag from /home/airflow/.local/lib/python3.7/site-packages/airflow/example_dags/example_short_circuit_operator.py
[2023-06-09T06:09:34.558+0000] {processor.py:836} INFO - DAG(s) dict_keys(['example_short_circuit_operator']) retrieved from /home/airflow/.local/lib/python3.7/site-packages/airflow/example_dags/example_short_circuit_operator.py
[2023-06-09T06:09:34.592+0000] {logging_mixin.py:149} INFO - [2023-06-09T06:09:34.592+0000] {dag.py:2726} INFO - Sync 1 DAGs
[2023-06-09T06:09:34.626+0000] {logging_mixin.py:149} INFO - [2023-06-09T06:09:34.626+0000] {dag.py:3490} INFO - Setting next_dagrun for example_short_circuit_operator to 2023-06-08T06:09:34.626195+00:00, run_after=2023-06-09T06:09:34.626195+00:00
[2023-06-09T06:09:34.689+0000] {processor.py:179} INFO - Processing /home/airflow/.local/lib/python3.7/site-packages/airflow/example_dags/example_short_circuit_operator.py took 0.146 seconds
[2023-06-09T06:10:04.805+0000] {processor.py:157} INFO - Started process (PID=1389) to work on /home/airflow/.local/lib/python3.7/site-packages/airflow/example_dags/example_short_circuit_operator.py
[2023-06-09T06:10:04.806+0000] {processor.py:826} INFO - Processing file /home/airflow/.local/lib/python3.7/site-packages/airflow/example_dags/example_short_circuit_operator.py for tasks to queue
[2023-06-09T06:10:04.807+0000] {logging_mixin.py:149} INFO - [2023-06-09T06:10:04.807+0000] {dagbag.py:541} INFO - Filling up the DagBag from /home/airflow/.local/lib/python3.7/site-packages/airflow/example_dags/example_short_circuit_operator.py
[2023-06-09T06:10:04.817+0000] {processor.py:836} INFO - DAG(s) dict_keys(['example_short_circuit_operator']) retrieved from /home/airflow/.local/lib/python3.7/site-packages/airflow/example_dags/example_short_circuit_operator.py
[2023-06-09T06:10:04.852+0000] {logging_mixin.py:149} INFO - [2023-06-09T06:10:04.852+0000] {dag.py:2726} INFO - Sync 1 DAGs
[2023-06-09T06:10:04.919+0000] {logging_mixin.py:149} INFO - [2023-06-09T06:10:04.919+0000] {dag.py:3490} INFO - Setting next_dagrun for example_short_circuit_operator to 2023-06-08T06:10:04.918853+00:00, run_after=2023-06-09T06:10:04.918853+00:00
[2023-06-09T06:10:04.943+0000] {processor.py:179} INFO - Processing /home/airflow/.local/lib/python3.7/site-packages/airflow/example_dags/example_short_circuit_operator.py took 0.142 seconds
[2023-06-09T06:10:35.376+0000] {processor.py:157} INFO - Started process (PID=1442) to work on /home/airflow/.local/lib/python3.7/site-packages/airflow/example_dags/example_short_circuit_operator.py
[2023-06-09T06:10:35.378+0000] {processor.py:826} INFO - Processing file /home/airflow/.local/lib/python3.7/site-packages/airflow/example_dags/example_short_circuit_operator.py for tasks to queue
[2023-06-09T06:10:35.378+0000] {logging_mixin.py:149} INFO - [2023-06-09T06:10:35.378+0000] {dagbag.py:541} INFO - Filling up the DagBag from /home/airflow/.local/lib/python3.7/site-packages/airflow/example_dags/example_short_circuit_operator.py
[2023-06-09T06:10:35.389+0000] {processor.py:836} INFO - DAG(s) dict_keys(['example_short_circuit_operator']) retrieved from /home/airflow/.local/lib/python3.7/site-packages/airflow/example_dags/example_short_circuit_operator.py
[2023-06-09T06:10:35.428+0000] {logging_mixin.py:149} INFO - [2023-06-09T06:10:35.427+0000] {dag.py:2726} INFO - Sync 1 DAGs
[2023-06-09T06:10:35.461+0000] {logging_mixin.py:149} INFO - [2023-06-09T06:10:35.461+0000] {dag.py:3490} INFO - Setting next_dagrun for example_short_circuit_operator to 2023-06-08T06:10:35.461420+00:00, run_after=2023-06-09T06:10:35.461420+00:00
[2023-06-09T06:10:35.486+0000] {processor.py:179} INFO - Processing /home/airflow/.local/lib/python3.7/site-packages/airflow/example_dags/example_short_circuit_operator.py took 0.124 seconds
[2023-06-09T06:11:05.737+0000] {processor.py:157} INFO - Started process (PID=1495) to work on /home/airflow/.local/lib/python3.7/site-packages/airflow/example_dags/example_short_circuit_operator.py
[2023-06-09T06:11:05.738+0000] {processor.py:826} INFO - Processing file /home/airflow/.local/lib/python3.7/site-packages/airflow/example_dags/example_short_circuit_operator.py for tasks to queue
[2023-06-09T06:11:05.738+0000] {logging_mixin.py:149} INFO - [2023-06-09T06:11:05.738+0000] {dagbag.py:541} INFO - Filling up the DagBag from /home/airflow/.local/lib/python3.7/site-packages/airflow/example_dags/example_short_circuit_operator.py
[2023-06-09T06:11:05.748+0000] {processor.py:836} INFO - DAG(s) dict_keys(['example_short_circuit_operator']) retrieved from /home/airflow/.local/lib/python3.7/site-packages/airflow/example_dags/example_short_circuit_operator.py
[2023-06-09T06:11:05.781+0000] {logging_mixin.py:149} INFO - [2023-06-09T06:11:05.781+0000] {dag.py:2726} INFO - Sync 1 DAGs
[2023-06-09T06:11:05.814+0000] {logging_mixin.py:149} INFO - [2023-06-09T06:11:05.814+0000] {dag.py:3490} INFO - Setting next_dagrun for example_short_circuit_operator to 2023-06-08T06:11:05.814294+00:00, run_after=2023-06-09T06:11:05.814294+00:00
[2023-06-09T06:11:05.838+0000] {processor.py:179} INFO - Processing /home/airflow/.local/lib/python3.7/site-packages/airflow/example_dags/example_short_circuit_operator.py took 0.105 seconds
[2023-06-09T06:11:36.364+0000] {processor.py:157} INFO - Started process (PID=1549) to work on /home/airflow/.local/lib/python3.7/site-packages/airflow/example_dags/example_short_circuit_operator.py
[2023-06-09T06:11:36.365+0000] {processor.py:826} INFO - Processing file /home/airflow/.local/lib/python3.7/site-packages/airflow/example_dags/example_short_circuit_operator.py for tasks to queue
[2023-06-09T06:11:36.366+0000] {logging_mixin.py:149} INFO - [2023-06-09T06:11:36.366+0000] {dagbag.py:541} INFO - Filling up the DagBag from /home/airflow/.local/lib/python3.7/site-packages/airflow/example_dags/example_short_circuit_operator.py
[2023-06-09T06:11:36.376+0000] {processor.py:836} INFO - DAG(s) dict_keys(['example_short_circuit_operator']) retrieved from /home/airflow/.local/lib/python3.7/site-packages/airflow/example_dags/example_short_circuit_operator.py
[2023-06-09T06:11:36.425+0000] {logging_mixin.py:149} INFO - [2023-06-09T06:11:36.424+0000] {dag.py:2726} INFO - Sync 1 DAGs
[2023-06-09T06:11:36.462+0000] {logging_mixin.py:149} INFO - [2023-06-09T06:11:36.462+0000] {dag.py:3490} INFO - Setting next_dagrun for example_short_circuit_operator to 2023-06-08T06:11:36.461838+00:00, run_after=2023-06-09T06:11:36.461838+00:00
[2023-06-09T06:11:36.488+0000] {processor.py:179} INFO - Processing /home/airflow/.local/lib/python3.7/site-packages/airflow/example_dags/example_short_circuit_operator.py took 0.128 seconds
[2023-06-09T06:12:06.655+0000] {processor.py:157} INFO - Started process (PID=1604) to work on /home/airflow/.local/lib/python3.7/site-packages/airflow/example_dags/example_short_circuit_operator.py
[2023-06-09T06:12:06.656+0000] {processor.py:826} INFO - Processing file /home/airflow/.local/lib/python3.7/site-packages/airflow/example_dags/example_short_circuit_operator.py for tasks to queue
[2023-06-09T06:12:06.656+0000] {logging_mixin.py:149} INFO - [2023-06-09T06:12:06.656+0000] {dagbag.py:541} INFO - Filling up the DagBag from /home/airflow/.local/lib/python3.7/site-packages/airflow/example_dags/example_short_circuit_operator.py
[2023-06-09T06:12:06.666+0000] {processor.py:836} INFO - DAG(s) dict_keys(['example_short_circuit_operator']) retrieved from /home/airflow/.local/lib/python3.7/site-packages/airflow/example_dags/example_short_circuit_operator.py
[2023-06-09T06:12:06.700+0000] {logging_mixin.py:149} INFO - [2023-06-09T06:12:06.700+0000] {dag.py:2726} INFO - Sync 1 DAGs
[2023-06-09T06:12:06.734+0000] {logging_mixin.py:149} INFO - [2023-06-09T06:12:06.734+0000] {dag.py:3490} INFO - Setting next_dagrun for example_short_circuit_operator to 2023-06-08T06:12:06.734084+00:00, run_after=2023-06-09T06:12:06.734084+00:00
[2023-06-09T06:12:06.758+0000] {processor.py:179} INFO - Processing /home/airflow/.local/lib/python3.7/site-packages/airflow/example_dags/example_short_circuit_operator.py took 0.107 seconds
[2023-06-09T06:12:37.377+0000] {processor.py:157} INFO - Started process (PID=1658) to work on /home/airflow/.local/lib/python3.7/site-packages/airflow/example_dags/example_short_circuit_operator.py
[2023-06-09T06:12:37.379+0000] {processor.py:826} INFO - Processing file /home/airflow/.local/lib/python3.7/site-packages/airflow/example_dags/example_short_circuit_operator.py for tasks to queue
[2023-06-09T06:12:37.380+0000] {logging_mixin.py:149} INFO - [2023-06-09T06:12:37.380+0000] {dagbag.py:541} INFO - Filling up the DagBag from /home/airflow/.local/lib/python3.7/site-packages/airflow/example_dags/example_short_circuit_operator.py
[2023-06-09T06:12:37.402+0000] {processor.py:836} INFO - DAG(s) dict_keys(['example_short_circuit_operator']) retrieved from /home/airflow/.local/lib/python3.7/site-packages/airflow/example_dags/example_short_circuit_operator.py
[2023-06-09T06:12:37.442+0000] {logging_mixin.py:149} INFO - [2023-06-09T06:12:37.442+0000] {dag.py:2726} INFO - Sync 1 DAGs
[2023-06-09T06:12:37.481+0000] {logging_mixin.py:149} INFO - [2023-06-09T06:12:37.481+0000] {dag.py:3490} INFO - Setting next_dagrun for example_short_circuit_operator to 2023-06-08T06:12:37.480880+00:00, run_after=2023-06-09T06:12:37.480880+00:00
[2023-06-09T06:12:37.504+0000] {processor.py:179} INFO - Processing /home/airflow/.local/lib/python3.7/site-packages/airflow/example_dags/example_short_circuit_operator.py took 0.139 seconds
[2023-06-09T06:13:07.645+0000] {processor.py:157} INFO - Started process (PID=1712) to work on /home/airflow/.local/lib/python3.7/site-packages/airflow/example_dags/example_short_circuit_operator.py
[2023-06-09T06:13:07.646+0000] {processor.py:826} INFO - Processing file /home/airflow/.local/lib/python3.7/site-packages/airflow/example_dags/example_short_circuit_operator.py for tasks to queue
[2023-06-09T06:13:07.647+0000] {logging_mixin.py:149} INFO - [2023-06-09T06:13:07.647+0000] {dagbag.py:541} INFO - Filling up the DagBag from /home/airflow/.local/lib/python3.7/site-packages/airflow/example_dags/example_short_circuit_operator.py
[2023-06-09T06:13:07.657+0000] {processor.py:836} INFO - DAG(s) dict_keys(['example_short_circuit_operator']) retrieved from /home/airflow/.local/lib/python3.7/site-packages/airflow/example_dags/example_short_circuit_operator.py
[2023-06-09T06:13:07.704+0000] {logging_mixin.py:149} INFO - [2023-06-09T06:13:07.704+0000] {dag.py:2726} INFO - Sync 1 DAGs
[2023-06-09T06:13:07.739+0000] {logging_mixin.py:149} INFO - [2023-06-09T06:13:07.739+0000] {dag.py:3490} INFO - Setting next_dagrun for example_short_circuit_operator to 2023-06-08T06:13:07.738892+00:00, run_after=2023-06-09T06:13:07.738892+00:00
[2023-06-09T06:13:07.761+0000] {processor.py:179} INFO - Processing /home/airflow/.local/lib/python3.7/site-packages/airflow/example_dags/example_short_circuit_operator.py took 0.120 seconds
[2023-06-09T06:13:37.991+0000] {processor.py:157} INFO - Started process (PID=1766) to work on /home/airflow/.local/lib/python3.7/site-packages/airflow/example_dags/example_short_circuit_operator.py
[2023-06-09T06:13:37.997+0000] {processor.py:826} INFO - Processing file /home/airflow/.local/lib/python3.7/site-packages/airflow/example_dags/example_short_circuit_operator.py for tasks to queue
[2023-06-09T06:13:37.998+0000] {logging_mixin.py:149} INFO - [2023-06-09T06:13:37.998+0000] {dagbag.py:541} INFO - Filling up the DagBag from /home/airflow/.local/lib/python3.7/site-packages/airflow/example_dags/example_short_circuit_operator.py
[2023-06-09T06:13:38.019+0000] {processor.py:836} INFO - DAG(s) dict_keys(['example_short_circuit_operator']) retrieved from /home/airflow/.local/lib/python3.7/site-packages/airflow/example_dags/example_short_circuit_operator.py
[2023-06-09T06:13:38.100+0000] {logging_mixin.py:149} INFO - [2023-06-09T06:13:38.100+0000] {dag.py:2726} INFO - Sync 1 DAGs
[2023-06-09T06:13:38.153+0000] {logging_mixin.py:149} INFO - [2023-06-09T06:13:38.153+0000] {dag.py:3490} INFO - Setting next_dagrun for example_short_circuit_operator to 2023-06-08T06:13:38.152909+00:00, run_after=2023-06-09T06:13:38.152909+00:00
[2023-06-09T06:13:38.189+0000] {processor.py:179} INFO - Processing /home/airflow/.local/lib/python3.7/site-packages/airflow/example_dags/example_short_circuit_operator.py took 0.207 seconds
[2023-06-09T06:14:08.601+0000] {processor.py:157} INFO - Started process (PID=1819) to work on /home/airflow/.local/lib/python3.7/site-packages/airflow/example_dags/example_short_circuit_operator.py
[2023-06-09T06:14:08.602+0000] {processor.py:826} INFO - Processing file /home/airflow/.local/lib/python3.7/site-packages/airflow/example_dags/example_short_circuit_operator.py for tasks to queue
[2023-06-09T06:14:08.609+0000] {logging_mixin.py:149} INFO - [2023-06-09T06:14:08.608+0000] {dagbag.py:541} INFO - Filling up the DagBag from /home/airflow/.local/lib/python3.7/site-packages/airflow/example_dags/example_short_circuit_operator.py
[2023-06-09T06:14:08.637+0000] {processor.py:836} INFO - DAG(s) dict_keys(['example_short_circuit_operator']) retrieved from /home/airflow/.local/lib/python3.7/site-packages/airflow/example_dags/example_short_circuit_operator.py
[2023-06-09T06:14:08.681+0000] {logging_mixin.py:149} INFO - [2023-06-09T06:14:08.681+0000] {dag.py:2726} INFO - Sync 1 DAGs
[2023-06-09T06:14:08.716+0000] {logging_mixin.py:149} INFO - [2023-06-09T06:14:08.716+0000] {dag.py:3490} INFO - Setting next_dagrun for example_short_circuit_operator to 2023-06-08T06:14:08.715967+00:00, run_after=2023-06-09T06:14:08.715967+00:00
[2023-06-09T06:14:08.793+0000] {processor.py:179} INFO - Processing /home/airflow/.local/lib/python3.7/site-packages/airflow/example_dags/example_short_circuit_operator.py took 0.204 seconds
[2023-06-09T06:14:39.073+0000] {processor.py:157} INFO - Started process (PID=1873) to work on /home/airflow/.local/lib/python3.7/site-packages/airflow/example_dags/example_short_circuit_operator.py
[2023-06-09T06:14:39.075+0000] {processor.py:826} INFO - Processing file /home/airflow/.local/lib/python3.7/site-packages/airflow/example_dags/example_short_circuit_operator.py for tasks to queue
[2023-06-09T06:14:39.076+0000] {logging_mixin.py:149} INFO - [2023-06-09T06:14:39.076+0000] {dagbag.py:541} INFO - Filling up the DagBag from /home/airflow/.local/lib/python3.7/site-packages/airflow/example_dags/example_short_circuit_operator.py
[2023-06-09T06:14:39.086+0000] {processor.py:836} INFO - DAG(s) dict_keys(['example_short_circuit_operator']) retrieved from /home/airflow/.local/lib/python3.7/site-packages/airflow/example_dags/example_short_circuit_operator.py
[2023-06-09T06:14:39.127+0000] {logging_mixin.py:149} INFO - [2023-06-09T06:14:39.127+0000] {dag.py:2726} INFO - Sync 1 DAGs
[2023-06-09T06:14:39.160+0000] {logging_mixin.py:149} INFO - [2023-06-09T06:14:39.160+0000] {dag.py:3490} INFO - Setting next_dagrun for example_short_circuit_operator to 2023-06-08T06:14:39.160114+00:00, run_after=2023-06-09T06:14:39.160114+00:00
[2023-06-09T06:14:39.183+0000] {processor.py:179} INFO - Processing /home/airflow/.local/lib/python3.7/site-packages/airflow/example_dags/example_short_circuit_operator.py took 0.114 seconds
[2023-06-09T06:15:09.596+0000] {processor.py:157} INFO - Started process (PID=1927) to work on /home/airflow/.local/lib/python3.7/site-packages/airflow/example_dags/example_short_circuit_operator.py
[2023-06-09T06:15:09.597+0000] {processor.py:826} INFO - Processing file /home/airflow/.local/lib/python3.7/site-packages/airflow/example_dags/example_short_circuit_operator.py for tasks to queue
[2023-06-09T06:15:09.598+0000] {logging_mixin.py:149} INFO - [2023-06-09T06:15:09.598+0000] {dagbag.py:541} INFO - Filling up the DagBag from /home/airflow/.local/lib/python3.7/site-packages/airflow/example_dags/example_short_circuit_operator.py
[2023-06-09T06:15:09.608+0000] {processor.py:836} INFO - DAG(s) dict_keys(['example_short_circuit_operator']) retrieved from /home/airflow/.local/lib/python3.7/site-packages/airflow/example_dags/example_short_circuit_operator.py
[2023-06-09T06:15:09.642+0000] {logging_mixin.py:149} INFO - [2023-06-09T06:15:09.642+0000] {dag.py:2726} INFO - Sync 1 DAGs
[2023-06-09T06:15:09.676+0000] {logging_mixin.py:149} INFO - [2023-06-09T06:15:09.675+0000] {dag.py:3490} INFO - Setting next_dagrun for example_short_circuit_operator to 2023-06-08T06:15:09.675494+00:00, run_after=2023-06-09T06:15:09.675494+00:00
[2023-06-09T06:15:09.702+0000] {processor.py:179} INFO - Processing /home/airflow/.local/lib/python3.7/site-packages/airflow/example_dags/example_short_circuit_operator.py took 0.109 seconds
[2023-06-09T06:15:40.104+0000] {processor.py:157} INFO - Started process (PID=1980) to work on /home/airflow/.local/lib/python3.7/site-packages/airflow/example_dags/example_short_circuit_operator.py
[2023-06-09T06:15:40.106+0000] {processor.py:826} INFO - Processing file /home/airflow/.local/lib/python3.7/site-packages/airflow/example_dags/example_short_circuit_operator.py for tasks to queue
[2023-06-09T06:15:40.106+0000] {logging_mixin.py:149} INFO - [2023-06-09T06:15:40.106+0000] {dagbag.py:541} INFO - Filling up the DagBag from /home/airflow/.local/lib/python3.7/site-packages/airflow/example_dags/example_short_circuit_operator.py
[2023-06-09T06:15:40.116+0000] {processor.py:836} INFO - DAG(s) dict_keys(['example_short_circuit_operator']) retrieved from /home/airflow/.local/lib/python3.7/site-packages/airflow/example_dags/example_short_circuit_operator.py
[2023-06-09T06:15:40.150+0000] {logging_mixin.py:149} INFO - [2023-06-09T06:15:40.150+0000] {dag.py:2726} INFO - Sync 1 DAGs
[2023-06-09T06:15:40.185+0000] {logging_mixin.py:149} INFO - [2023-06-09T06:15:40.184+0000] {dag.py:3490} INFO - Setting next_dagrun for example_short_circuit_operator to 2023-06-08T06:15:40.184562+00:00, run_after=2023-06-09T06:15:40.184562+00:00
[2023-06-09T06:15:40.209+0000] {processor.py:179} INFO - Processing /home/airflow/.local/lib/python3.7/site-packages/airflow/example_dags/example_short_circuit_operator.py took 0.108 seconds
[2023-06-09T06:16:10.249+0000] {processor.py:157} INFO - Started process (PID=2034) to work on /home/airflow/.local/lib/python3.7/site-packages/airflow/example_dags/example_short_circuit_operator.py
[2023-06-09T06:16:10.250+0000] {processor.py:826} INFO - Processing file /home/airflow/.local/lib/python3.7/site-packages/airflow/example_dags/example_short_circuit_operator.py for tasks to queue
[2023-06-09T06:16:10.251+0000] {logging_mixin.py:149} INFO - [2023-06-09T06:16:10.251+0000] {dagbag.py:541} INFO - Filling up the DagBag from /home/airflow/.local/lib/python3.7/site-packages/airflow/example_dags/example_short_circuit_operator.py
[2023-06-09T06:16:10.261+0000] {processor.py:836} INFO - DAG(s) dict_keys(['example_short_circuit_operator']) retrieved from /home/airflow/.local/lib/python3.7/site-packages/airflow/example_dags/example_short_circuit_operator.py
[2023-06-09T06:16:10.295+0000] {logging_mixin.py:149} INFO - [2023-06-09T06:16:10.295+0000] {dag.py:2726} INFO - Sync 1 DAGs
[2023-06-09T06:16:10.330+0000] {logging_mixin.py:149} INFO - [2023-06-09T06:16:10.329+0000] {dag.py:3490} INFO - Setting next_dagrun for example_short_circuit_operator to 2023-06-08T06:16:10.329552+00:00, run_after=2023-06-09T06:16:10.329552+00:00
[2023-06-09T06:16:10.364+0000] {processor.py:179} INFO - Processing /home/airflow/.local/lib/python3.7/site-packages/airflow/example_dags/example_short_circuit_operator.py took 0.119 seconds
[2023-06-09T06:16:40.872+0000] {processor.py:157} INFO - Started process (PID=2088) to work on /home/airflow/.local/lib/python3.7/site-packages/airflow/example_dags/example_short_circuit_operator.py
[2023-06-09T06:16:40.873+0000] {processor.py:826} INFO - Processing file /home/airflow/.local/lib/python3.7/site-packages/airflow/example_dags/example_short_circuit_operator.py for tasks to queue
[2023-06-09T06:16:40.874+0000] {logging_mixin.py:149} INFO - [2023-06-09T06:16:40.874+0000] {dagbag.py:541} INFO - Filling up the DagBag from /home/airflow/.local/lib/python3.7/site-packages/airflow/example_dags/example_short_circuit_operator.py
[2023-06-09T06:16:40.884+0000] {processor.py:836} INFO - DAG(s) dict_keys(['example_short_circuit_operator']) retrieved from /home/airflow/.local/lib/python3.7/site-packages/airflow/example_dags/example_short_circuit_operator.py
[2023-06-09T06:16:40.920+0000] {logging_mixin.py:149} INFO - [2023-06-09T06:16:40.920+0000] {dag.py:2726} INFO - Sync 1 DAGs
[2023-06-09T06:16:40.957+0000] {logging_mixin.py:149} INFO - [2023-06-09T06:16:40.957+0000] {dag.py:3490} INFO - Setting next_dagrun for example_short_circuit_operator to 2023-06-08T06:16:40.957420+00:00, run_after=2023-06-09T06:16:40.957420+00:00
[2023-06-09T06:16:40.980+0000] {processor.py:179} INFO - Processing /home/airflow/.local/lib/python3.7/site-packages/airflow/example_dags/example_short_circuit_operator.py took 0.112 seconds
[2023-06-09T06:17:11.252+0000] {processor.py:157} INFO - Started process (PID=2139) to work on /home/airflow/.local/lib/python3.7/site-packages/airflow/example_dags/example_short_circuit_operator.py
[2023-06-09T06:17:11.253+0000] {processor.py:826} INFO - Processing file /home/airflow/.local/lib/python3.7/site-packages/airflow/example_dags/example_short_circuit_operator.py for tasks to queue
[2023-06-09T06:17:11.254+0000] {logging_mixin.py:149} INFO - [2023-06-09T06:17:11.254+0000] {dagbag.py:541} INFO - Filling up the DagBag from /home/airflow/.local/lib/python3.7/site-packages/airflow/example_dags/example_short_circuit_operator.py
[2023-06-09T06:17:11.265+0000] {processor.py:836} INFO - DAG(s) dict_keys(['example_short_circuit_operator']) retrieved from /home/airflow/.local/lib/python3.7/site-packages/airflow/example_dags/example_short_circuit_operator.py
[2023-06-09T06:17:11.302+0000] {logging_mixin.py:149} INFO - [2023-06-09T06:17:11.301+0000] {dag.py:2726} INFO - Sync 1 DAGs
[2023-06-09T06:17:11.338+0000] {logging_mixin.py:149} INFO - [2023-06-09T06:17:11.338+0000] {dag.py:3490} INFO - Setting next_dagrun for example_short_circuit_operator to 2023-06-08T06:17:11.338253+00:00, run_after=2023-06-09T06:17:11.338253+00:00
[2023-06-09T06:17:11.362+0000] {processor.py:179} INFO - Processing /home/airflow/.local/lib/python3.7/site-packages/airflow/example_dags/example_short_circuit_operator.py took 0.114 seconds
[2023-06-09T06:17:42.223+0000] {processor.py:157} INFO - Started process (PID=2193) to work on /home/airflow/.local/lib/python3.7/site-packages/airflow/example_dags/example_short_circuit_operator.py
[2023-06-09T06:17:42.224+0000] {processor.py:826} INFO - Processing file /home/airflow/.local/lib/python3.7/site-packages/airflow/example_dags/example_short_circuit_operator.py for tasks to queue
[2023-06-09T06:17:42.225+0000] {logging_mixin.py:149} INFO - [2023-06-09T06:17:42.225+0000] {dagbag.py:541} INFO - Filling up the DagBag from /home/airflow/.local/lib/python3.7/site-packages/airflow/example_dags/example_short_circuit_operator.py
[2023-06-09T06:17:42.236+0000] {processor.py:836} INFO - DAG(s) dict_keys(['example_short_circuit_operator']) retrieved from /home/airflow/.local/lib/python3.7/site-packages/airflow/example_dags/example_short_circuit_operator.py
[2023-06-09T06:17:42.271+0000] {logging_mixin.py:149} INFO - [2023-06-09T06:17:42.270+0000] {dag.py:2726} INFO - Sync 1 DAGs
[2023-06-09T06:17:42.304+0000] {logging_mixin.py:149} INFO - [2023-06-09T06:17:42.304+0000] {dag.py:3490} INFO - Setting next_dagrun for example_short_circuit_operator to 2023-06-08T06:17:42.304483+00:00, run_after=2023-06-09T06:17:42.304483+00:00
[2023-06-09T06:17:42.331+0000] {processor.py:179} INFO - Processing /home/airflow/.local/lib/python3.7/site-packages/airflow/example_dags/example_short_circuit_operator.py took 0.112 seconds
[2023-06-09T06:18:13.178+0000] {processor.py:157} INFO - Started process (PID=2247) to work on /home/airflow/.local/lib/python3.7/site-packages/airflow/example_dags/example_short_circuit_operator.py
[2023-06-09T06:18:13.179+0000] {processor.py:826} INFO - Processing file /home/airflow/.local/lib/python3.7/site-packages/airflow/example_dags/example_short_circuit_operator.py for tasks to queue
[2023-06-09T06:18:13.180+0000] {logging_mixin.py:149} INFO - [2023-06-09T06:18:13.180+0000] {dagbag.py:541} INFO - Filling up the DagBag from /home/airflow/.local/lib/python3.7/site-packages/airflow/example_dags/example_short_circuit_operator.py
[2023-06-09T06:18:13.193+0000] {processor.py:836} INFO - DAG(s) dict_keys(['example_short_circuit_operator']) retrieved from /home/airflow/.local/lib/python3.7/site-packages/airflow/example_dags/example_short_circuit_operator.py
[2023-06-09T06:18:13.230+0000] {logging_mixin.py:149} INFO - [2023-06-09T06:18:13.230+0000] {dag.py:2726} INFO - Sync 1 DAGs
[2023-06-09T06:18:13.276+0000] {logging_mixin.py:149} INFO - [2023-06-09T06:18:13.276+0000] {dag.py:3490} INFO - Setting next_dagrun for example_short_circuit_operator to 2023-06-08T06:18:13.275976+00:00, run_after=2023-06-09T06:18:13.275976+00:00
[2023-06-09T06:18:13.311+0000] {processor.py:179} INFO - Processing /home/airflow/.local/lib/python3.7/site-packages/airflow/example_dags/example_short_circuit_operator.py took 0.137 seconds
[2023-06-09T06:18:44.191+0000] {processor.py:157} INFO - Started process (PID=2301) to work on /home/airflow/.local/lib/python3.7/site-packages/airflow/example_dags/example_short_circuit_operator.py
[2023-06-09T06:18:44.193+0000] {processor.py:826} INFO - Processing file /home/airflow/.local/lib/python3.7/site-packages/airflow/example_dags/example_short_circuit_operator.py for tasks to queue
[2023-06-09T06:18:44.194+0000] {logging_mixin.py:149} INFO - [2023-06-09T06:18:44.194+0000] {dagbag.py:541} INFO - Filling up the DagBag from /home/airflow/.local/lib/python3.7/site-packages/airflow/example_dags/example_short_circuit_operator.py
[2023-06-09T06:18:44.204+0000] {processor.py:836} INFO - DAG(s) dict_keys(['example_short_circuit_operator']) retrieved from /home/airflow/.local/lib/python3.7/site-packages/airflow/example_dags/example_short_circuit_operator.py
[2023-06-09T06:18:44.240+0000] {logging_mixin.py:149} INFO - [2023-06-09T06:18:44.239+0000] {dag.py:2726} INFO - Sync 1 DAGs
[2023-06-09T06:18:44.274+0000] {logging_mixin.py:149} INFO - [2023-06-09T06:18:44.274+0000] {dag.py:3490} INFO - Setting next_dagrun for example_short_circuit_operator to 2023-06-08T06:18:44.273954+00:00, run_after=2023-06-09T06:18:44.273954+00:00
[2023-06-09T06:18:44.298+0000] {processor.py:179} INFO - Processing /home/airflow/.local/lib/python3.7/site-packages/airflow/example_dags/example_short_circuit_operator.py took 0.110 seconds
[2023-06-09T06:19:14.692+0000] {processor.py:157} INFO - Started process (PID=2355) to work on /home/airflow/.local/lib/python3.7/site-packages/airflow/example_dags/example_short_circuit_operator.py
[2023-06-09T06:19:14.693+0000] {processor.py:826} INFO - Processing file /home/airflow/.local/lib/python3.7/site-packages/airflow/example_dags/example_short_circuit_operator.py for tasks to queue
[2023-06-09T06:19:14.694+0000] {logging_mixin.py:149} INFO - [2023-06-09T06:19:14.694+0000] {dagbag.py:541} INFO - Filling up the DagBag from /home/airflow/.local/lib/python3.7/site-packages/airflow/example_dags/example_short_circuit_operator.py
[2023-06-09T06:19:14.704+0000] {processor.py:836} INFO - DAG(s) dict_keys(['example_short_circuit_operator']) retrieved from /home/airflow/.local/lib/python3.7/site-packages/airflow/example_dags/example_short_circuit_operator.py
[2023-06-09T06:19:14.737+0000] {logging_mixin.py:149} INFO - [2023-06-09T06:19:14.737+0000] {dag.py:2726} INFO - Sync 1 DAGs
[2023-06-09T06:19:14.772+0000] {logging_mixin.py:149} INFO - [2023-06-09T06:19:14.771+0000] {dag.py:3490} INFO - Setting next_dagrun for example_short_circuit_operator to 2023-06-08T06:19:14.771563+00:00, run_after=2023-06-09T06:19:14.771563+00:00
[2023-06-09T06:19:14.794+0000] {processor.py:179} INFO - Processing /home/airflow/.local/lib/python3.7/site-packages/airflow/example_dags/example_short_circuit_operator.py took 0.108 seconds
[2023-06-09T06:19:45.486+0000] {processor.py:157} INFO - Started process (PID=2410) to work on /home/airflow/.local/lib/python3.7/site-packages/airflow/example_dags/example_short_circuit_operator.py
[2023-06-09T06:19:45.488+0000] {processor.py:826} INFO - Processing file /home/airflow/.local/lib/python3.7/site-packages/airflow/example_dags/example_short_circuit_operator.py for tasks to queue
[2023-06-09T06:19:45.488+0000] {logging_mixin.py:149} INFO - [2023-06-09T06:19:45.488+0000] {dagbag.py:541} INFO - Filling up the DagBag from /home/airflow/.local/lib/python3.7/site-packages/airflow/example_dags/example_short_circuit_operator.py
[2023-06-09T06:19:45.498+0000] {processor.py:836} INFO - DAG(s) dict_keys(['example_short_circuit_operator']) retrieved from /home/airflow/.local/lib/python3.7/site-packages/airflow/example_dags/example_short_circuit_operator.py
[2023-06-09T06:19:45.533+0000] {logging_mixin.py:149} INFO - [2023-06-09T06:19:45.533+0000] {dag.py:2726} INFO - Sync 1 DAGs
[2023-06-09T06:19:45.567+0000] {logging_mixin.py:149} INFO - [2023-06-09T06:19:45.567+0000] {dag.py:3490} INFO - Setting next_dagrun for example_short_circuit_operator to 2023-06-08T06:19:45.566617+00:00, run_after=2023-06-09T06:19:45.566617+00:00
[2023-06-09T06:19:45.591+0000] {processor.py:179} INFO - Processing /home/airflow/.local/lib/python3.7/site-packages/airflow/example_dags/example_short_circuit_operator.py took 0.109 seconds
[2023-06-09T06:20:16.096+0000] {processor.py:157} INFO - Started process (PID=2464) to work on /home/airflow/.local/lib/python3.7/site-packages/airflow/example_dags/example_short_circuit_operator.py
[2023-06-09T06:20:16.098+0000] {processor.py:826} INFO - Processing file /home/airflow/.local/lib/python3.7/site-packages/airflow/example_dags/example_short_circuit_operator.py for tasks to queue
[2023-06-09T06:20:16.103+0000] {logging_mixin.py:149} INFO - [2023-06-09T06:20:16.103+0000] {dagbag.py:541} INFO - Filling up the DagBag from /home/airflow/.local/lib/python3.7/site-packages/airflow/example_dags/example_short_circuit_operator.py
[2023-06-09T06:20:16.121+0000] {processor.py:836} INFO - DAG(s) dict_keys(['example_short_circuit_operator']) retrieved from /home/airflow/.local/lib/python3.7/site-packages/airflow/example_dags/example_short_circuit_operator.py
[2023-06-09T06:20:16.164+0000] {logging_mixin.py:149} INFO - [2023-06-09T06:20:16.163+0000] {dag.py:2726} INFO - Sync 1 DAGs
[2023-06-09T06:20:16.205+0000] {logging_mixin.py:149} INFO - [2023-06-09T06:20:16.205+0000] {dag.py:3490} INFO - Setting next_dagrun for example_short_circuit_operator to 2023-06-08T06:20:16.204894+00:00, run_after=2023-06-09T06:20:16.204894+00:00
[2023-06-09T06:20:16.239+0000] {processor.py:179} INFO - Processing /home/airflow/.local/lib/python3.7/site-packages/airflow/example_dags/example_short_circuit_operator.py took 0.156 seconds
[2023-06-09T06:20:46.433+0000] {processor.py:157} INFO - Started process (PID=2518) to work on /home/airflow/.local/lib/python3.7/site-packages/airflow/example_dags/example_short_circuit_operator.py
[2023-06-09T06:20:46.435+0000] {processor.py:826} INFO - Processing file /home/airflow/.local/lib/python3.7/site-packages/airflow/example_dags/example_short_circuit_operator.py for tasks to queue
[2023-06-09T06:20:46.435+0000] {logging_mixin.py:149} INFO - [2023-06-09T06:20:46.435+0000] {dagbag.py:541} INFO - Filling up the DagBag from /home/airflow/.local/lib/python3.7/site-packages/airflow/example_dags/example_short_circuit_operator.py
[2023-06-09T06:20:46.445+0000] {processor.py:836} INFO - DAG(s) dict_keys(['example_short_circuit_operator']) retrieved from /home/airflow/.local/lib/python3.7/site-packages/airflow/example_dags/example_short_circuit_operator.py
[2023-06-09T06:20:46.479+0000] {logging_mixin.py:149} INFO - [2023-06-09T06:20:46.478+0000] {dag.py:2726} INFO - Sync 1 DAGs
[2023-06-09T06:20:46.512+0000] {logging_mixin.py:149} INFO - [2023-06-09T06:20:46.512+0000] {dag.py:3490} INFO - Setting next_dagrun for example_short_circuit_operator to 2023-06-08T06:20:46.511983+00:00, run_after=2023-06-09T06:20:46.511983+00:00
[2023-06-09T06:20:46.535+0000] {processor.py:179} INFO - Processing /home/airflow/.local/lib/python3.7/site-packages/airflow/example_dags/example_short_circuit_operator.py took 0.105 seconds
[2023-06-09T06:21:16.595+0000] {processor.py:157} INFO - Started process (PID=2572) to work on /home/airflow/.local/lib/python3.7/site-packages/airflow/example_dags/example_short_circuit_operator.py
[2023-06-09T06:21:16.596+0000] {processor.py:826} INFO - Processing file /home/airflow/.local/lib/python3.7/site-packages/airflow/example_dags/example_short_circuit_operator.py for tasks to queue
[2023-06-09T06:21:16.597+0000] {logging_mixin.py:149} INFO - [2023-06-09T06:21:16.596+0000] {dagbag.py:541} INFO - Filling up the DagBag from /home/airflow/.local/lib/python3.7/site-packages/airflow/example_dags/example_short_circuit_operator.py
[2023-06-09T06:21:16.607+0000] {processor.py:836} INFO - DAG(s) dict_keys(['example_short_circuit_operator']) retrieved from /home/airflow/.local/lib/python3.7/site-packages/airflow/example_dags/example_short_circuit_operator.py
[2023-06-09T06:21:16.643+0000] {logging_mixin.py:149} INFO - [2023-06-09T06:21:16.643+0000] {dag.py:2726} INFO - Sync 1 DAGs
[2023-06-09T06:21:16.677+0000] {logging_mixin.py:149} INFO - [2023-06-09T06:21:16.677+0000] {dag.py:3490} INFO - Setting next_dagrun for example_short_circuit_operator to 2023-06-08T06:21:16.677099+00:00, run_after=2023-06-09T06:21:16.677099+00:00
[2023-06-09T06:21:16.703+0000] {processor.py:179} INFO - Processing /home/airflow/.local/lib/python3.7/site-packages/airflow/example_dags/example_short_circuit_operator.py took 0.112 seconds
[2023-06-09T06:21:47.259+0000] {processor.py:157} INFO - Started process (PID=2626) to work on /home/airflow/.local/lib/python3.7/site-packages/airflow/example_dags/example_short_circuit_operator.py
[2023-06-09T06:21:47.260+0000] {processor.py:826} INFO - Processing file /home/airflow/.local/lib/python3.7/site-packages/airflow/example_dags/example_short_circuit_operator.py for tasks to queue
[2023-06-09T06:21:47.260+0000] {logging_mixin.py:149} INFO - [2023-06-09T06:21:47.260+0000] {dagbag.py:541} INFO - Filling up the DagBag from /home/airflow/.local/lib/python3.7/site-packages/airflow/example_dags/example_short_circuit_operator.py
[2023-06-09T06:21:47.270+0000] {processor.py:836} INFO - DAG(s) dict_keys(['example_short_circuit_operator']) retrieved from /home/airflow/.local/lib/python3.7/site-packages/airflow/example_dags/example_short_circuit_operator.py
[2023-06-09T06:21:47.304+0000] {logging_mixin.py:149} INFO - [2023-06-09T06:21:47.303+0000] {dag.py:2726} INFO - Sync 1 DAGs
[2023-06-09T06:21:47.337+0000] {logging_mixin.py:149} INFO - [2023-06-09T06:21:47.337+0000] {dag.py:3490} INFO - Setting next_dagrun for example_short_circuit_operator to 2023-06-08T06:21:47.337118+00:00, run_after=2023-06-09T06:21:47.337118+00:00
[2023-06-09T06:21:47.361+0000] {processor.py:179} INFO - Processing /home/airflow/.local/lib/python3.7/site-packages/airflow/example_dags/example_short_circuit_operator.py took 0.106 seconds
[2023-06-09T06:22:17.914+0000] {processor.py:157} INFO - Started process (PID=2680) to work on /home/airflow/.local/lib/python3.7/site-packages/airflow/example_dags/example_short_circuit_operator.py
[2023-06-09T06:22:17.915+0000] {processor.py:826} INFO - Processing file /home/airflow/.local/lib/python3.7/site-packages/airflow/example_dags/example_short_circuit_operator.py for tasks to queue
[2023-06-09T06:22:17.916+0000] {logging_mixin.py:149} INFO - [2023-06-09T06:22:17.916+0000] {dagbag.py:541} INFO - Filling up the DagBag from /home/airflow/.local/lib/python3.7/site-packages/airflow/example_dags/example_short_circuit_operator.py
[2023-06-09T06:22:17.927+0000] {processor.py:836} INFO - DAG(s) dict_keys(['example_short_circuit_operator']) retrieved from /home/airflow/.local/lib/python3.7/site-packages/airflow/example_dags/example_short_circuit_operator.py
[2023-06-09T06:22:17.963+0000] {logging_mixin.py:149} INFO - [2023-06-09T06:22:17.962+0000] {dag.py:2726} INFO - Sync 1 DAGs
[2023-06-09T06:22:18.001+0000] {logging_mixin.py:149} INFO - [2023-06-09T06:22:18.001+0000] {dag.py:3490} INFO - Setting next_dagrun for example_short_circuit_operator to 2023-06-08T06:22:18.001182+00:00, run_after=2023-06-09T06:22:18.001182+00:00
[2023-06-09T06:22:18.027+0000] {processor.py:179} INFO - Processing /home/airflow/.local/lib/python3.7/site-packages/airflow/example_dags/example_short_circuit_operator.py took 0.117 seconds
[2023-06-09T06:22:48.511+0000] {processor.py:157} INFO - Started process (PID=2734) to work on /home/airflow/.local/lib/python3.7/site-packages/airflow/example_dags/example_short_circuit_operator.py
[2023-06-09T06:22:48.512+0000] {processor.py:826} INFO - Processing file /home/airflow/.local/lib/python3.7/site-packages/airflow/example_dags/example_short_circuit_operator.py for tasks to queue
[2023-06-09T06:22:48.513+0000] {logging_mixin.py:149} INFO - [2023-06-09T06:22:48.513+0000] {dagbag.py:541} INFO - Filling up the DagBag from /home/airflow/.local/lib/python3.7/site-packages/airflow/example_dags/example_short_circuit_operator.py
[2023-06-09T06:22:48.523+0000] {processor.py:836} INFO - DAG(s) dict_keys(['example_short_circuit_operator']) retrieved from /home/airflow/.local/lib/python3.7/site-packages/airflow/example_dags/example_short_circuit_operator.py
[2023-06-09T06:22:48.558+0000] {logging_mixin.py:149} INFO - [2023-06-09T06:22:48.558+0000] {dag.py:2726} INFO - Sync 1 DAGs
[2023-06-09T06:22:48.595+0000] {logging_mixin.py:149} INFO - [2023-06-09T06:22:48.595+0000] {dag.py:3490} INFO - Setting next_dagrun for example_short_circuit_operator to 2023-06-08T06:22:48.595315+00:00, run_after=2023-06-09T06:22:48.595315+00:00
[2023-06-09T06:22:48.622+0000] {processor.py:179} INFO - Processing /home/airflow/.local/lib/python3.7/site-packages/airflow/example_dags/example_short_circuit_operator.py took 0.115 seconds
[2023-06-09T06:23:18.729+0000] {processor.py:157} INFO - Started process (PID=2788) to work on /home/airflow/.local/lib/python3.7/site-packages/airflow/example_dags/example_short_circuit_operator.py
[2023-06-09T06:23:18.730+0000] {processor.py:826} INFO - Processing file /home/airflow/.local/lib/python3.7/site-packages/airflow/example_dags/example_short_circuit_operator.py for tasks to queue
[2023-06-09T06:23:18.731+0000] {logging_mixin.py:149} INFO - [2023-06-09T06:23:18.731+0000] {dagbag.py:541} INFO - Filling up the DagBag from /home/airflow/.local/lib/python3.7/site-packages/airflow/example_dags/example_short_circuit_operator.py
[2023-06-09T06:23:18.741+0000] {processor.py:836} INFO - DAG(s) dict_keys(['example_short_circuit_operator']) retrieved from /home/airflow/.local/lib/python3.7/site-packages/airflow/example_dags/example_short_circuit_operator.py
[2023-06-09T06:23:18.785+0000] {logging_mixin.py:149} INFO - [2023-06-09T06:23:18.784+0000] {dag.py:2726} INFO - Sync 1 DAGs
[2023-06-09T06:23:18.818+0000] {logging_mixin.py:149} INFO - [2023-06-09T06:23:18.818+0000] {dag.py:3490} INFO - Setting next_dagrun for example_short_circuit_operator to 2023-06-08T06:23:18.818024+00:00, run_after=2023-06-09T06:23:18.818024+00:00
[2023-06-09T06:23:18.841+0000] {processor.py:179} INFO - Processing /home/airflow/.local/lib/python3.7/site-packages/airflow/example_dags/example_short_circuit_operator.py took 0.116 seconds
[2023-06-09T06:23:49.330+0000] {processor.py:157} INFO - Started process (PID=2841) to work on /home/airflow/.local/lib/python3.7/site-packages/airflow/example_dags/example_short_circuit_operator.py
[2023-06-09T06:23:49.330+0000] {processor.py:826} INFO - Processing file /home/airflow/.local/lib/python3.7/site-packages/airflow/example_dags/example_short_circuit_operator.py for tasks to queue
[2023-06-09T06:23:49.331+0000] {logging_mixin.py:149} INFO - [2023-06-09T06:23:49.331+0000] {dagbag.py:541} INFO - Filling up the DagBag from /home/airflow/.local/lib/python3.7/site-packages/airflow/example_dags/example_short_circuit_operator.py
[2023-06-09T06:23:49.341+0000] {processor.py:836} INFO - DAG(s) dict_keys(['example_short_circuit_operator']) retrieved from /home/airflow/.local/lib/python3.7/site-packages/airflow/example_dags/example_short_circuit_operator.py
[2023-06-09T06:23:49.376+0000] {logging_mixin.py:149} INFO - [2023-06-09T06:23:49.375+0000] {dag.py:2726} INFO - Sync 1 DAGs
[2023-06-09T06:23:49.411+0000] {logging_mixin.py:149} INFO - [2023-06-09T06:23:49.410+0000] {dag.py:3490} INFO - Setting next_dagrun for example_short_circuit_operator to 2023-06-08T06:23:49.410484+00:00, run_after=2023-06-09T06:23:49.410484+00:00
[2023-06-09T06:23:49.435+0000] {processor.py:179} INFO - Processing /home/airflow/.local/lib/python3.7/site-packages/airflow/example_dags/example_short_circuit_operator.py took 0.109 seconds
[2023-06-09T06:24:19.770+0000] {processor.py:157} INFO - Started process (PID=2895) to work on /home/airflow/.local/lib/python3.7/site-packages/airflow/example_dags/example_short_circuit_operator.py
[2023-06-09T06:24:19.772+0000] {processor.py:826} INFO - Processing file /home/airflow/.local/lib/python3.7/site-packages/airflow/example_dags/example_short_circuit_operator.py for tasks to queue
[2023-06-09T06:24:19.773+0000] {logging_mixin.py:149} INFO - [2023-06-09T06:24:19.772+0000] {dagbag.py:541} INFO - Filling up the DagBag from /home/airflow/.local/lib/python3.7/site-packages/airflow/example_dags/example_short_circuit_operator.py
[2023-06-09T06:24:19.783+0000] {processor.py:836} INFO - DAG(s) dict_keys(['example_short_circuit_operator']) retrieved from /home/airflow/.local/lib/python3.7/site-packages/airflow/example_dags/example_short_circuit_operator.py
[2023-06-09T06:24:19.818+0000] {logging_mixin.py:149} INFO - [2023-06-09T06:24:19.817+0000] {dag.py:2726} INFO - Sync 1 DAGs
[2023-06-09T06:24:19.853+0000] {logging_mixin.py:149} INFO - [2023-06-09T06:24:19.852+0000] {dag.py:3490} INFO - Setting next_dagrun for example_short_circuit_operator to 2023-06-08T06:24:19.852543+00:00, run_after=2023-06-09T06:24:19.852543+00:00
[2023-06-09T06:24:19.876+0000] {processor.py:179} INFO - Processing /home/airflow/.local/lib/python3.7/site-packages/airflow/example_dags/example_short_circuit_operator.py took 0.110 seconds
[2023-06-09T06:24:50.713+0000] {processor.py:157} INFO - Started process (PID=2949) to work on /home/airflow/.local/lib/python3.7/site-packages/airflow/example_dags/example_short_circuit_operator.py
[2023-06-09T06:24:50.714+0000] {processor.py:826} INFO - Processing file /home/airflow/.local/lib/python3.7/site-packages/airflow/example_dags/example_short_circuit_operator.py for tasks to queue
[2023-06-09T06:24:50.715+0000] {logging_mixin.py:149} INFO - [2023-06-09T06:24:50.715+0000] {dagbag.py:541} INFO - Filling up the DagBag from /home/airflow/.local/lib/python3.7/site-packages/airflow/example_dags/example_short_circuit_operator.py
[2023-06-09T06:24:50.725+0000] {processor.py:836} INFO - DAG(s) dict_keys(['example_short_circuit_operator']) retrieved from /home/airflow/.local/lib/python3.7/site-packages/airflow/example_dags/example_short_circuit_operator.py
[2023-06-09T06:24:50.760+0000] {logging_mixin.py:149} INFO - [2023-06-09T06:24:50.759+0000] {dag.py:2726} INFO - Sync 1 DAGs
[2023-06-09T06:24:50.793+0000] {logging_mixin.py:149} INFO - [2023-06-09T06:24:50.793+0000] {dag.py:3490} INFO - Setting next_dagrun for example_short_circuit_operator to 2023-06-08T06:24:50.793031+00:00, run_after=2023-06-09T06:24:50.793031+00:00
[2023-06-09T06:24:50.816+0000] {processor.py:179} INFO - Processing /home/airflow/.local/lib/python3.7/site-packages/airflow/example_dags/example_short_circuit_operator.py took 0.110 seconds
[2023-06-09T06:25:21.524+0000] {processor.py:157} INFO - Started process (PID=3003) to work on /home/airflow/.local/lib/python3.7/site-packages/airflow/example_dags/example_short_circuit_operator.py
[2023-06-09T06:25:21.526+0000] {processor.py:826} INFO - Processing file /home/airflow/.local/lib/python3.7/site-packages/airflow/example_dags/example_short_circuit_operator.py for tasks to queue
[2023-06-09T06:25:21.526+0000] {logging_mixin.py:149} INFO - [2023-06-09T06:25:21.526+0000] {dagbag.py:541} INFO - Filling up the DagBag from /home/airflow/.local/lib/python3.7/site-packages/airflow/example_dags/example_short_circuit_operator.py
[2023-06-09T06:25:21.543+0000] {processor.py:836} INFO - DAG(s) dict_keys(['example_short_circuit_operator']) retrieved from /home/airflow/.local/lib/python3.7/site-packages/airflow/example_dags/example_short_circuit_operator.py
[2023-06-09T06:25:21.593+0000] {logging_mixin.py:149} INFO - [2023-06-09T06:25:21.593+0000] {dag.py:2726} INFO - Sync 1 DAGs
[2023-06-09T06:25:21.640+0000] {logging_mixin.py:149} INFO - [2023-06-09T06:25:21.640+0000] {dag.py:3490} INFO - Setting next_dagrun for example_short_circuit_operator to 2023-06-08T06:25:21.639787+00:00, run_after=2023-06-09T06:25:21.639787+00:00
[2023-06-09T06:25:21.664+0000] {processor.py:179} INFO - Processing /home/airflow/.local/lib/python3.7/site-packages/airflow/example_dags/example_short_circuit_operator.py took 0.145 seconds
[2023-06-09T06:25:51.794+0000] {processor.py:157} INFO - Started process (PID=3058) to work on /home/airflow/.local/lib/python3.7/site-packages/airflow/example_dags/example_short_circuit_operator.py
[2023-06-09T06:25:51.795+0000] {processor.py:826} INFO - Processing file /home/airflow/.local/lib/python3.7/site-packages/airflow/example_dags/example_short_circuit_operator.py for tasks to queue
[2023-06-09T06:25:51.796+0000] {logging_mixin.py:149} INFO - [2023-06-09T06:25:51.796+0000] {dagbag.py:541} INFO - Filling up the DagBag from /home/airflow/.local/lib/python3.7/site-packages/airflow/example_dags/example_short_circuit_operator.py
[2023-06-09T06:25:51.806+0000] {processor.py:836} INFO - DAG(s) dict_keys(['example_short_circuit_operator']) retrieved from /home/airflow/.local/lib/python3.7/site-packages/airflow/example_dags/example_short_circuit_operator.py
[2023-06-09T06:25:51.840+0000] {logging_mixin.py:149} INFO - [2023-06-09T06:25:51.840+0000] {dag.py:2726} INFO - Sync 1 DAGs
[2023-06-09T06:25:51.873+0000] {logging_mixin.py:149} INFO - [2023-06-09T06:25:51.873+0000] {dag.py:3490} INFO - Setting next_dagrun for example_short_circuit_operator to 2023-06-08T06:25:51.873485+00:00, run_after=2023-06-09T06:25:51.873485+00:00
[2023-06-09T06:25:51.896+0000] {processor.py:179} INFO - Processing /home/airflow/.local/lib/python3.7/site-packages/airflow/example_dags/example_short_circuit_operator.py took 0.105 seconds
[2023-06-09T06:26:22.316+0000] {processor.py:157} INFO - Started process (PID=3111) to work on /home/airflow/.local/lib/python3.7/site-packages/airflow/example_dags/example_short_circuit_operator.py
[2023-06-09T06:26:22.322+0000] {processor.py:826} INFO - Processing file /home/airflow/.local/lib/python3.7/site-packages/airflow/example_dags/example_short_circuit_operator.py for tasks to queue
[2023-06-09T06:26:22.323+0000] {logging_mixin.py:149} INFO - [2023-06-09T06:26:22.322+0000] {dagbag.py:541} INFO - Filling up the DagBag from /home/airflow/.local/lib/python3.7/site-packages/airflow/example_dags/example_short_circuit_operator.py
[2023-06-09T06:26:22.342+0000] {processor.py:836} INFO - DAG(s) dict_keys(['example_short_circuit_operator']) retrieved from /home/airflow/.local/lib/python3.7/site-packages/airflow/example_dags/example_short_circuit_operator.py
[2023-06-09T06:26:22.404+0000] {logging_mixin.py:149} INFO - [2023-06-09T06:26:22.404+0000] {dag.py:2726} INFO - Sync 1 DAGs
[2023-06-09T06:26:22.472+0000] {logging_mixin.py:149} INFO - [2023-06-09T06:26:22.471+0000] {dag.py:3490} INFO - Setting next_dagrun for example_short_circuit_operator to 2023-06-08T06:26:22.471538+00:00, run_after=2023-06-09T06:26:22.471538+00:00
[2023-06-09T06:26:22.513+0000] {processor.py:179} INFO - Processing /home/airflow/.local/lib/python3.7/site-packages/airflow/example_dags/example_short_circuit_operator.py took 0.208 seconds
[2023-06-09T06:26:53.324+0000] {processor.py:157} INFO - Started process (PID=3165) to work on /home/airflow/.local/lib/python3.7/site-packages/airflow/example_dags/example_short_circuit_operator.py
[2023-06-09T06:26:53.325+0000] {processor.py:826} INFO - Processing file /home/airflow/.local/lib/python3.7/site-packages/airflow/example_dags/example_short_circuit_operator.py for tasks to queue
[2023-06-09T06:26:53.326+0000] {logging_mixin.py:149} INFO - [2023-06-09T06:26:53.326+0000] {dagbag.py:541} INFO - Filling up the DagBag from /home/airflow/.local/lib/python3.7/site-packages/airflow/example_dags/example_short_circuit_operator.py
[2023-06-09T06:26:53.336+0000] {processor.py:836} INFO - DAG(s) dict_keys(['example_short_circuit_operator']) retrieved from /home/airflow/.local/lib/python3.7/site-packages/airflow/example_dags/example_short_circuit_operator.py
[2023-06-09T06:26:53.369+0000] {logging_mixin.py:149} INFO - [2023-06-09T06:26:53.369+0000] {dag.py:2726} INFO - Sync 1 DAGs
[2023-06-09T06:26:53.403+0000] {logging_mixin.py:149} INFO - [2023-06-09T06:26:53.402+0000] {dag.py:3490} INFO - Setting next_dagrun for example_short_circuit_operator to 2023-06-08T06:26:53.402546+00:00, run_after=2023-06-09T06:26:53.402546+00:00
[2023-06-09T06:26:53.426+0000] {processor.py:179} INFO - Processing /home/airflow/.local/lib/python3.7/site-packages/airflow/example_dags/example_short_circuit_operator.py took 0.105 seconds
[2023-06-09T06:27:23.891+0000] {processor.py:157} INFO - Started process (PID=3219) to work on /home/airflow/.local/lib/python3.7/site-packages/airflow/example_dags/example_short_circuit_operator.py
[2023-06-09T06:27:23.893+0000] {processor.py:826} INFO - Processing file /home/airflow/.local/lib/python3.7/site-packages/airflow/example_dags/example_short_circuit_operator.py for tasks to queue
[2023-06-09T06:27:23.893+0000] {logging_mixin.py:149} INFO - [2023-06-09T06:27:23.893+0000] {dagbag.py:541} INFO - Filling up the DagBag from /home/airflow/.local/lib/python3.7/site-packages/airflow/example_dags/example_short_circuit_operator.py
[2023-06-09T06:27:23.903+0000] {processor.py:836} INFO - DAG(s) dict_keys(['example_short_circuit_operator']) retrieved from /home/airflow/.local/lib/python3.7/site-packages/airflow/example_dags/example_short_circuit_operator.py
[2023-06-09T06:27:23.938+0000] {logging_mixin.py:149} INFO - [2023-06-09T06:27:23.938+0000] {dag.py:2726} INFO - Sync 1 DAGs
[2023-06-09T06:27:23.972+0000] {logging_mixin.py:149} INFO - [2023-06-09T06:27:23.972+0000] {dag.py:3490} INFO - Setting next_dagrun for example_short_circuit_operator to 2023-06-08T06:27:23.971963+00:00, run_after=2023-06-09T06:27:23.971963+00:00
[2023-06-09T06:27:23.996+0000] {processor.py:179} INFO - Processing /home/airflow/.local/lib/python3.7/site-packages/airflow/example_dags/example_short_circuit_operator.py took 0.109 seconds
[2023-06-09T06:27:54.299+0000] {processor.py:157} INFO - Started process (PID=3272) to work on /home/airflow/.local/lib/python3.7/site-packages/airflow/example_dags/example_short_circuit_operator.py
[2023-06-09T06:27:54.300+0000] {processor.py:826} INFO - Processing file /home/airflow/.local/lib/python3.7/site-packages/airflow/example_dags/example_short_circuit_operator.py for tasks to queue
[2023-06-09T06:27:54.301+0000] {logging_mixin.py:149} INFO - [2023-06-09T06:27:54.301+0000] {dagbag.py:541} INFO - Filling up the DagBag from /home/airflow/.local/lib/python3.7/site-packages/airflow/example_dags/example_short_circuit_operator.py
[2023-06-09T06:27:54.311+0000] {processor.py:836} INFO - DAG(s) dict_keys(['example_short_circuit_operator']) retrieved from /home/airflow/.local/lib/python3.7/site-packages/airflow/example_dags/example_short_circuit_operator.py
[2023-06-09T06:27:54.343+0000] {logging_mixin.py:149} INFO - [2023-06-09T06:27:54.343+0000] {dag.py:2726} INFO - Sync 1 DAGs
[2023-06-09T06:27:54.378+0000] {logging_mixin.py:149} INFO - [2023-06-09T06:27:54.378+0000] {dag.py:3490} INFO - Setting next_dagrun for example_short_circuit_operator to 2023-06-08T06:27:54.377800+00:00, run_after=2023-06-09T06:27:54.377800+00:00
[2023-06-09T06:27:54.400+0000] {processor.py:179} INFO - Processing /home/airflow/.local/lib/python3.7/site-packages/airflow/example_dags/example_short_circuit_operator.py took 0.106 seconds
[2023-06-09T06:28:24.746+0000] {processor.py:157} INFO - Started process (PID=3326) to work on /home/airflow/.local/lib/python3.7/site-packages/airflow/example_dags/example_short_circuit_operator.py
[2023-06-09T06:28:24.747+0000] {processor.py:826} INFO - Processing file /home/airflow/.local/lib/python3.7/site-packages/airflow/example_dags/example_short_circuit_operator.py for tasks to queue
[2023-06-09T06:28:24.748+0000] {logging_mixin.py:149} INFO - [2023-06-09T06:28:24.748+0000] {dagbag.py:541} INFO - Filling up the DagBag from /home/airflow/.local/lib/python3.7/site-packages/airflow/example_dags/example_short_circuit_operator.py
[2023-06-09T06:28:24.758+0000] {processor.py:836} INFO - DAG(s) dict_keys(['example_short_circuit_operator']) retrieved from /home/airflow/.local/lib/python3.7/site-packages/airflow/example_dags/example_short_circuit_operator.py
[2023-06-09T06:28:24.795+0000] {logging_mixin.py:149} INFO - [2023-06-09T06:28:24.794+0000] {dag.py:2726} INFO - Sync 1 DAGs
[2023-06-09T06:28:24.829+0000] {logging_mixin.py:149} INFO - [2023-06-09T06:28:24.829+0000] {dag.py:3490} INFO - Setting next_dagrun for example_short_circuit_operator to 2023-06-08T06:28:24.829332+00:00, run_after=2023-06-09T06:28:24.829332+00:00
[2023-06-09T06:28:24.852+0000] {processor.py:179} INFO - Processing /home/airflow/.local/lib/python3.7/site-packages/airflow/example_dags/example_short_circuit_operator.py took 0.110 seconds
[2023-06-09T06:28:55.222+0000] {processor.py:157} INFO - Started process (PID=3380) to work on /home/airflow/.local/lib/python3.7/site-packages/airflow/example_dags/example_short_circuit_operator.py
[2023-06-09T06:28:55.223+0000] {processor.py:826} INFO - Processing file /home/airflow/.local/lib/python3.7/site-packages/airflow/example_dags/example_short_circuit_operator.py for tasks to queue
[2023-06-09T06:28:55.225+0000] {logging_mixin.py:149} INFO - [2023-06-09T06:28:55.224+0000] {dagbag.py:541} INFO - Filling up the DagBag from /home/airflow/.local/lib/python3.7/site-packages/airflow/example_dags/example_short_circuit_operator.py
[2023-06-09T06:28:55.235+0000] {processor.py:836} INFO - DAG(s) dict_keys(['example_short_circuit_operator']) retrieved from /home/airflow/.local/lib/python3.7/site-packages/airflow/example_dags/example_short_circuit_operator.py
[2023-06-09T06:28:55.268+0000] {logging_mixin.py:149} INFO - [2023-06-09T06:28:55.268+0000] {dag.py:2726} INFO - Sync 1 DAGs
[2023-06-09T06:28:55.301+0000] {logging_mixin.py:149} INFO - [2023-06-09T06:28:55.301+0000] {dag.py:3490} INFO - Setting next_dagrun for example_short_circuit_operator to 2023-06-08T06:28:55.301488+00:00, run_after=2023-06-09T06:28:55.301488+00:00
[2023-06-09T06:28:55.324+0000] {processor.py:179} INFO - Processing /home/airflow/.local/lib/python3.7/site-packages/airflow/example_dags/example_short_circuit_operator.py took 0.106 seconds
[2023-06-09T06:29:25.416+0000] {processor.py:157} INFO - Started process (PID=3434) to work on /home/airflow/.local/lib/python3.7/site-packages/airflow/example_dags/example_short_circuit_operator.py
[2023-06-09T06:29:25.417+0000] {processor.py:826} INFO - Processing file /home/airflow/.local/lib/python3.7/site-packages/airflow/example_dags/example_short_circuit_operator.py for tasks to queue
[2023-06-09T06:29:25.418+0000] {logging_mixin.py:149} INFO - [2023-06-09T06:29:25.418+0000] {dagbag.py:541} INFO - Filling up the DagBag from /home/airflow/.local/lib/python3.7/site-packages/airflow/example_dags/example_short_circuit_operator.py
[2023-06-09T06:29:25.428+0000] {processor.py:836} INFO - DAG(s) dict_keys(['example_short_circuit_operator']) retrieved from /home/airflow/.local/lib/python3.7/site-packages/airflow/example_dags/example_short_circuit_operator.py
[2023-06-09T06:29:25.463+0000] {logging_mixin.py:149} INFO - [2023-06-09T06:29:25.462+0000] {dag.py:2726} INFO - Sync 1 DAGs
[2023-06-09T06:29:25.498+0000] {logging_mixin.py:149} INFO - [2023-06-09T06:29:25.498+0000] {dag.py:3490} INFO - Setting next_dagrun for example_short_circuit_operator to 2023-06-08T06:29:25.497740+00:00, run_after=2023-06-09T06:29:25.497740+00:00
[2023-06-09T06:29:25.520+0000] {processor.py:179} INFO - Processing /home/airflow/.local/lib/python3.7/site-packages/airflow/example_dags/example_short_circuit_operator.py took 0.108 seconds
[2023-06-09T06:29:55.856+0000] {processor.py:157} INFO - Started process (PID=3487) to work on /home/airflow/.local/lib/python3.7/site-packages/airflow/example_dags/example_short_circuit_operator.py
[2023-06-09T06:29:55.857+0000] {processor.py:826} INFO - Processing file /home/airflow/.local/lib/python3.7/site-packages/airflow/example_dags/example_short_circuit_operator.py for tasks to queue
[2023-06-09T06:29:55.857+0000] {logging_mixin.py:149} INFO - [2023-06-09T06:29:55.857+0000] {dagbag.py:541} INFO - Filling up the DagBag from /home/airflow/.local/lib/python3.7/site-packages/airflow/example_dags/example_short_circuit_operator.py
[2023-06-09T06:29:55.870+0000] {processor.py:836} INFO - DAG(s) dict_keys(['example_short_circuit_operator']) retrieved from /home/airflow/.local/lib/python3.7/site-packages/airflow/example_dags/example_short_circuit_operator.py
[2023-06-09T06:29:55.902+0000] {logging_mixin.py:149} INFO - [2023-06-09T06:29:55.902+0000] {dag.py:2726} INFO - Sync 1 DAGs
[2023-06-09T06:29:55.935+0000] {logging_mixin.py:149} INFO - [2023-06-09T06:29:55.934+0000] {dag.py:3490} INFO - Setting next_dagrun for example_short_circuit_operator to 2023-06-08T06:29:55.934519+00:00, run_after=2023-06-09T06:29:55.934519+00:00
[2023-06-09T06:29:55.956+0000] {processor.py:179} INFO - Processing /home/airflow/.local/lib/python3.7/site-packages/airflow/example_dags/example_short_circuit_operator.py took 0.105 seconds
[2023-06-09T06:30:26.206+0000] {processor.py:157} INFO - Started process (PID=3541) to work on /home/airflow/.local/lib/python3.7/site-packages/airflow/example_dags/example_short_circuit_operator.py
[2023-06-09T06:30:26.208+0000] {processor.py:826} INFO - Processing file /home/airflow/.local/lib/python3.7/site-packages/airflow/example_dags/example_short_circuit_operator.py for tasks to queue
[2023-06-09T06:30:26.208+0000] {logging_mixin.py:149} INFO - [2023-06-09T06:30:26.208+0000] {dagbag.py:541} INFO - Filling up the DagBag from /home/airflow/.local/lib/python3.7/site-packages/airflow/example_dags/example_short_circuit_operator.py
[2023-06-09T06:30:26.220+0000] {processor.py:836} INFO - DAG(s) dict_keys(['example_short_circuit_operator']) retrieved from /home/airflow/.local/lib/python3.7/site-packages/airflow/example_dags/example_short_circuit_operator.py
[2023-06-09T06:30:26.260+0000] {logging_mixin.py:149} INFO - [2023-06-09T06:30:26.260+0000] {dag.py:2726} INFO - Sync 1 DAGs
[2023-06-09T06:30:26.297+0000] {logging_mixin.py:149} INFO - [2023-06-09T06:30:26.297+0000] {dag.py:3490} INFO - Setting next_dagrun for example_short_circuit_operator to 2023-06-08T06:30:26.296753+00:00, run_after=2023-06-09T06:30:26.296753+00:00
[2023-06-09T06:30:26.322+0000] {processor.py:179} INFO - Processing /home/airflow/.local/lib/python3.7/site-packages/airflow/example_dags/example_short_circuit_operator.py took 0.120 seconds
