[2023-06-09T05:57:24.185+0000] {processor.py:157} INFO - Started process (PID=39) to work on /home/airflow/.local/lib/python3.7/site-packages/airflow/example_dags/example_task_group_decorator.py
[2023-06-09T05:57:24.194+0000] {processor.py:826} INFO - Processing file /home/airflow/.local/lib/python3.7/site-packages/airflow/example_dags/example_task_group_decorator.py for tasks to queue
[2023-06-09T05:57:24.195+0000] {logging_mixin.py:149} INFO - [2023-06-09T05:57:24.195+0000] {dagbag.py:541} INFO - Filling up the DagBag from /home/airflow/.local/lib/python3.7/site-packages/airflow/example_dags/example_task_group_decorator.py
[2023-06-09T05:57:24.267+0000] {processor.py:836} INFO - DAG(s) dict_keys(['example_task_group_decorator']) retrieved from /home/airflow/.local/lib/python3.7/site-packages/airflow/example_dags/example_task_group_decorator.py
[2023-06-09T05:57:24.421+0000] {logging_mixin.py:149} INFO - [2023-06-09T05:57:24.421+0000] {dag.py:2726} INFO - Sync 1 DAGs
[2023-06-09T05:57:24.576+0000] {logging_mixin.py:149} INFO - [2023-06-09T05:57:24.575+0000] {dag.py:3490} INFO - Setting next_dagrun for example_task_group_decorator to 2023-06-08T05:57:24.574613+00:00, run_after=2023-06-09T05:57:24.574613+00:00
[2023-06-09T05:57:24.669+0000] {processor.py:179} INFO - Processing /home/airflow/.local/lib/python3.7/site-packages/airflow/example_dags/example_task_group_decorator.py took 0.488 seconds
[2023-06-09T05:57:54.850+0000] {processor.py:157} INFO - Started process (PID=94) to work on /home/airflow/.local/lib/python3.7/site-packages/airflow/example_dags/example_task_group_decorator.py
[2023-06-09T05:57:54.851+0000] {processor.py:826} INFO - Processing file /home/airflow/.local/lib/python3.7/site-packages/airflow/example_dags/example_task_group_decorator.py for tasks to queue
[2023-06-09T05:57:54.852+0000] {logging_mixin.py:149} INFO - [2023-06-09T05:57:54.852+0000] {dagbag.py:541} INFO - Filling up the DagBag from /home/airflow/.local/lib/python3.7/site-packages/airflow/example_dags/example_task_group_decorator.py
[2023-06-09T05:57:54.871+0000] {processor.py:836} INFO - DAG(s) dict_keys(['example_task_group_decorator']) retrieved from /home/airflow/.local/lib/python3.7/site-packages/airflow/example_dags/example_task_group_decorator.py
[2023-06-09T05:57:54.907+0000] {logging_mixin.py:149} INFO - [2023-06-09T05:57:54.906+0000] {dag.py:2726} INFO - Sync 1 DAGs
[2023-06-09T05:57:54.939+0000] {logging_mixin.py:149} INFO - [2023-06-09T05:57:54.939+0000] {dag.py:3490} INFO - Setting next_dagrun for example_task_group_decorator to 2023-06-08T05:57:54.938924+00:00, run_after=2023-06-09T05:57:54.938924+00:00
[2023-06-09T05:57:54.962+0000] {processor.py:179} INFO - Processing /home/airflow/.local/lib/python3.7/site-packages/airflow/example_dags/example_task_group_decorator.py took 0.116 seconds
[2023-06-09T05:58:25.427+0000] {processor.py:157} INFO - Started process (PID=147) to work on /home/airflow/.local/lib/python3.7/site-packages/airflow/example_dags/example_task_group_decorator.py
[2023-06-09T05:58:25.428+0000] {processor.py:826} INFO - Processing file /home/airflow/.local/lib/python3.7/site-packages/airflow/example_dags/example_task_group_decorator.py for tasks to queue
[2023-06-09T05:58:25.429+0000] {logging_mixin.py:149} INFO - [2023-06-09T05:58:25.429+0000] {dagbag.py:541} INFO - Filling up the DagBag from /home/airflow/.local/lib/python3.7/site-packages/airflow/example_dags/example_task_group_decorator.py
[2023-06-09T05:58:25.448+0000] {processor.py:836} INFO - DAG(s) dict_keys(['example_task_group_decorator']) retrieved from /home/airflow/.local/lib/python3.7/site-packages/airflow/example_dags/example_task_group_decorator.py
[2023-06-09T05:58:25.485+0000] {logging_mixin.py:149} INFO - [2023-06-09T05:58:25.485+0000] {dag.py:2726} INFO - Sync 1 DAGs
[2023-06-09T05:58:25.518+0000] {logging_mixin.py:149} INFO - [2023-06-09T05:58:25.518+0000] {dag.py:3490} INFO - Setting next_dagrun for example_task_group_decorator to 2023-06-08T05:58:25.518449+00:00, run_after=2023-06-09T05:58:25.518449+00:00
[2023-06-09T05:58:25.541+0000] {processor.py:179} INFO - Processing /home/airflow/.local/lib/python3.7/site-packages/airflow/example_dags/example_task_group_decorator.py took 0.118 seconds
[2023-06-09T05:58:55.987+0000] {processor.py:157} INFO - Started process (PID=201) to work on /home/airflow/.local/lib/python3.7/site-packages/airflow/example_dags/example_task_group_decorator.py
[2023-06-09T05:58:55.988+0000] {processor.py:826} INFO - Processing file /home/airflow/.local/lib/python3.7/site-packages/airflow/example_dags/example_task_group_decorator.py for tasks to queue
[2023-06-09T05:58:55.989+0000] {logging_mixin.py:149} INFO - [2023-06-09T05:58:55.989+0000] {dagbag.py:541} INFO - Filling up the DagBag from /home/airflow/.local/lib/python3.7/site-packages/airflow/example_dags/example_task_group_decorator.py
[2023-06-09T05:58:56.008+0000] {processor.py:836} INFO - DAG(s) dict_keys(['example_task_group_decorator']) retrieved from /home/airflow/.local/lib/python3.7/site-packages/airflow/example_dags/example_task_group_decorator.py
[2023-06-09T05:58:56.054+0000] {logging_mixin.py:149} INFO - [2023-06-09T05:58:56.053+0000] {dag.py:2726} INFO - Sync 1 DAGs
[2023-06-09T05:58:56.095+0000] {logging_mixin.py:149} INFO - [2023-06-09T05:58:56.095+0000] {dag.py:3490} INFO - Setting next_dagrun for example_task_group_decorator to 2023-06-08T05:58:56.094772+00:00, run_after=2023-06-09T05:58:56.094772+00:00
[2023-06-09T05:58:56.121+0000] {processor.py:179} INFO - Processing /home/airflow/.local/lib/python3.7/site-packages/airflow/example_dags/example_task_group_decorator.py took 0.138 seconds
[2023-06-09T05:59:26.223+0000] {processor.py:157} INFO - Started process (PID=255) to work on /home/airflow/.local/lib/python3.7/site-packages/airflow/example_dags/example_task_group_decorator.py
[2023-06-09T05:59:26.224+0000] {processor.py:826} INFO - Processing file /home/airflow/.local/lib/python3.7/site-packages/airflow/example_dags/example_task_group_decorator.py for tasks to queue
[2023-06-09T05:59:26.225+0000] {logging_mixin.py:149} INFO - [2023-06-09T05:59:26.225+0000] {dagbag.py:541} INFO - Filling up the DagBag from /home/airflow/.local/lib/python3.7/site-packages/airflow/example_dags/example_task_group_decorator.py
[2023-06-09T05:59:26.244+0000] {processor.py:836} INFO - DAG(s) dict_keys(['example_task_group_decorator']) retrieved from /home/airflow/.local/lib/python3.7/site-packages/airflow/example_dags/example_task_group_decorator.py
[2023-06-09T05:59:26.289+0000] {logging_mixin.py:149} INFO - [2023-06-09T05:59:26.289+0000] {dag.py:2726} INFO - Sync 1 DAGs
[2023-06-09T05:59:26.330+0000] {logging_mixin.py:149} INFO - [2023-06-09T05:59:26.329+0000] {dag.py:3490} INFO - Setting next_dagrun for example_task_group_decorator to 2023-06-08T05:59:26.329604+00:00, run_after=2023-06-09T05:59:26.329604+00:00
[2023-06-09T05:59:26.352+0000] {processor.py:179} INFO - Processing /home/airflow/.local/lib/python3.7/site-packages/airflow/example_dags/example_task_group_decorator.py took 0.133 seconds
[2023-06-09T05:59:56.387+0000] {processor.py:157} INFO - Started process (PID=308) to work on /home/airflow/.local/lib/python3.7/site-packages/airflow/example_dags/example_task_group_decorator.py
[2023-06-09T05:59:56.388+0000] {processor.py:826} INFO - Processing file /home/airflow/.local/lib/python3.7/site-packages/airflow/example_dags/example_task_group_decorator.py for tasks to queue
[2023-06-09T05:59:56.389+0000] {logging_mixin.py:149} INFO - [2023-06-09T05:59:56.389+0000] {dagbag.py:541} INFO - Filling up the DagBag from /home/airflow/.local/lib/python3.7/site-packages/airflow/example_dags/example_task_group_decorator.py
[2023-06-09T05:59:56.408+0000] {processor.py:836} INFO - DAG(s) dict_keys(['example_task_group_decorator']) retrieved from /home/airflow/.local/lib/python3.7/site-packages/airflow/example_dags/example_task_group_decorator.py
[2023-06-09T05:59:56.445+0000] {logging_mixin.py:149} INFO - [2023-06-09T05:59:56.445+0000] {dag.py:2726} INFO - Sync 1 DAGs
[2023-06-09T05:59:56.480+0000] {logging_mixin.py:149} INFO - [2023-06-09T05:59:56.480+0000] {dag.py:3490} INFO - Setting next_dagrun for example_task_group_decorator to 2023-06-08T05:59:56.479675+00:00, run_after=2023-06-09T05:59:56.479675+00:00
[2023-06-09T05:59:56.503+0000] {processor.py:179} INFO - Processing /home/airflow/.local/lib/python3.7/site-packages/airflow/example_dags/example_task_group_decorator.py took 0.120 seconds
[2023-06-09T06:00:27.467+0000] {processor.py:157} INFO - Started process (PID=363) to work on /home/airflow/.local/lib/python3.7/site-packages/airflow/example_dags/example_task_group_decorator.py
[2023-06-09T06:00:27.468+0000] {processor.py:826} INFO - Processing file /home/airflow/.local/lib/python3.7/site-packages/airflow/example_dags/example_task_group_decorator.py for tasks to queue
[2023-06-09T06:00:27.470+0000] {logging_mixin.py:149} INFO - [2023-06-09T06:00:27.470+0000] {dagbag.py:541} INFO - Filling up the DagBag from /home/airflow/.local/lib/python3.7/site-packages/airflow/example_dags/example_task_group_decorator.py
[2023-06-09T06:00:27.514+0000] {processor.py:836} INFO - DAG(s) dict_keys(['example_task_group_decorator']) retrieved from /home/airflow/.local/lib/python3.7/site-packages/airflow/example_dags/example_task_group_decorator.py
[2023-06-09T06:00:27.595+0000] {logging_mixin.py:149} INFO - [2023-06-09T06:00:27.595+0000] {dag.py:2726} INFO - Sync 1 DAGs
[2023-06-09T06:00:27.633+0000] {logging_mixin.py:149} INFO - [2023-06-09T06:00:27.633+0000] {dag.py:3490} INFO - Setting next_dagrun for example_task_group_decorator to 2023-06-08T06:00:27.632720+00:00, run_after=2023-06-09T06:00:27.632720+00:00
[2023-06-09T06:00:27.656+0000] {processor.py:179} INFO - Processing /home/airflow/.local/lib/python3.7/site-packages/airflow/example_dags/example_task_group_decorator.py took 0.199 seconds
[2023-06-09T06:00:58.128+0000] {processor.py:157} INFO - Started process (PID=418) to work on /home/airflow/.local/lib/python3.7/site-packages/airflow/example_dags/example_task_group_decorator.py
[2023-06-09T06:00:58.130+0000] {processor.py:826} INFO - Processing file /home/airflow/.local/lib/python3.7/site-packages/airflow/example_dags/example_task_group_decorator.py for tasks to queue
[2023-06-09T06:00:58.131+0000] {logging_mixin.py:149} INFO - [2023-06-09T06:00:58.131+0000] {dagbag.py:541} INFO - Filling up the DagBag from /home/airflow/.local/lib/python3.7/site-packages/airflow/example_dags/example_task_group_decorator.py
[2023-06-09T06:00:58.151+0000] {processor.py:836} INFO - DAG(s) dict_keys(['example_task_group_decorator']) retrieved from /home/airflow/.local/lib/python3.7/site-packages/airflow/example_dags/example_task_group_decorator.py
[2023-06-09T06:00:58.191+0000] {logging_mixin.py:149} INFO - [2023-06-09T06:00:58.190+0000] {dag.py:2726} INFO - Sync 1 DAGs
[2023-06-09T06:00:58.233+0000] {logging_mixin.py:149} INFO - [2023-06-09T06:00:58.233+0000] {dag.py:3490} INFO - Setting next_dagrun for example_task_group_decorator to 2023-06-08T06:00:58.233205+00:00, run_after=2023-06-09T06:00:58.233205+00:00
[2023-06-09T06:00:58.256+0000] {processor.py:179} INFO - Processing /home/airflow/.local/lib/python3.7/site-packages/airflow/example_dags/example_task_group_decorator.py took 0.132 seconds
[2023-06-09T06:01:28.923+0000] {processor.py:157} INFO - Started process (PID=479) to work on /home/airflow/.local/lib/python3.7/site-packages/airflow/example_dags/example_task_group_decorator.py
[2023-06-09T06:01:28.931+0000] {processor.py:826} INFO - Processing file /home/airflow/.local/lib/python3.7/site-packages/airflow/example_dags/example_task_group_decorator.py for tasks to queue
[2023-06-09T06:01:28.933+0000] {logging_mixin.py:149} INFO - [2023-06-09T06:01:28.932+0000] {dagbag.py:541} INFO - Filling up the DagBag from /home/airflow/.local/lib/python3.7/site-packages/airflow/example_dags/example_task_group_decorator.py
[2023-06-09T06:01:28.963+0000] {processor.py:836} INFO - DAG(s) dict_keys(['example_task_group_decorator']) retrieved from /home/airflow/.local/lib/python3.7/site-packages/airflow/example_dags/example_task_group_decorator.py
[2023-06-09T06:01:28.999+0000] {logging_mixin.py:149} INFO - [2023-06-09T06:01:28.999+0000] {dag.py:2726} INFO - Sync 1 DAGs
[2023-06-09T06:01:29.032+0000] {logging_mixin.py:149} INFO - [2023-06-09T06:01:29.032+0000] {dag.py:3490} INFO - Setting next_dagrun for example_task_group_decorator to 2023-06-08T06:01:29.032428+00:00, run_after=2023-06-09T06:01:29.032428+00:00
[2023-06-09T06:01:29.054+0000] {processor.py:179} INFO - Processing /home/airflow/.local/lib/python3.7/site-packages/airflow/example_dags/example_task_group_decorator.py took 0.135 seconds
[2023-06-09T06:02:00.183+0000] {processor.py:157} INFO - Started process (PID=534) to work on /home/airflow/.local/lib/python3.7/site-packages/airflow/example_dags/example_task_group_decorator.py
[2023-06-09T06:02:00.193+0000] {processor.py:826} INFO - Processing file /home/airflow/.local/lib/python3.7/site-packages/airflow/example_dags/example_task_group_decorator.py for tasks to queue
[2023-06-09T06:02:00.194+0000] {logging_mixin.py:149} INFO - [2023-06-09T06:02:00.194+0000] {dagbag.py:541} INFO - Filling up the DagBag from /home/airflow/.local/lib/python3.7/site-packages/airflow/example_dags/example_task_group_decorator.py
[2023-06-09T06:02:00.230+0000] {processor.py:836} INFO - DAG(s) dict_keys(['example_task_group_decorator']) retrieved from /home/airflow/.local/lib/python3.7/site-packages/airflow/example_dags/example_task_group_decorator.py
[2023-06-09T06:02:00.276+0000] {logging_mixin.py:149} INFO - [2023-06-09T06:02:00.276+0000] {dag.py:2726} INFO - Sync 1 DAGs
[2023-06-09T06:02:00.328+0000] {logging_mixin.py:149} INFO - [2023-06-09T06:02:00.327+0000] {dag.py:3490} INFO - Setting next_dagrun for example_task_group_decorator to 2023-06-08T06:02:00.327409+00:00, run_after=2023-06-09T06:02:00.327409+00:00
[2023-06-09T06:02:00.415+0000] {processor.py:179} INFO - Processing /home/airflow/.local/lib/python3.7/site-packages/airflow/example_dags/example_task_group_decorator.py took 0.240 seconds
[2023-06-09T06:02:30.961+0000] {processor.py:157} INFO - Started process (PID=589) to work on /home/airflow/.local/lib/python3.7/site-packages/airflow/example_dags/example_task_group_decorator.py
[2023-06-09T06:02:30.969+0000] {processor.py:826} INFO - Processing file /home/airflow/.local/lib/python3.7/site-packages/airflow/example_dags/example_task_group_decorator.py for tasks to queue
[2023-06-09T06:02:30.969+0000] {logging_mixin.py:149} INFO - [2023-06-09T06:02:30.969+0000] {dagbag.py:541} INFO - Filling up the DagBag from /home/airflow/.local/lib/python3.7/site-packages/airflow/example_dags/example_task_group_decorator.py
[2023-06-09T06:02:30.992+0000] {processor.py:836} INFO - DAG(s) dict_keys(['example_task_group_decorator']) retrieved from /home/airflow/.local/lib/python3.7/site-packages/airflow/example_dags/example_task_group_decorator.py
[2023-06-09T06:02:31.036+0000] {logging_mixin.py:149} INFO - [2023-06-09T06:02:31.035+0000] {dag.py:2726} INFO - Sync 1 DAGs
[2023-06-09T06:02:31.070+0000] {logging_mixin.py:149} INFO - [2023-06-09T06:02:31.069+0000] {dag.py:3490} INFO - Setting next_dagrun for example_task_group_decorator to 2023-06-08T06:02:31.069631+00:00, run_after=2023-06-09T06:02:31.069631+00:00
[2023-06-09T06:02:31.093+0000] {processor.py:179} INFO - Processing /home/airflow/.local/lib/python3.7/site-packages/airflow/example_dags/example_task_group_decorator.py took 0.136 seconds
[2023-06-09T06:03:01.701+0000] {processor.py:157} INFO - Started process (PID=642) to work on /home/airflow/.local/lib/python3.7/site-packages/airflow/example_dags/example_task_group_decorator.py
[2023-06-09T06:03:01.703+0000] {processor.py:826} INFO - Processing file /home/airflow/.local/lib/python3.7/site-packages/airflow/example_dags/example_task_group_decorator.py for tasks to queue
[2023-06-09T06:03:01.704+0000] {logging_mixin.py:149} INFO - [2023-06-09T06:03:01.704+0000] {dagbag.py:541} INFO - Filling up the DagBag from /home/airflow/.local/lib/python3.7/site-packages/airflow/example_dags/example_task_group_decorator.py
[2023-06-09T06:03:01.725+0000] {processor.py:836} INFO - DAG(s) dict_keys(['example_task_group_decorator']) retrieved from /home/airflow/.local/lib/python3.7/site-packages/airflow/example_dags/example_task_group_decorator.py
[2023-06-09T06:03:01.760+0000] {logging_mixin.py:149} INFO - [2023-06-09T06:03:01.760+0000] {dag.py:2726} INFO - Sync 1 DAGs
[2023-06-09T06:03:01.793+0000] {logging_mixin.py:149} INFO - [2023-06-09T06:03:01.793+0000] {dag.py:3490} INFO - Setting next_dagrun for example_task_group_decorator to 2023-06-08T06:03:01.792856+00:00, run_after=2023-06-09T06:03:01.792856+00:00
[2023-06-09T06:03:01.823+0000] {processor.py:179} INFO - Processing /home/airflow/.local/lib/python3.7/site-packages/airflow/example_dags/example_task_group_decorator.py took 0.134 seconds
[2023-06-09T06:03:32.281+0000] {processor.py:157} INFO - Started process (PID=696) to work on /home/airflow/.local/lib/python3.7/site-packages/airflow/example_dags/example_task_group_decorator.py
[2023-06-09T06:03:32.283+0000] {processor.py:826} INFO - Processing file /home/airflow/.local/lib/python3.7/site-packages/airflow/example_dags/example_task_group_decorator.py for tasks to queue
[2023-06-09T06:03:32.283+0000] {logging_mixin.py:149} INFO - [2023-06-09T06:03:32.283+0000] {dagbag.py:541} INFO - Filling up the DagBag from /home/airflow/.local/lib/python3.7/site-packages/airflow/example_dags/example_task_group_decorator.py
[2023-06-09T06:03:32.302+0000] {processor.py:836} INFO - DAG(s) dict_keys(['example_task_group_decorator']) retrieved from /home/airflow/.local/lib/python3.7/site-packages/airflow/example_dags/example_task_group_decorator.py
[2023-06-09T06:03:32.337+0000] {logging_mixin.py:149} INFO - [2023-06-09T06:03:32.337+0000] {dag.py:2726} INFO - Sync 1 DAGs
[2023-06-09T06:03:32.374+0000] {logging_mixin.py:149} INFO - [2023-06-09T06:03:32.374+0000] {dag.py:3490} INFO - Setting next_dagrun for example_task_group_decorator to 2023-06-08T06:03:32.373834+00:00, run_after=2023-06-09T06:03:32.373834+00:00
[2023-06-09T06:03:32.396+0000] {processor.py:179} INFO - Processing /home/airflow/.local/lib/python3.7/site-packages/airflow/example_dags/example_task_group_decorator.py took 0.119 seconds
[2023-06-09T06:04:02.793+0000] {processor.py:157} INFO - Started process (PID=749) to work on /home/airflow/.local/lib/python3.7/site-packages/airflow/example_dags/example_task_group_decorator.py
[2023-06-09T06:04:02.795+0000] {processor.py:826} INFO - Processing file /home/airflow/.local/lib/python3.7/site-packages/airflow/example_dags/example_task_group_decorator.py for tasks to queue
[2023-06-09T06:04:02.795+0000] {logging_mixin.py:149} INFO - [2023-06-09T06:04:02.795+0000] {dagbag.py:541} INFO - Filling up the DagBag from /home/airflow/.local/lib/python3.7/site-packages/airflow/example_dags/example_task_group_decorator.py
[2023-06-09T06:04:02.814+0000] {processor.py:836} INFO - DAG(s) dict_keys(['example_task_group_decorator']) retrieved from /home/airflow/.local/lib/python3.7/site-packages/airflow/example_dags/example_task_group_decorator.py
[2023-06-09T06:04:02.850+0000] {logging_mixin.py:149} INFO - [2023-06-09T06:04:02.850+0000] {dag.py:2726} INFO - Sync 1 DAGs
[2023-06-09T06:04:02.885+0000] {logging_mixin.py:149} INFO - [2023-06-09T06:04:02.885+0000] {dag.py:3490} INFO - Setting next_dagrun for example_task_group_decorator to 2023-06-08T06:04:02.884782+00:00, run_after=2023-06-09T06:04:02.884782+00:00
[2023-06-09T06:04:02.908+0000] {processor.py:179} INFO - Processing /home/airflow/.local/lib/python3.7/site-packages/airflow/example_dags/example_task_group_decorator.py took 0.119 seconds
[2023-06-09T06:04:32.968+0000] {processor.py:157} INFO - Started process (PID=801) to work on /home/airflow/.local/lib/python3.7/site-packages/airflow/example_dags/example_task_group_decorator.py
[2023-06-09T06:04:32.971+0000] {processor.py:826} INFO - Processing file /home/airflow/.local/lib/python3.7/site-packages/airflow/example_dags/example_task_group_decorator.py for tasks to queue
[2023-06-09T06:04:32.972+0000] {logging_mixin.py:149} INFO - [2023-06-09T06:04:32.972+0000] {dagbag.py:541} INFO - Filling up the DagBag from /home/airflow/.local/lib/python3.7/site-packages/airflow/example_dags/example_task_group_decorator.py
[2023-06-09T06:04:32.990+0000] {processor.py:836} INFO - DAG(s) dict_keys(['example_task_group_decorator']) retrieved from /home/airflow/.local/lib/python3.7/site-packages/airflow/example_dags/example_task_group_decorator.py
[2023-06-09T06:04:33.028+0000] {logging_mixin.py:149} INFO - [2023-06-09T06:04:33.028+0000] {dag.py:2726} INFO - Sync 1 DAGs
[2023-06-09T06:04:33.062+0000] {logging_mixin.py:149} INFO - [2023-06-09T06:04:33.062+0000] {dag.py:3490} INFO - Setting next_dagrun for example_task_group_decorator to 2023-06-08T06:04:33.061909+00:00, run_after=2023-06-09T06:04:33.061909+00:00
[2023-06-09T06:04:33.085+0000] {processor.py:179} INFO - Processing /home/airflow/.local/lib/python3.7/site-packages/airflow/example_dags/example_task_group_decorator.py took 0.122 seconds
[2023-06-09T06:05:03.245+0000] {processor.py:157} INFO - Started process (PID=855) to work on /home/airflow/.local/lib/python3.7/site-packages/airflow/example_dags/example_task_group_decorator.py
[2023-06-09T06:05:03.248+0000] {processor.py:826} INFO - Processing file /home/airflow/.local/lib/python3.7/site-packages/airflow/example_dags/example_task_group_decorator.py for tasks to queue
[2023-06-09T06:05:03.249+0000] {logging_mixin.py:149} INFO - [2023-06-09T06:05:03.248+0000] {dagbag.py:541} INFO - Filling up the DagBag from /home/airflow/.local/lib/python3.7/site-packages/airflow/example_dags/example_task_group_decorator.py
[2023-06-09T06:05:03.271+0000] {processor.py:836} INFO - DAG(s) dict_keys(['example_task_group_decorator']) retrieved from /home/airflow/.local/lib/python3.7/site-packages/airflow/example_dags/example_task_group_decorator.py
[2023-06-09T06:05:03.307+0000] {logging_mixin.py:149} INFO - [2023-06-09T06:05:03.307+0000] {dag.py:2726} INFO - Sync 1 DAGs
[2023-06-09T06:05:03.342+0000] {logging_mixin.py:149} INFO - [2023-06-09T06:05:03.342+0000] {dag.py:3490} INFO - Setting next_dagrun for example_task_group_decorator to 2023-06-08T06:05:03.341872+00:00, run_after=2023-06-09T06:05:03.341872+00:00
[2023-06-09T06:05:03.369+0000] {processor.py:179} INFO - Processing /home/airflow/.local/lib/python3.7/site-packages/airflow/example_dags/example_task_group_decorator.py took 0.128 seconds
[2023-06-09T06:05:34.098+0000] {processor.py:157} INFO - Started process (PID=910) to work on /home/airflow/.local/lib/python3.7/site-packages/airflow/example_dags/example_task_group_decorator.py
[2023-06-09T06:05:34.099+0000] {processor.py:826} INFO - Processing file /home/airflow/.local/lib/python3.7/site-packages/airflow/example_dags/example_task_group_decorator.py for tasks to queue
[2023-06-09T06:05:34.100+0000] {logging_mixin.py:149} INFO - [2023-06-09T06:05:34.100+0000] {dagbag.py:541} INFO - Filling up the DagBag from /home/airflow/.local/lib/python3.7/site-packages/airflow/example_dags/example_task_group_decorator.py
[2023-06-09T06:05:34.118+0000] {processor.py:836} INFO - DAG(s) dict_keys(['example_task_group_decorator']) retrieved from /home/airflow/.local/lib/python3.7/site-packages/airflow/example_dags/example_task_group_decorator.py
[2023-06-09T06:05:34.154+0000] {logging_mixin.py:149} INFO - [2023-06-09T06:05:34.154+0000] {dag.py:2726} INFO - Sync 1 DAGs
[2023-06-09T06:05:34.191+0000] {logging_mixin.py:149} INFO - [2023-06-09T06:05:34.191+0000] {dag.py:3490} INFO - Setting next_dagrun for example_task_group_decorator to 2023-06-08T06:05:34.190842+00:00, run_after=2023-06-09T06:05:34.190842+00:00
[2023-06-09T06:05:34.214+0000] {processor.py:179} INFO - Processing /home/airflow/.local/lib/python3.7/site-packages/airflow/example_dags/example_task_group_decorator.py took 0.120 seconds
[2023-06-09T06:06:04.761+0000] {processor.py:157} INFO - Started process (PID=963) to work on /home/airflow/.local/lib/python3.7/site-packages/airflow/example_dags/example_task_group_decorator.py
[2023-06-09T06:06:04.765+0000] {processor.py:826} INFO - Processing file /home/airflow/.local/lib/python3.7/site-packages/airflow/example_dags/example_task_group_decorator.py for tasks to queue
[2023-06-09T06:06:04.766+0000] {logging_mixin.py:149} INFO - [2023-06-09T06:06:04.766+0000] {dagbag.py:541} INFO - Filling up the DagBag from /home/airflow/.local/lib/python3.7/site-packages/airflow/example_dags/example_task_group_decorator.py
[2023-06-09T06:06:04.785+0000] {processor.py:836} INFO - DAG(s) dict_keys(['example_task_group_decorator']) retrieved from /home/airflow/.local/lib/python3.7/site-packages/airflow/example_dags/example_task_group_decorator.py
[2023-06-09T06:06:04.821+0000] {logging_mixin.py:149} INFO - [2023-06-09T06:06:04.821+0000] {dag.py:2726} INFO - Sync 1 DAGs
[2023-06-09T06:06:04.866+0000] {logging_mixin.py:149} INFO - [2023-06-09T06:06:04.866+0000] {dag.py:3490} INFO - Setting next_dagrun for example_task_group_decorator to 2023-06-08T06:06:04.865744+00:00, run_after=2023-06-09T06:06:04.865744+00:00
[2023-06-09T06:06:04.890+0000] {processor.py:179} INFO - Processing /home/airflow/.local/lib/python3.7/site-packages/airflow/example_dags/example_task_group_decorator.py took 0.132 seconds
[2023-06-09T06:06:35.376+0000] {processor.py:157} INFO - Started process (PID=1016) to work on /home/airflow/.local/lib/python3.7/site-packages/airflow/example_dags/example_task_group_decorator.py
[2023-06-09T06:06:35.377+0000] {processor.py:826} INFO - Processing file /home/airflow/.local/lib/python3.7/site-packages/airflow/example_dags/example_task_group_decorator.py for tasks to queue
[2023-06-09T06:06:35.378+0000] {logging_mixin.py:149} INFO - [2023-06-09T06:06:35.377+0000] {dagbag.py:541} INFO - Filling up the DagBag from /home/airflow/.local/lib/python3.7/site-packages/airflow/example_dags/example_task_group_decorator.py
[2023-06-09T06:06:35.396+0000] {processor.py:836} INFO - DAG(s) dict_keys(['example_task_group_decorator']) retrieved from /home/airflow/.local/lib/python3.7/site-packages/airflow/example_dags/example_task_group_decorator.py
[2023-06-09T06:06:35.431+0000] {logging_mixin.py:149} INFO - [2023-06-09T06:06:35.430+0000] {dag.py:2726} INFO - Sync 1 DAGs
[2023-06-09T06:06:35.473+0000] {logging_mixin.py:149} INFO - [2023-06-09T06:06:35.472+0000] {dag.py:3490} INFO - Setting next_dagrun for example_task_group_decorator to 2023-06-08T06:06:35.472508+00:00, run_after=2023-06-09T06:06:35.472508+00:00
[2023-06-09T06:06:35.496+0000] {processor.py:179} INFO - Processing /home/airflow/.local/lib/python3.7/site-packages/airflow/example_dags/example_task_group_decorator.py took 0.124 seconds
[2023-06-09T06:07:05.829+0000] {processor.py:157} INFO - Started process (PID=1071) to work on /home/airflow/.local/lib/python3.7/site-packages/airflow/example_dags/example_task_group_decorator.py
[2023-06-09T06:07:05.830+0000] {processor.py:826} INFO - Processing file /home/airflow/.local/lib/python3.7/site-packages/airflow/example_dags/example_task_group_decorator.py for tasks to queue
[2023-06-09T06:07:05.831+0000] {logging_mixin.py:149} INFO - [2023-06-09T06:07:05.831+0000] {dagbag.py:541} INFO - Filling up the DagBag from /home/airflow/.local/lib/python3.7/site-packages/airflow/example_dags/example_task_group_decorator.py
[2023-06-09T06:07:05.850+0000] {processor.py:836} INFO - DAG(s) dict_keys(['example_task_group_decorator']) retrieved from /home/airflow/.local/lib/python3.7/site-packages/airflow/example_dags/example_task_group_decorator.py
[2023-06-09T06:07:05.892+0000] {logging_mixin.py:149} INFO - [2023-06-09T06:07:05.891+0000] {dag.py:2726} INFO - Sync 1 DAGs
[2023-06-09T06:07:05.934+0000] {logging_mixin.py:149} INFO - [2023-06-09T06:07:05.934+0000] {dag.py:3490} INFO - Setting next_dagrun for example_task_group_decorator to 2023-06-08T06:07:05.934409+00:00, run_after=2023-06-09T06:07:05.934409+00:00
[2023-06-09T06:07:05.957+0000] {processor.py:179} INFO - Processing /home/airflow/.local/lib/python3.7/site-packages/airflow/example_dags/example_task_group_decorator.py took 0.132 seconds
[2023-06-09T06:07:36.382+0000] {processor.py:157} INFO - Started process (PID=1125) to work on /home/airflow/.local/lib/python3.7/site-packages/airflow/example_dags/example_task_group_decorator.py
[2023-06-09T06:07:36.383+0000] {processor.py:826} INFO - Processing file /home/airflow/.local/lib/python3.7/site-packages/airflow/example_dags/example_task_group_decorator.py for tasks to queue
[2023-06-09T06:07:36.384+0000] {logging_mixin.py:149} INFO - [2023-06-09T06:07:36.384+0000] {dagbag.py:541} INFO - Filling up the DagBag from /home/airflow/.local/lib/python3.7/site-packages/airflow/example_dags/example_task_group_decorator.py
[2023-06-09T06:07:36.402+0000] {processor.py:836} INFO - DAG(s) dict_keys(['example_task_group_decorator']) retrieved from /home/airflow/.local/lib/python3.7/site-packages/airflow/example_dags/example_task_group_decorator.py
[2023-06-09T06:07:36.438+0000] {logging_mixin.py:149} INFO - [2023-06-09T06:07:36.438+0000] {dag.py:2726} INFO - Sync 1 DAGs
[2023-06-09T06:07:36.476+0000] {logging_mixin.py:149} INFO - [2023-06-09T06:07:36.476+0000] {dag.py:3490} INFO - Setting next_dagrun for example_task_group_decorator to 2023-06-08T06:07:36.476073+00:00, run_after=2023-06-09T06:07:36.476073+00:00
[2023-06-09T06:07:36.517+0000] {processor.py:179} INFO - Processing /home/airflow/.local/lib/python3.7/site-packages/airflow/example_dags/example_task_group_decorator.py took 0.138 seconds
[2023-06-09T06:08:07.011+0000] {processor.py:157} INFO - Started process (PID=1178) to work on /home/airflow/.local/lib/python3.7/site-packages/airflow/example_dags/example_task_group_decorator.py
[2023-06-09T06:08:07.028+0000] {processor.py:826} INFO - Processing file /home/airflow/.local/lib/python3.7/site-packages/airflow/example_dags/example_task_group_decorator.py for tasks to queue
[2023-06-09T06:08:07.029+0000] {logging_mixin.py:149} INFO - [2023-06-09T06:08:07.029+0000] {dagbag.py:541} INFO - Filling up the DagBag from /home/airflow/.local/lib/python3.7/site-packages/airflow/example_dags/example_task_group_decorator.py
[2023-06-09T06:08:07.064+0000] {processor.py:836} INFO - DAG(s) dict_keys(['example_task_group_decorator']) retrieved from /home/airflow/.local/lib/python3.7/site-packages/airflow/example_dags/example_task_group_decorator.py
[2023-06-09T06:08:07.140+0000] {logging_mixin.py:149} INFO - [2023-06-09T06:08:07.140+0000] {dag.py:2726} INFO - Sync 1 DAGs
[2023-06-09T06:08:07.202+0000] {logging_mixin.py:149} INFO - [2023-06-09T06:08:07.202+0000] {dag.py:3490} INFO - Setting next_dagrun for example_task_group_decorator to 2023-06-08T06:08:07.200829+00:00, run_after=2023-06-09T06:08:07.200829+00:00
[2023-06-09T06:08:07.254+0000] {processor.py:179} INFO - Processing /home/airflow/.local/lib/python3.7/site-packages/airflow/example_dags/example_task_group_decorator.py took 0.246 seconds
[2023-06-09T06:08:38.164+0000] {processor.py:157} INFO - Started process (PID=1232) to work on /home/airflow/.local/lib/python3.7/site-packages/airflow/example_dags/example_task_group_decorator.py
[2023-06-09T06:08:38.165+0000] {processor.py:826} INFO - Processing file /home/airflow/.local/lib/python3.7/site-packages/airflow/example_dags/example_task_group_decorator.py for tasks to queue
[2023-06-09T06:08:38.168+0000] {logging_mixin.py:149} INFO - [2023-06-09T06:08:38.168+0000] {dagbag.py:541} INFO - Filling up the DagBag from /home/airflow/.local/lib/python3.7/site-packages/airflow/example_dags/example_task_group_decorator.py
[2023-06-09T06:08:38.204+0000] {processor.py:836} INFO - DAG(s) dict_keys(['example_task_group_decorator']) retrieved from /home/airflow/.local/lib/python3.7/site-packages/airflow/example_dags/example_task_group_decorator.py
[2023-06-09T06:08:38.273+0000] {logging_mixin.py:149} INFO - [2023-06-09T06:08:38.273+0000] {dag.py:2726} INFO - Sync 1 DAGs
[2023-06-09T06:08:38.323+0000] {logging_mixin.py:149} INFO - [2023-06-09T06:08:38.323+0000] {dag.py:3490} INFO - Setting next_dagrun for example_task_group_decorator to 2023-06-08T06:08:38.322941+00:00, run_after=2023-06-09T06:08:38.322941+00:00
[2023-06-09T06:08:38.371+0000] {processor.py:179} INFO - Processing /home/airflow/.local/lib/python3.7/site-packages/airflow/example_dags/example_task_group_decorator.py took 0.215 seconds
[2023-06-09T06:09:08.398+0000] {processor.py:157} INFO - Started process (PID=1284) to work on /home/airflow/.local/lib/python3.7/site-packages/airflow/example_dags/example_task_group_decorator.py
[2023-06-09T06:09:08.399+0000] {processor.py:826} INFO - Processing file /home/airflow/.local/lib/python3.7/site-packages/airflow/example_dags/example_task_group_decorator.py for tasks to queue
[2023-06-09T06:09:08.400+0000] {logging_mixin.py:149} INFO - [2023-06-09T06:09:08.400+0000] {dagbag.py:541} INFO - Filling up the DagBag from /home/airflow/.local/lib/python3.7/site-packages/airflow/example_dags/example_task_group_decorator.py
[2023-06-09T06:09:08.419+0000] {processor.py:836} INFO - DAG(s) dict_keys(['example_task_group_decorator']) retrieved from /home/airflow/.local/lib/python3.7/site-packages/airflow/example_dags/example_task_group_decorator.py
[2023-06-09T06:09:08.456+0000] {logging_mixin.py:149} INFO - [2023-06-09T06:09:08.455+0000] {dag.py:2726} INFO - Sync 1 DAGs
[2023-06-09T06:09:08.489+0000] {logging_mixin.py:149} INFO - [2023-06-09T06:09:08.489+0000] {dag.py:3490} INFO - Setting next_dagrun for example_task_group_decorator to 2023-06-08T06:09:08.488930+00:00, run_after=2023-06-09T06:09:08.488930+00:00
[2023-06-09T06:09:08.513+0000] {processor.py:179} INFO - Processing /home/airflow/.local/lib/python3.7/site-packages/airflow/example_dags/example_task_group_decorator.py took 0.120 seconds
[2023-06-09T06:09:38.722+0000] {processor.py:157} INFO - Started process (PID=1339) to work on /home/airflow/.local/lib/python3.7/site-packages/airflow/example_dags/example_task_group_decorator.py
[2023-06-09T06:09:38.722+0000] {processor.py:826} INFO - Processing file /home/airflow/.local/lib/python3.7/site-packages/airflow/example_dags/example_task_group_decorator.py for tasks to queue
[2023-06-09T06:09:38.723+0000] {logging_mixin.py:149} INFO - [2023-06-09T06:09:38.723+0000] {dagbag.py:541} INFO - Filling up the DagBag from /home/airflow/.local/lib/python3.7/site-packages/airflow/example_dags/example_task_group_decorator.py
[2023-06-09T06:09:38.742+0000] {processor.py:836} INFO - DAG(s) dict_keys(['example_task_group_decorator']) retrieved from /home/airflow/.local/lib/python3.7/site-packages/airflow/example_dags/example_task_group_decorator.py
[2023-06-09T06:09:38.777+0000] {logging_mixin.py:149} INFO - [2023-06-09T06:09:38.777+0000] {dag.py:2726} INFO - Sync 1 DAGs
[2023-06-09T06:09:38.815+0000] {logging_mixin.py:149} INFO - [2023-06-09T06:09:38.815+0000] {dag.py:3490} INFO - Setting next_dagrun for example_task_group_decorator to 2023-06-08T06:09:38.815135+00:00, run_after=2023-06-09T06:09:38.815135+00:00
[2023-06-09T06:09:38.840+0000] {processor.py:179} INFO - Processing /home/airflow/.local/lib/python3.7/site-packages/airflow/example_dags/example_task_group_decorator.py took 0.122 seconds
[2023-06-09T06:10:08.977+0000] {processor.py:157} INFO - Started process (PID=1393) to work on /home/airflow/.local/lib/python3.7/site-packages/airflow/example_dags/example_task_group_decorator.py
[2023-06-09T06:10:08.979+0000] {processor.py:826} INFO - Processing file /home/airflow/.local/lib/python3.7/site-packages/airflow/example_dags/example_task_group_decorator.py for tasks to queue
[2023-06-09T06:10:08.979+0000] {logging_mixin.py:149} INFO - [2023-06-09T06:10:08.979+0000] {dagbag.py:541} INFO - Filling up the DagBag from /home/airflow/.local/lib/python3.7/site-packages/airflow/example_dags/example_task_group_decorator.py
[2023-06-09T06:10:09.009+0000] {processor.py:836} INFO - DAG(s) dict_keys(['example_task_group_decorator']) retrieved from /home/airflow/.local/lib/python3.7/site-packages/airflow/example_dags/example_task_group_decorator.py
[2023-06-09T06:10:09.043+0000] {logging_mixin.py:149} INFO - [2023-06-09T06:10:09.043+0000] {dag.py:2726} INFO - Sync 1 DAGs
[2023-06-09T06:10:09.077+0000] {logging_mixin.py:149} INFO - [2023-06-09T06:10:09.077+0000] {dag.py:3490} INFO - Setting next_dagrun for example_task_group_decorator to 2023-06-08T06:10:09.077333+00:00, run_after=2023-06-09T06:10:09.077333+00:00
[2023-06-09T06:10:09.101+0000] {processor.py:179} INFO - Processing /home/airflow/.local/lib/python3.7/site-packages/airflow/example_dags/example_task_group_decorator.py took 0.129 seconds
[2023-06-09T06:10:39.666+0000] {processor.py:157} INFO - Started process (PID=1447) to work on /home/airflow/.local/lib/python3.7/site-packages/airflow/example_dags/example_task_group_decorator.py
[2023-06-09T06:10:39.667+0000] {processor.py:826} INFO - Processing file /home/airflow/.local/lib/python3.7/site-packages/airflow/example_dags/example_task_group_decorator.py for tasks to queue
[2023-06-09T06:10:39.668+0000] {logging_mixin.py:149} INFO - [2023-06-09T06:10:39.668+0000] {dagbag.py:541} INFO - Filling up the DagBag from /home/airflow/.local/lib/python3.7/site-packages/airflow/example_dags/example_task_group_decorator.py
[2023-06-09T06:10:39.686+0000] {processor.py:836} INFO - DAG(s) dict_keys(['example_task_group_decorator']) retrieved from /home/airflow/.local/lib/python3.7/site-packages/airflow/example_dags/example_task_group_decorator.py
[2023-06-09T06:10:39.722+0000] {logging_mixin.py:149} INFO - [2023-06-09T06:10:39.722+0000] {dag.py:2726} INFO - Sync 1 DAGs
[2023-06-09T06:10:39.758+0000] {logging_mixin.py:149} INFO - [2023-06-09T06:10:39.758+0000] {dag.py:3490} INFO - Setting next_dagrun for example_task_group_decorator to 2023-06-08T06:10:39.758173+00:00, run_after=2023-06-09T06:10:39.758173+00:00
[2023-06-09T06:10:39.782+0000] {processor.py:179} INFO - Processing /home/airflow/.local/lib/python3.7/site-packages/airflow/example_dags/example_task_group_decorator.py took 0.120 seconds
[2023-06-09T06:11:10.051+0000] {processor.py:157} INFO - Started process (PID=1500) to work on /home/airflow/.local/lib/python3.7/site-packages/airflow/example_dags/example_task_group_decorator.py
[2023-06-09T06:11:10.053+0000] {processor.py:826} INFO - Processing file /home/airflow/.local/lib/python3.7/site-packages/airflow/example_dags/example_task_group_decorator.py for tasks to queue
[2023-06-09T06:11:10.054+0000] {logging_mixin.py:149} INFO - [2023-06-09T06:11:10.054+0000] {dagbag.py:541} INFO - Filling up the DagBag from /home/airflow/.local/lib/python3.7/site-packages/airflow/example_dags/example_task_group_decorator.py
[2023-06-09T06:11:10.084+0000] {processor.py:836} INFO - DAG(s) dict_keys(['example_task_group_decorator']) retrieved from /home/airflow/.local/lib/python3.7/site-packages/airflow/example_dags/example_task_group_decorator.py
[2023-06-09T06:11:10.133+0000] {logging_mixin.py:149} INFO - [2023-06-09T06:11:10.133+0000] {dag.py:2726} INFO - Sync 1 DAGs
[2023-06-09T06:11:10.173+0000] {logging_mixin.py:149} INFO - [2023-06-09T06:11:10.173+0000] {dag.py:3490} INFO - Setting next_dagrun for example_task_group_decorator to 2023-06-08T06:11:10.173041+00:00, run_after=2023-06-09T06:11:10.173041+00:00
[2023-06-09T06:11:10.196+0000] {processor.py:179} INFO - Processing /home/airflow/.local/lib/python3.7/site-packages/airflow/example_dags/example_task_group_decorator.py took 0.149 seconds
[2023-06-09T06:11:40.665+0000] {processor.py:157} INFO - Started process (PID=1554) to work on /home/airflow/.local/lib/python3.7/site-packages/airflow/example_dags/example_task_group_decorator.py
[2023-06-09T06:11:40.666+0000] {processor.py:826} INFO - Processing file /home/airflow/.local/lib/python3.7/site-packages/airflow/example_dags/example_task_group_decorator.py for tasks to queue
[2023-06-09T06:11:40.667+0000] {logging_mixin.py:149} INFO - [2023-06-09T06:11:40.667+0000] {dagbag.py:541} INFO - Filling up the DagBag from /home/airflow/.local/lib/python3.7/site-packages/airflow/example_dags/example_task_group_decorator.py
[2023-06-09T06:11:40.685+0000] {processor.py:836} INFO - DAG(s) dict_keys(['example_task_group_decorator']) retrieved from /home/airflow/.local/lib/python3.7/site-packages/airflow/example_dags/example_task_group_decorator.py
[2023-06-09T06:11:40.721+0000] {logging_mixin.py:149} INFO - [2023-06-09T06:11:40.721+0000] {dag.py:2726} INFO - Sync 1 DAGs
[2023-06-09T06:11:40.758+0000] {logging_mixin.py:149} INFO - [2023-06-09T06:11:40.758+0000] {dag.py:3490} INFO - Setting next_dagrun for example_task_group_decorator to 2023-06-08T06:11:40.758208+00:00, run_after=2023-06-09T06:11:40.758208+00:00
[2023-06-09T06:11:40.782+0000] {processor.py:179} INFO - Processing /home/airflow/.local/lib/python3.7/site-packages/airflow/example_dags/example_task_group_decorator.py took 0.121 seconds
[2023-06-09T06:12:10.948+0000] {processor.py:157} INFO - Started process (PID=1609) to work on /home/airflow/.local/lib/python3.7/site-packages/airflow/example_dags/example_task_group_decorator.py
[2023-06-09T06:12:10.950+0000] {processor.py:826} INFO - Processing file /home/airflow/.local/lib/python3.7/site-packages/airflow/example_dags/example_task_group_decorator.py for tasks to queue
[2023-06-09T06:12:10.951+0000] {logging_mixin.py:149} INFO - [2023-06-09T06:12:10.951+0000] {dagbag.py:541} INFO - Filling up the DagBag from /home/airflow/.local/lib/python3.7/site-packages/airflow/example_dags/example_task_group_decorator.py
[2023-06-09T06:12:10.969+0000] {processor.py:836} INFO - DAG(s) dict_keys(['example_task_group_decorator']) retrieved from /home/airflow/.local/lib/python3.7/site-packages/airflow/example_dags/example_task_group_decorator.py
[2023-06-09T06:12:11.005+0000] {logging_mixin.py:149} INFO - [2023-06-09T06:12:11.005+0000] {dag.py:2726} INFO - Sync 1 DAGs
[2023-06-09T06:12:11.048+0000] {logging_mixin.py:149} INFO - [2023-06-09T06:12:11.048+0000] {dag.py:3490} INFO - Setting next_dagrun for example_task_group_decorator to 2023-06-08T06:12:11.048288+00:00, run_after=2023-06-09T06:12:11.048288+00:00
[2023-06-09T06:12:11.072+0000] {processor.py:179} INFO - Processing /home/airflow/.local/lib/python3.7/site-packages/airflow/example_dags/example_task_group_decorator.py took 0.128 seconds
[2023-06-09T06:12:41.781+0000] {processor.py:157} INFO - Started process (PID=1663) to work on /home/airflow/.local/lib/python3.7/site-packages/airflow/example_dags/example_task_group_decorator.py
[2023-06-09T06:12:41.784+0000] {processor.py:826} INFO - Processing file /home/airflow/.local/lib/python3.7/site-packages/airflow/example_dags/example_task_group_decorator.py for tasks to queue
[2023-06-09T06:12:41.785+0000] {logging_mixin.py:149} INFO - [2023-06-09T06:12:41.785+0000] {dagbag.py:541} INFO - Filling up the DagBag from /home/airflow/.local/lib/python3.7/site-packages/airflow/example_dags/example_task_group_decorator.py
[2023-06-09T06:12:41.804+0000] {processor.py:836} INFO - DAG(s) dict_keys(['example_task_group_decorator']) retrieved from /home/airflow/.local/lib/python3.7/site-packages/airflow/example_dags/example_task_group_decorator.py
[2023-06-09T06:12:41.845+0000] {logging_mixin.py:149} INFO - [2023-06-09T06:12:41.845+0000] {dag.py:2726} INFO - Sync 1 DAGs
[2023-06-09T06:12:41.880+0000] {logging_mixin.py:149} INFO - [2023-06-09T06:12:41.880+0000] {dag.py:3490} INFO - Setting next_dagrun for example_task_group_decorator to 2023-06-08T06:12:41.880332+00:00, run_after=2023-06-09T06:12:41.880332+00:00
[2023-06-09T06:12:41.904+0000] {processor.py:179} INFO - Processing /home/airflow/.local/lib/python3.7/site-packages/airflow/example_dags/example_task_group_decorator.py took 0.126 seconds
[2023-06-09T06:13:12.147+0000] {processor.py:157} INFO - Started process (PID=1717) to work on /home/airflow/.local/lib/python3.7/site-packages/airflow/example_dags/example_task_group_decorator.py
[2023-06-09T06:13:12.148+0000] {processor.py:826} INFO - Processing file /home/airflow/.local/lib/python3.7/site-packages/airflow/example_dags/example_task_group_decorator.py for tasks to queue
[2023-06-09T06:13:12.149+0000] {logging_mixin.py:149} INFO - [2023-06-09T06:13:12.149+0000] {dagbag.py:541} INFO - Filling up the DagBag from /home/airflow/.local/lib/python3.7/site-packages/airflow/example_dags/example_task_group_decorator.py
[2023-06-09T06:13:12.168+0000] {processor.py:836} INFO - DAG(s) dict_keys(['example_task_group_decorator']) retrieved from /home/airflow/.local/lib/python3.7/site-packages/airflow/example_dags/example_task_group_decorator.py
[2023-06-09T06:13:12.203+0000] {logging_mixin.py:149} INFO - [2023-06-09T06:13:12.203+0000] {dag.py:2726} INFO - Sync 1 DAGs
[2023-06-09T06:13:12.236+0000] {logging_mixin.py:149} INFO - [2023-06-09T06:13:12.236+0000] {dag.py:3490} INFO - Setting next_dagrun for example_task_group_decorator to 2023-06-08T06:13:12.235729+00:00, run_after=2023-06-09T06:13:12.235729+00:00
[2023-06-09T06:13:12.261+0000] {processor.py:179} INFO - Processing /home/airflow/.local/lib/python3.7/site-packages/airflow/example_dags/example_task_group_decorator.py took 0.118 seconds
[2023-06-09T06:13:42.415+0000] {processor.py:157} INFO - Started process (PID=1771) to work on /home/airflow/.local/lib/python3.7/site-packages/airflow/example_dags/example_task_group_decorator.py
[2023-06-09T06:13:42.424+0000] {processor.py:826} INFO - Processing file /home/airflow/.local/lib/python3.7/site-packages/airflow/example_dags/example_task_group_decorator.py for tasks to queue
[2023-06-09T06:13:42.425+0000] {logging_mixin.py:149} INFO - [2023-06-09T06:13:42.425+0000] {dagbag.py:541} INFO - Filling up the DagBag from /home/airflow/.local/lib/python3.7/site-packages/airflow/example_dags/example_task_group_decorator.py
[2023-06-09T06:13:42.453+0000] {processor.py:836} INFO - DAG(s) dict_keys(['example_task_group_decorator']) retrieved from /home/airflow/.local/lib/python3.7/site-packages/airflow/example_dags/example_task_group_decorator.py
[2023-06-09T06:13:42.528+0000] {logging_mixin.py:149} INFO - [2023-06-09T06:13:42.528+0000] {dag.py:2726} INFO - Sync 1 DAGs
[2023-06-09T06:13:42.594+0000] {logging_mixin.py:149} INFO - [2023-06-09T06:13:42.593+0000] {dag.py:3490} INFO - Setting next_dagrun for example_task_group_decorator to 2023-06-08T06:13:42.593379+00:00, run_after=2023-06-09T06:13:42.593379+00:00
[2023-06-09T06:13:42.672+0000] {processor.py:179} INFO - Processing /home/airflow/.local/lib/python3.7/site-packages/airflow/example_dags/example_task_group_decorator.py took 0.261 seconds
[2023-06-09T06:14:13.086+0000] {processor.py:157} INFO - Started process (PID=1824) to work on /home/airflow/.local/lib/python3.7/site-packages/airflow/example_dags/example_task_group_decorator.py
[2023-06-09T06:14:13.089+0000] {processor.py:826} INFO - Processing file /home/airflow/.local/lib/python3.7/site-packages/airflow/example_dags/example_task_group_decorator.py for tasks to queue
[2023-06-09T06:14:13.099+0000] {logging_mixin.py:149} INFO - [2023-06-09T06:14:13.098+0000] {dagbag.py:541} INFO - Filling up the DagBag from /home/airflow/.local/lib/python3.7/site-packages/airflow/example_dags/example_task_group_decorator.py
[2023-06-09T06:14:13.138+0000] {processor.py:836} INFO - DAG(s) dict_keys(['example_task_group_decorator']) retrieved from /home/airflow/.local/lib/python3.7/site-packages/airflow/example_dags/example_task_group_decorator.py
[2023-06-09T06:14:13.189+0000] {logging_mixin.py:149} INFO - [2023-06-09T06:14:13.189+0000] {dag.py:2726} INFO - Sync 1 DAGs
[2023-06-09T06:14:13.228+0000] {logging_mixin.py:149} INFO - [2023-06-09T06:14:13.228+0000] {dag.py:3490} INFO - Setting next_dagrun for example_task_group_decorator to 2023-06-08T06:14:13.228032+00:00, run_after=2023-06-09T06:14:13.228032+00:00
[2023-06-09T06:14:13.266+0000] {processor.py:179} INFO - Processing /home/airflow/.local/lib/python3.7/site-packages/airflow/example_dags/example_task_group_decorator.py took 0.184 seconds
[2023-06-09T06:14:43.533+0000] {processor.py:157} INFO - Started process (PID=1878) to work on /home/airflow/.local/lib/python3.7/site-packages/airflow/example_dags/example_task_group_decorator.py
[2023-06-09T06:14:43.538+0000] {processor.py:826} INFO - Processing file /home/airflow/.local/lib/python3.7/site-packages/airflow/example_dags/example_task_group_decorator.py for tasks to queue
[2023-06-09T06:14:43.539+0000] {logging_mixin.py:149} INFO - [2023-06-09T06:14:43.538+0000] {dagbag.py:541} INFO - Filling up the DagBag from /home/airflow/.local/lib/python3.7/site-packages/airflow/example_dags/example_task_group_decorator.py
[2023-06-09T06:14:43.588+0000] {processor.py:836} INFO - DAG(s) dict_keys(['example_task_group_decorator']) retrieved from /home/airflow/.local/lib/python3.7/site-packages/airflow/example_dags/example_task_group_decorator.py
[2023-06-09T06:14:43.645+0000] {logging_mixin.py:149} INFO - [2023-06-09T06:14:43.645+0000] {dag.py:2726} INFO - Sync 1 DAGs
[2023-06-09T06:14:43.715+0000] {logging_mixin.py:149} INFO - [2023-06-09T06:14:43.715+0000] {dag.py:3490} INFO - Setting next_dagrun for example_task_group_decorator to 2023-06-08T06:14:43.714903+00:00, run_after=2023-06-09T06:14:43.714903+00:00
[2023-06-09T06:14:43.765+0000] {processor.py:179} INFO - Processing /home/airflow/.local/lib/python3.7/site-packages/airflow/example_dags/example_task_group_decorator.py took 0.236 seconds
[2023-06-09T06:15:13.885+0000] {processor.py:157} INFO - Started process (PID=1932) to work on /home/airflow/.local/lib/python3.7/site-packages/airflow/example_dags/example_task_group_decorator.py
[2023-06-09T06:15:13.886+0000] {processor.py:826} INFO - Processing file /home/airflow/.local/lib/python3.7/site-packages/airflow/example_dags/example_task_group_decorator.py for tasks to queue
[2023-06-09T06:15:13.887+0000] {logging_mixin.py:149} INFO - [2023-06-09T06:15:13.887+0000] {dagbag.py:541} INFO - Filling up the DagBag from /home/airflow/.local/lib/python3.7/site-packages/airflow/example_dags/example_task_group_decorator.py
[2023-06-09T06:15:13.906+0000] {processor.py:836} INFO - DAG(s) dict_keys(['example_task_group_decorator']) retrieved from /home/airflow/.local/lib/python3.7/site-packages/airflow/example_dags/example_task_group_decorator.py
[2023-06-09T06:15:13.949+0000] {logging_mixin.py:149} INFO - [2023-06-09T06:15:13.949+0000] {dag.py:2726} INFO - Sync 1 DAGs
[2023-06-09T06:15:13.983+0000] {logging_mixin.py:149} INFO - [2023-06-09T06:15:13.983+0000] {dag.py:3490} INFO - Setting next_dagrun for example_task_group_decorator to 2023-06-08T06:15:13.983467+00:00, run_after=2023-06-09T06:15:13.983467+00:00
[2023-06-09T06:15:14.005+0000] {processor.py:179} INFO - Processing /home/airflow/.local/lib/python3.7/site-packages/airflow/example_dags/example_task_group_decorator.py took 0.124 seconds
[2023-06-09T06:15:44.387+0000] {processor.py:157} INFO - Started process (PID=1985) to work on /home/airflow/.local/lib/python3.7/site-packages/airflow/example_dags/example_task_group_decorator.py
[2023-06-09T06:15:44.388+0000] {processor.py:826} INFO - Processing file /home/airflow/.local/lib/python3.7/site-packages/airflow/example_dags/example_task_group_decorator.py for tasks to queue
[2023-06-09T06:15:44.389+0000] {logging_mixin.py:149} INFO - [2023-06-09T06:15:44.388+0000] {dagbag.py:541} INFO - Filling up the DagBag from /home/airflow/.local/lib/python3.7/site-packages/airflow/example_dags/example_task_group_decorator.py
[2023-06-09T06:15:44.407+0000] {processor.py:836} INFO - DAG(s) dict_keys(['example_task_group_decorator']) retrieved from /home/airflow/.local/lib/python3.7/site-packages/airflow/example_dags/example_task_group_decorator.py
[2023-06-09T06:15:44.443+0000] {logging_mixin.py:149} INFO - [2023-06-09T06:15:44.443+0000] {dag.py:2726} INFO - Sync 1 DAGs
[2023-06-09T06:15:44.477+0000] {logging_mixin.py:149} INFO - [2023-06-09T06:15:44.477+0000] {dag.py:3490} INFO - Setting next_dagrun for example_task_group_decorator to 2023-06-08T06:15:44.476858+00:00, run_after=2023-06-09T06:15:44.476858+00:00
[2023-06-09T06:15:44.500+0000] {processor.py:179} INFO - Processing /home/airflow/.local/lib/python3.7/site-packages/airflow/example_dags/example_task_group_decorator.py took 0.117 seconds
[2023-06-09T06:16:14.739+0000] {processor.py:157} INFO - Started process (PID=2039) to work on /home/airflow/.local/lib/python3.7/site-packages/airflow/example_dags/example_task_group_decorator.py
[2023-06-09T06:16:14.741+0000] {processor.py:826} INFO - Processing file /home/airflow/.local/lib/python3.7/site-packages/airflow/example_dags/example_task_group_decorator.py for tasks to queue
[2023-06-09T06:16:14.741+0000] {logging_mixin.py:149} INFO - [2023-06-09T06:16:14.741+0000] {dagbag.py:541} INFO - Filling up the DagBag from /home/airflow/.local/lib/python3.7/site-packages/airflow/example_dags/example_task_group_decorator.py
[2023-06-09T06:16:14.760+0000] {processor.py:836} INFO - DAG(s) dict_keys(['example_task_group_decorator']) retrieved from /home/airflow/.local/lib/python3.7/site-packages/airflow/example_dags/example_task_group_decorator.py
[2023-06-09T06:16:14.795+0000] {logging_mixin.py:149} INFO - [2023-06-09T06:16:14.795+0000] {dag.py:2726} INFO - Sync 1 DAGs
[2023-06-09T06:16:14.828+0000] {logging_mixin.py:149} INFO - [2023-06-09T06:16:14.828+0000] {dag.py:3490} INFO - Setting next_dagrun for example_task_group_decorator to 2023-06-08T06:16:14.828016+00:00, run_after=2023-06-09T06:16:14.828016+00:00
[2023-06-09T06:16:14.860+0000] {processor.py:179} INFO - Processing /home/airflow/.local/lib/python3.7/site-packages/airflow/example_dags/example_task_group_decorator.py took 0.125 seconds
[2023-06-09T06:16:45.208+0000] {processor.py:157} INFO - Started process (PID=2093) to work on /home/airflow/.local/lib/python3.7/site-packages/airflow/example_dags/example_task_group_decorator.py
[2023-06-09T06:16:45.209+0000] {processor.py:826} INFO - Processing file /home/airflow/.local/lib/python3.7/site-packages/airflow/example_dags/example_task_group_decorator.py for tasks to queue
[2023-06-09T06:16:45.210+0000] {logging_mixin.py:149} INFO - [2023-06-09T06:16:45.210+0000] {dagbag.py:541} INFO - Filling up the DagBag from /home/airflow/.local/lib/python3.7/site-packages/airflow/example_dags/example_task_group_decorator.py
[2023-06-09T06:16:45.229+0000] {processor.py:836} INFO - DAG(s) dict_keys(['example_task_group_decorator']) retrieved from /home/airflow/.local/lib/python3.7/site-packages/airflow/example_dags/example_task_group_decorator.py
[2023-06-09T06:16:45.265+0000] {logging_mixin.py:149} INFO - [2023-06-09T06:16:45.265+0000] {dag.py:2726} INFO - Sync 1 DAGs
[2023-06-09T06:16:45.301+0000] {logging_mixin.py:149} INFO - [2023-06-09T06:16:45.301+0000] {dag.py:3490} INFO - Setting next_dagrun for example_task_group_decorator to 2023-06-08T06:16:45.301363+00:00, run_after=2023-06-09T06:16:45.301363+00:00
[2023-06-09T06:16:45.325+0000] {processor.py:179} INFO - Processing /home/airflow/.local/lib/python3.7/site-packages/airflow/example_dags/example_task_group_decorator.py took 0.121 seconds
[2023-06-09T06:17:15.559+0000] {processor.py:157} INFO - Started process (PID=2147) to work on /home/airflow/.local/lib/python3.7/site-packages/airflow/example_dags/example_task_group_decorator.py
[2023-06-09T06:17:15.562+0000] {processor.py:826} INFO - Processing file /home/airflow/.local/lib/python3.7/site-packages/airflow/example_dags/example_task_group_decorator.py for tasks to queue
[2023-06-09T06:17:15.563+0000] {logging_mixin.py:149} INFO - [2023-06-09T06:17:15.562+0000] {dagbag.py:541} INFO - Filling up the DagBag from /home/airflow/.local/lib/python3.7/site-packages/airflow/example_dags/example_task_group_decorator.py
[2023-06-09T06:17:15.581+0000] {processor.py:836} INFO - DAG(s) dict_keys(['example_task_group_decorator']) retrieved from /home/airflow/.local/lib/python3.7/site-packages/airflow/example_dags/example_task_group_decorator.py
[2023-06-09T06:17:15.617+0000] {logging_mixin.py:149} INFO - [2023-06-09T06:17:15.617+0000] {dag.py:2726} INFO - Sync 1 DAGs
[2023-06-09T06:17:15.658+0000] {logging_mixin.py:149} INFO - [2023-06-09T06:17:15.658+0000] {dag.py:3490} INFO - Setting next_dagrun for example_task_group_decorator to 2023-06-08T06:17:15.657773+00:00, run_after=2023-06-09T06:17:15.657773+00:00
[2023-06-09T06:17:15.682+0000] {processor.py:179} INFO - Processing /home/airflow/.local/lib/python3.7/site-packages/airflow/example_dags/example_task_group_decorator.py took 0.127 seconds
[2023-06-09T06:17:45.990+0000] {processor.py:157} INFO - Started process (PID=2201) to work on /home/airflow/.local/lib/python3.7/site-packages/airflow/example_dags/example_task_group_decorator.py
[2023-06-09T06:17:45.991+0000] {processor.py:826} INFO - Processing file /home/airflow/.local/lib/python3.7/site-packages/airflow/example_dags/example_task_group_decorator.py for tasks to queue
[2023-06-09T06:17:45.992+0000] {logging_mixin.py:149} INFO - [2023-06-09T06:17:45.992+0000] {dagbag.py:541} INFO - Filling up the DagBag from /home/airflow/.local/lib/python3.7/site-packages/airflow/example_dags/example_task_group_decorator.py
[2023-06-09T06:17:46.011+0000] {processor.py:836} INFO - DAG(s) dict_keys(['example_task_group_decorator']) retrieved from /home/airflow/.local/lib/python3.7/site-packages/airflow/example_dags/example_task_group_decorator.py
[2023-06-09T06:17:46.047+0000] {logging_mixin.py:149} INFO - [2023-06-09T06:17:46.047+0000] {dag.py:2726} INFO - Sync 1 DAGs
[2023-06-09T06:17:46.085+0000] {logging_mixin.py:149} INFO - [2023-06-09T06:17:46.085+0000] {dag.py:3490} INFO - Setting next_dagrun for example_task_group_decorator to 2023-06-08T06:17:46.085419+00:00, run_after=2023-06-09T06:17:46.085419+00:00
[2023-06-09T06:17:46.118+0000] {processor.py:179} INFO - Processing /home/airflow/.local/lib/python3.7/site-packages/airflow/example_dags/example_task_group_decorator.py took 0.131 seconds
[2023-06-09T06:18:16.678+0000] {processor.py:157} INFO - Started process (PID=2255) to work on /home/airflow/.local/lib/python3.7/site-packages/airflow/example_dags/example_task_group_decorator.py
[2023-06-09T06:18:16.680+0000] {processor.py:826} INFO - Processing file /home/airflow/.local/lib/python3.7/site-packages/airflow/example_dags/example_task_group_decorator.py for tasks to queue
[2023-06-09T06:18:16.680+0000] {logging_mixin.py:149} INFO - [2023-06-09T06:18:16.680+0000] {dagbag.py:541} INFO - Filling up the DagBag from /home/airflow/.local/lib/python3.7/site-packages/airflow/example_dags/example_task_group_decorator.py
[2023-06-09T06:18:16.699+0000] {processor.py:836} INFO - DAG(s) dict_keys(['example_task_group_decorator']) retrieved from /home/airflow/.local/lib/python3.7/site-packages/airflow/example_dags/example_task_group_decorator.py
[2023-06-09T06:18:16.739+0000] {logging_mixin.py:149} INFO - [2023-06-09T06:18:16.738+0000] {dag.py:2726} INFO - Sync 1 DAGs
[2023-06-09T06:18:16.774+0000] {logging_mixin.py:149} INFO - [2023-06-09T06:18:16.774+0000] {dag.py:3490} INFO - Setting next_dagrun for example_task_group_decorator to 2023-06-08T06:18:16.773850+00:00, run_after=2023-06-09T06:18:16.773850+00:00
[2023-06-09T06:18:16.802+0000] {processor.py:179} INFO - Processing /home/airflow/.local/lib/python3.7/site-packages/airflow/example_dags/example_task_group_decorator.py took 0.127 seconds
[2023-06-09T06:18:47.212+0000] {processor.py:157} INFO - Started process (PID=2309) to work on /home/airflow/.local/lib/python3.7/site-packages/airflow/example_dags/example_task_group_decorator.py
[2023-06-09T06:18:47.214+0000] {processor.py:826} INFO - Processing file /home/airflow/.local/lib/python3.7/site-packages/airflow/example_dags/example_task_group_decorator.py for tasks to queue
[2023-06-09T06:18:47.214+0000] {logging_mixin.py:149} INFO - [2023-06-09T06:18:47.214+0000] {dagbag.py:541} INFO - Filling up the DagBag from /home/airflow/.local/lib/python3.7/site-packages/airflow/example_dags/example_task_group_decorator.py
[2023-06-09T06:18:47.233+0000] {processor.py:836} INFO - DAG(s) dict_keys(['example_task_group_decorator']) retrieved from /home/airflow/.local/lib/python3.7/site-packages/airflow/example_dags/example_task_group_decorator.py
[2023-06-09T06:18:47.269+0000] {logging_mixin.py:149} INFO - [2023-06-09T06:18:47.269+0000] {dag.py:2726} INFO - Sync 1 DAGs
[2023-06-09T06:18:47.303+0000] {logging_mixin.py:149} INFO - [2023-06-09T06:18:47.303+0000] {dag.py:3490} INFO - Setting next_dagrun for example_task_group_decorator to 2023-06-08T06:18:47.303021+00:00, run_after=2023-06-09T06:18:47.303021+00:00
[2023-06-09T06:18:47.327+0000] {processor.py:179} INFO - Processing /home/airflow/.local/lib/python3.7/site-packages/airflow/example_dags/example_task_group_decorator.py took 0.119 seconds
[2023-06-09T06:19:17.478+0000] {processor.py:157} INFO - Started process (PID=2363) to work on /home/airflow/.local/lib/python3.7/site-packages/airflow/example_dags/example_task_group_decorator.py
[2023-06-09T06:19:17.479+0000] {processor.py:826} INFO - Processing file /home/airflow/.local/lib/python3.7/site-packages/airflow/example_dags/example_task_group_decorator.py for tasks to queue
[2023-06-09T06:19:17.480+0000] {logging_mixin.py:149} INFO - [2023-06-09T06:19:17.480+0000] {dagbag.py:541} INFO - Filling up the DagBag from /home/airflow/.local/lib/python3.7/site-packages/airflow/example_dags/example_task_group_decorator.py
[2023-06-09T06:19:17.499+0000] {processor.py:836} INFO - DAG(s) dict_keys(['example_task_group_decorator']) retrieved from /home/airflow/.local/lib/python3.7/site-packages/airflow/example_dags/example_task_group_decorator.py
[2023-06-09T06:19:17.537+0000] {logging_mixin.py:149} INFO - [2023-06-09T06:19:17.537+0000] {dag.py:2726} INFO - Sync 1 DAGs
[2023-06-09T06:19:17.576+0000] {logging_mixin.py:149} INFO - [2023-06-09T06:19:17.575+0000] {dag.py:3490} INFO - Setting next_dagrun for example_task_group_decorator to 2023-06-08T06:19:17.575593+00:00, run_after=2023-06-09T06:19:17.575593+00:00
[2023-06-09T06:19:17.608+0000] {processor.py:179} INFO - Processing /home/airflow/.local/lib/python3.7/site-packages/airflow/example_dags/example_task_group_decorator.py took 0.134 seconds
[2023-06-09T06:19:47.906+0000] {processor.py:157} INFO - Started process (PID=2418) to work on /home/airflow/.local/lib/python3.7/site-packages/airflow/example_dags/example_task_group_decorator.py
[2023-06-09T06:19:47.914+0000] {processor.py:826} INFO - Processing file /home/airflow/.local/lib/python3.7/site-packages/airflow/example_dags/example_task_group_decorator.py for tasks to queue
[2023-06-09T06:19:47.915+0000] {logging_mixin.py:149} INFO - [2023-06-09T06:19:47.914+0000] {dagbag.py:541} INFO - Filling up the DagBag from /home/airflow/.local/lib/python3.7/site-packages/airflow/example_dags/example_task_group_decorator.py
[2023-06-09T06:19:47.935+0000] {processor.py:836} INFO - DAG(s) dict_keys(['example_task_group_decorator']) retrieved from /home/airflow/.local/lib/python3.7/site-packages/airflow/example_dags/example_task_group_decorator.py
[2023-06-09T06:19:47.980+0000] {logging_mixin.py:149} INFO - [2023-06-09T06:19:47.980+0000] {dag.py:2726} INFO - Sync 1 DAGs
[2023-06-09T06:19:48.021+0000] {logging_mixin.py:149} INFO - [2023-06-09T06:19:48.021+0000] {dag.py:3490} INFO - Setting next_dagrun for example_task_group_decorator to 2023-06-08T06:19:48.021435+00:00, run_after=2023-06-09T06:19:48.021435+00:00
[2023-06-09T06:19:48.052+0000] {processor.py:179} INFO - Processing /home/airflow/.local/lib/python3.7/site-packages/airflow/example_dags/example_task_group_decorator.py took 0.150 seconds
[2023-06-09T06:20:18.141+0000] {processor.py:157} INFO - Started process (PID=2472) to work on /home/airflow/.local/lib/python3.7/site-packages/airflow/example_dags/example_task_group_decorator.py
[2023-06-09T06:20:18.142+0000] {processor.py:826} INFO - Processing file /home/airflow/.local/lib/python3.7/site-packages/airflow/example_dags/example_task_group_decorator.py for tasks to queue
[2023-06-09T06:20:18.143+0000] {logging_mixin.py:149} INFO - [2023-06-09T06:20:18.143+0000] {dagbag.py:541} INFO - Filling up the DagBag from /home/airflow/.local/lib/python3.7/site-packages/airflow/example_dags/example_task_group_decorator.py
[2023-06-09T06:20:18.178+0000] {processor.py:836} INFO - DAG(s) dict_keys(['example_task_group_decorator']) retrieved from /home/airflow/.local/lib/python3.7/site-packages/airflow/example_dags/example_task_group_decorator.py
[2023-06-09T06:20:18.280+0000] {logging_mixin.py:149} INFO - [2023-06-09T06:20:18.280+0000] {dag.py:2726} INFO - Sync 1 DAGs
[2023-06-09T06:20:18.345+0000] {logging_mixin.py:149} INFO - [2023-06-09T06:20:18.344+0000] {dag.py:3490} INFO - Setting next_dagrun for example_task_group_decorator to 2023-06-08T06:20:18.344560+00:00, run_after=2023-06-09T06:20:18.344560+00:00
[2023-06-09T06:20:18.387+0000] {processor.py:179} INFO - Processing /home/airflow/.local/lib/python3.7/site-packages/airflow/example_dags/example_task_group_decorator.py took 0.260 seconds
[2023-06-09T06:20:48.839+0000] {processor.py:157} INFO - Started process (PID=2523) to work on /home/airflow/.local/lib/python3.7/site-packages/airflow/example_dags/example_task_group_decorator.py
[2023-06-09T06:20:48.849+0000] {processor.py:826} INFO - Processing file /home/airflow/.local/lib/python3.7/site-packages/airflow/example_dags/example_task_group_decorator.py for tasks to queue
[2023-06-09T06:20:48.850+0000] {logging_mixin.py:149} INFO - [2023-06-09T06:20:48.849+0000] {dagbag.py:541} INFO - Filling up the DagBag from /home/airflow/.local/lib/python3.7/site-packages/airflow/example_dags/example_task_group_decorator.py
[2023-06-09T06:20:48.903+0000] {processor.py:836} INFO - DAG(s) dict_keys(['example_task_group_decorator']) retrieved from /home/airflow/.local/lib/python3.7/site-packages/airflow/example_dags/example_task_group_decorator.py
[2023-06-09T06:20:48.956+0000] {logging_mixin.py:149} INFO - [2023-06-09T06:20:48.956+0000] {dag.py:2726} INFO - Sync 1 DAGs
[2023-06-09T06:20:48.999+0000] {logging_mixin.py:149} INFO - [2023-06-09T06:20:48.999+0000] {dag.py:3490} INFO - Setting next_dagrun for example_task_group_decorator to 2023-06-08T06:20:48.998821+00:00, run_after=2023-06-09T06:20:48.998821+00:00
[2023-06-09T06:20:49.038+0000] {processor.py:179} INFO - Processing /home/airflow/.local/lib/python3.7/site-packages/airflow/example_dags/example_task_group_decorator.py took 0.211 seconds
[2023-06-09T06:21:19.221+0000] {processor.py:157} INFO - Started process (PID=2577) to work on /home/airflow/.local/lib/python3.7/site-packages/airflow/example_dags/example_task_group_decorator.py
[2023-06-09T06:21:19.221+0000] {processor.py:826} INFO - Processing file /home/airflow/.local/lib/python3.7/site-packages/airflow/example_dags/example_task_group_decorator.py for tasks to queue
[2023-06-09T06:21:19.222+0000] {logging_mixin.py:149} INFO - [2023-06-09T06:21:19.222+0000] {dagbag.py:541} INFO - Filling up the DagBag from /home/airflow/.local/lib/python3.7/site-packages/airflow/example_dags/example_task_group_decorator.py
[2023-06-09T06:21:19.240+0000] {processor.py:836} INFO - DAG(s) dict_keys(['example_task_group_decorator']) retrieved from /home/airflow/.local/lib/python3.7/site-packages/airflow/example_dags/example_task_group_decorator.py
[2023-06-09T06:21:19.275+0000] {logging_mixin.py:149} INFO - [2023-06-09T06:21:19.275+0000] {dag.py:2726} INFO - Sync 1 DAGs
[2023-06-09T06:21:19.310+0000] {logging_mixin.py:149} INFO - [2023-06-09T06:21:19.310+0000] {dag.py:3490} INFO - Setting next_dagrun for example_task_group_decorator to 2023-06-08T06:21:19.309662+00:00, run_after=2023-06-09T06:21:19.309662+00:00
[2023-06-09T06:21:19.332+0000] {processor.py:179} INFO - Processing /home/airflow/.local/lib/python3.7/site-packages/airflow/example_dags/example_task_group_decorator.py took 0.116 seconds
[2023-06-09T06:21:49.559+0000] {processor.py:157} INFO - Started process (PID=2631) to work on /home/airflow/.local/lib/python3.7/site-packages/airflow/example_dags/example_task_group_decorator.py
[2023-06-09T06:21:49.561+0000] {processor.py:826} INFO - Processing file /home/airflow/.local/lib/python3.7/site-packages/airflow/example_dags/example_task_group_decorator.py for tasks to queue
[2023-06-09T06:21:49.562+0000] {logging_mixin.py:149} INFO - [2023-06-09T06:21:49.562+0000] {dagbag.py:541} INFO - Filling up the DagBag from /home/airflow/.local/lib/python3.7/site-packages/airflow/example_dags/example_task_group_decorator.py
[2023-06-09T06:21:49.581+0000] {processor.py:836} INFO - DAG(s) dict_keys(['example_task_group_decorator']) retrieved from /home/airflow/.local/lib/python3.7/site-packages/airflow/example_dags/example_task_group_decorator.py
[2023-06-09T06:21:49.617+0000] {logging_mixin.py:149} INFO - [2023-06-09T06:21:49.617+0000] {dag.py:2726} INFO - Sync 1 DAGs
[2023-06-09T06:21:49.652+0000] {logging_mixin.py:149} INFO - [2023-06-09T06:21:49.652+0000] {dag.py:3490} INFO - Setting next_dagrun for example_task_group_decorator to 2023-06-08T06:21:49.651859+00:00, run_after=2023-06-09T06:21:49.651859+00:00
[2023-06-09T06:21:49.676+0000] {processor.py:179} INFO - Processing /home/airflow/.local/lib/python3.7/site-packages/airflow/example_dags/example_task_group_decorator.py took 0.120 seconds
[2023-06-09T06:22:20.399+0000] {processor.py:157} INFO - Started process (PID=2685) to work on /home/airflow/.local/lib/python3.7/site-packages/airflow/example_dags/example_task_group_decorator.py
[2023-06-09T06:22:20.400+0000] {processor.py:826} INFO - Processing file /home/airflow/.local/lib/python3.7/site-packages/airflow/example_dags/example_task_group_decorator.py for tasks to queue
[2023-06-09T06:22:20.400+0000] {logging_mixin.py:149} INFO - [2023-06-09T06:22:20.400+0000] {dagbag.py:541} INFO - Filling up the DagBag from /home/airflow/.local/lib/python3.7/site-packages/airflow/example_dags/example_task_group_decorator.py
[2023-06-09T06:22:20.419+0000] {processor.py:836} INFO - DAG(s) dict_keys(['example_task_group_decorator']) retrieved from /home/airflow/.local/lib/python3.7/site-packages/airflow/example_dags/example_task_group_decorator.py
[2023-06-09T06:22:20.459+0000] {logging_mixin.py:149} INFO - [2023-06-09T06:22:20.459+0000] {dag.py:2726} INFO - Sync 1 DAGs
[2023-06-09T06:22:20.496+0000] {logging_mixin.py:149} INFO - [2023-06-09T06:22:20.496+0000] {dag.py:3490} INFO - Setting next_dagrun for example_task_group_decorator to 2023-06-08T06:22:20.496045+00:00, run_after=2023-06-09T06:22:20.496045+00:00
[2023-06-09T06:22:20.521+0000] {processor.py:179} INFO - Processing /home/airflow/.local/lib/python3.7/site-packages/airflow/example_dags/example_task_group_decorator.py took 0.127 seconds
[2023-06-09T06:22:50.934+0000] {processor.py:157} INFO - Started process (PID=2739) to work on /home/airflow/.local/lib/python3.7/site-packages/airflow/example_dags/example_task_group_decorator.py
[2023-06-09T06:22:50.944+0000] {processor.py:826} INFO - Processing file /home/airflow/.local/lib/python3.7/site-packages/airflow/example_dags/example_task_group_decorator.py for tasks to queue
[2023-06-09T06:22:50.945+0000] {logging_mixin.py:149} INFO - [2023-06-09T06:22:50.945+0000] {dagbag.py:541} INFO - Filling up the DagBag from /home/airflow/.local/lib/python3.7/site-packages/airflow/example_dags/example_task_group_decorator.py
[2023-06-09T06:22:50.976+0000] {processor.py:836} INFO - DAG(s) dict_keys(['example_task_group_decorator']) retrieved from /home/airflow/.local/lib/python3.7/site-packages/airflow/example_dags/example_task_group_decorator.py
[2023-06-09T06:22:51.042+0000] {logging_mixin.py:149} INFO - [2023-06-09T06:22:51.042+0000] {dag.py:2726} INFO - Sync 1 DAGs
[2023-06-09T06:22:51.108+0000] {logging_mixin.py:149} INFO - [2023-06-09T06:22:51.108+0000] {dag.py:3490} INFO - Setting next_dagrun for example_task_group_decorator to 2023-06-08T06:22:51.108113+00:00, run_after=2023-06-09T06:22:51.108113+00:00
[2023-06-09T06:22:51.153+0000] {processor.py:179} INFO - Processing /home/airflow/.local/lib/python3.7/site-packages/airflow/example_dags/example_task_group_decorator.py took 0.235 seconds
[2023-06-09T06:23:21.393+0000] {processor.py:157} INFO - Started process (PID=2793) to work on /home/airflow/.local/lib/python3.7/site-packages/airflow/example_dags/example_task_group_decorator.py
[2023-06-09T06:23:21.395+0000] {processor.py:826} INFO - Processing file /home/airflow/.local/lib/python3.7/site-packages/airflow/example_dags/example_task_group_decorator.py for tasks to queue
[2023-06-09T06:23:21.396+0000] {logging_mixin.py:149} INFO - [2023-06-09T06:23:21.396+0000] {dagbag.py:541} INFO - Filling up the DagBag from /home/airflow/.local/lib/python3.7/site-packages/airflow/example_dags/example_task_group_decorator.py
[2023-06-09T06:23:21.425+0000] {processor.py:836} INFO - DAG(s) dict_keys(['example_task_group_decorator']) retrieved from /home/airflow/.local/lib/python3.7/site-packages/airflow/example_dags/example_task_group_decorator.py
[2023-06-09T06:23:21.500+0000] {logging_mixin.py:149} INFO - [2023-06-09T06:23:21.500+0000] {dag.py:2726} INFO - Sync 1 DAGs
[2023-06-09T06:23:21.534+0000] {logging_mixin.py:149} INFO - [2023-06-09T06:23:21.534+0000] {dag.py:3490} INFO - Setting next_dagrun for example_task_group_decorator to 2023-06-08T06:23:21.533980+00:00, run_after=2023-06-09T06:23:21.533980+00:00
[2023-06-09T06:23:21.590+0000] {processor.py:179} INFO - Processing /home/airflow/.local/lib/python3.7/site-packages/airflow/example_dags/example_task_group_decorator.py took 0.201 seconds
[2023-06-09T06:23:51.703+0000] {processor.py:157} INFO - Started process (PID=2846) to work on /home/airflow/.local/lib/python3.7/site-packages/airflow/example_dags/example_task_group_decorator.py
[2023-06-09T06:23:51.705+0000] {processor.py:826} INFO - Processing file /home/airflow/.local/lib/python3.7/site-packages/airflow/example_dags/example_task_group_decorator.py for tasks to queue
[2023-06-09T06:23:51.705+0000] {logging_mixin.py:149} INFO - [2023-06-09T06:23:51.705+0000] {dagbag.py:541} INFO - Filling up the DagBag from /home/airflow/.local/lib/python3.7/site-packages/airflow/example_dags/example_task_group_decorator.py
[2023-06-09T06:23:51.724+0000] {processor.py:836} INFO - DAG(s) dict_keys(['example_task_group_decorator']) retrieved from /home/airflow/.local/lib/python3.7/site-packages/airflow/example_dags/example_task_group_decorator.py
[2023-06-09T06:23:51.760+0000] {logging_mixin.py:149} INFO - [2023-06-09T06:23:51.760+0000] {dag.py:2726} INFO - Sync 1 DAGs
[2023-06-09T06:23:51.793+0000] {logging_mixin.py:149} INFO - [2023-06-09T06:23:51.793+0000] {dag.py:3490} INFO - Setting next_dagrun for example_task_group_decorator to 2023-06-08T06:23:51.793029+00:00, run_after=2023-06-09T06:23:51.793029+00:00
[2023-06-09T06:23:51.815+0000] {processor.py:179} INFO - Processing /home/airflow/.local/lib/python3.7/site-packages/airflow/example_dags/example_task_group_decorator.py took 0.116 seconds
[2023-06-09T06:24:22.058+0000] {processor.py:157} INFO - Started process (PID=2900) to work on /home/airflow/.local/lib/python3.7/site-packages/airflow/example_dags/example_task_group_decorator.py
[2023-06-09T06:24:22.059+0000] {processor.py:826} INFO - Processing file /home/airflow/.local/lib/python3.7/site-packages/airflow/example_dags/example_task_group_decorator.py for tasks to queue
[2023-06-09T06:24:22.060+0000] {logging_mixin.py:149} INFO - [2023-06-09T06:24:22.059+0000] {dagbag.py:541} INFO - Filling up the DagBag from /home/airflow/.local/lib/python3.7/site-packages/airflow/example_dags/example_task_group_decorator.py
[2023-06-09T06:24:22.078+0000] {processor.py:836} INFO - DAG(s) dict_keys(['example_task_group_decorator']) retrieved from /home/airflow/.local/lib/python3.7/site-packages/airflow/example_dags/example_task_group_decorator.py
[2023-06-09T06:24:22.114+0000] {logging_mixin.py:149} INFO - [2023-06-09T06:24:22.114+0000] {dag.py:2726} INFO - Sync 1 DAGs
[2023-06-09T06:24:22.149+0000] {logging_mixin.py:149} INFO - [2023-06-09T06:24:22.149+0000] {dag.py:3490} INFO - Setting next_dagrun for example_task_group_decorator to 2023-06-08T06:24:22.149155+00:00, run_after=2023-06-09T06:24:22.149155+00:00
[2023-06-09T06:24:22.173+0000] {processor.py:179} INFO - Processing /home/airflow/.local/lib/python3.7/site-packages/airflow/example_dags/example_task_group_decorator.py took 0.120 seconds
[2023-06-09T06:24:53.006+0000] {processor.py:157} INFO - Started process (PID=2954) to work on /home/airflow/.local/lib/python3.7/site-packages/airflow/example_dags/example_task_group_decorator.py
[2023-06-09T06:24:53.008+0000] {processor.py:826} INFO - Processing file /home/airflow/.local/lib/python3.7/site-packages/airflow/example_dags/example_task_group_decorator.py for tasks to queue
[2023-06-09T06:24:53.009+0000] {logging_mixin.py:149} INFO - [2023-06-09T06:24:53.009+0000] {dagbag.py:541} INFO - Filling up the DagBag from /home/airflow/.local/lib/python3.7/site-packages/airflow/example_dags/example_task_group_decorator.py
[2023-06-09T06:24:53.028+0000] {processor.py:836} INFO - DAG(s) dict_keys(['example_task_group_decorator']) retrieved from /home/airflow/.local/lib/python3.7/site-packages/airflow/example_dags/example_task_group_decorator.py
[2023-06-09T06:24:53.064+0000] {logging_mixin.py:149} INFO - [2023-06-09T06:24:53.063+0000] {dag.py:2726} INFO - Sync 1 DAGs
[2023-06-09T06:24:53.099+0000] {logging_mixin.py:149} INFO - [2023-06-09T06:24:53.099+0000] {dag.py:3490} INFO - Setting next_dagrun for example_task_group_decorator to 2023-06-08T06:24:53.098950+00:00, run_after=2023-06-09T06:24:53.098950+00:00
[2023-06-09T06:24:53.124+0000] {processor.py:179} INFO - Processing /home/airflow/.local/lib/python3.7/site-packages/airflow/example_dags/example_task_group_decorator.py took 0.122 seconds
[2023-06-09T06:25:23.904+0000] {processor.py:157} INFO - Started process (PID=3008) to work on /home/airflow/.local/lib/python3.7/site-packages/airflow/example_dags/example_task_group_decorator.py
[2023-06-09T06:25:23.907+0000] {processor.py:826} INFO - Processing file /home/airflow/.local/lib/python3.7/site-packages/airflow/example_dags/example_task_group_decorator.py for tasks to queue
[2023-06-09T06:25:23.908+0000] {logging_mixin.py:149} INFO - [2023-06-09T06:25:23.908+0000] {dagbag.py:541} INFO - Filling up the DagBag from /home/airflow/.local/lib/python3.7/site-packages/airflow/example_dags/example_task_group_decorator.py
[2023-06-09T06:25:23.932+0000] {processor.py:836} INFO - DAG(s) dict_keys(['example_task_group_decorator']) retrieved from /home/airflow/.local/lib/python3.7/site-packages/airflow/example_dags/example_task_group_decorator.py
[2023-06-09T06:25:23.972+0000] {logging_mixin.py:149} INFO - [2023-06-09T06:25:23.972+0000] {dag.py:2726} INFO - Sync 1 DAGs
[2023-06-09T06:25:24.005+0000] {logging_mixin.py:149} INFO - [2023-06-09T06:25:24.005+0000] {dag.py:3490} INFO - Setting next_dagrun for example_task_group_decorator to 2023-06-08T06:25:24.005419+00:00, run_after=2023-06-09T06:25:24.005419+00:00
[2023-06-09T06:25:24.031+0000] {processor.py:179} INFO - Processing /home/airflow/.local/lib/python3.7/site-packages/airflow/example_dags/example_task_group_decorator.py took 0.139 seconds
[2023-06-09T06:25:54.087+0000] {processor.py:157} INFO - Started process (PID=3063) to work on /home/airflow/.local/lib/python3.7/site-packages/airflow/example_dags/example_task_group_decorator.py
[2023-06-09T06:25:54.089+0000] {processor.py:826} INFO - Processing file /home/airflow/.local/lib/python3.7/site-packages/airflow/example_dags/example_task_group_decorator.py for tasks to queue
[2023-06-09T06:25:54.090+0000] {logging_mixin.py:149} INFO - [2023-06-09T06:25:54.090+0000] {dagbag.py:541} INFO - Filling up the DagBag from /home/airflow/.local/lib/python3.7/site-packages/airflow/example_dags/example_task_group_decorator.py
[2023-06-09T06:25:54.108+0000] {processor.py:836} INFO - DAG(s) dict_keys(['example_task_group_decorator']) retrieved from /home/airflow/.local/lib/python3.7/site-packages/airflow/example_dags/example_task_group_decorator.py
[2023-06-09T06:25:54.145+0000] {logging_mixin.py:149} INFO - [2023-06-09T06:25:54.144+0000] {dag.py:2726} INFO - Sync 1 DAGs
[2023-06-09T06:25:54.177+0000] {logging_mixin.py:149} INFO - [2023-06-09T06:25:54.177+0000] {dag.py:3490} INFO - Setting next_dagrun for example_task_group_decorator to 2023-06-08T06:25:54.177338+00:00, run_after=2023-06-09T06:25:54.177338+00:00
[2023-06-09T06:25:54.219+0000] {processor.py:179} INFO - Processing /home/airflow/.local/lib/python3.7/site-packages/airflow/example_dags/example_task_group_decorator.py took 0.136 seconds
[2023-06-09T06:26:24.723+0000] {processor.py:157} INFO - Started process (PID=3116) to work on /home/airflow/.local/lib/python3.7/site-packages/airflow/example_dags/example_task_group_decorator.py
[2023-06-09T06:26:24.724+0000] {processor.py:826} INFO - Processing file /home/airflow/.local/lib/python3.7/site-packages/airflow/example_dags/example_task_group_decorator.py for tasks to queue
[2023-06-09T06:26:24.725+0000] {logging_mixin.py:149} INFO - [2023-06-09T06:26:24.725+0000] {dagbag.py:541} INFO - Filling up the DagBag from /home/airflow/.local/lib/python3.7/site-packages/airflow/example_dags/example_task_group_decorator.py
[2023-06-09T06:26:24.744+0000] {processor.py:836} INFO - DAG(s) dict_keys(['example_task_group_decorator']) retrieved from /home/airflow/.local/lib/python3.7/site-packages/airflow/example_dags/example_task_group_decorator.py
[2023-06-09T06:26:24.787+0000] {logging_mixin.py:149} INFO - [2023-06-09T06:26:24.787+0000] {dag.py:2726} INFO - Sync 1 DAGs
[2023-06-09T06:26:24.834+0000] {logging_mixin.py:149} INFO - [2023-06-09T06:26:24.833+0000] {dag.py:3490} INFO - Setting next_dagrun for example_task_group_decorator to 2023-06-08T06:26:24.833526+00:00, run_after=2023-06-09T06:26:24.833526+00:00
[2023-06-09T06:26:24.859+0000] {processor.py:179} INFO - Processing /home/airflow/.local/lib/python3.7/site-packages/airflow/example_dags/example_task_group_decorator.py took 0.140 seconds
[2023-06-09T06:26:55.739+0000] {processor.py:157} INFO - Started process (PID=3170) to work on /home/airflow/.local/lib/python3.7/site-packages/airflow/example_dags/example_task_group_decorator.py
[2023-06-09T06:26:55.752+0000] {processor.py:826} INFO - Processing file /home/airflow/.local/lib/python3.7/site-packages/airflow/example_dags/example_task_group_decorator.py for tasks to queue
[2023-06-09T06:26:55.753+0000] {logging_mixin.py:149} INFO - [2023-06-09T06:26:55.753+0000] {dagbag.py:541} INFO - Filling up the DagBag from /home/airflow/.local/lib/python3.7/site-packages/airflow/example_dags/example_task_group_decorator.py
[2023-06-09T06:26:55.802+0000] {processor.py:836} INFO - DAG(s) dict_keys(['example_task_group_decorator']) retrieved from /home/airflow/.local/lib/python3.7/site-packages/airflow/example_dags/example_task_group_decorator.py
[2023-06-09T06:26:55.904+0000] {logging_mixin.py:149} INFO - [2023-06-09T06:26:55.904+0000] {dag.py:2726} INFO - Sync 1 DAGs
[2023-06-09T06:26:56.001+0000] {logging_mixin.py:149} INFO - [2023-06-09T06:26:56.000+0000] {dag.py:3490} INFO - Setting next_dagrun for example_task_group_decorator to 2023-06-08T06:26:56.000536+00:00, run_after=2023-06-09T06:26:56.000536+00:00
[2023-06-09T06:26:56.078+0000] {processor.py:179} INFO - Processing /home/airflow/.local/lib/python3.7/site-packages/airflow/example_dags/example_task_group_decorator.py took 0.347 seconds
[2023-06-09T06:27:26.327+0000] {processor.py:157} INFO - Started process (PID=3224) to work on /home/airflow/.local/lib/python3.7/site-packages/airflow/example_dags/example_task_group_decorator.py
[2023-06-09T06:27:26.328+0000] {processor.py:826} INFO - Processing file /home/airflow/.local/lib/python3.7/site-packages/airflow/example_dags/example_task_group_decorator.py for tasks to queue
[2023-06-09T06:27:26.329+0000] {logging_mixin.py:149} INFO - [2023-06-09T06:27:26.329+0000] {dagbag.py:541} INFO - Filling up the DagBag from /home/airflow/.local/lib/python3.7/site-packages/airflow/example_dags/example_task_group_decorator.py
[2023-06-09T06:27:26.347+0000] {processor.py:836} INFO - DAG(s) dict_keys(['example_task_group_decorator']) retrieved from /home/airflow/.local/lib/python3.7/site-packages/airflow/example_dags/example_task_group_decorator.py
[2023-06-09T06:27:26.387+0000] {logging_mixin.py:149} INFO - [2023-06-09T06:27:26.387+0000] {dag.py:2726} INFO - Sync 1 DAGs
[2023-06-09T06:27:26.427+0000] {logging_mixin.py:149} INFO - [2023-06-09T06:27:26.427+0000] {dag.py:3490} INFO - Setting next_dagrun for example_task_group_decorator to 2023-06-08T06:27:26.426877+00:00, run_after=2023-06-09T06:27:26.426877+00:00
[2023-06-09T06:27:26.451+0000] {processor.py:179} INFO - Processing /home/airflow/.local/lib/python3.7/site-packages/airflow/example_dags/example_task_group_decorator.py took 0.128 seconds
[2023-06-09T06:27:56.594+0000] {processor.py:157} INFO - Started process (PID=3277) to work on /home/airflow/.local/lib/python3.7/site-packages/airflow/example_dags/example_task_group_decorator.py
[2023-06-09T06:27:56.596+0000] {processor.py:826} INFO - Processing file /home/airflow/.local/lib/python3.7/site-packages/airflow/example_dags/example_task_group_decorator.py for tasks to queue
[2023-06-09T06:27:56.596+0000] {logging_mixin.py:149} INFO - [2023-06-09T06:27:56.596+0000] {dagbag.py:541} INFO - Filling up the DagBag from /home/airflow/.local/lib/python3.7/site-packages/airflow/example_dags/example_task_group_decorator.py
[2023-06-09T06:27:56.617+0000] {processor.py:836} INFO - DAG(s) dict_keys(['example_task_group_decorator']) retrieved from /home/airflow/.local/lib/python3.7/site-packages/airflow/example_dags/example_task_group_decorator.py
[2023-06-09T06:27:56.654+0000] {logging_mixin.py:149} INFO - [2023-06-09T06:27:56.654+0000] {dag.py:2726} INFO - Sync 1 DAGs
[2023-06-09T06:27:56.690+0000] {logging_mixin.py:149} INFO - [2023-06-09T06:27:56.690+0000] {dag.py:3490} INFO - Setting next_dagrun for example_task_group_decorator to 2023-06-08T06:27:56.690284+00:00, run_after=2023-06-09T06:27:56.690284+00:00
[2023-06-09T06:27:56.714+0000] {processor.py:179} INFO - Processing /home/airflow/.local/lib/python3.7/site-packages/airflow/example_dags/example_task_group_decorator.py took 0.124 seconds
[2023-06-09T06:28:27.153+0000] {processor.py:157} INFO - Started process (PID=3331) to work on /home/airflow/.local/lib/python3.7/site-packages/airflow/example_dags/example_task_group_decorator.py
[2023-06-09T06:28:27.155+0000] {processor.py:826} INFO - Processing file /home/airflow/.local/lib/python3.7/site-packages/airflow/example_dags/example_task_group_decorator.py for tasks to queue
[2023-06-09T06:28:27.156+0000] {logging_mixin.py:149} INFO - [2023-06-09T06:28:27.156+0000] {dagbag.py:541} INFO - Filling up the DagBag from /home/airflow/.local/lib/python3.7/site-packages/airflow/example_dags/example_task_group_decorator.py
[2023-06-09T06:28:27.175+0000] {processor.py:836} INFO - DAG(s) dict_keys(['example_task_group_decorator']) retrieved from /home/airflow/.local/lib/python3.7/site-packages/airflow/example_dags/example_task_group_decorator.py
[2023-06-09T06:28:27.211+0000] {logging_mixin.py:149} INFO - [2023-06-09T06:28:27.211+0000] {dag.py:2726} INFO - Sync 1 DAGs
[2023-06-09T06:28:27.249+0000] {logging_mixin.py:149} INFO - [2023-06-09T06:28:27.249+0000] {dag.py:3490} INFO - Setting next_dagrun for example_task_group_decorator to 2023-06-08T06:28:27.248896+00:00, run_after=2023-06-09T06:28:27.248896+00:00
[2023-06-09T06:28:27.278+0000] {processor.py:179} INFO - Processing /home/airflow/.local/lib/python3.7/site-packages/airflow/example_dags/example_task_group_decorator.py took 0.128 seconds
[2023-06-09T06:28:57.499+0000] {processor.py:157} INFO - Started process (PID=3385) to work on /home/airflow/.local/lib/python3.7/site-packages/airflow/example_dags/example_task_group_decorator.py
[2023-06-09T06:28:57.500+0000] {processor.py:826} INFO - Processing file /home/airflow/.local/lib/python3.7/site-packages/airflow/example_dags/example_task_group_decorator.py for tasks to queue
[2023-06-09T06:28:57.501+0000] {logging_mixin.py:149} INFO - [2023-06-09T06:28:57.501+0000] {dagbag.py:541} INFO - Filling up the DagBag from /home/airflow/.local/lib/python3.7/site-packages/airflow/example_dags/example_task_group_decorator.py
[2023-06-09T06:28:57.521+0000] {processor.py:836} INFO - DAG(s) dict_keys(['example_task_group_decorator']) retrieved from /home/airflow/.local/lib/python3.7/site-packages/airflow/example_dags/example_task_group_decorator.py
[2023-06-09T06:28:57.562+0000] {logging_mixin.py:149} INFO - [2023-06-09T06:28:57.562+0000] {dag.py:2726} INFO - Sync 1 DAGs
[2023-06-09T06:28:57.605+0000] {logging_mixin.py:149} INFO - [2023-06-09T06:28:57.605+0000] {dag.py:3490} INFO - Setting next_dagrun for example_task_group_decorator to 2023-06-08T06:28:57.605200+00:00, run_after=2023-06-09T06:28:57.605200+00:00
[2023-06-09T06:28:57.633+0000] {processor.py:179} INFO - Processing /home/airflow/.local/lib/python3.7/site-packages/airflow/example_dags/example_task_group_decorator.py took 0.138 seconds
[2023-06-09T06:29:27.901+0000] {processor.py:157} INFO - Started process (PID=3439) to work on /home/airflow/.local/lib/python3.7/site-packages/airflow/example_dags/example_task_group_decorator.py
[2023-06-09T06:29:27.902+0000] {processor.py:826} INFO - Processing file /home/airflow/.local/lib/python3.7/site-packages/airflow/example_dags/example_task_group_decorator.py for tasks to queue
[2023-06-09T06:29:27.903+0000] {logging_mixin.py:149} INFO - [2023-06-09T06:29:27.903+0000] {dagbag.py:541} INFO - Filling up the DagBag from /home/airflow/.local/lib/python3.7/site-packages/airflow/example_dags/example_task_group_decorator.py
[2023-06-09T06:29:27.921+0000] {processor.py:836} INFO - DAG(s) dict_keys(['example_task_group_decorator']) retrieved from /home/airflow/.local/lib/python3.7/site-packages/airflow/example_dags/example_task_group_decorator.py
[2023-06-09T06:29:27.956+0000] {logging_mixin.py:149} INFO - [2023-06-09T06:29:27.956+0000] {dag.py:2726} INFO - Sync 1 DAGs
[2023-06-09T06:29:27.990+0000] {logging_mixin.py:149} INFO - [2023-06-09T06:29:27.990+0000] {dag.py:3490} INFO - Setting next_dagrun for example_task_group_decorator to 2023-06-08T06:29:27.989908+00:00, run_after=2023-06-09T06:29:27.989908+00:00
[2023-06-09T06:29:28.016+0000] {processor.py:179} INFO - Processing /home/airflow/.local/lib/python3.7/site-packages/airflow/example_dags/example_task_group_decorator.py took 0.119 seconds
[2023-06-09T06:29:58.181+0000] {processor.py:157} INFO - Started process (PID=3492) to work on /home/airflow/.local/lib/python3.7/site-packages/airflow/example_dags/example_task_group_decorator.py
[2023-06-09T06:29:58.186+0000] {processor.py:826} INFO - Processing file /home/airflow/.local/lib/python3.7/site-packages/airflow/example_dags/example_task_group_decorator.py for tasks to queue
[2023-06-09T06:29:58.187+0000] {logging_mixin.py:149} INFO - [2023-06-09T06:29:58.187+0000] {dagbag.py:541} INFO - Filling up the DagBag from /home/airflow/.local/lib/python3.7/site-packages/airflow/example_dags/example_task_group_decorator.py
[2023-06-09T06:29:58.205+0000] {processor.py:836} INFO - DAG(s) dict_keys(['example_task_group_decorator']) retrieved from /home/airflow/.local/lib/python3.7/site-packages/airflow/example_dags/example_task_group_decorator.py
[2023-06-09T06:29:58.241+0000] {logging_mixin.py:149} INFO - [2023-06-09T06:29:58.241+0000] {dag.py:2726} INFO - Sync 1 DAGs
[2023-06-09T06:29:58.278+0000] {logging_mixin.py:149} INFO - [2023-06-09T06:29:58.278+0000] {dag.py:3490} INFO - Setting next_dagrun for example_task_group_decorator to 2023-06-08T06:29:58.278485+00:00, run_after=2023-06-09T06:29:58.278485+00:00
[2023-06-09T06:29:58.306+0000] {processor.py:179} INFO - Processing /home/airflow/.local/lib/python3.7/site-packages/airflow/example_dags/example_task_group_decorator.py took 0.128 seconds
[2023-06-09T06:30:28.590+0000] {processor.py:157} INFO - Started process (PID=3546) to work on /home/airflow/.local/lib/python3.7/site-packages/airflow/example_dags/example_task_group_decorator.py
[2023-06-09T06:30:28.591+0000] {processor.py:826} INFO - Processing file /home/airflow/.local/lib/python3.7/site-packages/airflow/example_dags/example_task_group_decorator.py for tasks to queue
[2023-06-09T06:30:28.592+0000] {logging_mixin.py:149} INFO - [2023-06-09T06:30:28.592+0000] {dagbag.py:541} INFO - Filling up the DagBag from /home/airflow/.local/lib/python3.7/site-packages/airflow/example_dags/example_task_group_decorator.py
[2023-06-09T06:30:28.611+0000] {processor.py:836} INFO - DAG(s) dict_keys(['example_task_group_decorator']) retrieved from /home/airflow/.local/lib/python3.7/site-packages/airflow/example_dags/example_task_group_decorator.py
[2023-06-09T06:30:28.648+0000] {logging_mixin.py:149} INFO - [2023-06-09T06:30:28.648+0000] {dag.py:2726} INFO - Sync 1 DAGs
[2023-06-09T06:30:28.685+0000] {logging_mixin.py:149} INFO - [2023-06-09T06:30:28.685+0000] {dag.py:3490} INFO - Setting next_dagrun for example_task_group_decorator to 2023-06-08T06:30:28.684935+00:00, run_after=2023-06-09T06:30:28.684935+00:00
[2023-06-09T06:30:28.715+0000] {processor.py:179} INFO - Processing /home/airflow/.local/lib/python3.7/site-packages/airflow/example_dags/example_task_group_decorator.py took 0.129 seconds
