[2023-06-09T05:57:27.092+0000] {processor.py:157} INFO - Started process (PID=50) to work on /home/airflow/.local/lib/python3.7/site-packages/airflow/example_dags/example_task_group.py
[2023-06-09T05:57:27.104+0000] {processor.py:826} INFO - Processing file /home/airflow/.local/lib/python3.7/site-packages/airflow/example_dags/example_task_group.py for tasks to queue
[2023-06-09T05:57:27.118+0000] {logging_mixin.py:149} INFO - [2023-06-09T05:57:27.118+0000] {dagbag.py:541} INFO - Filling up the DagBag from /home/airflow/.local/lib/python3.7/site-packages/airflow/example_dags/example_task_group.py
[2023-06-09T05:57:27.236+0000] {processor.py:836} INFO - DAG(s) dict_keys(['example_task_group']) retrieved from /home/airflow/.local/lib/python3.7/site-packages/airflow/example_dags/example_task_group.py
[2023-06-09T05:57:27.407+0000] {logging_mixin.py:149} INFO - [2023-06-09T05:57:27.407+0000] {dag.py:2726} INFO - Sync 1 DAGs
[2023-06-09T05:57:27.619+0000] {logging_mixin.py:149} INFO - [2023-06-09T05:57:27.619+0000] {dag.py:3490} INFO - Setting next_dagrun for example_task_group to 2023-06-08T05:57:27.618982+00:00, run_after=2023-06-09T05:57:27.618982+00:00
[2023-06-09T05:57:27.792+0000] {processor.py:179} INFO - Processing /home/airflow/.local/lib/python3.7/site-packages/airflow/example_dags/example_task_group.py took 0.744 seconds
[2023-06-09T05:57:58.156+0000] {processor.py:157} INFO - Started process (PID=106) to work on /home/airflow/.local/lib/python3.7/site-packages/airflow/example_dags/example_task_group.py
[2023-06-09T05:57:58.160+0000] {processor.py:826} INFO - Processing file /home/airflow/.local/lib/python3.7/site-packages/airflow/example_dags/example_task_group.py for tasks to queue
[2023-06-09T05:57:58.161+0000] {logging_mixin.py:149} INFO - [2023-06-09T05:57:58.160+0000] {dagbag.py:541} INFO - Filling up the DagBag from /home/airflow/.local/lib/python3.7/site-packages/airflow/example_dags/example_task_group.py
[2023-06-09T05:57:58.173+0000] {processor.py:836} INFO - DAG(s) dict_keys(['example_task_group']) retrieved from /home/airflow/.local/lib/python3.7/site-packages/airflow/example_dags/example_task_group.py
[2023-06-09T05:57:58.206+0000] {logging_mixin.py:149} INFO - [2023-06-09T05:57:58.205+0000] {dag.py:2726} INFO - Sync 1 DAGs
[2023-06-09T05:57:58.247+0000] {logging_mixin.py:149} INFO - [2023-06-09T05:57:58.247+0000] {dag.py:3490} INFO - Setting next_dagrun for example_task_group to 2023-06-08T05:57:58.247104+00:00, run_after=2023-06-09T05:57:58.247104+00:00
[2023-06-09T05:57:58.279+0000] {processor.py:179} INFO - Processing /home/airflow/.local/lib/python3.7/site-packages/airflow/example_dags/example_task_group.py took 0.126 seconds
[2023-06-09T05:58:28.833+0000] {processor.py:157} INFO - Started process (PID=160) to work on /home/airflow/.local/lib/python3.7/site-packages/airflow/example_dags/example_task_group.py
[2023-06-09T05:58:28.834+0000] {processor.py:826} INFO - Processing file /home/airflow/.local/lib/python3.7/site-packages/airflow/example_dags/example_task_group.py for tasks to queue
[2023-06-09T05:58:28.835+0000] {logging_mixin.py:149} INFO - [2023-06-09T05:58:28.835+0000] {dagbag.py:541} INFO - Filling up the DagBag from /home/airflow/.local/lib/python3.7/site-packages/airflow/example_dags/example_task_group.py
[2023-06-09T05:58:28.845+0000] {processor.py:836} INFO - DAG(s) dict_keys(['example_task_group']) retrieved from /home/airflow/.local/lib/python3.7/site-packages/airflow/example_dags/example_task_group.py
[2023-06-09T05:58:28.878+0000] {logging_mixin.py:149} INFO - [2023-06-09T05:58:28.878+0000] {dag.py:2726} INFO - Sync 1 DAGs
[2023-06-09T05:58:28.915+0000] {logging_mixin.py:149} INFO - [2023-06-09T05:58:28.914+0000] {dag.py:3490} INFO - Setting next_dagrun for example_task_group to 2023-06-08T05:58:28.914650+00:00, run_after=2023-06-09T05:58:28.914650+00:00
[2023-06-09T05:58:28.937+0000] {processor.py:179} INFO - Processing /home/airflow/.local/lib/python3.7/site-packages/airflow/example_dags/example_task_group.py took 0.108 seconds
[2023-06-09T05:58:59.338+0000] {processor.py:157} INFO - Started process (PID=214) to work on /home/airflow/.local/lib/python3.7/site-packages/airflow/example_dags/example_task_group.py
[2023-06-09T05:58:59.342+0000] {processor.py:826} INFO - Processing file /home/airflow/.local/lib/python3.7/site-packages/airflow/example_dags/example_task_group.py for tasks to queue
[2023-06-09T05:58:59.343+0000] {logging_mixin.py:149} INFO - [2023-06-09T05:58:59.343+0000] {dagbag.py:541} INFO - Filling up the DagBag from /home/airflow/.local/lib/python3.7/site-packages/airflow/example_dags/example_task_group.py
[2023-06-09T05:58:59.353+0000] {processor.py:836} INFO - DAG(s) dict_keys(['example_task_group']) retrieved from /home/airflow/.local/lib/python3.7/site-packages/airflow/example_dags/example_task_group.py
[2023-06-09T05:58:59.383+0000] {logging_mixin.py:149} INFO - [2023-06-09T05:58:59.383+0000] {dag.py:2726} INFO - Sync 1 DAGs
[2023-06-09T05:58:59.418+0000] {logging_mixin.py:149} INFO - [2023-06-09T05:58:59.418+0000] {dag.py:3490} INFO - Setting next_dagrun for example_task_group to 2023-06-08T05:58:59.418201+00:00, run_after=2023-06-09T05:58:59.418201+00:00
[2023-06-09T05:58:59.442+0000] {processor.py:179} INFO - Processing /home/airflow/.local/lib/python3.7/site-packages/airflow/example_dags/example_task_group.py took 0.108 seconds
[2023-06-09T05:59:29.662+0000] {processor.py:157} INFO - Started process (PID=268) to work on /home/airflow/.local/lib/python3.7/site-packages/airflow/example_dags/example_task_group.py
[2023-06-09T05:59:29.663+0000] {processor.py:826} INFO - Processing file /home/airflow/.local/lib/python3.7/site-packages/airflow/example_dags/example_task_group.py for tasks to queue
[2023-06-09T05:59:29.664+0000] {logging_mixin.py:149} INFO - [2023-06-09T05:59:29.664+0000] {dagbag.py:541} INFO - Filling up the DagBag from /home/airflow/.local/lib/python3.7/site-packages/airflow/example_dags/example_task_group.py
[2023-06-09T05:59:29.674+0000] {processor.py:836} INFO - DAG(s) dict_keys(['example_task_group']) retrieved from /home/airflow/.local/lib/python3.7/site-packages/airflow/example_dags/example_task_group.py
[2023-06-09T05:59:29.705+0000] {logging_mixin.py:149} INFO - [2023-06-09T05:59:29.705+0000] {dag.py:2726} INFO - Sync 1 DAGs
[2023-06-09T05:59:29.756+0000] {logging_mixin.py:149} INFO - [2023-06-09T05:59:29.756+0000] {dag.py:3490} INFO - Setting next_dagrun for example_task_group to 2023-06-08T05:59:29.756451+00:00, run_after=2023-06-09T05:59:29.756451+00:00
[2023-06-09T05:59:29.783+0000] {processor.py:179} INFO - Processing /home/airflow/.local/lib/python3.7/site-packages/airflow/example_dags/example_task_group.py took 0.124 seconds
[2023-06-09T05:59:59.843+0000] {processor.py:157} INFO - Started process (PID=322) to work on /home/airflow/.local/lib/python3.7/site-packages/airflow/example_dags/example_task_group.py
[2023-06-09T05:59:59.845+0000] {processor.py:826} INFO - Processing file /home/airflow/.local/lib/python3.7/site-packages/airflow/example_dags/example_task_group.py for tasks to queue
[2023-06-09T05:59:59.846+0000] {logging_mixin.py:149} INFO - [2023-06-09T05:59:59.845+0000] {dagbag.py:541} INFO - Filling up the DagBag from /home/airflow/.local/lib/python3.7/site-packages/airflow/example_dags/example_task_group.py
[2023-06-09T05:59:59.855+0000] {processor.py:836} INFO - DAG(s) dict_keys(['example_task_group']) retrieved from /home/airflow/.local/lib/python3.7/site-packages/airflow/example_dags/example_task_group.py
[2023-06-09T05:59:59.897+0000] {logging_mixin.py:149} INFO - [2023-06-09T05:59:59.896+0000] {dag.py:2726} INFO - Sync 1 DAGs
[2023-06-09T05:59:59.930+0000] {logging_mixin.py:149} INFO - [2023-06-09T05:59:59.930+0000] {dag.py:3490} INFO - Setting next_dagrun for example_task_group to 2023-06-08T05:59:59.930025+00:00, run_after=2023-06-09T05:59:59.930025+00:00
[2023-06-09T05:59:59.953+0000] {processor.py:179} INFO - Processing /home/airflow/.local/lib/python3.7/site-packages/airflow/example_dags/example_task_group.py took 0.113 seconds
[2023-06-09T06:00:29.984+0000] {processor.py:157} INFO - Started process (PID=377) to work on /home/airflow/.local/lib/python3.7/site-packages/airflow/example_dags/example_task_group.py
[2023-06-09T06:00:29.985+0000] {processor.py:826} INFO - Processing file /home/airflow/.local/lib/python3.7/site-packages/airflow/example_dags/example_task_group.py for tasks to queue
[2023-06-09T06:00:29.986+0000] {logging_mixin.py:149} INFO - [2023-06-09T06:00:29.986+0000] {dagbag.py:541} INFO - Filling up the DagBag from /home/airflow/.local/lib/python3.7/site-packages/airflow/example_dags/example_task_group.py
[2023-06-09T06:00:29.996+0000] {processor.py:836} INFO - DAG(s) dict_keys(['example_task_group']) retrieved from /home/airflow/.local/lib/python3.7/site-packages/airflow/example_dags/example_task_group.py
[2023-06-09T06:00:30.030+0000] {logging_mixin.py:149} INFO - [2023-06-09T06:00:30.030+0000] {dag.py:2726} INFO - Sync 1 DAGs
[2023-06-09T06:00:30.090+0000] {logging_mixin.py:149} INFO - [2023-06-09T06:00:30.089+0000] {dag.py:3490} INFO - Setting next_dagrun for example_task_group to 2023-06-08T06:00:30.089648+00:00, run_after=2023-06-09T06:00:30.089648+00:00
[2023-06-09T06:00:30.124+0000] {processor.py:179} INFO - Processing /home/airflow/.local/lib/python3.7/site-packages/airflow/example_dags/example_task_group.py took 0.144 seconds
[2023-06-09T06:01:00.467+0000] {processor.py:157} INFO - Started process (PID=431) to work on /home/airflow/.local/lib/python3.7/site-packages/airflow/example_dags/example_task_group.py
[2023-06-09T06:01:00.469+0000] {processor.py:826} INFO - Processing file /home/airflow/.local/lib/python3.7/site-packages/airflow/example_dags/example_task_group.py for tasks to queue
[2023-06-09T06:01:00.470+0000] {logging_mixin.py:149} INFO - [2023-06-09T06:01:00.469+0000] {dagbag.py:541} INFO - Filling up the DagBag from /home/airflow/.local/lib/python3.7/site-packages/airflow/example_dags/example_task_group.py
[2023-06-09T06:01:00.480+0000] {processor.py:836} INFO - DAG(s) dict_keys(['example_task_group']) retrieved from /home/airflow/.local/lib/python3.7/site-packages/airflow/example_dags/example_task_group.py
[2023-06-09T06:01:00.516+0000] {logging_mixin.py:149} INFO - [2023-06-09T06:01:00.516+0000] {dag.py:2726} INFO - Sync 1 DAGs
[2023-06-09T06:01:00.551+0000] {logging_mixin.py:149} INFO - [2023-06-09T06:01:00.551+0000] {dag.py:3490} INFO - Setting next_dagrun for example_task_group to 2023-06-08T06:01:00.550966+00:00, run_after=2023-06-09T06:01:00.550966+00:00
[2023-06-09T06:01:00.574+0000] {processor.py:179} INFO - Processing /home/airflow/.local/lib/python3.7/site-packages/airflow/example_dags/example_task_group.py took 0.111 seconds
[2023-06-09T06:01:31.251+0000] {processor.py:157} INFO - Started process (PID=485) to work on /home/airflow/.local/lib/python3.7/site-packages/airflow/example_dags/example_task_group.py
[2023-06-09T06:01:31.253+0000] {processor.py:826} INFO - Processing file /home/airflow/.local/lib/python3.7/site-packages/airflow/example_dags/example_task_group.py for tasks to queue
[2023-06-09T06:01:31.254+0000] {logging_mixin.py:149} INFO - [2023-06-09T06:01:31.253+0000] {dagbag.py:541} INFO - Filling up the DagBag from /home/airflow/.local/lib/python3.7/site-packages/airflow/example_dags/example_task_group.py
[2023-06-09T06:01:31.263+0000] {processor.py:836} INFO - DAG(s) dict_keys(['example_task_group']) retrieved from /home/airflow/.local/lib/python3.7/site-packages/airflow/example_dags/example_task_group.py
[2023-06-09T06:01:31.294+0000] {logging_mixin.py:149} INFO - [2023-06-09T06:01:31.294+0000] {dag.py:2726} INFO - Sync 1 DAGs
[2023-06-09T06:01:31.327+0000] {logging_mixin.py:149} INFO - [2023-06-09T06:01:31.327+0000] {dag.py:3490} INFO - Setting next_dagrun for example_task_group to 2023-06-08T06:01:31.327434+00:00, run_after=2023-06-09T06:01:31.327434+00:00
[2023-06-09T06:01:31.353+0000] {processor.py:179} INFO - Processing /home/airflow/.local/lib/python3.7/site-packages/airflow/example_dags/example_task_group.py took 0.105 seconds
[2023-06-09T06:02:01.912+0000] {processor.py:157} INFO - Started process (PID=540) to work on /home/airflow/.local/lib/python3.7/site-packages/airflow/example_dags/example_task_group.py
[2023-06-09T06:02:01.913+0000] {processor.py:826} INFO - Processing file /home/airflow/.local/lib/python3.7/site-packages/airflow/example_dags/example_task_group.py for tasks to queue
[2023-06-09T06:02:01.913+0000] {logging_mixin.py:149} INFO - [2023-06-09T06:02:01.913+0000] {dagbag.py:541} INFO - Filling up the DagBag from /home/airflow/.local/lib/python3.7/site-packages/airflow/example_dags/example_task_group.py
[2023-06-09T06:02:01.923+0000] {processor.py:836} INFO - DAG(s) dict_keys(['example_task_group']) retrieved from /home/airflow/.local/lib/python3.7/site-packages/airflow/example_dags/example_task_group.py
[2023-06-09T06:02:01.955+0000] {logging_mixin.py:149} INFO - [2023-06-09T06:02:01.954+0000] {dag.py:2726} INFO - Sync 1 DAGs
[2023-06-09T06:02:01.996+0000] {logging_mixin.py:149} INFO - [2023-06-09T06:02:01.996+0000] {dag.py:3490} INFO - Setting next_dagrun for example_task_group to 2023-06-08T06:02:01.996094+00:00, run_after=2023-06-09T06:02:01.996094+00:00
[2023-06-09T06:02:02.021+0000] {processor.py:179} INFO - Processing /home/airflow/.local/lib/python3.7/site-packages/airflow/example_dags/example_task_group.py took 0.113 seconds
[2023-06-09T06:02:32.405+0000] {processor.py:157} INFO - Started process (PID=595) to work on /home/airflow/.local/lib/python3.7/site-packages/airflow/example_dags/example_task_group.py
[2023-06-09T06:02:32.406+0000] {processor.py:826} INFO - Processing file /home/airflow/.local/lib/python3.7/site-packages/airflow/example_dags/example_task_group.py for tasks to queue
[2023-06-09T06:02:32.407+0000] {logging_mixin.py:149} INFO - [2023-06-09T06:02:32.406+0000] {dagbag.py:541} INFO - Filling up the DagBag from /home/airflow/.local/lib/python3.7/site-packages/airflow/example_dags/example_task_group.py
[2023-06-09T06:02:32.424+0000] {processor.py:836} INFO - DAG(s) dict_keys(['example_task_group']) retrieved from /home/airflow/.local/lib/python3.7/site-packages/airflow/example_dags/example_task_group.py
[2023-06-09T06:02:32.456+0000] {logging_mixin.py:149} INFO - [2023-06-09T06:02:32.456+0000] {dag.py:2726} INFO - Sync 1 DAGs
[2023-06-09T06:02:32.489+0000] {logging_mixin.py:149} INFO - [2023-06-09T06:02:32.489+0000] {dag.py:3490} INFO - Setting next_dagrun for example_task_group to 2023-06-08T06:02:32.489192+00:00, run_after=2023-06-09T06:02:32.489192+00:00
[2023-06-09T06:02:32.512+0000] {processor.py:179} INFO - Processing /home/airflow/.local/lib/python3.7/site-packages/airflow/example_dags/example_task_group.py took 0.112 seconds
[2023-06-09T06:03:03.115+0000] {processor.py:157} INFO - Started process (PID=648) to work on /home/airflow/.local/lib/python3.7/site-packages/airflow/example_dags/example_task_group.py
[2023-06-09T06:03:03.116+0000] {processor.py:826} INFO - Processing file /home/airflow/.local/lib/python3.7/site-packages/airflow/example_dags/example_task_group.py for tasks to queue
[2023-06-09T06:03:03.117+0000] {logging_mixin.py:149} INFO - [2023-06-09T06:03:03.117+0000] {dagbag.py:541} INFO - Filling up the DagBag from /home/airflow/.local/lib/python3.7/site-packages/airflow/example_dags/example_task_group.py
[2023-06-09T06:03:03.127+0000] {processor.py:836} INFO - DAG(s) dict_keys(['example_task_group']) retrieved from /home/airflow/.local/lib/python3.7/site-packages/airflow/example_dags/example_task_group.py
[2023-06-09T06:03:03.159+0000] {logging_mixin.py:149} INFO - [2023-06-09T06:03:03.159+0000] {dag.py:2726} INFO - Sync 1 DAGs
[2023-06-09T06:03:03.191+0000] {logging_mixin.py:149} INFO - [2023-06-09T06:03:03.191+0000] {dag.py:3490} INFO - Setting next_dagrun for example_task_group to 2023-06-08T06:03:03.191384+00:00, run_after=2023-06-09T06:03:03.191384+00:00
[2023-06-09T06:03:03.215+0000] {processor.py:179} INFO - Processing /home/airflow/.local/lib/python3.7/site-packages/airflow/example_dags/example_task_group.py took 0.103 seconds
[2023-06-09T06:03:33.730+0000] {processor.py:157} INFO - Started process (PID=702) to work on /home/airflow/.local/lib/python3.7/site-packages/airflow/example_dags/example_task_group.py
[2023-06-09T06:03:33.732+0000] {processor.py:826} INFO - Processing file /home/airflow/.local/lib/python3.7/site-packages/airflow/example_dags/example_task_group.py for tasks to queue
[2023-06-09T06:03:33.733+0000] {logging_mixin.py:149} INFO - [2023-06-09T06:03:33.732+0000] {dagbag.py:541} INFO - Filling up the DagBag from /home/airflow/.local/lib/python3.7/site-packages/airflow/example_dags/example_task_group.py
[2023-06-09T06:03:33.743+0000] {processor.py:836} INFO - DAG(s) dict_keys(['example_task_group']) retrieved from /home/airflow/.local/lib/python3.7/site-packages/airflow/example_dags/example_task_group.py
[2023-06-09T06:03:33.775+0000] {logging_mixin.py:149} INFO - [2023-06-09T06:03:33.774+0000] {dag.py:2726} INFO - Sync 1 DAGs
[2023-06-09T06:03:33.811+0000] {logging_mixin.py:149} INFO - [2023-06-09T06:03:33.810+0000] {dag.py:3490} INFO - Setting next_dagrun for example_task_group to 2023-06-08T06:03:33.810505+00:00, run_after=2023-06-09T06:03:33.810505+00:00
[2023-06-09T06:03:33.836+0000] {processor.py:179} INFO - Processing /home/airflow/.local/lib/python3.7/site-packages/airflow/example_dags/example_task_group.py took 0.109 seconds
[2023-06-09T06:04:04.429+0000] {processor.py:157} INFO - Started process (PID=755) to work on /home/airflow/.local/lib/python3.7/site-packages/airflow/example_dags/example_task_group.py
[2023-06-09T06:04:04.430+0000] {processor.py:826} INFO - Processing file /home/airflow/.local/lib/python3.7/site-packages/airflow/example_dags/example_task_group.py for tasks to queue
[2023-06-09T06:04:04.431+0000] {logging_mixin.py:149} INFO - [2023-06-09T06:04:04.431+0000] {dagbag.py:541} INFO - Filling up the DagBag from /home/airflow/.local/lib/python3.7/site-packages/airflow/example_dags/example_task_group.py
[2023-06-09T06:04:04.441+0000] {processor.py:836} INFO - DAG(s) dict_keys(['example_task_group']) retrieved from /home/airflow/.local/lib/python3.7/site-packages/airflow/example_dags/example_task_group.py
[2023-06-09T06:04:04.482+0000] {logging_mixin.py:149} INFO - [2023-06-09T06:04:04.481+0000] {dag.py:2726} INFO - Sync 1 DAGs
[2023-06-09T06:04:04.516+0000] {logging_mixin.py:149} INFO - [2023-06-09T06:04:04.516+0000] {dag.py:3490} INFO - Setting next_dagrun for example_task_group to 2023-06-08T06:04:04.516386+00:00, run_after=2023-06-09T06:04:04.516386+00:00
[2023-06-09T06:04:04.566+0000] {processor.py:179} INFO - Processing /home/airflow/.local/lib/python3.7/site-packages/airflow/example_dags/example_task_group.py took 0.142 seconds
[2023-06-09T06:04:34.644+0000] {processor.py:157} INFO - Started process (PID=808) to work on /home/airflow/.local/lib/python3.7/site-packages/airflow/example_dags/example_task_group.py
[2023-06-09T06:04:34.646+0000] {processor.py:826} INFO - Processing file /home/airflow/.local/lib/python3.7/site-packages/airflow/example_dags/example_task_group.py for tasks to queue
[2023-06-09T06:04:34.647+0000] {logging_mixin.py:149} INFO - [2023-06-09T06:04:34.647+0000] {dagbag.py:541} INFO - Filling up the DagBag from /home/airflow/.local/lib/python3.7/site-packages/airflow/example_dags/example_task_group.py
[2023-06-09T06:04:34.657+0000] {processor.py:836} INFO - DAG(s) dict_keys(['example_task_group']) retrieved from /home/airflow/.local/lib/python3.7/site-packages/airflow/example_dags/example_task_group.py
[2023-06-09T06:04:34.689+0000] {logging_mixin.py:149} INFO - [2023-06-09T06:04:34.689+0000] {dag.py:2726} INFO - Sync 1 DAGs
[2023-06-09T06:04:34.722+0000] {logging_mixin.py:149} INFO - [2023-06-09T06:04:34.722+0000] {dag.py:3490} INFO - Setting next_dagrun for example_task_group to 2023-06-08T06:04:34.722275+00:00, run_after=2023-06-09T06:04:34.722275+00:00
[2023-06-09T06:04:34.744+0000] {processor.py:179} INFO - Processing /home/airflow/.local/lib/python3.7/site-packages/airflow/example_dags/example_task_group.py took 0.105 seconds
[2023-06-09T06:05:04.889+0000] {processor.py:157} INFO - Started process (PID=862) to work on /home/airflow/.local/lib/python3.7/site-packages/airflow/example_dags/example_task_group.py
[2023-06-09T06:05:04.891+0000] {processor.py:826} INFO - Processing file /home/airflow/.local/lib/python3.7/site-packages/airflow/example_dags/example_task_group.py for tasks to queue
[2023-06-09T06:05:04.891+0000] {logging_mixin.py:149} INFO - [2023-06-09T06:05:04.891+0000] {dagbag.py:541} INFO - Filling up the DagBag from /home/airflow/.local/lib/python3.7/site-packages/airflow/example_dags/example_task_group.py
[2023-06-09T06:05:04.901+0000] {processor.py:836} INFO - DAG(s) dict_keys(['example_task_group']) retrieved from /home/airflow/.local/lib/python3.7/site-packages/airflow/example_dags/example_task_group.py
[2023-06-09T06:05:04.932+0000] {logging_mixin.py:149} INFO - [2023-06-09T06:05:04.932+0000] {dag.py:2726} INFO - Sync 1 DAGs
[2023-06-09T06:05:04.967+0000] {logging_mixin.py:149} INFO - [2023-06-09T06:05:04.967+0000] {dag.py:3490} INFO - Setting next_dagrun for example_task_group to 2023-06-08T06:05:04.967324+00:00, run_after=2023-06-09T06:05:04.967324+00:00
[2023-06-09T06:05:04.993+0000] {processor.py:179} INFO - Processing /home/airflow/.local/lib/python3.7/site-packages/airflow/example_dags/example_task_group.py took 0.107 seconds
[2023-06-09T06:05:35.496+0000] {processor.py:157} INFO - Started process (PID=916) to work on /home/airflow/.local/lib/python3.7/site-packages/airflow/example_dags/example_task_group.py
[2023-06-09T06:05:35.498+0000] {processor.py:826} INFO - Processing file /home/airflow/.local/lib/python3.7/site-packages/airflow/example_dags/example_task_group.py for tasks to queue
[2023-06-09T06:05:35.498+0000] {logging_mixin.py:149} INFO - [2023-06-09T06:05:35.498+0000] {dagbag.py:541} INFO - Filling up the DagBag from /home/airflow/.local/lib/python3.7/site-packages/airflow/example_dags/example_task_group.py
[2023-06-09T06:05:35.508+0000] {processor.py:836} INFO - DAG(s) dict_keys(['example_task_group']) retrieved from /home/airflow/.local/lib/python3.7/site-packages/airflow/example_dags/example_task_group.py
[2023-06-09T06:05:35.539+0000] {logging_mixin.py:149} INFO - [2023-06-09T06:05:35.539+0000] {dag.py:2726} INFO - Sync 1 DAGs
[2023-06-09T06:05:35.572+0000] {logging_mixin.py:149} INFO - [2023-06-09T06:05:35.572+0000] {dag.py:3490} INFO - Setting next_dagrun for example_task_group to 2023-06-08T06:05:35.572487+00:00, run_after=2023-06-09T06:05:35.572487+00:00
[2023-06-09T06:05:35.595+0000] {processor.py:179} INFO - Processing /home/airflow/.local/lib/python3.7/site-packages/airflow/example_dags/example_task_group.py took 0.103 seconds
[2023-06-09T06:06:06.201+0000] {processor.py:157} INFO - Started process (PID=969) to work on /home/airflow/.local/lib/python3.7/site-packages/airflow/example_dags/example_task_group.py
[2023-06-09T06:06:06.203+0000] {processor.py:826} INFO - Processing file /home/airflow/.local/lib/python3.7/site-packages/airflow/example_dags/example_task_group.py for tasks to queue
[2023-06-09T06:06:06.204+0000] {logging_mixin.py:149} INFO - [2023-06-09T06:06:06.204+0000] {dagbag.py:541} INFO - Filling up the DagBag from /home/airflow/.local/lib/python3.7/site-packages/airflow/example_dags/example_task_group.py
[2023-06-09T06:06:06.213+0000] {processor.py:836} INFO - DAG(s) dict_keys(['example_task_group']) retrieved from /home/airflow/.local/lib/python3.7/site-packages/airflow/example_dags/example_task_group.py
[2023-06-09T06:06:06.244+0000] {logging_mixin.py:149} INFO - [2023-06-09T06:06:06.244+0000] {dag.py:2726} INFO - Sync 1 DAGs
[2023-06-09T06:06:06.278+0000] {logging_mixin.py:149} INFO - [2023-06-09T06:06:06.278+0000] {dag.py:3490} INFO - Setting next_dagrun for example_task_group to 2023-06-08T06:06:06.278233+00:00, run_after=2023-06-09T06:06:06.278233+00:00
[2023-06-09T06:06:06.302+0000] {processor.py:179} INFO - Processing /home/airflow/.local/lib/python3.7/site-packages/airflow/example_dags/example_task_group.py took 0.104 seconds
[2023-06-09T06:06:36.782+0000] {processor.py:157} INFO - Started process (PID=1022) to work on /home/airflow/.local/lib/python3.7/site-packages/airflow/example_dags/example_task_group.py
[2023-06-09T06:06:36.783+0000] {processor.py:826} INFO - Processing file /home/airflow/.local/lib/python3.7/site-packages/airflow/example_dags/example_task_group.py for tasks to queue
[2023-06-09T06:06:36.783+0000] {logging_mixin.py:149} INFO - [2023-06-09T06:06:36.783+0000] {dagbag.py:541} INFO - Filling up the DagBag from /home/airflow/.local/lib/python3.7/site-packages/airflow/example_dags/example_task_group.py
[2023-06-09T06:06:36.793+0000] {processor.py:836} INFO - DAG(s) dict_keys(['example_task_group']) retrieved from /home/airflow/.local/lib/python3.7/site-packages/airflow/example_dags/example_task_group.py
[2023-06-09T06:06:36.824+0000] {logging_mixin.py:149} INFO - [2023-06-09T06:06:36.824+0000] {dag.py:2726} INFO - Sync 1 DAGs
[2023-06-09T06:06:36.857+0000] {logging_mixin.py:149} INFO - [2023-06-09T06:06:36.857+0000] {dag.py:3490} INFO - Setting next_dagrun for example_task_group to 2023-06-08T06:06:36.857165+00:00, run_after=2023-06-09T06:06:36.857165+00:00
[2023-06-09T06:06:36.881+0000] {processor.py:179} INFO - Processing /home/airflow/.local/lib/python3.7/site-packages/airflow/example_dags/example_task_group.py took 0.103 seconds
[2023-06-09T06:07:07.260+0000] {processor.py:157} INFO - Started process (PID=1077) to work on /home/airflow/.local/lib/python3.7/site-packages/airflow/example_dags/example_task_group.py
[2023-06-09T06:07:07.261+0000] {processor.py:826} INFO - Processing file /home/airflow/.local/lib/python3.7/site-packages/airflow/example_dags/example_task_group.py for tasks to queue
[2023-06-09T06:07:07.262+0000] {logging_mixin.py:149} INFO - [2023-06-09T06:07:07.262+0000] {dagbag.py:541} INFO - Filling up the DagBag from /home/airflow/.local/lib/python3.7/site-packages/airflow/example_dags/example_task_group.py
[2023-06-09T06:07:07.271+0000] {processor.py:836} INFO - DAG(s) dict_keys(['example_task_group']) retrieved from /home/airflow/.local/lib/python3.7/site-packages/airflow/example_dags/example_task_group.py
[2023-06-09T06:07:07.305+0000] {logging_mixin.py:149} INFO - [2023-06-09T06:07:07.305+0000] {dag.py:2726} INFO - Sync 1 DAGs
[2023-06-09T06:07:07.339+0000] {logging_mixin.py:149} INFO - [2023-06-09T06:07:07.339+0000] {dag.py:3490} INFO - Setting next_dagrun for example_task_group to 2023-06-08T06:07:07.338903+00:00, run_after=2023-06-09T06:07:07.338903+00:00
[2023-06-09T06:07:07.363+0000] {processor.py:179} INFO - Processing /home/airflow/.local/lib/python3.7/site-packages/airflow/example_dags/example_task_group.py took 0.107 seconds
[2023-06-09T06:07:37.778+0000] {processor.py:157} INFO - Started process (PID=1131) to work on /home/airflow/.local/lib/python3.7/site-packages/airflow/example_dags/example_task_group.py
[2023-06-09T06:07:37.780+0000] {processor.py:826} INFO - Processing file /home/airflow/.local/lib/python3.7/site-packages/airflow/example_dags/example_task_group.py for tasks to queue
[2023-06-09T06:07:37.780+0000] {logging_mixin.py:149} INFO - [2023-06-09T06:07:37.780+0000] {dagbag.py:541} INFO - Filling up the DagBag from /home/airflow/.local/lib/python3.7/site-packages/airflow/example_dags/example_task_group.py
[2023-06-09T06:07:37.790+0000] {processor.py:836} INFO - DAG(s) dict_keys(['example_task_group']) retrieved from /home/airflow/.local/lib/python3.7/site-packages/airflow/example_dags/example_task_group.py
[2023-06-09T06:07:37.821+0000] {logging_mixin.py:149} INFO - [2023-06-09T06:07:37.821+0000] {dag.py:2726} INFO - Sync 1 DAGs
[2023-06-09T06:07:37.854+0000] {logging_mixin.py:149} INFO - [2023-06-09T06:07:37.853+0000] {dag.py:3490} INFO - Setting next_dagrun for example_task_group to 2023-06-08T06:07:37.853615+00:00, run_after=2023-06-09T06:07:37.853615+00:00
[2023-06-09T06:07:37.876+0000] {processor.py:179} INFO - Processing /home/airflow/.local/lib/python3.7/site-packages/airflow/example_dags/example_task_group.py took 0.102 seconds
[2023-06-09T06:08:08.608+0000] {processor.py:157} INFO - Started process (PID=1184) to work on /home/airflow/.local/lib/python3.7/site-packages/airflow/example_dags/example_task_group.py
[2023-06-09T06:08:08.609+0000] {processor.py:826} INFO - Processing file /home/airflow/.local/lib/python3.7/site-packages/airflow/example_dags/example_task_group.py for tasks to queue
[2023-06-09T06:08:08.609+0000] {logging_mixin.py:149} INFO - [2023-06-09T06:08:08.609+0000] {dagbag.py:541} INFO - Filling up the DagBag from /home/airflow/.local/lib/python3.7/site-packages/airflow/example_dags/example_task_group.py
[2023-06-09T06:08:08.619+0000] {processor.py:836} INFO - DAG(s) dict_keys(['example_task_group']) retrieved from /home/airflow/.local/lib/python3.7/site-packages/airflow/example_dags/example_task_group.py
[2023-06-09T06:08:08.656+0000] {logging_mixin.py:149} INFO - [2023-06-09T06:08:08.656+0000] {dag.py:2726} INFO - Sync 1 DAGs
[2023-06-09T06:08:08.692+0000] {logging_mixin.py:149} INFO - [2023-06-09T06:08:08.691+0000] {dag.py:3490} INFO - Setting next_dagrun for example_task_group to 2023-06-08T06:08:08.691512+00:00, run_after=2023-06-09T06:08:08.691512+00:00
[2023-06-09T06:08:08.716+0000] {processor.py:179} INFO - Processing /home/airflow/.local/lib/python3.7/site-packages/airflow/example_dags/example_task_group.py took 0.112 seconds
[2023-06-09T06:08:38.860+0000] {processor.py:157} INFO - Started process (PID=1238) to work on /home/airflow/.local/lib/python3.7/site-packages/airflow/example_dags/example_task_group.py
[2023-06-09T06:08:38.864+0000] {processor.py:826} INFO - Processing file /home/airflow/.local/lib/python3.7/site-packages/airflow/example_dags/example_task_group.py for tasks to queue
[2023-06-09T06:08:38.865+0000] {logging_mixin.py:149} INFO - [2023-06-09T06:08:38.865+0000] {dagbag.py:541} INFO - Filling up the DagBag from /home/airflow/.local/lib/python3.7/site-packages/airflow/example_dags/example_task_group.py
[2023-06-09T06:08:38.887+0000] {processor.py:836} INFO - DAG(s) dict_keys(['example_task_group']) retrieved from /home/airflow/.local/lib/python3.7/site-packages/airflow/example_dags/example_task_group.py
[2023-06-09T06:08:38.952+0000] {logging_mixin.py:149} INFO - [2023-06-09T06:08:38.952+0000] {dag.py:2726} INFO - Sync 1 DAGs
[2023-06-09T06:08:39.025+0000] {logging_mixin.py:149} INFO - [2023-06-09T06:08:39.025+0000] {dag.py:3490} INFO - Setting next_dagrun for example_task_group to 2023-06-08T06:08:39.024825+00:00, run_after=2023-06-09T06:08:39.024825+00:00
[2023-06-09T06:08:39.049+0000] {processor.py:179} INFO - Processing /home/airflow/.local/lib/python3.7/site-packages/airflow/example_dags/example_task_group.py took 0.200 seconds
[2023-06-09T06:09:09.167+0000] {processor.py:157} INFO - Started process (PID=1291) to work on /home/airflow/.local/lib/python3.7/site-packages/airflow/example_dags/example_task_group.py
[2023-06-09T06:09:09.168+0000] {processor.py:826} INFO - Processing file /home/airflow/.local/lib/python3.7/site-packages/airflow/example_dags/example_task_group.py for tasks to queue
[2023-06-09T06:09:09.169+0000] {logging_mixin.py:149} INFO - [2023-06-09T06:09:09.168+0000] {dagbag.py:541} INFO - Filling up the DagBag from /home/airflow/.local/lib/python3.7/site-packages/airflow/example_dags/example_task_group.py
[2023-06-09T06:09:09.178+0000] {processor.py:836} INFO - DAG(s) dict_keys(['example_task_group']) retrieved from /home/airflow/.local/lib/python3.7/site-packages/airflow/example_dags/example_task_group.py
[2023-06-09T06:09:09.211+0000] {logging_mixin.py:149} INFO - [2023-06-09T06:09:09.211+0000] {dag.py:2726} INFO - Sync 1 DAGs
[2023-06-09T06:09:09.245+0000] {logging_mixin.py:149} INFO - [2023-06-09T06:09:09.244+0000] {dag.py:3490} INFO - Setting next_dagrun for example_task_group to 2023-06-08T06:09:09.244659+00:00, run_after=2023-06-09T06:09:09.244659+00:00
[2023-06-09T06:09:09.269+0000] {processor.py:179} INFO - Processing /home/airflow/.local/lib/python3.7/site-packages/airflow/example_dags/example_task_group.py took 0.106 seconds
[2023-06-09T06:09:39.304+0000] {processor.py:157} INFO - Started process (PID=1346) to work on /home/airflow/.local/lib/python3.7/site-packages/airflow/example_dags/example_task_group.py
[2023-06-09T06:09:39.306+0000] {processor.py:826} INFO - Processing file /home/airflow/.local/lib/python3.7/site-packages/airflow/example_dags/example_task_group.py for tasks to queue
[2023-06-09T06:09:39.306+0000] {logging_mixin.py:149} INFO - [2023-06-09T06:09:39.306+0000] {dagbag.py:541} INFO - Filling up the DagBag from /home/airflow/.local/lib/python3.7/site-packages/airflow/example_dags/example_task_group.py
[2023-06-09T06:09:39.316+0000] {processor.py:836} INFO - DAG(s) dict_keys(['example_task_group']) retrieved from /home/airflow/.local/lib/python3.7/site-packages/airflow/example_dags/example_task_group.py
[2023-06-09T06:09:39.350+0000] {logging_mixin.py:149} INFO - [2023-06-09T06:09:39.350+0000] {dag.py:2726} INFO - Sync 1 DAGs
[2023-06-09T06:09:39.386+0000] {logging_mixin.py:149} INFO - [2023-06-09T06:09:39.386+0000] {dag.py:3490} INFO - Setting next_dagrun for example_task_group to 2023-06-08T06:09:39.385753+00:00, run_after=2023-06-09T06:09:39.385753+00:00
[2023-06-09T06:09:39.410+0000] {processor.py:179} INFO - Processing /home/airflow/.local/lib/python3.7/site-packages/airflow/example_dags/example_task_group.py took 0.110 seconds
[2023-06-09T06:10:09.731+0000] {processor.py:157} INFO - Started process (PID=1400) to work on /home/airflow/.local/lib/python3.7/site-packages/airflow/example_dags/example_task_group.py
[2023-06-09T06:10:09.732+0000] {processor.py:826} INFO - Processing file /home/airflow/.local/lib/python3.7/site-packages/airflow/example_dags/example_task_group.py for tasks to queue
[2023-06-09T06:10:09.733+0000] {logging_mixin.py:149} INFO - [2023-06-09T06:10:09.732+0000] {dagbag.py:541} INFO - Filling up the DagBag from /home/airflow/.local/lib/python3.7/site-packages/airflow/example_dags/example_task_group.py
[2023-06-09T06:10:09.742+0000] {processor.py:836} INFO - DAG(s) dict_keys(['example_task_group']) retrieved from /home/airflow/.local/lib/python3.7/site-packages/airflow/example_dags/example_task_group.py
[2023-06-09T06:10:09.774+0000] {logging_mixin.py:149} INFO - [2023-06-09T06:10:09.774+0000] {dag.py:2726} INFO - Sync 1 DAGs
[2023-06-09T06:10:09.808+0000] {logging_mixin.py:149} INFO - [2023-06-09T06:10:09.808+0000] {dag.py:3490} INFO - Setting next_dagrun for example_task_group to 2023-06-08T06:10:09.808059+00:00, run_after=2023-06-09T06:10:09.808059+00:00
[2023-06-09T06:10:09.833+0000] {processor.py:179} INFO - Processing /home/airflow/.local/lib/python3.7/site-packages/airflow/example_dags/example_task_group.py took 0.106 seconds
[2023-06-09T06:10:40.050+0000] {processor.py:157} INFO - Started process (PID=1453) to work on /home/airflow/.local/lib/python3.7/site-packages/airflow/example_dags/example_task_group.py
[2023-06-09T06:10:40.053+0000] {processor.py:826} INFO - Processing file /home/airflow/.local/lib/python3.7/site-packages/airflow/example_dags/example_task_group.py for tasks to queue
[2023-06-09T06:10:40.054+0000] {logging_mixin.py:149} INFO - [2023-06-09T06:10:40.054+0000] {dagbag.py:541} INFO - Filling up the DagBag from /home/airflow/.local/lib/python3.7/site-packages/airflow/example_dags/example_task_group.py
[2023-06-09T06:10:40.074+0000] {processor.py:836} INFO - DAG(s) dict_keys(['example_task_group']) retrieved from /home/airflow/.local/lib/python3.7/site-packages/airflow/example_dags/example_task_group.py
[2023-06-09T06:10:40.110+0000] {logging_mixin.py:149} INFO - [2023-06-09T06:10:40.109+0000] {dag.py:2726} INFO - Sync 1 DAGs
[2023-06-09T06:10:40.147+0000] {logging_mixin.py:149} INFO - [2023-06-09T06:10:40.147+0000] {dag.py:3490} INFO - Setting next_dagrun for example_task_group to 2023-06-08T06:10:40.147329+00:00, run_after=2023-06-09T06:10:40.147329+00:00
[2023-06-09T06:10:40.174+0000] {processor.py:179} INFO - Processing /home/airflow/.local/lib/python3.7/site-packages/airflow/example_dags/example_task_group.py took 0.129 seconds
[2023-06-09T06:11:10.448+0000] {processor.py:157} INFO - Started process (PID=1506) to work on /home/airflow/.local/lib/python3.7/site-packages/airflow/example_dags/example_task_group.py
[2023-06-09T06:11:10.449+0000] {processor.py:826} INFO - Processing file /home/airflow/.local/lib/python3.7/site-packages/airflow/example_dags/example_task_group.py for tasks to queue
[2023-06-09T06:11:10.450+0000] {logging_mixin.py:149} INFO - [2023-06-09T06:11:10.450+0000] {dagbag.py:541} INFO - Filling up the DagBag from /home/airflow/.local/lib/python3.7/site-packages/airflow/example_dags/example_task_group.py
[2023-06-09T06:11:10.459+0000] {processor.py:836} INFO - DAG(s) dict_keys(['example_task_group']) retrieved from /home/airflow/.local/lib/python3.7/site-packages/airflow/example_dags/example_task_group.py
[2023-06-09T06:11:10.492+0000] {logging_mixin.py:149} INFO - [2023-06-09T06:11:10.492+0000] {dag.py:2726} INFO - Sync 1 DAGs
[2023-06-09T06:11:10.527+0000] {logging_mixin.py:149} INFO - [2023-06-09T06:11:10.526+0000] {dag.py:3490} INFO - Setting next_dagrun for example_task_group to 2023-06-08T06:11:10.526692+00:00, run_after=2023-06-09T06:11:10.526692+00:00
[2023-06-09T06:11:10.557+0000] {processor.py:179} INFO - Processing /home/airflow/.local/lib/python3.7/site-packages/airflow/example_dags/example_task_group.py took 0.113 seconds
[2023-06-09T06:11:41.063+0000] {processor.py:157} INFO - Started process (PID=1560) to work on /home/airflow/.local/lib/python3.7/site-packages/airflow/example_dags/example_task_group.py
[2023-06-09T06:11:41.064+0000] {processor.py:826} INFO - Processing file /home/airflow/.local/lib/python3.7/site-packages/airflow/example_dags/example_task_group.py for tasks to queue
[2023-06-09T06:11:41.065+0000] {logging_mixin.py:149} INFO - [2023-06-09T06:11:41.065+0000] {dagbag.py:541} INFO - Filling up the DagBag from /home/airflow/.local/lib/python3.7/site-packages/airflow/example_dags/example_task_group.py
[2023-06-09T06:11:41.079+0000] {processor.py:836} INFO - DAG(s) dict_keys(['example_task_group']) retrieved from /home/airflow/.local/lib/python3.7/site-packages/airflow/example_dags/example_task_group.py
[2023-06-09T06:11:41.112+0000] {logging_mixin.py:149} INFO - [2023-06-09T06:11:41.112+0000] {dag.py:2726} INFO - Sync 1 DAGs
[2023-06-09T06:11:41.145+0000] {logging_mixin.py:149} INFO - [2023-06-09T06:11:41.145+0000] {dag.py:3490} INFO - Setting next_dagrun for example_task_group to 2023-06-08T06:11:41.145333+00:00, run_after=2023-06-09T06:11:41.145333+00:00
[2023-06-09T06:11:41.169+0000] {processor.py:179} INFO - Processing /home/airflow/.local/lib/python3.7/site-packages/airflow/example_dags/example_task_group.py took 0.111 seconds
[2023-06-09T06:12:11.377+0000] {processor.py:157} INFO - Started process (PID=1615) to work on /home/airflow/.local/lib/python3.7/site-packages/airflow/example_dags/example_task_group.py
[2023-06-09T06:12:11.378+0000] {processor.py:826} INFO - Processing file /home/airflow/.local/lib/python3.7/site-packages/airflow/example_dags/example_task_group.py for tasks to queue
[2023-06-09T06:12:11.378+0000] {logging_mixin.py:149} INFO - [2023-06-09T06:12:11.378+0000] {dagbag.py:541} INFO - Filling up the DagBag from /home/airflow/.local/lib/python3.7/site-packages/airflow/example_dags/example_task_group.py
[2023-06-09T06:12:11.388+0000] {processor.py:836} INFO - DAG(s) dict_keys(['example_task_group']) retrieved from /home/airflow/.local/lib/python3.7/site-packages/airflow/example_dags/example_task_group.py
[2023-06-09T06:12:11.418+0000] {logging_mixin.py:149} INFO - [2023-06-09T06:12:11.418+0000] {dag.py:2726} INFO - Sync 1 DAGs
[2023-06-09T06:12:11.452+0000] {logging_mixin.py:149} INFO - [2023-06-09T06:12:11.452+0000] {dag.py:3490} INFO - Setting next_dagrun for example_task_group to 2023-06-08T06:12:11.451758+00:00, run_after=2023-06-09T06:12:11.451758+00:00
[2023-06-09T06:12:11.475+0000] {processor.py:179} INFO - Processing /home/airflow/.local/lib/python3.7/site-packages/airflow/example_dags/example_task_group.py took 0.102 seconds
[2023-06-09T06:12:42.182+0000] {processor.py:157} INFO - Started process (PID=1669) to work on /home/airflow/.local/lib/python3.7/site-packages/airflow/example_dags/example_task_group.py
[2023-06-09T06:12:42.184+0000] {processor.py:826} INFO - Processing file /home/airflow/.local/lib/python3.7/site-packages/airflow/example_dags/example_task_group.py for tasks to queue
[2023-06-09T06:12:42.185+0000] {logging_mixin.py:149} INFO - [2023-06-09T06:12:42.185+0000] {dagbag.py:541} INFO - Filling up the DagBag from /home/airflow/.local/lib/python3.7/site-packages/airflow/example_dags/example_task_group.py
[2023-06-09T06:12:42.194+0000] {processor.py:836} INFO - DAG(s) dict_keys(['example_task_group']) retrieved from /home/airflow/.local/lib/python3.7/site-packages/airflow/example_dags/example_task_group.py
[2023-06-09T06:12:42.233+0000] {logging_mixin.py:149} INFO - [2023-06-09T06:12:42.232+0000] {dag.py:2726} INFO - Sync 1 DAGs
[2023-06-09T06:12:42.268+0000] {logging_mixin.py:149} INFO - [2023-06-09T06:12:42.267+0000] {dag.py:3490} INFO - Setting next_dagrun for example_task_group to 2023-06-08T06:12:42.267592+00:00, run_after=2023-06-09T06:12:42.267592+00:00
[2023-06-09T06:12:42.293+0000] {processor.py:179} INFO - Processing /home/airflow/.local/lib/python3.7/site-packages/airflow/example_dags/example_task_group.py took 0.115 seconds
[2023-06-09T06:13:12.579+0000] {processor.py:157} INFO - Started process (PID=1723) to work on /home/airflow/.local/lib/python3.7/site-packages/airflow/example_dags/example_task_group.py
[2023-06-09T06:13:12.580+0000] {processor.py:826} INFO - Processing file /home/airflow/.local/lib/python3.7/site-packages/airflow/example_dags/example_task_group.py for tasks to queue
[2023-06-09T06:13:12.581+0000] {logging_mixin.py:149} INFO - [2023-06-09T06:13:12.581+0000] {dagbag.py:541} INFO - Filling up the DagBag from /home/airflow/.local/lib/python3.7/site-packages/airflow/example_dags/example_task_group.py
[2023-06-09T06:13:12.590+0000] {processor.py:836} INFO - DAG(s) dict_keys(['example_task_group']) retrieved from /home/airflow/.local/lib/python3.7/site-packages/airflow/example_dags/example_task_group.py
[2023-06-09T06:13:12.625+0000] {logging_mixin.py:149} INFO - [2023-06-09T06:13:12.625+0000] {dag.py:2726} INFO - Sync 1 DAGs
[2023-06-09T06:13:12.659+0000] {logging_mixin.py:149} INFO - [2023-06-09T06:13:12.659+0000] {dag.py:3490} INFO - Setting next_dagrun for example_task_group to 2023-06-08T06:13:12.659293+00:00, run_after=2023-06-09T06:13:12.659293+00:00
[2023-06-09T06:13:12.685+0000] {processor.py:179} INFO - Processing /home/airflow/.local/lib/python3.7/site-packages/airflow/example_dags/example_task_group.py took 0.110 seconds
[2023-06-09T06:13:42.950+0000] {processor.py:157} INFO - Started process (PID=1777) to work on /home/airflow/.local/lib/python3.7/site-packages/airflow/example_dags/example_task_group.py
[2023-06-09T06:13:42.951+0000] {processor.py:826} INFO - Processing file /home/airflow/.local/lib/python3.7/site-packages/airflow/example_dags/example_task_group.py for tasks to queue
[2023-06-09T06:13:42.956+0000] {logging_mixin.py:149} INFO - [2023-06-09T06:13:42.956+0000] {dagbag.py:541} INFO - Filling up the DagBag from /home/airflow/.local/lib/python3.7/site-packages/airflow/example_dags/example_task_group.py
[2023-06-09T06:13:42.966+0000] {processor.py:836} INFO - DAG(s) dict_keys(['example_task_group']) retrieved from /home/airflow/.local/lib/python3.7/site-packages/airflow/example_dags/example_task_group.py
[2023-06-09T06:13:43.001+0000] {logging_mixin.py:149} INFO - [2023-06-09T06:13:43.001+0000] {dag.py:2726} INFO - Sync 1 DAGs
[2023-06-09T06:13:43.041+0000] {logging_mixin.py:149} INFO - [2023-06-09T06:13:43.041+0000] {dag.py:3490} INFO - Setting next_dagrun for example_task_group to 2023-06-08T06:13:43.040941+00:00, run_after=2023-06-09T06:13:43.040941+00:00
[2023-06-09T06:13:43.069+0000] {processor.py:179} INFO - Processing /home/airflow/.local/lib/python3.7/site-packages/airflow/example_dags/example_task_group.py took 0.128 seconds
[2023-06-09T06:14:13.673+0000] {processor.py:157} INFO - Started process (PID=1830) to work on /home/airflow/.local/lib/python3.7/site-packages/airflow/example_dags/example_task_group.py
[2023-06-09T06:14:13.676+0000] {processor.py:826} INFO - Processing file /home/airflow/.local/lib/python3.7/site-packages/airflow/example_dags/example_task_group.py for tasks to queue
[2023-06-09T06:14:13.677+0000] {logging_mixin.py:149} INFO - [2023-06-09T06:14:13.676+0000] {dagbag.py:541} INFO - Filling up the DagBag from /home/airflow/.local/lib/python3.7/site-packages/airflow/example_dags/example_task_group.py
[2023-06-09T06:14:13.701+0000] {processor.py:836} INFO - DAG(s) dict_keys(['example_task_group']) retrieved from /home/airflow/.local/lib/python3.7/site-packages/airflow/example_dags/example_task_group.py
[2023-06-09T06:14:13.756+0000] {logging_mixin.py:149} INFO - [2023-06-09T06:14:13.756+0000] {dag.py:2726} INFO - Sync 1 DAGs
[2023-06-09T06:14:13.826+0000] {logging_mixin.py:149} INFO - [2023-06-09T06:14:13.826+0000] {dag.py:3490} INFO - Setting next_dagrun for example_task_group to 2023-06-08T06:14:13.826123+00:00, run_after=2023-06-09T06:14:13.826123+00:00
[2023-06-09T06:14:13.856+0000] {processor.py:179} INFO - Processing /home/airflow/.local/lib/python3.7/site-packages/airflow/example_dags/example_task_group.py took 0.201 seconds
[2023-06-09T06:14:44.156+0000] {processor.py:157} INFO - Started process (PID=1884) to work on /home/airflow/.local/lib/python3.7/site-packages/airflow/example_dags/example_task_group.py
[2023-06-09T06:14:44.161+0000] {processor.py:826} INFO - Processing file /home/airflow/.local/lib/python3.7/site-packages/airflow/example_dags/example_task_group.py for tasks to queue
[2023-06-09T06:14:44.166+0000] {logging_mixin.py:149} INFO - [2023-06-09T06:14:44.166+0000] {dagbag.py:541} INFO - Filling up the DagBag from /home/airflow/.local/lib/python3.7/site-packages/airflow/example_dags/example_task_group.py
[2023-06-09T06:14:44.184+0000] {processor.py:836} INFO - DAG(s) dict_keys(['example_task_group']) retrieved from /home/airflow/.local/lib/python3.7/site-packages/airflow/example_dags/example_task_group.py
[2023-06-09T06:14:44.235+0000] {logging_mixin.py:149} INFO - [2023-06-09T06:14:44.235+0000] {dag.py:2726} INFO - Sync 1 DAGs
[2023-06-09T06:14:44.268+0000] {logging_mixin.py:149} INFO - [2023-06-09T06:14:44.268+0000] {dag.py:3490} INFO - Setting next_dagrun for example_task_group to 2023-06-08T06:14:44.268153+00:00, run_after=2023-06-09T06:14:44.268153+00:00
[2023-06-09T06:14:44.291+0000] {processor.py:179} INFO - Processing /home/airflow/.local/lib/python3.7/site-packages/airflow/example_dags/example_task_group.py took 0.139 seconds
[2023-06-09T06:15:14.321+0000] {processor.py:157} INFO - Started process (PID=1938) to work on /home/airflow/.local/lib/python3.7/site-packages/airflow/example_dags/example_task_group.py
[2023-06-09T06:15:14.322+0000] {processor.py:826} INFO - Processing file /home/airflow/.local/lib/python3.7/site-packages/airflow/example_dags/example_task_group.py for tasks to queue
[2023-06-09T06:15:14.322+0000] {logging_mixin.py:149} INFO - [2023-06-09T06:15:14.322+0000] {dagbag.py:541} INFO - Filling up the DagBag from /home/airflow/.local/lib/python3.7/site-packages/airflow/example_dags/example_task_group.py
[2023-06-09T06:15:14.333+0000] {processor.py:836} INFO - DAG(s) dict_keys(['example_task_group']) retrieved from /home/airflow/.local/lib/python3.7/site-packages/airflow/example_dags/example_task_group.py
[2023-06-09T06:15:14.364+0000] {logging_mixin.py:149} INFO - [2023-06-09T06:15:14.364+0000] {dag.py:2726} INFO - Sync 1 DAGs
[2023-06-09T06:15:14.400+0000] {logging_mixin.py:149} INFO - [2023-06-09T06:15:14.400+0000] {dag.py:3490} INFO - Setting next_dagrun for example_task_group to 2023-06-08T06:15:14.399595+00:00, run_after=2023-06-09T06:15:14.399595+00:00
[2023-06-09T06:15:14.423+0000] {processor.py:179} INFO - Processing /home/airflow/.local/lib/python3.7/site-packages/airflow/example_dags/example_task_group.py took 0.106 seconds
[2023-06-09T06:15:44.782+0000] {processor.py:157} INFO - Started process (PID=1991) to work on /home/airflow/.local/lib/python3.7/site-packages/airflow/example_dags/example_task_group.py
[2023-06-09T06:15:44.784+0000] {processor.py:826} INFO - Processing file /home/airflow/.local/lib/python3.7/site-packages/airflow/example_dags/example_task_group.py for tasks to queue
[2023-06-09T06:15:44.785+0000] {logging_mixin.py:149} INFO - [2023-06-09T06:15:44.784+0000] {dagbag.py:541} INFO - Filling up the DagBag from /home/airflow/.local/lib/python3.7/site-packages/airflow/example_dags/example_task_group.py
[2023-06-09T06:15:44.796+0000] {processor.py:836} INFO - DAG(s) dict_keys(['example_task_group']) retrieved from /home/airflow/.local/lib/python3.7/site-packages/airflow/example_dags/example_task_group.py
[2023-06-09T06:15:44.828+0000] {logging_mixin.py:149} INFO - [2023-06-09T06:15:44.828+0000] {dag.py:2726} INFO - Sync 1 DAGs
[2023-06-09T06:15:44.862+0000] {logging_mixin.py:149} INFO - [2023-06-09T06:15:44.862+0000] {dag.py:3490} INFO - Setting next_dagrun for example_task_group to 2023-06-08T06:15:44.861848+00:00, run_after=2023-06-09T06:15:44.861848+00:00
[2023-06-09T06:15:44.886+0000] {processor.py:179} INFO - Processing /home/airflow/.local/lib/python3.7/site-packages/airflow/example_dags/example_task_group.py took 0.108 seconds
[2023-06-09T06:16:15.067+0000] {processor.py:157} INFO - Started process (PID=2045) to work on /home/airflow/.local/lib/python3.7/site-packages/airflow/example_dags/example_task_group.py
[2023-06-09T06:16:15.068+0000] {processor.py:826} INFO - Processing file /home/airflow/.local/lib/python3.7/site-packages/airflow/example_dags/example_task_group.py for tasks to queue
[2023-06-09T06:16:15.068+0000] {logging_mixin.py:149} INFO - [2023-06-09T06:16:15.068+0000] {dagbag.py:541} INFO - Filling up the DagBag from /home/airflow/.local/lib/python3.7/site-packages/airflow/example_dags/example_task_group.py
[2023-06-09T06:16:15.081+0000] {processor.py:836} INFO - DAG(s) dict_keys(['example_task_group']) retrieved from /home/airflow/.local/lib/python3.7/site-packages/airflow/example_dags/example_task_group.py
[2023-06-09T06:16:15.122+0000] {logging_mixin.py:149} INFO - [2023-06-09T06:16:15.122+0000] {dag.py:2726} INFO - Sync 1 DAGs
[2023-06-09T06:16:15.165+0000] {logging_mixin.py:149} INFO - [2023-06-09T06:16:15.164+0000] {dag.py:3490} INFO - Setting next_dagrun for example_task_group to 2023-06-08T06:16:15.164599+00:00, run_after=2023-06-09T06:16:15.164599+00:00
[2023-06-09T06:16:15.187+0000] {processor.py:179} INFO - Processing /home/airflow/.local/lib/python3.7/site-packages/airflow/example_dags/example_task_group.py took 0.125 seconds
[2023-06-09T06:16:45.639+0000] {processor.py:157} INFO - Started process (PID=2099) to work on /home/airflow/.local/lib/python3.7/site-packages/airflow/example_dags/example_task_group.py
[2023-06-09T06:16:45.640+0000] {processor.py:826} INFO - Processing file /home/airflow/.local/lib/python3.7/site-packages/airflow/example_dags/example_task_group.py for tasks to queue
[2023-06-09T06:16:45.641+0000] {logging_mixin.py:149} INFO - [2023-06-09T06:16:45.641+0000] {dagbag.py:541} INFO - Filling up the DagBag from /home/airflow/.local/lib/python3.7/site-packages/airflow/example_dags/example_task_group.py
[2023-06-09T06:16:45.650+0000] {processor.py:836} INFO - DAG(s) dict_keys(['example_task_group']) retrieved from /home/airflow/.local/lib/python3.7/site-packages/airflow/example_dags/example_task_group.py
[2023-06-09T06:16:45.683+0000] {logging_mixin.py:149} INFO - [2023-06-09T06:16:45.682+0000] {dag.py:2726} INFO - Sync 1 DAGs
[2023-06-09T06:16:45.716+0000] {logging_mixin.py:149} INFO - [2023-06-09T06:16:45.716+0000] {dag.py:3490} INFO - Setting next_dagrun for example_task_group to 2023-06-08T06:16:45.716067+00:00, run_after=2023-06-09T06:16:45.716067+00:00
[2023-06-09T06:16:45.741+0000] {processor.py:179} INFO - Processing /home/airflow/.local/lib/python3.7/site-packages/airflow/example_dags/example_task_group.py took 0.107 seconds
[2023-06-09T06:17:15.973+0000] {processor.py:157} INFO - Started process (PID=2153) to work on /home/airflow/.local/lib/python3.7/site-packages/airflow/example_dags/example_task_group.py
[2023-06-09T06:17:15.974+0000] {processor.py:826} INFO - Processing file /home/airflow/.local/lib/python3.7/site-packages/airflow/example_dags/example_task_group.py for tasks to queue
[2023-06-09T06:17:15.975+0000] {logging_mixin.py:149} INFO - [2023-06-09T06:17:15.975+0000] {dagbag.py:541} INFO - Filling up the DagBag from /home/airflow/.local/lib/python3.7/site-packages/airflow/example_dags/example_task_group.py
[2023-06-09T06:17:15.985+0000] {processor.py:836} INFO - DAG(s) dict_keys(['example_task_group']) retrieved from /home/airflow/.local/lib/python3.7/site-packages/airflow/example_dags/example_task_group.py
[2023-06-09T06:17:16.017+0000] {logging_mixin.py:149} INFO - [2023-06-09T06:17:16.017+0000] {dag.py:2726} INFO - Sync 1 DAGs
[2023-06-09T06:17:16.050+0000] {logging_mixin.py:149} INFO - [2023-06-09T06:17:16.050+0000] {dag.py:3490} INFO - Setting next_dagrun for example_task_group to 2023-06-08T06:17:16.050250+00:00, run_after=2023-06-09T06:17:16.050250+00:00
[2023-06-09T06:17:16.073+0000] {processor.py:179} INFO - Processing /home/airflow/.local/lib/python3.7/site-packages/airflow/example_dags/example_task_group.py took 0.104 seconds
[2023-06-09T06:17:46.411+0000] {processor.py:157} INFO - Started process (PID=2207) to work on /home/airflow/.local/lib/python3.7/site-packages/airflow/example_dags/example_task_group.py
[2023-06-09T06:17:46.413+0000] {processor.py:826} INFO - Processing file /home/airflow/.local/lib/python3.7/site-packages/airflow/example_dags/example_task_group.py for tasks to queue
[2023-06-09T06:17:46.413+0000] {logging_mixin.py:149} INFO - [2023-06-09T06:17:46.413+0000] {dagbag.py:541} INFO - Filling up the DagBag from /home/airflow/.local/lib/python3.7/site-packages/airflow/example_dags/example_task_group.py
[2023-06-09T06:17:46.422+0000] {processor.py:836} INFO - DAG(s) dict_keys(['example_task_group']) retrieved from /home/airflow/.local/lib/python3.7/site-packages/airflow/example_dags/example_task_group.py
[2023-06-09T06:17:46.453+0000] {logging_mixin.py:149} INFO - [2023-06-09T06:17:46.453+0000] {dag.py:2726} INFO - Sync 1 DAGs
[2023-06-09T06:17:46.488+0000] {logging_mixin.py:149} INFO - [2023-06-09T06:17:46.488+0000] {dag.py:3490} INFO - Setting next_dagrun for example_task_group to 2023-06-08T06:17:46.488295+00:00, run_after=2023-06-09T06:17:46.488295+00:00
[2023-06-09T06:17:46.512+0000] {processor.py:179} INFO - Processing /home/airflow/.local/lib/python3.7/site-packages/airflow/example_dags/example_task_group.py took 0.104 seconds
[2023-06-09T06:18:17.096+0000] {processor.py:157} INFO - Started process (PID=2261) to work on /home/airflow/.local/lib/python3.7/site-packages/airflow/example_dags/example_task_group.py
[2023-06-09T06:18:17.098+0000] {processor.py:826} INFO - Processing file /home/airflow/.local/lib/python3.7/site-packages/airflow/example_dags/example_task_group.py for tasks to queue
[2023-06-09T06:18:17.099+0000] {logging_mixin.py:149} INFO - [2023-06-09T06:18:17.098+0000] {dagbag.py:541} INFO - Filling up the DagBag from /home/airflow/.local/lib/python3.7/site-packages/airflow/example_dags/example_task_group.py
[2023-06-09T06:18:17.112+0000] {processor.py:836} INFO - DAG(s) dict_keys(['example_task_group']) retrieved from /home/airflow/.local/lib/python3.7/site-packages/airflow/example_dags/example_task_group.py
[2023-06-09T06:18:17.148+0000] {logging_mixin.py:149} INFO - [2023-06-09T06:18:17.147+0000] {dag.py:2726} INFO - Sync 1 DAGs
[2023-06-09T06:18:17.182+0000] {logging_mixin.py:149} INFO - [2023-06-09T06:18:17.182+0000] {dag.py:3490} INFO - Setting next_dagrun for example_task_group to 2023-06-08T06:18:17.182046+00:00, run_after=2023-06-09T06:18:17.182046+00:00
[2023-06-09T06:18:17.207+0000] {processor.py:179} INFO - Processing /home/airflow/.local/lib/python3.7/site-packages/airflow/example_dags/example_task_group.py took 0.115 seconds
[2023-06-09T06:18:47.628+0000] {processor.py:157} INFO - Started process (PID=2315) to work on /home/airflow/.local/lib/python3.7/site-packages/airflow/example_dags/example_task_group.py
[2023-06-09T06:18:47.629+0000] {processor.py:826} INFO - Processing file /home/airflow/.local/lib/python3.7/site-packages/airflow/example_dags/example_task_group.py for tasks to queue
[2023-06-09T06:18:47.630+0000] {logging_mixin.py:149} INFO - [2023-06-09T06:18:47.630+0000] {dagbag.py:541} INFO - Filling up the DagBag from /home/airflow/.local/lib/python3.7/site-packages/airflow/example_dags/example_task_group.py
[2023-06-09T06:18:47.641+0000] {processor.py:836} INFO - DAG(s) dict_keys(['example_task_group']) retrieved from /home/airflow/.local/lib/python3.7/site-packages/airflow/example_dags/example_task_group.py
[2023-06-09T06:18:47.677+0000] {logging_mixin.py:149} INFO - [2023-06-09T06:18:47.677+0000] {dag.py:2726} INFO - Sync 1 DAGs
[2023-06-09T06:18:47.714+0000] {logging_mixin.py:149} INFO - [2023-06-09T06:18:47.713+0000] {dag.py:3490} INFO - Setting next_dagrun for example_task_group to 2023-06-08T06:18:47.713193+00:00, run_after=2023-06-09T06:18:47.713193+00:00
[2023-06-09T06:18:47.741+0000] {processor.py:179} INFO - Processing /home/airflow/.local/lib/python3.7/site-packages/airflow/example_dags/example_task_group.py took 0.118 seconds
[2023-06-09T06:19:17.902+0000] {processor.py:157} INFO - Started process (PID=2369) to work on /home/airflow/.local/lib/python3.7/site-packages/airflow/example_dags/example_task_group.py
[2023-06-09T06:19:17.903+0000] {processor.py:826} INFO - Processing file /home/airflow/.local/lib/python3.7/site-packages/airflow/example_dags/example_task_group.py for tasks to queue
[2023-06-09T06:19:17.904+0000] {logging_mixin.py:149} INFO - [2023-06-09T06:19:17.904+0000] {dagbag.py:541} INFO - Filling up the DagBag from /home/airflow/.local/lib/python3.7/site-packages/airflow/example_dags/example_task_group.py
[2023-06-09T06:19:17.914+0000] {processor.py:836} INFO - DAG(s) dict_keys(['example_task_group']) retrieved from /home/airflow/.local/lib/python3.7/site-packages/airflow/example_dags/example_task_group.py
[2023-06-09T06:19:17.949+0000] {logging_mixin.py:149} INFO - [2023-06-09T06:19:17.949+0000] {dag.py:2726} INFO - Sync 1 DAGs
[2023-06-09T06:19:17.985+0000] {logging_mixin.py:149} INFO - [2023-06-09T06:19:17.985+0000] {dag.py:3490} INFO - Setting next_dagrun for example_task_group to 2023-06-08T06:19:17.984723+00:00, run_after=2023-06-09T06:19:17.984723+00:00
[2023-06-09T06:19:18.012+0000] {processor.py:179} INFO - Processing /home/airflow/.local/lib/python3.7/site-packages/airflow/example_dags/example_task_group.py took 0.113 seconds
[2023-06-09T06:19:48.320+0000] {processor.py:157} INFO - Started process (PID=2424) to work on /home/airflow/.local/lib/python3.7/site-packages/airflow/example_dags/example_task_group.py
[2023-06-09T06:19:48.322+0000] {processor.py:826} INFO - Processing file /home/airflow/.local/lib/python3.7/site-packages/airflow/example_dags/example_task_group.py for tasks to queue
[2023-06-09T06:19:48.322+0000] {logging_mixin.py:149} INFO - [2023-06-09T06:19:48.322+0000] {dagbag.py:541} INFO - Filling up the DagBag from /home/airflow/.local/lib/python3.7/site-packages/airflow/example_dags/example_task_group.py
[2023-06-09T06:19:48.332+0000] {processor.py:836} INFO - DAG(s) dict_keys(['example_task_group']) retrieved from /home/airflow/.local/lib/python3.7/site-packages/airflow/example_dags/example_task_group.py
[2023-06-09T06:19:48.368+0000] {logging_mixin.py:149} INFO - [2023-06-09T06:19:48.368+0000] {dag.py:2726} INFO - Sync 1 DAGs
[2023-06-09T06:19:48.403+0000] {logging_mixin.py:149} INFO - [2023-06-09T06:19:48.402+0000] {dag.py:3490} INFO - Setting next_dagrun for example_task_group to 2023-06-08T06:19:48.402502+00:00, run_after=2023-06-09T06:19:48.402502+00:00
[2023-06-09T06:19:48.426+0000] {processor.py:179} INFO - Processing /home/airflow/.local/lib/python3.7/site-packages/airflow/example_dags/example_task_group.py took 0.110 seconds
[2023-06-09T06:20:18.711+0000] {processor.py:157} INFO - Started process (PID=2478) to work on /home/airflow/.local/lib/python3.7/site-packages/airflow/example_dags/example_task_group.py
[2023-06-09T06:20:18.712+0000] {processor.py:826} INFO - Processing file /home/airflow/.local/lib/python3.7/site-packages/airflow/example_dags/example_task_group.py for tasks to queue
[2023-06-09T06:20:18.713+0000] {logging_mixin.py:149} INFO - [2023-06-09T06:20:18.713+0000] {dagbag.py:541} INFO - Filling up the DagBag from /home/airflow/.local/lib/python3.7/site-packages/airflow/example_dags/example_task_group.py
[2023-06-09T06:20:18.725+0000] {processor.py:836} INFO - DAG(s) dict_keys(['example_task_group']) retrieved from /home/airflow/.local/lib/python3.7/site-packages/airflow/example_dags/example_task_group.py
[2023-06-09T06:20:18.765+0000] {logging_mixin.py:149} INFO - [2023-06-09T06:20:18.765+0000] {dag.py:2726} INFO - Sync 1 DAGs
[2023-06-09T06:20:18.800+0000] {logging_mixin.py:149} INFO - [2023-06-09T06:20:18.800+0000] {dag.py:3490} INFO - Setting next_dagrun for example_task_group to 2023-06-08T06:20:18.799692+00:00, run_after=2023-06-09T06:20:18.799692+00:00
[2023-06-09T06:20:18.823+0000] {processor.py:179} INFO - Processing /home/airflow/.local/lib/python3.7/site-packages/airflow/example_dags/example_task_group.py took 0.117 seconds
[2023-06-09T06:20:49.912+0000] {processor.py:157} INFO - Started process (PID=2532) to work on /home/airflow/.local/lib/python3.7/site-packages/airflow/example_dags/example_task_group.py
[2023-06-09T06:20:49.915+0000] {processor.py:826} INFO - Processing file /home/airflow/.local/lib/python3.7/site-packages/airflow/example_dags/example_task_group.py for tasks to queue
[2023-06-09T06:20:49.924+0000] {logging_mixin.py:149} INFO - [2023-06-09T06:20:49.924+0000] {dagbag.py:541} INFO - Filling up the DagBag from /home/airflow/.local/lib/python3.7/site-packages/airflow/example_dags/example_task_group.py
[2023-06-09T06:20:49.935+0000] {processor.py:836} INFO - DAG(s) dict_keys(['example_task_group']) retrieved from /home/airflow/.local/lib/python3.7/site-packages/airflow/example_dags/example_task_group.py
[2023-06-09T06:20:50.046+0000] {logging_mixin.py:149} INFO - [2023-06-09T06:20:50.046+0000] {dag.py:2726} INFO - Sync 1 DAGs
[2023-06-09T06:20:50.117+0000] {logging_mixin.py:149} INFO - [2023-06-09T06:20:50.117+0000] {dag.py:3490} INFO - Setting next_dagrun for example_task_group to 2023-06-08T06:20:50.117405+00:00, run_after=2023-06-09T06:20:50.117405+00:00
[2023-06-09T06:20:50.160+0000] {processor.py:179} INFO - Processing /home/airflow/.local/lib/python3.7/site-packages/airflow/example_dags/example_task_group.py took 0.252 seconds
[2023-06-09T06:21:20.547+0000] {processor.py:157} INFO - Started process (PID=2583) to work on /home/airflow/.local/lib/python3.7/site-packages/airflow/example_dags/example_task_group.py
[2023-06-09T06:21:20.548+0000] {processor.py:826} INFO - Processing file /home/airflow/.local/lib/python3.7/site-packages/airflow/example_dags/example_task_group.py for tasks to queue
[2023-06-09T06:21:20.549+0000] {logging_mixin.py:149} INFO - [2023-06-09T06:21:20.548+0000] {dagbag.py:541} INFO - Filling up the DagBag from /home/airflow/.local/lib/python3.7/site-packages/airflow/example_dags/example_task_group.py
[2023-06-09T06:21:20.558+0000] {processor.py:836} INFO - DAG(s) dict_keys(['example_task_group']) retrieved from /home/airflow/.local/lib/python3.7/site-packages/airflow/example_dags/example_task_group.py
[2023-06-09T06:21:20.589+0000] {logging_mixin.py:149} INFO - [2023-06-09T06:21:20.589+0000] {dag.py:2726} INFO - Sync 1 DAGs
[2023-06-09T06:21:20.625+0000] {logging_mixin.py:149} INFO - [2023-06-09T06:21:20.625+0000] {dag.py:3490} INFO - Setting next_dagrun for example_task_group to 2023-06-08T06:21:20.624602+00:00, run_after=2023-06-09T06:21:20.624602+00:00
[2023-06-09T06:21:20.658+0000] {processor.py:179} INFO - Processing /home/airflow/.local/lib/python3.7/site-packages/airflow/example_dags/example_task_group.py took 0.115 seconds
[2023-06-09T06:21:50.884+0000] {processor.py:157} INFO - Started process (PID=2637) to work on /home/airflow/.local/lib/python3.7/site-packages/airflow/example_dags/example_task_group.py
[2023-06-09T06:21:50.886+0000] {processor.py:826} INFO - Processing file /home/airflow/.local/lib/python3.7/site-packages/airflow/example_dags/example_task_group.py for tasks to queue
[2023-06-09T06:21:50.887+0000] {logging_mixin.py:149} INFO - [2023-06-09T06:21:50.886+0000] {dagbag.py:541} INFO - Filling up the DagBag from /home/airflow/.local/lib/python3.7/site-packages/airflow/example_dags/example_task_group.py
[2023-06-09T06:21:50.896+0000] {processor.py:836} INFO - DAG(s) dict_keys(['example_task_group']) retrieved from /home/airflow/.local/lib/python3.7/site-packages/airflow/example_dags/example_task_group.py
[2023-06-09T06:21:50.928+0000] {logging_mixin.py:149} INFO - [2023-06-09T06:21:50.928+0000] {dag.py:2726} INFO - Sync 1 DAGs
[2023-06-09T06:21:50.962+0000] {logging_mixin.py:149} INFO - [2023-06-09T06:21:50.962+0000] {dag.py:3490} INFO - Setting next_dagrun for example_task_group to 2023-06-08T06:21:50.962040+00:00, run_after=2023-06-09T06:21:50.962040+00:00
[2023-06-09T06:21:50.987+0000] {processor.py:179} INFO - Processing /home/airflow/.local/lib/python3.7/site-packages/airflow/example_dags/example_task_group.py took 0.107 seconds
[2023-06-09T06:22:21.750+0000] {processor.py:157} INFO - Started process (PID=2691) to work on /home/airflow/.local/lib/python3.7/site-packages/airflow/example_dags/example_task_group.py
[2023-06-09T06:22:21.750+0000] {processor.py:826} INFO - Processing file /home/airflow/.local/lib/python3.7/site-packages/airflow/example_dags/example_task_group.py for tasks to queue
[2023-06-09T06:22:21.751+0000] {logging_mixin.py:149} INFO - [2023-06-09T06:22:21.751+0000] {dagbag.py:541} INFO - Filling up the DagBag from /home/airflow/.local/lib/python3.7/site-packages/airflow/example_dags/example_task_group.py
[2023-06-09T06:22:21.761+0000] {processor.py:836} INFO - DAG(s) dict_keys(['example_task_group']) retrieved from /home/airflow/.local/lib/python3.7/site-packages/airflow/example_dags/example_task_group.py
[2023-06-09T06:22:21.793+0000] {logging_mixin.py:149} INFO - [2023-06-09T06:22:21.793+0000] {dag.py:2726} INFO - Sync 1 DAGs
[2023-06-09T06:22:21.829+0000] {logging_mixin.py:149} INFO - [2023-06-09T06:22:21.829+0000] {dag.py:3490} INFO - Setting next_dagrun for example_task_group to 2023-06-08T06:22:21.828732+00:00, run_after=2023-06-09T06:22:21.828732+00:00
[2023-06-09T06:22:21.852+0000] {processor.py:179} INFO - Processing /home/airflow/.local/lib/python3.7/site-packages/airflow/example_dags/example_task_group.py took 0.107 seconds
[2023-06-09T06:22:52.435+0000] {processor.py:157} INFO - Started process (PID=2745) to work on /home/airflow/.local/lib/python3.7/site-packages/airflow/example_dags/example_task_group.py
[2023-06-09T06:22:52.436+0000] {processor.py:826} INFO - Processing file /home/airflow/.local/lib/python3.7/site-packages/airflow/example_dags/example_task_group.py for tasks to queue
[2023-06-09T06:22:52.437+0000] {logging_mixin.py:149} INFO - [2023-06-09T06:22:52.437+0000] {dagbag.py:541} INFO - Filling up the DagBag from /home/airflow/.local/lib/python3.7/site-packages/airflow/example_dags/example_task_group.py
[2023-06-09T06:22:52.447+0000] {processor.py:836} INFO - DAG(s) dict_keys(['example_task_group']) retrieved from /home/airflow/.local/lib/python3.7/site-packages/airflow/example_dags/example_task_group.py
[2023-06-09T06:22:52.480+0000] {logging_mixin.py:149} INFO - [2023-06-09T06:22:52.479+0000] {dag.py:2726} INFO - Sync 1 DAGs
[2023-06-09T06:22:52.513+0000] {logging_mixin.py:149} INFO - [2023-06-09T06:22:52.513+0000] {dag.py:3490} INFO - Setting next_dagrun for example_task_group to 2023-06-08T06:22:52.513342+00:00, run_after=2023-06-09T06:22:52.513342+00:00
[2023-06-09T06:22:52.543+0000] {processor.py:179} INFO - Processing /home/airflow/.local/lib/python3.7/site-packages/airflow/example_dags/example_task_group.py took 0.112 seconds
[2023-06-09T06:23:22.953+0000] {processor.py:157} INFO - Started process (PID=2799) to work on /home/airflow/.local/lib/python3.7/site-packages/airflow/example_dags/example_task_group.py
[2023-06-09T06:23:22.954+0000] {processor.py:826} INFO - Processing file /home/airflow/.local/lib/python3.7/site-packages/airflow/example_dags/example_task_group.py for tasks to queue
[2023-06-09T06:23:22.964+0000] {logging_mixin.py:149} INFO - [2023-06-09T06:23:22.964+0000] {dagbag.py:541} INFO - Filling up the DagBag from /home/airflow/.local/lib/python3.7/site-packages/airflow/example_dags/example_task_group.py
[2023-06-09T06:23:22.983+0000] {processor.py:836} INFO - DAG(s) dict_keys(['example_task_group']) retrieved from /home/airflow/.local/lib/python3.7/site-packages/airflow/example_dags/example_task_group.py
[2023-06-09T06:23:23.043+0000] {logging_mixin.py:149} INFO - [2023-06-09T06:23:23.043+0000] {dag.py:2726} INFO - Sync 1 DAGs
[2023-06-09T06:23:23.112+0000] {logging_mixin.py:149} INFO - [2023-06-09T06:23:23.111+0000] {dag.py:3490} INFO - Setting next_dagrun for example_task_group to 2023-06-08T06:23:23.111528+00:00, run_after=2023-06-09T06:23:23.111528+00:00
[2023-06-09T06:23:23.141+0000] {processor.py:179} INFO - Processing /home/airflow/.local/lib/python3.7/site-packages/airflow/example_dags/example_task_group.py took 0.192 seconds
[2023-06-09T06:23:54.047+0000] {processor.py:157} INFO - Started process (PID=2852) to work on /home/airflow/.local/lib/python3.7/site-packages/airflow/example_dags/example_task_group.py
[2023-06-09T06:23:54.056+0000] {processor.py:826} INFO - Processing file /home/airflow/.local/lib/python3.7/site-packages/airflow/example_dags/example_task_group.py for tasks to queue
[2023-06-09T06:23:54.057+0000] {logging_mixin.py:149} INFO - [2023-06-09T06:23:54.057+0000] {dagbag.py:541} INFO - Filling up the DagBag from /home/airflow/.local/lib/python3.7/site-packages/airflow/example_dags/example_task_group.py
[2023-06-09T06:23:54.117+0000] {processor.py:836} INFO - DAG(s) dict_keys(['example_task_group']) retrieved from /home/airflow/.local/lib/python3.7/site-packages/airflow/example_dags/example_task_group.py
[2023-06-09T06:23:54.179+0000] {logging_mixin.py:149} INFO - [2023-06-09T06:23:54.179+0000] {dag.py:2726} INFO - Sync 1 DAGs
[2023-06-09T06:23:54.237+0000] {logging_mixin.py:149} INFO - [2023-06-09T06:23:54.236+0000] {dag.py:3490} INFO - Setting next_dagrun for example_task_group to 2023-06-08T06:23:54.236568+00:00, run_after=2023-06-09T06:23:54.236568+00:00
[2023-06-09T06:23:54.259+0000] {processor.py:179} INFO - Processing /home/airflow/.local/lib/python3.7/site-packages/airflow/example_dags/example_task_group.py took 0.228 seconds
[2023-06-09T06:24:24.391+0000] {processor.py:157} INFO - Started process (PID=2906) to work on /home/airflow/.local/lib/python3.7/site-packages/airflow/example_dags/example_task_group.py
[2023-06-09T06:24:24.392+0000] {processor.py:826} INFO - Processing file /home/airflow/.local/lib/python3.7/site-packages/airflow/example_dags/example_task_group.py for tasks to queue
[2023-06-09T06:24:24.393+0000] {logging_mixin.py:149} INFO - [2023-06-09T06:24:24.393+0000] {dagbag.py:541} INFO - Filling up the DagBag from /home/airflow/.local/lib/python3.7/site-packages/airflow/example_dags/example_task_group.py
[2023-06-09T06:24:24.403+0000] {processor.py:836} INFO - DAG(s) dict_keys(['example_task_group']) retrieved from /home/airflow/.local/lib/python3.7/site-packages/airflow/example_dags/example_task_group.py
[2023-06-09T06:24:24.433+0000] {logging_mixin.py:149} INFO - [2023-06-09T06:24:24.433+0000] {dag.py:2726} INFO - Sync 1 DAGs
[2023-06-09T06:24:24.465+0000] {logging_mixin.py:149} INFO - [2023-06-09T06:24:24.465+0000] {dag.py:3490} INFO - Setting next_dagrun for example_task_group to 2023-06-08T06:24:24.464939+00:00, run_after=2023-06-09T06:24:24.464939+00:00
[2023-06-09T06:24:24.487+0000] {processor.py:179} INFO - Processing /home/airflow/.local/lib/python3.7/site-packages/airflow/example_dags/example_task_group.py took 0.103 seconds
[2023-06-09T06:24:55.347+0000] {processor.py:157} INFO - Started process (PID=2960) to work on /home/airflow/.local/lib/python3.7/site-packages/airflow/example_dags/example_task_group.py
[2023-06-09T06:24:55.348+0000] {processor.py:826} INFO - Processing file /home/airflow/.local/lib/python3.7/site-packages/airflow/example_dags/example_task_group.py for tasks to queue
[2023-06-09T06:24:55.349+0000] {logging_mixin.py:149} INFO - [2023-06-09T06:24:55.349+0000] {dagbag.py:541} INFO - Filling up the DagBag from /home/airflow/.local/lib/python3.7/site-packages/airflow/example_dags/example_task_group.py
[2023-06-09T06:24:55.360+0000] {processor.py:836} INFO - DAG(s) dict_keys(['example_task_group']) retrieved from /home/airflow/.local/lib/python3.7/site-packages/airflow/example_dags/example_task_group.py
[2023-06-09T06:24:55.391+0000] {logging_mixin.py:149} INFO - [2023-06-09T06:24:55.391+0000] {dag.py:2726} INFO - Sync 1 DAGs
[2023-06-09T06:24:55.430+0000] {logging_mixin.py:149} INFO - [2023-06-09T06:24:55.430+0000] {dag.py:3490} INFO - Setting next_dagrun for example_task_group to 2023-06-08T06:24:55.430074+00:00, run_after=2023-06-09T06:24:55.430074+00:00
[2023-06-09T06:24:55.453+0000] {processor.py:179} INFO - Processing /home/airflow/.local/lib/python3.7/site-packages/airflow/example_dags/example_task_group.py took 0.109 seconds
[2023-06-09T06:25:26.274+0000] {processor.py:157} INFO - Started process (PID=3014) to work on /home/airflow/.local/lib/python3.7/site-packages/airflow/example_dags/example_task_group.py
[2023-06-09T06:25:26.276+0000] {processor.py:826} INFO - Processing file /home/airflow/.local/lib/python3.7/site-packages/airflow/example_dags/example_task_group.py for tasks to queue
[2023-06-09T06:25:26.276+0000] {logging_mixin.py:149} INFO - [2023-06-09T06:25:26.276+0000] {dagbag.py:541} INFO - Filling up the DagBag from /home/airflow/.local/lib/python3.7/site-packages/airflow/example_dags/example_task_group.py
[2023-06-09T06:25:26.286+0000] {processor.py:836} INFO - DAG(s) dict_keys(['example_task_group']) retrieved from /home/airflow/.local/lib/python3.7/site-packages/airflow/example_dags/example_task_group.py
[2023-06-09T06:25:26.317+0000] {logging_mixin.py:149} INFO - [2023-06-09T06:25:26.317+0000] {dag.py:2726} INFO - Sync 1 DAGs
[2023-06-09T06:25:26.351+0000] {logging_mixin.py:149} INFO - [2023-06-09T06:25:26.351+0000] {dag.py:3490} INFO - Setting next_dagrun for example_task_group to 2023-06-08T06:25:26.351107+00:00, run_after=2023-06-09T06:25:26.351107+00:00
[2023-06-09T06:25:26.375+0000] {processor.py:179} INFO - Processing /home/airflow/.local/lib/python3.7/site-packages/airflow/example_dags/example_task_group.py took 0.107 seconds
[2023-06-09T06:25:56.500+0000] {processor.py:157} INFO - Started process (PID=3069) to work on /home/airflow/.local/lib/python3.7/site-packages/airflow/example_dags/example_task_group.py
[2023-06-09T06:25:56.501+0000] {processor.py:826} INFO - Processing file /home/airflow/.local/lib/python3.7/site-packages/airflow/example_dags/example_task_group.py for tasks to queue
[2023-06-09T06:25:56.502+0000] {logging_mixin.py:149} INFO - [2023-06-09T06:25:56.502+0000] {dagbag.py:541} INFO - Filling up the DagBag from /home/airflow/.local/lib/python3.7/site-packages/airflow/example_dags/example_task_group.py
[2023-06-09T06:25:56.516+0000] {processor.py:836} INFO - DAG(s) dict_keys(['example_task_group']) retrieved from /home/airflow/.local/lib/python3.7/site-packages/airflow/example_dags/example_task_group.py
[2023-06-09T06:25:56.550+0000] {logging_mixin.py:149} INFO - [2023-06-09T06:25:56.550+0000] {dag.py:2726} INFO - Sync 1 DAGs
[2023-06-09T06:25:56.585+0000] {logging_mixin.py:149} INFO - [2023-06-09T06:25:56.585+0000] {dag.py:3490} INFO - Setting next_dagrun for example_task_group to 2023-06-08T06:25:56.584738+00:00, run_after=2023-06-09T06:25:56.584738+00:00
[2023-06-09T06:25:56.609+0000] {processor.py:179} INFO - Processing /home/airflow/.local/lib/python3.7/site-packages/airflow/example_dags/example_task_group.py took 0.114 seconds
[2023-06-09T06:26:26.975+0000] {processor.py:157} INFO - Started process (PID=3122) to work on /home/airflow/.local/lib/python3.7/site-packages/airflow/example_dags/example_task_group.py
[2023-06-09T06:26:26.977+0000] {processor.py:826} INFO - Processing file /home/airflow/.local/lib/python3.7/site-packages/airflow/example_dags/example_task_group.py for tasks to queue
[2023-06-09T06:26:26.977+0000] {logging_mixin.py:149} INFO - [2023-06-09T06:26:26.977+0000] {dagbag.py:541} INFO - Filling up the DagBag from /home/airflow/.local/lib/python3.7/site-packages/airflow/example_dags/example_task_group.py
[2023-06-09T06:26:26.987+0000] {processor.py:836} INFO - DAG(s) dict_keys(['example_task_group']) retrieved from /home/airflow/.local/lib/python3.7/site-packages/airflow/example_dags/example_task_group.py
[2023-06-09T06:26:27.022+0000] {logging_mixin.py:149} INFO - [2023-06-09T06:26:27.021+0000] {dag.py:2726} INFO - Sync 1 DAGs
[2023-06-09T06:26:27.060+0000] {logging_mixin.py:149} INFO - [2023-06-09T06:26:27.060+0000] {dag.py:3490} INFO - Setting next_dagrun for example_task_group to 2023-06-08T06:26:27.060053+00:00, run_after=2023-06-09T06:26:27.060053+00:00
[2023-06-09T06:26:27.098+0000] {processor.py:179} INFO - Processing /home/airflow/.local/lib/python3.7/site-packages/airflow/example_dags/example_task_group.py took 0.127 seconds
[2023-06-09T06:26:57.394+0000] {processor.py:157} INFO - Started process (PID=3176) to work on /home/airflow/.local/lib/python3.7/site-packages/airflow/example_dags/example_task_group.py
[2023-06-09T06:26:57.395+0000] {processor.py:826} INFO - Processing file /home/airflow/.local/lib/python3.7/site-packages/airflow/example_dags/example_task_group.py for tasks to queue
[2023-06-09T06:26:57.396+0000] {logging_mixin.py:149} INFO - [2023-06-09T06:26:57.396+0000] {dagbag.py:541} INFO - Filling up the DagBag from /home/airflow/.local/lib/python3.7/site-packages/airflow/example_dags/example_task_group.py
[2023-06-09T06:26:57.407+0000] {processor.py:836} INFO - DAG(s) dict_keys(['example_task_group']) retrieved from /home/airflow/.local/lib/python3.7/site-packages/airflow/example_dags/example_task_group.py
[2023-06-09T06:26:57.443+0000] {logging_mixin.py:149} INFO - [2023-06-09T06:26:57.443+0000] {dag.py:2726} INFO - Sync 1 DAGs
[2023-06-09T06:26:57.476+0000] {logging_mixin.py:149} INFO - [2023-06-09T06:26:57.475+0000] {dag.py:3490} INFO - Setting next_dagrun for example_task_group to 2023-06-08T06:26:57.475527+00:00, run_after=2023-06-09T06:26:57.475527+00:00
[2023-06-09T06:26:57.498+0000] {processor.py:179} INFO - Processing /home/airflow/.local/lib/python3.7/site-packages/airflow/example_dags/example_task_group.py took 0.111 seconds
[2023-06-09T06:27:27.668+0000] {processor.py:157} INFO - Started process (PID=3230) to work on /home/airflow/.local/lib/python3.7/site-packages/airflow/example_dags/example_task_group.py
[2023-06-09T06:27:27.683+0000] {processor.py:826} INFO - Processing file /home/airflow/.local/lib/python3.7/site-packages/airflow/example_dags/example_task_group.py for tasks to queue
[2023-06-09T06:27:27.686+0000] {logging_mixin.py:149} INFO - [2023-06-09T06:27:27.686+0000] {dagbag.py:541} INFO - Filling up the DagBag from /home/airflow/.local/lib/python3.7/site-packages/airflow/example_dags/example_task_group.py
[2023-06-09T06:27:27.697+0000] {processor.py:836} INFO - DAG(s) dict_keys(['example_task_group']) retrieved from /home/airflow/.local/lib/python3.7/site-packages/airflow/example_dags/example_task_group.py
[2023-06-09T06:27:27.768+0000] {logging_mixin.py:149} INFO - [2023-06-09T06:27:27.768+0000] {dag.py:2726} INFO - Sync 1 DAGs
[2023-06-09T06:27:27.830+0000] {logging_mixin.py:149} INFO - [2023-06-09T06:27:27.830+0000] {dag.py:3490} INFO - Setting next_dagrun for example_task_group to 2023-06-08T06:27:27.830015+00:00, run_after=2023-06-09T06:27:27.830015+00:00
[2023-06-09T06:27:27.881+0000] {processor.py:179} INFO - Processing /home/airflow/.local/lib/python3.7/site-packages/airflow/example_dags/example_task_group.py took 0.217 seconds
[2023-06-09T06:27:57.999+0000] {processor.py:157} INFO - Started process (PID=3283) to work on /home/airflow/.local/lib/python3.7/site-packages/airflow/example_dags/example_task_group.py
[2023-06-09T06:27:58.000+0000] {processor.py:826} INFO - Processing file /home/airflow/.local/lib/python3.7/site-packages/airflow/example_dags/example_task_group.py for tasks to queue
[2023-06-09T06:27:58.000+0000] {logging_mixin.py:149} INFO - [2023-06-09T06:27:58.000+0000] {dagbag.py:541} INFO - Filling up the DagBag from /home/airflow/.local/lib/python3.7/site-packages/airflow/example_dags/example_task_group.py
[2023-06-09T06:27:58.010+0000] {processor.py:836} INFO - DAG(s) dict_keys(['example_task_group']) retrieved from /home/airflow/.local/lib/python3.7/site-packages/airflow/example_dags/example_task_group.py
[2023-06-09T06:27:58.043+0000] {logging_mixin.py:149} INFO - [2023-06-09T06:27:58.042+0000] {dag.py:2726} INFO - Sync 1 DAGs
[2023-06-09T06:27:58.082+0000] {logging_mixin.py:149} INFO - [2023-06-09T06:27:58.081+0000] {dag.py:3490} INFO - Setting next_dagrun for example_task_group to 2023-06-08T06:27:58.081673+00:00, run_after=2023-06-09T06:27:58.081673+00:00
[2023-06-09T06:27:58.105+0000] {processor.py:179} INFO - Processing /home/airflow/.local/lib/python3.7/site-packages/airflow/example_dags/example_task_group.py took 0.110 seconds
[2023-06-09T06:28:28.458+0000] {processor.py:157} INFO - Started process (PID=3337) to work on /home/airflow/.local/lib/python3.7/site-packages/airflow/example_dags/example_task_group.py
[2023-06-09T06:28:28.459+0000] {processor.py:826} INFO - Processing file /home/airflow/.local/lib/python3.7/site-packages/airflow/example_dags/example_task_group.py for tasks to queue
[2023-06-09T06:28:28.460+0000] {logging_mixin.py:149} INFO - [2023-06-09T06:28:28.460+0000] {dagbag.py:541} INFO - Filling up the DagBag from /home/airflow/.local/lib/python3.7/site-packages/airflow/example_dags/example_task_group.py
[2023-06-09T06:28:28.469+0000] {processor.py:836} INFO - DAG(s) dict_keys(['example_task_group']) retrieved from /home/airflow/.local/lib/python3.7/site-packages/airflow/example_dags/example_task_group.py
[2023-06-09T06:28:28.500+0000] {logging_mixin.py:149} INFO - [2023-06-09T06:28:28.500+0000] {dag.py:2726} INFO - Sync 1 DAGs
[2023-06-09T06:28:28.533+0000] {logging_mixin.py:149} INFO - [2023-06-09T06:28:28.533+0000] {dag.py:3490} INFO - Setting next_dagrun for example_task_group to 2023-06-08T06:28:28.533135+00:00, run_after=2023-06-09T06:28:28.533135+00:00
[2023-06-09T06:28:28.562+0000] {processor.py:179} INFO - Processing /home/airflow/.local/lib/python3.7/site-packages/airflow/example_dags/example_task_group.py took 0.108 seconds
[2023-06-09T06:28:58.832+0000] {processor.py:157} INFO - Started process (PID=3391) to work on /home/airflow/.local/lib/python3.7/site-packages/airflow/example_dags/example_task_group.py
[2023-06-09T06:28:58.833+0000] {processor.py:826} INFO - Processing file /home/airflow/.local/lib/python3.7/site-packages/airflow/example_dags/example_task_group.py for tasks to queue
[2023-06-09T06:28:58.834+0000] {logging_mixin.py:149} INFO - [2023-06-09T06:28:58.834+0000] {dagbag.py:541} INFO - Filling up the DagBag from /home/airflow/.local/lib/python3.7/site-packages/airflow/example_dags/example_task_group.py
[2023-06-09T06:28:58.844+0000] {processor.py:836} INFO - DAG(s) dict_keys(['example_task_group']) retrieved from /home/airflow/.local/lib/python3.7/site-packages/airflow/example_dags/example_task_group.py
[2023-06-09T06:28:58.880+0000] {logging_mixin.py:149} INFO - [2023-06-09T06:28:58.879+0000] {dag.py:2726} INFO - Sync 1 DAGs
[2023-06-09T06:28:58.917+0000] {logging_mixin.py:149} INFO - [2023-06-09T06:28:58.917+0000] {dag.py:3490} INFO - Setting next_dagrun for example_task_group to 2023-06-08T06:28:58.917392+00:00, run_after=2023-06-09T06:28:58.917392+00:00
[2023-06-09T06:28:58.943+0000] {processor.py:179} INFO - Processing /home/airflow/.local/lib/python3.7/site-packages/airflow/example_dags/example_task_group.py took 0.115 seconds
[2023-06-09T06:29:29.232+0000] {processor.py:157} INFO - Started process (PID=3445) to work on /home/airflow/.local/lib/python3.7/site-packages/airflow/example_dags/example_task_group.py
[2023-06-09T06:29:29.234+0000] {processor.py:826} INFO - Processing file /home/airflow/.local/lib/python3.7/site-packages/airflow/example_dags/example_task_group.py for tasks to queue
[2023-06-09T06:29:29.235+0000] {logging_mixin.py:149} INFO - [2023-06-09T06:29:29.234+0000] {dagbag.py:541} INFO - Filling up the DagBag from /home/airflow/.local/lib/python3.7/site-packages/airflow/example_dags/example_task_group.py
[2023-06-09T06:29:29.245+0000] {processor.py:836} INFO - DAG(s) dict_keys(['example_task_group']) retrieved from /home/airflow/.local/lib/python3.7/site-packages/airflow/example_dags/example_task_group.py
[2023-06-09T06:29:29.275+0000] {logging_mixin.py:149} INFO - [2023-06-09T06:29:29.275+0000] {dag.py:2726} INFO - Sync 1 DAGs
[2023-06-09T06:29:29.312+0000] {logging_mixin.py:149} INFO - [2023-06-09T06:29:29.312+0000] {dag.py:3490} INFO - Setting next_dagrun for example_task_group to 2023-06-08T06:29:29.312444+00:00, run_after=2023-06-09T06:29:29.312444+00:00
[2023-06-09T06:29:29.337+0000] {processor.py:179} INFO - Processing /home/airflow/.local/lib/python3.7/site-packages/airflow/example_dags/example_task_group.py took 0.110 seconds
[2023-06-09T06:29:59.506+0000] {processor.py:157} INFO - Started process (PID=3498) to work on /home/airflow/.local/lib/python3.7/site-packages/airflow/example_dags/example_task_group.py
[2023-06-09T06:29:59.507+0000] {processor.py:826} INFO - Processing file /home/airflow/.local/lib/python3.7/site-packages/airflow/example_dags/example_task_group.py for tasks to queue
[2023-06-09T06:29:59.508+0000] {logging_mixin.py:149} INFO - [2023-06-09T06:29:59.507+0000] {dagbag.py:541} INFO - Filling up the DagBag from /home/airflow/.local/lib/python3.7/site-packages/airflow/example_dags/example_task_group.py
[2023-06-09T06:29:59.517+0000] {processor.py:836} INFO - DAG(s) dict_keys(['example_task_group']) retrieved from /home/airflow/.local/lib/python3.7/site-packages/airflow/example_dags/example_task_group.py
[2023-06-09T06:29:59.548+0000] {logging_mixin.py:149} INFO - [2023-06-09T06:29:59.548+0000] {dag.py:2726} INFO - Sync 1 DAGs
[2023-06-09T06:29:59.586+0000] {logging_mixin.py:149} INFO - [2023-06-09T06:29:59.586+0000] {dag.py:3490} INFO - Setting next_dagrun for example_task_group to 2023-06-08T06:29:59.586063+00:00, run_after=2023-06-09T06:29:59.586063+00:00
[2023-06-09T06:29:59.608+0000] {processor.py:179} INFO - Processing /home/airflow/.local/lib/python3.7/site-packages/airflow/example_dags/example_task_group.py took 0.106 seconds
[2023-06-09T06:30:29.905+0000] {processor.py:157} INFO - Started process (PID=3552) to work on /home/airflow/.local/lib/python3.7/site-packages/airflow/example_dags/example_task_group.py
[2023-06-09T06:30:29.906+0000] {processor.py:826} INFO - Processing file /home/airflow/.local/lib/python3.7/site-packages/airflow/example_dags/example_task_group.py for tasks to queue
[2023-06-09T06:30:29.907+0000] {logging_mixin.py:149} INFO - [2023-06-09T06:30:29.907+0000] {dagbag.py:541} INFO - Filling up the DagBag from /home/airflow/.local/lib/python3.7/site-packages/airflow/example_dags/example_task_group.py
[2023-06-09T06:30:29.922+0000] {processor.py:836} INFO - DAG(s) dict_keys(['example_task_group']) retrieved from /home/airflow/.local/lib/python3.7/site-packages/airflow/example_dags/example_task_group.py
[2023-06-09T06:30:29.968+0000] {logging_mixin.py:149} INFO - [2023-06-09T06:30:29.968+0000] {dag.py:2726} INFO - Sync 1 DAGs
[2023-06-09T06:30:30.008+0000] {logging_mixin.py:149} INFO - [2023-06-09T06:30:30.008+0000] {dag.py:3490} INFO - Setting next_dagrun for example_task_group to 2023-06-08T06:30:30.008382+00:00, run_after=2023-06-09T06:30:30.008382+00:00
[2023-06-09T06:30:30.075+0000] {processor.py:179} INFO - Processing /home/airflow/.local/lib/python3.7/site-packages/airflow/example_dags/example_task_group.py took 0.174 seconds
