[2023-06-09T05:57:30.779+0000] {processor.py:157} INFO - Started process (PID=61) to work on /home/airflow/.local/lib/python3.7/site-packages/airflow/example_dags/example_branch_operator.py
[2023-06-09T05:57:30.783+0000] {processor.py:826} INFO - Processing file /home/airflow/.local/lib/python3.7/site-packages/airflow/example_dags/example_branch_operator.py for tasks to queue
[2023-06-09T05:57:30.787+0000] {logging_mixin.py:149} INFO - [2023-06-09T05:57:30.786+0000] {dagbag.py:541} INFO - Filling up the DagBag from /home/airflow/.local/lib/python3.7/site-packages/airflow/example_dags/example_branch_operator.py
[2023-06-09T05:57:30.866+0000] {processor.py:836} INFO - DAG(s) dict_keys(['example_branch_operator']) retrieved from /home/airflow/.local/lib/python3.7/site-packages/airflow/example_dags/example_branch_operator.py
[2023-06-09T05:57:30.996+0000] {logging_mixin.py:149} INFO - [2023-06-09T05:57:30.995+0000] {dag.py:2726} INFO - Sync 1 DAGs
[2023-06-09T05:57:31.153+0000] {logging_mixin.py:149} INFO - [2023-06-09T05:57:31.152+0000] {dag.py:3490} INFO - Setting next_dagrun for example_branch_operator to 2023-06-08T00:00:00+00:00, run_after=2023-06-09T00:00:00+00:00
[2023-06-09T05:57:31.247+0000] {processor.py:179} INFO - Processing /home/airflow/.local/lib/python3.7/site-packages/airflow/example_dags/example_branch_operator.py took 0.472 seconds
[2023-06-09T05:58:01.385+0000] {processor.py:157} INFO - Started process (PID=115) to work on /home/airflow/.local/lib/python3.7/site-packages/airflow/example_dags/example_branch_operator.py
[2023-06-09T05:58:01.386+0000] {processor.py:826} INFO - Processing file /home/airflow/.local/lib/python3.7/site-packages/airflow/example_dags/example_branch_operator.py for tasks to queue
[2023-06-09T05:58:01.387+0000] {logging_mixin.py:149} INFO - [2023-06-09T05:58:01.387+0000] {dagbag.py:541} INFO - Filling up the DagBag from /home/airflow/.local/lib/python3.7/site-packages/airflow/example_dags/example_branch_operator.py
[2023-06-09T05:58:01.399+0000] {processor.py:836} INFO - DAG(s) dict_keys(['example_branch_operator']) retrieved from /home/airflow/.local/lib/python3.7/site-packages/airflow/example_dags/example_branch_operator.py
[2023-06-09T05:58:01.432+0000] {logging_mixin.py:149} INFO - [2023-06-09T05:58:01.432+0000] {dag.py:2726} INFO - Sync 1 DAGs
[2023-06-09T05:58:01.468+0000] {logging_mixin.py:149} INFO - [2023-06-09T05:58:01.468+0000] {dag.py:3490} INFO - Setting next_dagrun for example_branch_operator to 2023-06-08T00:00:00+00:00, run_after=2023-06-09T00:00:00+00:00
[2023-06-09T05:58:01.498+0000] {processor.py:179} INFO - Processing /home/airflow/.local/lib/python3.7/site-packages/airflow/example_dags/example_branch_operator.py took 0.117 seconds
[2023-06-09T05:58:31.946+0000] {processor.py:157} INFO - Started process (PID=169) to work on /home/airflow/.local/lib/python3.7/site-packages/airflow/example_dags/example_branch_operator.py
[2023-06-09T05:58:31.947+0000] {processor.py:826} INFO - Processing file /home/airflow/.local/lib/python3.7/site-packages/airflow/example_dags/example_branch_operator.py for tasks to queue
[2023-06-09T05:58:31.948+0000] {logging_mixin.py:149} INFO - [2023-06-09T05:58:31.948+0000] {dagbag.py:541} INFO - Filling up the DagBag from /home/airflow/.local/lib/python3.7/site-packages/airflow/example_dags/example_branch_operator.py
[2023-06-09T05:58:31.963+0000] {processor.py:836} INFO - DAG(s) dict_keys(['example_branch_operator']) retrieved from /home/airflow/.local/lib/python3.7/site-packages/airflow/example_dags/example_branch_operator.py
[2023-06-09T05:58:32.006+0000] {logging_mixin.py:149} INFO - [2023-06-09T05:58:32.006+0000] {dag.py:2726} INFO - Sync 1 DAGs
[2023-06-09T05:58:32.051+0000] {logging_mixin.py:149} INFO - [2023-06-09T05:58:32.051+0000] {dag.py:3490} INFO - Setting next_dagrun for example_branch_operator to 2023-06-08T00:00:00+00:00, run_after=2023-06-09T00:00:00+00:00
[2023-06-09T05:58:32.086+0000] {processor.py:179} INFO - Processing /home/airflow/.local/lib/python3.7/site-packages/airflow/example_dags/example_branch_operator.py took 0.144 seconds
[2023-06-09T05:59:02.961+0000] {processor.py:157} INFO - Started process (PID=223) to work on /home/airflow/.local/lib/python3.7/site-packages/airflow/example_dags/example_branch_operator.py
[2023-06-09T05:59:02.963+0000] {processor.py:826} INFO - Processing file /home/airflow/.local/lib/python3.7/site-packages/airflow/example_dags/example_branch_operator.py for tasks to queue
[2023-06-09T05:59:02.964+0000] {logging_mixin.py:149} INFO - [2023-06-09T05:59:02.964+0000] {dagbag.py:541} INFO - Filling up the DagBag from /home/airflow/.local/lib/python3.7/site-packages/airflow/example_dags/example_branch_operator.py
[2023-06-09T05:59:02.976+0000] {processor.py:836} INFO - DAG(s) dict_keys(['example_branch_operator']) retrieved from /home/airflow/.local/lib/python3.7/site-packages/airflow/example_dags/example_branch_operator.py
[2023-06-09T05:59:03.012+0000] {logging_mixin.py:149} INFO - [2023-06-09T05:59:03.011+0000] {dag.py:2726} INFO - Sync 1 DAGs
[2023-06-09T05:59:03.051+0000] {logging_mixin.py:149} INFO - [2023-06-09T05:59:03.051+0000] {dag.py:3490} INFO - Setting next_dagrun for example_branch_operator to 2023-06-08T00:00:00+00:00, run_after=2023-06-09T00:00:00+00:00
[2023-06-09T05:59:03.075+0000] {processor.py:179} INFO - Processing /home/airflow/.local/lib/python3.7/site-packages/airflow/example_dags/example_branch_operator.py took 0.118 seconds
[2023-06-09T05:59:33.157+0000] {processor.py:157} INFO - Started process (PID=276) to work on /home/airflow/.local/lib/python3.7/site-packages/airflow/example_dags/example_branch_operator.py
[2023-06-09T05:59:33.158+0000] {processor.py:826} INFO - Processing file /home/airflow/.local/lib/python3.7/site-packages/airflow/example_dags/example_branch_operator.py for tasks to queue
[2023-06-09T05:59:33.159+0000] {logging_mixin.py:149} INFO - [2023-06-09T05:59:33.159+0000] {dagbag.py:541} INFO - Filling up the DagBag from /home/airflow/.local/lib/python3.7/site-packages/airflow/example_dags/example_branch_operator.py
[2023-06-09T05:59:33.171+0000] {processor.py:836} INFO - DAG(s) dict_keys(['example_branch_operator']) retrieved from /home/airflow/.local/lib/python3.7/site-packages/airflow/example_dags/example_branch_operator.py
[2023-06-09T05:59:33.206+0000] {logging_mixin.py:149} INFO - [2023-06-09T05:59:33.205+0000] {dag.py:2726} INFO - Sync 1 DAGs
[2023-06-09T05:59:33.241+0000] {logging_mixin.py:149} INFO - [2023-06-09T05:59:33.241+0000] {dag.py:3490} INFO - Setting next_dagrun for example_branch_operator to 2023-06-08T00:00:00+00:00, run_after=2023-06-09T00:00:00+00:00
[2023-06-09T05:59:33.267+0000] {processor.py:179} INFO - Processing /home/airflow/.local/lib/python3.7/site-packages/airflow/example_dags/example_branch_operator.py took 0.114 seconds
[2023-06-09T06:00:03.494+0000] {processor.py:157} INFO - Started process (PID=330) to work on /home/airflow/.local/lib/python3.7/site-packages/airflow/example_dags/example_branch_operator.py
[2023-06-09T06:00:03.495+0000] {processor.py:826} INFO - Processing file /home/airflow/.local/lib/python3.7/site-packages/airflow/example_dags/example_branch_operator.py for tasks to queue
[2023-06-09T06:00:03.496+0000] {logging_mixin.py:149} INFO - [2023-06-09T06:00:03.496+0000] {dagbag.py:541} INFO - Filling up the DagBag from /home/airflow/.local/lib/python3.7/site-packages/airflow/example_dags/example_branch_operator.py
[2023-06-09T06:00:03.507+0000] {processor.py:836} INFO - DAG(s) dict_keys(['example_branch_operator']) retrieved from /home/airflow/.local/lib/python3.7/site-packages/airflow/example_dags/example_branch_operator.py
[2023-06-09T06:00:03.541+0000] {logging_mixin.py:149} INFO - [2023-06-09T06:00:03.541+0000] {dag.py:2726} INFO - Sync 1 DAGs
[2023-06-09T06:00:03.588+0000] {logging_mixin.py:149} INFO - [2023-06-09T06:00:03.588+0000] {dag.py:3490} INFO - Setting next_dagrun for example_branch_operator to 2023-06-08T00:00:00+00:00, run_after=2023-06-09T00:00:00+00:00
[2023-06-09T06:00:03.613+0000] {processor.py:179} INFO - Processing /home/airflow/.local/lib/python3.7/site-packages/airflow/example_dags/example_branch_operator.py took 0.123 seconds
[2023-06-09T06:00:33.716+0000] {processor.py:157} INFO - Started process (PID=385) to work on /home/airflow/.local/lib/python3.7/site-packages/airflow/example_dags/example_branch_operator.py
[2023-06-09T06:00:33.717+0000] {processor.py:826} INFO - Processing file /home/airflow/.local/lib/python3.7/site-packages/airflow/example_dags/example_branch_operator.py for tasks to queue
[2023-06-09T06:00:33.718+0000] {logging_mixin.py:149} INFO - [2023-06-09T06:00:33.718+0000] {dagbag.py:541} INFO - Filling up the DagBag from /home/airflow/.local/lib/python3.7/site-packages/airflow/example_dags/example_branch_operator.py
[2023-06-09T06:00:33.729+0000] {processor.py:836} INFO - DAG(s) dict_keys(['example_branch_operator']) retrieved from /home/airflow/.local/lib/python3.7/site-packages/airflow/example_dags/example_branch_operator.py
[2023-06-09T06:00:33.763+0000] {logging_mixin.py:149} INFO - [2023-06-09T06:00:33.763+0000] {dag.py:2726} INFO - Sync 1 DAGs
[2023-06-09T06:00:33.798+0000] {logging_mixin.py:149} INFO - [2023-06-09T06:00:33.798+0000] {dag.py:3490} INFO - Setting next_dagrun for example_branch_operator to 2023-06-08T00:00:00+00:00, run_after=2023-06-09T00:00:00+00:00
[2023-06-09T06:00:33.822+0000] {processor.py:179} INFO - Processing /home/airflow/.local/lib/python3.7/site-packages/airflow/example_dags/example_branch_operator.py took 0.110 seconds
[2023-06-09T06:01:04.083+0000] {processor.py:157} INFO - Started process (PID=439) to work on /home/airflow/.local/lib/python3.7/site-packages/airflow/example_dags/example_branch_operator.py
[2023-06-09T06:01:04.084+0000] {processor.py:826} INFO - Processing file /home/airflow/.local/lib/python3.7/site-packages/airflow/example_dags/example_branch_operator.py for tasks to queue
[2023-06-09T06:01:04.085+0000] {logging_mixin.py:149} INFO - [2023-06-09T06:01:04.085+0000] {dagbag.py:541} INFO - Filling up the DagBag from /home/airflow/.local/lib/python3.7/site-packages/airflow/example_dags/example_branch_operator.py
[2023-06-09T06:01:04.097+0000] {processor.py:836} INFO - DAG(s) dict_keys(['example_branch_operator']) retrieved from /home/airflow/.local/lib/python3.7/site-packages/airflow/example_dags/example_branch_operator.py
[2023-06-09T06:01:04.136+0000] {logging_mixin.py:149} INFO - [2023-06-09T06:01:04.135+0000] {dag.py:2726} INFO - Sync 1 DAGs
[2023-06-09T06:01:04.171+0000] {logging_mixin.py:149} INFO - [2023-06-09T06:01:04.171+0000] {dag.py:3490} INFO - Setting next_dagrun for example_branch_operator to 2023-06-08T00:00:00+00:00, run_after=2023-06-09T00:00:00+00:00
[2023-06-09T06:01:04.197+0000] {processor.py:179} INFO - Processing /home/airflow/.local/lib/python3.7/site-packages/airflow/example_dags/example_branch_operator.py took 0.117 seconds
[2023-06-09T06:01:34.817+0000] {processor.py:157} INFO - Started process (PID=493) to work on /home/airflow/.local/lib/python3.7/site-packages/airflow/example_dags/example_branch_operator.py
[2023-06-09T06:01:34.818+0000] {processor.py:826} INFO - Processing file /home/airflow/.local/lib/python3.7/site-packages/airflow/example_dags/example_branch_operator.py for tasks to queue
[2023-06-09T06:01:34.819+0000] {logging_mixin.py:149} INFO - [2023-06-09T06:01:34.819+0000] {dagbag.py:541} INFO - Filling up the DagBag from /home/airflow/.local/lib/python3.7/site-packages/airflow/example_dags/example_branch_operator.py
[2023-06-09T06:01:34.830+0000] {processor.py:836} INFO - DAG(s) dict_keys(['example_branch_operator']) retrieved from /home/airflow/.local/lib/python3.7/site-packages/airflow/example_dags/example_branch_operator.py
[2023-06-09T06:01:34.864+0000] {logging_mixin.py:149} INFO - [2023-06-09T06:01:34.864+0000] {dag.py:2726} INFO - Sync 1 DAGs
[2023-06-09T06:01:34.899+0000] {logging_mixin.py:149} INFO - [2023-06-09T06:01:34.899+0000] {dag.py:3490} INFO - Setting next_dagrun for example_branch_operator to 2023-06-08T00:00:00+00:00, run_after=2023-06-09T00:00:00+00:00
[2023-06-09T06:01:34.922+0000] {processor.py:179} INFO - Processing /home/airflow/.local/lib/python3.7/site-packages/airflow/example_dags/example_branch_operator.py took 0.109 seconds
[2023-06-09T06:02:05.549+0000] {processor.py:157} INFO - Started process (PID=548) to work on /home/airflow/.local/lib/python3.7/site-packages/airflow/example_dags/example_branch_operator.py
[2023-06-09T06:02:05.550+0000] {processor.py:826} INFO - Processing file /home/airflow/.local/lib/python3.7/site-packages/airflow/example_dags/example_branch_operator.py for tasks to queue
[2023-06-09T06:02:05.550+0000] {logging_mixin.py:149} INFO - [2023-06-09T06:02:05.550+0000] {dagbag.py:541} INFO - Filling up the DagBag from /home/airflow/.local/lib/python3.7/site-packages/airflow/example_dags/example_branch_operator.py
[2023-06-09T06:02:05.562+0000] {processor.py:836} INFO - DAG(s) dict_keys(['example_branch_operator']) retrieved from /home/airflow/.local/lib/python3.7/site-packages/airflow/example_dags/example_branch_operator.py
[2023-06-09T06:02:05.595+0000] {logging_mixin.py:149} INFO - [2023-06-09T06:02:05.595+0000] {dag.py:2726} INFO - Sync 1 DAGs
[2023-06-09T06:02:05.630+0000] {logging_mixin.py:149} INFO - [2023-06-09T06:02:05.630+0000] {dag.py:3490} INFO - Setting next_dagrun for example_branch_operator to 2023-06-08T00:00:00+00:00, run_after=2023-06-09T00:00:00+00:00
[2023-06-09T06:02:05.655+0000] {processor.py:179} INFO - Processing /home/airflow/.local/lib/python3.7/site-packages/airflow/example_dags/example_branch_operator.py took 0.110 seconds
[2023-06-09T06:02:36.113+0000] {processor.py:157} INFO - Started process (PID=603) to work on /home/airflow/.local/lib/python3.7/site-packages/airflow/example_dags/example_branch_operator.py
[2023-06-09T06:02:36.115+0000] {processor.py:826} INFO - Processing file /home/airflow/.local/lib/python3.7/site-packages/airflow/example_dags/example_branch_operator.py for tasks to queue
[2023-06-09T06:02:36.115+0000] {logging_mixin.py:149} INFO - [2023-06-09T06:02:36.115+0000] {dagbag.py:541} INFO - Filling up the DagBag from /home/airflow/.local/lib/python3.7/site-packages/airflow/example_dags/example_branch_operator.py
[2023-06-09T06:02:36.133+0000] {processor.py:836} INFO - DAG(s) dict_keys(['example_branch_operator']) retrieved from /home/airflow/.local/lib/python3.7/site-packages/airflow/example_dags/example_branch_operator.py
[2023-06-09T06:02:36.166+0000] {logging_mixin.py:149} INFO - [2023-06-09T06:02:36.165+0000] {dag.py:2726} INFO - Sync 1 DAGs
[2023-06-09T06:02:36.201+0000] {logging_mixin.py:149} INFO - [2023-06-09T06:02:36.201+0000] {dag.py:3490} INFO - Setting next_dagrun for example_branch_operator to 2023-06-08T00:00:00+00:00, run_after=2023-06-09T00:00:00+00:00
[2023-06-09T06:02:36.226+0000] {processor.py:179} INFO - Processing /home/airflow/.local/lib/python3.7/site-packages/airflow/example_dags/example_branch_operator.py took 0.116 seconds
[2023-06-09T06:03:06.823+0000] {processor.py:157} INFO - Started process (PID=656) to work on /home/airflow/.local/lib/python3.7/site-packages/airflow/example_dags/example_branch_operator.py
[2023-06-09T06:03:06.826+0000] {processor.py:826} INFO - Processing file /home/airflow/.local/lib/python3.7/site-packages/airflow/example_dags/example_branch_operator.py for tasks to queue
[2023-06-09T06:03:06.829+0000] {logging_mixin.py:149} INFO - [2023-06-09T06:03:06.829+0000] {dagbag.py:541} INFO - Filling up the DagBag from /home/airflow/.local/lib/python3.7/site-packages/airflow/example_dags/example_branch_operator.py
[2023-06-09T06:03:06.855+0000] {processor.py:836} INFO - DAG(s) dict_keys(['example_branch_operator']) retrieved from /home/airflow/.local/lib/python3.7/site-packages/airflow/example_dags/example_branch_operator.py
[2023-06-09T06:03:06.888+0000] {logging_mixin.py:149} INFO - [2023-06-09T06:03:06.888+0000] {dag.py:2726} INFO - Sync 1 DAGs
[2023-06-09T06:03:06.924+0000] {logging_mixin.py:149} INFO - [2023-06-09T06:03:06.924+0000] {dag.py:3490} INFO - Setting next_dagrun for example_branch_operator to 2023-06-08T00:00:00+00:00, run_after=2023-06-09T00:00:00+00:00
[2023-06-09T06:03:06.945+0000] {processor.py:179} INFO - Processing /home/airflow/.local/lib/python3.7/site-packages/airflow/example_dags/example_branch_operator.py took 0.127 seconds
[2023-06-09T06:03:37.273+0000] {processor.py:157} INFO - Started process (PID=710) to work on /home/airflow/.local/lib/python3.7/site-packages/airflow/example_dags/example_branch_operator.py
[2023-06-09T06:03:37.276+0000] {processor.py:826} INFO - Processing file /home/airflow/.local/lib/python3.7/site-packages/airflow/example_dags/example_branch_operator.py for tasks to queue
[2023-06-09T06:03:37.277+0000] {logging_mixin.py:149} INFO - [2023-06-09T06:03:37.277+0000] {dagbag.py:541} INFO - Filling up the DagBag from /home/airflow/.local/lib/python3.7/site-packages/airflow/example_dags/example_branch_operator.py
[2023-06-09T06:03:37.289+0000] {processor.py:836} INFO - DAG(s) dict_keys(['example_branch_operator']) retrieved from /home/airflow/.local/lib/python3.7/site-packages/airflow/example_dags/example_branch_operator.py
[2023-06-09T06:03:37.321+0000] {logging_mixin.py:149} INFO - [2023-06-09T06:03:37.321+0000] {dag.py:2726} INFO - Sync 1 DAGs
[2023-06-09T06:03:37.362+0000] {logging_mixin.py:149} INFO - [2023-06-09T06:03:37.361+0000] {dag.py:3490} INFO - Setting next_dagrun for example_branch_operator to 2023-06-08T00:00:00+00:00, run_after=2023-06-09T00:00:00+00:00
[2023-06-09T06:03:37.386+0000] {processor.py:179} INFO - Processing /home/airflow/.local/lib/python3.7/site-packages/airflow/example_dags/example_branch_operator.py took 0.119 seconds
[2023-06-09T06:04:08.067+0000] {processor.py:157} INFO - Started process (PID=763) to work on /home/airflow/.local/lib/python3.7/site-packages/airflow/example_dags/example_branch_operator.py
[2023-06-09T06:04:08.069+0000] {processor.py:826} INFO - Processing file /home/airflow/.local/lib/python3.7/site-packages/airflow/example_dags/example_branch_operator.py for tasks to queue
[2023-06-09T06:04:08.069+0000] {logging_mixin.py:149} INFO - [2023-06-09T06:04:08.069+0000] {dagbag.py:541} INFO - Filling up the DagBag from /home/airflow/.local/lib/python3.7/site-packages/airflow/example_dags/example_branch_operator.py
[2023-06-09T06:04:08.082+0000] {processor.py:836} INFO - DAG(s) dict_keys(['example_branch_operator']) retrieved from /home/airflow/.local/lib/python3.7/site-packages/airflow/example_dags/example_branch_operator.py
[2023-06-09T06:04:08.116+0000] {logging_mixin.py:149} INFO - [2023-06-09T06:04:08.116+0000] {dag.py:2726} INFO - Sync 1 DAGs
[2023-06-09T06:04:08.152+0000] {logging_mixin.py:149} INFO - [2023-06-09T06:04:08.152+0000] {dag.py:3490} INFO - Setting next_dagrun for example_branch_operator to 2023-06-08T00:00:00+00:00, run_after=2023-06-09T00:00:00+00:00
[2023-06-09T06:04:08.178+0000] {processor.py:179} INFO - Processing /home/airflow/.local/lib/python3.7/site-packages/airflow/example_dags/example_branch_operator.py took 0.115 seconds
[2023-06-09T06:04:38.445+0000] {processor.py:157} INFO - Started process (PID=816) to work on /home/airflow/.local/lib/python3.7/site-packages/airflow/example_dags/example_branch_operator.py
[2023-06-09T06:04:38.447+0000] {processor.py:826} INFO - Processing file /home/airflow/.local/lib/python3.7/site-packages/airflow/example_dags/example_branch_operator.py for tasks to queue
[2023-06-09T06:04:38.448+0000] {logging_mixin.py:149} INFO - [2023-06-09T06:04:38.448+0000] {dagbag.py:541} INFO - Filling up the DagBag from /home/airflow/.local/lib/python3.7/site-packages/airflow/example_dags/example_branch_operator.py
[2023-06-09T06:04:38.460+0000] {processor.py:836} INFO - DAG(s) dict_keys(['example_branch_operator']) retrieved from /home/airflow/.local/lib/python3.7/site-packages/airflow/example_dags/example_branch_operator.py
[2023-06-09T06:04:38.494+0000] {logging_mixin.py:149} INFO - [2023-06-09T06:04:38.494+0000] {dag.py:2726} INFO - Sync 1 DAGs
[2023-06-09T06:04:38.529+0000] {logging_mixin.py:149} INFO - [2023-06-09T06:04:38.528+0000] {dag.py:3490} INFO - Setting next_dagrun for example_branch_operator to 2023-06-08T00:00:00+00:00, run_after=2023-06-09T00:00:00+00:00
[2023-06-09T06:04:38.551+0000] {processor.py:179} INFO - Processing /home/airflow/.local/lib/python3.7/site-packages/airflow/example_dags/example_branch_operator.py took 0.110 seconds
[2023-06-09T06:05:08.729+0000] {processor.py:157} INFO - Started process (PID=870) to work on /home/airflow/.local/lib/python3.7/site-packages/airflow/example_dags/example_branch_operator.py
[2023-06-09T06:05:08.752+0000] {processor.py:826} INFO - Processing file /home/airflow/.local/lib/python3.7/site-packages/airflow/example_dags/example_branch_operator.py for tasks to queue
[2023-06-09T06:05:08.760+0000] {logging_mixin.py:149} INFO - [2023-06-09T06:05:08.760+0000] {dagbag.py:541} INFO - Filling up the DagBag from /home/airflow/.local/lib/python3.7/site-packages/airflow/example_dags/example_branch_operator.py
[2023-06-09T06:05:08.772+0000] {processor.py:836} INFO - DAG(s) dict_keys(['example_branch_operator']) retrieved from /home/airflow/.local/lib/python3.7/site-packages/airflow/example_dags/example_branch_operator.py
[2023-06-09T06:05:08.806+0000] {logging_mixin.py:149} INFO - [2023-06-09T06:05:08.806+0000] {dag.py:2726} INFO - Sync 1 DAGs
[2023-06-09T06:05:08.869+0000] {logging_mixin.py:149} INFO - [2023-06-09T06:05:08.868+0000] {dag.py:3490} INFO - Setting next_dagrun for example_branch_operator to 2023-06-08T00:00:00+00:00, run_after=2023-06-09T00:00:00+00:00
[2023-06-09T06:05:08.892+0000] {processor.py:179} INFO - Processing /home/airflow/.local/lib/python3.7/site-packages/airflow/example_dags/example_branch_operator.py took 0.171 seconds
[2023-06-09T06:05:38.967+0000] {processor.py:157} INFO - Started process (PID=924) to work on /home/airflow/.local/lib/python3.7/site-packages/airflow/example_dags/example_branch_operator.py
[2023-06-09T06:05:38.968+0000] {processor.py:826} INFO - Processing file /home/airflow/.local/lib/python3.7/site-packages/airflow/example_dags/example_branch_operator.py for tasks to queue
[2023-06-09T06:05:38.969+0000] {logging_mixin.py:149} INFO - [2023-06-09T06:05:38.969+0000] {dagbag.py:541} INFO - Filling up the DagBag from /home/airflow/.local/lib/python3.7/site-packages/airflow/example_dags/example_branch_operator.py
[2023-06-09T06:05:38.983+0000] {processor.py:836} INFO - DAG(s) dict_keys(['example_branch_operator']) retrieved from /home/airflow/.local/lib/python3.7/site-packages/airflow/example_dags/example_branch_operator.py
[2023-06-09T06:05:39.034+0000] {logging_mixin.py:149} INFO - [2023-06-09T06:05:39.034+0000] {dag.py:2726} INFO - Sync 1 DAGs
[2023-06-09T06:05:39.074+0000] {logging_mixin.py:149} INFO - [2023-06-09T06:05:39.073+0000] {dag.py:3490} INFO - Setting next_dagrun for example_branch_operator to 2023-06-08T00:00:00+00:00, run_after=2023-06-09T00:00:00+00:00
[2023-06-09T06:05:39.097+0000] {processor.py:179} INFO - Processing /home/airflow/.local/lib/python3.7/site-packages/airflow/example_dags/example_branch_operator.py took 0.134 seconds
[2023-06-09T06:06:09.776+0000] {processor.py:157} INFO - Started process (PID=977) to work on /home/airflow/.local/lib/python3.7/site-packages/airflow/example_dags/example_branch_operator.py
[2023-06-09T06:06:09.777+0000] {processor.py:826} INFO - Processing file /home/airflow/.local/lib/python3.7/site-packages/airflow/example_dags/example_branch_operator.py for tasks to queue
[2023-06-09T06:06:09.778+0000] {logging_mixin.py:149} INFO - [2023-06-09T06:06:09.777+0000] {dagbag.py:541} INFO - Filling up the DagBag from /home/airflow/.local/lib/python3.7/site-packages/airflow/example_dags/example_branch_operator.py
[2023-06-09T06:06:09.789+0000] {processor.py:836} INFO - DAG(s) dict_keys(['example_branch_operator']) retrieved from /home/airflow/.local/lib/python3.7/site-packages/airflow/example_dags/example_branch_operator.py
[2023-06-09T06:06:09.822+0000] {logging_mixin.py:149} INFO - [2023-06-09T06:06:09.822+0000] {dag.py:2726} INFO - Sync 1 DAGs
[2023-06-09T06:06:09.857+0000] {logging_mixin.py:149} INFO - [2023-06-09T06:06:09.857+0000] {dag.py:3490} INFO - Setting next_dagrun for example_branch_operator to 2023-06-08T00:00:00+00:00, run_after=2023-06-09T00:00:00+00:00
[2023-06-09T06:06:09.882+0000] {processor.py:179} INFO - Processing /home/airflow/.local/lib/python3.7/site-packages/airflow/example_dags/example_branch_operator.py took 0.110 seconds
[2023-06-09T06:06:40.344+0000] {processor.py:157} INFO - Started process (PID=1030) to work on /home/airflow/.local/lib/python3.7/site-packages/airflow/example_dags/example_branch_operator.py
[2023-06-09T06:06:40.345+0000] {processor.py:826} INFO - Processing file /home/airflow/.local/lib/python3.7/site-packages/airflow/example_dags/example_branch_operator.py for tasks to queue
[2023-06-09T06:06:40.346+0000] {logging_mixin.py:149} INFO - [2023-06-09T06:06:40.346+0000] {dagbag.py:541} INFO - Filling up the DagBag from /home/airflow/.local/lib/python3.7/site-packages/airflow/example_dags/example_branch_operator.py
[2023-06-09T06:06:40.357+0000] {processor.py:836} INFO - DAG(s) dict_keys(['example_branch_operator']) retrieved from /home/airflow/.local/lib/python3.7/site-packages/airflow/example_dags/example_branch_operator.py
[2023-06-09T06:06:40.392+0000] {logging_mixin.py:149} INFO - [2023-06-09T06:06:40.392+0000] {dag.py:2726} INFO - Sync 1 DAGs
[2023-06-09T06:06:40.429+0000] {logging_mixin.py:149} INFO - [2023-06-09T06:06:40.428+0000] {dag.py:3490} INFO - Setting next_dagrun for example_branch_operator to 2023-06-08T00:00:00+00:00, run_after=2023-06-09T00:00:00+00:00
[2023-06-09T06:06:40.452+0000] {processor.py:179} INFO - Processing /home/airflow/.local/lib/python3.7/site-packages/airflow/example_dags/example_branch_operator.py took 0.112 seconds
[2023-06-09T06:07:10.736+0000] {processor.py:157} INFO - Started process (PID=1085) to work on /home/airflow/.local/lib/python3.7/site-packages/airflow/example_dags/example_branch_operator.py
[2023-06-09T06:07:10.738+0000] {processor.py:826} INFO - Processing file /home/airflow/.local/lib/python3.7/site-packages/airflow/example_dags/example_branch_operator.py for tasks to queue
[2023-06-09T06:07:10.738+0000] {logging_mixin.py:149} INFO - [2023-06-09T06:07:10.738+0000] {dagbag.py:541} INFO - Filling up the DagBag from /home/airflow/.local/lib/python3.7/site-packages/airflow/example_dags/example_branch_operator.py
[2023-06-09T06:07:10.750+0000] {processor.py:836} INFO - DAG(s) dict_keys(['example_branch_operator']) retrieved from /home/airflow/.local/lib/python3.7/site-packages/airflow/example_dags/example_branch_operator.py
[2023-06-09T06:07:10.785+0000] {logging_mixin.py:149} INFO - [2023-06-09T06:07:10.785+0000] {dag.py:2726} INFO - Sync 1 DAGs
[2023-06-09T06:07:10.821+0000] {logging_mixin.py:149} INFO - [2023-06-09T06:07:10.820+0000] {dag.py:3490} INFO - Setting next_dagrun for example_branch_operator to 2023-06-08T00:00:00+00:00, run_after=2023-06-09T00:00:00+00:00
[2023-06-09T06:07:10.844+0000] {processor.py:179} INFO - Processing /home/airflow/.local/lib/python3.7/site-packages/airflow/example_dags/example_branch_operator.py took 0.112 seconds
[2023-06-09T06:07:41.278+0000] {processor.py:157} INFO - Started process (PID=1139) to work on /home/airflow/.local/lib/python3.7/site-packages/airflow/example_dags/example_branch_operator.py
[2023-06-09T06:07:41.279+0000] {processor.py:826} INFO - Processing file /home/airflow/.local/lib/python3.7/site-packages/airflow/example_dags/example_branch_operator.py for tasks to queue
[2023-06-09T06:07:41.280+0000] {logging_mixin.py:149} INFO - [2023-06-09T06:07:41.280+0000] {dagbag.py:541} INFO - Filling up the DagBag from /home/airflow/.local/lib/python3.7/site-packages/airflow/example_dags/example_branch_operator.py
[2023-06-09T06:07:41.292+0000] {processor.py:836} INFO - DAG(s) dict_keys(['example_branch_operator']) retrieved from /home/airflow/.local/lib/python3.7/site-packages/airflow/example_dags/example_branch_operator.py
[2023-06-09T06:07:41.326+0000] {logging_mixin.py:149} INFO - [2023-06-09T06:07:41.326+0000] {dag.py:2726} INFO - Sync 1 DAGs
[2023-06-09T06:07:41.370+0000] {logging_mixin.py:149} INFO - [2023-06-09T06:07:41.370+0000] {dag.py:3490} INFO - Setting next_dagrun for example_branch_operator to 2023-06-08T00:00:00+00:00, run_after=2023-06-09T00:00:00+00:00
[2023-06-09T06:07:41.395+0000] {processor.py:179} INFO - Processing /home/airflow/.local/lib/python3.7/site-packages/airflow/example_dags/example_branch_operator.py took 0.120 seconds
[2023-06-09T06:08:12.101+0000] {processor.py:157} INFO - Started process (PID=1192) to work on /home/airflow/.local/lib/python3.7/site-packages/airflow/example_dags/example_branch_operator.py
[2023-06-09T06:08:12.102+0000] {processor.py:826} INFO - Processing file /home/airflow/.local/lib/python3.7/site-packages/airflow/example_dags/example_branch_operator.py for tasks to queue
[2023-06-09T06:08:12.103+0000] {logging_mixin.py:149} INFO - [2023-06-09T06:08:12.103+0000] {dagbag.py:541} INFO - Filling up the DagBag from /home/airflow/.local/lib/python3.7/site-packages/airflow/example_dags/example_branch_operator.py
[2023-06-09T06:08:12.114+0000] {processor.py:836} INFO - DAG(s) dict_keys(['example_branch_operator']) retrieved from /home/airflow/.local/lib/python3.7/site-packages/airflow/example_dags/example_branch_operator.py
[2023-06-09T06:08:12.147+0000] {logging_mixin.py:149} INFO - [2023-06-09T06:08:12.147+0000] {dag.py:2726} INFO - Sync 1 DAGs
[2023-06-09T06:08:12.183+0000] {logging_mixin.py:149} INFO - [2023-06-09T06:08:12.182+0000] {dag.py:3490} INFO - Setting next_dagrun for example_branch_operator to 2023-06-08T00:00:00+00:00, run_after=2023-06-09T00:00:00+00:00
[2023-06-09T06:08:12.206+0000] {processor.py:179} INFO - Processing /home/airflow/.local/lib/python3.7/site-packages/airflow/example_dags/example_branch_operator.py took 0.110 seconds
[2023-06-09T06:08:42.491+0000] {processor.py:157} INFO - Started process (PID=1246) to work on /home/airflow/.local/lib/python3.7/site-packages/airflow/example_dags/example_branch_operator.py
[2023-06-09T06:08:42.492+0000] {processor.py:826} INFO - Processing file /home/airflow/.local/lib/python3.7/site-packages/airflow/example_dags/example_branch_operator.py for tasks to queue
[2023-06-09T06:08:42.493+0000] {logging_mixin.py:149} INFO - [2023-06-09T06:08:42.493+0000] {dagbag.py:541} INFO - Filling up the DagBag from /home/airflow/.local/lib/python3.7/site-packages/airflow/example_dags/example_branch_operator.py
[2023-06-09T06:08:42.505+0000] {processor.py:836} INFO - DAG(s) dict_keys(['example_branch_operator']) retrieved from /home/airflow/.local/lib/python3.7/site-packages/airflow/example_dags/example_branch_operator.py
[2023-06-09T06:08:42.539+0000] {logging_mixin.py:149} INFO - [2023-06-09T06:08:42.539+0000] {dag.py:2726} INFO - Sync 1 DAGs
[2023-06-09T06:08:42.576+0000] {logging_mixin.py:149} INFO - [2023-06-09T06:08:42.576+0000] {dag.py:3490} INFO - Setting next_dagrun for example_branch_operator to 2023-06-08T00:00:00+00:00, run_after=2023-06-09T00:00:00+00:00
[2023-06-09T06:08:42.602+0000] {processor.py:179} INFO - Processing /home/airflow/.local/lib/python3.7/site-packages/airflow/example_dags/example_branch_operator.py took 0.114 seconds
[2023-06-09T06:09:12.951+0000] {processor.py:157} INFO - Started process (PID=1299) to work on /home/airflow/.local/lib/python3.7/site-packages/airflow/example_dags/example_branch_operator.py
[2023-06-09T06:09:12.957+0000] {processor.py:826} INFO - Processing file /home/airflow/.local/lib/python3.7/site-packages/airflow/example_dags/example_branch_operator.py for tasks to queue
[2023-06-09T06:09:12.958+0000] {logging_mixin.py:149} INFO - [2023-06-09T06:09:12.958+0000] {dagbag.py:541} INFO - Filling up the DagBag from /home/airflow/.local/lib/python3.7/site-packages/airflow/example_dags/example_branch_operator.py
[2023-06-09T06:09:12.975+0000] {processor.py:836} INFO - DAG(s) dict_keys(['example_branch_operator']) retrieved from /home/airflow/.local/lib/python3.7/site-packages/airflow/example_dags/example_branch_operator.py
[2023-06-09T06:09:13.037+0000] {logging_mixin.py:149} INFO - [2023-06-09T06:09:13.037+0000] {dag.py:2726} INFO - Sync 1 DAGs
[2023-06-09T06:09:13.074+0000] {logging_mixin.py:149} INFO - [2023-06-09T06:09:13.073+0000] {dag.py:3490} INFO - Setting next_dagrun for example_branch_operator to 2023-06-08T00:00:00+00:00, run_after=2023-06-09T00:00:00+00:00
[2023-06-09T06:09:13.095+0000] {processor.py:179} INFO - Processing /home/airflow/.local/lib/python3.7/site-packages/airflow/example_dags/example_branch_operator.py took 0.148 seconds
[2023-06-09T06:09:43.867+0000] {processor.py:157} INFO - Started process (PID=1354) to work on /home/airflow/.local/lib/python3.7/site-packages/airflow/example_dags/example_branch_operator.py
[2023-06-09T06:09:43.868+0000] {processor.py:826} INFO - Processing file /home/airflow/.local/lib/python3.7/site-packages/airflow/example_dags/example_branch_operator.py for tasks to queue
[2023-06-09T06:09:43.869+0000] {logging_mixin.py:149} INFO - [2023-06-09T06:09:43.869+0000] {dagbag.py:541} INFO - Filling up the DagBag from /home/airflow/.local/lib/python3.7/site-packages/airflow/example_dags/example_branch_operator.py
[2023-06-09T06:09:43.882+0000] {processor.py:836} INFO - DAG(s) dict_keys(['example_branch_operator']) retrieved from /home/airflow/.local/lib/python3.7/site-packages/airflow/example_dags/example_branch_operator.py
[2023-06-09T06:09:43.916+0000] {logging_mixin.py:149} INFO - [2023-06-09T06:09:43.916+0000] {dag.py:2726} INFO - Sync 1 DAGs
[2023-06-09T06:09:43.953+0000] {logging_mixin.py:149} INFO - [2023-06-09T06:09:43.953+0000] {dag.py:3490} INFO - Setting next_dagrun for example_branch_operator to 2023-06-08T00:00:00+00:00, run_after=2023-06-09T00:00:00+00:00
[2023-06-09T06:09:43.976+0000] {processor.py:179} INFO - Processing /home/airflow/.local/lib/python3.7/site-packages/airflow/example_dags/example_branch_operator.py took 0.112 seconds
[2023-06-09T06:10:14.209+0000] {processor.py:157} INFO - Started process (PID=1408) to work on /home/airflow/.local/lib/python3.7/site-packages/airflow/example_dags/example_branch_operator.py
[2023-06-09T06:10:14.211+0000] {processor.py:826} INFO - Processing file /home/airflow/.local/lib/python3.7/site-packages/airflow/example_dags/example_branch_operator.py for tasks to queue
[2023-06-09T06:10:14.211+0000] {logging_mixin.py:149} INFO - [2023-06-09T06:10:14.211+0000] {dagbag.py:541} INFO - Filling up the DagBag from /home/airflow/.local/lib/python3.7/site-packages/airflow/example_dags/example_branch_operator.py
[2023-06-09T06:10:14.223+0000] {processor.py:836} INFO - DAG(s) dict_keys(['example_branch_operator']) retrieved from /home/airflow/.local/lib/python3.7/site-packages/airflow/example_dags/example_branch_operator.py
[2023-06-09T06:10:14.257+0000] {logging_mixin.py:149} INFO - [2023-06-09T06:10:14.257+0000] {dag.py:2726} INFO - Sync 1 DAGs
[2023-06-09T06:10:14.292+0000] {logging_mixin.py:149} INFO - [2023-06-09T06:10:14.292+0000] {dag.py:3490} INFO - Setting next_dagrun for example_branch_operator to 2023-06-08T00:00:00+00:00, run_after=2023-06-09T00:00:00+00:00
[2023-06-09T06:10:14.316+0000] {processor.py:179} INFO - Processing /home/airflow/.local/lib/python3.7/site-packages/airflow/example_dags/example_branch_operator.py took 0.111 seconds
[2023-06-09T06:10:44.633+0000] {processor.py:157} INFO - Started process (PID=1461) to work on /home/airflow/.local/lib/python3.7/site-packages/airflow/example_dags/example_branch_operator.py
[2023-06-09T06:10:44.634+0000] {processor.py:826} INFO - Processing file /home/airflow/.local/lib/python3.7/site-packages/airflow/example_dags/example_branch_operator.py for tasks to queue
[2023-06-09T06:10:44.635+0000] {logging_mixin.py:149} INFO - [2023-06-09T06:10:44.634+0000] {dagbag.py:541} INFO - Filling up the DagBag from /home/airflow/.local/lib/python3.7/site-packages/airflow/example_dags/example_branch_operator.py
[2023-06-09T06:10:44.646+0000] {processor.py:836} INFO - DAG(s) dict_keys(['example_branch_operator']) retrieved from /home/airflow/.local/lib/python3.7/site-packages/airflow/example_dags/example_branch_operator.py
[2023-06-09T06:10:44.680+0000] {logging_mixin.py:149} INFO - [2023-06-09T06:10:44.679+0000] {dag.py:2726} INFO - Sync 1 DAGs
[2023-06-09T06:10:44.716+0000] {logging_mixin.py:149} INFO - [2023-06-09T06:10:44.715+0000] {dag.py:3490} INFO - Setting next_dagrun for example_branch_operator to 2023-06-08T00:00:00+00:00, run_after=2023-06-09T00:00:00+00:00
[2023-06-09T06:10:44.739+0000] {processor.py:179} INFO - Processing /home/airflow/.local/lib/python3.7/site-packages/airflow/example_dags/example_branch_operator.py took 0.110 seconds
[2023-06-09T06:11:14.988+0000] {processor.py:157} INFO - Started process (PID=1514) to work on /home/airflow/.local/lib/python3.7/site-packages/airflow/example_dags/example_branch_operator.py
[2023-06-09T06:11:14.989+0000] {processor.py:826} INFO - Processing file /home/airflow/.local/lib/python3.7/site-packages/airflow/example_dags/example_branch_operator.py for tasks to queue
[2023-06-09T06:11:14.990+0000] {logging_mixin.py:149} INFO - [2023-06-09T06:11:14.990+0000] {dagbag.py:541} INFO - Filling up the DagBag from /home/airflow/.local/lib/python3.7/site-packages/airflow/example_dags/example_branch_operator.py
[2023-06-09T06:11:15.002+0000] {processor.py:836} INFO - DAG(s) dict_keys(['example_branch_operator']) retrieved from /home/airflow/.local/lib/python3.7/site-packages/airflow/example_dags/example_branch_operator.py
[2023-06-09T06:11:15.063+0000] {logging_mixin.py:149} INFO - [2023-06-09T06:11:15.062+0000] {dag.py:2726} INFO - Sync 1 DAGs
[2023-06-09T06:11:15.101+0000] {logging_mixin.py:149} INFO - [2023-06-09T06:11:15.101+0000] {dag.py:3490} INFO - Setting next_dagrun for example_branch_operator to 2023-06-08T00:00:00+00:00, run_after=2023-06-09T00:00:00+00:00
[2023-06-09T06:11:15.130+0000] {processor.py:179} INFO - Processing /home/airflow/.local/lib/python3.7/site-packages/airflow/example_dags/example_branch_operator.py took 0.146 seconds
[2023-06-09T06:11:45.540+0000] {processor.py:157} INFO - Started process (PID=1568) to work on /home/airflow/.local/lib/python3.7/site-packages/airflow/example_dags/example_branch_operator.py
[2023-06-09T06:11:45.541+0000] {processor.py:826} INFO - Processing file /home/airflow/.local/lib/python3.7/site-packages/airflow/example_dags/example_branch_operator.py for tasks to queue
[2023-06-09T06:11:45.542+0000] {logging_mixin.py:149} INFO - [2023-06-09T06:11:45.542+0000] {dagbag.py:541} INFO - Filling up the DagBag from /home/airflow/.local/lib/python3.7/site-packages/airflow/example_dags/example_branch_operator.py
[2023-06-09T06:11:45.554+0000] {processor.py:836} INFO - DAG(s) dict_keys(['example_branch_operator']) retrieved from /home/airflow/.local/lib/python3.7/site-packages/airflow/example_dags/example_branch_operator.py
[2023-06-09T06:11:45.589+0000] {logging_mixin.py:149} INFO - [2023-06-09T06:11:45.588+0000] {dag.py:2726} INFO - Sync 1 DAGs
[2023-06-09T06:11:45.624+0000] {logging_mixin.py:149} INFO - [2023-06-09T06:11:45.624+0000] {dag.py:3490} INFO - Setting next_dagrun for example_branch_operator to 2023-06-08T00:00:00+00:00, run_after=2023-06-09T00:00:00+00:00
[2023-06-09T06:11:45.648+0000] {processor.py:179} INFO - Processing /home/airflow/.local/lib/python3.7/site-packages/airflow/example_dags/example_branch_operator.py took 0.112 seconds
[2023-06-09T06:12:15.838+0000] {processor.py:157} INFO - Started process (PID=1623) to work on /home/airflow/.local/lib/python3.7/site-packages/airflow/example_dags/example_branch_operator.py
[2023-06-09T06:12:15.839+0000] {processor.py:826} INFO - Processing file /home/airflow/.local/lib/python3.7/site-packages/airflow/example_dags/example_branch_operator.py for tasks to queue
[2023-06-09T06:12:15.845+0000] {logging_mixin.py:149} INFO - [2023-06-09T06:12:15.840+0000] {dagbag.py:541} INFO - Filling up the DagBag from /home/airflow/.local/lib/python3.7/site-packages/airflow/example_dags/example_branch_operator.py
[2023-06-09T06:12:15.857+0000] {processor.py:836} INFO - DAG(s) dict_keys(['example_branch_operator']) retrieved from /home/airflow/.local/lib/python3.7/site-packages/airflow/example_dags/example_branch_operator.py
[2023-06-09T06:12:15.890+0000] {logging_mixin.py:149} INFO - [2023-06-09T06:12:15.890+0000] {dag.py:2726} INFO - Sync 1 DAGs
[2023-06-09T06:12:15.927+0000] {logging_mixin.py:149} INFO - [2023-06-09T06:12:15.926+0000] {dag.py:3490} INFO - Setting next_dagrun for example_branch_operator to 2023-06-08T00:00:00+00:00, run_after=2023-06-09T00:00:00+00:00
[2023-06-09T06:12:15.951+0000] {processor.py:179} INFO - Processing /home/airflow/.local/lib/python3.7/site-packages/airflow/example_dags/example_branch_operator.py took 0.119 seconds
[2023-06-09T06:12:46.700+0000] {processor.py:157} INFO - Started process (PID=1677) to work on /home/airflow/.local/lib/python3.7/site-packages/airflow/example_dags/example_branch_operator.py
[2023-06-09T06:12:46.701+0000] {processor.py:826} INFO - Processing file /home/airflow/.local/lib/python3.7/site-packages/airflow/example_dags/example_branch_operator.py for tasks to queue
[2023-06-09T06:12:46.702+0000] {logging_mixin.py:149} INFO - [2023-06-09T06:12:46.702+0000] {dagbag.py:541} INFO - Filling up the DagBag from /home/airflow/.local/lib/python3.7/site-packages/airflow/example_dags/example_branch_operator.py
[2023-06-09T06:12:46.714+0000] {processor.py:836} INFO - DAG(s) dict_keys(['example_branch_operator']) retrieved from /home/airflow/.local/lib/python3.7/site-packages/airflow/example_dags/example_branch_operator.py
[2023-06-09T06:12:46.748+0000] {logging_mixin.py:149} INFO - [2023-06-09T06:12:46.747+0000] {dag.py:2726} INFO - Sync 1 DAGs
[2023-06-09T06:12:46.784+0000] {logging_mixin.py:149} INFO - [2023-06-09T06:12:46.783+0000] {dag.py:3490} INFO - Setting next_dagrun for example_branch_operator to 2023-06-08T00:00:00+00:00, run_after=2023-06-09T00:00:00+00:00
[2023-06-09T06:12:46.808+0000] {processor.py:179} INFO - Processing /home/airflow/.local/lib/python3.7/site-packages/airflow/example_dags/example_branch_operator.py took 0.112 seconds
[2023-06-09T06:13:17.066+0000] {processor.py:157} INFO - Started process (PID=1731) to work on /home/airflow/.local/lib/python3.7/site-packages/airflow/example_dags/example_branch_operator.py
[2023-06-09T06:13:17.067+0000] {processor.py:826} INFO - Processing file /home/airflow/.local/lib/python3.7/site-packages/airflow/example_dags/example_branch_operator.py for tasks to queue
[2023-06-09T06:13:17.068+0000] {logging_mixin.py:149} INFO - [2023-06-09T06:13:17.068+0000] {dagbag.py:541} INFO - Filling up the DagBag from /home/airflow/.local/lib/python3.7/site-packages/airflow/example_dags/example_branch_operator.py
[2023-06-09T06:13:17.079+0000] {processor.py:836} INFO - DAG(s) dict_keys(['example_branch_operator']) retrieved from /home/airflow/.local/lib/python3.7/site-packages/airflow/example_dags/example_branch_operator.py
[2023-06-09T06:13:17.114+0000] {logging_mixin.py:149} INFO - [2023-06-09T06:13:17.114+0000] {dag.py:2726} INFO - Sync 1 DAGs
[2023-06-09T06:13:17.151+0000] {logging_mixin.py:149} INFO - [2023-06-09T06:13:17.151+0000] {dag.py:3490} INFO - Setting next_dagrun for example_branch_operator to 2023-06-08T00:00:00+00:00, run_after=2023-06-09T00:00:00+00:00
[2023-06-09T06:13:17.194+0000] {processor.py:179} INFO - Processing /home/airflow/.local/lib/python3.7/site-packages/airflow/example_dags/example_branch_operator.py took 0.132 seconds
[2023-06-09T06:13:47.575+0000] {processor.py:157} INFO - Started process (PID=1785) to work on /home/airflow/.local/lib/python3.7/site-packages/airflow/example_dags/example_branch_operator.py
[2023-06-09T06:13:47.576+0000] {processor.py:826} INFO - Processing file /home/airflow/.local/lib/python3.7/site-packages/airflow/example_dags/example_branch_operator.py for tasks to queue
[2023-06-09T06:13:47.577+0000] {logging_mixin.py:149} INFO - [2023-06-09T06:13:47.577+0000] {dagbag.py:541} INFO - Filling up the DagBag from /home/airflow/.local/lib/python3.7/site-packages/airflow/example_dags/example_branch_operator.py
[2023-06-09T06:13:47.593+0000] {processor.py:836} INFO - DAG(s) dict_keys(['example_branch_operator']) retrieved from /home/airflow/.local/lib/python3.7/site-packages/airflow/example_dags/example_branch_operator.py
[2023-06-09T06:13:47.625+0000] {logging_mixin.py:149} INFO - [2023-06-09T06:13:47.625+0000] {dag.py:2726} INFO - Sync 1 DAGs
[2023-06-09T06:13:47.661+0000] {logging_mixin.py:149} INFO - [2023-06-09T06:13:47.661+0000] {dag.py:3490} INFO - Setting next_dagrun for example_branch_operator to 2023-06-08T00:00:00+00:00, run_after=2023-06-09T00:00:00+00:00
[2023-06-09T06:13:47.684+0000] {processor.py:179} INFO - Processing /home/airflow/.local/lib/python3.7/site-packages/airflow/example_dags/example_branch_operator.py took 0.114 seconds
[2023-06-09T06:14:18.315+0000] {processor.py:157} INFO - Started process (PID=1838) to work on /home/airflow/.local/lib/python3.7/site-packages/airflow/example_dags/example_branch_operator.py
[2023-06-09T06:14:18.317+0000] {processor.py:826} INFO - Processing file /home/airflow/.local/lib/python3.7/site-packages/airflow/example_dags/example_branch_operator.py for tasks to queue
[2023-06-09T06:14:18.318+0000] {logging_mixin.py:149} INFO - [2023-06-09T06:14:18.317+0000] {dagbag.py:541} INFO - Filling up the DagBag from /home/airflow/.local/lib/python3.7/site-packages/airflow/example_dags/example_branch_operator.py
[2023-06-09T06:14:18.333+0000] {processor.py:836} INFO - DAG(s) dict_keys(['example_branch_operator']) retrieved from /home/airflow/.local/lib/python3.7/site-packages/airflow/example_dags/example_branch_operator.py
[2023-06-09T06:14:18.365+0000] {logging_mixin.py:149} INFO - [2023-06-09T06:14:18.365+0000] {dag.py:2726} INFO - Sync 1 DAGs
[2023-06-09T06:14:18.400+0000] {logging_mixin.py:149} INFO - [2023-06-09T06:14:18.400+0000] {dag.py:3490} INFO - Setting next_dagrun for example_branch_operator to 2023-06-08T00:00:00+00:00, run_after=2023-06-09T00:00:00+00:00
[2023-06-09T06:14:18.426+0000] {processor.py:179} INFO - Processing /home/airflow/.local/lib/python3.7/site-packages/airflow/example_dags/example_branch_operator.py took 0.114 seconds
[2023-06-09T06:14:48.819+0000] {processor.py:157} INFO - Started process (PID=1892) to work on /home/airflow/.local/lib/python3.7/site-packages/airflow/example_dags/example_branch_operator.py
[2023-06-09T06:14:48.820+0000] {processor.py:826} INFO - Processing file /home/airflow/.local/lib/python3.7/site-packages/airflow/example_dags/example_branch_operator.py for tasks to queue
[2023-06-09T06:14:48.821+0000] {logging_mixin.py:149} INFO - [2023-06-09T06:14:48.821+0000] {dagbag.py:541} INFO - Filling up the DagBag from /home/airflow/.local/lib/python3.7/site-packages/airflow/example_dags/example_branch_operator.py
[2023-06-09T06:14:48.832+0000] {processor.py:836} INFO - DAG(s) dict_keys(['example_branch_operator']) retrieved from /home/airflow/.local/lib/python3.7/site-packages/airflow/example_dags/example_branch_operator.py
[2023-06-09T06:14:48.866+0000] {logging_mixin.py:149} INFO - [2023-06-09T06:14:48.866+0000] {dag.py:2726} INFO - Sync 1 DAGs
[2023-06-09T06:14:48.903+0000] {logging_mixin.py:149} INFO - [2023-06-09T06:14:48.903+0000] {dag.py:3490} INFO - Setting next_dagrun for example_branch_operator to 2023-06-08T00:00:00+00:00, run_after=2023-06-09T00:00:00+00:00
[2023-06-09T06:14:48.927+0000] {processor.py:179} INFO - Processing /home/airflow/.local/lib/python3.7/site-packages/airflow/example_dags/example_branch_operator.py took 0.112 seconds
[2023-06-09T06:15:19.712+0000] {processor.py:157} INFO - Started process (PID=1946) to work on /home/airflow/.local/lib/python3.7/site-packages/airflow/example_dags/example_branch_operator.py
[2023-06-09T06:15:19.713+0000] {processor.py:826} INFO - Processing file /home/airflow/.local/lib/python3.7/site-packages/airflow/example_dags/example_branch_operator.py for tasks to queue
[2023-06-09T06:15:19.714+0000] {logging_mixin.py:149} INFO - [2023-06-09T06:15:19.714+0000] {dagbag.py:541} INFO - Filling up the DagBag from /home/airflow/.local/lib/python3.7/site-packages/airflow/example_dags/example_branch_operator.py
[2023-06-09T06:15:19.726+0000] {processor.py:836} INFO - DAG(s) dict_keys(['example_branch_operator']) retrieved from /home/airflow/.local/lib/python3.7/site-packages/airflow/example_dags/example_branch_operator.py
[2023-06-09T06:15:19.762+0000] {logging_mixin.py:149} INFO - [2023-06-09T06:15:19.761+0000] {dag.py:2726} INFO - Sync 1 DAGs
[2023-06-09T06:15:19.799+0000] {logging_mixin.py:149} INFO - [2023-06-09T06:15:19.799+0000] {dag.py:3490} INFO - Setting next_dagrun for example_branch_operator to 2023-06-08T00:00:00+00:00, run_after=2023-06-09T00:00:00+00:00
[2023-06-09T06:15:19.828+0000] {processor.py:179} INFO - Processing /home/airflow/.local/lib/python3.7/site-packages/airflow/example_dags/example_branch_operator.py took 0.121 seconds
[2023-06-09T06:15:50.676+0000] {processor.py:157} INFO - Started process (PID=1999) to work on /home/airflow/.local/lib/python3.7/site-packages/airflow/example_dags/example_branch_operator.py
[2023-06-09T06:15:50.678+0000] {processor.py:826} INFO - Processing file /home/airflow/.local/lib/python3.7/site-packages/airflow/example_dags/example_branch_operator.py for tasks to queue
[2023-06-09T06:15:50.679+0000] {logging_mixin.py:149} INFO - [2023-06-09T06:15:50.679+0000] {dagbag.py:541} INFO - Filling up the DagBag from /home/airflow/.local/lib/python3.7/site-packages/airflow/example_dags/example_branch_operator.py
[2023-06-09T06:15:50.707+0000] {processor.py:836} INFO - DAG(s) dict_keys(['example_branch_operator']) retrieved from /home/airflow/.local/lib/python3.7/site-packages/airflow/example_dags/example_branch_operator.py
[2023-06-09T06:15:50.780+0000] {logging_mixin.py:149} INFO - [2023-06-09T06:15:50.780+0000] {dag.py:2726} INFO - Sync 1 DAGs
[2023-06-09T06:15:50.855+0000] {logging_mixin.py:149} INFO - [2023-06-09T06:15:50.854+0000] {dag.py:3490} INFO - Setting next_dagrun for example_branch_operator to 2023-06-08T00:00:00+00:00, run_after=2023-06-09T00:00:00+00:00
[2023-06-09T06:15:50.889+0000] {processor.py:179} INFO - Processing /home/airflow/.local/lib/python3.7/site-packages/airflow/example_dags/example_branch_operator.py took 0.229 seconds
[2023-06-09T06:16:21.620+0000] {processor.py:157} INFO - Started process (PID=2053) to work on /home/airflow/.local/lib/python3.7/site-packages/airflow/example_dags/example_branch_operator.py
[2023-06-09T06:16:21.621+0000] {processor.py:826} INFO - Processing file /home/airflow/.local/lib/python3.7/site-packages/airflow/example_dags/example_branch_operator.py for tasks to queue
[2023-06-09T06:16:21.621+0000] {logging_mixin.py:149} INFO - [2023-06-09T06:16:21.621+0000] {dagbag.py:541} INFO - Filling up the DagBag from /home/airflow/.local/lib/python3.7/site-packages/airflow/example_dags/example_branch_operator.py
[2023-06-09T06:16:21.633+0000] {processor.py:836} INFO - DAG(s) dict_keys(['example_branch_operator']) retrieved from /home/airflow/.local/lib/python3.7/site-packages/airflow/example_dags/example_branch_operator.py
[2023-06-09T06:16:21.667+0000] {logging_mixin.py:149} INFO - [2023-06-09T06:16:21.667+0000] {dag.py:2726} INFO - Sync 1 DAGs
[2023-06-09T06:16:21.705+0000] {logging_mixin.py:149} INFO - [2023-06-09T06:16:21.705+0000] {dag.py:3490} INFO - Setting next_dagrun for example_branch_operator to 2023-06-08T00:00:00+00:00, run_after=2023-06-09T00:00:00+00:00
[2023-06-09T06:16:21.748+0000] {processor.py:179} INFO - Processing /home/airflow/.local/lib/python3.7/site-packages/airflow/example_dags/example_branch_operator.py took 0.132 seconds
[2023-06-09T06:16:52.128+0000] {processor.py:157} INFO - Started process (PID=2107) to work on /home/airflow/.local/lib/python3.7/site-packages/airflow/example_dags/example_branch_operator.py
[2023-06-09T06:16:52.130+0000] {processor.py:826} INFO - Processing file /home/airflow/.local/lib/python3.7/site-packages/airflow/example_dags/example_branch_operator.py for tasks to queue
[2023-06-09T06:16:52.131+0000] {logging_mixin.py:149} INFO - [2023-06-09T06:16:52.131+0000] {dagbag.py:541} INFO - Filling up the DagBag from /home/airflow/.local/lib/python3.7/site-packages/airflow/example_dags/example_branch_operator.py
[2023-06-09T06:16:52.143+0000] {processor.py:836} INFO - DAG(s) dict_keys(['example_branch_operator']) retrieved from /home/airflow/.local/lib/python3.7/site-packages/airflow/example_dags/example_branch_operator.py
[2023-06-09T06:16:52.178+0000] {logging_mixin.py:149} INFO - [2023-06-09T06:16:52.177+0000] {dag.py:2726} INFO - Sync 1 DAGs
[2023-06-09T06:16:52.214+0000] {logging_mixin.py:149} INFO - [2023-06-09T06:16:52.214+0000] {dag.py:3490} INFO - Setting next_dagrun for example_branch_operator to 2023-06-08T00:00:00+00:00, run_after=2023-06-09T00:00:00+00:00
[2023-06-09T06:16:52.240+0000] {processor.py:179} INFO - Processing /home/airflow/.local/lib/python3.7/site-packages/airflow/example_dags/example_branch_operator.py took 0.116 seconds
[2023-06-09T06:17:22.497+0000] {processor.py:157} INFO - Started process (PID=2161) to work on /home/airflow/.local/lib/python3.7/site-packages/airflow/example_dags/example_branch_operator.py
[2023-06-09T06:17:22.498+0000] {processor.py:826} INFO - Processing file /home/airflow/.local/lib/python3.7/site-packages/airflow/example_dags/example_branch_operator.py for tasks to queue
[2023-06-09T06:17:22.499+0000] {logging_mixin.py:149} INFO - [2023-06-09T06:17:22.498+0000] {dagbag.py:541} INFO - Filling up the DagBag from /home/airflow/.local/lib/python3.7/site-packages/airflow/example_dags/example_branch_operator.py
[2023-06-09T06:17:22.510+0000] {processor.py:836} INFO - DAG(s) dict_keys(['example_branch_operator']) retrieved from /home/airflow/.local/lib/python3.7/site-packages/airflow/example_dags/example_branch_operator.py
[2023-06-09T06:17:22.544+0000] {logging_mixin.py:149} INFO - [2023-06-09T06:17:22.544+0000] {dag.py:2726} INFO - Sync 1 DAGs
[2023-06-09T06:17:22.580+0000] {logging_mixin.py:149} INFO - [2023-06-09T06:17:22.579+0000] {dag.py:3490} INFO - Setting next_dagrun for example_branch_operator to 2023-06-08T00:00:00+00:00, run_after=2023-06-09T00:00:00+00:00
[2023-06-09T06:17:22.611+0000] {processor.py:179} INFO - Processing /home/airflow/.local/lib/python3.7/site-packages/airflow/example_dags/example_branch_operator.py took 0.126 seconds
[2023-06-09T06:17:52.887+0000] {processor.py:157} INFO - Started process (PID=2215) to work on /home/airflow/.local/lib/python3.7/site-packages/airflow/example_dags/example_branch_operator.py
[2023-06-09T06:17:52.888+0000] {processor.py:826} INFO - Processing file /home/airflow/.local/lib/python3.7/site-packages/airflow/example_dags/example_branch_operator.py for tasks to queue
[2023-06-09T06:17:52.889+0000] {logging_mixin.py:149} INFO - [2023-06-09T06:17:52.889+0000] {dagbag.py:541} INFO - Filling up the DagBag from /home/airflow/.local/lib/python3.7/site-packages/airflow/example_dags/example_branch_operator.py
[2023-06-09T06:17:52.901+0000] {processor.py:836} INFO - DAG(s) dict_keys(['example_branch_operator']) retrieved from /home/airflow/.local/lib/python3.7/site-packages/airflow/example_dags/example_branch_operator.py
[2023-06-09T06:17:52.935+0000] {logging_mixin.py:149} INFO - [2023-06-09T06:17:52.935+0000] {dag.py:2726} INFO - Sync 1 DAGs
[2023-06-09T06:17:52.972+0000] {logging_mixin.py:149} INFO - [2023-06-09T06:17:52.972+0000] {dag.py:3490} INFO - Setting next_dagrun for example_branch_operator to 2023-06-08T00:00:00+00:00, run_after=2023-06-09T00:00:00+00:00
[2023-06-09T06:17:52.997+0000] {processor.py:179} INFO - Processing /home/airflow/.local/lib/python3.7/site-packages/airflow/example_dags/example_branch_operator.py took 0.114 seconds
[2023-06-09T06:18:23.604+0000] {processor.py:157} INFO - Started process (PID=2269) to work on /home/airflow/.local/lib/python3.7/site-packages/airflow/example_dags/example_branch_operator.py
[2023-06-09T06:18:23.605+0000] {processor.py:826} INFO - Processing file /home/airflow/.local/lib/python3.7/site-packages/airflow/example_dags/example_branch_operator.py for tasks to queue
[2023-06-09T06:18:23.606+0000] {logging_mixin.py:149} INFO - [2023-06-09T06:18:23.606+0000] {dagbag.py:541} INFO - Filling up the DagBag from /home/airflow/.local/lib/python3.7/site-packages/airflow/example_dags/example_branch_operator.py
[2023-06-09T06:18:23.617+0000] {processor.py:836} INFO - DAG(s) dict_keys(['example_branch_operator']) retrieved from /home/airflow/.local/lib/python3.7/site-packages/airflow/example_dags/example_branch_operator.py
[2023-06-09T06:18:23.653+0000] {logging_mixin.py:149} INFO - [2023-06-09T06:18:23.653+0000] {dag.py:2726} INFO - Sync 1 DAGs
[2023-06-09T06:18:23.689+0000] {logging_mixin.py:149} INFO - [2023-06-09T06:18:23.689+0000] {dag.py:3490} INFO - Setting next_dagrun for example_branch_operator to 2023-06-08T00:00:00+00:00, run_after=2023-06-09T00:00:00+00:00
[2023-06-09T06:18:23.717+0000] {processor.py:179} INFO - Processing /home/airflow/.local/lib/python3.7/site-packages/airflow/example_dags/example_branch_operator.py took 0.121 seconds
[2023-06-09T06:18:54.231+0000] {processor.py:157} INFO - Started process (PID=2323) to work on /home/airflow/.local/lib/python3.7/site-packages/airflow/example_dags/example_branch_operator.py
[2023-06-09T06:18:54.232+0000] {processor.py:826} INFO - Processing file /home/airflow/.local/lib/python3.7/site-packages/airflow/example_dags/example_branch_operator.py for tasks to queue
[2023-06-09T06:18:54.233+0000] {logging_mixin.py:149} INFO - [2023-06-09T06:18:54.233+0000] {dagbag.py:541} INFO - Filling up the DagBag from /home/airflow/.local/lib/python3.7/site-packages/airflow/example_dags/example_branch_operator.py
[2023-06-09T06:18:54.244+0000] {processor.py:836} INFO - DAG(s) dict_keys(['example_branch_operator']) retrieved from /home/airflow/.local/lib/python3.7/site-packages/airflow/example_dags/example_branch_operator.py
[2023-06-09T06:18:54.279+0000] {logging_mixin.py:149} INFO - [2023-06-09T06:18:54.279+0000] {dag.py:2726} INFO - Sync 1 DAGs
[2023-06-09T06:18:54.314+0000] {logging_mixin.py:149} INFO - [2023-06-09T06:18:54.314+0000] {dag.py:3490} INFO - Setting next_dagrun for example_branch_operator to 2023-06-08T00:00:00+00:00, run_after=2023-06-09T00:00:00+00:00
[2023-06-09T06:18:54.337+0000] {processor.py:179} INFO - Processing /home/airflow/.local/lib/python3.7/site-packages/airflow/example_dags/example_branch_operator.py took 0.110 seconds
[2023-06-09T06:19:24.420+0000] {processor.py:157} INFO - Started process (PID=2377) to work on /home/airflow/.local/lib/python3.7/site-packages/airflow/example_dags/example_branch_operator.py
[2023-06-09T06:19:24.421+0000] {processor.py:826} INFO - Processing file /home/airflow/.local/lib/python3.7/site-packages/airflow/example_dags/example_branch_operator.py for tasks to queue
[2023-06-09T06:19:24.421+0000] {logging_mixin.py:149} INFO - [2023-06-09T06:19:24.421+0000] {dagbag.py:541} INFO - Filling up the DagBag from /home/airflow/.local/lib/python3.7/site-packages/airflow/example_dags/example_branch_operator.py
[2023-06-09T06:19:24.433+0000] {processor.py:836} INFO - DAG(s) dict_keys(['example_branch_operator']) retrieved from /home/airflow/.local/lib/python3.7/site-packages/airflow/example_dags/example_branch_operator.py
[2023-06-09T06:19:24.467+0000] {logging_mixin.py:149} INFO - [2023-06-09T06:19:24.467+0000] {dag.py:2726} INFO - Sync 1 DAGs
[2023-06-09T06:19:24.503+0000] {logging_mixin.py:149} INFO - [2023-06-09T06:19:24.503+0000] {dag.py:3490} INFO - Setting next_dagrun for example_branch_operator to 2023-06-08T00:00:00+00:00, run_after=2023-06-09T00:00:00+00:00
[2023-06-09T06:19:24.526+0000] {processor.py:179} INFO - Processing /home/airflow/.local/lib/python3.7/site-packages/airflow/example_dags/example_branch_operator.py took 0.110 seconds
[2023-06-09T06:19:54.844+0000] {processor.py:157} INFO - Started process (PID=2432) to work on /home/airflow/.local/lib/python3.7/site-packages/airflow/example_dags/example_branch_operator.py
[2023-06-09T06:19:54.846+0000] {processor.py:826} INFO - Processing file /home/airflow/.local/lib/python3.7/site-packages/airflow/example_dags/example_branch_operator.py for tasks to queue
[2023-06-09T06:19:54.847+0000] {logging_mixin.py:149} INFO - [2023-06-09T06:19:54.846+0000] {dagbag.py:541} INFO - Filling up the DagBag from /home/airflow/.local/lib/python3.7/site-packages/airflow/example_dags/example_branch_operator.py
[2023-06-09T06:19:54.859+0000] {processor.py:836} INFO - DAG(s) dict_keys(['example_branch_operator']) retrieved from /home/airflow/.local/lib/python3.7/site-packages/airflow/example_dags/example_branch_operator.py
[2023-06-09T06:19:54.892+0000] {logging_mixin.py:149} INFO - [2023-06-09T06:19:54.892+0000] {dag.py:2726} INFO - Sync 1 DAGs
[2023-06-09T06:19:54.928+0000] {logging_mixin.py:149} INFO - [2023-06-09T06:19:54.928+0000] {dag.py:3490} INFO - Setting next_dagrun for example_branch_operator to 2023-06-08T00:00:00+00:00, run_after=2023-06-09T00:00:00+00:00
[2023-06-09T06:19:54.949+0000] {processor.py:179} INFO - Processing /home/airflow/.local/lib/python3.7/site-packages/airflow/example_dags/example_branch_operator.py took 0.109 seconds
[2023-06-09T06:20:25.235+0000] {processor.py:157} INFO - Started process (PID=2486) to work on /home/airflow/.local/lib/python3.7/site-packages/airflow/example_dags/example_branch_operator.py
[2023-06-09T06:20:25.235+0000] {processor.py:826} INFO - Processing file /home/airflow/.local/lib/python3.7/site-packages/airflow/example_dags/example_branch_operator.py for tasks to queue
[2023-06-09T06:20:25.236+0000] {logging_mixin.py:149} INFO - [2023-06-09T06:20:25.236+0000] {dagbag.py:541} INFO - Filling up the DagBag from /home/airflow/.local/lib/python3.7/site-packages/airflow/example_dags/example_branch_operator.py
[2023-06-09T06:20:25.248+0000] {processor.py:836} INFO - DAG(s) dict_keys(['example_branch_operator']) retrieved from /home/airflow/.local/lib/python3.7/site-packages/airflow/example_dags/example_branch_operator.py
[2023-06-09T06:20:25.281+0000] {logging_mixin.py:149} INFO - [2023-06-09T06:20:25.281+0000] {dag.py:2726} INFO - Sync 1 DAGs
[2023-06-09T06:20:25.317+0000] {logging_mixin.py:149} INFO - [2023-06-09T06:20:25.317+0000] {dag.py:3490} INFO - Setting next_dagrun for example_branch_operator to 2023-06-08T00:00:00+00:00, run_after=2023-06-09T00:00:00+00:00
[2023-06-09T06:20:25.344+0000] {processor.py:179} INFO - Processing /home/airflow/.local/lib/python3.7/site-packages/airflow/example_dags/example_branch_operator.py took 0.114 seconds
[2023-06-09T06:20:55.645+0000] {processor.py:157} INFO - Started process (PID=2540) to work on /home/airflow/.local/lib/python3.7/site-packages/airflow/example_dags/example_branch_operator.py
[2023-06-09T06:20:55.647+0000] {processor.py:826} INFO - Processing file /home/airflow/.local/lib/python3.7/site-packages/airflow/example_dags/example_branch_operator.py for tasks to queue
[2023-06-09T06:20:55.647+0000] {logging_mixin.py:149} INFO - [2023-06-09T06:20:55.647+0000] {dagbag.py:541} INFO - Filling up the DagBag from /home/airflow/.local/lib/python3.7/site-packages/airflow/example_dags/example_branch_operator.py
[2023-06-09T06:20:55.658+0000] {processor.py:836} INFO - DAG(s) dict_keys(['example_branch_operator']) retrieved from /home/airflow/.local/lib/python3.7/site-packages/airflow/example_dags/example_branch_operator.py
[2023-06-09T06:20:55.694+0000] {logging_mixin.py:149} INFO - [2023-06-09T06:20:55.694+0000] {dag.py:2726} INFO - Sync 1 DAGs
[2023-06-09T06:20:55.730+0000] {logging_mixin.py:149} INFO - [2023-06-09T06:20:55.729+0000] {dag.py:3490} INFO - Setting next_dagrun for example_branch_operator to 2023-06-08T00:00:00+00:00, run_after=2023-06-09T00:00:00+00:00
[2023-06-09T06:20:55.753+0000] {processor.py:179} INFO - Processing /home/airflow/.local/lib/python3.7/site-packages/airflow/example_dags/example_branch_operator.py took 0.111 seconds
[2023-06-09T06:21:26.396+0000] {processor.py:157} INFO - Started process (PID=2594) to work on /home/airflow/.local/lib/python3.7/site-packages/airflow/example_dags/example_branch_operator.py
[2023-06-09T06:21:26.397+0000] {processor.py:826} INFO - Processing file /home/airflow/.local/lib/python3.7/site-packages/airflow/example_dags/example_branch_operator.py for tasks to queue
[2023-06-09T06:21:26.397+0000] {logging_mixin.py:149} INFO - [2023-06-09T06:21:26.397+0000] {dagbag.py:541} INFO - Filling up the DagBag from /home/airflow/.local/lib/python3.7/site-packages/airflow/example_dags/example_branch_operator.py
[2023-06-09T06:21:26.409+0000] {processor.py:836} INFO - DAG(s) dict_keys(['example_branch_operator']) retrieved from /home/airflow/.local/lib/python3.7/site-packages/airflow/example_dags/example_branch_operator.py
[2023-06-09T06:21:26.442+0000] {logging_mixin.py:149} INFO - [2023-06-09T06:21:26.441+0000] {dag.py:2726} INFO - Sync 1 DAGs
[2023-06-09T06:21:26.477+0000] {logging_mixin.py:149} INFO - [2023-06-09T06:21:26.477+0000] {dag.py:3490} INFO - Setting next_dagrun for example_branch_operator to 2023-06-08T00:00:00+00:00, run_after=2023-06-09T00:00:00+00:00
[2023-06-09T06:21:26.501+0000] {processor.py:179} INFO - Processing /home/airflow/.local/lib/python3.7/site-packages/airflow/example_dags/example_branch_operator.py took 0.109 seconds
[2023-06-09T06:21:56.761+0000] {processor.py:157} INFO - Started process (PID=2648) to work on /home/airflow/.local/lib/python3.7/site-packages/airflow/example_dags/example_branch_operator.py
[2023-06-09T06:21:56.771+0000] {processor.py:826} INFO - Processing file /home/airflow/.local/lib/python3.7/site-packages/airflow/example_dags/example_branch_operator.py for tasks to queue
[2023-06-09T06:21:56.772+0000] {logging_mixin.py:149} INFO - [2023-06-09T06:21:56.771+0000] {dagbag.py:541} INFO - Filling up the DagBag from /home/airflow/.local/lib/python3.7/site-packages/airflow/example_dags/example_branch_operator.py
[2023-06-09T06:21:56.797+0000] {processor.py:836} INFO - DAG(s) dict_keys(['example_branch_operator']) retrieved from /home/airflow/.local/lib/python3.7/site-packages/airflow/example_dags/example_branch_operator.py
[2023-06-09T06:21:56.831+0000] {logging_mixin.py:149} INFO - [2023-06-09T06:21:56.831+0000] {dag.py:2726} INFO - Sync 1 DAGs
[2023-06-09T06:21:56.867+0000] {logging_mixin.py:149} INFO - [2023-06-09T06:21:56.867+0000] {dag.py:3490} INFO - Setting next_dagrun for example_branch_operator to 2023-06-08T00:00:00+00:00, run_after=2023-06-09T00:00:00+00:00
[2023-06-09T06:21:56.891+0000] {processor.py:179} INFO - Processing /home/airflow/.local/lib/python3.7/site-packages/airflow/example_dags/example_branch_operator.py took 0.133 seconds
[2023-06-09T06:22:26.944+0000] {processor.py:157} INFO - Started process (PID=2702) to work on /home/airflow/.local/lib/python3.7/site-packages/airflow/example_dags/example_branch_operator.py
[2023-06-09T06:22:26.945+0000] {processor.py:826} INFO - Processing file /home/airflow/.local/lib/python3.7/site-packages/airflow/example_dags/example_branch_operator.py for tasks to queue
[2023-06-09T06:22:26.946+0000] {logging_mixin.py:149} INFO - [2023-06-09T06:22:26.946+0000] {dagbag.py:541} INFO - Filling up the DagBag from /home/airflow/.local/lib/python3.7/site-packages/airflow/example_dags/example_branch_operator.py
[2023-06-09T06:22:26.958+0000] {processor.py:836} INFO - DAG(s) dict_keys(['example_branch_operator']) retrieved from /home/airflow/.local/lib/python3.7/site-packages/airflow/example_dags/example_branch_operator.py
[2023-06-09T06:22:26.993+0000] {logging_mixin.py:149} INFO - [2023-06-09T06:22:26.993+0000] {dag.py:2726} INFO - Sync 1 DAGs
[2023-06-09T06:22:27.030+0000] {logging_mixin.py:149} INFO - [2023-06-09T06:22:27.030+0000] {dag.py:3490} INFO - Setting next_dagrun for example_branch_operator to 2023-06-08T00:00:00+00:00, run_after=2023-06-09T00:00:00+00:00
[2023-06-09T06:22:27.054+0000] {processor.py:179} INFO - Processing /home/airflow/.local/lib/python3.7/site-packages/airflow/example_dags/example_branch_operator.py took 0.114 seconds
[2023-06-09T06:22:57.625+0000] {processor.py:157} INFO - Started process (PID=2756) to work on /home/airflow/.local/lib/python3.7/site-packages/airflow/example_dags/example_branch_operator.py
[2023-06-09T06:22:57.626+0000] {processor.py:826} INFO - Processing file /home/airflow/.local/lib/python3.7/site-packages/airflow/example_dags/example_branch_operator.py for tasks to queue
[2023-06-09T06:22:57.627+0000] {logging_mixin.py:149} INFO - [2023-06-09T06:22:57.627+0000] {dagbag.py:541} INFO - Filling up the DagBag from /home/airflow/.local/lib/python3.7/site-packages/airflow/example_dags/example_branch_operator.py
[2023-06-09T06:22:57.638+0000] {processor.py:836} INFO - DAG(s) dict_keys(['example_branch_operator']) retrieved from /home/airflow/.local/lib/python3.7/site-packages/airflow/example_dags/example_branch_operator.py
[2023-06-09T06:22:57.672+0000] {logging_mixin.py:149} INFO - [2023-06-09T06:22:57.671+0000] {dag.py:2726} INFO - Sync 1 DAGs
[2023-06-09T06:22:57.707+0000] {logging_mixin.py:149} INFO - [2023-06-09T06:22:57.706+0000] {dag.py:3490} INFO - Setting next_dagrun for example_branch_operator to 2023-06-08T00:00:00+00:00, run_after=2023-06-09T00:00:00+00:00
[2023-06-09T06:22:57.730+0000] {processor.py:179} INFO - Processing /home/airflow/.local/lib/python3.7/site-packages/airflow/example_dags/example_branch_operator.py took 0.109 seconds
[2023-06-09T06:23:28.247+0000] {processor.py:157} INFO - Started process (PID=2810) to work on /home/airflow/.local/lib/python3.7/site-packages/airflow/example_dags/example_branch_operator.py
[2023-06-09T06:23:28.248+0000] {processor.py:826} INFO - Processing file /home/airflow/.local/lib/python3.7/site-packages/airflow/example_dags/example_branch_operator.py for tasks to queue
[2023-06-09T06:23:28.249+0000] {logging_mixin.py:149} INFO - [2023-06-09T06:23:28.249+0000] {dagbag.py:541} INFO - Filling up the DagBag from /home/airflow/.local/lib/python3.7/site-packages/airflow/example_dags/example_branch_operator.py
[2023-06-09T06:23:28.261+0000] {processor.py:836} INFO - DAG(s) dict_keys(['example_branch_operator']) retrieved from /home/airflow/.local/lib/python3.7/site-packages/airflow/example_dags/example_branch_operator.py
[2023-06-09T06:23:28.296+0000] {logging_mixin.py:149} INFO - [2023-06-09T06:23:28.295+0000] {dag.py:2726} INFO - Sync 1 DAGs
[2023-06-09T06:23:28.333+0000] {logging_mixin.py:149} INFO - [2023-06-09T06:23:28.333+0000] {dag.py:3490} INFO - Setting next_dagrun for example_branch_operator to 2023-06-08T00:00:00+00:00, run_after=2023-06-09T00:00:00+00:00
[2023-06-09T06:23:28.357+0000] {processor.py:179} INFO - Processing /home/airflow/.local/lib/python3.7/site-packages/airflow/example_dags/example_branch_operator.py took 0.114 seconds
[2023-06-09T06:23:58.441+0000] {processor.py:157} INFO - Started process (PID=2863) to work on /home/airflow/.local/lib/python3.7/site-packages/airflow/example_dags/example_branch_operator.py
[2023-06-09T06:23:58.442+0000] {processor.py:826} INFO - Processing file /home/airflow/.local/lib/python3.7/site-packages/airflow/example_dags/example_branch_operator.py for tasks to queue
[2023-06-09T06:23:58.443+0000] {logging_mixin.py:149} INFO - [2023-06-09T06:23:58.443+0000] {dagbag.py:541} INFO - Filling up the DagBag from /home/airflow/.local/lib/python3.7/site-packages/airflow/example_dags/example_branch_operator.py
[2023-06-09T06:23:58.454+0000] {processor.py:836} INFO - DAG(s) dict_keys(['example_branch_operator']) retrieved from /home/airflow/.local/lib/python3.7/site-packages/airflow/example_dags/example_branch_operator.py
[2023-06-09T06:23:58.488+0000] {logging_mixin.py:149} INFO - [2023-06-09T06:23:58.488+0000] {dag.py:2726} INFO - Sync 1 DAGs
[2023-06-09T06:23:58.523+0000] {logging_mixin.py:149} INFO - [2023-06-09T06:23:58.523+0000] {dag.py:3490} INFO - Setting next_dagrun for example_branch_operator to 2023-06-08T00:00:00+00:00, run_after=2023-06-09T00:00:00+00:00
[2023-06-09T06:23:58.547+0000] {processor.py:179} INFO - Processing /home/airflow/.local/lib/python3.7/site-packages/airflow/example_dags/example_branch_operator.py took 0.110 seconds
[2023-06-09T06:24:28.597+0000] {processor.py:157} INFO - Started process (PID=2917) to work on /home/airflow/.local/lib/python3.7/site-packages/airflow/example_dags/example_branch_operator.py
[2023-06-09T06:24:28.598+0000] {processor.py:826} INFO - Processing file /home/airflow/.local/lib/python3.7/site-packages/airflow/example_dags/example_branch_operator.py for tasks to queue
[2023-06-09T06:24:28.598+0000] {logging_mixin.py:149} INFO - [2023-06-09T06:24:28.598+0000] {dagbag.py:541} INFO - Filling up the DagBag from /home/airflow/.local/lib/python3.7/site-packages/airflow/example_dags/example_branch_operator.py
[2023-06-09T06:24:28.610+0000] {processor.py:836} INFO - DAG(s) dict_keys(['example_branch_operator']) retrieved from /home/airflow/.local/lib/python3.7/site-packages/airflow/example_dags/example_branch_operator.py
[2023-06-09T06:24:28.645+0000] {logging_mixin.py:149} INFO - [2023-06-09T06:24:28.644+0000] {dag.py:2726} INFO - Sync 1 DAGs
[2023-06-09T06:24:28.681+0000] {logging_mixin.py:149} INFO - [2023-06-09T06:24:28.681+0000] {dag.py:3490} INFO - Setting next_dagrun for example_branch_operator to 2023-06-08T00:00:00+00:00, run_after=2023-06-09T00:00:00+00:00
[2023-06-09T06:24:28.705+0000] {processor.py:179} INFO - Processing /home/airflow/.local/lib/python3.7/site-packages/airflow/example_dags/example_branch_operator.py took 0.112 seconds
[2023-06-09T06:24:59.708+0000] {processor.py:157} INFO - Started process (PID=2971) to work on /home/airflow/.local/lib/python3.7/site-packages/airflow/example_dags/example_branch_operator.py
[2023-06-09T06:24:59.716+0000] {processor.py:826} INFO - Processing file /home/airflow/.local/lib/python3.7/site-packages/airflow/example_dags/example_branch_operator.py for tasks to queue
[2023-06-09T06:24:59.717+0000] {logging_mixin.py:149} INFO - [2023-06-09T06:24:59.717+0000] {dagbag.py:541} INFO - Filling up the DagBag from /home/airflow/.local/lib/python3.7/site-packages/airflow/example_dags/example_branch_operator.py
[2023-06-09T06:24:59.746+0000] {processor.py:836} INFO - DAG(s) dict_keys(['example_branch_operator']) retrieved from /home/airflow/.local/lib/python3.7/site-packages/airflow/example_dags/example_branch_operator.py
[2023-06-09T06:24:59.904+0000] {logging_mixin.py:149} INFO - [2023-06-09T06:24:59.904+0000] {dag.py:2726} INFO - Sync 1 DAGs
[2023-06-09T06:24:59.990+0000] {logging_mixin.py:149} INFO - [2023-06-09T06:24:59.990+0000] {dag.py:3490} INFO - Setting next_dagrun for example_branch_operator to 2023-06-08T00:00:00+00:00, run_after=2023-06-09T00:00:00+00:00
[2023-06-09T06:25:00.073+0000] {processor.py:179} INFO - Processing /home/airflow/.local/lib/python3.7/site-packages/airflow/example_dags/example_branch_operator.py took 0.381 seconds
[2023-06-09T06:25:30.911+0000] {processor.py:157} INFO - Started process (PID=3022) to work on /home/airflow/.local/lib/python3.7/site-packages/airflow/example_dags/example_branch_operator.py
[2023-06-09T06:25:30.913+0000] {processor.py:826} INFO - Processing file /home/airflow/.local/lib/python3.7/site-packages/airflow/example_dags/example_branch_operator.py for tasks to queue
[2023-06-09T06:25:30.914+0000] {logging_mixin.py:149} INFO - [2023-06-09T06:25:30.914+0000] {dagbag.py:541} INFO - Filling up the DagBag from /home/airflow/.local/lib/python3.7/site-packages/airflow/example_dags/example_branch_operator.py
[2023-06-09T06:25:30.926+0000] {processor.py:836} INFO - DAG(s) dict_keys(['example_branch_operator']) retrieved from /home/airflow/.local/lib/python3.7/site-packages/airflow/example_dags/example_branch_operator.py
[2023-06-09T06:25:30.960+0000] {logging_mixin.py:149} INFO - [2023-06-09T06:25:30.959+0000] {dag.py:2726} INFO - Sync 1 DAGs
[2023-06-09T06:25:31.000+0000] {logging_mixin.py:149} INFO - [2023-06-09T06:25:31.000+0000] {dag.py:3490} INFO - Setting next_dagrun for example_branch_operator to 2023-06-08T00:00:00+00:00, run_after=2023-06-09T00:00:00+00:00
[2023-06-09T06:25:31.038+0000] {processor.py:179} INFO - Processing /home/airflow/.local/lib/python3.7/site-packages/airflow/example_dags/example_branch_operator.py took 0.131 seconds
[2023-06-09T06:26:01.167+0000] {processor.py:157} INFO - Started process (PID=3077) to work on /home/airflow/.local/lib/python3.7/site-packages/airflow/example_dags/example_branch_operator.py
[2023-06-09T06:26:01.168+0000] {processor.py:826} INFO - Processing file /home/airflow/.local/lib/python3.7/site-packages/airflow/example_dags/example_branch_operator.py for tasks to queue
[2023-06-09T06:26:01.168+0000] {logging_mixin.py:149} INFO - [2023-06-09T06:26:01.168+0000] {dagbag.py:541} INFO - Filling up the DagBag from /home/airflow/.local/lib/python3.7/site-packages/airflow/example_dags/example_branch_operator.py
[2023-06-09T06:26:01.180+0000] {processor.py:836} INFO - DAG(s) dict_keys(['example_branch_operator']) retrieved from /home/airflow/.local/lib/python3.7/site-packages/airflow/example_dags/example_branch_operator.py
[2023-06-09T06:26:01.215+0000] {logging_mixin.py:149} INFO - [2023-06-09T06:26:01.215+0000] {dag.py:2726} INFO - Sync 1 DAGs
[2023-06-09T06:26:01.251+0000] {logging_mixin.py:149} INFO - [2023-06-09T06:26:01.251+0000] {dag.py:3490} INFO - Setting next_dagrun for example_branch_operator to 2023-06-08T00:00:00+00:00, run_after=2023-06-09T00:00:00+00:00
[2023-06-09T06:26:01.274+0000] {processor.py:179} INFO - Processing /home/airflow/.local/lib/python3.7/site-packages/airflow/example_dags/example_branch_operator.py took 0.111 seconds
[2023-06-09T06:26:31.558+0000] {processor.py:157} INFO - Started process (PID=3130) to work on /home/airflow/.local/lib/python3.7/site-packages/airflow/example_dags/example_branch_operator.py
[2023-06-09T06:26:31.560+0000] {processor.py:826} INFO - Processing file /home/airflow/.local/lib/python3.7/site-packages/airflow/example_dags/example_branch_operator.py for tasks to queue
[2023-06-09T06:26:31.560+0000] {logging_mixin.py:149} INFO - [2023-06-09T06:26:31.560+0000] {dagbag.py:541} INFO - Filling up the DagBag from /home/airflow/.local/lib/python3.7/site-packages/airflow/example_dags/example_branch_operator.py
[2023-06-09T06:26:31.573+0000] {processor.py:836} INFO - DAG(s) dict_keys(['example_branch_operator']) retrieved from /home/airflow/.local/lib/python3.7/site-packages/airflow/example_dags/example_branch_operator.py
[2023-06-09T06:26:31.607+0000] {logging_mixin.py:149} INFO - [2023-06-09T06:26:31.607+0000] {dag.py:2726} INFO - Sync 1 DAGs
[2023-06-09T06:26:31.643+0000] {logging_mixin.py:149} INFO - [2023-06-09T06:26:31.642+0000] {dag.py:3490} INFO - Setting next_dagrun for example_branch_operator to 2023-06-08T00:00:00+00:00, run_after=2023-06-09T00:00:00+00:00
[2023-06-09T06:26:31.668+0000] {processor.py:179} INFO - Processing /home/airflow/.local/lib/python3.7/site-packages/airflow/example_dags/example_branch_operator.py took 0.114 seconds
[2023-06-09T06:27:01.871+0000] {processor.py:157} INFO - Started process (PID=3184) to work on /home/airflow/.local/lib/python3.7/site-packages/airflow/example_dags/example_branch_operator.py
[2023-06-09T06:27:01.872+0000] {processor.py:826} INFO - Processing file /home/airflow/.local/lib/python3.7/site-packages/airflow/example_dags/example_branch_operator.py for tasks to queue
[2023-06-09T06:27:01.873+0000] {logging_mixin.py:149} INFO - [2023-06-09T06:27:01.873+0000] {dagbag.py:541} INFO - Filling up the DagBag from /home/airflow/.local/lib/python3.7/site-packages/airflow/example_dags/example_branch_operator.py
[2023-06-09T06:27:01.885+0000] {processor.py:836} INFO - DAG(s) dict_keys(['example_branch_operator']) retrieved from /home/airflow/.local/lib/python3.7/site-packages/airflow/example_dags/example_branch_operator.py
[2023-06-09T06:27:01.950+0000] {logging_mixin.py:149} INFO - [2023-06-09T06:27:01.949+0000] {dag.py:2726} INFO - Sync 1 DAGs
[2023-06-09T06:27:01.993+0000] {logging_mixin.py:149} INFO - [2023-06-09T06:27:01.992+0000] {dag.py:3490} INFO - Setting next_dagrun for example_branch_operator to 2023-06-08T00:00:00+00:00, run_after=2023-06-09T00:00:00+00:00
[2023-06-09T06:27:02.021+0000] {processor.py:179} INFO - Processing /home/airflow/.local/lib/python3.7/site-packages/airflow/example_dags/example_branch_operator.py took 0.154 seconds
[2023-06-09T06:27:32.492+0000] {processor.py:157} INFO - Started process (PID=3238) to work on /home/airflow/.local/lib/python3.7/site-packages/airflow/example_dags/example_branch_operator.py
[2023-06-09T06:27:32.494+0000] {processor.py:826} INFO - Processing file /home/airflow/.local/lib/python3.7/site-packages/airflow/example_dags/example_branch_operator.py for tasks to queue
[2023-06-09T06:27:32.495+0000] {logging_mixin.py:149} INFO - [2023-06-09T06:27:32.494+0000] {dagbag.py:541} INFO - Filling up the DagBag from /home/airflow/.local/lib/python3.7/site-packages/airflow/example_dags/example_branch_operator.py
[2023-06-09T06:27:32.507+0000] {processor.py:836} INFO - DAG(s) dict_keys(['example_branch_operator']) retrieved from /home/airflow/.local/lib/python3.7/site-packages/airflow/example_dags/example_branch_operator.py
[2023-06-09T06:27:32.543+0000] {logging_mixin.py:149} INFO - [2023-06-09T06:27:32.542+0000] {dag.py:2726} INFO - Sync 1 DAGs
[2023-06-09T06:27:32.578+0000] {logging_mixin.py:149} INFO - [2023-06-09T06:27:32.578+0000] {dag.py:3490} INFO - Setting next_dagrun for example_branch_operator to 2023-06-08T00:00:00+00:00, run_after=2023-06-09T00:00:00+00:00
[2023-06-09T06:27:32.602+0000] {processor.py:179} INFO - Processing /home/airflow/.local/lib/python3.7/site-packages/airflow/example_dags/example_branch_operator.py took 0.113 seconds
[2023-06-09T06:28:02.979+0000] {processor.py:157} INFO - Started process (PID=3291) to work on /home/airflow/.local/lib/python3.7/site-packages/airflow/example_dags/example_branch_operator.py
[2023-06-09T06:28:02.985+0000] {processor.py:826} INFO - Processing file /home/airflow/.local/lib/python3.7/site-packages/airflow/example_dags/example_branch_operator.py for tasks to queue
[2023-06-09T06:28:02.986+0000] {logging_mixin.py:149} INFO - [2023-06-09T06:28:02.986+0000] {dagbag.py:541} INFO - Filling up the DagBag from /home/airflow/.local/lib/python3.7/site-packages/airflow/example_dags/example_branch_operator.py
[2023-06-09T06:28:03.009+0000] {processor.py:836} INFO - DAG(s) dict_keys(['example_branch_operator']) retrieved from /home/airflow/.local/lib/python3.7/site-packages/airflow/example_dags/example_branch_operator.py
[2023-06-09T06:28:03.081+0000] {logging_mixin.py:149} INFO - [2023-06-09T06:28:03.081+0000] {dag.py:2726} INFO - Sync 1 DAGs
[2023-06-09T06:28:03.148+0000] {logging_mixin.py:149} INFO - [2023-06-09T06:28:03.148+0000] {dag.py:3490} INFO - Setting next_dagrun for example_branch_operator to 2023-06-08T00:00:00+00:00, run_after=2023-06-09T00:00:00+00:00
[2023-06-09T06:28:03.192+0000] {processor.py:179} INFO - Processing /home/airflow/.local/lib/python3.7/site-packages/airflow/example_dags/example_branch_operator.py took 0.217 seconds
[2023-06-09T06:28:33.266+0000] {processor.py:157} INFO - Started process (PID=3345) to work on /home/airflow/.local/lib/python3.7/site-packages/airflow/example_dags/example_branch_operator.py
[2023-06-09T06:28:33.267+0000] {processor.py:826} INFO - Processing file /home/airflow/.local/lib/python3.7/site-packages/airflow/example_dags/example_branch_operator.py for tasks to queue
[2023-06-09T06:28:33.268+0000] {logging_mixin.py:149} INFO - [2023-06-09T06:28:33.268+0000] {dagbag.py:541} INFO - Filling up the DagBag from /home/airflow/.local/lib/python3.7/site-packages/airflow/example_dags/example_branch_operator.py
[2023-06-09T06:28:33.295+0000] {processor.py:836} INFO - DAG(s) dict_keys(['example_branch_operator']) retrieved from /home/airflow/.local/lib/python3.7/site-packages/airflow/example_dags/example_branch_operator.py
[2023-06-09T06:28:33.375+0000] {logging_mixin.py:149} INFO - [2023-06-09T06:28:33.375+0000] {dag.py:2726} INFO - Sync 1 DAGs
[2023-06-09T06:28:33.442+0000] {logging_mixin.py:149} INFO - [2023-06-09T06:28:33.442+0000] {dag.py:3490} INFO - Setting next_dagrun for example_branch_operator to 2023-06-08T00:00:00+00:00, run_after=2023-06-09T00:00:00+00:00
[2023-06-09T06:28:33.486+0000] {processor.py:179} INFO - Processing /home/airflow/.local/lib/python3.7/site-packages/airflow/example_dags/example_branch_operator.py took 0.224 seconds
[2023-06-09T06:29:04.397+0000] {processor.py:157} INFO - Started process (PID=3399) to work on /home/airflow/.local/lib/python3.7/site-packages/airflow/example_dags/example_branch_operator.py
[2023-06-09T06:29:04.398+0000] {processor.py:826} INFO - Processing file /home/airflow/.local/lib/python3.7/site-packages/airflow/example_dags/example_branch_operator.py for tasks to queue
[2023-06-09T06:29:04.399+0000] {logging_mixin.py:149} INFO - [2023-06-09T06:29:04.399+0000] {dagbag.py:541} INFO - Filling up the DagBag from /home/airflow/.local/lib/python3.7/site-packages/airflow/example_dags/example_branch_operator.py
[2023-06-09T06:29:04.411+0000] {processor.py:836} INFO - DAG(s) dict_keys(['example_branch_operator']) retrieved from /home/airflow/.local/lib/python3.7/site-packages/airflow/example_dags/example_branch_operator.py
[2023-06-09T06:29:04.448+0000] {logging_mixin.py:149} INFO - [2023-06-09T06:29:04.448+0000] {dag.py:2726} INFO - Sync 1 DAGs
[2023-06-09T06:29:04.483+0000] {logging_mixin.py:149} INFO - [2023-06-09T06:29:04.483+0000] {dag.py:3490} INFO - Setting next_dagrun for example_branch_operator to 2023-06-08T00:00:00+00:00, run_after=2023-06-09T00:00:00+00:00
[2023-06-09T06:29:04.509+0000] {processor.py:179} INFO - Processing /home/airflow/.local/lib/python3.7/site-packages/airflow/example_dags/example_branch_operator.py took 0.116 seconds
[2023-06-09T06:29:34.790+0000] {processor.py:157} INFO - Started process (PID=3453) to work on /home/airflow/.local/lib/python3.7/site-packages/airflow/example_dags/example_branch_operator.py
[2023-06-09T06:29:34.791+0000] {processor.py:826} INFO - Processing file /home/airflow/.local/lib/python3.7/site-packages/airflow/example_dags/example_branch_operator.py for tasks to queue
[2023-06-09T06:29:34.792+0000] {logging_mixin.py:149} INFO - [2023-06-09T06:29:34.792+0000] {dagbag.py:541} INFO - Filling up the DagBag from /home/airflow/.local/lib/python3.7/site-packages/airflow/example_dags/example_branch_operator.py
[2023-06-09T06:29:34.804+0000] {processor.py:836} INFO - DAG(s) dict_keys(['example_branch_operator']) retrieved from /home/airflow/.local/lib/python3.7/site-packages/airflow/example_dags/example_branch_operator.py
[2023-06-09T06:29:34.840+0000] {logging_mixin.py:149} INFO - [2023-06-09T06:29:34.840+0000] {dag.py:2726} INFO - Sync 1 DAGs
[2023-06-09T06:29:34.880+0000] {logging_mixin.py:149} INFO - [2023-06-09T06:29:34.880+0000] {dag.py:3490} INFO - Setting next_dagrun for example_branch_operator to 2023-06-08T00:00:00+00:00, run_after=2023-06-09T00:00:00+00:00
[2023-06-09T06:29:34.903+0000] {processor.py:179} INFO - Processing /home/airflow/.local/lib/python3.7/site-packages/airflow/example_dags/example_branch_operator.py took 0.117 seconds
[2023-06-09T06:30:05.120+0000] {processor.py:157} INFO - Started process (PID=3506) to work on /home/airflow/.local/lib/python3.7/site-packages/airflow/example_dags/example_branch_operator.py
[2023-06-09T06:30:05.121+0000] {processor.py:826} INFO - Processing file /home/airflow/.local/lib/python3.7/site-packages/airflow/example_dags/example_branch_operator.py for tasks to queue
[2023-06-09T06:30:05.122+0000] {logging_mixin.py:149} INFO - [2023-06-09T06:30:05.121+0000] {dagbag.py:541} INFO - Filling up the DagBag from /home/airflow/.local/lib/python3.7/site-packages/airflow/example_dags/example_branch_operator.py
[2023-06-09T06:30:05.134+0000] {processor.py:836} INFO - DAG(s) dict_keys(['example_branch_operator']) retrieved from /home/airflow/.local/lib/python3.7/site-packages/airflow/example_dags/example_branch_operator.py
[2023-06-09T06:30:05.169+0000] {logging_mixin.py:149} INFO - [2023-06-09T06:30:05.169+0000] {dag.py:2726} INFO - Sync 1 DAGs
[2023-06-09T06:30:05.205+0000] {logging_mixin.py:149} INFO - [2023-06-09T06:30:05.204+0000] {dag.py:3490} INFO - Setting next_dagrun for example_branch_operator to 2023-06-08T00:00:00+00:00, run_after=2023-06-09T00:00:00+00:00
[2023-06-09T06:30:05.228+0000] {processor.py:179} INFO - Processing /home/airflow/.local/lib/python3.7/site-packages/airflow/example_dags/example_branch_operator.py took 0.112 seconds
[2023-06-09T06:30:35.562+0000] {processor.py:157} INFO - Started process (PID=3560) to work on /home/airflow/.local/lib/python3.7/site-packages/airflow/example_dags/example_branch_operator.py
[2023-06-09T06:30:35.564+0000] {processor.py:826} INFO - Processing file /home/airflow/.local/lib/python3.7/site-packages/airflow/example_dags/example_branch_operator.py for tasks to queue
[2023-06-09T06:30:35.564+0000] {logging_mixin.py:149} INFO - [2023-06-09T06:30:35.564+0000] {dagbag.py:541} INFO - Filling up the DagBag from /home/airflow/.local/lib/python3.7/site-packages/airflow/example_dags/example_branch_operator.py
[2023-06-09T06:30:35.577+0000] {processor.py:836} INFO - DAG(s) dict_keys(['example_branch_operator']) retrieved from /home/airflow/.local/lib/python3.7/site-packages/airflow/example_dags/example_branch_operator.py
[2023-06-09T06:30:35.613+0000] {logging_mixin.py:149} INFO - [2023-06-09T06:30:35.613+0000] {dag.py:2726} INFO - Sync 1 DAGs
[2023-06-09T06:30:35.649+0000] {logging_mixin.py:149} INFO - [2023-06-09T06:30:35.648+0000] {dag.py:3490} INFO - Setting next_dagrun for example_branch_operator to 2023-06-08T00:00:00+00:00, run_after=2023-06-09T00:00:00+00:00
[2023-06-09T06:30:35.672+0000] {processor.py:179} INFO - Processing /home/airflow/.local/lib/python3.7/site-packages/airflow/example_dags/example_branch_operator.py took 0.114 seconds
