[2023-06-09T05:57:28.953+0000] {processor.py:157} INFO - Started process (PID=55) to work on /home/airflow/.local/lib/python3.7/site-packages/airflow/example_dags/example_sla_dag.py
[2023-06-09T05:57:28.954+0000] {processor.py:826} INFO - Processing file /home/airflow/.local/lib/python3.7/site-packages/airflow/example_dags/example_sla_dag.py for tasks to queue
[2023-06-09T05:57:28.955+0000] {logging_mixin.py:149} INFO - [2023-06-09T05:57:28.955+0000] {dagbag.py:541} INFO - Filling up the DagBag from /home/airflow/.local/lib/python3.7/site-packages/airflow/example_dags/example_sla_dag.py
[2023-06-09T05:57:29.034+0000] {processor.py:836} INFO - DAG(s) dict_keys(['example_sla_dag']) retrieved from /home/airflow/.local/lib/python3.7/site-packages/airflow/example_dags/example_sla_dag.py
[2023-06-09T05:57:29.180+0000] {logging_mixin.py:149} INFO - [2023-06-09T05:57:29.180+0000] {dag.py:2726} INFO - Sync 1 DAGs
[2023-06-09T05:57:29.317+0000] {logging_mixin.py:149} INFO - [2023-06-09T05:57:29.317+0000] {dag.py:3490} INFO - Setting next_dagrun for example_sla_dag to 2023-06-09T05:54:00+00:00, run_after=2023-06-09T05:56:00+00:00
[2023-06-09T05:57:29.374+0000] {processor.py:179} INFO - Processing /home/airflow/.local/lib/python3.7/site-packages/airflow/example_dags/example_sla_dag.py took 0.450 seconds
[2023-06-09T05:58:00.222+0000] {processor.py:157} INFO - Started process (PID=109) to work on /home/airflow/.local/lib/python3.7/site-packages/airflow/example_dags/example_sla_dag.py
[2023-06-09T05:58:00.227+0000] {processor.py:826} INFO - Processing file /home/airflow/.local/lib/python3.7/site-packages/airflow/example_dags/example_sla_dag.py for tasks to queue
[2023-06-09T05:58:00.228+0000] {logging_mixin.py:149} INFO - [2023-06-09T05:58:00.228+0000] {dagbag.py:541} INFO - Filling up the DagBag from /home/airflow/.local/lib/python3.7/site-packages/airflow/example_dags/example_sla_dag.py
[2023-06-09T05:58:00.249+0000] {processor.py:836} INFO - DAG(s) dict_keys(['example_sla_dag']) retrieved from /home/airflow/.local/lib/python3.7/site-packages/airflow/example_dags/example_sla_dag.py
[2023-06-09T05:58:00.290+0000] {logging_mixin.py:149} INFO - [2023-06-09T05:58:00.290+0000] {dag.py:2726} INFO - Sync 1 DAGs
[2023-06-09T05:58:00.351+0000] {logging_mixin.py:149} INFO - [2023-06-09T05:58:00.351+0000] {dag.py:3490} INFO - Setting next_dagrun for example_sla_dag to 2023-06-09T05:56:00+00:00, run_after=2023-06-09T05:58:00+00:00
[2023-06-09T05:58:00.392+0000] {processor.py:179} INFO - Processing /home/airflow/.local/lib/python3.7/site-packages/airflow/example_dags/example_sla_dag.py took 0.174 seconds
[2023-06-09T05:58:30.971+0000] {processor.py:157} INFO - Started process (PID=162) to work on /home/airflow/.local/lib/python3.7/site-packages/airflow/example_dags/example_sla_dag.py
[2023-06-09T05:58:30.973+0000] {processor.py:826} INFO - Processing file /home/airflow/.local/lib/python3.7/site-packages/airflow/example_dags/example_sla_dag.py for tasks to queue
[2023-06-09T05:58:30.973+0000] {logging_mixin.py:149} INFO - [2023-06-09T05:58:30.973+0000] {dagbag.py:541} INFO - Filling up the DagBag from /home/airflow/.local/lib/python3.7/site-packages/airflow/example_dags/example_sla_dag.py
[2023-06-09T05:58:30.984+0000] {processor.py:836} INFO - DAG(s) dict_keys(['example_sla_dag']) retrieved from /home/airflow/.local/lib/python3.7/site-packages/airflow/example_dags/example_sla_dag.py
[2023-06-09T05:58:31.016+0000] {logging_mixin.py:149} INFO - [2023-06-09T05:58:31.015+0000] {dag.py:2726} INFO - Sync 1 DAGs
[2023-06-09T05:58:31.054+0000] {logging_mixin.py:149} INFO - [2023-06-09T05:58:31.053+0000] {dag.py:3490} INFO - Setting next_dagrun for example_sla_dag to 2023-06-09T05:56:00+00:00, run_after=2023-06-09T05:58:00+00:00
[2023-06-09T05:58:31.075+0000] {processor.py:179} INFO - Processing /home/airflow/.local/lib/python3.7/site-packages/airflow/example_dags/example_sla_dag.py took 0.108 seconds
[2023-06-09T05:59:01.477+0000] {processor.py:157} INFO - Started process (PID=216) to work on /home/airflow/.local/lib/python3.7/site-packages/airflow/example_dags/example_sla_dag.py
[2023-06-09T05:59:01.478+0000] {processor.py:826} INFO - Processing file /home/airflow/.local/lib/python3.7/site-packages/airflow/example_dags/example_sla_dag.py for tasks to queue
[2023-06-09T05:59:01.479+0000] {logging_mixin.py:149} INFO - [2023-06-09T05:59:01.479+0000] {dagbag.py:541} INFO - Filling up the DagBag from /home/airflow/.local/lib/python3.7/site-packages/airflow/example_dags/example_sla_dag.py
[2023-06-09T05:59:01.489+0000] {processor.py:836} INFO - DAG(s) dict_keys(['example_sla_dag']) retrieved from /home/airflow/.local/lib/python3.7/site-packages/airflow/example_dags/example_sla_dag.py
[2023-06-09T05:59:01.520+0000] {logging_mixin.py:149} INFO - [2023-06-09T05:59:01.520+0000] {dag.py:2726} INFO - Sync 1 DAGs
[2023-06-09T05:59:01.558+0000] {logging_mixin.py:149} INFO - [2023-06-09T05:59:01.558+0000] {dag.py:3490} INFO - Setting next_dagrun for example_sla_dag to 2023-06-09T05:56:00+00:00, run_after=2023-06-09T05:58:00+00:00
[2023-06-09T05:59:01.580+0000] {processor.py:179} INFO - Processing /home/airflow/.local/lib/python3.7/site-packages/airflow/example_dags/example_sla_dag.py took 0.107 seconds
[2023-06-09T05:59:31.705+0000] {processor.py:157} INFO - Started process (PID=270) to work on /home/airflow/.local/lib/python3.7/site-packages/airflow/example_dags/example_sla_dag.py
[2023-06-09T05:59:31.706+0000] {processor.py:826} INFO - Processing file /home/airflow/.local/lib/python3.7/site-packages/airflow/example_dags/example_sla_dag.py for tasks to queue
[2023-06-09T05:59:31.707+0000] {logging_mixin.py:149} INFO - [2023-06-09T05:59:31.707+0000] {dagbag.py:541} INFO - Filling up the DagBag from /home/airflow/.local/lib/python3.7/site-packages/airflow/example_dags/example_sla_dag.py
[2023-06-09T05:59:31.717+0000] {processor.py:836} INFO - DAG(s) dict_keys(['example_sla_dag']) retrieved from /home/airflow/.local/lib/python3.7/site-packages/airflow/example_dags/example_sla_dag.py
[2023-06-09T05:59:31.749+0000] {logging_mixin.py:149} INFO - [2023-06-09T05:59:31.748+0000] {dag.py:2726} INFO - Sync 1 DAGs
[2023-06-09T05:59:31.787+0000] {logging_mixin.py:149} INFO - [2023-06-09T05:59:31.787+0000] {dag.py:3490} INFO - Setting next_dagrun for example_sla_dag to 2023-06-09T05:56:00+00:00, run_after=2023-06-09T05:58:00+00:00
[2023-06-09T05:59:31.811+0000] {processor.py:179} INFO - Processing /home/airflow/.local/lib/python3.7/site-packages/airflow/example_dags/example_sla_dag.py took 0.110 seconds
[2023-06-09T06:00:02.007+0000] {processor.py:157} INFO - Started process (PID=324) to work on /home/airflow/.local/lib/python3.7/site-packages/airflow/example_dags/example_sla_dag.py
[2023-06-09T06:00:02.008+0000] {processor.py:826} INFO - Processing file /home/airflow/.local/lib/python3.7/site-packages/airflow/example_dags/example_sla_dag.py for tasks to queue
[2023-06-09T06:00:02.011+0000] {logging_mixin.py:149} INFO - [2023-06-09T06:00:02.009+0000] {dagbag.py:541} INFO - Filling up the DagBag from /home/airflow/.local/lib/python3.7/site-packages/airflow/example_dags/example_sla_dag.py
[2023-06-09T06:00:02.029+0000] {processor.py:836} INFO - DAG(s) dict_keys(['example_sla_dag']) retrieved from /home/airflow/.local/lib/python3.7/site-packages/airflow/example_dags/example_sla_dag.py
[2023-06-09T06:00:02.062+0000] {logging_mixin.py:149} INFO - [2023-06-09T06:00:02.062+0000] {dag.py:2726} INFO - Sync 1 DAGs
[2023-06-09T06:00:02.102+0000] {logging_mixin.py:149} INFO - [2023-06-09T06:00:02.102+0000] {dag.py:3490} INFO - Setting next_dagrun for example_sla_dag to 2023-06-09T05:58:00+00:00, run_after=2023-06-09T06:00:00+00:00
[2023-06-09T06:00:02.128+0000] {processor.py:179} INFO - Processing /home/airflow/.local/lib/python3.7/site-packages/airflow/example_dags/example_sla_dag.py took 0.129 seconds
[2023-06-09T06:00:32.161+0000] {processor.py:157} INFO - Started process (PID=379) to work on /home/airflow/.local/lib/python3.7/site-packages/airflow/example_dags/example_sla_dag.py
[2023-06-09T06:00:32.162+0000] {processor.py:826} INFO - Processing file /home/airflow/.local/lib/python3.7/site-packages/airflow/example_dags/example_sla_dag.py for tasks to queue
[2023-06-09T06:00:32.163+0000] {logging_mixin.py:149} INFO - [2023-06-09T06:00:32.163+0000] {dagbag.py:541} INFO - Filling up the DagBag from /home/airflow/.local/lib/python3.7/site-packages/airflow/example_dags/example_sla_dag.py
[2023-06-09T06:00:32.173+0000] {processor.py:836} INFO - DAG(s) dict_keys(['example_sla_dag']) retrieved from /home/airflow/.local/lib/python3.7/site-packages/airflow/example_dags/example_sla_dag.py
[2023-06-09T06:00:32.203+0000] {logging_mixin.py:149} INFO - [2023-06-09T06:00:32.203+0000] {dag.py:2726} INFO - Sync 1 DAGs
[2023-06-09T06:00:32.243+0000] {logging_mixin.py:149} INFO - [2023-06-09T06:00:32.243+0000] {dag.py:3490} INFO - Setting next_dagrun for example_sla_dag to 2023-06-09T05:58:00+00:00, run_after=2023-06-09T06:00:00+00:00
[2023-06-09T06:00:32.265+0000] {processor.py:179} INFO - Processing /home/airflow/.local/lib/python3.7/site-packages/airflow/example_dags/example_sla_dag.py took 0.108 seconds
[2023-06-09T06:01:02.491+0000] {processor.py:157} INFO - Started process (PID=433) to work on /home/airflow/.local/lib/python3.7/site-packages/airflow/example_dags/example_sla_dag.py
[2023-06-09T06:01:02.492+0000] {processor.py:826} INFO - Processing file /home/airflow/.local/lib/python3.7/site-packages/airflow/example_dags/example_sla_dag.py for tasks to queue
[2023-06-09T06:01:02.493+0000] {logging_mixin.py:149} INFO - [2023-06-09T06:01:02.493+0000] {dagbag.py:541} INFO - Filling up the DagBag from /home/airflow/.local/lib/python3.7/site-packages/airflow/example_dags/example_sla_dag.py
[2023-06-09T06:01:02.504+0000] {processor.py:836} INFO - DAG(s) dict_keys(['example_sla_dag']) retrieved from /home/airflow/.local/lib/python3.7/site-packages/airflow/example_dags/example_sla_dag.py
[2023-06-09T06:01:02.535+0000] {logging_mixin.py:149} INFO - [2023-06-09T06:01:02.535+0000] {dag.py:2726} INFO - Sync 1 DAGs
[2023-06-09T06:01:02.573+0000] {logging_mixin.py:149} INFO - [2023-06-09T06:01:02.573+0000] {dag.py:3490} INFO - Setting next_dagrun for example_sla_dag to 2023-06-09T05:58:00+00:00, run_after=2023-06-09T06:00:00+00:00
[2023-06-09T06:01:02.604+0000] {processor.py:179} INFO - Processing /home/airflow/.local/lib/python3.7/site-packages/airflow/example_dags/example_sla_dag.py took 0.117 seconds
[2023-06-09T06:01:33.274+0000] {processor.py:157} INFO - Started process (PID=487) to work on /home/airflow/.local/lib/python3.7/site-packages/airflow/example_dags/example_sla_dag.py
[2023-06-09T06:01:33.287+0000] {processor.py:826} INFO - Processing file /home/airflow/.local/lib/python3.7/site-packages/airflow/example_dags/example_sla_dag.py for tasks to queue
[2023-06-09T06:01:33.288+0000] {logging_mixin.py:149} INFO - [2023-06-09T06:01:33.288+0000] {dagbag.py:541} INFO - Filling up the DagBag from /home/airflow/.local/lib/python3.7/site-packages/airflow/example_dags/example_sla_dag.py
[2023-06-09T06:01:33.299+0000] {processor.py:836} INFO - DAG(s) dict_keys(['example_sla_dag']) retrieved from /home/airflow/.local/lib/python3.7/site-packages/airflow/example_dags/example_sla_dag.py
[2023-06-09T06:01:33.328+0000] {logging_mixin.py:149} INFO - [2023-06-09T06:01:33.328+0000] {dag.py:2726} INFO - Sync 1 DAGs
[2023-06-09T06:01:33.370+0000] {logging_mixin.py:149} INFO - [2023-06-09T06:01:33.370+0000] {dag.py:3490} INFO - Setting next_dagrun for example_sla_dag to 2023-06-09T05:58:00+00:00, run_after=2023-06-09T06:00:00+00:00
[2023-06-09T06:01:33.391+0000] {processor.py:179} INFO - Processing /home/airflow/.local/lib/python3.7/site-packages/airflow/example_dags/example_sla_dag.py took 0.120 seconds
[2023-06-09T06:02:04.030+0000] {processor.py:157} INFO - Started process (PID=542) to work on /home/airflow/.local/lib/python3.7/site-packages/airflow/example_dags/example_sla_dag.py
[2023-06-09T06:02:04.031+0000] {processor.py:826} INFO - Processing file /home/airflow/.local/lib/python3.7/site-packages/airflow/example_dags/example_sla_dag.py for tasks to queue
[2023-06-09T06:02:04.032+0000] {logging_mixin.py:149} INFO - [2023-06-09T06:02:04.032+0000] {dagbag.py:541} INFO - Filling up the DagBag from /home/airflow/.local/lib/python3.7/site-packages/airflow/example_dags/example_sla_dag.py
[2023-06-09T06:02:04.044+0000] {processor.py:836} INFO - DAG(s) dict_keys(['example_sla_dag']) retrieved from /home/airflow/.local/lib/python3.7/site-packages/airflow/example_dags/example_sla_dag.py
[2023-06-09T06:02:04.071+0000] {logging_mixin.py:149} INFO - [2023-06-09T06:02:04.071+0000] {dag.py:2726} INFO - Sync 1 DAGs
[2023-06-09T06:02:04.109+0000] {logging_mixin.py:149} INFO - [2023-06-09T06:02:04.109+0000] {dag.py:3490} INFO - Setting next_dagrun for example_sla_dag to 2023-06-09T06:00:00+00:00, run_after=2023-06-09T06:02:00+00:00
[2023-06-09T06:02:04.130+0000] {processor.py:179} INFO - Processing /home/airflow/.local/lib/python3.7/site-packages/airflow/example_dags/example_sla_dag.py took 0.104 seconds
[2023-06-09T06:02:34.462+0000] {processor.py:157} INFO - Started process (PID=597) to work on /home/airflow/.local/lib/python3.7/site-packages/airflow/example_dags/example_sla_dag.py
[2023-06-09T06:02:34.463+0000] {processor.py:826} INFO - Processing file /home/airflow/.local/lib/python3.7/site-packages/airflow/example_dags/example_sla_dag.py for tasks to queue
[2023-06-09T06:02:34.464+0000] {logging_mixin.py:149} INFO - [2023-06-09T06:02:34.464+0000] {dagbag.py:541} INFO - Filling up the DagBag from /home/airflow/.local/lib/python3.7/site-packages/airflow/example_dags/example_sla_dag.py
[2023-06-09T06:02:34.480+0000] {processor.py:836} INFO - DAG(s) dict_keys(['example_sla_dag']) retrieved from /home/airflow/.local/lib/python3.7/site-packages/airflow/example_dags/example_sla_dag.py
[2023-06-09T06:02:34.562+0000] {logging_mixin.py:149} INFO - [2023-06-09T06:02:34.562+0000] {dag.py:2726} INFO - Sync 1 DAGs
[2023-06-09T06:02:34.622+0000] {logging_mixin.py:149} INFO - [2023-06-09T06:02:34.622+0000] {dag.py:3490} INFO - Setting next_dagrun for example_sla_dag to 2023-06-09T06:00:00+00:00, run_after=2023-06-09T06:02:00+00:00
[2023-06-09T06:02:34.644+0000] {processor.py:179} INFO - Processing /home/airflow/.local/lib/python3.7/site-packages/airflow/example_dags/example_sla_dag.py took 0.195 seconds
[2023-06-09T06:03:05.155+0000] {processor.py:157} INFO - Started process (PID=650) to work on /home/airflow/.local/lib/python3.7/site-packages/airflow/example_dags/example_sla_dag.py
[2023-06-09T06:03:05.156+0000] {processor.py:826} INFO - Processing file /home/airflow/.local/lib/python3.7/site-packages/airflow/example_dags/example_sla_dag.py for tasks to queue
[2023-06-09T06:03:05.157+0000] {logging_mixin.py:149} INFO - [2023-06-09T06:03:05.157+0000] {dagbag.py:541} INFO - Filling up the DagBag from /home/airflow/.local/lib/python3.7/site-packages/airflow/example_dags/example_sla_dag.py
[2023-06-09T06:03:05.167+0000] {processor.py:836} INFO - DAG(s) dict_keys(['example_sla_dag']) retrieved from /home/airflow/.local/lib/python3.7/site-packages/airflow/example_dags/example_sla_dag.py
[2023-06-09T06:03:05.198+0000] {logging_mixin.py:149} INFO - [2023-06-09T06:03:05.198+0000] {dag.py:2726} INFO - Sync 1 DAGs
[2023-06-09T06:03:05.240+0000] {logging_mixin.py:149} INFO - [2023-06-09T06:03:05.240+0000] {dag.py:3490} INFO - Setting next_dagrun for example_sla_dag to 2023-06-09T06:00:00+00:00, run_after=2023-06-09T06:02:00+00:00
[2023-06-09T06:03:05.264+0000] {processor.py:179} INFO - Processing /home/airflow/.local/lib/python3.7/site-packages/airflow/example_dags/example_sla_dag.py took 0.112 seconds
[2023-06-09T06:03:35.840+0000] {processor.py:157} INFO - Started process (PID=704) to work on /home/airflow/.local/lib/python3.7/site-packages/airflow/example_dags/example_sla_dag.py
[2023-06-09T06:03:35.841+0000] {processor.py:826} INFO - Processing file /home/airflow/.local/lib/python3.7/site-packages/airflow/example_dags/example_sla_dag.py for tasks to queue
[2023-06-09T06:03:35.842+0000] {logging_mixin.py:149} INFO - [2023-06-09T06:03:35.842+0000] {dagbag.py:541} INFO - Filling up the DagBag from /home/airflow/.local/lib/python3.7/site-packages/airflow/example_dags/example_sla_dag.py
[2023-06-09T06:03:35.858+0000] {processor.py:836} INFO - DAG(s) dict_keys(['example_sla_dag']) retrieved from /home/airflow/.local/lib/python3.7/site-packages/airflow/example_dags/example_sla_dag.py
[2023-06-09T06:03:35.886+0000] {logging_mixin.py:149} INFO - [2023-06-09T06:03:35.885+0000] {dag.py:2726} INFO - Sync 1 DAGs
[2023-06-09T06:03:35.924+0000] {logging_mixin.py:149} INFO - [2023-06-09T06:03:35.923+0000] {dag.py:3490} INFO - Setting next_dagrun for example_sla_dag to 2023-06-09T06:00:00+00:00, run_after=2023-06-09T06:02:00+00:00
[2023-06-09T06:03:35.948+0000] {processor.py:179} INFO - Processing /home/airflow/.local/lib/python3.7/site-packages/airflow/example_dags/example_sla_dag.py took 0.112 seconds
[2023-06-09T06:04:06.588+0000] {processor.py:157} INFO - Started process (PID=757) to work on /home/airflow/.local/lib/python3.7/site-packages/airflow/example_dags/example_sla_dag.py
[2023-06-09T06:04:06.589+0000] {processor.py:826} INFO - Processing file /home/airflow/.local/lib/python3.7/site-packages/airflow/example_dags/example_sla_dag.py for tasks to queue
[2023-06-09T06:04:06.590+0000] {logging_mixin.py:149} INFO - [2023-06-09T06:04:06.590+0000] {dagbag.py:541} INFO - Filling up the DagBag from /home/airflow/.local/lib/python3.7/site-packages/airflow/example_dags/example_sla_dag.py
[2023-06-09T06:04:06.600+0000] {processor.py:836} INFO - DAG(s) dict_keys(['example_sla_dag']) retrieved from /home/airflow/.local/lib/python3.7/site-packages/airflow/example_dags/example_sla_dag.py
[2023-06-09T06:04:06.628+0000] {logging_mixin.py:149} INFO - [2023-06-09T06:04:06.628+0000] {dag.py:2726} INFO - Sync 1 DAGs
[2023-06-09T06:04:06.665+0000] {logging_mixin.py:149} INFO - [2023-06-09T06:04:06.665+0000] {dag.py:3490} INFO - Setting next_dagrun for example_sla_dag to 2023-06-09T06:02:00+00:00, run_after=2023-06-09T06:04:00+00:00
[2023-06-09T06:04:06.687+0000] {processor.py:179} INFO - Processing /home/airflow/.local/lib/python3.7/site-packages/airflow/example_dags/example_sla_dag.py took 0.108 seconds
[2023-06-09T06:04:36.787+0000] {processor.py:157} INFO - Started process (PID=810) to work on /home/airflow/.local/lib/python3.7/site-packages/airflow/example_dags/example_sla_dag.py
[2023-06-09T06:04:36.789+0000] {processor.py:826} INFO - Processing file /home/airflow/.local/lib/python3.7/site-packages/airflow/example_dags/example_sla_dag.py for tasks to queue
[2023-06-09T06:04:36.790+0000] {logging_mixin.py:149} INFO - [2023-06-09T06:04:36.790+0000] {dagbag.py:541} INFO - Filling up the DagBag from /home/airflow/.local/lib/python3.7/site-packages/airflow/example_dags/example_sla_dag.py
[2023-06-09T06:04:36.807+0000] {processor.py:836} INFO - DAG(s) dict_keys(['example_sla_dag']) retrieved from /home/airflow/.local/lib/python3.7/site-packages/airflow/example_dags/example_sla_dag.py
[2023-06-09T06:04:36.844+0000] {logging_mixin.py:149} INFO - [2023-06-09T06:04:36.844+0000] {dag.py:2726} INFO - Sync 1 DAGs
[2023-06-09T06:04:36.905+0000] {logging_mixin.py:149} INFO - [2023-06-09T06:04:36.905+0000] {dag.py:3490} INFO - Setting next_dagrun for example_sla_dag to 2023-06-09T06:02:00+00:00, run_after=2023-06-09T06:04:00+00:00
[2023-06-09T06:04:36.966+0000] {processor.py:179} INFO - Processing /home/airflow/.local/lib/python3.7/site-packages/airflow/example_dags/example_sla_dag.py took 0.184 seconds
[2023-06-09T06:05:07.032+0000] {processor.py:157} INFO - Started process (PID=864) to work on /home/airflow/.local/lib/python3.7/site-packages/airflow/example_dags/example_sla_dag.py
[2023-06-09T06:05:07.033+0000] {processor.py:826} INFO - Processing file /home/airflow/.local/lib/python3.7/site-packages/airflow/example_dags/example_sla_dag.py for tasks to queue
[2023-06-09T06:05:07.034+0000] {logging_mixin.py:149} INFO - [2023-06-09T06:05:07.034+0000] {dagbag.py:541} INFO - Filling up the DagBag from /home/airflow/.local/lib/python3.7/site-packages/airflow/example_dags/example_sla_dag.py
[2023-06-09T06:05:07.050+0000] {processor.py:836} INFO - DAG(s) dict_keys(['example_sla_dag']) retrieved from /home/airflow/.local/lib/python3.7/site-packages/airflow/example_dags/example_sla_dag.py
[2023-06-09T06:05:07.124+0000] {logging_mixin.py:149} INFO - [2023-06-09T06:05:07.124+0000] {dag.py:2726} INFO - Sync 1 DAGs
[2023-06-09T06:05:07.205+0000] {logging_mixin.py:149} INFO - [2023-06-09T06:05:07.204+0000] {dag.py:3490} INFO - Setting next_dagrun for example_sla_dag to 2023-06-09T06:02:00+00:00, run_after=2023-06-09T06:04:00+00:00
[2023-06-09T06:05:07.228+0000] {processor.py:179} INFO - Processing /home/airflow/.local/lib/python3.7/site-packages/airflow/example_dags/example_sla_dag.py took 0.201 seconds
[2023-06-09T06:05:37.521+0000] {processor.py:157} INFO - Started process (PID=918) to work on /home/airflow/.local/lib/python3.7/site-packages/airflow/example_dags/example_sla_dag.py
[2023-06-09T06:05:37.522+0000] {processor.py:826} INFO - Processing file /home/airflow/.local/lib/python3.7/site-packages/airflow/example_dags/example_sla_dag.py for tasks to queue
[2023-06-09T06:05:37.522+0000] {logging_mixin.py:149} INFO - [2023-06-09T06:05:37.522+0000] {dagbag.py:541} INFO - Filling up the DagBag from /home/airflow/.local/lib/python3.7/site-packages/airflow/example_dags/example_sla_dag.py
[2023-06-09T06:05:37.533+0000] {processor.py:836} INFO - DAG(s) dict_keys(['example_sla_dag']) retrieved from /home/airflow/.local/lib/python3.7/site-packages/airflow/example_dags/example_sla_dag.py
[2023-06-09T06:05:37.560+0000] {logging_mixin.py:149} INFO - [2023-06-09T06:05:37.560+0000] {dag.py:2726} INFO - Sync 1 DAGs
[2023-06-09T06:05:37.611+0000] {logging_mixin.py:149} INFO - [2023-06-09T06:05:37.611+0000] {dag.py:3490} INFO - Setting next_dagrun for example_sla_dag to 2023-06-09T06:02:00+00:00, run_after=2023-06-09T06:04:00+00:00
[2023-06-09T06:05:37.638+0000] {processor.py:179} INFO - Processing /home/airflow/.local/lib/python3.7/site-packages/airflow/example_dags/example_sla_dag.py took 0.121 seconds
[2023-06-09T06:06:08.249+0000] {processor.py:157} INFO - Started process (PID=971) to work on /home/airflow/.local/lib/python3.7/site-packages/airflow/example_dags/example_sla_dag.py
[2023-06-09T06:06:08.250+0000] {processor.py:826} INFO - Processing file /home/airflow/.local/lib/python3.7/site-packages/airflow/example_dags/example_sla_dag.py for tasks to queue
[2023-06-09T06:06:08.251+0000] {logging_mixin.py:149} INFO - [2023-06-09T06:06:08.251+0000] {dagbag.py:541} INFO - Filling up the DagBag from /home/airflow/.local/lib/python3.7/site-packages/airflow/example_dags/example_sla_dag.py
[2023-06-09T06:06:08.261+0000] {processor.py:836} INFO - DAG(s) dict_keys(['example_sla_dag']) retrieved from /home/airflow/.local/lib/python3.7/site-packages/airflow/example_dags/example_sla_dag.py
[2023-06-09T06:06:08.291+0000] {logging_mixin.py:149} INFO - [2023-06-09T06:06:08.290+0000] {dag.py:2726} INFO - Sync 1 DAGs
[2023-06-09T06:06:08.330+0000] {logging_mixin.py:149} INFO - [2023-06-09T06:06:08.330+0000] {dag.py:3490} INFO - Setting next_dagrun for example_sla_dag to 2023-06-09T06:04:00+00:00, run_after=2023-06-09T06:06:00+00:00
[2023-06-09T06:06:08.352+0000] {processor.py:179} INFO - Processing /home/airflow/.local/lib/python3.7/site-packages/airflow/example_dags/example_sla_dag.py took 0.107 seconds
[2023-06-09T06:06:38.805+0000] {processor.py:157} INFO - Started process (PID=1024) to work on /home/airflow/.local/lib/python3.7/site-packages/airflow/example_dags/example_sla_dag.py
[2023-06-09T06:06:38.806+0000] {processor.py:826} INFO - Processing file /home/airflow/.local/lib/python3.7/site-packages/airflow/example_dags/example_sla_dag.py for tasks to queue
[2023-06-09T06:06:38.807+0000] {logging_mixin.py:149} INFO - [2023-06-09T06:06:38.807+0000] {dagbag.py:541} INFO - Filling up the DagBag from /home/airflow/.local/lib/python3.7/site-packages/airflow/example_dags/example_sla_dag.py
[2023-06-09T06:06:38.818+0000] {processor.py:836} INFO - DAG(s) dict_keys(['example_sla_dag']) retrieved from /home/airflow/.local/lib/python3.7/site-packages/airflow/example_dags/example_sla_dag.py
[2023-06-09T06:06:38.847+0000] {logging_mixin.py:149} INFO - [2023-06-09T06:06:38.847+0000] {dag.py:2726} INFO - Sync 1 DAGs
[2023-06-09T06:06:38.884+0000] {logging_mixin.py:149} INFO - [2023-06-09T06:06:38.884+0000] {dag.py:3490} INFO - Setting next_dagrun for example_sla_dag to 2023-06-09T06:04:00+00:00, run_after=2023-06-09T06:06:00+00:00
[2023-06-09T06:06:38.906+0000] {processor.py:179} INFO - Processing /home/airflow/.local/lib/python3.7/site-packages/airflow/example_dags/example_sla_dag.py took 0.104 seconds
[2023-06-09T06:07:09.283+0000] {processor.py:157} INFO - Started process (PID=1079) to work on /home/airflow/.local/lib/python3.7/site-packages/airflow/example_dags/example_sla_dag.py
[2023-06-09T06:07:09.284+0000] {processor.py:826} INFO - Processing file /home/airflow/.local/lib/python3.7/site-packages/airflow/example_dags/example_sla_dag.py for tasks to queue
[2023-06-09T06:07:09.285+0000] {logging_mixin.py:149} INFO - [2023-06-09T06:07:09.285+0000] {dagbag.py:541} INFO - Filling up the DagBag from /home/airflow/.local/lib/python3.7/site-packages/airflow/example_dags/example_sla_dag.py
[2023-06-09T06:07:09.296+0000] {processor.py:836} INFO - DAG(s) dict_keys(['example_sla_dag']) retrieved from /home/airflow/.local/lib/python3.7/site-packages/airflow/example_dags/example_sla_dag.py
[2023-06-09T06:07:09.326+0000] {logging_mixin.py:149} INFO - [2023-06-09T06:07:09.326+0000] {dag.py:2726} INFO - Sync 1 DAGs
[2023-06-09T06:07:09.362+0000] {logging_mixin.py:149} INFO - [2023-06-09T06:07:09.362+0000] {dag.py:3490} INFO - Setting next_dagrun for example_sla_dag to 2023-06-09T06:04:00+00:00, run_after=2023-06-09T06:06:00+00:00
[2023-06-09T06:07:09.398+0000] {processor.py:179} INFO - Processing /home/airflow/.local/lib/python3.7/site-packages/airflow/example_dags/example_sla_dag.py took 0.119 seconds
[2023-06-09T06:07:39.849+0000] {processor.py:157} INFO - Started process (PID=1133) to work on /home/airflow/.local/lib/python3.7/site-packages/airflow/example_dags/example_sla_dag.py
[2023-06-09T06:07:39.850+0000] {processor.py:826} INFO - Processing file /home/airflow/.local/lib/python3.7/site-packages/airflow/example_dags/example_sla_dag.py for tasks to queue
[2023-06-09T06:07:39.851+0000] {logging_mixin.py:149} INFO - [2023-06-09T06:07:39.851+0000] {dagbag.py:541} INFO - Filling up the DagBag from /home/airflow/.local/lib/python3.7/site-packages/airflow/example_dags/example_sla_dag.py
[2023-06-09T06:07:39.862+0000] {processor.py:836} INFO - DAG(s) dict_keys(['example_sla_dag']) retrieved from /home/airflow/.local/lib/python3.7/site-packages/airflow/example_dags/example_sla_dag.py
[2023-06-09T06:07:39.894+0000] {logging_mixin.py:149} INFO - [2023-06-09T06:07:39.891+0000] {dag.py:2726} INFO - Sync 1 DAGs
[2023-06-09T06:07:39.933+0000] {logging_mixin.py:149} INFO - [2023-06-09T06:07:39.932+0000] {dag.py:3490} INFO - Setting next_dagrun for example_sla_dag to 2023-06-09T06:04:00+00:00, run_after=2023-06-09T06:06:00+00:00
[2023-06-09T06:07:39.955+0000] {processor.py:179} INFO - Processing /home/airflow/.local/lib/python3.7/site-packages/airflow/example_dags/example_sla_dag.py took 0.110 seconds
[2023-06-09T06:08:10.667+0000] {processor.py:157} INFO - Started process (PID=1186) to work on /home/airflow/.local/lib/python3.7/site-packages/airflow/example_dags/example_sla_dag.py
[2023-06-09T06:08:10.668+0000] {processor.py:826} INFO - Processing file /home/airflow/.local/lib/python3.7/site-packages/airflow/example_dags/example_sla_dag.py for tasks to queue
[2023-06-09T06:08:10.669+0000] {logging_mixin.py:149} INFO - [2023-06-09T06:08:10.668+0000] {dagbag.py:541} INFO - Filling up the DagBag from /home/airflow/.local/lib/python3.7/site-packages/airflow/example_dags/example_sla_dag.py
[2023-06-09T06:08:10.679+0000] {processor.py:836} INFO - DAG(s) dict_keys(['example_sla_dag']) retrieved from /home/airflow/.local/lib/python3.7/site-packages/airflow/example_dags/example_sla_dag.py
[2023-06-09T06:08:10.708+0000] {logging_mixin.py:149} INFO - [2023-06-09T06:08:10.708+0000] {dag.py:2726} INFO - Sync 1 DAGs
[2023-06-09T06:08:10.749+0000] {logging_mixin.py:149} INFO - [2023-06-09T06:08:10.748+0000] {dag.py:3490} INFO - Setting next_dagrun for example_sla_dag to 2023-06-09T06:06:00+00:00, run_after=2023-06-09T06:08:00+00:00
[2023-06-09T06:08:10.772+0000] {processor.py:179} INFO - Processing /home/airflow/.local/lib/python3.7/site-packages/airflow/example_dags/example_sla_dag.py took 0.109 seconds
[2023-06-09T06:08:41.052+0000] {processor.py:157} INFO - Started process (PID=1240) to work on /home/airflow/.local/lib/python3.7/site-packages/airflow/example_dags/example_sla_dag.py
[2023-06-09T06:08:41.053+0000] {processor.py:826} INFO - Processing file /home/airflow/.local/lib/python3.7/site-packages/airflow/example_dags/example_sla_dag.py for tasks to queue
[2023-06-09T06:08:41.054+0000] {logging_mixin.py:149} INFO - [2023-06-09T06:08:41.053+0000] {dagbag.py:541} INFO - Filling up the DagBag from /home/airflow/.local/lib/python3.7/site-packages/airflow/example_dags/example_sla_dag.py
[2023-06-09T06:08:41.065+0000] {processor.py:836} INFO - DAG(s) dict_keys(['example_sla_dag']) retrieved from /home/airflow/.local/lib/python3.7/site-packages/airflow/example_dags/example_sla_dag.py
[2023-06-09T06:08:41.097+0000] {logging_mixin.py:149} INFO - [2023-06-09T06:08:41.096+0000] {dag.py:2726} INFO - Sync 1 DAGs
[2023-06-09T06:08:41.134+0000] {logging_mixin.py:149} INFO - [2023-06-09T06:08:41.134+0000] {dag.py:3490} INFO - Setting next_dagrun for example_sla_dag to 2023-06-09T06:06:00+00:00, run_after=2023-06-09T06:08:00+00:00
[2023-06-09T06:08:41.158+0000] {processor.py:179} INFO - Processing /home/airflow/.local/lib/python3.7/site-packages/airflow/example_dags/example_sla_dag.py took 0.110 seconds
[2023-06-09T06:09:11.199+0000] {processor.py:157} INFO - Started process (PID=1293) to work on /home/airflow/.local/lib/python3.7/site-packages/airflow/example_dags/example_sla_dag.py
[2023-06-09T06:09:11.208+0000] {processor.py:826} INFO - Processing file /home/airflow/.local/lib/python3.7/site-packages/airflow/example_dags/example_sla_dag.py for tasks to queue
[2023-06-09T06:09:11.209+0000] {logging_mixin.py:149} INFO - [2023-06-09T06:09:11.209+0000] {dagbag.py:541} INFO - Filling up the DagBag from /home/airflow/.local/lib/python3.7/site-packages/airflow/example_dags/example_sla_dag.py
[2023-06-09T06:09:11.228+0000] {processor.py:836} INFO - DAG(s) dict_keys(['example_sla_dag']) retrieved from /home/airflow/.local/lib/python3.7/site-packages/airflow/example_dags/example_sla_dag.py
[2023-06-09T06:09:11.291+0000] {logging_mixin.py:149} INFO - [2023-06-09T06:09:11.291+0000] {dag.py:2726} INFO - Sync 1 DAGs
[2023-06-09T06:09:11.360+0000] {logging_mixin.py:149} INFO - [2023-06-09T06:09:11.359+0000] {dag.py:3490} INFO - Setting next_dagrun for example_sla_dag to 2023-06-09T06:06:00+00:00, run_after=2023-06-09T06:08:00+00:00
[2023-06-09T06:09:11.412+0000] {processor.py:179} INFO - Processing /home/airflow/.local/lib/python3.7/site-packages/airflow/example_dags/example_sla_dag.py took 0.217 seconds
[2023-06-09T06:09:41.481+0000] {processor.py:157} INFO - Started process (PID=1348) to work on /home/airflow/.local/lib/python3.7/site-packages/airflow/example_dags/example_sla_dag.py
[2023-06-09T06:09:41.482+0000] {processor.py:826} INFO - Processing file /home/airflow/.local/lib/python3.7/site-packages/airflow/example_dags/example_sla_dag.py for tasks to queue
[2023-06-09T06:09:41.483+0000] {logging_mixin.py:149} INFO - [2023-06-09T06:09:41.483+0000] {dagbag.py:541} INFO - Filling up the DagBag from /home/airflow/.local/lib/python3.7/site-packages/airflow/example_dags/example_sla_dag.py
[2023-06-09T06:09:41.493+0000] {processor.py:836} INFO - DAG(s) dict_keys(['example_sla_dag']) retrieved from /home/airflow/.local/lib/python3.7/site-packages/airflow/example_dags/example_sla_dag.py
[2023-06-09T06:09:41.524+0000] {logging_mixin.py:149} INFO - [2023-06-09T06:09:41.524+0000] {dag.py:2726} INFO - Sync 1 DAGs
[2023-06-09T06:09:41.562+0000] {logging_mixin.py:149} INFO - [2023-06-09T06:09:41.562+0000] {dag.py:3490} INFO - Setting next_dagrun for example_sla_dag to 2023-06-09T06:06:00+00:00, run_after=2023-06-09T06:08:00+00:00
[2023-06-09T06:09:41.583+0000] {processor.py:179} INFO - Processing /home/airflow/.local/lib/python3.7/site-packages/airflow/example_dags/example_sla_dag.py took 0.106 seconds
[2023-06-09T06:10:11.755+0000] {processor.py:157} INFO - Started process (PID=1402) to work on /home/airflow/.local/lib/python3.7/site-packages/airflow/example_dags/example_sla_dag.py
[2023-06-09T06:10:11.756+0000] {processor.py:826} INFO - Processing file /home/airflow/.local/lib/python3.7/site-packages/airflow/example_dags/example_sla_dag.py for tasks to queue
[2023-06-09T06:10:11.757+0000] {logging_mixin.py:149} INFO - [2023-06-09T06:10:11.757+0000] {dagbag.py:541} INFO - Filling up the DagBag from /home/airflow/.local/lib/python3.7/site-packages/airflow/example_dags/example_sla_dag.py
[2023-06-09T06:10:11.769+0000] {processor.py:836} INFO - DAG(s) dict_keys(['example_sla_dag']) retrieved from /home/airflow/.local/lib/python3.7/site-packages/airflow/example_dags/example_sla_dag.py
[2023-06-09T06:10:11.800+0000] {logging_mixin.py:149} INFO - [2023-06-09T06:10:11.800+0000] {dag.py:2726} INFO - Sync 1 DAGs
[2023-06-09T06:10:11.839+0000] {logging_mixin.py:149} INFO - [2023-06-09T06:10:11.838+0000] {dag.py:3490} INFO - Setting next_dagrun for example_sla_dag to 2023-06-09T06:08:00+00:00, run_after=2023-06-09T06:10:00+00:00
[2023-06-09T06:10:11.866+0000] {processor.py:179} INFO - Processing /home/airflow/.local/lib/python3.7/site-packages/airflow/example_dags/example_sla_dag.py took 0.115 seconds
[2023-06-09T06:10:42.183+0000] {processor.py:157} INFO - Started process (PID=1455) to work on /home/airflow/.local/lib/python3.7/site-packages/airflow/example_dags/example_sla_dag.py
[2023-06-09T06:10:42.184+0000] {processor.py:826} INFO - Processing file /home/airflow/.local/lib/python3.7/site-packages/airflow/example_dags/example_sla_dag.py for tasks to queue
[2023-06-09T06:10:42.185+0000] {logging_mixin.py:149} INFO - [2023-06-09T06:10:42.185+0000] {dagbag.py:541} INFO - Filling up the DagBag from /home/airflow/.local/lib/python3.7/site-packages/airflow/example_dags/example_sla_dag.py
[2023-06-09T06:10:42.200+0000] {processor.py:836} INFO - DAG(s) dict_keys(['example_sla_dag']) retrieved from /home/airflow/.local/lib/python3.7/site-packages/airflow/example_dags/example_sla_dag.py
[2023-06-09T06:10:42.233+0000] {logging_mixin.py:149} INFO - [2023-06-09T06:10:42.233+0000] {dag.py:2726} INFO - Sync 1 DAGs
[2023-06-09T06:10:42.276+0000] {logging_mixin.py:149} INFO - [2023-06-09T06:10:42.276+0000] {dag.py:3490} INFO - Setting next_dagrun for example_sla_dag to 2023-06-09T06:08:00+00:00, run_after=2023-06-09T06:10:00+00:00
[2023-06-09T06:10:42.306+0000] {processor.py:179} INFO - Processing /home/airflow/.local/lib/python3.7/site-packages/airflow/example_dags/example_sla_dag.py took 0.127 seconds
[2023-06-09T06:11:12.564+0000] {processor.py:157} INFO - Started process (PID=1508) to work on /home/airflow/.local/lib/python3.7/site-packages/airflow/example_dags/example_sla_dag.py
[2023-06-09T06:11:12.566+0000] {processor.py:826} INFO - Processing file /home/airflow/.local/lib/python3.7/site-packages/airflow/example_dags/example_sla_dag.py for tasks to queue
[2023-06-09T06:11:12.566+0000] {logging_mixin.py:149} INFO - [2023-06-09T06:11:12.566+0000] {dagbag.py:541} INFO - Filling up the DagBag from /home/airflow/.local/lib/python3.7/site-packages/airflow/example_dags/example_sla_dag.py
[2023-06-09T06:11:12.581+0000] {processor.py:836} INFO - DAG(s) dict_keys(['example_sla_dag']) retrieved from /home/airflow/.local/lib/python3.7/site-packages/airflow/example_dags/example_sla_dag.py
[2023-06-09T06:11:12.610+0000] {logging_mixin.py:149} INFO - [2023-06-09T06:11:12.609+0000] {dag.py:2726} INFO - Sync 1 DAGs
[2023-06-09T06:11:12.647+0000] {logging_mixin.py:149} INFO - [2023-06-09T06:11:12.647+0000] {dag.py:3490} INFO - Setting next_dagrun for example_sla_dag to 2023-06-09T06:08:00+00:00, run_after=2023-06-09T06:10:00+00:00
[2023-06-09T06:11:12.670+0000] {processor.py:179} INFO - Processing /home/airflow/.local/lib/python3.7/site-packages/airflow/example_dags/example_sla_dag.py took 0.109 seconds
[2023-06-09T06:11:43.123+0000] {processor.py:157} INFO - Started process (PID=1562) to work on /home/airflow/.local/lib/python3.7/site-packages/airflow/example_dags/example_sla_dag.py
[2023-06-09T06:11:43.124+0000] {processor.py:826} INFO - Processing file /home/airflow/.local/lib/python3.7/site-packages/airflow/example_dags/example_sla_dag.py for tasks to queue
[2023-06-09T06:11:43.124+0000] {logging_mixin.py:149} INFO - [2023-06-09T06:11:43.124+0000] {dagbag.py:541} INFO - Filling up the DagBag from /home/airflow/.local/lib/python3.7/site-packages/airflow/example_dags/example_sla_dag.py
[2023-06-09T06:11:43.135+0000] {processor.py:836} INFO - DAG(s) dict_keys(['example_sla_dag']) retrieved from /home/airflow/.local/lib/python3.7/site-packages/airflow/example_dags/example_sla_dag.py
[2023-06-09T06:11:43.165+0000] {logging_mixin.py:149} INFO - [2023-06-09T06:11:43.164+0000] {dag.py:2726} INFO - Sync 1 DAGs
[2023-06-09T06:11:43.208+0000] {logging_mixin.py:149} INFO - [2023-06-09T06:11:43.207+0000] {dag.py:3490} INFO - Setting next_dagrun for example_sla_dag to 2023-06-09T06:08:00+00:00, run_after=2023-06-09T06:10:00+00:00
[2023-06-09T06:11:43.233+0000] {processor.py:179} INFO - Processing /home/airflow/.local/lib/python3.7/site-packages/airflow/example_dags/example_sla_dag.py took 0.115 seconds
[2023-06-09T06:12:13.400+0000] {processor.py:157} INFO - Started process (PID=1617) to work on /home/airflow/.local/lib/python3.7/site-packages/airflow/example_dags/example_sla_dag.py
[2023-06-09T06:12:13.402+0000] {processor.py:826} INFO - Processing file /home/airflow/.local/lib/python3.7/site-packages/airflow/example_dags/example_sla_dag.py for tasks to queue
[2023-06-09T06:12:13.402+0000] {logging_mixin.py:149} INFO - [2023-06-09T06:12:13.402+0000] {dagbag.py:541} INFO - Filling up the DagBag from /home/airflow/.local/lib/python3.7/site-packages/airflow/example_dags/example_sla_dag.py
[2023-06-09T06:12:13.413+0000] {processor.py:836} INFO - DAG(s) dict_keys(['example_sla_dag']) retrieved from /home/airflow/.local/lib/python3.7/site-packages/airflow/example_dags/example_sla_dag.py
[2023-06-09T06:12:13.443+0000] {logging_mixin.py:149} INFO - [2023-06-09T06:12:13.443+0000] {dag.py:2726} INFO - Sync 1 DAGs
[2023-06-09T06:12:13.482+0000] {logging_mixin.py:149} INFO - [2023-06-09T06:12:13.482+0000] {dag.py:3490} INFO - Setting next_dagrun for example_sla_dag to 2023-06-09T06:10:00+00:00, run_after=2023-06-09T06:12:00+00:00
[2023-06-09T06:12:13.507+0000] {processor.py:179} INFO - Processing /home/airflow/.local/lib/python3.7/site-packages/airflow/example_dags/example_sla_dag.py took 0.110 seconds
[2023-06-09T06:12:44.261+0000] {processor.py:157} INFO - Started process (PID=1671) to work on /home/airflow/.local/lib/python3.7/site-packages/airflow/example_dags/example_sla_dag.py
[2023-06-09T06:12:44.262+0000] {processor.py:826} INFO - Processing file /home/airflow/.local/lib/python3.7/site-packages/airflow/example_dags/example_sla_dag.py for tasks to queue
[2023-06-09T06:12:44.263+0000] {logging_mixin.py:149} INFO - [2023-06-09T06:12:44.263+0000] {dagbag.py:541} INFO - Filling up the DagBag from /home/airflow/.local/lib/python3.7/site-packages/airflow/example_dags/example_sla_dag.py
[2023-06-09T06:12:44.273+0000] {processor.py:836} INFO - DAG(s) dict_keys(['example_sla_dag']) retrieved from /home/airflow/.local/lib/python3.7/site-packages/airflow/example_dags/example_sla_dag.py
[2023-06-09T06:12:44.303+0000] {logging_mixin.py:149} INFO - [2023-06-09T06:12:44.302+0000] {dag.py:2726} INFO - Sync 1 DAGs
[2023-06-09T06:12:44.345+0000] {logging_mixin.py:149} INFO - [2023-06-09T06:12:44.345+0000] {dag.py:3490} INFO - Setting next_dagrun for example_sla_dag to 2023-06-09T06:10:00+00:00, run_after=2023-06-09T06:12:00+00:00
[2023-06-09T06:12:44.372+0000] {processor.py:179} INFO - Processing /home/airflow/.local/lib/python3.7/site-packages/airflow/example_dags/example_sla_dag.py took 0.115 seconds
[2023-06-09T06:13:14.636+0000] {processor.py:157} INFO - Started process (PID=1725) to work on /home/airflow/.local/lib/python3.7/site-packages/airflow/example_dags/example_sla_dag.py
[2023-06-09T06:13:14.638+0000] {processor.py:826} INFO - Processing file /home/airflow/.local/lib/python3.7/site-packages/airflow/example_dags/example_sla_dag.py for tasks to queue
[2023-06-09T06:13:14.639+0000] {logging_mixin.py:149} INFO - [2023-06-09T06:13:14.639+0000] {dagbag.py:541} INFO - Filling up the DagBag from /home/airflow/.local/lib/python3.7/site-packages/airflow/example_dags/example_sla_dag.py
[2023-06-09T06:13:14.650+0000] {processor.py:836} INFO - DAG(s) dict_keys(['example_sla_dag']) retrieved from /home/airflow/.local/lib/python3.7/site-packages/airflow/example_dags/example_sla_dag.py
[2023-06-09T06:13:14.679+0000] {logging_mixin.py:149} INFO - [2023-06-09T06:13:14.679+0000] {dag.py:2726} INFO - Sync 1 DAGs
[2023-06-09T06:13:14.717+0000] {logging_mixin.py:149} INFO - [2023-06-09T06:13:14.717+0000] {dag.py:3490} INFO - Setting next_dagrun for example_sla_dag to 2023-06-09T06:10:00+00:00, run_after=2023-06-09T06:12:00+00:00
[2023-06-09T06:13:14.738+0000] {processor.py:179} INFO - Processing /home/airflow/.local/lib/python3.7/site-packages/airflow/example_dags/example_sla_dag.py took 0.106 seconds
[2023-06-09T06:13:45.090+0000] {processor.py:157} INFO - Started process (PID=1779) to work on /home/airflow/.local/lib/python3.7/site-packages/airflow/example_dags/example_sla_dag.py
[2023-06-09T06:13:45.091+0000] {processor.py:826} INFO - Processing file /home/airflow/.local/lib/python3.7/site-packages/airflow/example_dags/example_sla_dag.py for tasks to queue
[2023-06-09T06:13:45.096+0000] {logging_mixin.py:149} INFO - [2023-06-09T06:13:45.094+0000] {dagbag.py:541} INFO - Filling up the DagBag from /home/airflow/.local/lib/python3.7/site-packages/airflow/example_dags/example_sla_dag.py
[2023-06-09T06:13:45.108+0000] {processor.py:836} INFO - DAG(s) dict_keys(['example_sla_dag']) retrieved from /home/airflow/.local/lib/python3.7/site-packages/airflow/example_dags/example_sla_dag.py
[2023-06-09T06:13:45.138+0000] {logging_mixin.py:149} INFO - [2023-06-09T06:13:45.138+0000] {dag.py:2726} INFO - Sync 1 DAGs
[2023-06-09T06:13:45.177+0000] {logging_mixin.py:149} INFO - [2023-06-09T06:13:45.176+0000] {dag.py:3490} INFO - Setting next_dagrun for example_sla_dag to 2023-06-09T06:10:00+00:00, run_after=2023-06-09T06:12:00+00:00
[2023-06-09T06:13:45.202+0000] {processor.py:179} INFO - Processing /home/airflow/.local/lib/python3.7/site-packages/airflow/example_dags/example_sla_dag.py took 0.120 seconds
[2023-06-09T06:14:15.867+0000] {processor.py:157} INFO - Started process (PID=1832) to work on /home/airflow/.local/lib/python3.7/site-packages/airflow/example_dags/example_sla_dag.py
[2023-06-09T06:14:15.868+0000] {processor.py:826} INFO - Processing file /home/airflow/.local/lib/python3.7/site-packages/airflow/example_dags/example_sla_dag.py for tasks to queue
[2023-06-09T06:14:15.869+0000] {logging_mixin.py:149} INFO - [2023-06-09T06:14:15.869+0000] {dagbag.py:541} INFO - Filling up the DagBag from /home/airflow/.local/lib/python3.7/site-packages/airflow/example_dags/example_sla_dag.py
[2023-06-09T06:14:15.882+0000] {processor.py:836} INFO - DAG(s) dict_keys(['example_sla_dag']) retrieved from /home/airflow/.local/lib/python3.7/site-packages/airflow/example_dags/example_sla_dag.py
[2023-06-09T06:14:15.910+0000] {logging_mixin.py:149} INFO - [2023-06-09T06:14:15.909+0000] {dag.py:2726} INFO - Sync 1 DAGs
[2023-06-09T06:14:15.948+0000] {logging_mixin.py:149} INFO - [2023-06-09T06:14:15.948+0000] {dag.py:3490} INFO - Setting next_dagrun for example_sla_dag to 2023-06-09T06:12:00+00:00, run_after=2023-06-09T06:14:00+00:00
[2023-06-09T06:14:15.982+0000] {processor.py:179} INFO - Processing /home/airflow/.local/lib/python3.7/site-packages/airflow/example_dags/example_sla_dag.py took 0.119 seconds
[2023-06-09T06:14:46.275+0000] {processor.py:157} INFO - Started process (PID=1886) to work on /home/airflow/.local/lib/python3.7/site-packages/airflow/example_dags/example_sla_dag.py
[2023-06-09T06:14:46.292+0000] {processor.py:826} INFO - Processing file /home/airflow/.local/lib/python3.7/site-packages/airflow/example_dags/example_sla_dag.py for tasks to queue
[2023-06-09T06:14:46.294+0000] {logging_mixin.py:149} INFO - [2023-06-09T06:14:46.294+0000] {dagbag.py:541} INFO - Filling up the DagBag from /home/airflow/.local/lib/python3.7/site-packages/airflow/example_dags/example_sla_dag.py
[2023-06-09T06:14:46.327+0000] {processor.py:836} INFO - DAG(s) dict_keys(['example_sla_dag']) retrieved from /home/airflow/.local/lib/python3.7/site-packages/airflow/example_dags/example_sla_dag.py
[2023-06-09T06:14:46.400+0000] {logging_mixin.py:149} INFO - [2023-06-09T06:14:46.400+0000] {dag.py:2726} INFO - Sync 1 DAGs
[2023-06-09T06:14:46.468+0000] {logging_mixin.py:149} INFO - [2023-06-09T06:14:46.468+0000] {dag.py:3490} INFO - Setting next_dagrun for example_sla_dag to 2023-06-09T06:12:00+00:00, run_after=2023-06-09T06:14:00+00:00
[2023-06-09T06:14:46.506+0000] {processor.py:179} INFO - Processing /home/airflow/.local/lib/python3.7/site-packages/airflow/example_dags/example_sla_dag.py took 0.234 seconds
[2023-06-09T06:15:17.376+0000] {processor.py:157} INFO - Started process (PID=1940) to work on /home/airflow/.local/lib/python3.7/site-packages/airflow/example_dags/example_sla_dag.py
[2023-06-09T06:15:17.384+0000] {processor.py:826} INFO - Processing file /home/airflow/.local/lib/python3.7/site-packages/airflow/example_dags/example_sla_dag.py for tasks to queue
[2023-06-09T06:15:17.385+0000] {logging_mixin.py:149} INFO - [2023-06-09T06:15:17.385+0000] {dagbag.py:541} INFO - Filling up the DagBag from /home/airflow/.local/lib/python3.7/site-packages/airflow/example_dags/example_sla_dag.py
[2023-06-09T06:15:17.425+0000] {processor.py:836} INFO - DAG(s) dict_keys(['example_sla_dag']) retrieved from /home/airflow/.local/lib/python3.7/site-packages/airflow/example_dags/example_sla_dag.py
[2023-06-09T06:15:17.528+0000] {logging_mixin.py:149} INFO - [2023-06-09T06:15:17.528+0000] {dag.py:2726} INFO - Sync 1 DAGs
[2023-06-09T06:15:17.674+0000] {logging_mixin.py:149} INFO - [2023-06-09T06:15:17.674+0000] {dag.py:3490} INFO - Setting next_dagrun for example_sla_dag to 2023-06-09T06:12:00+00:00, run_after=2023-06-09T06:14:00+00:00
[2023-06-09T06:15:17.775+0000] {processor.py:179} INFO - Processing /home/airflow/.local/lib/python3.7/site-packages/airflow/example_dags/example_sla_dag.py took 0.412 seconds
[2023-06-09T06:15:47.836+0000] {processor.py:157} INFO - Started process (PID=1993) to work on /home/airflow/.local/lib/python3.7/site-packages/airflow/example_dags/example_sla_dag.py
[2023-06-09T06:15:47.837+0000] {processor.py:826} INFO - Processing file /home/airflow/.local/lib/python3.7/site-packages/airflow/example_dags/example_sla_dag.py for tasks to queue
[2023-06-09T06:15:47.838+0000] {logging_mixin.py:149} INFO - [2023-06-09T06:15:47.838+0000] {dagbag.py:541} INFO - Filling up the DagBag from /home/airflow/.local/lib/python3.7/site-packages/airflow/example_dags/example_sla_dag.py
[2023-06-09T06:15:47.849+0000] {processor.py:836} INFO - DAG(s) dict_keys(['example_sla_dag']) retrieved from /home/airflow/.local/lib/python3.7/site-packages/airflow/example_dags/example_sla_dag.py
[2023-06-09T06:15:47.879+0000] {logging_mixin.py:149} INFO - [2023-06-09T06:15:47.879+0000] {dag.py:2726} INFO - Sync 1 DAGs
[2023-06-09T06:15:47.925+0000] {logging_mixin.py:149} INFO - [2023-06-09T06:15:47.924+0000] {dag.py:3490} INFO - Setting next_dagrun for example_sla_dag to 2023-06-09T06:12:00+00:00, run_after=2023-06-09T06:14:00+00:00
[2023-06-09T06:15:47.948+0000] {processor.py:179} INFO - Processing /home/airflow/.local/lib/python3.7/site-packages/airflow/example_dags/example_sla_dag.py took 0.116 seconds
[2023-06-09T06:16:18.177+0000] {processor.py:157} INFO - Started process (PID=2047) to work on /home/airflow/.local/lib/python3.7/site-packages/airflow/example_dags/example_sla_dag.py
[2023-06-09T06:16:18.178+0000] {processor.py:826} INFO - Processing file /home/airflow/.local/lib/python3.7/site-packages/airflow/example_dags/example_sla_dag.py for tasks to queue
[2023-06-09T06:16:18.179+0000] {logging_mixin.py:149} INFO - [2023-06-09T06:16:18.179+0000] {dagbag.py:541} INFO - Filling up the DagBag from /home/airflow/.local/lib/python3.7/site-packages/airflow/example_dags/example_sla_dag.py
[2023-06-09T06:16:18.199+0000] {processor.py:836} INFO - DAG(s) dict_keys(['example_sla_dag']) retrieved from /home/airflow/.local/lib/python3.7/site-packages/airflow/example_dags/example_sla_dag.py
[2023-06-09T06:16:18.256+0000] {logging_mixin.py:149} INFO - [2023-06-09T06:16:18.256+0000] {dag.py:2726} INFO - Sync 1 DAGs
[2023-06-09T06:16:18.295+0000] {logging_mixin.py:149} INFO - [2023-06-09T06:16:18.295+0000] {dag.py:3490} INFO - Setting next_dagrun for example_sla_dag to 2023-06-09T06:14:00+00:00, run_after=2023-06-09T06:16:00+00:00
[2023-06-09T06:16:18.318+0000] {processor.py:179} INFO - Processing /home/airflow/.local/lib/python3.7/site-packages/airflow/example_dags/example_sla_dag.py took 0.145 seconds
[2023-06-09T06:16:48.665+0000] {processor.py:157} INFO - Started process (PID=2101) to work on /home/airflow/.local/lib/python3.7/site-packages/airflow/example_dags/example_sla_dag.py
[2023-06-09T06:16:48.666+0000] {processor.py:826} INFO - Processing file /home/airflow/.local/lib/python3.7/site-packages/airflow/example_dags/example_sla_dag.py for tasks to queue
[2023-06-09T06:16:48.667+0000] {logging_mixin.py:149} INFO - [2023-06-09T06:16:48.667+0000] {dagbag.py:541} INFO - Filling up the DagBag from /home/airflow/.local/lib/python3.7/site-packages/airflow/example_dags/example_sla_dag.py
[2023-06-09T06:16:48.677+0000] {processor.py:836} INFO - DAG(s) dict_keys(['example_sla_dag']) retrieved from /home/airflow/.local/lib/python3.7/site-packages/airflow/example_dags/example_sla_dag.py
[2023-06-09T06:16:48.707+0000] {logging_mixin.py:149} INFO - [2023-06-09T06:16:48.707+0000] {dag.py:2726} INFO - Sync 1 DAGs
[2023-06-09T06:16:48.743+0000] {logging_mixin.py:149} INFO - [2023-06-09T06:16:48.743+0000] {dag.py:3490} INFO - Setting next_dagrun for example_sla_dag to 2023-06-09T06:14:00+00:00, run_after=2023-06-09T06:16:00+00:00
[2023-06-09T06:16:48.769+0000] {processor.py:179} INFO - Processing /home/airflow/.local/lib/python3.7/site-packages/airflow/example_dags/example_sla_dag.py took 0.107 seconds
[2023-06-09T06:17:19.001+0000] {processor.py:157} INFO - Started process (PID=2155) to work on /home/airflow/.local/lib/python3.7/site-packages/airflow/example_dags/example_sla_dag.py
[2023-06-09T06:17:19.002+0000] {processor.py:826} INFO - Processing file /home/airflow/.local/lib/python3.7/site-packages/airflow/example_dags/example_sla_dag.py for tasks to queue
[2023-06-09T06:17:19.003+0000] {logging_mixin.py:149} INFO - [2023-06-09T06:17:19.003+0000] {dagbag.py:541} INFO - Filling up the DagBag from /home/airflow/.local/lib/python3.7/site-packages/airflow/example_dags/example_sla_dag.py
[2023-06-09T06:17:19.014+0000] {processor.py:836} INFO - DAG(s) dict_keys(['example_sla_dag']) retrieved from /home/airflow/.local/lib/python3.7/site-packages/airflow/example_dags/example_sla_dag.py
[2023-06-09T06:17:19.044+0000] {logging_mixin.py:149} INFO - [2023-06-09T06:17:19.043+0000] {dag.py:2726} INFO - Sync 1 DAGs
[2023-06-09T06:17:19.081+0000] {logging_mixin.py:149} INFO - [2023-06-09T06:17:19.080+0000] {dag.py:3490} INFO - Setting next_dagrun for example_sla_dag to 2023-06-09T06:14:00+00:00, run_after=2023-06-09T06:16:00+00:00
[2023-06-09T06:17:19.106+0000] {processor.py:179} INFO - Processing /home/airflow/.local/lib/python3.7/site-packages/airflow/example_dags/example_sla_dag.py took 0.109 seconds
[2023-06-09T06:17:49.439+0000] {processor.py:157} INFO - Started process (PID=2209) to work on /home/airflow/.local/lib/python3.7/site-packages/airflow/example_dags/example_sla_dag.py
[2023-06-09T06:17:49.440+0000] {processor.py:826} INFO - Processing file /home/airflow/.local/lib/python3.7/site-packages/airflow/example_dags/example_sla_dag.py for tasks to queue
[2023-06-09T06:17:49.441+0000] {logging_mixin.py:149} INFO - [2023-06-09T06:17:49.441+0000] {dagbag.py:541} INFO - Filling up the DagBag from /home/airflow/.local/lib/python3.7/site-packages/airflow/example_dags/example_sla_dag.py
[2023-06-09T06:17:49.451+0000] {processor.py:836} INFO - DAG(s) dict_keys(['example_sla_dag']) retrieved from /home/airflow/.local/lib/python3.7/site-packages/airflow/example_dags/example_sla_dag.py
[2023-06-09T06:17:49.482+0000] {logging_mixin.py:149} INFO - [2023-06-09T06:17:49.482+0000] {dag.py:2726} INFO - Sync 1 DAGs
[2023-06-09T06:17:49.520+0000] {logging_mixin.py:149} INFO - [2023-06-09T06:17:49.520+0000] {dag.py:3490} INFO - Setting next_dagrun for example_sla_dag to 2023-06-09T06:14:00+00:00, run_after=2023-06-09T06:16:00+00:00
[2023-06-09T06:17:49.551+0000] {processor.py:179} INFO - Processing /home/airflow/.local/lib/python3.7/site-packages/airflow/example_dags/example_sla_dag.py took 0.116 seconds
[2023-06-09T06:18:20.156+0000] {processor.py:157} INFO - Started process (PID=2263) to work on /home/airflow/.local/lib/python3.7/site-packages/airflow/example_dags/example_sla_dag.py
[2023-06-09T06:18:20.157+0000] {processor.py:826} INFO - Processing file /home/airflow/.local/lib/python3.7/site-packages/airflow/example_dags/example_sla_dag.py for tasks to queue
[2023-06-09T06:18:20.158+0000] {logging_mixin.py:149} INFO - [2023-06-09T06:18:20.158+0000] {dagbag.py:541} INFO - Filling up the DagBag from /home/airflow/.local/lib/python3.7/site-packages/airflow/example_dags/example_sla_dag.py
[2023-06-09T06:18:20.174+0000] {processor.py:836} INFO - DAG(s) dict_keys(['example_sla_dag']) retrieved from /home/airflow/.local/lib/python3.7/site-packages/airflow/example_dags/example_sla_dag.py
[2023-06-09T06:18:20.206+0000] {logging_mixin.py:149} INFO - [2023-06-09T06:18:20.206+0000] {dag.py:2726} INFO - Sync 1 DAGs
[2023-06-09T06:18:20.251+0000] {logging_mixin.py:149} INFO - [2023-06-09T06:18:20.251+0000] {dag.py:3490} INFO - Setting next_dagrun for example_sla_dag to 2023-06-09T06:16:00+00:00, run_after=2023-06-09T06:18:00+00:00
[2023-06-09T06:18:20.278+0000] {processor.py:179} INFO - Processing /home/airflow/.local/lib/python3.7/site-packages/airflow/example_dags/example_sla_dag.py took 0.126 seconds
[2023-06-09T06:18:50.782+0000] {processor.py:157} INFO - Started process (PID=2317) to work on /home/airflow/.local/lib/python3.7/site-packages/airflow/example_dags/example_sla_dag.py
[2023-06-09T06:18:50.785+0000] {processor.py:826} INFO - Processing file /home/airflow/.local/lib/python3.7/site-packages/airflow/example_dags/example_sla_dag.py for tasks to queue
[2023-06-09T06:18:50.786+0000] {logging_mixin.py:149} INFO - [2023-06-09T06:18:50.785+0000] {dagbag.py:541} INFO - Filling up the DagBag from /home/airflow/.local/lib/python3.7/site-packages/airflow/example_dags/example_sla_dag.py
[2023-06-09T06:18:50.813+0000] {processor.py:836} INFO - DAG(s) dict_keys(['example_sla_dag']) retrieved from /home/airflow/.local/lib/python3.7/site-packages/airflow/example_dags/example_sla_dag.py
[2023-06-09T06:18:50.843+0000] {logging_mixin.py:149} INFO - [2023-06-09T06:18:50.843+0000] {dag.py:2726} INFO - Sync 1 DAGs
[2023-06-09T06:18:50.897+0000] {logging_mixin.py:149} INFO - [2023-06-09T06:18:50.896+0000] {dag.py:3490} INFO - Setting next_dagrun for example_sla_dag to 2023-06-09T06:16:00+00:00, run_after=2023-06-09T06:18:00+00:00
[2023-06-09T06:18:50.920+0000] {processor.py:179} INFO - Processing /home/airflow/.local/lib/python3.7/site-packages/airflow/example_dags/example_sla_dag.py took 0.145 seconds
[2023-06-09T06:19:20.970+0000] {processor.py:157} INFO - Started process (PID=2371) to work on /home/airflow/.local/lib/python3.7/site-packages/airflow/example_dags/example_sla_dag.py
[2023-06-09T06:19:20.971+0000] {processor.py:826} INFO - Processing file /home/airflow/.local/lib/python3.7/site-packages/airflow/example_dags/example_sla_dag.py for tasks to queue
[2023-06-09T06:19:20.972+0000] {logging_mixin.py:149} INFO - [2023-06-09T06:19:20.972+0000] {dagbag.py:541} INFO - Filling up the DagBag from /home/airflow/.local/lib/python3.7/site-packages/airflow/example_dags/example_sla_dag.py
[2023-06-09T06:19:20.983+0000] {processor.py:836} INFO - DAG(s) dict_keys(['example_sla_dag']) retrieved from /home/airflow/.local/lib/python3.7/site-packages/airflow/example_dags/example_sla_dag.py
[2023-06-09T06:19:21.013+0000] {logging_mixin.py:149} INFO - [2023-06-09T06:19:21.013+0000] {dag.py:2726} INFO - Sync 1 DAGs
[2023-06-09T06:19:21.057+0000] {logging_mixin.py:149} INFO - [2023-06-09T06:19:21.057+0000] {dag.py:3490} INFO - Setting next_dagrun for example_sla_dag to 2023-06-09T06:16:00+00:00, run_after=2023-06-09T06:18:00+00:00
[2023-06-09T06:19:21.081+0000] {processor.py:179} INFO - Processing /home/airflow/.local/lib/python3.7/site-packages/airflow/example_dags/example_sla_dag.py took 0.115 seconds
[2023-06-09T06:19:51.376+0000] {processor.py:157} INFO - Started process (PID=2426) to work on /home/airflow/.local/lib/python3.7/site-packages/airflow/example_dags/example_sla_dag.py
[2023-06-09T06:19:51.377+0000] {processor.py:826} INFO - Processing file /home/airflow/.local/lib/python3.7/site-packages/airflow/example_dags/example_sla_dag.py for tasks to queue
[2023-06-09T06:19:51.378+0000] {logging_mixin.py:149} INFO - [2023-06-09T06:19:51.378+0000] {dagbag.py:541} INFO - Filling up the DagBag from /home/airflow/.local/lib/python3.7/site-packages/airflow/example_dags/example_sla_dag.py
[2023-06-09T06:19:51.390+0000] {processor.py:836} INFO - DAG(s) dict_keys(['example_sla_dag']) retrieved from /home/airflow/.local/lib/python3.7/site-packages/airflow/example_dags/example_sla_dag.py
[2023-06-09T06:19:51.420+0000] {logging_mixin.py:149} INFO - [2023-06-09T06:19:51.420+0000] {dag.py:2726} INFO - Sync 1 DAGs
[2023-06-09T06:19:51.465+0000] {logging_mixin.py:149} INFO - [2023-06-09T06:19:51.465+0000] {dag.py:3490} INFO - Setting next_dagrun for example_sla_dag to 2023-06-09T06:16:00+00:00, run_after=2023-06-09T06:18:00+00:00
[2023-06-09T06:19:51.487+0000] {processor.py:179} INFO - Processing /home/airflow/.local/lib/python3.7/site-packages/airflow/example_dags/example_sla_dag.py took 0.115 seconds
[2023-06-09T06:20:21.784+0000] {processor.py:157} INFO - Started process (PID=2480) to work on /home/airflow/.local/lib/python3.7/site-packages/airflow/example_dags/example_sla_dag.py
[2023-06-09T06:20:21.785+0000] {processor.py:826} INFO - Processing file /home/airflow/.local/lib/python3.7/site-packages/airflow/example_dags/example_sla_dag.py for tasks to queue
[2023-06-09T06:20:21.785+0000] {logging_mixin.py:149} INFO - [2023-06-09T06:20:21.785+0000] {dagbag.py:541} INFO - Filling up the DagBag from /home/airflow/.local/lib/python3.7/site-packages/airflow/example_dags/example_sla_dag.py
[2023-06-09T06:20:21.796+0000] {processor.py:836} INFO - DAG(s) dict_keys(['example_sla_dag']) retrieved from /home/airflow/.local/lib/python3.7/site-packages/airflow/example_dags/example_sla_dag.py
[2023-06-09T06:20:21.824+0000] {logging_mixin.py:149} INFO - [2023-06-09T06:20:21.824+0000] {dag.py:2726} INFO - Sync 1 DAGs
[2023-06-09T06:20:21.865+0000] {logging_mixin.py:149} INFO - [2023-06-09T06:20:21.865+0000] {dag.py:3490} INFO - Setting next_dagrun for example_sla_dag to 2023-06-09T06:18:00+00:00, run_after=2023-06-09T06:20:00+00:00
[2023-06-09T06:20:21.887+0000] {processor.py:179} INFO - Processing /home/airflow/.local/lib/python3.7/site-packages/airflow/example_dags/example_sla_dag.py took 0.107 seconds
[2023-06-09T06:20:52.217+0000] {processor.py:157} INFO - Started process (PID=2534) to work on /home/airflow/.local/lib/python3.7/site-packages/airflow/example_dags/example_sla_dag.py
[2023-06-09T06:20:52.218+0000] {processor.py:826} INFO - Processing file /home/airflow/.local/lib/python3.7/site-packages/airflow/example_dags/example_sla_dag.py for tasks to queue
[2023-06-09T06:20:52.219+0000] {logging_mixin.py:149} INFO - [2023-06-09T06:20:52.219+0000] {dagbag.py:541} INFO - Filling up the DagBag from /home/airflow/.local/lib/python3.7/site-packages/airflow/example_dags/example_sla_dag.py
[2023-06-09T06:20:52.230+0000] {processor.py:836} INFO - DAG(s) dict_keys(['example_sla_dag']) retrieved from /home/airflow/.local/lib/python3.7/site-packages/airflow/example_dags/example_sla_dag.py
[2023-06-09T06:20:52.260+0000] {logging_mixin.py:149} INFO - [2023-06-09T06:20:52.260+0000] {dag.py:2726} INFO - Sync 1 DAGs
[2023-06-09T06:20:52.299+0000] {logging_mixin.py:149} INFO - [2023-06-09T06:20:52.299+0000] {dag.py:3490} INFO - Setting next_dagrun for example_sla_dag to 2023-06-09T06:18:00+00:00, run_after=2023-06-09T06:20:00+00:00
[2023-06-09T06:20:52.323+0000] {processor.py:179} INFO - Processing /home/airflow/.local/lib/python3.7/site-packages/airflow/example_dags/example_sla_dag.py took 0.115 seconds
[2023-06-09T06:21:22.714+0000] {processor.py:157} INFO - Started process (PID=2588) to work on /home/airflow/.local/lib/python3.7/site-packages/airflow/example_dags/example_sla_dag.py
[2023-06-09T06:21:22.720+0000] {processor.py:826} INFO - Processing file /home/airflow/.local/lib/python3.7/site-packages/airflow/example_dags/example_sla_dag.py for tasks to queue
[2023-06-09T06:21:22.721+0000] {logging_mixin.py:149} INFO - [2023-06-09T06:21:22.721+0000] {dagbag.py:541} INFO - Filling up the DagBag from /home/airflow/.local/lib/python3.7/site-packages/airflow/example_dags/example_sla_dag.py
[2023-06-09T06:21:22.742+0000] {processor.py:836} INFO - DAG(s) dict_keys(['example_sla_dag']) retrieved from /home/airflow/.local/lib/python3.7/site-packages/airflow/example_dags/example_sla_dag.py
[2023-06-09T06:21:22.801+0000] {logging_mixin.py:149} INFO - [2023-06-09T06:21:22.801+0000] {dag.py:2726} INFO - Sync 1 DAGs
[2023-06-09T06:21:22.877+0000] {logging_mixin.py:149} INFO - [2023-06-09T06:21:22.877+0000] {dag.py:3490} INFO - Setting next_dagrun for example_sla_dag to 2023-06-09T06:18:00+00:00, run_after=2023-06-09T06:20:00+00:00
[2023-06-09T06:21:22.927+0000] {processor.py:179} INFO - Processing /home/airflow/.local/lib/python3.7/site-packages/airflow/example_dags/example_sla_dag.py took 0.217 seconds
[2023-06-09T06:21:53.031+0000] {processor.py:157} INFO - Started process (PID=2642) to work on /home/airflow/.local/lib/python3.7/site-packages/airflow/example_dags/example_sla_dag.py
[2023-06-09T06:21:53.032+0000] {processor.py:826} INFO - Processing file /home/airflow/.local/lib/python3.7/site-packages/airflow/example_dags/example_sla_dag.py for tasks to queue
[2023-06-09T06:21:53.033+0000] {logging_mixin.py:149} INFO - [2023-06-09T06:21:53.033+0000] {dagbag.py:541} INFO - Filling up the DagBag from /home/airflow/.local/lib/python3.7/site-packages/airflow/example_dags/example_sla_dag.py
[2023-06-09T06:21:53.046+0000] {processor.py:836} INFO - DAG(s) dict_keys(['example_sla_dag']) retrieved from /home/airflow/.local/lib/python3.7/site-packages/airflow/example_dags/example_sla_dag.py
[2023-06-09T06:21:53.076+0000] {logging_mixin.py:149} INFO - [2023-06-09T06:21:53.076+0000] {dag.py:2726} INFO - Sync 1 DAGs
[2023-06-09T06:21:53.113+0000] {logging_mixin.py:149} INFO - [2023-06-09T06:21:53.113+0000] {dag.py:3490} INFO - Setting next_dagrun for example_sla_dag to 2023-06-09T06:18:00+00:00, run_after=2023-06-09T06:20:00+00:00
[2023-06-09T06:21:53.139+0000] {processor.py:179} INFO - Processing /home/airflow/.local/lib/python3.7/site-packages/airflow/example_dags/example_sla_dag.py took 0.112 seconds
[2023-06-09T06:22:23.516+0000] {processor.py:157} INFO - Started process (PID=2696) to work on /home/airflow/.local/lib/python3.7/site-packages/airflow/example_dags/example_sla_dag.py
[2023-06-09T06:22:23.518+0000] {processor.py:826} INFO - Processing file /home/airflow/.local/lib/python3.7/site-packages/airflow/example_dags/example_sla_dag.py for tasks to queue
[2023-06-09T06:22:23.518+0000] {logging_mixin.py:149} INFO - [2023-06-09T06:22:23.518+0000] {dagbag.py:541} INFO - Filling up the DagBag from /home/airflow/.local/lib/python3.7/site-packages/airflow/example_dags/example_sla_dag.py
[2023-06-09T06:22:23.529+0000] {processor.py:836} INFO - DAG(s) dict_keys(['example_sla_dag']) retrieved from /home/airflow/.local/lib/python3.7/site-packages/airflow/example_dags/example_sla_dag.py
[2023-06-09T06:22:23.560+0000] {logging_mixin.py:149} INFO - [2023-06-09T06:22:23.559+0000] {dag.py:2726} INFO - Sync 1 DAGs
[2023-06-09T06:22:23.599+0000] {logging_mixin.py:149} INFO - [2023-06-09T06:22:23.598+0000] {dag.py:3490} INFO - Setting next_dagrun for example_sla_dag to 2023-06-09T06:20:00+00:00, run_after=2023-06-09T06:22:00+00:00
[2023-06-09T06:22:23.622+0000] {processor.py:179} INFO - Processing /home/airflow/.local/lib/python3.7/site-packages/airflow/example_dags/example_sla_dag.py took 0.110 seconds
[2023-06-09T06:22:54.184+0000] {processor.py:157} INFO - Started process (PID=2750) to work on /home/airflow/.local/lib/python3.7/site-packages/airflow/example_dags/example_sla_dag.py
[2023-06-09T06:22:54.185+0000] {processor.py:826} INFO - Processing file /home/airflow/.local/lib/python3.7/site-packages/airflow/example_dags/example_sla_dag.py for tasks to queue
[2023-06-09T06:22:54.186+0000] {logging_mixin.py:149} INFO - [2023-06-09T06:22:54.186+0000] {dagbag.py:541} INFO - Filling up the DagBag from /home/airflow/.local/lib/python3.7/site-packages/airflow/example_dags/example_sla_dag.py
[2023-06-09T06:22:54.196+0000] {processor.py:836} INFO - DAG(s) dict_keys(['example_sla_dag']) retrieved from /home/airflow/.local/lib/python3.7/site-packages/airflow/example_dags/example_sla_dag.py
[2023-06-09T06:22:54.226+0000] {logging_mixin.py:149} INFO - [2023-06-09T06:22:54.226+0000] {dag.py:2726} INFO - Sync 1 DAGs
[2023-06-09T06:22:54.263+0000] {logging_mixin.py:149} INFO - [2023-06-09T06:22:54.263+0000] {dag.py:3490} INFO - Setting next_dagrun for example_sla_dag to 2023-06-09T06:20:00+00:00, run_after=2023-06-09T06:22:00+00:00
[2023-06-09T06:22:54.285+0000] {processor.py:179} INFO - Processing /home/airflow/.local/lib/python3.7/site-packages/airflow/example_dags/example_sla_dag.py took 0.105 seconds
[2023-06-09T06:23:25.152+0000] {processor.py:157} INFO - Started process (PID=2801) to work on /home/airflow/.local/lib/python3.7/site-packages/airflow/example_dags/example_sla_dag.py
[2023-06-09T06:23:25.154+0000] {processor.py:826} INFO - Processing file /home/airflow/.local/lib/python3.7/site-packages/airflow/example_dags/example_sla_dag.py for tasks to queue
[2023-06-09T06:23:25.155+0000] {logging_mixin.py:149} INFO - [2023-06-09T06:23:25.154+0000] {dagbag.py:541} INFO - Filling up the DagBag from /home/airflow/.local/lib/python3.7/site-packages/airflow/example_dags/example_sla_dag.py
[2023-06-09T06:23:25.168+0000] {processor.py:836} INFO - DAG(s) dict_keys(['example_sla_dag']) retrieved from /home/airflow/.local/lib/python3.7/site-packages/airflow/example_dags/example_sla_dag.py
[2023-06-09T06:23:25.197+0000] {logging_mixin.py:149} INFO - [2023-06-09T06:23:25.197+0000] {dag.py:2726} INFO - Sync 1 DAGs
[2023-06-09T06:23:25.235+0000] {logging_mixin.py:149} INFO - [2023-06-09T06:23:25.235+0000] {dag.py:3490} INFO - Setting next_dagrun for example_sla_dag to 2023-06-09T06:20:00+00:00, run_after=2023-06-09T06:22:00+00:00
[2023-06-09T06:23:25.259+0000] {processor.py:179} INFO - Processing /home/airflow/.local/lib/python3.7/site-packages/airflow/example_dags/example_sla_dag.py took 0.111 seconds
[2023-06-09T06:23:55.302+0000] {processor.py:157} INFO - Started process (PID=2854) to work on /home/airflow/.local/lib/python3.7/site-packages/airflow/example_dags/example_sla_dag.py
[2023-06-09T06:23:55.311+0000] {processor.py:826} INFO - Processing file /home/airflow/.local/lib/python3.7/site-packages/airflow/example_dags/example_sla_dag.py for tasks to queue
[2023-06-09T06:23:55.312+0000] {logging_mixin.py:149} INFO - [2023-06-09T06:23:55.312+0000] {dagbag.py:541} INFO - Filling up the DagBag from /home/airflow/.local/lib/python3.7/site-packages/airflow/example_dags/example_sla_dag.py
[2023-06-09T06:23:55.329+0000] {processor.py:836} INFO - DAG(s) dict_keys(['example_sla_dag']) retrieved from /home/airflow/.local/lib/python3.7/site-packages/airflow/example_dags/example_sla_dag.py
[2023-06-09T06:23:55.390+0000] {logging_mixin.py:149} INFO - [2023-06-09T06:23:55.389+0000] {dag.py:2726} INFO - Sync 1 DAGs
[2023-06-09T06:23:55.429+0000] {logging_mixin.py:149} INFO - [2023-06-09T06:23:55.429+0000] {dag.py:3490} INFO - Setting next_dagrun for example_sla_dag to 2023-06-09T06:20:00+00:00, run_after=2023-06-09T06:22:00+00:00
[2023-06-09T06:23:55.464+0000] {processor.py:179} INFO - Processing /home/airflow/.local/lib/python3.7/site-packages/airflow/example_dags/example_sla_dag.py took 0.166 seconds
[2023-06-09T06:24:25.523+0000] {processor.py:157} INFO - Started process (PID=2908) to work on /home/airflow/.local/lib/python3.7/site-packages/airflow/example_dags/example_sla_dag.py
[2023-06-09T06:24:25.524+0000] {processor.py:826} INFO - Processing file /home/airflow/.local/lib/python3.7/site-packages/airflow/example_dags/example_sla_dag.py for tasks to queue
[2023-06-09T06:24:25.525+0000] {logging_mixin.py:149} INFO - [2023-06-09T06:24:25.524+0000] {dagbag.py:541} INFO - Filling up the DagBag from /home/airflow/.local/lib/python3.7/site-packages/airflow/example_dags/example_sla_dag.py
[2023-06-09T06:24:25.536+0000] {processor.py:836} INFO - DAG(s) dict_keys(['example_sla_dag']) retrieved from /home/airflow/.local/lib/python3.7/site-packages/airflow/example_dags/example_sla_dag.py
[2023-06-09T06:24:25.565+0000] {logging_mixin.py:149} INFO - [2023-06-09T06:24:25.565+0000] {dag.py:2726} INFO - Sync 1 DAGs
[2023-06-09T06:24:25.633+0000] {logging_mixin.py:149} INFO - [2023-06-09T06:24:25.633+0000] {dag.py:3490} INFO - Setting next_dagrun for example_sla_dag to 2023-06-09T06:22:00+00:00, run_after=2023-06-09T06:24:00+00:00
[2023-06-09T06:24:25.669+0000] {processor.py:179} INFO - Processing /home/airflow/.local/lib/python3.7/site-packages/airflow/example_dags/example_sla_dag.py took 0.150 seconds
[2023-06-09T06:24:56.439+0000] {processor.py:157} INFO - Started process (PID=2962) to work on /home/airflow/.local/lib/python3.7/site-packages/airflow/example_dags/example_sla_dag.py
[2023-06-09T06:24:56.440+0000] {processor.py:826} INFO - Processing file /home/airflow/.local/lib/python3.7/site-packages/airflow/example_dags/example_sla_dag.py for tasks to queue
[2023-06-09T06:24:56.441+0000] {logging_mixin.py:149} INFO - [2023-06-09T06:24:56.441+0000] {dagbag.py:541} INFO - Filling up the DagBag from /home/airflow/.local/lib/python3.7/site-packages/airflow/example_dags/example_sla_dag.py
[2023-06-09T06:24:56.452+0000] {processor.py:836} INFO - DAG(s) dict_keys(['example_sla_dag']) retrieved from /home/airflow/.local/lib/python3.7/site-packages/airflow/example_dags/example_sla_dag.py
[2023-06-09T06:24:56.481+0000] {logging_mixin.py:149} INFO - [2023-06-09T06:24:56.481+0000] {dag.py:2726} INFO - Sync 1 DAGs
[2023-06-09T06:24:56.518+0000] {logging_mixin.py:149} INFO - [2023-06-09T06:24:56.518+0000] {dag.py:3490} INFO - Setting next_dagrun for example_sla_dag to 2023-06-09T06:22:00+00:00, run_after=2023-06-09T06:24:00+00:00
[2023-06-09T06:24:56.540+0000] {processor.py:179} INFO - Processing /home/airflow/.local/lib/python3.7/site-packages/airflow/example_dags/example_sla_dag.py took 0.105 seconds
[2023-06-09T06:25:27.411+0000] {processor.py:157} INFO - Started process (PID=3016) to work on /home/airflow/.local/lib/python3.7/site-packages/airflow/example_dags/example_sla_dag.py
[2023-06-09T06:25:27.415+0000] {processor.py:826} INFO - Processing file /home/airflow/.local/lib/python3.7/site-packages/airflow/example_dags/example_sla_dag.py for tasks to queue
[2023-06-09T06:25:27.415+0000] {logging_mixin.py:149} INFO - [2023-06-09T06:25:27.415+0000] {dagbag.py:541} INFO - Filling up the DagBag from /home/airflow/.local/lib/python3.7/site-packages/airflow/example_dags/example_sla_dag.py
[2023-06-09T06:25:27.429+0000] {processor.py:836} INFO - DAG(s) dict_keys(['example_sla_dag']) retrieved from /home/airflow/.local/lib/python3.7/site-packages/airflow/example_dags/example_sla_dag.py
[2023-06-09T06:25:27.458+0000] {logging_mixin.py:149} INFO - [2023-06-09T06:25:27.458+0000] {dag.py:2726} INFO - Sync 1 DAGs
[2023-06-09T06:25:27.496+0000] {logging_mixin.py:149} INFO - [2023-06-09T06:25:27.495+0000] {dag.py:3490} INFO - Setting next_dagrun for example_sla_dag to 2023-06-09T06:22:00+00:00, run_after=2023-06-09T06:24:00+00:00
[2023-06-09T06:25:27.523+0000] {processor.py:179} INFO - Processing /home/airflow/.local/lib/python3.7/site-packages/airflow/example_dags/example_sla_dag.py took 0.116 seconds
[2023-06-09T06:25:57.647+0000] {processor.py:157} INFO - Started process (PID=3071) to work on /home/airflow/.local/lib/python3.7/site-packages/airflow/example_dags/example_sla_dag.py
[2023-06-09T06:25:57.648+0000] {processor.py:826} INFO - Processing file /home/airflow/.local/lib/python3.7/site-packages/airflow/example_dags/example_sla_dag.py for tasks to queue
[2023-06-09T06:25:57.649+0000] {logging_mixin.py:149} INFO - [2023-06-09T06:25:57.649+0000] {dagbag.py:541} INFO - Filling up the DagBag from /home/airflow/.local/lib/python3.7/site-packages/airflow/example_dags/example_sla_dag.py
[2023-06-09T06:25:57.659+0000] {processor.py:836} INFO - DAG(s) dict_keys(['example_sla_dag']) retrieved from /home/airflow/.local/lib/python3.7/site-packages/airflow/example_dags/example_sla_dag.py
[2023-06-09T06:25:57.688+0000] {logging_mixin.py:149} INFO - [2023-06-09T06:25:57.688+0000] {dag.py:2726} INFO - Sync 1 DAGs
[2023-06-09T06:25:57.726+0000] {logging_mixin.py:149} INFO - [2023-06-09T06:25:57.726+0000] {dag.py:3490} INFO - Setting next_dagrun for example_sla_dag to 2023-06-09T06:22:00+00:00, run_after=2023-06-09T06:24:00+00:00
[2023-06-09T06:25:57.749+0000] {processor.py:179} INFO - Processing /home/airflow/.local/lib/python3.7/site-packages/airflow/example_dags/example_sla_dag.py took 0.110 seconds
[2023-06-09T06:26:28.129+0000] {processor.py:157} INFO - Started process (PID=3124) to work on /home/airflow/.local/lib/python3.7/site-packages/airflow/example_dags/example_sla_dag.py
[2023-06-09T06:26:28.136+0000] {processor.py:826} INFO - Processing file /home/airflow/.local/lib/python3.7/site-packages/airflow/example_dags/example_sla_dag.py for tasks to queue
[2023-06-09T06:26:28.140+0000] {logging_mixin.py:149} INFO - [2023-06-09T06:26:28.140+0000] {dagbag.py:541} INFO - Filling up the DagBag from /home/airflow/.local/lib/python3.7/site-packages/airflow/example_dags/example_sla_dag.py
[2023-06-09T06:26:28.159+0000] {processor.py:836} INFO - DAG(s) dict_keys(['example_sla_dag']) retrieved from /home/airflow/.local/lib/python3.7/site-packages/airflow/example_dags/example_sla_dag.py
[2023-06-09T06:26:28.199+0000] {logging_mixin.py:149} INFO - [2023-06-09T06:26:28.199+0000] {dag.py:2726} INFO - Sync 1 DAGs
[2023-06-09T06:26:28.240+0000] {logging_mixin.py:149} INFO - [2023-06-09T06:26:28.240+0000] {dag.py:3490} INFO - Setting next_dagrun for example_sla_dag to 2023-06-09T06:24:00+00:00, run_after=2023-06-09T06:26:00+00:00
[2023-06-09T06:26:28.264+0000] {processor.py:179} INFO - Processing /home/airflow/.local/lib/python3.7/site-packages/airflow/example_dags/example_sla_dag.py took 0.143 seconds
[2023-06-09T06:26:58.417+0000] {processor.py:157} INFO - Started process (PID=3178) to work on /home/airflow/.local/lib/python3.7/site-packages/airflow/example_dags/example_sla_dag.py
[2023-06-09T06:26:58.418+0000] {processor.py:826} INFO - Processing file /home/airflow/.local/lib/python3.7/site-packages/airflow/example_dags/example_sla_dag.py for tasks to queue
[2023-06-09T06:26:58.419+0000] {logging_mixin.py:149} INFO - [2023-06-09T06:26:58.419+0000] {dagbag.py:541} INFO - Filling up the DagBag from /home/airflow/.local/lib/python3.7/site-packages/airflow/example_dags/example_sla_dag.py
[2023-06-09T06:26:58.430+0000] {processor.py:836} INFO - DAG(s) dict_keys(['example_sla_dag']) retrieved from /home/airflow/.local/lib/python3.7/site-packages/airflow/example_dags/example_sla_dag.py
[2023-06-09T06:26:58.459+0000] {logging_mixin.py:149} INFO - [2023-06-09T06:26:58.459+0000] {dag.py:2726} INFO - Sync 1 DAGs
[2023-06-09T06:26:58.497+0000] {logging_mixin.py:149} INFO - [2023-06-09T06:26:58.497+0000] {dag.py:3490} INFO - Setting next_dagrun for example_sla_dag to 2023-06-09T06:24:00+00:00, run_after=2023-06-09T06:26:00+00:00
[2023-06-09T06:26:58.519+0000] {processor.py:179} INFO - Processing /home/airflow/.local/lib/python3.7/site-packages/airflow/example_dags/example_sla_dag.py took 0.106 seconds
[2023-06-09T06:27:28.922+0000] {processor.py:157} INFO - Started process (PID=3232) to work on /home/airflow/.local/lib/python3.7/site-packages/airflow/example_dags/example_sla_dag.py
[2023-06-09T06:27:28.928+0000] {processor.py:826} INFO - Processing file /home/airflow/.local/lib/python3.7/site-packages/airflow/example_dags/example_sla_dag.py for tasks to queue
[2023-06-09T06:27:28.929+0000] {logging_mixin.py:149} INFO - [2023-06-09T06:27:28.928+0000] {dagbag.py:541} INFO - Filling up the DagBag from /home/airflow/.local/lib/python3.7/site-packages/airflow/example_dags/example_sla_dag.py
[2023-06-09T06:27:28.953+0000] {processor.py:836} INFO - DAG(s) dict_keys(['example_sla_dag']) retrieved from /home/airflow/.local/lib/python3.7/site-packages/airflow/example_dags/example_sla_dag.py
[2023-06-09T06:27:29.056+0000] {logging_mixin.py:149} INFO - [2023-06-09T06:27:29.055+0000] {dag.py:2726} INFO - Sync 1 DAGs
[2023-06-09T06:27:29.159+0000] {logging_mixin.py:149} INFO - [2023-06-09T06:27:29.159+0000] {dag.py:3490} INFO - Setting next_dagrun for example_sla_dag to 2023-06-09T06:24:00+00:00, run_after=2023-06-09T06:26:00+00:00
[2023-06-09T06:27:29.229+0000] {processor.py:179} INFO - Processing /home/airflow/.local/lib/python3.7/site-packages/airflow/example_dags/example_sla_dag.py took 0.318 seconds
[2023-06-09T06:28:00.041+0000] {processor.py:157} INFO - Started process (PID=3285) to work on /home/airflow/.local/lib/python3.7/site-packages/airflow/example_dags/example_sla_dag.py
[2023-06-09T06:28:00.042+0000] {processor.py:826} INFO - Processing file /home/airflow/.local/lib/python3.7/site-packages/airflow/example_dags/example_sla_dag.py for tasks to queue
[2023-06-09T06:28:00.043+0000] {logging_mixin.py:149} INFO - [2023-06-09T06:28:00.043+0000] {dagbag.py:541} INFO - Filling up the DagBag from /home/airflow/.local/lib/python3.7/site-packages/airflow/example_dags/example_sla_dag.py
[2023-06-09T06:28:00.061+0000] {processor.py:836} INFO - DAG(s) dict_keys(['example_sla_dag']) retrieved from /home/airflow/.local/lib/python3.7/site-packages/airflow/example_dags/example_sla_dag.py
[2023-06-09T06:28:00.134+0000] {logging_mixin.py:149} INFO - [2023-06-09T06:28:00.134+0000] {dag.py:2726} INFO - Sync 1 DAGs
[2023-06-09T06:28:00.237+0000] {logging_mixin.py:149} INFO - [2023-06-09T06:28:00.234+0000] {dag.py:3490} INFO - Setting next_dagrun for example_sla_dag to 2023-06-09T06:26:00+00:00, run_after=2023-06-09T06:28:00+00:00
[2023-06-09T06:28:00.319+0000] {processor.py:179} INFO - Processing /home/airflow/.local/lib/python3.7/site-packages/airflow/example_dags/example_sla_dag.py took 0.292 seconds
[2023-06-09T06:28:30.612+0000] {processor.py:157} INFO - Started process (PID=3339) to work on /home/airflow/.local/lib/python3.7/site-packages/airflow/example_dags/example_sla_dag.py
[2023-06-09T06:28:30.613+0000] {processor.py:826} INFO - Processing file /home/airflow/.local/lib/python3.7/site-packages/airflow/example_dags/example_sla_dag.py for tasks to queue
[2023-06-09T06:28:30.614+0000] {logging_mixin.py:149} INFO - [2023-06-09T06:28:30.614+0000] {dagbag.py:541} INFO - Filling up the DagBag from /home/airflow/.local/lib/python3.7/site-packages/airflow/example_dags/example_sla_dag.py
[2023-06-09T06:28:30.624+0000] {processor.py:836} INFO - DAG(s) dict_keys(['example_sla_dag']) retrieved from /home/airflow/.local/lib/python3.7/site-packages/airflow/example_dags/example_sla_dag.py
[2023-06-09T06:28:30.653+0000] {logging_mixin.py:149} INFO - [2023-06-09T06:28:30.653+0000] {dag.py:2726} INFO - Sync 1 DAGs
[2023-06-09T06:28:30.690+0000] {logging_mixin.py:149} INFO - [2023-06-09T06:28:30.690+0000] {dag.py:3490} INFO - Setting next_dagrun for example_sla_dag to 2023-06-09T06:26:00+00:00, run_after=2023-06-09T06:28:00+00:00
[2023-06-09T06:28:30.713+0000] {processor.py:179} INFO - Processing /home/airflow/.local/lib/python3.7/site-packages/airflow/example_dags/example_sla_dag.py took 0.106 seconds
[2023-06-09T06:29:00.975+0000] {processor.py:157} INFO - Started process (PID=3393) to work on /home/airflow/.local/lib/python3.7/site-packages/airflow/example_dags/example_sla_dag.py
[2023-06-09T06:29:00.975+0000] {processor.py:826} INFO - Processing file /home/airflow/.local/lib/python3.7/site-packages/airflow/example_dags/example_sla_dag.py for tasks to queue
[2023-06-09T06:29:00.980+0000] {logging_mixin.py:149} INFO - [2023-06-09T06:29:00.980+0000] {dagbag.py:541} INFO - Filling up the DagBag from /home/airflow/.local/lib/python3.7/site-packages/airflow/example_dags/example_sla_dag.py
[2023-06-09T06:29:00.990+0000] {processor.py:836} INFO - DAG(s) dict_keys(['example_sla_dag']) retrieved from /home/airflow/.local/lib/python3.7/site-packages/airflow/example_dags/example_sla_dag.py
[2023-06-09T06:29:01.019+0000] {logging_mixin.py:149} INFO - [2023-06-09T06:29:01.019+0000] {dag.py:2726} INFO - Sync 1 DAGs
[2023-06-09T06:29:01.056+0000] {logging_mixin.py:149} INFO - [2023-06-09T06:29:01.056+0000] {dag.py:3490} INFO - Setting next_dagrun for example_sla_dag to 2023-06-09T06:26:00+00:00, run_after=2023-06-09T06:28:00+00:00
[2023-06-09T06:29:01.079+0000] {processor.py:179} INFO - Processing /home/airflow/.local/lib/python3.7/site-packages/airflow/example_dags/example_sla_dag.py took 0.107 seconds
[2023-06-09T06:29:31.345+0000] {processor.py:157} INFO - Started process (PID=3447) to work on /home/airflow/.local/lib/python3.7/site-packages/airflow/example_dags/example_sla_dag.py
[2023-06-09T06:29:31.346+0000] {processor.py:826} INFO - Processing file /home/airflow/.local/lib/python3.7/site-packages/airflow/example_dags/example_sla_dag.py for tasks to queue
[2023-06-09T06:29:31.347+0000] {logging_mixin.py:149} INFO - [2023-06-09T06:29:31.347+0000] {dagbag.py:541} INFO - Filling up the DagBag from /home/airflow/.local/lib/python3.7/site-packages/airflow/example_dags/example_sla_dag.py
[2023-06-09T06:29:31.363+0000] {processor.py:836} INFO - DAG(s) dict_keys(['example_sla_dag']) retrieved from /home/airflow/.local/lib/python3.7/site-packages/airflow/example_dags/example_sla_dag.py
[2023-06-09T06:29:31.406+0000] {logging_mixin.py:149} INFO - [2023-06-09T06:29:31.406+0000] {dag.py:2726} INFO - Sync 1 DAGs
[2023-06-09T06:29:31.445+0000] {logging_mixin.py:149} INFO - [2023-06-09T06:29:31.445+0000] {dag.py:3490} INFO - Setting next_dagrun for example_sla_dag to 2023-06-09T06:26:00+00:00, run_after=2023-06-09T06:28:00+00:00
[2023-06-09T06:29:31.468+0000] {processor.py:179} INFO - Processing /home/airflow/.local/lib/python3.7/site-packages/airflow/example_dags/example_sla_dag.py took 0.126 seconds
[2023-06-09T06:30:01.620+0000] {processor.py:157} INFO - Started process (PID=3500) to work on /home/airflow/.local/lib/python3.7/site-packages/airflow/example_dags/example_sla_dag.py
[2023-06-09T06:30:01.621+0000] {processor.py:826} INFO - Processing file /home/airflow/.local/lib/python3.7/site-packages/airflow/example_dags/example_sla_dag.py for tasks to queue
[2023-06-09T06:30:01.622+0000] {logging_mixin.py:149} INFO - [2023-06-09T06:30:01.622+0000] {dagbag.py:541} INFO - Filling up the DagBag from /home/airflow/.local/lib/python3.7/site-packages/airflow/example_dags/example_sla_dag.py
[2023-06-09T06:30:01.639+0000] {processor.py:836} INFO - DAG(s) dict_keys(['example_sla_dag']) retrieved from /home/airflow/.local/lib/python3.7/site-packages/airflow/example_dags/example_sla_dag.py
[2023-06-09T06:30:01.668+0000] {logging_mixin.py:149} INFO - [2023-06-09T06:30:01.668+0000] {dag.py:2726} INFO - Sync 1 DAGs
[2023-06-09T06:30:01.706+0000] {logging_mixin.py:149} INFO - [2023-06-09T06:30:01.705+0000] {dag.py:3490} INFO - Setting next_dagrun for example_sla_dag to 2023-06-09T06:28:00+00:00, run_after=2023-06-09T06:30:00+00:00
[2023-06-09T06:30:01.728+0000] {processor.py:179} INFO - Processing /home/airflow/.local/lib/python3.7/site-packages/airflow/example_dags/example_sla_dag.py took 0.112 seconds
[2023-06-09T06:30:32.063+0000] {processor.py:157} INFO - Started process (PID=3554) to work on /home/airflow/.local/lib/python3.7/site-packages/airflow/example_dags/example_sla_dag.py
[2023-06-09T06:30:32.065+0000] {processor.py:826} INFO - Processing file /home/airflow/.local/lib/python3.7/site-packages/airflow/example_dags/example_sla_dag.py for tasks to queue
[2023-06-09T06:30:32.066+0000] {logging_mixin.py:149} INFO - [2023-06-09T06:30:32.066+0000] {dagbag.py:541} INFO - Filling up the DagBag from /home/airflow/.local/lib/python3.7/site-packages/airflow/example_dags/example_sla_dag.py
[2023-06-09T06:30:32.077+0000] {processor.py:836} INFO - DAG(s) dict_keys(['example_sla_dag']) retrieved from /home/airflow/.local/lib/python3.7/site-packages/airflow/example_dags/example_sla_dag.py
[2023-06-09T06:30:32.165+0000] {logging_mixin.py:149} INFO - [2023-06-09T06:30:32.165+0000] {dag.py:2726} INFO - Sync 1 DAGs
[2023-06-09T06:30:32.235+0000] {logging_mixin.py:149} INFO - [2023-06-09T06:30:32.235+0000] {dag.py:3490} INFO - Setting next_dagrun for example_sla_dag to 2023-06-09T06:28:00+00:00, run_after=2023-06-09T06:30:00+00:00
[2023-06-09T06:30:32.270+0000] {processor.py:179} INFO - Processing /home/airflow/.local/lib/python3.7/site-packages/airflow/example_dags/example_sla_dag.py took 0.212 seconds
