[2023-06-09T05:57:35.137+0000] {processor.py:157} INFO - Started process (PID=73) to work on /home/airflow/.local/lib/python3.7/site-packages/airflow/example_dags/example_branch_labels.py
[2023-06-09T05:57:35.152+0000] {processor.py:826} INFO - Processing file /home/airflow/.local/lib/python3.7/site-packages/airflow/example_dags/example_branch_labels.py for tasks to queue
[2023-06-09T05:57:35.153+0000] {logging_mixin.py:149} INFO - [2023-06-09T05:57:35.153+0000] {dagbag.py:541} INFO - Filling up the DagBag from /home/airflow/.local/lib/python3.7/site-packages/airflow/example_dags/example_branch_labels.py
[2023-06-09T05:57:35.192+0000] {processor.py:836} INFO - DAG(s) dict_keys(['example_branch_labels']) retrieved from /home/airflow/.local/lib/python3.7/site-packages/airflow/example_dags/example_branch_labels.py
[2023-06-09T05:57:35.296+0000] {logging_mixin.py:149} INFO - [2023-06-09T05:57:35.296+0000] {dag.py:2726} INFO - Sync 1 DAGs
[2023-06-09T05:57:35.433+0000] {logging_mixin.py:149} INFO - [2023-06-09T05:57:35.433+0000] {dag.py:3490} INFO - Setting next_dagrun for example_branch_labels to 2023-06-08T00:00:00+00:00, run_after=2023-06-09T00:00:00+00:00
[2023-06-09T05:57:35.505+0000] {processor.py:179} INFO - Processing /home/airflow/.local/lib/python3.7/site-packages/airflow/example_dags/example_branch_labels.py took 0.372 seconds
[2023-06-09T05:58:05.914+0000] {processor.py:157} INFO - Started process (PID=127) to work on /home/airflow/.local/lib/python3.7/site-packages/airflow/example_dags/example_branch_labels.py
[2023-06-09T05:58:05.915+0000] {processor.py:826} INFO - Processing file /home/airflow/.local/lib/python3.7/site-packages/airflow/example_dags/example_branch_labels.py for tasks to queue
[2023-06-09T05:58:05.916+0000] {logging_mixin.py:149} INFO - [2023-06-09T05:58:05.916+0000] {dagbag.py:541} INFO - Filling up the DagBag from /home/airflow/.local/lib/python3.7/site-packages/airflow/example_dags/example_branch_labels.py
[2023-06-09T05:58:05.926+0000] {processor.py:836} INFO - DAG(s) dict_keys(['example_branch_labels']) retrieved from /home/airflow/.local/lib/python3.7/site-packages/airflow/example_dags/example_branch_labels.py
[2023-06-09T05:58:05.958+0000] {logging_mixin.py:149} INFO - [2023-06-09T05:58:05.958+0000] {dag.py:2726} INFO - Sync 1 DAGs
[2023-06-09T05:58:05.994+0000] {logging_mixin.py:149} INFO - [2023-06-09T05:58:05.994+0000] {dag.py:3490} INFO - Setting next_dagrun for example_branch_labels to 2023-06-08T00:00:00+00:00, run_after=2023-06-09T00:00:00+00:00
[2023-06-09T05:58:06.037+0000] {processor.py:179} INFO - Processing /home/airflow/.local/lib/python3.7/site-packages/airflow/example_dags/example_branch_labels.py took 0.128 seconds
[2023-06-09T05:58:36.109+0000] {processor.py:157} INFO - Started process (PID=180) to work on /home/airflow/.local/lib/python3.7/site-packages/airflow/example_dags/example_branch_labels.py
[2023-06-09T05:58:36.110+0000] {processor.py:826} INFO - Processing file /home/airflow/.local/lib/python3.7/site-packages/airflow/example_dags/example_branch_labels.py for tasks to queue
[2023-06-09T05:58:36.111+0000] {logging_mixin.py:149} INFO - [2023-06-09T05:58:36.111+0000] {dagbag.py:541} INFO - Filling up the DagBag from /home/airflow/.local/lib/python3.7/site-packages/airflow/example_dags/example_branch_labels.py
[2023-06-09T05:58:36.124+0000] {processor.py:836} INFO - DAG(s) dict_keys(['example_branch_labels']) retrieved from /home/airflow/.local/lib/python3.7/site-packages/airflow/example_dags/example_branch_labels.py
[2023-06-09T05:58:36.157+0000] {logging_mixin.py:149} INFO - [2023-06-09T05:58:36.157+0000] {dag.py:2726} INFO - Sync 1 DAGs
[2023-06-09T05:58:36.194+0000] {logging_mixin.py:149} INFO - [2023-06-09T05:58:36.194+0000] {dag.py:3490} INFO - Setting next_dagrun for example_branch_labels to 2023-06-08T00:00:00+00:00, run_after=2023-06-09T00:00:00+00:00
[2023-06-09T05:58:36.219+0000] {processor.py:179} INFO - Processing /home/airflow/.local/lib/python3.7/site-packages/airflow/example_dags/example_branch_labels.py took 0.113 seconds
[2023-06-09T05:59:07.105+0000] {processor.py:157} INFO - Started process (PID=235) to work on /home/airflow/.local/lib/python3.7/site-packages/airflow/example_dags/example_branch_labels.py
[2023-06-09T05:59:07.107+0000] {processor.py:826} INFO - Processing file /home/airflow/.local/lib/python3.7/site-packages/airflow/example_dags/example_branch_labels.py for tasks to queue
[2023-06-09T05:59:07.108+0000] {logging_mixin.py:149} INFO - [2023-06-09T05:59:07.107+0000] {dagbag.py:541} INFO - Filling up the DagBag from /home/airflow/.local/lib/python3.7/site-packages/airflow/example_dags/example_branch_labels.py
[2023-06-09T05:59:07.118+0000] {processor.py:836} INFO - DAG(s) dict_keys(['example_branch_labels']) retrieved from /home/airflow/.local/lib/python3.7/site-packages/airflow/example_dags/example_branch_labels.py
[2023-06-09T05:59:07.161+0000] {logging_mixin.py:149} INFO - [2023-06-09T05:59:07.161+0000] {dag.py:2726} INFO - Sync 1 DAGs
[2023-06-09T05:59:07.197+0000] {logging_mixin.py:149} INFO - [2023-06-09T05:59:07.197+0000] {dag.py:3490} INFO - Setting next_dagrun for example_branch_labels to 2023-06-08T00:00:00+00:00, run_after=2023-06-09T00:00:00+00:00
[2023-06-09T05:59:07.222+0000] {processor.py:179} INFO - Processing /home/airflow/.local/lib/python3.7/site-packages/airflow/example_dags/example_branch_labels.py took 0.120 seconds
[2023-06-09T05:59:37.422+0000] {processor.py:157} INFO - Started process (PID=289) to work on /home/airflow/.local/lib/python3.7/site-packages/airflow/example_dags/example_branch_labels.py
[2023-06-09T05:59:37.423+0000] {processor.py:826} INFO - Processing file /home/airflow/.local/lib/python3.7/site-packages/airflow/example_dags/example_branch_labels.py for tasks to queue
[2023-06-09T05:59:37.424+0000] {logging_mixin.py:149} INFO - [2023-06-09T05:59:37.424+0000] {dagbag.py:541} INFO - Filling up the DagBag from /home/airflow/.local/lib/python3.7/site-packages/airflow/example_dags/example_branch_labels.py
[2023-06-09T05:59:37.434+0000] {processor.py:836} INFO - DAG(s) dict_keys(['example_branch_labels']) retrieved from /home/airflow/.local/lib/python3.7/site-packages/airflow/example_dags/example_branch_labels.py
[2023-06-09T05:59:37.466+0000] {logging_mixin.py:149} INFO - [2023-06-09T05:59:37.465+0000] {dag.py:2726} INFO - Sync 1 DAGs
[2023-06-09T05:59:37.514+0000] {logging_mixin.py:149} INFO - [2023-06-09T05:59:37.514+0000] {dag.py:3490} INFO - Setting next_dagrun for example_branch_labels to 2023-06-08T00:00:00+00:00, run_after=2023-06-09T00:00:00+00:00
[2023-06-09T05:59:37.536+0000] {processor.py:179} INFO - Processing /home/airflow/.local/lib/python3.7/site-packages/airflow/example_dags/example_branch_labels.py took 0.118 seconds
[2023-06-09T06:00:07.923+0000] {processor.py:157} INFO - Started process (PID=343) to work on /home/airflow/.local/lib/python3.7/site-packages/airflow/example_dags/example_branch_labels.py
[2023-06-09T06:00:07.924+0000] {processor.py:826} INFO - Processing file /home/airflow/.local/lib/python3.7/site-packages/airflow/example_dags/example_branch_labels.py for tasks to queue
[2023-06-09T06:00:07.925+0000] {logging_mixin.py:149} INFO - [2023-06-09T06:00:07.925+0000] {dagbag.py:541} INFO - Filling up the DagBag from /home/airflow/.local/lib/python3.7/site-packages/airflow/example_dags/example_branch_labels.py
[2023-06-09T06:00:07.934+0000] {processor.py:836} INFO - DAG(s) dict_keys(['example_branch_labels']) retrieved from /home/airflow/.local/lib/python3.7/site-packages/airflow/example_dags/example_branch_labels.py
[2023-06-09T06:00:07.966+0000] {logging_mixin.py:149} INFO - [2023-06-09T06:00:07.966+0000] {dag.py:2726} INFO - Sync 1 DAGs
[2023-06-09T06:00:08.002+0000] {logging_mixin.py:149} INFO - [2023-06-09T06:00:08.002+0000] {dag.py:3490} INFO - Setting next_dagrun for example_branch_labels to 2023-06-08T00:00:00+00:00, run_after=2023-06-09T00:00:00+00:00
[2023-06-09T06:00:08.044+0000] {processor.py:179} INFO - Processing /home/airflow/.local/lib/python3.7/site-packages/airflow/example_dags/example_branch_labels.py took 0.125 seconds
[2023-06-09T06:00:38.664+0000] {processor.py:157} INFO - Started process (PID=397) to work on /home/airflow/.local/lib/python3.7/site-packages/airflow/example_dags/example_branch_labels.py
[2023-06-09T06:00:38.665+0000] {processor.py:826} INFO - Processing file /home/airflow/.local/lib/python3.7/site-packages/airflow/example_dags/example_branch_labels.py for tasks to queue
[2023-06-09T06:00:38.666+0000] {logging_mixin.py:149} INFO - [2023-06-09T06:00:38.665+0000] {dagbag.py:541} INFO - Filling up the DagBag from /home/airflow/.local/lib/python3.7/site-packages/airflow/example_dags/example_branch_labels.py
[2023-06-09T06:00:38.675+0000] {processor.py:836} INFO - DAG(s) dict_keys(['example_branch_labels']) retrieved from /home/airflow/.local/lib/python3.7/site-packages/airflow/example_dags/example_branch_labels.py
[2023-06-09T06:00:38.708+0000] {logging_mixin.py:149} INFO - [2023-06-09T06:00:38.708+0000] {dag.py:2726} INFO - Sync 1 DAGs
[2023-06-09T06:00:38.743+0000] {logging_mixin.py:149} INFO - [2023-06-09T06:00:38.743+0000] {dag.py:3490} INFO - Setting next_dagrun for example_branch_labels to 2023-06-08T00:00:00+00:00, run_after=2023-06-09T00:00:00+00:00
[2023-06-09T06:00:38.772+0000] {processor.py:179} INFO - Processing /home/airflow/.local/lib/python3.7/site-packages/airflow/example_dags/example_branch_labels.py took 0.112 seconds
[2023-06-09T06:01:08.958+0000] {processor.py:157} INFO - Started process (PID=450) to work on /home/airflow/.local/lib/python3.7/site-packages/airflow/example_dags/example_branch_labels.py
[2023-06-09T06:01:08.960+0000] {processor.py:826} INFO - Processing file /home/airflow/.local/lib/python3.7/site-packages/airflow/example_dags/example_branch_labels.py for tasks to queue
[2023-06-09T06:01:08.961+0000] {logging_mixin.py:149} INFO - [2023-06-09T06:01:08.961+0000] {dagbag.py:541} INFO - Filling up the DagBag from /home/airflow/.local/lib/python3.7/site-packages/airflow/example_dags/example_branch_labels.py
[2023-06-09T06:01:08.971+0000] {processor.py:836} INFO - DAG(s) dict_keys(['example_branch_labels']) retrieved from /home/airflow/.local/lib/python3.7/site-packages/airflow/example_dags/example_branch_labels.py
[2023-06-09T06:01:09.002+0000] {logging_mixin.py:149} INFO - [2023-06-09T06:01:09.002+0000] {dag.py:2726} INFO - Sync 1 DAGs
[2023-06-09T06:01:09.037+0000] {logging_mixin.py:149} INFO - [2023-06-09T06:01:09.037+0000] {dag.py:3490} INFO - Setting next_dagrun for example_branch_labels to 2023-06-08T00:00:00+00:00, run_after=2023-06-09T00:00:00+00:00
[2023-06-09T06:01:09.066+0000] {processor.py:179} INFO - Processing /home/airflow/.local/lib/python3.7/site-packages/airflow/example_dags/example_branch_labels.py took 0.111 seconds
[2023-06-09T06:01:39.652+0000] {processor.py:157} INFO - Started process (PID=505) to work on /home/airflow/.local/lib/python3.7/site-packages/airflow/example_dags/example_branch_labels.py
[2023-06-09T06:01:39.654+0000] {processor.py:826} INFO - Processing file /home/airflow/.local/lib/python3.7/site-packages/airflow/example_dags/example_branch_labels.py for tasks to queue
[2023-06-09T06:01:39.654+0000] {logging_mixin.py:149} INFO - [2023-06-09T06:01:39.654+0000] {dagbag.py:541} INFO - Filling up the DagBag from /home/airflow/.local/lib/python3.7/site-packages/airflow/example_dags/example_branch_labels.py
[2023-06-09T06:01:39.663+0000] {processor.py:836} INFO - DAG(s) dict_keys(['example_branch_labels']) retrieved from /home/airflow/.local/lib/python3.7/site-packages/airflow/example_dags/example_branch_labels.py
[2023-06-09T06:01:39.701+0000] {logging_mixin.py:149} INFO - [2023-06-09T06:01:39.700+0000] {dag.py:2726} INFO - Sync 1 DAGs
[2023-06-09T06:01:39.735+0000] {logging_mixin.py:149} INFO - [2023-06-09T06:01:39.735+0000] {dag.py:3490} INFO - Setting next_dagrun for example_branch_labels to 2023-06-08T00:00:00+00:00, run_after=2023-06-09T00:00:00+00:00
[2023-06-09T06:01:39.756+0000] {processor.py:179} INFO - Processing /home/airflow/.local/lib/python3.7/site-packages/airflow/example_dags/example_branch_labels.py took 0.108 seconds
[2023-06-09T06:02:10.333+0000] {processor.py:157} INFO - Started process (PID=560) to work on /home/airflow/.local/lib/python3.7/site-packages/airflow/example_dags/example_branch_labels.py
[2023-06-09T06:02:10.334+0000] {processor.py:826} INFO - Processing file /home/airflow/.local/lib/python3.7/site-packages/airflow/example_dags/example_branch_labels.py for tasks to queue
[2023-06-09T06:02:10.335+0000] {logging_mixin.py:149} INFO - [2023-06-09T06:02:10.334+0000] {dagbag.py:541} INFO - Filling up the DagBag from /home/airflow/.local/lib/python3.7/site-packages/airflow/example_dags/example_branch_labels.py
[2023-06-09T06:02:10.349+0000] {processor.py:836} INFO - DAG(s) dict_keys(['example_branch_labels']) retrieved from /home/airflow/.local/lib/python3.7/site-packages/airflow/example_dags/example_branch_labels.py
[2023-06-09T06:02:10.385+0000] {logging_mixin.py:149} INFO - [2023-06-09T06:02:10.384+0000] {dag.py:2726} INFO - Sync 1 DAGs
[2023-06-09T06:02:10.422+0000] {logging_mixin.py:149} INFO - [2023-06-09T06:02:10.422+0000] {dag.py:3490} INFO - Setting next_dagrun for example_branch_labels to 2023-06-08T00:00:00+00:00, run_after=2023-06-09T00:00:00+00:00
[2023-06-09T06:02:10.448+0000] {processor.py:179} INFO - Processing /home/airflow/.local/lib/python3.7/site-packages/airflow/example_dags/example_branch_labels.py took 0.119 seconds
[2023-06-09T06:02:40.974+0000] {processor.py:157} INFO - Started process (PID=615) to work on /home/airflow/.local/lib/python3.7/site-packages/airflow/example_dags/example_branch_labels.py
[2023-06-09T06:02:40.976+0000] {processor.py:826} INFO - Processing file /home/airflow/.local/lib/python3.7/site-packages/airflow/example_dags/example_branch_labels.py for tasks to queue
[2023-06-09T06:02:40.977+0000] {logging_mixin.py:149} INFO - [2023-06-09T06:02:40.977+0000] {dagbag.py:541} INFO - Filling up the DagBag from /home/airflow/.local/lib/python3.7/site-packages/airflow/example_dags/example_branch_labels.py
[2023-06-09T06:02:40.986+0000] {processor.py:836} INFO - DAG(s) dict_keys(['example_branch_labels']) retrieved from /home/airflow/.local/lib/python3.7/site-packages/airflow/example_dags/example_branch_labels.py
[2023-06-09T06:02:41.019+0000] {logging_mixin.py:149} INFO - [2023-06-09T06:02:41.018+0000] {dag.py:2726} INFO - Sync 1 DAGs
[2023-06-09T06:02:41.055+0000] {logging_mixin.py:149} INFO - [2023-06-09T06:02:41.055+0000] {dag.py:3490} INFO - Setting next_dagrun for example_branch_labels to 2023-06-08T00:00:00+00:00, run_after=2023-06-09T00:00:00+00:00
[2023-06-09T06:02:41.076+0000] {processor.py:179} INFO - Processing /home/airflow/.local/lib/python3.7/site-packages/airflow/example_dags/example_branch_labels.py took 0.106 seconds
[2023-06-09T06:03:11.767+0000] {processor.py:157} INFO - Started process (PID=668) to work on /home/airflow/.local/lib/python3.7/site-packages/airflow/example_dags/example_branch_labels.py
[2023-06-09T06:03:11.769+0000] {processor.py:826} INFO - Processing file /home/airflow/.local/lib/python3.7/site-packages/airflow/example_dags/example_branch_labels.py for tasks to queue
[2023-06-09T06:03:11.769+0000] {logging_mixin.py:149} INFO - [2023-06-09T06:03:11.769+0000] {dagbag.py:541} INFO - Filling up the DagBag from /home/airflow/.local/lib/python3.7/site-packages/airflow/example_dags/example_branch_labels.py
[2023-06-09T06:03:11.786+0000] {processor.py:836} INFO - DAG(s) dict_keys(['example_branch_labels']) retrieved from /home/airflow/.local/lib/python3.7/site-packages/airflow/example_dags/example_branch_labels.py
[2023-06-09T06:03:11.820+0000] {logging_mixin.py:149} INFO - [2023-06-09T06:03:11.819+0000] {dag.py:2726} INFO - Sync 1 DAGs
[2023-06-09T06:03:11.855+0000] {logging_mixin.py:149} INFO - [2023-06-09T06:03:11.855+0000] {dag.py:3490} INFO - Setting next_dagrun for example_branch_labels to 2023-06-08T00:00:00+00:00, run_after=2023-06-09T00:00:00+00:00
[2023-06-09T06:03:11.888+0000] {processor.py:179} INFO - Processing /home/airflow/.local/lib/python3.7/site-packages/airflow/example_dags/example_branch_labels.py took 0.125 seconds
[2023-06-09T06:03:42.678+0000] {processor.py:157} INFO - Started process (PID=722) to work on /home/airflow/.local/lib/python3.7/site-packages/airflow/example_dags/example_branch_labels.py
[2023-06-09T06:03:42.680+0000] {processor.py:826} INFO - Processing file /home/airflow/.local/lib/python3.7/site-packages/airflow/example_dags/example_branch_labels.py for tasks to queue
[2023-06-09T06:03:42.682+0000] {logging_mixin.py:149} INFO - [2023-06-09T06:03:42.682+0000] {dagbag.py:541} INFO - Filling up the DagBag from /home/airflow/.local/lib/python3.7/site-packages/airflow/example_dags/example_branch_labels.py
[2023-06-09T06:03:42.691+0000] {processor.py:836} INFO - DAG(s) dict_keys(['example_branch_labels']) retrieved from /home/airflow/.local/lib/python3.7/site-packages/airflow/example_dags/example_branch_labels.py
[2023-06-09T06:03:42.726+0000] {logging_mixin.py:149} INFO - [2023-06-09T06:03:42.726+0000] {dag.py:2726} INFO - Sync 1 DAGs
[2023-06-09T06:03:42.767+0000] {logging_mixin.py:149} INFO - [2023-06-09T06:03:42.766+0000] {dag.py:3490} INFO - Setting next_dagrun for example_branch_labels to 2023-06-08T00:00:00+00:00, run_after=2023-06-09T00:00:00+00:00
[2023-06-09T06:03:42.789+0000] {processor.py:179} INFO - Processing /home/airflow/.local/lib/python3.7/site-packages/airflow/example_dags/example_branch_labels.py took 0.117 seconds
[2023-06-09T06:04:12.813+0000] {processor.py:157} INFO - Started process (PID=774) to work on /home/airflow/.local/lib/python3.7/site-packages/airflow/example_dags/example_branch_labels.py
[2023-06-09T06:04:12.813+0000] {processor.py:826} INFO - Processing file /home/airflow/.local/lib/python3.7/site-packages/airflow/example_dags/example_branch_labels.py for tasks to queue
[2023-06-09T06:04:12.814+0000] {logging_mixin.py:149} INFO - [2023-06-09T06:04:12.814+0000] {dagbag.py:541} INFO - Filling up the DagBag from /home/airflow/.local/lib/python3.7/site-packages/airflow/example_dags/example_branch_labels.py
[2023-06-09T06:04:12.824+0000] {processor.py:836} INFO - DAG(s) dict_keys(['example_branch_labels']) retrieved from /home/airflow/.local/lib/python3.7/site-packages/airflow/example_dags/example_branch_labels.py
[2023-06-09T06:04:12.857+0000] {logging_mixin.py:149} INFO - [2023-06-09T06:04:12.857+0000] {dag.py:2726} INFO - Sync 1 DAGs
[2023-06-09T06:04:12.893+0000] {logging_mixin.py:149} INFO - [2023-06-09T06:04:12.893+0000] {dag.py:3490} INFO - Setting next_dagrun for example_branch_labels to 2023-06-08T00:00:00+00:00, run_after=2023-06-09T00:00:00+00:00
[2023-06-09T06:04:12.916+0000] {processor.py:179} INFO - Processing /home/airflow/.local/lib/python3.7/site-packages/airflow/example_dags/example_branch_labels.py took 0.108 seconds
[2023-06-09T06:04:43.107+0000] {processor.py:157} INFO - Started process (PID=827) to work on /home/airflow/.local/lib/python3.7/site-packages/airflow/example_dags/example_branch_labels.py
[2023-06-09T06:04:43.109+0000] {processor.py:826} INFO - Processing file /home/airflow/.local/lib/python3.7/site-packages/airflow/example_dags/example_branch_labels.py for tasks to queue
[2023-06-09T06:04:43.109+0000] {logging_mixin.py:149} INFO - [2023-06-09T06:04:43.109+0000] {dagbag.py:541} INFO - Filling up the DagBag from /home/airflow/.local/lib/python3.7/site-packages/airflow/example_dags/example_branch_labels.py
[2023-06-09T06:04:43.119+0000] {processor.py:836} INFO - DAG(s) dict_keys(['example_branch_labels']) retrieved from /home/airflow/.local/lib/python3.7/site-packages/airflow/example_dags/example_branch_labels.py
[2023-06-09T06:04:43.151+0000] {logging_mixin.py:149} INFO - [2023-06-09T06:04:43.151+0000] {dag.py:2726} INFO - Sync 1 DAGs
[2023-06-09T06:04:43.186+0000] {logging_mixin.py:149} INFO - [2023-06-09T06:04:43.185+0000] {dag.py:3490} INFO - Setting next_dagrun for example_branch_labels to 2023-06-08T00:00:00+00:00, run_after=2023-06-09T00:00:00+00:00
[2023-06-09T06:04:43.209+0000] {processor.py:179} INFO - Processing /home/airflow/.local/lib/python3.7/site-packages/airflow/example_dags/example_branch_labels.py took 0.106 seconds
[2023-06-09T06:05:13.644+0000] {processor.py:157} INFO - Started process (PID=881) to work on /home/airflow/.local/lib/python3.7/site-packages/airflow/example_dags/example_branch_labels.py
[2023-06-09T06:05:13.647+0000] {processor.py:826} INFO - Processing file /home/airflow/.local/lib/python3.7/site-packages/airflow/example_dags/example_branch_labels.py for tasks to queue
[2023-06-09T06:05:13.648+0000] {logging_mixin.py:149} INFO - [2023-06-09T06:05:13.648+0000] {dagbag.py:541} INFO - Filling up the DagBag from /home/airflow/.local/lib/python3.7/site-packages/airflow/example_dags/example_branch_labels.py
[2023-06-09T06:05:13.658+0000] {processor.py:836} INFO - DAG(s) dict_keys(['example_branch_labels']) retrieved from /home/airflow/.local/lib/python3.7/site-packages/airflow/example_dags/example_branch_labels.py
[2023-06-09T06:05:13.689+0000] {logging_mixin.py:149} INFO - [2023-06-09T06:05:13.689+0000] {dag.py:2726} INFO - Sync 1 DAGs
[2023-06-09T06:05:13.726+0000] {logging_mixin.py:149} INFO - [2023-06-09T06:05:13.725+0000] {dag.py:3490} INFO - Setting next_dagrun for example_branch_labels to 2023-06-08T00:00:00+00:00, run_after=2023-06-09T00:00:00+00:00
[2023-06-09T06:05:13.761+0000] {processor.py:179} INFO - Processing /home/airflow/.local/lib/python3.7/site-packages/airflow/example_dags/example_branch_labels.py took 0.121 seconds
[2023-06-09T06:05:44.311+0000] {processor.py:157} INFO - Started process (PID=935) to work on /home/airflow/.local/lib/python3.7/site-packages/airflow/example_dags/example_branch_labels.py
[2023-06-09T06:05:44.312+0000] {processor.py:826} INFO - Processing file /home/airflow/.local/lib/python3.7/site-packages/airflow/example_dags/example_branch_labels.py for tasks to queue
[2023-06-09T06:05:44.313+0000] {logging_mixin.py:149} INFO - [2023-06-09T06:05:44.312+0000] {dagbag.py:541} INFO - Filling up the DagBag from /home/airflow/.local/lib/python3.7/site-packages/airflow/example_dags/example_branch_labels.py
[2023-06-09T06:05:44.322+0000] {processor.py:836} INFO - DAG(s) dict_keys(['example_branch_labels']) retrieved from /home/airflow/.local/lib/python3.7/site-packages/airflow/example_dags/example_branch_labels.py
[2023-06-09T06:05:44.354+0000] {logging_mixin.py:149} INFO - [2023-06-09T06:05:44.354+0000] {dag.py:2726} INFO - Sync 1 DAGs
[2023-06-09T06:05:44.389+0000] {logging_mixin.py:149} INFO - [2023-06-09T06:05:44.388+0000] {dag.py:3490} INFO - Setting next_dagrun for example_branch_labels to 2023-06-08T00:00:00+00:00, run_after=2023-06-09T00:00:00+00:00
[2023-06-09T06:05:44.412+0000] {processor.py:179} INFO - Processing /home/airflow/.local/lib/python3.7/site-packages/airflow/example_dags/example_branch_labels.py took 0.105 seconds
[2023-06-09T06:06:14.947+0000] {processor.py:157} INFO - Started process (PID=988) to work on /home/airflow/.local/lib/python3.7/site-packages/airflow/example_dags/example_branch_labels.py
[2023-06-09T06:06:14.949+0000] {processor.py:826} INFO - Processing file /home/airflow/.local/lib/python3.7/site-packages/airflow/example_dags/example_branch_labels.py for tasks to queue
[2023-06-09T06:06:14.949+0000] {logging_mixin.py:149} INFO - [2023-06-09T06:06:14.949+0000] {dagbag.py:541} INFO - Filling up the DagBag from /home/airflow/.local/lib/python3.7/site-packages/airflow/example_dags/example_branch_labels.py
[2023-06-09T06:06:14.960+0000] {processor.py:836} INFO - DAG(s) dict_keys(['example_branch_labels']) retrieved from /home/airflow/.local/lib/python3.7/site-packages/airflow/example_dags/example_branch_labels.py
[2023-06-09T06:06:14.991+0000] {logging_mixin.py:149} INFO - [2023-06-09T06:06:14.991+0000] {dag.py:2726} INFO - Sync 1 DAGs
[2023-06-09T06:06:15.030+0000] {logging_mixin.py:149} INFO - [2023-06-09T06:06:15.029+0000] {dag.py:3490} INFO - Setting next_dagrun for example_branch_labels to 2023-06-08T00:00:00+00:00, run_after=2023-06-09T00:00:00+00:00
[2023-06-09T06:06:15.064+0000] {processor.py:179} INFO - Processing /home/airflow/.local/lib/python3.7/site-packages/airflow/example_dags/example_branch_labels.py took 0.121 seconds
[2023-06-09T06:06:45.540+0000] {processor.py:157} INFO - Started process (PID=1041) to work on /home/airflow/.local/lib/python3.7/site-packages/airflow/example_dags/example_branch_labels.py
[2023-06-09T06:06:45.541+0000] {processor.py:826} INFO - Processing file /home/airflow/.local/lib/python3.7/site-packages/airflow/example_dags/example_branch_labels.py for tasks to queue
[2023-06-09T06:06:45.542+0000] {logging_mixin.py:149} INFO - [2023-06-09T06:06:45.541+0000] {dagbag.py:541} INFO - Filling up the DagBag from /home/airflow/.local/lib/python3.7/site-packages/airflow/example_dags/example_branch_labels.py
[2023-06-09T06:06:45.552+0000] {processor.py:836} INFO - DAG(s) dict_keys(['example_branch_labels']) retrieved from /home/airflow/.local/lib/python3.7/site-packages/airflow/example_dags/example_branch_labels.py
[2023-06-09T06:06:45.583+0000] {logging_mixin.py:149} INFO - [2023-06-09T06:06:45.582+0000] {dag.py:2726} INFO - Sync 1 DAGs
[2023-06-09T06:06:45.619+0000] {logging_mixin.py:149} INFO - [2023-06-09T06:06:45.618+0000] {dag.py:3490} INFO - Setting next_dagrun for example_branch_labels to 2023-06-08T00:00:00+00:00, run_after=2023-06-09T00:00:00+00:00
[2023-06-09T06:06:45.641+0000] {processor.py:179} INFO - Processing /home/airflow/.local/lib/python3.7/site-packages/airflow/example_dags/example_branch_labels.py took 0.105 seconds
[2023-06-09T06:07:15.821+0000] {processor.py:157} INFO - Started process (PID=1096) to work on /home/airflow/.local/lib/python3.7/site-packages/airflow/example_dags/example_branch_labels.py
[2023-06-09T06:07:15.822+0000] {processor.py:826} INFO - Processing file /home/airflow/.local/lib/python3.7/site-packages/airflow/example_dags/example_branch_labels.py for tasks to queue
[2023-06-09T06:07:15.823+0000] {logging_mixin.py:149} INFO - [2023-06-09T06:07:15.823+0000] {dagbag.py:541} INFO - Filling up the DagBag from /home/airflow/.local/lib/python3.7/site-packages/airflow/example_dags/example_branch_labels.py
[2023-06-09T06:07:15.834+0000] {processor.py:836} INFO - DAG(s) dict_keys(['example_branch_labels']) retrieved from /home/airflow/.local/lib/python3.7/site-packages/airflow/example_dags/example_branch_labels.py
[2023-06-09T06:07:15.871+0000] {logging_mixin.py:149} INFO - [2023-06-09T06:07:15.871+0000] {dag.py:2726} INFO - Sync 1 DAGs
[2023-06-09T06:07:15.905+0000] {logging_mixin.py:149} INFO - [2023-06-09T06:07:15.905+0000] {dag.py:3490} INFO - Setting next_dagrun for example_branch_labels to 2023-06-08T00:00:00+00:00, run_after=2023-06-09T00:00:00+00:00
[2023-06-09T06:07:15.928+0000] {processor.py:179} INFO - Processing /home/airflow/.local/lib/python3.7/site-packages/airflow/example_dags/example_branch_labels.py took 0.112 seconds
[2023-06-09T06:07:46.011+0000] {processor.py:157} INFO - Started process (PID=1150) to work on /home/airflow/.local/lib/python3.7/site-packages/airflow/example_dags/example_branch_labels.py
[2023-06-09T06:07:46.012+0000] {processor.py:826} INFO - Processing file /home/airflow/.local/lib/python3.7/site-packages/airflow/example_dags/example_branch_labels.py for tasks to queue
[2023-06-09T06:07:46.013+0000] {logging_mixin.py:149} INFO - [2023-06-09T06:07:46.013+0000] {dagbag.py:541} INFO - Filling up the DagBag from /home/airflow/.local/lib/python3.7/site-packages/airflow/example_dags/example_branch_labels.py
[2023-06-09T06:07:46.024+0000] {processor.py:836} INFO - DAG(s) dict_keys(['example_branch_labels']) retrieved from /home/airflow/.local/lib/python3.7/site-packages/airflow/example_dags/example_branch_labels.py
[2023-06-09T06:07:46.057+0000] {logging_mixin.py:149} INFO - [2023-06-09T06:07:46.056+0000] {dag.py:2726} INFO - Sync 1 DAGs
[2023-06-09T06:07:46.096+0000] {logging_mixin.py:149} INFO - [2023-06-09T06:07:46.096+0000] {dag.py:3490} INFO - Setting next_dagrun for example_branch_labels to 2023-06-08T00:00:00+00:00, run_after=2023-06-09T00:00:00+00:00
[2023-06-09T06:07:46.118+0000] {processor.py:179} INFO - Processing /home/airflow/.local/lib/python3.7/site-packages/airflow/example_dags/example_branch_labels.py took 0.111 seconds
[2023-06-09T06:08:16.718+0000] {processor.py:157} INFO - Started process (PID=1203) to work on /home/airflow/.local/lib/python3.7/site-packages/airflow/example_dags/example_branch_labels.py
[2023-06-09T06:08:16.720+0000] {processor.py:826} INFO - Processing file /home/airflow/.local/lib/python3.7/site-packages/airflow/example_dags/example_branch_labels.py for tasks to queue
[2023-06-09T06:08:16.721+0000] {logging_mixin.py:149} INFO - [2023-06-09T06:08:16.720+0000] {dagbag.py:541} INFO - Filling up the DagBag from /home/airflow/.local/lib/python3.7/site-packages/airflow/example_dags/example_branch_labels.py
[2023-06-09T06:08:16.740+0000] {processor.py:836} INFO - DAG(s) dict_keys(['example_branch_labels']) retrieved from /home/airflow/.local/lib/python3.7/site-packages/airflow/example_dags/example_branch_labels.py
[2023-06-09T06:08:16.796+0000] {logging_mixin.py:149} INFO - [2023-06-09T06:08:16.796+0000] {dag.py:2726} INFO - Sync 1 DAGs
[2023-06-09T06:08:16.834+0000] {logging_mixin.py:149} INFO - [2023-06-09T06:08:16.834+0000] {dag.py:3490} INFO - Setting next_dagrun for example_branch_labels to 2023-06-08T00:00:00+00:00, run_after=2023-06-09T00:00:00+00:00
[2023-06-09T06:08:16.857+0000] {processor.py:179} INFO - Processing /home/airflow/.local/lib/python3.7/site-packages/airflow/example_dags/example_branch_labels.py took 0.142 seconds
[2023-06-09T06:08:47.183+0000] {processor.py:157} INFO - Started process (PID=1257) to work on /home/airflow/.local/lib/python3.7/site-packages/airflow/example_dags/example_branch_labels.py
[2023-06-09T06:08:47.184+0000] {processor.py:826} INFO - Processing file /home/airflow/.local/lib/python3.7/site-packages/airflow/example_dags/example_branch_labels.py for tasks to queue
[2023-06-09T06:08:47.184+0000] {logging_mixin.py:149} INFO - [2023-06-09T06:08:47.184+0000] {dagbag.py:541} INFO - Filling up the DagBag from /home/airflow/.local/lib/python3.7/site-packages/airflow/example_dags/example_branch_labels.py
[2023-06-09T06:08:47.195+0000] {processor.py:836} INFO - DAG(s) dict_keys(['example_branch_labels']) retrieved from /home/airflow/.local/lib/python3.7/site-packages/airflow/example_dags/example_branch_labels.py
[2023-06-09T06:08:47.228+0000] {logging_mixin.py:149} INFO - [2023-06-09T06:08:47.228+0000] {dag.py:2726} INFO - Sync 1 DAGs
[2023-06-09T06:08:47.265+0000] {logging_mixin.py:149} INFO - [2023-06-09T06:08:47.265+0000] {dag.py:3490} INFO - Setting next_dagrun for example_branch_labels to 2023-06-08T00:00:00+00:00, run_after=2023-06-09T00:00:00+00:00
[2023-06-09T06:08:47.290+0000] {processor.py:179} INFO - Processing /home/airflow/.local/lib/python3.7/site-packages/airflow/example_dags/example_branch_labels.py took 0.112 seconds
[2023-06-09T06:09:17.662+0000] {processor.py:157} INFO - Started process (PID=1310) to work on /home/airflow/.local/lib/python3.7/site-packages/airflow/example_dags/example_branch_labels.py
[2023-06-09T06:09:17.663+0000] {processor.py:826} INFO - Processing file /home/airflow/.local/lib/python3.7/site-packages/airflow/example_dags/example_branch_labels.py for tasks to queue
[2023-06-09T06:09:17.664+0000] {logging_mixin.py:149} INFO - [2023-06-09T06:09:17.664+0000] {dagbag.py:541} INFO - Filling up the DagBag from /home/airflow/.local/lib/python3.7/site-packages/airflow/example_dags/example_branch_labels.py
[2023-06-09T06:09:17.674+0000] {processor.py:836} INFO - DAG(s) dict_keys(['example_branch_labels']) retrieved from /home/airflow/.local/lib/python3.7/site-packages/airflow/example_dags/example_branch_labels.py
[2023-06-09T06:09:17.706+0000] {logging_mixin.py:149} INFO - [2023-06-09T06:09:17.706+0000] {dag.py:2726} INFO - Sync 1 DAGs
[2023-06-09T06:09:17.742+0000] {logging_mixin.py:149} INFO - [2023-06-09T06:09:17.741+0000] {dag.py:3490} INFO - Setting next_dagrun for example_branch_labels to 2023-06-08T00:00:00+00:00, run_after=2023-06-09T00:00:00+00:00
[2023-06-09T06:09:17.769+0000] {processor.py:179} INFO - Processing /home/airflow/.local/lib/python3.7/site-packages/airflow/example_dags/example_branch_labels.py took 0.111 seconds
[2023-06-09T06:09:47.884+0000] {processor.py:157} INFO - Started process (PID=1364) to work on /home/airflow/.local/lib/python3.7/site-packages/airflow/example_dags/example_branch_labels.py
[2023-06-09T06:09:47.885+0000] {processor.py:826} INFO - Processing file /home/airflow/.local/lib/python3.7/site-packages/airflow/example_dags/example_branch_labels.py for tasks to queue
[2023-06-09T06:09:47.885+0000] {logging_mixin.py:149} INFO - [2023-06-09T06:09:47.885+0000] {dagbag.py:541} INFO - Filling up the DagBag from /home/airflow/.local/lib/python3.7/site-packages/airflow/example_dags/example_branch_labels.py
[2023-06-09T06:09:47.895+0000] {processor.py:836} INFO - DAG(s) dict_keys(['example_branch_labels']) retrieved from /home/airflow/.local/lib/python3.7/site-packages/airflow/example_dags/example_branch_labels.py
[2023-06-09T06:09:47.927+0000] {logging_mixin.py:149} INFO - [2023-06-09T06:09:47.926+0000] {dag.py:2726} INFO - Sync 1 DAGs
[2023-06-09T06:09:47.964+0000] {logging_mixin.py:149} INFO - [2023-06-09T06:09:47.964+0000] {dag.py:3490} INFO - Setting next_dagrun for example_branch_labels to 2023-06-08T00:00:00+00:00, run_after=2023-06-09T00:00:00+00:00
[2023-06-09T06:09:47.986+0000] {processor.py:179} INFO - Processing /home/airflow/.local/lib/python3.7/site-packages/airflow/example_dags/example_branch_labels.py took 0.106 seconds
[2023-06-09T06:10:18.103+0000] {processor.py:157} INFO - Started process (PID=1418) to work on /home/airflow/.local/lib/python3.7/site-packages/airflow/example_dags/example_branch_labels.py
[2023-06-09T06:10:18.105+0000] {processor.py:826} INFO - Processing file /home/airflow/.local/lib/python3.7/site-packages/airflow/example_dags/example_branch_labels.py for tasks to queue
[2023-06-09T06:10:18.106+0000] {logging_mixin.py:149} INFO - [2023-06-09T06:10:18.105+0000] {dagbag.py:541} INFO - Filling up the DagBag from /home/airflow/.local/lib/python3.7/site-packages/airflow/example_dags/example_branch_labels.py
[2023-06-09T06:10:18.116+0000] {processor.py:836} INFO - DAG(s) dict_keys(['example_branch_labels']) retrieved from /home/airflow/.local/lib/python3.7/site-packages/airflow/example_dags/example_branch_labels.py
[2023-06-09T06:10:18.150+0000] {logging_mixin.py:149} INFO - [2023-06-09T06:10:18.150+0000] {dag.py:2726} INFO - Sync 1 DAGs
[2023-06-09T06:10:18.186+0000] {logging_mixin.py:149} INFO - [2023-06-09T06:10:18.185+0000] {dag.py:3490} INFO - Setting next_dagrun for example_branch_labels to 2023-06-08T00:00:00+00:00, run_after=2023-06-09T00:00:00+00:00
[2023-06-09T06:10:18.225+0000] {processor.py:179} INFO - Processing /home/airflow/.local/lib/python3.7/site-packages/airflow/example_dags/example_branch_labels.py took 0.125 seconds
[2023-06-09T06:10:48.356+0000] {processor.py:157} INFO - Started process (PID=1471) to work on /home/airflow/.local/lib/python3.7/site-packages/airflow/example_dags/example_branch_labels.py
[2023-06-09T06:10:48.357+0000] {processor.py:826} INFO - Processing file /home/airflow/.local/lib/python3.7/site-packages/airflow/example_dags/example_branch_labels.py for tasks to queue
[2023-06-09T06:10:48.357+0000] {logging_mixin.py:149} INFO - [2023-06-09T06:10:48.357+0000] {dagbag.py:541} INFO - Filling up the DagBag from /home/airflow/.local/lib/python3.7/site-packages/airflow/example_dags/example_branch_labels.py
[2023-06-09T06:10:48.371+0000] {processor.py:836} INFO - DAG(s) dict_keys(['example_branch_labels']) retrieved from /home/airflow/.local/lib/python3.7/site-packages/airflow/example_dags/example_branch_labels.py
[2023-06-09T06:10:48.403+0000] {logging_mixin.py:149} INFO - [2023-06-09T06:10:48.403+0000] {dag.py:2726} INFO - Sync 1 DAGs
[2023-06-09T06:10:48.440+0000] {logging_mixin.py:149} INFO - [2023-06-09T06:10:48.439+0000] {dag.py:3490} INFO - Setting next_dagrun for example_branch_labels to 2023-06-08T00:00:00+00:00, run_after=2023-06-09T00:00:00+00:00
[2023-06-09T06:10:48.464+0000] {processor.py:179} INFO - Processing /home/airflow/.local/lib/python3.7/site-packages/airflow/example_dags/example_branch_labels.py took 0.113 seconds
[2023-06-09T06:11:18.688+0000] {processor.py:157} INFO - Started process (PID=1524) to work on /home/airflow/.local/lib/python3.7/site-packages/airflow/example_dags/example_branch_labels.py
[2023-06-09T06:11:18.689+0000] {processor.py:826} INFO - Processing file /home/airflow/.local/lib/python3.7/site-packages/airflow/example_dags/example_branch_labels.py for tasks to queue
[2023-06-09T06:11:18.690+0000] {logging_mixin.py:149} INFO - [2023-06-09T06:11:18.690+0000] {dagbag.py:541} INFO - Filling up the DagBag from /home/airflow/.local/lib/python3.7/site-packages/airflow/example_dags/example_branch_labels.py
[2023-06-09T06:11:18.700+0000] {processor.py:836} INFO - DAG(s) dict_keys(['example_branch_labels']) retrieved from /home/airflow/.local/lib/python3.7/site-packages/airflow/example_dags/example_branch_labels.py
[2023-06-09T06:11:18.729+0000] {logging_mixin.py:149} INFO - [2023-06-09T06:11:18.729+0000] {dag.py:2726} INFO - Sync 1 DAGs
[2023-06-09T06:11:18.766+0000] {logging_mixin.py:149} INFO - [2023-06-09T06:11:18.766+0000] {dag.py:3490} INFO - Setting next_dagrun for example_branch_labels to 2023-06-08T00:00:00+00:00, run_after=2023-06-09T00:00:00+00:00
[2023-06-09T06:11:18.791+0000] {processor.py:179} INFO - Processing /home/airflow/.local/lib/python3.7/site-packages/airflow/example_dags/example_branch_labels.py took 0.107 seconds
[2023-06-09T06:11:49.155+0000] {processor.py:157} INFO - Started process (PID=1578) to work on /home/airflow/.local/lib/python3.7/site-packages/airflow/example_dags/example_branch_labels.py
[2023-06-09T06:11:49.157+0000] {processor.py:826} INFO - Processing file /home/airflow/.local/lib/python3.7/site-packages/airflow/example_dags/example_branch_labels.py for tasks to queue
[2023-06-09T06:11:49.157+0000] {logging_mixin.py:149} INFO - [2023-06-09T06:11:49.157+0000] {dagbag.py:541} INFO - Filling up the DagBag from /home/airflow/.local/lib/python3.7/site-packages/airflow/example_dags/example_branch_labels.py
[2023-06-09T06:11:49.168+0000] {processor.py:836} INFO - DAG(s) dict_keys(['example_branch_labels']) retrieved from /home/airflow/.local/lib/python3.7/site-packages/airflow/example_dags/example_branch_labels.py
[2023-06-09T06:11:49.199+0000] {logging_mixin.py:149} INFO - [2023-06-09T06:11:49.199+0000] {dag.py:2726} INFO - Sync 1 DAGs
[2023-06-09T06:11:49.254+0000] {logging_mixin.py:149} INFO - [2023-06-09T06:11:49.254+0000] {dag.py:3490} INFO - Setting next_dagrun for example_branch_labels to 2023-06-08T00:00:00+00:00, run_after=2023-06-09T00:00:00+00:00
[2023-06-09T06:11:49.277+0000] {processor.py:179} INFO - Processing /home/airflow/.local/lib/python3.7/site-packages/airflow/example_dags/example_branch_labels.py took 0.126 seconds
[2023-06-09T06:12:19.506+0000] {processor.py:157} INFO - Started process (PID=1633) to work on /home/airflow/.local/lib/python3.7/site-packages/airflow/example_dags/example_branch_labels.py
[2023-06-09T06:12:19.507+0000] {processor.py:826} INFO - Processing file /home/airflow/.local/lib/python3.7/site-packages/airflow/example_dags/example_branch_labels.py for tasks to queue
[2023-06-09T06:12:19.507+0000] {logging_mixin.py:149} INFO - [2023-06-09T06:12:19.507+0000] {dagbag.py:541} INFO - Filling up the DagBag from /home/airflow/.local/lib/python3.7/site-packages/airflow/example_dags/example_branch_labels.py
[2023-06-09T06:12:19.518+0000] {processor.py:836} INFO - DAG(s) dict_keys(['example_branch_labels']) retrieved from /home/airflow/.local/lib/python3.7/site-packages/airflow/example_dags/example_branch_labels.py
[2023-06-09T06:12:19.551+0000] {logging_mixin.py:149} INFO - [2023-06-09T06:12:19.551+0000] {dag.py:2726} INFO - Sync 1 DAGs
[2023-06-09T06:12:19.588+0000] {logging_mixin.py:149} INFO - [2023-06-09T06:12:19.588+0000] {dag.py:3490} INFO - Setting next_dagrun for example_branch_labels to 2023-06-08T00:00:00+00:00, run_after=2023-06-09T00:00:00+00:00
[2023-06-09T06:12:19.611+0000] {processor.py:179} INFO - Processing /home/airflow/.local/lib/python3.7/site-packages/airflow/example_dags/example_branch_labels.py took 0.109 seconds
[2023-06-09T06:12:50.255+0000] {processor.py:157} INFO - Started process (PID=1687) to work on /home/airflow/.local/lib/python3.7/site-packages/airflow/example_dags/example_branch_labels.py
[2023-06-09T06:12:50.256+0000] {processor.py:826} INFO - Processing file /home/airflow/.local/lib/python3.7/site-packages/airflow/example_dags/example_branch_labels.py for tasks to queue
[2023-06-09T06:12:50.257+0000] {logging_mixin.py:149} INFO - [2023-06-09T06:12:50.257+0000] {dagbag.py:541} INFO - Filling up the DagBag from /home/airflow/.local/lib/python3.7/site-packages/airflow/example_dags/example_branch_labels.py
[2023-06-09T06:12:50.270+0000] {processor.py:836} INFO - DAG(s) dict_keys(['example_branch_labels']) retrieved from /home/airflow/.local/lib/python3.7/site-packages/airflow/example_dags/example_branch_labels.py
[2023-06-09T06:12:50.310+0000] {logging_mixin.py:149} INFO - [2023-06-09T06:12:50.310+0000] {dag.py:2726} INFO - Sync 1 DAGs
[2023-06-09T06:12:50.346+0000] {logging_mixin.py:149} INFO - [2023-06-09T06:12:50.346+0000] {dag.py:3490} INFO - Setting next_dagrun for example_branch_labels to 2023-06-08T00:00:00+00:00, run_after=2023-06-09T00:00:00+00:00
[2023-06-09T06:12:50.367+0000] {processor.py:179} INFO - Processing /home/airflow/.local/lib/python3.7/site-packages/airflow/example_dags/example_branch_labels.py took 0.116 seconds
[2023-06-09T06:13:20.621+0000] {processor.py:157} INFO - Started process (PID=1741) to work on /home/airflow/.local/lib/python3.7/site-packages/airflow/example_dags/example_branch_labels.py
[2023-06-09T06:13:20.622+0000] {processor.py:826} INFO - Processing file /home/airflow/.local/lib/python3.7/site-packages/airflow/example_dags/example_branch_labels.py for tasks to queue
[2023-06-09T06:13:20.622+0000] {logging_mixin.py:149} INFO - [2023-06-09T06:13:20.622+0000] {dagbag.py:541} INFO - Filling up the DagBag from /home/airflow/.local/lib/python3.7/site-packages/airflow/example_dags/example_branch_labels.py
[2023-06-09T06:13:20.633+0000] {processor.py:836} INFO - DAG(s) dict_keys(['example_branch_labels']) retrieved from /home/airflow/.local/lib/python3.7/site-packages/airflow/example_dags/example_branch_labels.py
[2023-06-09T06:13:20.692+0000] {logging_mixin.py:149} INFO - [2023-06-09T06:13:20.691+0000] {dag.py:2726} INFO - Sync 1 DAGs
[2023-06-09T06:13:20.729+0000] {logging_mixin.py:149} INFO - [2023-06-09T06:13:20.729+0000] {dag.py:3490} INFO - Setting next_dagrun for example_branch_labels to 2023-06-08T00:00:00+00:00, run_after=2023-06-09T00:00:00+00:00
[2023-06-09T06:13:20.752+0000] {processor.py:179} INFO - Processing /home/airflow/.local/lib/python3.7/site-packages/airflow/example_dags/example_branch_labels.py took 0.136 seconds
[2023-06-09T06:13:51.167+0000] {processor.py:157} INFO - Started process (PID=1795) to work on /home/airflow/.local/lib/python3.7/site-packages/airflow/example_dags/example_branch_labels.py
[2023-06-09T06:13:51.168+0000] {processor.py:826} INFO - Processing file /home/airflow/.local/lib/python3.7/site-packages/airflow/example_dags/example_branch_labels.py for tasks to queue
[2023-06-09T06:13:51.169+0000] {logging_mixin.py:149} INFO - [2023-06-09T06:13:51.168+0000] {dagbag.py:541} INFO - Filling up the DagBag from /home/airflow/.local/lib/python3.7/site-packages/airflow/example_dags/example_branch_labels.py
[2023-06-09T06:13:51.178+0000] {processor.py:836} INFO - DAG(s) dict_keys(['example_branch_labels']) retrieved from /home/airflow/.local/lib/python3.7/site-packages/airflow/example_dags/example_branch_labels.py
[2023-06-09T06:13:51.212+0000] {logging_mixin.py:149} INFO - [2023-06-09T06:13:51.212+0000] {dag.py:2726} INFO - Sync 1 DAGs
[2023-06-09T06:13:51.247+0000] {logging_mixin.py:149} INFO - [2023-06-09T06:13:51.246+0000] {dag.py:3490} INFO - Setting next_dagrun for example_branch_labels to 2023-06-08T00:00:00+00:00, run_after=2023-06-09T00:00:00+00:00
[2023-06-09T06:13:51.267+0000] {processor.py:179} INFO - Processing /home/airflow/.local/lib/python3.7/site-packages/airflow/example_dags/example_branch_labels.py took 0.105 seconds
[2023-06-09T06:14:21.883+0000] {processor.py:157} INFO - Started process (PID=1848) to work on /home/airflow/.local/lib/python3.7/site-packages/airflow/example_dags/example_branch_labels.py
[2023-06-09T06:14:21.884+0000] {processor.py:826} INFO - Processing file /home/airflow/.local/lib/python3.7/site-packages/airflow/example_dags/example_branch_labels.py for tasks to queue
[2023-06-09T06:14:21.885+0000] {logging_mixin.py:149} INFO - [2023-06-09T06:14:21.884+0000] {dagbag.py:541} INFO - Filling up the DagBag from /home/airflow/.local/lib/python3.7/site-packages/airflow/example_dags/example_branch_labels.py
[2023-06-09T06:14:21.894+0000] {processor.py:836} INFO - DAG(s) dict_keys(['example_branch_labels']) retrieved from /home/airflow/.local/lib/python3.7/site-packages/airflow/example_dags/example_branch_labels.py
[2023-06-09T06:14:21.930+0000] {logging_mixin.py:149} INFO - [2023-06-09T06:14:21.930+0000] {dag.py:2726} INFO - Sync 1 DAGs
[2023-06-09T06:14:21.964+0000] {logging_mixin.py:149} INFO - [2023-06-09T06:14:21.964+0000] {dag.py:3490} INFO - Setting next_dagrun for example_branch_labels to 2023-06-08T00:00:00+00:00, run_after=2023-06-09T00:00:00+00:00
[2023-06-09T06:14:21.987+0000] {processor.py:179} INFO - Processing /home/airflow/.local/lib/python3.7/site-packages/airflow/example_dags/example_branch_labels.py took 0.108 seconds
[2023-06-09T06:14:52.358+0000] {processor.py:157} INFO - Started process (PID=1902) to work on /home/airflow/.local/lib/python3.7/site-packages/airflow/example_dags/example_branch_labels.py
[2023-06-09T06:14:52.359+0000] {processor.py:826} INFO - Processing file /home/airflow/.local/lib/python3.7/site-packages/airflow/example_dags/example_branch_labels.py for tasks to queue
[2023-06-09T06:14:52.360+0000] {logging_mixin.py:149} INFO - [2023-06-09T06:14:52.360+0000] {dagbag.py:541} INFO - Filling up the DagBag from /home/airflow/.local/lib/python3.7/site-packages/airflow/example_dags/example_branch_labels.py
[2023-06-09T06:14:52.374+0000] {processor.py:836} INFO - DAG(s) dict_keys(['example_branch_labels']) retrieved from /home/airflow/.local/lib/python3.7/site-packages/airflow/example_dags/example_branch_labels.py
[2023-06-09T06:14:52.429+0000] {logging_mixin.py:149} INFO - [2023-06-09T06:14:52.429+0000] {dag.py:2726} INFO - Sync 1 DAGs
[2023-06-09T06:14:52.467+0000] {logging_mixin.py:149} INFO - [2023-06-09T06:14:52.467+0000] {dag.py:3490} INFO - Setting next_dagrun for example_branch_labels to 2023-06-08T00:00:00+00:00, run_after=2023-06-09T00:00:00+00:00
[2023-06-09T06:14:52.490+0000] {processor.py:179} INFO - Processing /home/airflow/.local/lib/python3.7/site-packages/airflow/example_dags/example_branch_labels.py took 0.137 seconds
[2023-06-09T06:15:23.317+0000] {processor.py:157} INFO - Started process (PID=1956) to work on /home/airflow/.local/lib/python3.7/site-packages/airflow/example_dags/example_branch_labels.py
[2023-06-09T06:15:23.318+0000] {processor.py:826} INFO - Processing file /home/airflow/.local/lib/python3.7/site-packages/airflow/example_dags/example_branch_labels.py for tasks to queue
[2023-06-09T06:15:23.319+0000] {logging_mixin.py:149} INFO - [2023-06-09T06:15:23.319+0000] {dagbag.py:541} INFO - Filling up the DagBag from /home/airflow/.local/lib/python3.7/site-packages/airflow/example_dags/example_branch_labels.py
[2023-06-09T06:15:23.336+0000] {processor.py:836} INFO - DAG(s) dict_keys(['example_branch_labels']) retrieved from /home/airflow/.local/lib/python3.7/site-packages/airflow/example_dags/example_branch_labels.py
[2023-06-09T06:15:23.369+0000] {logging_mixin.py:149} INFO - [2023-06-09T06:15:23.368+0000] {dag.py:2726} INFO - Sync 1 DAGs
[2023-06-09T06:15:23.406+0000] {logging_mixin.py:149} INFO - [2023-06-09T06:15:23.406+0000] {dag.py:3490} INFO - Setting next_dagrun for example_branch_labels to 2023-06-08T00:00:00+00:00, run_after=2023-06-09T00:00:00+00:00
[2023-06-09T06:15:23.434+0000] {processor.py:179} INFO - Processing /home/airflow/.local/lib/python3.7/site-packages/airflow/example_dags/example_branch_labels.py took 0.121 seconds
[2023-06-09T06:15:53.735+0000] {processor.py:157} INFO - Started process (PID=2009) to work on /home/airflow/.local/lib/python3.7/site-packages/airflow/example_dags/example_branch_labels.py
[2023-06-09T06:15:53.736+0000] {processor.py:826} INFO - Processing file /home/airflow/.local/lib/python3.7/site-packages/airflow/example_dags/example_branch_labels.py for tasks to queue
[2023-06-09T06:15:53.737+0000] {logging_mixin.py:149} INFO - [2023-06-09T06:15:53.737+0000] {dagbag.py:541} INFO - Filling up the DagBag from /home/airflow/.local/lib/python3.7/site-packages/airflow/example_dags/example_branch_labels.py
[2023-06-09T06:15:53.770+0000] {processor.py:836} INFO - DAG(s) dict_keys(['example_branch_labels']) retrieved from /home/airflow/.local/lib/python3.7/site-packages/airflow/example_dags/example_branch_labels.py
[2023-06-09T06:15:53.801+0000] {logging_mixin.py:149} INFO - [2023-06-09T06:15:53.800+0000] {dag.py:2726} INFO - Sync 1 DAGs
[2023-06-09T06:15:53.838+0000] {logging_mixin.py:149} INFO - [2023-06-09T06:15:53.837+0000] {dag.py:3490} INFO - Setting next_dagrun for example_branch_labels to 2023-06-08T00:00:00+00:00, run_after=2023-06-09T00:00:00+00:00
[2023-06-09T06:15:53.862+0000] {processor.py:179} INFO - Processing /home/airflow/.local/lib/python3.7/site-packages/airflow/example_dags/example_branch_labels.py took 0.131 seconds
[2023-06-09T06:16:24.553+0000] {processor.py:157} INFO - Started process (PID=2063) to work on /home/airflow/.local/lib/python3.7/site-packages/airflow/example_dags/example_branch_labels.py
[2023-06-09T06:16:24.554+0000] {processor.py:826} INFO - Processing file /home/airflow/.local/lib/python3.7/site-packages/airflow/example_dags/example_branch_labels.py for tasks to queue
[2023-06-09T06:16:24.555+0000] {logging_mixin.py:149} INFO - [2023-06-09T06:16:24.555+0000] {dagbag.py:541} INFO - Filling up the DagBag from /home/airflow/.local/lib/python3.7/site-packages/airflow/example_dags/example_branch_labels.py
[2023-06-09T06:16:24.585+0000] {processor.py:836} INFO - DAG(s) dict_keys(['example_branch_labels']) retrieved from /home/airflow/.local/lib/python3.7/site-packages/airflow/example_dags/example_branch_labels.py
[2023-06-09T06:16:24.690+0000] {logging_mixin.py:149} INFO - [2023-06-09T06:16:24.690+0000] {dag.py:2726} INFO - Sync 1 DAGs
[2023-06-09T06:16:24.747+0000] {logging_mixin.py:149} INFO - [2023-06-09T06:16:24.747+0000] {dag.py:3490} INFO - Setting next_dagrun for example_branch_labels to 2023-06-08T00:00:00+00:00, run_after=2023-06-09T00:00:00+00:00
[2023-06-09T06:16:24.769+0000] {processor.py:179} INFO - Processing /home/airflow/.local/lib/python3.7/site-packages/airflow/example_dags/example_branch_labels.py took 0.222 seconds
[2023-06-09T06:16:55.097+0000] {processor.py:157} INFO - Started process (PID=2117) to work on /home/airflow/.local/lib/python3.7/site-packages/airflow/example_dags/example_branch_labels.py
[2023-06-09T06:16:55.099+0000] {processor.py:826} INFO - Processing file /home/airflow/.local/lib/python3.7/site-packages/airflow/example_dags/example_branch_labels.py for tasks to queue
[2023-06-09T06:16:55.099+0000] {logging_mixin.py:149} INFO - [2023-06-09T06:16:55.099+0000] {dagbag.py:541} INFO - Filling up the DagBag from /home/airflow/.local/lib/python3.7/site-packages/airflow/example_dags/example_branch_labels.py
[2023-06-09T06:16:55.109+0000] {processor.py:836} INFO - DAG(s) dict_keys(['example_branch_labels']) retrieved from /home/airflow/.local/lib/python3.7/site-packages/airflow/example_dags/example_branch_labels.py
[2023-06-09T06:16:55.142+0000] {logging_mixin.py:149} INFO - [2023-06-09T06:16:55.142+0000] {dag.py:2726} INFO - Sync 1 DAGs
[2023-06-09T06:16:55.179+0000] {logging_mixin.py:149} INFO - [2023-06-09T06:16:55.179+0000] {dag.py:3490} INFO - Setting next_dagrun for example_branch_labels to 2023-06-08T00:00:00+00:00, run_after=2023-06-09T00:00:00+00:00
[2023-06-09T06:16:55.205+0000] {processor.py:179} INFO - Processing /home/airflow/.local/lib/python3.7/site-packages/airflow/example_dags/example_branch_labels.py took 0.111 seconds
[2023-06-09T06:17:25.249+0000] {processor.py:157} INFO - Started process (PID=2171) to work on /home/airflow/.local/lib/python3.7/site-packages/airflow/example_dags/example_branch_labels.py
[2023-06-09T06:17:25.250+0000] {processor.py:826} INFO - Processing file /home/airflow/.local/lib/python3.7/site-packages/airflow/example_dags/example_branch_labels.py for tasks to queue
[2023-06-09T06:17:25.251+0000] {logging_mixin.py:149} INFO - [2023-06-09T06:17:25.251+0000] {dagbag.py:541} INFO - Filling up the DagBag from /home/airflow/.local/lib/python3.7/site-packages/airflow/example_dags/example_branch_labels.py
[2023-06-09T06:17:25.261+0000] {processor.py:836} INFO - DAG(s) dict_keys(['example_branch_labels']) retrieved from /home/airflow/.local/lib/python3.7/site-packages/airflow/example_dags/example_branch_labels.py
[2023-06-09T06:17:25.294+0000] {logging_mixin.py:149} INFO - [2023-06-09T06:17:25.294+0000] {dag.py:2726} INFO - Sync 1 DAGs
[2023-06-09T06:17:25.330+0000] {logging_mixin.py:149} INFO - [2023-06-09T06:17:25.329+0000] {dag.py:3490} INFO - Setting next_dagrun for example_branch_labels to 2023-06-08T00:00:00+00:00, run_after=2023-06-09T00:00:00+00:00
[2023-06-09T06:17:25.352+0000] {processor.py:179} INFO - Processing /home/airflow/.local/lib/python3.7/site-packages/airflow/example_dags/example_branch_labels.py took 0.108 seconds
[2023-06-09T06:17:55.693+0000] {processor.py:157} INFO - Started process (PID=2225) to work on /home/airflow/.local/lib/python3.7/site-packages/airflow/example_dags/example_branch_labels.py
[2023-06-09T06:17:55.694+0000] {processor.py:826} INFO - Processing file /home/airflow/.local/lib/python3.7/site-packages/airflow/example_dags/example_branch_labels.py for tasks to queue
[2023-06-09T06:17:55.695+0000] {logging_mixin.py:149} INFO - [2023-06-09T06:17:55.695+0000] {dagbag.py:541} INFO - Filling up the DagBag from /home/airflow/.local/lib/python3.7/site-packages/airflow/example_dags/example_branch_labels.py
[2023-06-09T06:17:55.705+0000] {processor.py:836} INFO - DAG(s) dict_keys(['example_branch_labels']) retrieved from /home/airflow/.local/lib/python3.7/site-packages/airflow/example_dags/example_branch_labels.py
[2023-06-09T06:17:55.738+0000] {logging_mixin.py:149} INFO - [2023-06-09T06:17:55.737+0000] {dag.py:2726} INFO - Sync 1 DAGs
[2023-06-09T06:17:55.774+0000] {logging_mixin.py:149} INFO - [2023-06-09T06:17:55.773+0000] {dag.py:3490} INFO - Setting next_dagrun for example_branch_labels to 2023-06-08T00:00:00+00:00, run_after=2023-06-09T00:00:00+00:00
[2023-06-09T06:17:55.797+0000] {processor.py:179} INFO - Processing /home/airflow/.local/lib/python3.7/site-packages/airflow/example_dags/example_branch_labels.py took 0.108 seconds
[2023-06-09T06:18:26.285+0000] {processor.py:157} INFO - Started process (PID=2279) to work on /home/airflow/.local/lib/python3.7/site-packages/airflow/example_dags/example_branch_labels.py
[2023-06-09T06:18:26.286+0000] {processor.py:826} INFO - Processing file /home/airflow/.local/lib/python3.7/site-packages/airflow/example_dags/example_branch_labels.py for tasks to queue
[2023-06-09T06:18:26.286+0000] {logging_mixin.py:149} INFO - [2023-06-09T06:18:26.286+0000] {dagbag.py:541} INFO - Filling up the DagBag from /home/airflow/.local/lib/python3.7/site-packages/airflow/example_dags/example_branch_labels.py
[2023-06-09T06:18:26.297+0000] {processor.py:836} INFO - DAG(s) dict_keys(['example_branch_labels']) retrieved from /home/airflow/.local/lib/python3.7/site-packages/airflow/example_dags/example_branch_labels.py
[2023-06-09T06:18:26.329+0000] {logging_mixin.py:149} INFO - [2023-06-09T06:18:26.329+0000] {dag.py:2726} INFO - Sync 1 DAGs
[2023-06-09T06:18:26.366+0000] {logging_mixin.py:149} INFO - [2023-06-09T06:18:26.366+0000] {dag.py:3490} INFO - Setting next_dagrun for example_branch_labels to 2023-06-08T00:00:00+00:00, run_after=2023-06-09T00:00:00+00:00
[2023-06-09T06:18:26.388+0000] {processor.py:179} INFO - Processing /home/airflow/.local/lib/python3.7/site-packages/airflow/example_dags/example_branch_labels.py took 0.108 seconds
[2023-06-09T06:18:57.023+0000] {processor.py:157} INFO - Started process (PID=2333) to work on /home/airflow/.local/lib/python3.7/site-packages/airflow/example_dags/example_branch_labels.py
[2023-06-09T06:18:57.024+0000] {processor.py:826} INFO - Processing file /home/airflow/.local/lib/python3.7/site-packages/airflow/example_dags/example_branch_labels.py for tasks to queue
[2023-06-09T06:18:57.025+0000] {logging_mixin.py:149} INFO - [2023-06-09T06:18:57.025+0000] {dagbag.py:541} INFO - Filling up the DagBag from /home/airflow/.local/lib/python3.7/site-packages/airflow/example_dags/example_branch_labels.py
[2023-06-09T06:18:57.035+0000] {processor.py:836} INFO - DAG(s) dict_keys(['example_branch_labels']) retrieved from /home/airflow/.local/lib/python3.7/site-packages/airflow/example_dags/example_branch_labels.py
[2023-06-09T06:18:57.068+0000] {logging_mixin.py:149} INFO - [2023-06-09T06:18:57.067+0000] {dag.py:2726} INFO - Sync 1 DAGs
[2023-06-09T06:18:57.104+0000] {logging_mixin.py:149} INFO - [2023-06-09T06:18:57.104+0000] {dag.py:3490} INFO - Setting next_dagrun for example_branch_labels to 2023-06-08T00:00:00+00:00, run_after=2023-06-09T00:00:00+00:00
[2023-06-09T06:18:57.127+0000] {processor.py:179} INFO - Processing /home/airflow/.local/lib/python3.7/site-packages/airflow/example_dags/example_branch_labels.py took 0.108 seconds
[2023-06-09T06:19:27.213+0000] {processor.py:157} INFO - Started process (PID=2387) to work on /home/airflow/.local/lib/python3.7/site-packages/airflow/example_dags/example_branch_labels.py
[2023-06-09T06:19:27.215+0000] {processor.py:826} INFO - Processing file /home/airflow/.local/lib/python3.7/site-packages/airflow/example_dags/example_branch_labels.py for tasks to queue
[2023-06-09T06:19:27.216+0000] {logging_mixin.py:149} INFO - [2023-06-09T06:19:27.216+0000] {dagbag.py:541} INFO - Filling up the DagBag from /home/airflow/.local/lib/python3.7/site-packages/airflow/example_dags/example_branch_labels.py
[2023-06-09T06:19:27.230+0000] {processor.py:836} INFO - DAG(s) dict_keys(['example_branch_labels']) retrieved from /home/airflow/.local/lib/python3.7/site-packages/airflow/example_dags/example_branch_labels.py
[2023-06-09T06:19:27.263+0000] {logging_mixin.py:149} INFO - [2023-06-09T06:19:27.262+0000] {dag.py:2726} INFO - Sync 1 DAGs
[2023-06-09T06:19:27.299+0000] {logging_mixin.py:149} INFO - [2023-06-09T06:19:27.299+0000] {dag.py:3490} INFO - Setting next_dagrun for example_branch_labels to 2023-06-08T00:00:00+00:00, run_after=2023-06-09T00:00:00+00:00
[2023-06-09T06:19:27.322+0000] {processor.py:179} INFO - Processing /home/airflow/.local/lib/python3.7/site-packages/airflow/example_dags/example_branch_labels.py took 0.115 seconds
[2023-06-09T06:19:57.518+0000] {processor.py:157} INFO - Started process (PID=2442) to work on /home/airflow/.local/lib/python3.7/site-packages/airflow/example_dags/example_branch_labels.py
[2023-06-09T06:19:57.519+0000] {processor.py:826} INFO - Processing file /home/airflow/.local/lib/python3.7/site-packages/airflow/example_dags/example_branch_labels.py for tasks to queue
[2023-06-09T06:19:57.520+0000] {logging_mixin.py:149} INFO - [2023-06-09T06:19:57.520+0000] {dagbag.py:541} INFO - Filling up the DagBag from /home/airflow/.local/lib/python3.7/site-packages/airflow/example_dags/example_branch_labels.py
[2023-06-09T06:19:57.557+0000] {processor.py:836} INFO - DAG(s) dict_keys(['example_branch_labels']) retrieved from /home/airflow/.local/lib/python3.7/site-packages/airflow/example_dags/example_branch_labels.py
[2023-06-09T06:19:57.589+0000] {logging_mixin.py:149} INFO - [2023-06-09T06:19:57.589+0000] {dag.py:2726} INFO - Sync 1 DAGs
[2023-06-09T06:19:57.626+0000] {logging_mixin.py:149} INFO - [2023-06-09T06:19:57.625+0000] {dag.py:3490} INFO - Setting next_dagrun for example_branch_labels to 2023-06-08T00:00:00+00:00, run_after=2023-06-09T00:00:00+00:00
[2023-06-09T06:19:57.648+0000] {processor.py:179} INFO - Processing /home/airflow/.local/lib/python3.7/site-packages/airflow/example_dags/example_branch_labels.py took 0.134 seconds
[2023-06-09T06:20:28.044+0000] {processor.py:157} INFO - Started process (PID=2496) to work on /home/airflow/.local/lib/python3.7/site-packages/airflow/example_dags/example_branch_labels.py
[2023-06-09T06:20:28.048+0000] {processor.py:826} INFO - Processing file /home/airflow/.local/lib/python3.7/site-packages/airflow/example_dags/example_branch_labels.py for tasks to queue
[2023-06-09T06:20:28.049+0000] {logging_mixin.py:149} INFO - [2023-06-09T06:20:28.049+0000] {dagbag.py:541} INFO - Filling up the DagBag from /home/airflow/.local/lib/python3.7/site-packages/airflow/example_dags/example_branch_labels.py
[2023-06-09T06:20:28.065+0000] {processor.py:836} INFO - DAG(s) dict_keys(['example_branch_labels']) retrieved from /home/airflow/.local/lib/python3.7/site-packages/airflow/example_dags/example_branch_labels.py
[2023-06-09T06:20:28.099+0000] {logging_mixin.py:149} INFO - [2023-06-09T06:20:28.098+0000] {dag.py:2726} INFO - Sync 1 DAGs
[2023-06-09T06:20:28.140+0000] {logging_mixin.py:149} INFO - [2023-06-09T06:20:28.140+0000] {dag.py:3490} INFO - Setting next_dagrun for example_branch_labels to 2023-06-08T00:00:00+00:00, run_after=2023-06-09T00:00:00+00:00
[2023-06-09T06:20:28.170+0000] {processor.py:179} INFO - Processing /home/airflow/.local/lib/python3.7/site-packages/airflow/example_dags/example_branch_labels.py took 0.137 seconds
[2023-06-09T06:20:58.294+0000] {processor.py:157} INFO - Started process (PID=2550) to work on /home/airflow/.local/lib/python3.7/site-packages/airflow/example_dags/example_branch_labels.py
[2023-06-09T06:20:58.302+0000] {processor.py:826} INFO - Processing file /home/airflow/.local/lib/python3.7/site-packages/airflow/example_dags/example_branch_labels.py for tasks to queue
[2023-06-09T06:20:58.304+0000] {logging_mixin.py:149} INFO - [2023-06-09T06:20:58.304+0000] {dagbag.py:541} INFO - Filling up the DagBag from /home/airflow/.local/lib/python3.7/site-packages/airflow/example_dags/example_branch_labels.py
[2023-06-09T06:20:58.314+0000] {processor.py:836} INFO - DAG(s) dict_keys(['example_branch_labels']) retrieved from /home/airflow/.local/lib/python3.7/site-packages/airflow/example_dags/example_branch_labels.py
[2023-06-09T06:20:58.348+0000] {logging_mixin.py:149} INFO - [2023-06-09T06:20:58.348+0000] {dag.py:2726} INFO - Sync 1 DAGs
[2023-06-09T06:20:58.386+0000] {logging_mixin.py:149} INFO - [2023-06-09T06:20:58.385+0000] {dag.py:3490} INFO - Setting next_dagrun for example_branch_labels to 2023-06-08T00:00:00+00:00, run_after=2023-06-09T00:00:00+00:00
[2023-06-09T06:20:58.408+0000] {processor.py:179} INFO - Processing /home/airflow/.local/lib/python3.7/site-packages/airflow/example_dags/example_branch_labels.py took 0.119 seconds
[2023-06-09T06:21:29.080+0000] {processor.py:157} INFO - Started process (PID=2604) to work on /home/airflow/.local/lib/python3.7/site-packages/airflow/example_dags/example_branch_labels.py
[2023-06-09T06:21:29.081+0000] {processor.py:826} INFO - Processing file /home/airflow/.local/lib/python3.7/site-packages/airflow/example_dags/example_branch_labels.py for tasks to queue
[2023-06-09T06:21:29.082+0000] {logging_mixin.py:149} INFO - [2023-06-09T06:21:29.082+0000] {dagbag.py:541} INFO - Filling up the DagBag from /home/airflow/.local/lib/python3.7/site-packages/airflow/example_dags/example_branch_labels.py
[2023-06-09T06:21:29.092+0000] {processor.py:836} INFO - DAG(s) dict_keys(['example_branch_labels']) retrieved from /home/airflow/.local/lib/python3.7/site-packages/airflow/example_dags/example_branch_labels.py
[2023-06-09T06:21:29.130+0000] {logging_mixin.py:149} INFO - [2023-06-09T06:21:29.130+0000] {dag.py:2726} INFO - Sync 1 DAGs
[2023-06-09T06:21:29.166+0000] {logging_mixin.py:149} INFO - [2023-06-09T06:21:29.166+0000] {dag.py:3490} INFO - Setting next_dagrun for example_branch_labels to 2023-06-08T00:00:00+00:00, run_after=2023-06-09T00:00:00+00:00
[2023-06-09T06:21:29.191+0000] {processor.py:179} INFO - Processing /home/airflow/.local/lib/python3.7/site-packages/airflow/example_dags/example_branch_labels.py took 0.116 seconds
[2023-06-09T06:21:59.483+0000] {processor.py:157} INFO - Started process (PID=2658) to work on /home/airflow/.local/lib/python3.7/site-packages/airflow/example_dags/example_branch_labels.py
[2023-06-09T06:21:59.486+0000] {processor.py:826} INFO - Processing file /home/airflow/.local/lib/python3.7/site-packages/airflow/example_dags/example_branch_labels.py for tasks to queue
[2023-06-09T06:21:59.488+0000] {logging_mixin.py:149} INFO - [2023-06-09T06:21:59.488+0000] {dagbag.py:541} INFO - Filling up the DagBag from /home/airflow/.local/lib/python3.7/site-packages/airflow/example_dags/example_branch_labels.py
[2023-06-09T06:21:59.505+0000] {processor.py:836} INFO - DAG(s) dict_keys(['example_branch_labels']) retrieved from /home/airflow/.local/lib/python3.7/site-packages/airflow/example_dags/example_branch_labels.py
[2023-06-09T06:21:59.537+0000] {logging_mixin.py:149} INFO - [2023-06-09T06:21:59.537+0000] {dag.py:2726} INFO - Sync 1 DAGs
[2023-06-09T06:21:59.573+0000] {logging_mixin.py:149} INFO - [2023-06-09T06:21:59.573+0000] {dag.py:3490} INFO - Setting next_dagrun for example_branch_labels to 2023-06-08T00:00:00+00:00, run_after=2023-06-09T00:00:00+00:00
[2023-06-09T06:21:59.596+0000] {processor.py:179} INFO - Processing /home/airflow/.local/lib/python3.7/site-packages/airflow/example_dags/example_branch_labels.py took 0.125 seconds
[2023-06-09T06:22:30.252+0000] {processor.py:157} INFO - Started process (PID=2712) to work on /home/airflow/.local/lib/python3.7/site-packages/airflow/example_dags/example_branch_labels.py
[2023-06-09T06:22:30.255+0000] {processor.py:826} INFO - Processing file /home/airflow/.local/lib/python3.7/site-packages/airflow/example_dags/example_branch_labels.py for tasks to queue
[2023-06-09T06:22:30.258+0000] {logging_mixin.py:149} INFO - [2023-06-09T06:22:30.258+0000] {dagbag.py:541} INFO - Filling up the DagBag from /home/airflow/.local/lib/python3.7/site-packages/airflow/example_dags/example_branch_labels.py
[2023-06-09T06:22:30.280+0000] {processor.py:836} INFO - DAG(s) dict_keys(['example_branch_labels']) retrieved from /home/airflow/.local/lib/python3.7/site-packages/airflow/example_dags/example_branch_labels.py
[2023-06-09T06:22:30.324+0000] {logging_mixin.py:149} INFO - [2023-06-09T06:22:30.324+0000] {dag.py:2726} INFO - Sync 1 DAGs
[2023-06-09T06:22:30.360+0000] {logging_mixin.py:149} INFO - [2023-06-09T06:22:30.360+0000] {dag.py:3490} INFO - Setting next_dagrun for example_branch_labels to 2023-06-08T00:00:00+00:00, run_after=2023-06-09T00:00:00+00:00
[2023-06-09T06:22:30.384+0000] {processor.py:179} INFO - Processing /home/airflow/.local/lib/python3.7/site-packages/airflow/example_dags/example_branch_labels.py took 0.136 seconds
[2023-06-09T06:23:00.553+0000] {processor.py:157} INFO - Started process (PID=2766) to work on /home/airflow/.local/lib/python3.7/site-packages/airflow/example_dags/example_branch_labels.py
[2023-06-09T06:23:00.554+0000] {processor.py:826} INFO - Processing file /home/airflow/.local/lib/python3.7/site-packages/airflow/example_dags/example_branch_labels.py for tasks to queue
[2023-06-09T06:23:00.555+0000] {logging_mixin.py:149} INFO - [2023-06-09T06:23:00.555+0000] {dagbag.py:541} INFO - Filling up the DagBag from /home/airflow/.local/lib/python3.7/site-packages/airflow/example_dags/example_branch_labels.py
[2023-06-09T06:23:00.565+0000] {processor.py:836} INFO - DAG(s) dict_keys(['example_branch_labels']) retrieved from /home/airflow/.local/lib/python3.7/site-packages/airflow/example_dags/example_branch_labels.py
[2023-06-09T06:23:00.597+0000] {logging_mixin.py:149} INFO - [2023-06-09T06:23:00.596+0000] {dag.py:2726} INFO - Sync 1 DAGs
[2023-06-09T06:23:00.631+0000] {logging_mixin.py:149} INFO - [2023-06-09T06:23:00.631+0000] {dag.py:3490} INFO - Setting next_dagrun for example_branch_labels to 2023-06-08T00:00:00+00:00, run_after=2023-06-09T00:00:00+00:00
[2023-06-09T06:23:00.654+0000] {processor.py:179} INFO - Processing /home/airflow/.local/lib/python3.7/site-packages/airflow/example_dags/example_branch_labels.py took 0.104 seconds
[2023-06-09T06:23:30.952+0000] {processor.py:157} INFO - Started process (PID=2820) to work on /home/airflow/.local/lib/python3.7/site-packages/airflow/example_dags/example_branch_labels.py
[2023-06-09T06:23:30.953+0000] {processor.py:826} INFO - Processing file /home/airflow/.local/lib/python3.7/site-packages/airflow/example_dags/example_branch_labels.py for tasks to queue
[2023-06-09T06:23:30.954+0000] {logging_mixin.py:149} INFO - [2023-06-09T06:23:30.953+0000] {dagbag.py:541} INFO - Filling up the DagBag from /home/airflow/.local/lib/python3.7/site-packages/airflow/example_dags/example_branch_labels.py
[2023-06-09T06:23:30.967+0000] {processor.py:836} INFO - DAG(s) dict_keys(['example_branch_labels']) retrieved from /home/airflow/.local/lib/python3.7/site-packages/airflow/example_dags/example_branch_labels.py
[2023-06-09T06:23:30.999+0000] {logging_mixin.py:149} INFO - [2023-06-09T06:23:30.998+0000] {dag.py:2726} INFO - Sync 1 DAGs
[2023-06-09T06:23:31.034+0000] {logging_mixin.py:149} INFO - [2023-06-09T06:23:31.034+0000] {dag.py:3490} INFO - Setting next_dagrun for example_branch_labels to 2023-06-08T00:00:00+00:00, run_after=2023-06-09T00:00:00+00:00
[2023-06-09T06:23:31.055+0000] {processor.py:179} INFO - Processing /home/airflow/.local/lib/python3.7/site-packages/airflow/example_dags/example_branch_labels.py took 0.109 seconds
[2023-06-09T06:24:01.326+0000] {processor.py:157} INFO - Started process (PID=2873) to work on /home/airflow/.local/lib/python3.7/site-packages/airflow/example_dags/example_branch_labels.py
[2023-06-09T06:24:01.327+0000] {processor.py:826} INFO - Processing file /home/airflow/.local/lib/python3.7/site-packages/airflow/example_dags/example_branch_labels.py for tasks to queue
[2023-06-09T06:24:01.328+0000] {logging_mixin.py:149} INFO - [2023-06-09T06:24:01.328+0000] {dagbag.py:541} INFO - Filling up the DagBag from /home/airflow/.local/lib/python3.7/site-packages/airflow/example_dags/example_branch_labels.py
[2023-06-09T06:24:01.338+0000] {processor.py:836} INFO - DAG(s) dict_keys(['example_branch_labels']) retrieved from /home/airflow/.local/lib/python3.7/site-packages/airflow/example_dags/example_branch_labels.py
[2023-06-09T06:24:01.374+0000] {logging_mixin.py:149} INFO - [2023-06-09T06:24:01.374+0000] {dag.py:2726} INFO - Sync 1 DAGs
[2023-06-09T06:24:01.410+0000] {logging_mixin.py:149} INFO - [2023-06-09T06:24:01.410+0000] {dag.py:3490} INFO - Setting next_dagrun for example_branch_labels to 2023-06-08T00:00:00+00:00, run_after=2023-06-09T00:00:00+00:00
[2023-06-09T06:24:01.435+0000] {processor.py:179} INFO - Processing /home/airflow/.local/lib/python3.7/site-packages/airflow/example_dags/example_branch_labels.py took 0.113 seconds
[2023-06-09T06:24:32.288+0000] {processor.py:157} INFO - Started process (PID=2927) to work on /home/airflow/.local/lib/python3.7/site-packages/airflow/example_dags/example_branch_labels.py
[2023-06-09T06:24:32.289+0000] {processor.py:826} INFO - Processing file /home/airflow/.local/lib/python3.7/site-packages/airflow/example_dags/example_branch_labels.py for tasks to queue
[2023-06-09T06:24:32.290+0000] {logging_mixin.py:149} INFO - [2023-06-09T06:24:32.289+0000] {dagbag.py:541} INFO - Filling up the DagBag from /home/airflow/.local/lib/python3.7/site-packages/airflow/example_dags/example_branch_labels.py
[2023-06-09T06:24:32.300+0000] {processor.py:836} INFO - DAG(s) dict_keys(['example_branch_labels']) retrieved from /home/airflow/.local/lib/python3.7/site-packages/airflow/example_dags/example_branch_labels.py
[2023-06-09T06:24:32.385+0000] {logging_mixin.py:149} INFO - [2023-06-09T06:24:32.385+0000] {dag.py:2726} INFO - Sync 1 DAGs
[2023-06-09T06:24:32.424+0000] {logging_mixin.py:149} INFO - [2023-06-09T06:24:32.424+0000] {dag.py:3490} INFO - Setting next_dagrun for example_branch_labels to 2023-06-08T00:00:00+00:00, run_after=2023-06-09T00:00:00+00:00
[2023-06-09T06:24:32.446+0000] {processor.py:179} INFO - Processing /home/airflow/.local/lib/python3.7/site-packages/airflow/example_dags/example_branch_labels.py took 0.163 seconds
[2023-06-09T06:25:02.805+0000] {processor.py:157} INFO - Started process (PID=2981) to work on /home/airflow/.local/lib/python3.7/site-packages/airflow/example_dags/example_branch_labels.py
[2023-06-09T06:25:02.806+0000] {processor.py:826} INFO - Processing file /home/airflow/.local/lib/python3.7/site-packages/airflow/example_dags/example_branch_labels.py for tasks to queue
[2023-06-09T06:25:02.807+0000] {logging_mixin.py:149} INFO - [2023-06-09T06:25:02.807+0000] {dagbag.py:541} INFO - Filling up the DagBag from /home/airflow/.local/lib/python3.7/site-packages/airflow/example_dags/example_branch_labels.py
[2023-06-09T06:25:02.824+0000] {processor.py:836} INFO - DAG(s) dict_keys(['example_branch_labels']) retrieved from /home/airflow/.local/lib/python3.7/site-packages/airflow/example_dags/example_branch_labels.py
[2023-06-09T06:25:02.857+0000] {logging_mixin.py:149} INFO - [2023-06-09T06:25:02.857+0000] {dag.py:2726} INFO - Sync 1 DAGs
[2023-06-09T06:25:02.896+0000] {logging_mixin.py:149} INFO - [2023-06-09T06:25:02.895+0000] {dag.py:3490} INFO - Setting next_dagrun for example_branch_labels to 2023-06-08T00:00:00+00:00, run_after=2023-06-09T00:00:00+00:00
[2023-06-09T06:25:02.919+0000] {processor.py:179} INFO - Processing /home/airflow/.local/lib/python3.7/site-packages/airflow/example_dags/example_branch_labels.py took 0.119 seconds
[2023-06-09T06:25:33.944+0000] {processor.py:157} INFO - Started process (PID=3035) to work on /home/airflow/.local/lib/python3.7/site-packages/airflow/example_dags/example_branch_labels.py
[2023-06-09T06:25:33.949+0000] {processor.py:826} INFO - Processing file /home/airflow/.local/lib/python3.7/site-packages/airflow/example_dags/example_branch_labels.py for tasks to queue
[2023-06-09T06:25:33.951+0000] {logging_mixin.py:149} INFO - [2023-06-09T06:25:33.950+0000] {dagbag.py:541} INFO - Filling up the DagBag from /home/airflow/.local/lib/python3.7/site-packages/airflow/example_dags/example_branch_labels.py
[2023-06-09T06:25:33.962+0000] {processor.py:836} INFO - DAG(s) dict_keys(['example_branch_labels']) retrieved from /home/airflow/.local/lib/python3.7/site-packages/airflow/example_dags/example_branch_labels.py
[2023-06-09T06:25:34.014+0000] {logging_mixin.py:149} INFO - [2023-06-09T06:25:34.014+0000] {dag.py:2726} INFO - Sync 1 DAGs
[2023-06-09T06:25:34.053+0000] {logging_mixin.py:149} INFO - [2023-06-09T06:25:34.053+0000] {dag.py:3490} INFO - Setting next_dagrun for example_branch_labels to 2023-06-08T00:00:00+00:00, run_after=2023-06-09T00:00:00+00:00
[2023-06-09T06:25:34.078+0000] {processor.py:179} INFO - Processing /home/airflow/.local/lib/python3.7/site-packages/airflow/example_dags/example_branch_labels.py took 0.137 seconds
[2023-06-09T06:26:04.939+0000] {processor.py:157} INFO - Started process (PID=3090) to work on /home/airflow/.local/lib/python3.7/site-packages/airflow/example_dags/example_branch_labels.py
[2023-06-09T06:26:04.940+0000] {processor.py:826} INFO - Processing file /home/airflow/.local/lib/python3.7/site-packages/airflow/example_dags/example_branch_labels.py for tasks to queue
[2023-06-09T06:26:04.941+0000] {logging_mixin.py:149} INFO - [2023-06-09T06:26:04.940+0000] {dagbag.py:541} INFO - Filling up the DagBag from /home/airflow/.local/lib/python3.7/site-packages/airflow/example_dags/example_branch_labels.py
[2023-06-09T06:26:04.951+0000] {processor.py:836} INFO - DAG(s) dict_keys(['example_branch_labels']) retrieved from /home/airflow/.local/lib/python3.7/site-packages/airflow/example_dags/example_branch_labels.py
[2023-06-09T06:26:04.984+0000] {logging_mixin.py:149} INFO - [2023-06-09T06:26:04.984+0000] {dag.py:2726} INFO - Sync 1 DAGs
[2023-06-09T06:26:05.021+0000] {logging_mixin.py:149} INFO - [2023-06-09T06:26:05.021+0000] {dag.py:3490} INFO - Setting next_dagrun for example_branch_labels to 2023-06-08T00:00:00+00:00, run_after=2023-06-09T00:00:00+00:00
[2023-06-09T06:26:05.054+0000] {processor.py:179} INFO - Processing /home/airflow/.local/lib/python3.7/site-packages/airflow/example_dags/example_branch_labels.py took 0.123 seconds
[2023-06-09T06:26:35.151+0000] {processor.py:157} INFO - Started process (PID=3143) to work on /home/airflow/.local/lib/python3.7/site-packages/airflow/example_dags/example_branch_labels.py
[2023-06-09T06:26:35.152+0000] {processor.py:826} INFO - Processing file /home/airflow/.local/lib/python3.7/site-packages/airflow/example_dags/example_branch_labels.py for tasks to queue
[2023-06-09T06:26:35.153+0000] {logging_mixin.py:149} INFO - [2023-06-09T06:26:35.153+0000] {dagbag.py:541} INFO - Filling up the DagBag from /home/airflow/.local/lib/python3.7/site-packages/airflow/example_dags/example_branch_labels.py
[2023-06-09T06:26:35.166+0000] {processor.py:836} INFO - DAG(s) dict_keys(['example_branch_labels']) retrieved from /home/airflow/.local/lib/python3.7/site-packages/airflow/example_dags/example_branch_labels.py
[2023-06-09T06:26:35.203+0000] {logging_mixin.py:149} INFO - [2023-06-09T06:26:35.202+0000] {dag.py:2726} INFO - Sync 1 DAGs
[2023-06-09T06:26:35.238+0000] {logging_mixin.py:149} INFO - [2023-06-09T06:26:35.238+0000] {dag.py:3490} INFO - Setting next_dagrun for example_branch_labels to 2023-06-08T00:00:00+00:00, run_after=2023-06-09T00:00:00+00:00
[2023-06-09T06:26:35.260+0000] {processor.py:179} INFO - Processing /home/airflow/.local/lib/python3.7/site-packages/airflow/example_dags/example_branch_labels.py took 0.113 seconds
[2023-06-09T06:27:05.770+0000] {processor.py:157} INFO - Started process (PID=3200) to work on /home/airflow/.local/lib/python3.7/site-packages/airflow/example_dags/example_branch_labels.py
[2023-06-09T06:27:05.773+0000] {processor.py:826} INFO - Processing file /home/airflow/.local/lib/python3.7/site-packages/airflow/example_dags/example_branch_labels.py for tasks to queue
[2023-06-09T06:27:05.778+0000] {logging_mixin.py:149} INFO - [2023-06-09T06:27:05.777+0000] {dagbag.py:541} INFO - Filling up the DagBag from /home/airflow/.local/lib/python3.7/site-packages/airflow/example_dags/example_branch_labels.py
[2023-06-09T06:27:05.803+0000] {processor.py:836} INFO - DAG(s) dict_keys(['example_branch_labels']) retrieved from /home/airflow/.local/lib/python3.7/site-packages/airflow/example_dags/example_branch_labels.py
[2023-06-09T06:27:05.850+0000] {logging_mixin.py:149} INFO - [2023-06-09T06:27:05.850+0000] {dag.py:2726} INFO - Sync 1 DAGs
[2023-06-09T06:27:05.887+0000] {logging_mixin.py:149} INFO - [2023-06-09T06:27:05.887+0000] {dag.py:3490} INFO - Setting next_dagrun for example_branch_labels to 2023-06-08T00:00:00+00:00, run_after=2023-06-09T00:00:00+00:00
[2023-06-09T06:27:05.927+0000] {processor.py:179} INFO - Processing /home/airflow/.local/lib/python3.7/site-packages/airflow/example_dags/example_branch_labels.py took 0.160 seconds
[2023-06-09T06:27:36.231+0000] {processor.py:157} INFO - Started process (PID=3254) to work on /home/airflow/.local/lib/python3.7/site-packages/airflow/example_dags/example_branch_labels.py
[2023-06-09T06:27:36.232+0000] {processor.py:826} INFO - Processing file /home/airflow/.local/lib/python3.7/site-packages/airflow/example_dags/example_branch_labels.py for tasks to queue
[2023-06-09T06:27:36.233+0000] {logging_mixin.py:149} INFO - [2023-06-09T06:27:36.232+0000] {dagbag.py:541} INFO - Filling up the DagBag from /home/airflow/.local/lib/python3.7/site-packages/airflow/example_dags/example_branch_labels.py
[2023-06-09T06:27:36.242+0000] {processor.py:836} INFO - DAG(s) dict_keys(['example_branch_labels']) retrieved from /home/airflow/.local/lib/python3.7/site-packages/airflow/example_dags/example_branch_labels.py
[2023-06-09T06:27:36.273+0000] {logging_mixin.py:149} INFO - [2023-06-09T06:27:36.273+0000] {dag.py:2726} INFO - Sync 1 DAGs
[2023-06-09T06:27:36.307+0000] {logging_mixin.py:149} INFO - [2023-06-09T06:27:36.306+0000] {dag.py:3490} INFO - Setting next_dagrun for example_branch_labels to 2023-06-08T00:00:00+00:00, run_after=2023-06-09T00:00:00+00:00
[2023-06-09T06:27:36.329+0000] {processor.py:179} INFO - Processing /home/airflow/.local/lib/python3.7/site-packages/airflow/example_dags/example_branch_labels.py took 0.103 seconds
[2023-06-09T06:28:06.760+0000] {processor.py:157} INFO - Started process (PID=3308) to work on /home/airflow/.local/lib/python3.7/site-packages/airflow/example_dags/example_branch_labels.py
[2023-06-09T06:28:06.761+0000] {processor.py:826} INFO - Processing file /home/airflow/.local/lib/python3.7/site-packages/airflow/example_dags/example_branch_labels.py for tasks to queue
[2023-06-09T06:28:06.762+0000] {logging_mixin.py:149} INFO - [2023-06-09T06:28:06.762+0000] {dagbag.py:541} INFO - Filling up the DagBag from /home/airflow/.local/lib/python3.7/site-packages/airflow/example_dags/example_branch_labels.py
[2023-06-09T06:28:06.772+0000] {processor.py:836} INFO - DAG(s) dict_keys(['example_branch_labels']) retrieved from /home/airflow/.local/lib/python3.7/site-packages/airflow/example_dags/example_branch_labels.py
[2023-06-09T06:28:06.803+0000] {logging_mixin.py:149} INFO - [2023-06-09T06:28:06.803+0000] {dag.py:2726} INFO - Sync 1 DAGs
[2023-06-09T06:28:06.837+0000] {logging_mixin.py:149} INFO - [2023-06-09T06:28:06.837+0000] {dag.py:3490} INFO - Setting next_dagrun for example_branch_labels to 2023-06-08T00:00:00+00:00, run_after=2023-06-09T00:00:00+00:00
[2023-06-09T06:28:06.860+0000] {processor.py:179} INFO - Processing /home/airflow/.local/lib/python3.7/site-packages/airflow/example_dags/example_branch_labels.py took 0.104 seconds
[2023-06-09T06:28:37.277+0000] {processor.py:157} INFO - Started process (PID=3362) to work on /home/airflow/.local/lib/python3.7/site-packages/airflow/example_dags/example_branch_labels.py
[2023-06-09T06:28:37.278+0000] {processor.py:826} INFO - Processing file /home/airflow/.local/lib/python3.7/site-packages/airflow/example_dags/example_branch_labels.py for tasks to queue
[2023-06-09T06:28:37.279+0000] {logging_mixin.py:149} INFO - [2023-06-09T06:28:37.279+0000] {dagbag.py:541} INFO - Filling up the DagBag from /home/airflow/.local/lib/python3.7/site-packages/airflow/example_dags/example_branch_labels.py
[2023-06-09T06:28:37.289+0000] {processor.py:836} INFO - DAG(s) dict_keys(['example_branch_labels']) retrieved from /home/airflow/.local/lib/python3.7/site-packages/airflow/example_dags/example_branch_labels.py
[2023-06-09T06:28:37.320+0000] {logging_mixin.py:149} INFO - [2023-06-09T06:28:37.320+0000] {dag.py:2726} INFO - Sync 1 DAGs
[2023-06-09T06:28:37.355+0000] {logging_mixin.py:149} INFO - [2023-06-09T06:28:37.355+0000] {dag.py:3490} INFO - Setting next_dagrun for example_branch_labels to 2023-06-08T00:00:00+00:00, run_after=2023-06-09T00:00:00+00:00
[2023-06-09T06:28:37.380+0000] {processor.py:179} INFO - Processing /home/airflow/.local/lib/python3.7/site-packages/airflow/example_dags/example_branch_labels.py took 0.107 seconds
[2023-06-09T06:29:08.392+0000] {processor.py:157} INFO - Started process (PID=3416) to work on /home/airflow/.local/lib/python3.7/site-packages/airflow/example_dags/example_branch_labels.py
[2023-06-09T06:29:08.404+0000] {processor.py:826} INFO - Processing file /home/airflow/.local/lib/python3.7/site-packages/airflow/example_dags/example_branch_labels.py for tasks to queue
[2023-06-09T06:29:08.405+0000] {logging_mixin.py:149} INFO - [2023-06-09T06:29:08.404+0000] {dagbag.py:541} INFO - Filling up the DagBag from /home/airflow/.local/lib/python3.7/site-packages/airflow/example_dags/example_branch_labels.py
[2023-06-09T06:29:08.425+0000] {processor.py:836} INFO - DAG(s) dict_keys(['example_branch_labels']) retrieved from /home/airflow/.local/lib/python3.7/site-packages/airflow/example_dags/example_branch_labels.py
[2023-06-09T06:29:08.483+0000] {logging_mixin.py:149} INFO - [2023-06-09T06:29:08.481+0000] {dag.py:2726} INFO - Sync 1 DAGs
[2023-06-09T06:29:08.525+0000] {logging_mixin.py:149} INFO - [2023-06-09T06:29:08.524+0000] {dag.py:3490} INFO - Setting next_dagrun for example_branch_labels to 2023-06-08T00:00:00+00:00, run_after=2023-06-09T00:00:00+00:00
[2023-06-09T06:29:08.546+0000] {processor.py:179} INFO - Processing /home/airflow/.local/lib/python3.7/site-packages/airflow/example_dags/example_branch_labels.py took 0.158 seconds
[2023-06-09T06:29:38.577+0000] {processor.py:157} INFO - Started process (PID=3469) to work on /home/airflow/.local/lib/python3.7/site-packages/airflow/example_dags/example_branch_labels.py
[2023-06-09T06:29:38.578+0000] {processor.py:826} INFO - Processing file /home/airflow/.local/lib/python3.7/site-packages/airflow/example_dags/example_branch_labels.py for tasks to queue
[2023-06-09T06:29:38.579+0000] {logging_mixin.py:149} INFO - [2023-06-09T06:29:38.579+0000] {dagbag.py:541} INFO - Filling up the DagBag from /home/airflow/.local/lib/python3.7/site-packages/airflow/example_dags/example_branch_labels.py
[2023-06-09T06:29:38.589+0000] {processor.py:836} INFO - DAG(s) dict_keys(['example_branch_labels']) retrieved from /home/airflow/.local/lib/python3.7/site-packages/airflow/example_dags/example_branch_labels.py
[2023-06-09T06:29:38.619+0000] {logging_mixin.py:149} INFO - [2023-06-09T06:29:38.618+0000] {dag.py:2726} INFO - Sync 1 DAGs
[2023-06-09T06:29:38.653+0000] {logging_mixin.py:149} INFO - [2023-06-09T06:29:38.653+0000] {dag.py:3490} INFO - Setting next_dagrun for example_branch_labels to 2023-06-08T00:00:00+00:00, run_after=2023-06-09T00:00:00+00:00
[2023-06-09T06:29:38.674+0000] {processor.py:179} INFO - Processing /home/airflow/.local/lib/python3.7/site-packages/airflow/example_dags/example_branch_labels.py took 0.101 seconds
[2023-06-09T06:30:08.826+0000] {processor.py:157} INFO - Started process (PID=3523) to work on /home/airflow/.local/lib/python3.7/site-packages/airflow/example_dags/example_branch_labels.py
[2023-06-09T06:30:08.827+0000] {processor.py:826} INFO - Processing file /home/airflow/.local/lib/python3.7/site-packages/airflow/example_dags/example_branch_labels.py for tasks to queue
[2023-06-09T06:30:08.828+0000] {logging_mixin.py:149} INFO - [2023-06-09T06:30:08.828+0000] {dagbag.py:541} INFO - Filling up the DagBag from /home/airflow/.local/lib/python3.7/site-packages/airflow/example_dags/example_branch_labels.py
[2023-06-09T06:30:08.838+0000] {processor.py:836} INFO - DAG(s) dict_keys(['example_branch_labels']) retrieved from /home/airflow/.local/lib/python3.7/site-packages/airflow/example_dags/example_branch_labels.py
[2023-06-09T06:30:08.871+0000] {logging_mixin.py:149} INFO - [2023-06-09T06:30:08.870+0000] {dag.py:2726} INFO - Sync 1 DAGs
[2023-06-09T06:30:08.906+0000] {logging_mixin.py:149} INFO - [2023-06-09T06:30:08.906+0000] {dag.py:3490} INFO - Setting next_dagrun for example_branch_labels to 2023-06-08T00:00:00+00:00, run_after=2023-06-09T00:00:00+00:00
[2023-06-09T06:30:08.932+0000] {processor.py:179} INFO - Processing /home/airflow/.local/lib/python3.7/site-packages/airflow/example_dags/example_branch_labels.py took 0.110 seconds
