[2023-06-09T05:57:33.133+0000] {processor.py:157} INFO - Started process (PID=67) to work on /home/airflow/.local/lib/python3.7/site-packages/airflow/example_dags/example_branch_python_dop_operator_3.py
[2023-06-09T05:57:33.134+0000] {processor.py:826} INFO - Processing file /home/airflow/.local/lib/python3.7/site-packages/airflow/example_dags/example_branch_python_dop_operator_3.py for tasks to queue
[2023-06-09T05:57:33.140+0000] {logging_mixin.py:149} INFO - [2023-06-09T05:57:33.140+0000] {dagbag.py:541} INFO - Filling up the DagBag from /home/airflow/.local/lib/python3.7/site-packages/airflow/example_dags/example_branch_python_dop_operator_3.py
[2023-06-09T05:57:33.185+0000] {processor.py:836} INFO - DAG(s) dict_keys(['example_branch_dop_operator_v3']) retrieved from /home/airflow/.local/lib/python3.7/site-packages/airflow/example_dags/example_branch_python_dop_operator_3.py
[2023-06-09T05:57:33.302+0000] {logging_mixin.py:149} INFO - [2023-06-09T05:57:33.301+0000] {dag.py:2726} INFO - Sync 1 DAGs
[2023-06-09T05:57:33.473+0000] {logging_mixin.py:149} INFO - [2023-06-09T05:57:33.473+0000] {dag.py:3490} INFO - Setting next_dagrun for example_branch_dop_operator_v3 to 2023-06-09T05:56:00+00:00, run_after=2023-06-09T05:57:00+00:00
[2023-06-09T05:57:33.552+0000] {processor.py:179} INFO - Processing /home/airflow/.local/lib/python3.7/site-packages/airflow/example_dags/example_branch_python_dop_operator_3.py took 0.436 seconds
[2023-06-09T05:58:03.750+0000] {processor.py:157} INFO - Started process (PID=120) to work on /home/airflow/.local/lib/python3.7/site-packages/airflow/example_dags/example_branch_python_dop_operator_3.py
[2023-06-09T05:58:03.752+0000] {processor.py:826} INFO - Processing file /home/airflow/.local/lib/python3.7/site-packages/airflow/example_dags/example_branch_python_dop_operator_3.py for tasks to queue
[2023-06-09T05:58:03.753+0000] {logging_mixin.py:149} INFO - [2023-06-09T05:58:03.753+0000] {dagbag.py:541} INFO - Filling up the DagBag from /home/airflow/.local/lib/python3.7/site-packages/airflow/example_dags/example_branch_python_dop_operator_3.py
[2023-06-09T05:58:03.776+0000] {processor.py:836} INFO - DAG(s) dict_keys(['example_branch_dop_operator_v3']) retrieved from /home/airflow/.local/lib/python3.7/site-packages/airflow/example_dags/example_branch_python_dop_operator_3.py
[2023-06-09T05:58:03.810+0000] {logging_mixin.py:149} INFO - [2023-06-09T05:58:03.810+0000] {dag.py:2726} INFO - Sync 1 DAGs
[2023-06-09T05:58:03.857+0000] {logging_mixin.py:149} INFO - [2023-06-09T05:58:03.857+0000] {dag.py:3490} INFO - Setting next_dagrun for example_branch_dop_operator_v3 to 2023-06-09T05:57:00+00:00, run_after=2023-06-09T05:58:00+00:00
[2023-06-09T05:58:03.888+0000] {processor.py:179} INFO - Processing /home/airflow/.local/lib/python3.7/site-packages/airflow/example_dags/example_branch_python_dop_operator_3.py took 0.142 seconds
[2023-06-09T05:58:34.352+0000] {processor.py:157} INFO - Started process (PID=174) to work on /home/airflow/.local/lib/python3.7/site-packages/airflow/example_dags/example_branch_python_dop_operator_3.py
[2023-06-09T05:58:34.353+0000] {processor.py:826} INFO - Processing file /home/airflow/.local/lib/python3.7/site-packages/airflow/example_dags/example_branch_python_dop_operator_3.py for tasks to queue
[2023-06-09T05:58:34.354+0000] {logging_mixin.py:149} INFO - [2023-06-09T05:58:34.354+0000] {dagbag.py:541} INFO - Filling up the DagBag from /home/airflow/.local/lib/python3.7/site-packages/airflow/example_dags/example_branch_python_dop_operator_3.py
[2023-06-09T05:58:34.366+0000] {processor.py:836} INFO - DAG(s) dict_keys(['example_branch_dop_operator_v3']) retrieved from /home/airflow/.local/lib/python3.7/site-packages/airflow/example_dags/example_branch_python_dop_operator_3.py
[2023-06-09T05:58:34.394+0000] {logging_mixin.py:149} INFO - [2023-06-09T05:58:34.394+0000] {dag.py:2726} INFO - Sync 1 DAGs
[2023-06-09T05:58:34.447+0000] {logging_mixin.py:149} INFO - [2023-06-09T05:58:34.447+0000] {dag.py:3490} INFO - Setting next_dagrun for example_branch_dop_operator_v3 to 2023-06-09T05:57:00+00:00, run_after=2023-06-09T05:58:00+00:00
[2023-06-09T05:58:34.470+0000] {processor.py:179} INFO - Processing /home/airflow/.local/lib/python3.7/site-packages/airflow/example_dags/example_branch_python_dop_operator_3.py took 0.122 seconds
[2023-06-09T05:59:05.369+0000] {processor.py:157} INFO - Started process (PID=228) to work on /home/airflow/.local/lib/python3.7/site-packages/airflow/example_dags/example_branch_python_dop_operator_3.py
[2023-06-09T05:59:05.376+0000] {processor.py:826} INFO - Processing file /home/airflow/.local/lib/python3.7/site-packages/airflow/example_dags/example_branch_python_dop_operator_3.py for tasks to queue
[2023-06-09T05:59:05.377+0000] {logging_mixin.py:149} INFO - [2023-06-09T05:59:05.377+0000] {dagbag.py:541} INFO - Filling up the DagBag from /home/airflow/.local/lib/python3.7/site-packages/airflow/example_dags/example_branch_python_dop_operator_3.py
[2023-06-09T05:59:05.387+0000] {processor.py:836} INFO - DAG(s) dict_keys(['example_branch_dop_operator_v3']) retrieved from /home/airflow/.local/lib/python3.7/site-packages/airflow/example_dags/example_branch_python_dop_operator_3.py
[2023-06-09T05:59:05.417+0000] {logging_mixin.py:149} INFO - [2023-06-09T05:59:05.417+0000] {dag.py:2726} INFO - Sync 1 DAGs
[2023-06-09T05:59:05.459+0000] {logging_mixin.py:149} INFO - [2023-06-09T05:59:05.459+0000] {dag.py:3490} INFO - Setting next_dagrun for example_branch_dop_operator_v3 to 2023-06-09T05:58:00+00:00, run_after=2023-06-09T05:59:00+00:00
[2023-06-09T05:59:05.482+0000] {processor.py:179} INFO - Processing /home/airflow/.local/lib/python3.7/site-packages/airflow/example_dags/example_branch_python_dop_operator_3.py took 0.116 seconds
[2023-06-09T05:59:35.561+0000] {processor.py:157} INFO - Started process (PID=282) to work on /home/airflow/.local/lib/python3.7/site-packages/airflow/example_dags/example_branch_python_dop_operator_3.py
[2023-06-09T05:59:35.562+0000] {processor.py:826} INFO - Processing file /home/airflow/.local/lib/python3.7/site-packages/airflow/example_dags/example_branch_python_dop_operator_3.py for tasks to queue
[2023-06-09T05:59:35.563+0000] {logging_mixin.py:149} INFO - [2023-06-09T05:59:35.562+0000] {dagbag.py:541} INFO - Filling up the DagBag from /home/airflow/.local/lib/python3.7/site-packages/airflow/example_dags/example_branch_python_dop_operator_3.py
[2023-06-09T05:59:35.574+0000] {processor.py:836} INFO - DAG(s) dict_keys(['example_branch_dop_operator_v3']) retrieved from /home/airflow/.local/lib/python3.7/site-packages/airflow/example_dags/example_branch_python_dop_operator_3.py
[2023-06-09T05:59:35.625+0000] {logging_mixin.py:149} INFO - [2023-06-09T05:59:35.624+0000] {dag.py:2726} INFO - Sync 1 DAGs
[2023-06-09T05:59:35.664+0000] {logging_mixin.py:149} INFO - [2023-06-09T05:59:35.664+0000] {dag.py:3490} INFO - Setting next_dagrun for example_branch_dop_operator_v3 to 2023-06-09T05:58:00+00:00, run_after=2023-06-09T05:59:00+00:00
[2023-06-09T05:59:35.689+0000] {processor.py:179} INFO - Processing /home/airflow/.local/lib/python3.7/site-packages/airflow/example_dags/example_branch_python_dop_operator_3.py took 0.132 seconds
[2023-06-09T06:00:05.950+0000] {processor.py:157} INFO - Started process (PID=336) to work on /home/airflow/.local/lib/python3.7/site-packages/airflow/example_dags/example_branch_python_dop_operator_3.py
[2023-06-09T06:00:05.952+0000] {processor.py:826} INFO - Processing file /home/airflow/.local/lib/python3.7/site-packages/airflow/example_dags/example_branch_python_dop_operator_3.py for tasks to queue
[2023-06-09T06:00:05.952+0000] {logging_mixin.py:149} INFO - [2023-06-09T06:00:05.952+0000] {dagbag.py:541} INFO - Filling up the DagBag from /home/airflow/.local/lib/python3.7/site-packages/airflow/example_dags/example_branch_python_dop_operator_3.py
[2023-06-09T06:00:05.962+0000] {processor.py:836} INFO - DAG(s) dict_keys(['example_branch_dop_operator_v3']) retrieved from /home/airflow/.local/lib/python3.7/site-packages/airflow/example_dags/example_branch_python_dop_operator_3.py
[2023-06-09T06:00:05.994+0000] {logging_mixin.py:149} INFO - [2023-06-09T06:00:05.994+0000] {dag.py:2726} INFO - Sync 1 DAGs
[2023-06-09T06:00:06.037+0000] {logging_mixin.py:149} INFO - [2023-06-09T06:00:06.037+0000] {dag.py:3490} INFO - Setting next_dagrun for example_branch_dop_operator_v3 to 2023-06-09T05:59:00+00:00, run_after=2023-06-09T06:00:00+00:00
[2023-06-09T06:00:06.066+0000] {processor.py:179} INFO - Processing /home/airflow/.local/lib/python3.7/site-packages/airflow/example_dags/example_branch_python_dop_operator_3.py took 0.120 seconds
[2023-06-09T06:00:36.234+0000] {processor.py:157} INFO - Started process (PID=391) to work on /home/airflow/.local/lib/python3.7/site-packages/airflow/example_dags/example_branch_python_dop_operator_3.py
[2023-06-09T06:00:36.235+0000] {processor.py:826} INFO - Processing file /home/airflow/.local/lib/python3.7/site-packages/airflow/example_dags/example_branch_python_dop_operator_3.py for tasks to queue
[2023-06-09T06:00:36.236+0000] {logging_mixin.py:149} INFO - [2023-06-09T06:00:36.236+0000] {dagbag.py:541} INFO - Filling up the DagBag from /home/airflow/.local/lib/python3.7/site-packages/airflow/example_dags/example_branch_python_dop_operator_3.py
[2023-06-09T06:00:36.249+0000] {processor.py:836} INFO - DAG(s) dict_keys(['example_branch_dop_operator_v3']) retrieved from /home/airflow/.local/lib/python3.7/site-packages/airflow/example_dags/example_branch_python_dop_operator_3.py
[2023-06-09T06:00:36.279+0000] {logging_mixin.py:149} INFO - [2023-06-09T06:00:36.279+0000] {dag.py:2726} INFO - Sync 1 DAGs
[2023-06-09T06:00:36.320+0000] {logging_mixin.py:149} INFO - [2023-06-09T06:00:36.319+0000] {dag.py:3490} INFO - Setting next_dagrun for example_branch_dop_operator_v3 to 2023-06-09T05:59:00+00:00, run_after=2023-06-09T06:00:00+00:00
[2023-06-09T06:00:36.343+0000] {processor.py:179} INFO - Processing /home/airflow/.local/lib/python3.7/site-packages/airflow/example_dags/example_branch_python_dop_operator_3.py took 0.112 seconds
[2023-06-09T06:01:06.385+0000] {processor.py:157} INFO - Started process (PID=444) to work on /home/airflow/.local/lib/python3.7/site-packages/airflow/example_dags/example_branch_python_dop_operator_3.py
[2023-06-09T06:01:06.387+0000] {processor.py:826} INFO - Processing file /home/airflow/.local/lib/python3.7/site-packages/airflow/example_dags/example_branch_python_dop_operator_3.py for tasks to queue
[2023-06-09T06:01:06.388+0000] {logging_mixin.py:149} INFO - [2023-06-09T06:01:06.388+0000] {dagbag.py:541} INFO - Filling up the DagBag from /home/airflow/.local/lib/python3.7/site-packages/airflow/example_dags/example_branch_python_dop_operator_3.py
[2023-06-09T06:01:06.397+0000] {processor.py:836} INFO - DAG(s) dict_keys(['example_branch_dop_operator_v3']) retrieved from /home/airflow/.local/lib/python3.7/site-packages/airflow/example_dags/example_branch_python_dop_operator_3.py
[2023-06-09T06:01:06.428+0000] {logging_mixin.py:149} INFO - [2023-06-09T06:01:06.428+0000] {dag.py:2726} INFO - Sync 1 DAGs
[2023-06-09T06:01:06.481+0000] {logging_mixin.py:149} INFO - [2023-06-09T06:01:06.481+0000] {dag.py:3490} INFO - Setting next_dagrun for example_branch_dop_operator_v3 to 2023-06-09T06:00:00+00:00, run_after=2023-06-09T06:01:00+00:00
[2023-06-09T06:01:06.506+0000] {processor.py:179} INFO - Processing /home/airflow/.local/lib/python3.7/site-packages/airflow/example_dags/example_branch_python_dop_operator_3.py took 0.125 seconds
[2023-06-09T06:01:37.295+0000] {processor.py:157} INFO - Started process (PID=499) to work on /home/airflow/.local/lib/python3.7/site-packages/airflow/example_dags/example_branch_python_dop_operator_3.py
[2023-06-09T06:01:37.296+0000] {processor.py:826} INFO - Processing file /home/airflow/.local/lib/python3.7/site-packages/airflow/example_dags/example_branch_python_dop_operator_3.py for tasks to queue
[2023-06-09T06:01:37.297+0000] {logging_mixin.py:149} INFO - [2023-06-09T06:01:37.297+0000] {dagbag.py:541} INFO - Filling up the DagBag from /home/airflow/.local/lib/python3.7/site-packages/airflow/example_dags/example_branch_python_dop_operator_3.py
[2023-06-09T06:01:37.307+0000] {processor.py:836} INFO - DAG(s) dict_keys(['example_branch_dop_operator_v3']) retrieved from /home/airflow/.local/lib/python3.7/site-packages/airflow/example_dags/example_branch_python_dop_operator_3.py
[2023-06-09T06:01:37.336+0000] {logging_mixin.py:149} INFO - [2023-06-09T06:01:37.335+0000] {dag.py:2726} INFO - Sync 1 DAGs
[2023-06-09T06:01:37.375+0000] {logging_mixin.py:149} INFO - [2023-06-09T06:01:37.375+0000] {dag.py:3490} INFO - Setting next_dagrun for example_branch_dop_operator_v3 to 2023-06-09T06:00:00+00:00, run_after=2023-06-09T06:01:00+00:00
[2023-06-09T06:01:37.400+0000] {processor.py:179} INFO - Processing /home/airflow/.local/lib/python3.7/site-packages/airflow/example_dags/example_branch_python_dop_operator_3.py took 0.108 seconds
[2023-06-09T06:02:08.040+0000] {processor.py:157} INFO - Started process (PID=554) to work on /home/airflow/.local/lib/python3.7/site-packages/airflow/example_dags/example_branch_python_dop_operator_3.py
[2023-06-09T06:02:08.041+0000] {processor.py:826} INFO - Processing file /home/airflow/.local/lib/python3.7/site-packages/airflow/example_dags/example_branch_python_dop_operator_3.py for tasks to queue
[2023-06-09T06:02:08.042+0000] {logging_mixin.py:149} INFO - [2023-06-09T06:02:08.042+0000] {dagbag.py:541} INFO - Filling up the DagBag from /home/airflow/.local/lib/python3.7/site-packages/airflow/example_dags/example_branch_python_dop_operator_3.py
[2023-06-09T06:02:08.052+0000] {processor.py:836} INFO - DAG(s) dict_keys(['example_branch_dop_operator_v3']) retrieved from /home/airflow/.local/lib/python3.7/site-packages/airflow/example_dags/example_branch_python_dop_operator_3.py
[2023-06-09T06:02:08.085+0000] {logging_mixin.py:149} INFO - [2023-06-09T06:02:08.085+0000] {dag.py:2726} INFO - Sync 1 DAGs
[2023-06-09T06:02:08.128+0000] {logging_mixin.py:149} INFO - [2023-06-09T06:02:08.128+0000] {dag.py:3490} INFO - Setting next_dagrun for example_branch_dop_operator_v3 to 2023-06-09T06:01:00+00:00, run_after=2023-06-09T06:02:00+00:00
[2023-06-09T06:02:08.153+0000] {processor.py:179} INFO - Processing /home/airflow/.local/lib/python3.7/site-packages/airflow/example_dags/example_branch_python_dop_operator_3.py took 0.118 seconds
[2023-06-09T06:02:38.624+0000] {processor.py:157} INFO - Started process (PID=609) to work on /home/airflow/.local/lib/python3.7/site-packages/airflow/example_dags/example_branch_python_dop_operator_3.py
[2023-06-09T06:02:38.625+0000] {processor.py:826} INFO - Processing file /home/airflow/.local/lib/python3.7/site-packages/airflow/example_dags/example_branch_python_dop_operator_3.py for tasks to queue
[2023-06-09T06:02:38.626+0000] {logging_mixin.py:149} INFO - [2023-06-09T06:02:38.626+0000] {dagbag.py:541} INFO - Filling up the DagBag from /home/airflow/.local/lib/python3.7/site-packages/airflow/example_dags/example_branch_python_dop_operator_3.py
[2023-06-09T06:02:38.636+0000] {processor.py:836} INFO - DAG(s) dict_keys(['example_branch_dop_operator_v3']) retrieved from /home/airflow/.local/lib/python3.7/site-packages/airflow/example_dags/example_branch_python_dop_operator_3.py
[2023-06-09T06:02:38.671+0000] {logging_mixin.py:149} INFO - [2023-06-09T06:02:38.670+0000] {dag.py:2726} INFO - Sync 1 DAGs
[2023-06-09T06:02:38.710+0000] {logging_mixin.py:149} INFO - [2023-06-09T06:02:38.710+0000] {dag.py:3490} INFO - Setting next_dagrun for example_branch_dop_operator_v3 to 2023-06-09T06:01:00+00:00, run_after=2023-06-09T06:02:00+00:00
[2023-06-09T06:02:38.735+0000] {processor.py:179} INFO - Processing /home/airflow/.local/lib/python3.7/site-packages/airflow/example_dags/example_branch_python_dop_operator_3.py took 0.116 seconds
[2023-06-09T06:03:09.401+0000] {processor.py:157} INFO - Started process (PID=662) to work on /home/airflow/.local/lib/python3.7/site-packages/airflow/example_dags/example_branch_python_dop_operator_3.py
[2023-06-09T06:03:09.403+0000] {processor.py:826} INFO - Processing file /home/airflow/.local/lib/python3.7/site-packages/airflow/example_dags/example_branch_python_dop_operator_3.py for tasks to queue
[2023-06-09T06:03:09.404+0000] {logging_mixin.py:149} INFO - [2023-06-09T06:03:09.404+0000] {dagbag.py:541} INFO - Filling up the DagBag from /home/airflow/.local/lib/python3.7/site-packages/airflow/example_dags/example_branch_python_dop_operator_3.py
[2023-06-09T06:03:09.413+0000] {processor.py:836} INFO - DAG(s) dict_keys(['example_branch_dop_operator_v3']) retrieved from /home/airflow/.local/lib/python3.7/site-packages/airflow/example_dags/example_branch_python_dop_operator_3.py
[2023-06-09T06:03:09.445+0000] {logging_mixin.py:149} INFO - [2023-06-09T06:03:09.445+0000] {dag.py:2726} INFO - Sync 1 DAGs
[2023-06-09T06:03:09.488+0000] {logging_mixin.py:149} INFO - [2023-06-09T06:03:09.488+0000] {dag.py:3490} INFO - Setting next_dagrun for example_branch_dop_operator_v3 to 2023-06-09T06:02:00+00:00, run_after=2023-06-09T06:03:00+00:00
[2023-06-09T06:03:09.512+0000] {processor.py:179} INFO - Processing /home/airflow/.local/lib/python3.7/site-packages/airflow/example_dags/example_branch_python_dop_operator_3.py took 0.115 seconds
[2023-06-09T06:03:40.074+0000] {processor.py:157} INFO - Started process (PID=716) to work on /home/airflow/.local/lib/python3.7/site-packages/airflow/example_dags/example_branch_python_dop_operator_3.py
[2023-06-09T06:03:40.076+0000] {processor.py:826} INFO - Processing file /home/airflow/.local/lib/python3.7/site-packages/airflow/example_dags/example_branch_python_dop_operator_3.py for tasks to queue
[2023-06-09T06:03:40.077+0000] {logging_mixin.py:149} INFO - [2023-06-09T06:03:40.077+0000] {dagbag.py:541} INFO - Filling up the DagBag from /home/airflow/.local/lib/python3.7/site-packages/airflow/example_dags/example_branch_python_dop_operator_3.py
[2023-06-09T06:03:40.099+0000] {processor.py:836} INFO - DAG(s) dict_keys(['example_branch_dop_operator_v3']) retrieved from /home/airflow/.local/lib/python3.7/site-packages/airflow/example_dags/example_branch_python_dop_operator_3.py
[2023-06-09T06:03:40.205+0000] {logging_mixin.py:149} INFO - [2023-06-09T06:03:40.205+0000] {dag.py:2726} INFO - Sync 1 DAGs
[2023-06-09T06:03:40.291+0000] {logging_mixin.py:149} INFO - [2023-06-09T06:03:40.291+0000] {dag.py:3490} INFO - Setting next_dagrun for example_branch_dop_operator_v3 to 2023-06-09T06:02:00+00:00, run_after=2023-06-09T06:03:00+00:00
[2023-06-09T06:03:40.313+0000] {processor.py:179} INFO - Processing /home/airflow/.local/lib/python3.7/site-packages/airflow/example_dags/example_branch_python_dop_operator_3.py took 0.250 seconds
[2023-06-09T06:04:10.389+0000] {processor.py:157} INFO - Started process (PID=769) to work on /home/airflow/.local/lib/python3.7/site-packages/airflow/example_dags/example_branch_python_dop_operator_3.py
[2023-06-09T06:04:10.390+0000] {processor.py:826} INFO - Processing file /home/airflow/.local/lib/python3.7/site-packages/airflow/example_dags/example_branch_python_dop_operator_3.py for tasks to queue
[2023-06-09T06:04:10.391+0000] {logging_mixin.py:149} INFO - [2023-06-09T06:04:10.391+0000] {dagbag.py:541} INFO - Filling up the DagBag from /home/airflow/.local/lib/python3.7/site-packages/airflow/example_dags/example_branch_python_dop_operator_3.py
[2023-06-09T06:04:10.400+0000] {processor.py:836} INFO - DAG(s) dict_keys(['example_branch_dop_operator_v3']) retrieved from /home/airflow/.local/lib/python3.7/site-packages/airflow/example_dags/example_branch_python_dop_operator_3.py
[2023-06-09T06:04:10.432+0000] {logging_mixin.py:149} INFO - [2023-06-09T06:04:10.431+0000] {dag.py:2726} INFO - Sync 1 DAGs
[2023-06-09T06:04:10.471+0000] {logging_mixin.py:149} INFO - [2023-06-09T06:04:10.470+0000] {dag.py:3490} INFO - Setting next_dagrun for example_branch_dop_operator_v3 to 2023-06-09T06:03:00+00:00, run_after=2023-06-09T06:04:00+00:00
[2023-06-09T06:04:10.495+0000] {processor.py:179} INFO - Processing /home/airflow/.local/lib/python3.7/site-packages/airflow/example_dags/example_branch_python_dop_operator_3.py took 0.109 seconds
[2023-06-09T06:04:40.701+0000] {processor.py:157} INFO - Started process (PID=821) to work on /home/airflow/.local/lib/python3.7/site-packages/airflow/example_dags/example_branch_python_dop_operator_3.py
[2023-06-09T06:04:40.703+0000] {processor.py:826} INFO - Processing file /home/airflow/.local/lib/python3.7/site-packages/airflow/example_dags/example_branch_python_dop_operator_3.py for tasks to queue
[2023-06-09T06:04:40.704+0000] {logging_mixin.py:149} INFO - [2023-06-09T06:04:40.704+0000] {dagbag.py:541} INFO - Filling up the DagBag from /home/airflow/.local/lib/python3.7/site-packages/airflow/example_dags/example_branch_python_dop_operator_3.py
[2023-06-09T06:04:40.713+0000] {processor.py:836} INFO - DAG(s) dict_keys(['example_branch_dop_operator_v3']) retrieved from /home/airflow/.local/lib/python3.7/site-packages/airflow/example_dags/example_branch_python_dop_operator_3.py
[2023-06-09T06:04:40.752+0000] {logging_mixin.py:149} INFO - [2023-06-09T06:04:40.751+0000] {dag.py:2726} INFO - Sync 1 DAGs
[2023-06-09T06:04:40.790+0000] {logging_mixin.py:149} INFO - [2023-06-09T06:04:40.790+0000] {dag.py:3490} INFO - Setting next_dagrun for example_branch_dop_operator_v3 to 2023-06-09T06:03:00+00:00, run_after=2023-06-09T06:04:00+00:00
[2023-06-09T06:04:40.813+0000] {processor.py:179} INFO - Processing /home/airflow/.local/lib/python3.7/site-packages/airflow/example_dags/example_branch_python_dop_operator_3.py took 0.116 seconds
[2023-06-09T06:05:11.132+0000] {processor.py:157} INFO - Started process (PID=875) to work on /home/airflow/.local/lib/python3.7/site-packages/airflow/example_dags/example_branch_python_dop_operator_3.py
[2023-06-09T06:05:11.134+0000] {processor.py:826} INFO - Processing file /home/airflow/.local/lib/python3.7/site-packages/airflow/example_dags/example_branch_python_dop_operator_3.py for tasks to queue
[2023-06-09T06:05:11.135+0000] {logging_mixin.py:149} INFO - [2023-06-09T06:05:11.134+0000] {dagbag.py:541} INFO - Filling up the DagBag from /home/airflow/.local/lib/python3.7/site-packages/airflow/example_dags/example_branch_python_dop_operator_3.py
[2023-06-09T06:05:11.144+0000] {processor.py:836} INFO - DAG(s) dict_keys(['example_branch_dop_operator_v3']) retrieved from /home/airflow/.local/lib/python3.7/site-packages/airflow/example_dags/example_branch_python_dop_operator_3.py
[2023-06-09T06:05:11.182+0000] {logging_mixin.py:149} INFO - [2023-06-09T06:05:11.182+0000] {dag.py:2726} INFO - Sync 1 DAGs
[2023-06-09T06:05:11.223+0000] {logging_mixin.py:149} INFO - [2023-06-09T06:05:11.222+0000] {dag.py:3490} INFO - Setting next_dagrun for example_branch_dop_operator_v3 to 2023-06-09T06:04:00+00:00, run_after=2023-06-09T06:05:00+00:00
[2023-06-09T06:05:11.247+0000] {processor.py:179} INFO - Processing /home/airflow/.local/lib/python3.7/site-packages/airflow/example_dags/example_branch_python_dop_operator_3.py took 0.118 seconds
[2023-06-09T06:05:41.499+0000] {processor.py:157} INFO - Started process (PID=929) to work on /home/airflow/.local/lib/python3.7/site-packages/airflow/example_dags/example_branch_python_dop_operator_3.py
[2023-06-09T06:05:41.500+0000] {processor.py:826} INFO - Processing file /home/airflow/.local/lib/python3.7/site-packages/airflow/example_dags/example_branch_python_dop_operator_3.py for tasks to queue
[2023-06-09T06:05:41.500+0000] {logging_mixin.py:149} INFO - [2023-06-09T06:05:41.500+0000] {dagbag.py:541} INFO - Filling up the DagBag from /home/airflow/.local/lib/python3.7/site-packages/airflow/example_dags/example_branch_python_dop_operator_3.py
[2023-06-09T06:05:41.512+0000] {processor.py:836} INFO - DAG(s) dict_keys(['example_branch_dop_operator_v3']) retrieved from /home/airflow/.local/lib/python3.7/site-packages/airflow/example_dags/example_branch_python_dop_operator_3.py
[2023-06-09T06:05:41.546+0000] {logging_mixin.py:149} INFO - [2023-06-09T06:05:41.546+0000] {dag.py:2726} INFO - Sync 1 DAGs
[2023-06-09T06:05:41.586+0000] {logging_mixin.py:149} INFO - [2023-06-09T06:05:41.585+0000] {dag.py:3490} INFO - Setting next_dagrun for example_branch_dop_operator_v3 to 2023-06-09T06:04:00+00:00, run_after=2023-06-09T06:05:00+00:00
[2023-06-09T06:05:41.608+0000] {processor.py:179} INFO - Processing /home/airflow/.local/lib/python3.7/site-packages/airflow/example_dags/example_branch_python_dop_operator_3.py took 0.116 seconds
[2023-06-09T06:06:12.308+0000] {processor.py:157} INFO - Started process (PID=982) to work on /home/airflow/.local/lib/python3.7/site-packages/airflow/example_dags/example_branch_python_dop_operator_3.py
[2023-06-09T06:06:12.310+0000] {processor.py:826} INFO - Processing file /home/airflow/.local/lib/python3.7/site-packages/airflow/example_dags/example_branch_python_dop_operator_3.py for tasks to queue
[2023-06-09T06:06:12.311+0000] {logging_mixin.py:149} INFO - [2023-06-09T06:06:12.310+0000] {dagbag.py:541} INFO - Filling up the DagBag from /home/airflow/.local/lib/python3.7/site-packages/airflow/example_dags/example_branch_python_dop_operator_3.py
[2023-06-09T06:06:12.334+0000] {processor.py:836} INFO - DAG(s) dict_keys(['example_branch_dop_operator_v3']) retrieved from /home/airflow/.local/lib/python3.7/site-packages/airflow/example_dags/example_branch_python_dop_operator_3.py
[2023-06-09T06:06:12.406+0000] {logging_mixin.py:149} INFO - [2023-06-09T06:06:12.405+0000] {dag.py:2726} INFO - Sync 1 DAGs
[2023-06-09T06:06:12.460+0000] {logging_mixin.py:149} INFO - [2023-06-09T06:06:12.459+0000] {dag.py:3490} INFO - Setting next_dagrun for example_branch_dop_operator_v3 to 2023-06-09T06:05:00+00:00, run_after=2023-06-09T06:06:00+00:00
[2023-06-09T06:06:12.484+0000] {processor.py:179} INFO - Processing /home/airflow/.local/lib/python3.7/site-packages/airflow/example_dags/example_branch_python_dop_operator_3.py took 0.196 seconds
[2023-06-09T06:06:42.668+0000] {processor.py:157} INFO - Started process (PID=1035) to work on /home/airflow/.local/lib/python3.7/site-packages/airflow/example_dags/example_branch_python_dop_operator_3.py
[2023-06-09T06:06:42.669+0000] {processor.py:826} INFO - Processing file /home/airflow/.local/lib/python3.7/site-packages/airflow/example_dags/example_branch_python_dop_operator_3.py for tasks to queue
[2023-06-09T06:06:42.669+0000] {logging_mixin.py:149} INFO - [2023-06-09T06:06:42.669+0000] {dagbag.py:541} INFO - Filling up the DagBag from /home/airflow/.local/lib/python3.7/site-packages/airflow/example_dags/example_branch_python_dop_operator_3.py
[2023-06-09T06:06:42.682+0000] {processor.py:836} INFO - DAG(s) dict_keys(['example_branch_dop_operator_v3']) retrieved from /home/airflow/.local/lib/python3.7/site-packages/airflow/example_dags/example_branch_python_dop_operator_3.py
[2023-06-09T06:06:42.713+0000] {logging_mixin.py:149} INFO - [2023-06-09T06:06:42.712+0000] {dag.py:2726} INFO - Sync 1 DAGs
[2023-06-09T06:06:42.761+0000] {logging_mixin.py:149} INFO - [2023-06-09T06:06:42.761+0000] {dag.py:3490} INFO - Setting next_dagrun for example_branch_dop_operator_v3 to 2023-06-09T06:05:00+00:00, run_after=2023-06-09T06:06:00+00:00
[2023-06-09T06:06:42.784+0000] {processor.py:179} INFO - Processing /home/airflow/.local/lib/python3.7/site-packages/airflow/example_dags/example_branch_python_dop_operator_3.py took 0.121 seconds
[2023-06-09T06:07:12.900+0000] {processor.py:157} INFO - Started process (PID=1089) to work on /home/airflow/.local/lib/python3.7/site-packages/airflow/example_dags/example_branch_python_dop_operator_3.py
[2023-06-09T06:07:12.902+0000] {processor.py:826} INFO - Processing file /home/airflow/.local/lib/python3.7/site-packages/airflow/example_dags/example_branch_python_dop_operator_3.py for tasks to queue
[2023-06-09T06:07:12.903+0000] {logging_mixin.py:149} INFO - [2023-06-09T06:07:12.902+0000] {dagbag.py:541} INFO - Filling up the DagBag from /home/airflow/.local/lib/python3.7/site-packages/airflow/example_dags/example_branch_python_dop_operator_3.py
[2023-06-09T06:07:12.912+0000] {processor.py:836} INFO - DAG(s) dict_keys(['example_branch_dop_operator_v3']) retrieved from /home/airflow/.local/lib/python3.7/site-packages/airflow/example_dags/example_branch_python_dop_operator_3.py
[2023-06-09T06:07:12.943+0000] {logging_mixin.py:149} INFO - [2023-06-09T06:07:12.942+0000] {dag.py:2726} INFO - Sync 1 DAGs
[2023-06-09T06:07:12.982+0000] {logging_mixin.py:149} INFO - [2023-06-09T06:07:12.982+0000] {dag.py:3490} INFO - Setting next_dagrun for example_branch_dop_operator_v3 to 2023-06-09T06:06:00+00:00, run_after=2023-06-09T06:07:00+00:00
[2023-06-09T06:07:13.022+0000] {processor.py:179} INFO - Processing /home/airflow/.local/lib/python3.7/site-packages/airflow/example_dags/example_branch_python_dop_operator_3.py took 0.126 seconds
[2023-06-09T06:07:43.599+0000] {processor.py:157} INFO - Started process (PID=1144) to work on /home/airflow/.local/lib/python3.7/site-packages/airflow/example_dags/example_branch_python_dop_operator_3.py
[2023-06-09T06:07:43.601+0000] {processor.py:826} INFO - Processing file /home/airflow/.local/lib/python3.7/site-packages/airflow/example_dags/example_branch_python_dop_operator_3.py for tasks to queue
[2023-06-09T06:07:43.601+0000] {logging_mixin.py:149} INFO - [2023-06-09T06:07:43.601+0000] {dagbag.py:541} INFO - Filling up the DagBag from /home/airflow/.local/lib/python3.7/site-packages/airflow/example_dags/example_branch_python_dop_operator_3.py
[2023-06-09T06:07:43.611+0000] {processor.py:836} INFO - DAG(s) dict_keys(['example_branch_dop_operator_v3']) retrieved from /home/airflow/.local/lib/python3.7/site-packages/airflow/example_dags/example_branch_python_dop_operator_3.py
[2023-06-09T06:07:43.653+0000] {logging_mixin.py:149} INFO - [2023-06-09T06:07:43.653+0000] {dag.py:2726} INFO - Sync 1 DAGs
[2023-06-09T06:07:43.692+0000] {logging_mixin.py:149} INFO - [2023-06-09T06:07:43.692+0000] {dag.py:3490} INFO - Setting next_dagrun for example_branch_dop_operator_v3 to 2023-06-09T06:06:00+00:00, run_after=2023-06-09T06:07:00+00:00
[2023-06-09T06:07:43.716+0000] {processor.py:179} INFO - Processing /home/airflow/.local/lib/python3.7/site-packages/airflow/example_dags/example_branch_python_dop_operator_3.py took 0.121 seconds
[2023-06-09T06:08:14.352+0000] {processor.py:157} INFO - Started process (PID=1197) to work on /home/airflow/.local/lib/python3.7/site-packages/airflow/example_dags/example_branch_python_dop_operator_3.py
[2023-06-09T06:08:14.353+0000] {processor.py:826} INFO - Processing file /home/airflow/.local/lib/python3.7/site-packages/airflow/example_dags/example_branch_python_dop_operator_3.py for tasks to queue
[2023-06-09T06:08:14.354+0000] {logging_mixin.py:149} INFO - [2023-06-09T06:08:14.354+0000] {dagbag.py:541} INFO - Filling up the DagBag from /home/airflow/.local/lib/python3.7/site-packages/airflow/example_dags/example_branch_python_dop_operator_3.py
[2023-06-09T06:08:14.378+0000] {processor.py:836} INFO - DAG(s) dict_keys(['example_branch_dop_operator_v3']) retrieved from /home/airflow/.local/lib/python3.7/site-packages/airflow/example_dags/example_branch_python_dop_operator_3.py
[2023-06-09T06:08:14.441+0000] {logging_mixin.py:149} INFO - [2023-06-09T06:08:14.440+0000] {dag.py:2726} INFO - Sync 1 DAGs
[2023-06-09T06:08:14.487+0000] {logging_mixin.py:149} INFO - [2023-06-09T06:08:14.486+0000] {dag.py:3490} INFO - Setting next_dagrun for example_branch_dop_operator_v3 to 2023-06-09T06:07:00+00:00, run_after=2023-06-09T06:08:00+00:00
[2023-06-09T06:08:14.510+0000] {processor.py:179} INFO - Processing /home/airflow/.local/lib/python3.7/site-packages/airflow/example_dags/example_branch_python_dop_operator_3.py took 0.163 seconds
[2023-06-09T06:08:44.814+0000] {processor.py:157} INFO - Started process (PID=1251) to work on /home/airflow/.local/lib/python3.7/site-packages/airflow/example_dags/example_branch_python_dop_operator_3.py
[2023-06-09T06:08:44.816+0000] {processor.py:826} INFO - Processing file /home/airflow/.local/lib/python3.7/site-packages/airflow/example_dags/example_branch_python_dop_operator_3.py for tasks to queue
[2023-06-09T06:08:44.817+0000] {logging_mixin.py:149} INFO - [2023-06-09T06:08:44.817+0000] {dagbag.py:541} INFO - Filling up the DagBag from /home/airflow/.local/lib/python3.7/site-packages/airflow/example_dags/example_branch_python_dop_operator_3.py
[2023-06-09T06:08:44.828+0000] {processor.py:836} INFO - DAG(s) dict_keys(['example_branch_dop_operator_v3']) retrieved from /home/airflow/.local/lib/python3.7/site-packages/airflow/example_dags/example_branch_python_dop_operator_3.py
[2023-06-09T06:08:44.865+0000] {logging_mixin.py:149} INFO - [2023-06-09T06:08:44.864+0000] {dag.py:2726} INFO - Sync 1 DAGs
[2023-06-09T06:08:44.904+0000] {logging_mixin.py:149} INFO - [2023-06-09T06:08:44.904+0000] {dag.py:3490} INFO - Setting next_dagrun for example_branch_dop_operator_v3 to 2023-06-09T06:07:00+00:00, run_after=2023-06-09T06:08:00+00:00
[2023-06-09T06:08:44.929+0000] {processor.py:179} INFO - Processing /home/airflow/.local/lib/python3.7/site-packages/airflow/example_dags/example_branch_python_dop_operator_3.py took 0.120 seconds
[2023-06-09T06:09:15.322+0000] {processor.py:157} INFO - Started process (PID=1304) to work on /home/airflow/.local/lib/python3.7/site-packages/airflow/example_dags/example_branch_python_dop_operator_3.py
[2023-06-09T06:09:15.323+0000] {processor.py:826} INFO - Processing file /home/airflow/.local/lib/python3.7/site-packages/airflow/example_dags/example_branch_python_dop_operator_3.py for tasks to queue
[2023-06-09T06:09:15.324+0000] {logging_mixin.py:149} INFO - [2023-06-09T06:09:15.324+0000] {dagbag.py:541} INFO - Filling up the DagBag from /home/airflow/.local/lib/python3.7/site-packages/airflow/example_dags/example_branch_python_dop_operator_3.py
[2023-06-09T06:09:15.334+0000] {processor.py:836} INFO - DAG(s) dict_keys(['example_branch_dop_operator_v3']) retrieved from /home/airflow/.local/lib/python3.7/site-packages/airflow/example_dags/example_branch_python_dop_operator_3.py
[2023-06-09T06:09:15.368+0000] {logging_mixin.py:149} INFO - [2023-06-09T06:09:15.368+0000] {dag.py:2726} INFO - Sync 1 DAGs
[2023-06-09T06:09:15.408+0000] {logging_mixin.py:149} INFO - [2023-06-09T06:09:15.408+0000] {dag.py:3490} INFO - Setting next_dagrun for example_branch_dop_operator_v3 to 2023-06-09T06:08:00+00:00, run_after=2023-06-09T06:09:00+00:00
[2023-06-09T06:09:15.433+0000] {processor.py:179} INFO - Processing /home/airflow/.local/lib/python3.7/site-packages/airflow/example_dags/example_branch_python_dop_operator_3.py took 0.114 seconds
[2023-06-09T06:09:46.384+0000] {processor.py:157} INFO - Started process (PID=1359) to work on /home/airflow/.local/lib/python3.7/site-packages/airflow/example_dags/example_branch_python_dop_operator_3.py
[2023-06-09T06:09:46.391+0000] {processor.py:826} INFO - Processing file /home/airflow/.local/lib/python3.7/site-packages/airflow/example_dags/example_branch_python_dop_operator_3.py for tasks to queue
[2023-06-09T06:09:46.397+0000] {logging_mixin.py:149} INFO - [2023-06-09T06:09:46.391+0000] {dagbag.py:541} INFO - Filling up the DagBag from /home/airflow/.local/lib/python3.7/site-packages/airflow/example_dags/example_branch_python_dop_operator_3.py
[2023-06-09T06:09:46.407+0000] {processor.py:836} INFO - DAG(s) dict_keys(['example_branch_dop_operator_v3']) retrieved from /home/airflow/.local/lib/python3.7/site-packages/airflow/example_dags/example_branch_python_dop_operator_3.py
[2023-06-09T06:09:46.455+0000] {logging_mixin.py:149} INFO - [2023-06-09T06:09:46.455+0000] {dag.py:2726} INFO - Sync 1 DAGs
[2023-06-09T06:09:46.504+0000] {logging_mixin.py:149} INFO - [2023-06-09T06:09:46.504+0000] {dag.py:3490} INFO - Setting next_dagrun for example_branch_dop_operator_v3 to 2023-06-09T06:08:00+00:00, run_after=2023-06-09T06:09:00+00:00
[2023-06-09T06:09:46.544+0000] {processor.py:179} INFO - Processing /home/airflow/.local/lib/python3.7/site-packages/airflow/example_dags/example_branch_python_dop_operator_3.py took 0.164 seconds
[2023-06-09T06:10:16.590+0000] {processor.py:157} INFO - Started process (PID=1413) to work on /home/airflow/.local/lib/python3.7/site-packages/airflow/example_dags/example_branch_python_dop_operator_3.py
[2023-06-09T06:10:16.590+0000] {processor.py:826} INFO - Processing file /home/airflow/.local/lib/python3.7/site-packages/airflow/example_dags/example_branch_python_dop_operator_3.py for tasks to queue
[2023-06-09T06:10:16.591+0000] {logging_mixin.py:149} INFO - [2023-06-09T06:10:16.591+0000] {dagbag.py:541} INFO - Filling up the DagBag from /home/airflow/.local/lib/python3.7/site-packages/airflow/example_dags/example_branch_python_dop_operator_3.py
[2023-06-09T06:10:16.601+0000] {processor.py:836} INFO - DAG(s) dict_keys(['example_branch_dop_operator_v3']) retrieved from /home/airflow/.local/lib/python3.7/site-packages/airflow/example_dags/example_branch_python_dop_operator_3.py
[2023-06-09T06:10:16.633+0000] {logging_mixin.py:149} INFO - [2023-06-09T06:10:16.633+0000] {dag.py:2726} INFO - Sync 1 DAGs
[2023-06-09T06:10:16.673+0000] {logging_mixin.py:149} INFO - [2023-06-09T06:10:16.673+0000] {dag.py:3490} INFO - Setting next_dagrun for example_branch_dop_operator_v3 to 2023-06-09T06:09:00+00:00, run_after=2023-06-09T06:10:00+00:00
[2023-06-09T06:10:16.696+0000] {processor.py:179} INFO - Processing /home/airflow/.local/lib/python3.7/site-packages/airflow/example_dags/example_branch_python_dop_operator_3.py took 0.110 seconds
[2023-06-09T06:10:46.730+0000] {processor.py:157} INFO - Started process (PID=1465) to work on /home/airflow/.local/lib/python3.7/site-packages/airflow/example_dags/example_branch_python_dop_operator_3.py
[2023-06-09T06:10:46.731+0000] {processor.py:826} INFO - Processing file /home/airflow/.local/lib/python3.7/site-packages/airflow/example_dags/example_branch_python_dop_operator_3.py for tasks to queue
[2023-06-09T06:10:46.732+0000] {logging_mixin.py:149} INFO - [2023-06-09T06:10:46.732+0000] {dagbag.py:541} INFO - Filling up the DagBag from /home/airflow/.local/lib/python3.7/site-packages/airflow/example_dags/example_branch_python_dop_operator_3.py
[2023-06-09T06:10:46.743+0000] {processor.py:836} INFO - DAG(s) dict_keys(['example_branch_dop_operator_v3']) retrieved from /home/airflow/.local/lib/python3.7/site-packages/airflow/example_dags/example_branch_python_dop_operator_3.py
[2023-06-09T06:10:46.773+0000] {logging_mixin.py:149} INFO - [2023-06-09T06:10:46.773+0000] {dag.py:2726} INFO - Sync 1 DAGs
[2023-06-09T06:10:46.814+0000] {logging_mixin.py:149} INFO - [2023-06-09T06:10:46.814+0000] {dag.py:3490} INFO - Setting next_dagrun for example_branch_dop_operator_v3 to 2023-06-09T06:09:00+00:00, run_after=2023-06-09T06:10:00+00:00
[2023-06-09T06:10:46.836+0000] {processor.py:179} INFO - Processing /home/airflow/.local/lib/python3.7/site-packages/airflow/example_dags/example_branch_python_dop_operator_3.py took 0.110 seconds
[2023-06-09T06:11:17.086+0000] {processor.py:157} INFO - Started process (PID=1518) to work on /home/airflow/.local/lib/python3.7/site-packages/airflow/example_dags/example_branch_python_dop_operator_3.py
[2023-06-09T06:11:17.087+0000] {processor.py:826} INFO - Processing file /home/airflow/.local/lib/python3.7/site-packages/airflow/example_dags/example_branch_python_dop_operator_3.py for tasks to queue
[2023-06-09T06:11:17.088+0000] {logging_mixin.py:149} INFO - [2023-06-09T06:11:17.088+0000] {dagbag.py:541} INFO - Filling up the DagBag from /home/airflow/.local/lib/python3.7/site-packages/airflow/example_dags/example_branch_python_dop_operator_3.py
[2023-06-09T06:11:17.103+0000] {processor.py:836} INFO - DAG(s) dict_keys(['example_branch_dop_operator_v3']) retrieved from /home/airflow/.local/lib/python3.7/site-packages/airflow/example_dags/example_branch_python_dop_operator_3.py
[2023-06-09T06:11:17.148+0000] {logging_mixin.py:149} INFO - [2023-06-09T06:11:17.147+0000] {dag.py:2726} INFO - Sync 1 DAGs
[2023-06-09T06:11:17.208+0000] {logging_mixin.py:149} INFO - [2023-06-09T06:11:17.207+0000] {dag.py:3490} INFO - Setting next_dagrun for example_branch_dop_operator_v3 to 2023-06-09T06:10:00+00:00, run_after=2023-06-09T06:11:00+00:00
[2023-06-09T06:11:17.238+0000] {processor.py:179} INFO - Processing /home/airflow/.local/lib/python3.7/site-packages/airflow/example_dags/example_branch_python_dop_operator_3.py took 0.156 seconds
[2023-06-09T06:11:47.875+0000] {processor.py:157} INFO - Started process (PID=1573) to work on /home/airflow/.local/lib/python3.7/site-packages/airflow/example_dags/example_branch_python_dop_operator_3.py
[2023-06-09T06:11:47.877+0000] {processor.py:826} INFO - Processing file /home/airflow/.local/lib/python3.7/site-packages/airflow/example_dags/example_branch_python_dop_operator_3.py for tasks to queue
[2023-06-09T06:11:47.878+0000] {logging_mixin.py:149} INFO - [2023-06-09T06:11:47.877+0000] {dagbag.py:541} INFO - Filling up the DagBag from /home/airflow/.local/lib/python3.7/site-packages/airflow/example_dags/example_branch_python_dop_operator_3.py
[2023-06-09T06:11:47.888+0000] {processor.py:836} INFO - DAG(s) dict_keys(['example_branch_dop_operator_v3']) retrieved from /home/airflow/.local/lib/python3.7/site-packages/airflow/example_dags/example_branch_python_dop_operator_3.py
[2023-06-09T06:11:47.920+0000] {logging_mixin.py:149} INFO - [2023-06-09T06:11:47.920+0000] {dag.py:2726} INFO - Sync 1 DAGs
[2023-06-09T06:11:47.963+0000] {logging_mixin.py:149} INFO - [2023-06-09T06:11:47.963+0000] {dag.py:3490} INFO - Setting next_dagrun for example_branch_dop_operator_v3 to 2023-06-09T06:10:00+00:00, run_after=2023-06-09T06:11:00+00:00
[2023-06-09T06:11:47.987+0000] {processor.py:179} INFO - Processing /home/airflow/.local/lib/python3.7/site-packages/airflow/example_dags/example_branch_python_dop_operator_3.py took 0.116 seconds
[2023-06-09T06:12:18.118+0000] {processor.py:157} INFO - Started process (PID=1628) to work on /home/airflow/.local/lib/python3.7/site-packages/airflow/example_dags/example_branch_python_dop_operator_3.py
[2023-06-09T06:12:18.119+0000] {processor.py:826} INFO - Processing file /home/airflow/.local/lib/python3.7/site-packages/airflow/example_dags/example_branch_python_dop_operator_3.py for tasks to queue
[2023-06-09T06:12:18.120+0000] {logging_mixin.py:149} INFO - [2023-06-09T06:12:18.120+0000] {dagbag.py:541} INFO - Filling up the DagBag from /home/airflow/.local/lib/python3.7/site-packages/airflow/example_dags/example_branch_python_dop_operator_3.py
[2023-06-09T06:12:18.129+0000] {processor.py:836} INFO - DAG(s) dict_keys(['example_branch_dop_operator_v3']) retrieved from /home/airflow/.local/lib/python3.7/site-packages/airflow/example_dags/example_branch_python_dop_operator_3.py
[2023-06-09T06:12:18.161+0000] {logging_mixin.py:149} INFO - [2023-06-09T06:12:18.160+0000] {dag.py:2726} INFO - Sync 1 DAGs
[2023-06-09T06:12:18.201+0000] {logging_mixin.py:149} INFO - [2023-06-09T06:12:18.200+0000] {dag.py:3490} INFO - Setting next_dagrun for example_branch_dop_operator_v3 to 2023-06-09T06:11:00+00:00, run_after=2023-06-09T06:12:00+00:00
[2023-06-09T06:12:18.224+0000] {processor.py:179} INFO - Processing /home/airflow/.local/lib/python3.7/site-packages/airflow/example_dags/example_branch_python_dop_operator_3.py took 0.110 seconds
[2023-06-09T06:12:48.961+0000] {processor.py:157} INFO - Started process (PID=1682) to work on /home/airflow/.local/lib/python3.7/site-packages/airflow/example_dags/example_branch_python_dop_operator_3.py
[2023-06-09T06:12:48.962+0000] {processor.py:826} INFO - Processing file /home/airflow/.local/lib/python3.7/site-packages/airflow/example_dags/example_branch_python_dop_operator_3.py for tasks to queue
[2023-06-09T06:12:48.963+0000] {logging_mixin.py:149} INFO - [2023-06-09T06:12:48.963+0000] {dagbag.py:541} INFO - Filling up the DagBag from /home/airflow/.local/lib/python3.7/site-packages/airflow/example_dags/example_branch_python_dop_operator_3.py
[2023-06-09T06:12:48.973+0000] {processor.py:836} INFO - DAG(s) dict_keys(['example_branch_dop_operator_v3']) retrieved from /home/airflow/.local/lib/python3.7/site-packages/airflow/example_dags/example_branch_python_dop_operator_3.py
[2023-06-09T06:12:49.007+0000] {logging_mixin.py:149} INFO - [2023-06-09T06:12:49.007+0000] {dag.py:2726} INFO - Sync 1 DAGs
[2023-06-09T06:12:49.050+0000] {logging_mixin.py:149} INFO - [2023-06-09T06:12:49.050+0000] {dag.py:3490} INFO - Setting next_dagrun for example_branch_dop_operator_v3 to 2023-06-09T06:11:00+00:00, run_after=2023-06-09T06:12:00+00:00
[2023-06-09T06:12:49.075+0000] {processor.py:179} INFO - Processing /home/airflow/.local/lib/python3.7/site-packages/airflow/example_dags/example_branch_python_dop_operator_3.py took 0.118 seconds
[2023-06-09T06:13:19.328+0000] {processor.py:157} INFO - Started process (PID=1736) to work on /home/airflow/.local/lib/python3.7/site-packages/airflow/example_dags/example_branch_python_dop_operator_3.py
[2023-06-09T06:13:19.329+0000] {processor.py:826} INFO - Processing file /home/airflow/.local/lib/python3.7/site-packages/airflow/example_dags/example_branch_python_dop_operator_3.py for tasks to queue
[2023-06-09T06:13:19.329+0000] {logging_mixin.py:149} INFO - [2023-06-09T06:13:19.329+0000] {dagbag.py:541} INFO - Filling up the DagBag from /home/airflow/.local/lib/python3.7/site-packages/airflow/example_dags/example_branch_python_dop_operator_3.py
[2023-06-09T06:13:19.339+0000] {processor.py:836} INFO - DAG(s) dict_keys(['example_branch_dop_operator_v3']) retrieved from /home/airflow/.local/lib/python3.7/site-packages/airflow/example_dags/example_branch_python_dop_operator_3.py
[2023-06-09T06:13:19.372+0000] {logging_mixin.py:149} INFO - [2023-06-09T06:13:19.371+0000] {dag.py:2726} INFO - Sync 1 DAGs
[2023-06-09T06:13:19.427+0000] {logging_mixin.py:149} INFO - [2023-06-09T06:13:19.426+0000] {dag.py:3490} INFO - Setting next_dagrun for example_branch_dop_operator_v3 to 2023-06-09T06:12:00+00:00, run_after=2023-06-09T06:13:00+00:00
[2023-06-09T06:13:19.450+0000] {processor.py:179} INFO - Processing /home/airflow/.local/lib/python3.7/site-packages/airflow/example_dags/example_branch_python_dop_operator_3.py took 0.127 seconds
[2023-06-09T06:13:49.879+0000] {processor.py:157} INFO - Started process (PID=1790) to work on /home/airflow/.local/lib/python3.7/site-packages/airflow/example_dags/example_branch_python_dop_operator_3.py
[2023-06-09T06:13:49.881+0000] {processor.py:826} INFO - Processing file /home/airflow/.local/lib/python3.7/site-packages/airflow/example_dags/example_branch_python_dop_operator_3.py for tasks to queue
[2023-06-09T06:13:49.882+0000] {logging_mixin.py:149} INFO - [2023-06-09T06:13:49.881+0000] {dagbag.py:541} INFO - Filling up the DagBag from /home/airflow/.local/lib/python3.7/site-packages/airflow/example_dags/example_branch_python_dop_operator_3.py
[2023-06-09T06:13:49.891+0000] {processor.py:836} INFO - DAG(s) dict_keys(['example_branch_dop_operator_v3']) retrieved from /home/airflow/.local/lib/python3.7/site-packages/airflow/example_dags/example_branch_python_dop_operator_3.py
[2023-06-09T06:13:49.923+0000] {logging_mixin.py:149} INFO - [2023-06-09T06:13:49.923+0000] {dag.py:2726} INFO - Sync 1 DAGs
[2023-06-09T06:13:49.966+0000] {logging_mixin.py:149} INFO - [2023-06-09T06:13:49.966+0000] {dag.py:3490} INFO - Setting next_dagrun for example_branch_dop_operator_v3 to 2023-06-09T06:12:00+00:00, run_after=2023-06-09T06:13:00+00:00
[2023-06-09T06:13:49.989+0000] {processor.py:179} INFO - Processing /home/airflow/.local/lib/python3.7/site-packages/airflow/example_dags/example_branch_python_dop_operator_3.py took 0.113 seconds
[2023-06-09T06:14:20.605+0000] {processor.py:157} INFO - Started process (PID=1843) to work on /home/airflow/.local/lib/python3.7/site-packages/airflow/example_dags/example_branch_python_dop_operator_3.py
[2023-06-09T06:14:20.606+0000] {processor.py:826} INFO - Processing file /home/airflow/.local/lib/python3.7/site-packages/airflow/example_dags/example_branch_python_dop_operator_3.py for tasks to queue
[2023-06-09T06:14:20.606+0000] {logging_mixin.py:149} INFO - [2023-06-09T06:14:20.606+0000] {dagbag.py:541} INFO - Filling up the DagBag from /home/airflow/.local/lib/python3.7/site-packages/airflow/example_dags/example_branch_python_dop_operator_3.py
[2023-06-09T06:14:20.617+0000] {processor.py:836} INFO - DAG(s) dict_keys(['example_branch_dop_operator_v3']) retrieved from /home/airflow/.local/lib/python3.7/site-packages/airflow/example_dags/example_branch_python_dop_operator_3.py
[2023-06-09T06:14:20.650+0000] {logging_mixin.py:149} INFO - [2023-06-09T06:14:20.650+0000] {dag.py:2726} INFO - Sync 1 DAGs
[2023-06-09T06:14:20.691+0000] {logging_mixin.py:149} INFO - [2023-06-09T06:14:20.691+0000] {dag.py:3490} INFO - Setting next_dagrun for example_branch_dop_operator_v3 to 2023-06-09T06:13:00+00:00, run_after=2023-06-09T06:14:00+00:00
[2023-06-09T06:14:20.716+0000] {processor.py:179} INFO - Processing /home/airflow/.local/lib/python3.7/site-packages/airflow/example_dags/example_branch_python_dop_operator_3.py took 0.115 seconds
[2023-06-09T06:14:51.083+0000] {processor.py:157} INFO - Started process (PID=1897) to work on /home/airflow/.local/lib/python3.7/site-packages/airflow/example_dags/example_branch_python_dop_operator_3.py
[2023-06-09T06:14:51.085+0000] {processor.py:826} INFO - Processing file /home/airflow/.local/lib/python3.7/site-packages/airflow/example_dags/example_branch_python_dop_operator_3.py for tasks to queue
[2023-06-09T06:14:51.086+0000] {logging_mixin.py:149} INFO - [2023-06-09T06:14:51.086+0000] {dagbag.py:541} INFO - Filling up the DagBag from /home/airflow/.local/lib/python3.7/site-packages/airflow/example_dags/example_branch_python_dop_operator_3.py
[2023-06-09T06:14:51.096+0000] {processor.py:836} INFO - DAG(s) dict_keys(['example_branch_dop_operator_v3']) retrieved from /home/airflow/.local/lib/python3.7/site-packages/airflow/example_dags/example_branch_python_dop_operator_3.py
[2023-06-09T06:14:51.127+0000] {logging_mixin.py:149} INFO - [2023-06-09T06:14:51.127+0000] {dag.py:2726} INFO - Sync 1 DAGs
[2023-06-09T06:14:51.168+0000] {logging_mixin.py:149} INFO - [2023-06-09T06:14:51.168+0000] {dag.py:3490} INFO - Setting next_dagrun for example_branch_dop_operator_v3 to 2023-06-09T06:13:00+00:00, run_after=2023-06-09T06:14:00+00:00
[2023-06-09T06:14:51.192+0000] {processor.py:179} INFO - Processing /home/airflow/.local/lib/python3.7/site-packages/airflow/example_dags/example_branch_python_dop_operator_3.py took 0.112 seconds
[2023-06-09T06:15:21.991+0000] {processor.py:157} INFO - Started process (PID=1951) to work on /home/airflow/.local/lib/python3.7/site-packages/airflow/example_dags/example_branch_python_dop_operator_3.py
[2023-06-09T06:15:21.992+0000] {processor.py:826} INFO - Processing file /home/airflow/.local/lib/python3.7/site-packages/airflow/example_dags/example_branch_python_dop_operator_3.py for tasks to queue
[2023-06-09T06:15:21.993+0000] {logging_mixin.py:149} INFO - [2023-06-09T06:15:21.993+0000] {dagbag.py:541} INFO - Filling up the DagBag from /home/airflow/.local/lib/python3.7/site-packages/airflow/example_dags/example_branch_python_dop_operator_3.py
[2023-06-09T06:15:22.004+0000] {processor.py:836} INFO - DAG(s) dict_keys(['example_branch_dop_operator_v3']) retrieved from /home/airflow/.local/lib/python3.7/site-packages/airflow/example_dags/example_branch_python_dop_operator_3.py
[2023-06-09T06:15:22.038+0000] {logging_mixin.py:149} INFO - [2023-06-09T06:15:22.038+0000] {dag.py:2726} INFO - Sync 1 DAGs
[2023-06-09T06:15:22.089+0000] {logging_mixin.py:149} INFO - [2023-06-09T06:15:22.089+0000] {dag.py:3490} INFO - Setting next_dagrun for example_branch_dop_operator_v3 to 2023-06-09T06:14:00+00:00, run_after=2023-06-09T06:15:00+00:00
[2023-06-09T06:15:22.115+0000] {processor.py:179} INFO - Processing /home/airflow/.local/lib/python3.7/site-packages/airflow/example_dags/example_branch_python_dop_operator_3.py took 0.127 seconds
[2023-06-09T06:15:52.440+0000] {processor.py:157} INFO - Started process (PID=2004) to work on /home/airflow/.local/lib/python3.7/site-packages/airflow/example_dags/example_branch_python_dop_operator_3.py
[2023-06-09T06:15:52.442+0000] {processor.py:826} INFO - Processing file /home/airflow/.local/lib/python3.7/site-packages/airflow/example_dags/example_branch_python_dop_operator_3.py for tasks to queue
[2023-06-09T06:15:52.442+0000] {logging_mixin.py:149} INFO - [2023-06-09T06:15:52.442+0000] {dagbag.py:541} INFO - Filling up the DagBag from /home/airflow/.local/lib/python3.7/site-packages/airflow/example_dags/example_branch_python_dop_operator_3.py
[2023-06-09T06:15:52.452+0000] {processor.py:836} INFO - DAG(s) dict_keys(['example_branch_dop_operator_v3']) retrieved from /home/airflow/.local/lib/python3.7/site-packages/airflow/example_dags/example_branch_python_dop_operator_3.py
[2023-06-09T06:15:52.499+0000] {logging_mixin.py:149} INFO - [2023-06-09T06:15:52.499+0000] {dag.py:2726} INFO - Sync 1 DAGs
[2023-06-09T06:15:52.540+0000] {logging_mixin.py:149} INFO - [2023-06-09T06:15:52.540+0000] {dag.py:3490} INFO - Setting next_dagrun for example_branch_dop_operator_v3 to 2023-06-09T06:14:00+00:00, run_after=2023-06-09T06:15:00+00:00
[2023-06-09T06:15:52.569+0000] {processor.py:179} INFO - Processing /home/airflow/.local/lib/python3.7/site-packages/airflow/example_dags/example_branch_python_dop_operator_3.py took 0.133 seconds
[2023-06-09T06:16:23.517+0000] {processor.py:157} INFO - Started process (PID=2058) to work on /home/airflow/.local/lib/python3.7/site-packages/airflow/example_dags/example_branch_python_dop_operator_3.py
[2023-06-09T06:16:23.518+0000] {processor.py:826} INFO - Processing file /home/airflow/.local/lib/python3.7/site-packages/airflow/example_dags/example_branch_python_dop_operator_3.py for tasks to queue
[2023-06-09T06:16:23.524+0000] {logging_mixin.py:149} INFO - [2023-06-09T06:16:23.524+0000] {dagbag.py:541} INFO - Filling up the DagBag from /home/airflow/.local/lib/python3.7/site-packages/airflow/example_dags/example_branch_python_dop_operator_3.py
[2023-06-09T06:16:23.542+0000] {processor.py:836} INFO - DAG(s) dict_keys(['example_branch_dop_operator_v3']) retrieved from /home/airflow/.local/lib/python3.7/site-packages/airflow/example_dags/example_branch_python_dop_operator_3.py
[2023-06-09T06:16:23.797+0000] {logging_mixin.py:149} INFO - [2023-06-09T06:16:23.797+0000] {dag.py:2726} INFO - Sync 1 DAGs
[2023-06-09T06:16:23.922+0000] {logging_mixin.py:149} INFO - [2023-06-09T06:16:23.921+0000] {dag.py:3490} INFO - Setting next_dagrun for example_branch_dop_operator_v3 to 2023-06-09T06:15:00+00:00, run_after=2023-06-09T06:16:00+00:00
[2023-06-09T06:16:24.053+0000] {processor.py:179} INFO - Processing /home/airflow/.local/lib/python3.7/site-packages/airflow/example_dags/example_branch_python_dop_operator_3.py took 0.553 seconds
[2023-06-09T06:16:54.698+0000] {processor.py:157} INFO - Started process (PID=2112) to work on /home/airflow/.local/lib/python3.7/site-packages/airflow/example_dags/example_branch_python_dop_operator_3.py
[2023-06-09T06:16:54.699+0000] {processor.py:826} INFO - Processing file /home/airflow/.local/lib/python3.7/site-packages/airflow/example_dags/example_branch_python_dop_operator_3.py for tasks to queue
[2023-06-09T06:16:54.700+0000] {logging_mixin.py:149} INFO - [2023-06-09T06:16:54.700+0000] {dagbag.py:541} INFO - Filling up the DagBag from /home/airflow/.local/lib/python3.7/site-packages/airflow/example_dags/example_branch_python_dop_operator_3.py
[2023-06-09T06:16:54.710+0000] {processor.py:836} INFO - DAG(s) dict_keys(['example_branch_dop_operator_v3']) retrieved from /home/airflow/.local/lib/python3.7/site-packages/airflow/example_dags/example_branch_python_dop_operator_3.py
[2023-06-09T06:16:54.742+0000] {logging_mixin.py:149} INFO - [2023-06-09T06:16:54.742+0000] {dag.py:2726} INFO - Sync 1 DAGs
[2023-06-09T06:16:54.786+0000] {logging_mixin.py:149} INFO - [2023-06-09T06:16:54.785+0000] {dag.py:3490} INFO - Setting next_dagrun for example_branch_dop_operator_v3 to 2023-06-09T06:15:00+00:00, run_after=2023-06-09T06:16:00+00:00
[2023-06-09T06:16:54.809+0000] {processor.py:179} INFO - Processing /home/airflow/.local/lib/python3.7/site-packages/airflow/example_dags/example_branch_python_dop_operator_3.py took 0.115 seconds
[2023-06-09T06:17:24.958+0000] {processor.py:157} INFO - Started process (PID=2166) to work on /home/airflow/.local/lib/python3.7/site-packages/airflow/example_dags/example_branch_python_dop_operator_3.py
[2023-06-09T06:17:24.959+0000] {processor.py:826} INFO - Processing file /home/airflow/.local/lib/python3.7/site-packages/airflow/example_dags/example_branch_python_dop_operator_3.py for tasks to queue
[2023-06-09T06:17:24.960+0000] {logging_mixin.py:149} INFO - [2023-06-09T06:17:24.960+0000] {dagbag.py:541} INFO - Filling up the DagBag from /home/airflow/.local/lib/python3.7/site-packages/airflow/example_dags/example_branch_python_dop_operator_3.py
[2023-06-09T06:17:24.970+0000] {processor.py:836} INFO - DAG(s) dict_keys(['example_branch_dop_operator_v3']) retrieved from /home/airflow/.local/lib/python3.7/site-packages/airflow/example_dags/example_branch_python_dop_operator_3.py
[2023-06-09T06:17:25.002+0000] {logging_mixin.py:149} INFO - [2023-06-09T06:17:25.002+0000] {dag.py:2726} INFO - Sync 1 DAGs
[2023-06-09T06:17:25.045+0000] {logging_mixin.py:149} INFO - [2023-06-09T06:17:25.045+0000] {dag.py:3490} INFO - Setting next_dagrun for example_branch_dop_operator_v3 to 2023-06-09T06:16:00+00:00, run_after=2023-06-09T06:17:00+00:00
[2023-06-09T06:17:25.071+0000] {processor.py:179} INFO - Processing /home/airflow/.local/lib/python3.7/site-packages/airflow/example_dags/example_branch_python_dop_operator_3.py took 0.116 seconds
[2023-06-09T06:17:55.273+0000] {processor.py:157} INFO - Started process (PID=2220) to work on /home/airflow/.local/lib/python3.7/site-packages/airflow/example_dags/example_branch_python_dop_operator_3.py
[2023-06-09T06:17:55.274+0000] {processor.py:826} INFO - Processing file /home/airflow/.local/lib/python3.7/site-packages/airflow/example_dags/example_branch_python_dop_operator_3.py for tasks to queue
[2023-06-09T06:17:55.275+0000] {logging_mixin.py:149} INFO - [2023-06-09T06:17:55.275+0000] {dagbag.py:541} INFO - Filling up the DagBag from /home/airflow/.local/lib/python3.7/site-packages/airflow/example_dags/example_branch_python_dop_operator_3.py
[2023-06-09T06:17:55.285+0000] {processor.py:836} INFO - DAG(s) dict_keys(['example_branch_dop_operator_v3']) retrieved from /home/airflow/.local/lib/python3.7/site-packages/airflow/example_dags/example_branch_python_dop_operator_3.py
[2023-06-09T06:17:55.317+0000] {logging_mixin.py:149} INFO - [2023-06-09T06:17:55.317+0000] {dag.py:2726} INFO - Sync 1 DAGs
[2023-06-09T06:17:55.358+0000] {logging_mixin.py:149} INFO - [2023-06-09T06:17:55.358+0000] {dag.py:3490} INFO - Setting next_dagrun for example_branch_dop_operator_v3 to 2023-06-09T06:16:00+00:00, run_after=2023-06-09T06:17:00+00:00
[2023-06-09T06:17:55.381+0000] {processor.py:179} INFO - Processing /home/airflow/.local/lib/python3.7/site-packages/airflow/example_dags/example_branch_python_dop_operator_3.py took 0.112 seconds
[2023-06-09T06:18:25.996+0000] {processor.py:157} INFO - Started process (PID=2274) to work on /home/airflow/.local/lib/python3.7/site-packages/airflow/example_dags/example_branch_python_dop_operator_3.py
[2023-06-09T06:18:25.997+0000] {processor.py:826} INFO - Processing file /home/airflow/.local/lib/python3.7/site-packages/airflow/example_dags/example_branch_python_dop_operator_3.py for tasks to queue
[2023-06-09T06:18:25.998+0000] {logging_mixin.py:149} INFO - [2023-06-09T06:18:25.997+0000] {dagbag.py:541} INFO - Filling up the DagBag from /home/airflow/.local/lib/python3.7/site-packages/airflow/example_dags/example_branch_python_dop_operator_3.py
[2023-06-09T06:18:26.009+0000] {processor.py:836} INFO - DAG(s) dict_keys(['example_branch_dop_operator_v3']) retrieved from /home/airflow/.local/lib/python3.7/site-packages/airflow/example_dags/example_branch_python_dop_operator_3.py
[2023-06-09T06:18:26.044+0000] {logging_mixin.py:149} INFO - [2023-06-09T06:18:26.043+0000] {dag.py:2726} INFO - Sync 1 DAGs
[2023-06-09T06:18:26.084+0000] {logging_mixin.py:149} INFO - [2023-06-09T06:18:26.084+0000] {dag.py:3490} INFO - Setting next_dagrun for example_branch_dop_operator_v3 to 2023-06-09T06:17:00+00:00, run_after=2023-06-09T06:18:00+00:00
[2023-06-09T06:18:26.107+0000] {processor.py:179} INFO - Processing /home/airflow/.local/lib/python3.7/site-packages/airflow/example_dags/example_branch_python_dop_operator_3.py took 0.115 seconds
[2023-06-09T06:18:56.614+0000] {processor.py:157} INFO - Started process (PID=2328) to work on /home/airflow/.local/lib/python3.7/site-packages/airflow/example_dags/example_branch_python_dop_operator_3.py
[2023-06-09T06:18:56.616+0000] {processor.py:826} INFO - Processing file /home/airflow/.local/lib/python3.7/site-packages/airflow/example_dags/example_branch_python_dop_operator_3.py for tasks to queue
[2023-06-09T06:18:56.616+0000] {logging_mixin.py:149} INFO - [2023-06-09T06:18:56.616+0000] {dagbag.py:541} INFO - Filling up the DagBag from /home/airflow/.local/lib/python3.7/site-packages/airflow/example_dags/example_branch_python_dop_operator_3.py
[2023-06-09T06:18:56.626+0000] {processor.py:836} INFO - DAG(s) dict_keys(['example_branch_dop_operator_v3']) retrieved from /home/airflow/.local/lib/python3.7/site-packages/airflow/example_dags/example_branch_python_dop_operator_3.py
[2023-06-09T06:18:56.665+0000] {logging_mixin.py:149} INFO - [2023-06-09T06:18:56.665+0000] {dag.py:2726} INFO - Sync 1 DAGs
[2023-06-09T06:18:56.707+0000] {logging_mixin.py:149} INFO - [2023-06-09T06:18:56.707+0000] {dag.py:3490} INFO - Setting next_dagrun for example_branch_dop_operator_v3 to 2023-06-09T06:17:00+00:00, run_after=2023-06-09T06:18:00+00:00
[2023-06-09T06:18:56.731+0000] {processor.py:179} INFO - Processing /home/airflow/.local/lib/python3.7/site-packages/airflow/example_dags/example_branch_python_dop_operator_3.py took 0.123 seconds
[2023-06-09T06:19:26.826+0000] {processor.py:157} INFO - Started process (PID=2382) to work on /home/airflow/.local/lib/python3.7/site-packages/airflow/example_dags/example_branch_python_dop_operator_3.py
[2023-06-09T06:19:26.828+0000] {processor.py:826} INFO - Processing file /home/airflow/.local/lib/python3.7/site-packages/airflow/example_dags/example_branch_python_dop_operator_3.py for tasks to queue
[2023-06-09T06:19:26.828+0000] {logging_mixin.py:149} INFO - [2023-06-09T06:19:26.828+0000] {dagbag.py:541} INFO - Filling up the DagBag from /home/airflow/.local/lib/python3.7/site-packages/airflow/example_dags/example_branch_python_dop_operator_3.py
[2023-06-09T06:19:26.838+0000] {processor.py:836} INFO - DAG(s) dict_keys(['example_branch_dop_operator_v3']) retrieved from /home/airflow/.local/lib/python3.7/site-packages/airflow/example_dags/example_branch_python_dop_operator_3.py
[2023-06-09T06:19:26.870+0000] {logging_mixin.py:149} INFO - [2023-06-09T06:19:26.870+0000] {dag.py:2726} INFO - Sync 1 DAGs
[2023-06-09T06:19:26.910+0000] {logging_mixin.py:149} INFO - [2023-06-09T06:19:26.910+0000] {dag.py:3490} INFO - Setting next_dagrun for example_branch_dop_operator_v3 to 2023-06-09T06:18:00+00:00, run_after=2023-06-09T06:19:00+00:00
[2023-06-09T06:19:26.933+0000] {processor.py:179} INFO - Processing /home/airflow/.local/lib/python3.7/site-packages/airflow/example_dags/example_branch_python_dop_operator_3.py took 0.111 seconds
[2023-06-09T06:19:57.237+0000] {processor.py:157} INFO - Started process (PID=2437) to work on /home/airflow/.local/lib/python3.7/site-packages/airflow/example_dags/example_branch_python_dop_operator_3.py
[2023-06-09T06:19:57.239+0000] {processor.py:826} INFO - Processing file /home/airflow/.local/lib/python3.7/site-packages/airflow/example_dags/example_branch_python_dop_operator_3.py for tasks to queue
[2023-06-09T06:19:57.240+0000] {logging_mixin.py:149} INFO - [2023-06-09T06:19:57.240+0000] {dagbag.py:541} INFO - Filling up the DagBag from /home/airflow/.local/lib/python3.7/site-packages/airflow/example_dags/example_branch_python_dop_operator_3.py
[2023-06-09T06:19:57.250+0000] {processor.py:836} INFO - DAG(s) dict_keys(['example_branch_dop_operator_v3']) retrieved from /home/airflow/.local/lib/python3.7/site-packages/airflow/example_dags/example_branch_python_dop_operator_3.py
[2023-06-09T06:19:57.286+0000] {logging_mixin.py:149} INFO - [2023-06-09T06:19:57.285+0000] {dag.py:2726} INFO - Sync 1 DAGs
[2023-06-09T06:19:57.325+0000] {logging_mixin.py:149} INFO - [2023-06-09T06:19:57.325+0000] {dag.py:3490} INFO - Setting next_dagrun for example_branch_dop_operator_v3 to 2023-06-09T06:18:00+00:00, run_after=2023-06-09T06:19:00+00:00
[2023-06-09T06:19:57.348+0000] {processor.py:179} INFO - Processing /home/airflow/.local/lib/python3.7/site-packages/airflow/example_dags/example_branch_python_dop_operator_3.py took 0.115 seconds
[2023-06-09T06:20:27.633+0000] {processor.py:157} INFO - Started process (PID=2491) to work on /home/airflow/.local/lib/python3.7/site-packages/airflow/example_dags/example_branch_python_dop_operator_3.py
[2023-06-09T06:20:27.634+0000] {processor.py:826} INFO - Processing file /home/airflow/.local/lib/python3.7/site-packages/airflow/example_dags/example_branch_python_dop_operator_3.py for tasks to queue
[2023-06-09T06:20:27.635+0000] {logging_mixin.py:149} INFO - [2023-06-09T06:20:27.634+0000] {dagbag.py:541} INFO - Filling up the DagBag from /home/airflow/.local/lib/python3.7/site-packages/airflow/example_dags/example_branch_python_dop_operator_3.py
[2023-06-09T06:20:27.644+0000] {processor.py:836} INFO - DAG(s) dict_keys(['example_branch_dop_operator_v3']) retrieved from /home/airflow/.local/lib/python3.7/site-packages/airflow/example_dags/example_branch_python_dop_operator_3.py
[2023-06-09T06:20:27.680+0000] {logging_mixin.py:149} INFO - [2023-06-09T06:20:27.680+0000] {dag.py:2726} INFO - Sync 1 DAGs
[2023-06-09T06:20:27.720+0000] {logging_mixin.py:149} INFO - [2023-06-09T06:20:27.720+0000] {dag.py:3490} INFO - Setting next_dagrun for example_branch_dop_operator_v3 to 2023-06-09T06:19:00+00:00, run_after=2023-06-09T06:20:00+00:00
[2023-06-09T06:20:27.744+0000] {processor.py:179} INFO - Processing /home/airflow/.local/lib/python3.7/site-packages/airflow/example_dags/example_branch_python_dop_operator_3.py took 0.115 seconds
[2023-06-09T06:20:57.977+0000] {processor.py:157} INFO - Started process (PID=2545) to work on /home/airflow/.local/lib/python3.7/site-packages/airflow/example_dags/example_branch_python_dop_operator_3.py
[2023-06-09T06:20:57.978+0000] {processor.py:826} INFO - Processing file /home/airflow/.local/lib/python3.7/site-packages/airflow/example_dags/example_branch_python_dop_operator_3.py for tasks to queue
[2023-06-09T06:20:57.979+0000] {logging_mixin.py:149} INFO - [2023-06-09T06:20:57.979+0000] {dagbag.py:541} INFO - Filling up the DagBag from /home/airflow/.local/lib/python3.7/site-packages/airflow/example_dags/example_branch_python_dop_operator_3.py
[2023-06-09T06:20:57.989+0000] {processor.py:836} INFO - DAG(s) dict_keys(['example_branch_dop_operator_v3']) retrieved from /home/airflow/.local/lib/python3.7/site-packages/airflow/example_dags/example_branch_python_dop_operator_3.py
[2023-06-09T06:20:58.026+0000] {logging_mixin.py:149} INFO - [2023-06-09T06:20:58.025+0000] {dag.py:2726} INFO - Sync 1 DAGs
[2023-06-09T06:20:58.066+0000] {logging_mixin.py:149} INFO - [2023-06-09T06:20:58.066+0000] {dag.py:3490} INFO - Setting next_dagrun for example_branch_dop_operator_v3 to 2023-06-09T06:19:00+00:00, run_after=2023-06-09T06:20:00+00:00
[2023-06-09T06:20:58.091+0000] {processor.py:179} INFO - Processing /home/airflow/.local/lib/python3.7/site-packages/airflow/example_dags/example_branch_python_dop_operator_3.py took 0.119 seconds
[2023-06-09T06:21:28.785+0000] {processor.py:157} INFO - Started process (PID=2599) to work on /home/airflow/.local/lib/python3.7/site-packages/airflow/example_dags/example_branch_python_dop_operator_3.py
[2023-06-09T06:21:28.786+0000] {processor.py:826} INFO - Processing file /home/airflow/.local/lib/python3.7/site-packages/airflow/example_dags/example_branch_python_dop_operator_3.py for tasks to queue
[2023-06-09T06:21:28.787+0000] {logging_mixin.py:149} INFO - [2023-06-09T06:21:28.787+0000] {dagbag.py:541} INFO - Filling up the DagBag from /home/airflow/.local/lib/python3.7/site-packages/airflow/example_dags/example_branch_python_dop_operator_3.py
[2023-06-09T06:21:28.797+0000] {processor.py:836} INFO - DAG(s) dict_keys(['example_branch_dop_operator_v3']) retrieved from /home/airflow/.local/lib/python3.7/site-packages/airflow/example_dags/example_branch_python_dop_operator_3.py
[2023-06-09T06:21:28.828+0000] {logging_mixin.py:149} INFO - [2023-06-09T06:21:28.827+0000] {dag.py:2726} INFO - Sync 1 DAGs
[2023-06-09T06:21:28.867+0000] {logging_mixin.py:149} INFO - [2023-06-09T06:21:28.867+0000] {dag.py:3490} INFO - Setting next_dagrun for example_branch_dop_operator_v3 to 2023-06-09T06:20:00+00:00, run_after=2023-06-09T06:21:00+00:00
[2023-06-09T06:21:28.890+0000] {processor.py:179} INFO - Processing /home/airflow/.local/lib/python3.7/site-packages/airflow/example_dags/example_branch_python_dop_operator_3.py took 0.108 seconds
[2023-06-09T06:21:59.183+0000] {processor.py:157} INFO - Started process (PID=2653) to work on /home/airflow/.local/lib/python3.7/site-packages/airflow/example_dags/example_branch_python_dop_operator_3.py
[2023-06-09T06:21:59.185+0000] {processor.py:826} INFO - Processing file /home/airflow/.local/lib/python3.7/site-packages/airflow/example_dags/example_branch_python_dop_operator_3.py for tasks to queue
[2023-06-09T06:21:59.185+0000] {logging_mixin.py:149} INFO - [2023-06-09T06:21:59.185+0000] {dagbag.py:541} INFO - Filling up the DagBag from /home/airflow/.local/lib/python3.7/site-packages/airflow/example_dags/example_branch_python_dop_operator_3.py
[2023-06-09T06:21:59.195+0000] {processor.py:836} INFO - DAG(s) dict_keys(['example_branch_dop_operator_v3']) retrieved from /home/airflow/.local/lib/python3.7/site-packages/airflow/example_dags/example_branch_python_dop_operator_3.py
[2023-06-09T06:21:59.233+0000] {logging_mixin.py:149} INFO - [2023-06-09T06:21:59.233+0000] {dag.py:2726} INFO - Sync 1 DAGs
[2023-06-09T06:21:59.274+0000] {logging_mixin.py:149} INFO - [2023-06-09T06:21:59.274+0000] {dag.py:3490} INFO - Setting next_dagrun for example_branch_dop_operator_v3 to 2023-06-09T06:20:00+00:00, run_after=2023-06-09T06:21:00+00:00
[2023-06-09T06:21:59.298+0000] {processor.py:179} INFO - Processing /home/airflow/.local/lib/python3.7/site-packages/airflow/example_dags/example_branch_python_dop_operator_3.py took 0.119 seconds
[2023-06-09T06:22:29.697+0000] {processor.py:157} INFO - Started process (PID=2707) to work on /home/airflow/.local/lib/python3.7/site-packages/airflow/example_dags/example_branch_python_dop_operator_3.py
[2023-06-09T06:22:29.700+0000] {processor.py:826} INFO - Processing file /home/airflow/.local/lib/python3.7/site-packages/airflow/example_dags/example_branch_python_dop_operator_3.py for tasks to queue
[2023-06-09T06:22:29.701+0000] {logging_mixin.py:149} INFO - [2023-06-09T06:22:29.701+0000] {dagbag.py:541} INFO - Filling up the DagBag from /home/airflow/.local/lib/python3.7/site-packages/airflow/example_dags/example_branch_python_dop_operator_3.py
[2023-06-09T06:22:29.721+0000] {processor.py:836} INFO - DAG(s) dict_keys(['example_branch_dop_operator_v3']) retrieved from /home/airflow/.local/lib/python3.7/site-packages/airflow/example_dags/example_branch_python_dop_operator_3.py
[2023-06-09T06:22:29.757+0000] {logging_mixin.py:149} INFO - [2023-06-09T06:22:29.757+0000] {dag.py:2726} INFO - Sync 1 DAGs
[2023-06-09T06:22:29.800+0000] {logging_mixin.py:149} INFO - [2023-06-09T06:22:29.800+0000] {dag.py:3490} INFO - Setting next_dagrun for example_branch_dop_operator_v3 to 2023-06-09T06:21:00+00:00, run_after=2023-06-09T06:22:00+00:00
[2023-06-09T06:22:29.836+0000] {processor.py:179} INFO - Processing /home/airflow/.local/lib/python3.7/site-packages/airflow/example_dags/example_branch_python_dop_operator_3.py took 0.151 seconds
[2023-06-09T06:23:00.006+0000] {processor.py:157} INFO - Started process (PID=2761) to work on /home/airflow/.local/lib/python3.7/site-packages/airflow/example_dags/example_branch_python_dop_operator_3.py
[2023-06-09T06:23:00.009+0000] {processor.py:826} INFO - Processing file /home/airflow/.local/lib/python3.7/site-packages/airflow/example_dags/example_branch_python_dop_operator_3.py for tasks to queue
[2023-06-09T06:23:00.012+0000] {logging_mixin.py:149} INFO - [2023-06-09T06:23:00.012+0000] {dagbag.py:541} INFO - Filling up the DagBag from /home/airflow/.local/lib/python3.7/site-packages/airflow/example_dags/example_branch_python_dop_operator_3.py
[2023-06-09T06:23:00.042+0000] {processor.py:836} INFO - DAG(s) dict_keys(['example_branch_dop_operator_v3']) retrieved from /home/airflow/.local/lib/python3.7/site-packages/airflow/example_dags/example_branch_python_dop_operator_3.py
[2023-06-09T06:23:00.130+0000] {logging_mixin.py:149} INFO - [2023-06-09T06:23:00.127+0000] {dag.py:2726} INFO - Sync 1 DAGs
[2023-06-09T06:23:00.214+0000] {logging_mixin.py:149} INFO - [2023-06-09T06:23:00.213+0000] {dag.py:3490} INFO - Setting next_dagrun for example_branch_dop_operator_v3 to 2023-06-09T06:22:00+00:00, run_after=2023-06-09T06:23:00+00:00
[2023-06-09T06:23:00.246+0000] {processor.py:179} INFO - Processing /home/airflow/.local/lib/python3.7/site-packages/airflow/example_dags/example_branch_python_dop_operator_3.py took 0.243 seconds
[2023-06-09T06:23:30.662+0000] {processor.py:157} INFO - Started process (PID=2815) to work on /home/airflow/.local/lib/python3.7/site-packages/airflow/example_dags/example_branch_python_dop_operator_3.py
[2023-06-09T06:23:30.663+0000] {processor.py:826} INFO - Processing file /home/airflow/.local/lib/python3.7/site-packages/airflow/example_dags/example_branch_python_dop_operator_3.py for tasks to queue
[2023-06-09T06:23:30.664+0000] {logging_mixin.py:149} INFO - [2023-06-09T06:23:30.664+0000] {dagbag.py:541} INFO - Filling up the DagBag from /home/airflow/.local/lib/python3.7/site-packages/airflow/example_dags/example_branch_python_dop_operator_3.py
[2023-06-09T06:23:30.674+0000] {processor.py:836} INFO - DAG(s) dict_keys(['example_branch_dop_operator_v3']) retrieved from /home/airflow/.local/lib/python3.7/site-packages/airflow/example_dags/example_branch_python_dop_operator_3.py
[2023-06-09T06:23:30.708+0000] {logging_mixin.py:149} INFO - [2023-06-09T06:23:30.708+0000] {dag.py:2726} INFO - Sync 1 DAGs
[2023-06-09T06:23:30.749+0000] {logging_mixin.py:149} INFO - [2023-06-09T06:23:30.748+0000] {dag.py:3490} INFO - Setting next_dagrun for example_branch_dop_operator_v3 to 2023-06-09T06:22:00+00:00, run_after=2023-06-09T06:23:00+00:00
[2023-06-09T06:23:30.771+0000] {processor.py:179} INFO - Processing /home/airflow/.local/lib/python3.7/site-packages/airflow/example_dags/example_branch_python_dop_operator_3.py took 0.113 seconds
[2023-06-09T06:24:00.994+0000] {processor.py:157} INFO - Started process (PID=2868) to work on /home/airflow/.local/lib/python3.7/site-packages/airflow/example_dags/example_branch_python_dop_operator_3.py
[2023-06-09T06:24:00.995+0000] {processor.py:826} INFO - Processing file /home/airflow/.local/lib/python3.7/site-packages/airflow/example_dags/example_branch_python_dop_operator_3.py for tasks to queue
[2023-06-09T06:24:00.996+0000] {logging_mixin.py:149} INFO - [2023-06-09T06:24:00.996+0000] {dagbag.py:541} INFO - Filling up the DagBag from /home/airflow/.local/lib/python3.7/site-packages/airflow/example_dags/example_branch_python_dop_operator_3.py
[2023-06-09T06:24:01.006+0000] {processor.py:836} INFO - DAG(s) dict_keys(['example_branch_dop_operator_v3']) retrieved from /home/airflow/.local/lib/python3.7/site-packages/airflow/example_dags/example_branch_python_dop_operator_3.py
[2023-06-09T06:24:01.038+0000] {logging_mixin.py:149} INFO - [2023-06-09T06:24:01.038+0000] {dag.py:2726} INFO - Sync 1 DAGs
[2023-06-09T06:24:01.085+0000] {logging_mixin.py:149} INFO - [2023-06-09T06:24:01.085+0000] {dag.py:3490} INFO - Setting next_dagrun for example_branch_dop_operator_v3 to 2023-06-09T06:23:00+00:00, run_after=2023-06-09T06:24:00+00:00
[2023-06-09T06:24:01.112+0000] {processor.py:179} INFO - Processing /home/airflow/.local/lib/python3.7/site-packages/airflow/example_dags/example_branch_python_dop_operator_3.py took 0.122 seconds
[2023-06-09T06:24:31.980+0000] {processor.py:157} INFO - Started process (PID=2922) to work on /home/airflow/.local/lib/python3.7/site-packages/airflow/example_dags/example_branch_python_dop_operator_3.py
[2023-06-09T06:24:31.984+0000] {processor.py:826} INFO - Processing file /home/airflow/.local/lib/python3.7/site-packages/airflow/example_dags/example_branch_python_dop_operator_3.py for tasks to queue
[2023-06-09T06:24:31.985+0000] {logging_mixin.py:149} INFO - [2023-06-09T06:24:31.984+0000] {dagbag.py:541} INFO - Filling up the DagBag from /home/airflow/.local/lib/python3.7/site-packages/airflow/example_dags/example_branch_python_dop_operator_3.py
[2023-06-09T06:24:31.994+0000] {processor.py:836} INFO - DAG(s) dict_keys(['example_branch_dop_operator_v3']) retrieved from /home/airflow/.local/lib/python3.7/site-packages/airflow/example_dags/example_branch_python_dop_operator_3.py
[2023-06-09T06:24:32.036+0000] {logging_mixin.py:149} INFO - [2023-06-09T06:24:32.035+0000] {dag.py:2726} INFO - Sync 1 DAGs
[2023-06-09T06:24:32.076+0000] {logging_mixin.py:149} INFO - [2023-06-09T06:24:32.076+0000] {dag.py:3490} INFO - Setting next_dagrun for example_branch_dop_operator_v3 to 2023-06-09T06:23:00+00:00, run_after=2023-06-09T06:24:00+00:00
[2023-06-09T06:24:32.100+0000] {processor.py:179} INFO - Processing /home/airflow/.local/lib/python3.7/site-packages/airflow/example_dags/example_branch_python_dop_operator_3.py took 0.124 seconds
[2023-06-09T06:25:02.491+0000] {processor.py:157} INFO - Started process (PID=2976) to work on /home/airflow/.local/lib/python3.7/site-packages/airflow/example_dags/example_branch_python_dop_operator_3.py
[2023-06-09T06:25:02.492+0000] {processor.py:826} INFO - Processing file /home/airflow/.local/lib/python3.7/site-packages/airflow/example_dags/example_branch_python_dop_operator_3.py for tasks to queue
[2023-06-09T06:25:02.492+0000] {logging_mixin.py:149} INFO - [2023-06-09T06:25:02.492+0000] {dagbag.py:541} INFO - Filling up the DagBag from /home/airflow/.local/lib/python3.7/site-packages/airflow/example_dags/example_branch_python_dop_operator_3.py
[2023-06-09T06:25:02.504+0000] {processor.py:836} INFO - DAG(s) dict_keys(['example_branch_dop_operator_v3']) retrieved from /home/airflow/.local/lib/python3.7/site-packages/airflow/example_dags/example_branch_python_dop_operator_3.py
[2023-06-09T06:25:02.538+0000] {logging_mixin.py:149} INFO - [2023-06-09T06:25:02.538+0000] {dag.py:2726} INFO - Sync 1 DAGs
[2023-06-09T06:25:02.580+0000] {logging_mixin.py:149} INFO - [2023-06-09T06:25:02.579+0000] {dag.py:3490} INFO - Setting next_dagrun for example_branch_dop_operator_v3 to 2023-06-09T06:24:00+00:00, run_after=2023-06-09T06:25:00+00:00
[2023-06-09T06:25:02.606+0000] {processor.py:179} INFO - Processing /home/airflow/.local/lib/python3.7/site-packages/airflow/example_dags/example_branch_python_dop_operator_3.py took 0.120 seconds
[2023-06-09T06:25:33.564+0000] {processor.py:157} INFO - Started process (PID=3030) to work on /home/airflow/.local/lib/python3.7/site-packages/airflow/example_dags/example_branch_python_dop_operator_3.py
[2023-06-09T06:25:33.566+0000] {processor.py:826} INFO - Processing file /home/airflow/.local/lib/python3.7/site-packages/airflow/example_dags/example_branch_python_dop_operator_3.py for tasks to queue
[2023-06-09T06:25:33.567+0000] {logging_mixin.py:149} INFO - [2023-06-09T06:25:33.566+0000] {dagbag.py:541} INFO - Filling up the DagBag from /home/airflow/.local/lib/python3.7/site-packages/airflow/example_dags/example_branch_python_dop_operator_3.py
[2023-06-09T06:25:33.577+0000] {processor.py:836} INFO - DAG(s) dict_keys(['example_branch_dop_operator_v3']) retrieved from /home/airflow/.local/lib/python3.7/site-packages/airflow/example_dags/example_branch_python_dop_operator_3.py
[2023-06-09T06:25:33.613+0000] {logging_mixin.py:149} INFO - [2023-06-09T06:25:33.613+0000] {dag.py:2726} INFO - Sync 1 DAGs
[2023-06-09T06:25:33.652+0000] {logging_mixin.py:149} INFO - [2023-06-09T06:25:33.652+0000] {dag.py:3490} INFO - Setting next_dagrun for example_branch_dop_operator_v3 to 2023-06-09T06:24:00+00:00, run_after=2023-06-09T06:25:00+00:00
[2023-06-09T06:25:33.686+0000] {processor.py:179} INFO - Processing /home/airflow/.local/lib/python3.7/site-packages/airflow/example_dags/example_branch_python_dop_operator_3.py took 0.126 seconds
[2023-06-09T06:26:04.384+0000] {processor.py:157} INFO - Started process (PID=3085) to work on /home/airflow/.local/lib/python3.7/site-packages/airflow/example_dags/example_branch_python_dop_operator_3.py
[2023-06-09T06:26:04.385+0000] {processor.py:826} INFO - Processing file /home/airflow/.local/lib/python3.7/site-packages/airflow/example_dags/example_branch_python_dop_operator_3.py for tasks to queue
[2023-06-09T06:26:04.386+0000] {logging_mixin.py:149} INFO - [2023-06-09T06:26:04.386+0000] {dagbag.py:541} INFO - Filling up the DagBag from /home/airflow/.local/lib/python3.7/site-packages/airflow/example_dags/example_branch_python_dop_operator_3.py
[2023-06-09T06:26:04.395+0000] {processor.py:836} INFO - DAG(s) dict_keys(['example_branch_dop_operator_v3']) retrieved from /home/airflow/.local/lib/python3.7/site-packages/airflow/example_dags/example_branch_python_dop_operator_3.py
[2023-06-09T06:26:04.432+0000] {logging_mixin.py:149} INFO - [2023-06-09T06:26:04.432+0000] {dag.py:2726} INFO - Sync 1 DAGs
[2023-06-09T06:26:04.478+0000] {logging_mixin.py:149} INFO - [2023-06-09T06:26:04.477+0000] {dag.py:3490} INFO - Setting next_dagrun for example_branch_dop_operator_v3 to 2023-06-09T06:25:00+00:00, run_after=2023-06-09T06:26:00+00:00
[2023-06-09T06:26:04.516+0000] {processor.py:179} INFO - Processing /home/airflow/.local/lib/python3.7/site-packages/airflow/example_dags/example_branch_python_dop_operator_3.py took 0.136 seconds
[2023-06-09T06:26:34.574+0000] {processor.py:157} INFO - Started process (PID=3138) to work on /home/airflow/.local/lib/python3.7/site-packages/airflow/example_dags/example_branch_python_dop_operator_3.py
[2023-06-09T06:26:34.576+0000] {processor.py:826} INFO - Processing file /home/airflow/.local/lib/python3.7/site-packages/airflow/example_dags/example_branch_python_dop_operator_3.py for tasks to queue
[2023-06-09T06:26:34.576+0000] {logging_mixin.py:149} INFO - [2023-06-09T06:26:34.576+0000] {dagbag.py:541} INFO - Filling up the DagBag from /home/airflow/.local/lib/python3.7/site-packages/airflow/example_dags/example_branch_python_dop_operator_3.py
[2023-06-09T06:26:34.586+0000] {processor.py:836} INFO - DAG(s) dict_keys(['example_branch_dop_operator_v3']) retrieved from /home/airflow/.local/lib/python3.7/site-packages/airflow/example_dags/example_branch_python_dop_operator_3.py
[2023-06-09T06:26:34.617+0000] {logging_mixin.py:149} INFO - [2023-06-09T06:26:34.617+0000] {dag.py:2726} INFO - Sync 1 DAGs
[2023-06-09T06:26:34.658+0000] {logging_mixin.py:149} INFO - [2023-06-09T06:26:34.658+0000] {dag.py:3490} INFO - Setting next_dagrun for example_branch_dop_operator_v3 to 2023-06-09T06:25:00+00:00, run_after=2023-06-09T06:26:00+00:00
[2023-06-09T06:26:34.681+0000] {processor.py:179} INFO - Processing /home/airflow/.local/lib/python3.7/site-packages/airflow/example_dags/example_branch_python_dop_operator_3.py took 0.111 seconds
[2023-06-09T06:27:05.304+0000] {processor.py:157} INFO - Started process (PID=3189) to work on /home/airflow/.local/lib/python3.7/site-packages/airflow/example_dags/example_branch_python_dop_operator_3.py
[2023-06-09T06:27:05.306+0000] {processor.py:826} INFO - Processing file /home/airflow/.local/lib/python3.7/site-packages/airflow/example_dags/example_branch_python_dop_operator_3.py for tasks to queue
[2023-06-09T06:27:05.307+0000] {logging_mixin.py:149} INFO - [2023-06-09T06:27:05.307+0000] {dagbag.py:541} INFO - Filling up the DagBag from /home/airflow/.local/lib/python3.7/site-packages/airflow/example_dags/example_branch_python_dop_operator_3.py
[2023-06-09T06:27:05.317+0000] {processor.py:836} INFO - DAG(s) dict_keys(['example_branch_dop_operator_v3']) retrieved from /home/airflow/.local/lib/python3.7/site-packages/airflow/example_dags/example_branch_python_dop_operator_3.py
[2023-06-09T06:27:05.349+0000] {logging_mixin.py:149} INFO - [2023-06-09T06:27:05.348+0000] {dag.py:2726} INFO - Sync 1 DAGs
[2023-06-09T06:27:05.387+0000] {logging_mixin.py:149} INFO - [2023-06-09T06:27:05.387+0000] {dag.py:3490} INFO - Setting next_dagrun for example_branch_dop_operator_v3 to 2023-06-09T06:26:00+00:00, run_after=2023-06-09T06:27:00+00:00
[2023-06-09T06:27:05.425+0000] {processor.py:179} INFO - Processing /home/airflow/.local/lib/python3.7/site-packages/airflow/example_dags/example_branch_python_dop_operator_3.py took 0.125 seconds
[2023-06-09T06:27:35.954+0000] {processor.py:157} INFO - Started process (PID=3249) to work on /home/airflow/.local/lib/python3.7/site-packages/airflow/example_dags/example_branch_python_dop_operator_3.py
[2023-06-09T06:27:35.956+0000] {processor.py:826} INFO - Processing file /home/airflow/.local/lib/python3.7/site-packages/airflow/example_dags/example_branch_python_dop_operator_3.py for tasks to queue
[2023-06-09T06:27:35.957+0000] {logging_mixin.py:149} INFO - [2023-06-09T06:27:35.956+0000] {dagbag.py:541} INFO - Filling up the DagBag from /home/airflow/.local/lib/python3.7/site-packages/airflow/example_dags/example_branch_python_dop_operator_3.py
[2023-06-09T06:27:35.966+0000] {processor.py:836} INFO - DAG(s) dict_keys(['example_branch_dop_operator_v3']) retrieved from /home/airflow/.local/lib/python3.7/site-packages/airflow/example_dags/example_branch_python_dop_operator_3.py
[2023-06-09T06:27:36.002+0000] {logging_mixin.py:149} INFO - [2023-06-09T06:27:36.002+0000] {dag.py:2726} INFO - Sync 1 DAGs
[2023-06-09T06:27:36.043+0000] {logging_mixin.py:149} INFO - [2023-06-09T06:27:36.043+0000] {dag.py:3490} INFO - Setting next_dagrun for example_branch_dop_operator_v3 to 2023-06-09T06:26:00+00:00, run_after=2023-06-09T06:27:00+00:00
[2023-06-09T06:27:36.067+0000] {processor.py:179} INFO - Processing /home/airflow/.local/lib/python3.7/site-packages/airflow/example_dags/example_branch_python_dop_operator_3.py took 0.117 seconds
[2023-06-09T06:28:06.456+0000] {processor.py:157} INFO - Started process (PID=3303) to work on /home/airflow/.local/lib/python3.7/site-packages/airflow/example_dags/example_branch_python_dop_operator_3.py
[2023-06-09T06:28:06.458+0000] {processor.py:826} INFO - Processing file /home/airflow/.local/lib/python3.7/site-packages/airflow/example_dags/example_branch_python_dop_operator_3.py for tasks to queue
[2023-06-09T06:28:06.459+0000] {logging_mixin.py:149} INFO - [2023-06-09T06:28:06.458+0000] {dagbag.py:541} INFO - Filling up the DagBag from /home/airflow/.local/lib/python3.7/site-packages/airflow/example_dags/example_branch_python_dop_operator_3.py
[2023-06-09T06:28:06.468+0000] {processor.py:836} INFO - DAG(s) dict_keys(['example_branch_dop_operator_v3']) retrieved from /home/airflow/.local/lib/python3.7/site-packages/airflow/example_dags/example_branch_python_dop_operator_3.py
[2023-06-09T06:28:06.504+0000] {logging_mixin.py:149} INFO - [2023-06-09T06:28:06.504+0000] {dag.py:2726} INFO - Sync 1 DAGs
[2023-06-09T06:28:06.545+0000] {logging_mixin.py:149} INFO - [2023-06-09T06:28:06.545+0000] {dag.py:3490} INFO - Setting next_dagrun for example_branch_dop_operator_v3 to 2023-06-09T06:27:00+00:00, run_after=2023-06-09T06:28:00+00:00
[2023-06-09T06:28:06.568+0000] {processor.py:179} INFO - Processing /home/airflow/.local/lib/python3.7/site-packages/airflow/example_dags/example_branch_python_dop_operator_3.py took 0.116 seconds
[2023-06-09T06:28:36.945+0000] {processor.py:157} INFO - Started process (PID=3357) to work on /home/airflow/.local/lib/python3.7/site-packages/airflow/example_dags/example_branch_python_dop_operator_3.py
[2023-06-09T06:28:36.946+0000] {processor.py:826} INFO - Processing file /home/airflow/.local/lib/python3.7/site-packages/airflow/example_dags/example_branch_python_dop_operator_3.py for tasks to queue
[2023-06-09T06:28:36.947+0000] {logging_mixin.py:149} INFO - [2023-06-09T06:28:36.946+0000] {dagbag.py:541} INFO - Filling up the DagBag from /home/airflow/.local/lib/python3.7/site-packages/airflow/example_dags/example_branch_python_dop_operator_3.py
[2023-06-09T06:28:36.957+0000] {processor.py:836} INFO - DAG(s) dict_keys(['example_branch_dop_operator_v3']) retrieved from /home/airflow/.local/lib/python3.7/site-packages/airflow/example_dags/example_branch_python_dop_operator_3.py
[2023-06-09T06:28:37.016+0000] {logging_mixin.py:149} INFO - [2023-06-09T06:28:37.016+0000] {dag.py:2726} INFO - Sync 1 DAGs
[2023-06-09T06:28:37.078+0000] {logging_mixin.py:149} INFO - [2023-06-09T06:28:37.078+0000] {dag.py:3490} INFO - Setting next_dagrun for example_branch_dop_operator_v3 to 2023-06-09T06:27:00+00:00, run_after=2023-06-09T06:28:00+00:00
[2023-06-09T06:28:37.105+0000] {processor.py:179} INFO - Processing /home/airflow/.local/lib/python3.7/site-packages/airflow/example_dags/example_branch_python_dop_operator_3.py took 0.164 seconds
[2023-06-09T06:29:07.898+0000] {processor.py:157} INFO - Started process (PID=3411) to work on /home/airflow/.local/lib/python3.7/site-packages/airflow/example_dags/example_branch_python_dop_operator_3.py
[2023-06-09T06:29:07.903+0000] {processor.py:826} INFO - Processing file /home/airflow/.local/lib/python3.7/site-packages/airflow/example_dags/example_branch_python_dop_operator_3.py for tasks to queue
[2023-06-09T06:29:07.904+0000] {logging_mixin.py:149} INFO - [2023-06-09T06:29:07.904+0000] {dagbag.py:541} INFO - Filling up the DagBag from /home/airflow/.local/lib/python3.7/site-packages/airflow/example_dags/example_branch_python_dop_operator_3.py
[2023-06-09T06:29:07.922+0000] {processor.py:836} INFO - DAG(s) dict_keys(['example_branch_dop_operator_v3']) retrieved from /home/airflow/.local/lib/python3.7/site-packages/airflow/example_dags/example_branch_python_dop_operator_3.py
[2023-06-09T06:29:07.968+0000] {logging_mixin.py:149} INFO - [2023-06-09T06:29:07.967+0000] {dag.py:2726} INFO - Sync 1 DAGs
[2023-06-09T06:29:08.017+0000] {logging_mixin.py:149} INFO - [2023-06-09T06:29:08.017+0000] {dag.py:3490} INFO - Setting next_dagrun for example_branch_dop_operator_v3 to 2023-06-09T06:28:00+00:00, run_after=2023-06-09T06:29:00+00:00
[2023-06-09T06:29:08.054+0000] {processor.py:179} INFO - Processing /home/airflow/.local/lib/python3.7/site-packages/airflow/example_dags/example_branch_python_dop_operator_3.py took 0.164 seconds
[2023-06-09T06:29:38.199+0000] {processor.py:157} INFO - Started process (PID=3464) to work on /home/airflow/.local/lib/python3.7/site-packages/airflow/example_dags/example_branch_python_dop_operator_3.py
[2023-06-09T06:29:38.200+0000] {processor.py:826} INFO - Processing file /home/airflow/.local/lib/python3.7/site-packages/airflow/example_dags/example_branch_python_dop_operator_3.py for tasks to queue
[2023-06-09T06:29:38.201+0000] {logging_mixin.py:149} INFO - [2023-06-09T06:29:38.201+0000] {dagbag.py:541} INFO - Filling up the DagBag from /home/airflow/.local/lib/python3.7/site-packages/airflow/example_dags/example_branch_python_dop_operator_3.py
[2023-06-09T06:29:38.211+0000] {processor.py:836} INFO - DAG(s) dict_keys(['example_branch_dop_operator_v3']) retrieved from /home/airflow/.local/lib/python3.7/site-packages/airflow/example_dags/example_branch_python_dop_operator_3.py
[2023-06-09T06:29:38.247+0000] {logging_mixin.py:149} INFO - [2023-06-09T06:29:38.247+0000] {dag.py:2726} INFO - Sync 1 DAGs
[2023-06-09T06:29:38.287+0000] {logging_mixin.py:149} INFO - [2023-06-09T06:29:38.287+0000] {dag.py:3490} INFO - Setting next_dagrun for example_branch_dop_operator_v3 to 2023-06-09T06:28:00+00:00, run_after=2023-06-09T06:29:00+00:00
[2023-06-09T06:29:38.310+0000] {processor.py:179} INFO - Processing /home/airflow/.local/lib/python3.7/site-packages/airflow/example_dags/example_branch_python_dop_operator_3.py took 0.114 seconds
[2023-06-09T06:30:08.523+0000] {processor.py:157} INFO - Started process (PID=3518) to work on /home/airflow/.local/lib/python3.7/site-packages/airflow/example_dags/example_branch_python_dop_operator_3.py
[2023-06-09T06:30:08.525+0000] {processor.py:826} INFO - Processing file /home/airflow/.local/lib/python3.7/site-packages/airflow/example_dags/example_branch_python_dop_operator_3.py for tasks to queue
[2023-06-09T06:30:08.526+0000] {logging_mixin.py:149} INFO - [2023-06-09T06:30:08.526+0000] {dagbag.py:541} INFO - Filling up the DagBag from /home/airflow/.local/lib/python3.7/site-packages/airflow/example_dags/example_branch_python_dop_operator_3.py
[2023-06-09T06:30:08.535+0000] {processor.py:836} INFO - DAG(s) dict_keys(['example_branch_dop_operator_v3']) retrieved from /home/airflow/.local/lib/python3.7/site-packages/airflow/example_dags/example_branch_python_dop_operator_3.py
[2023-06-09T06:30:08.573+0000] {logging_mixin.py:149} INFO - [2023-06-09T06:30:08.573+0000] {dag.py:2726} INFO - Sync 1 DAGs
[2023-06-09T06:30:08.616+0000] {logging_mixin.py:149} INFO - [2023-06-09T06:30:08.615+0000] {dag.py:3490} INFO - Setting next_dagrun for example_branch_dop_operator_v3 to 2023-06-09T06:29:00+00:00, run_after=2023-06-09T06:30:00+00:00
[2023-06-09T06:30:08.640+0000] {processor.py:179} INFO - Processing /home/airflow/.local/lib/python3.7/site-packages/airflow/example_dags/example_branch_python_dop_operator_3.py took 0.120 seconds
