[2023-06-09T05:57:20.471+0000] {processor.py:157} INFO - Started process (PID=33) to work on /home/airflow/.local/lib/python3.7/site-packages/airflow/example_dags/example_latest_only_with_trigger.py
[2023-06-09T05:57:20.476+0000] {processor.py:826} INFO - Processing file /home/airflow/.local/lib/python3.7/site-packages/airflow/example_dags/example_latest_only_with_trigger.py for tasks to queue
[2023-06-09T05:57:20.479+0000] {logging_mixin.py:149} INFO - [2023-06-09T05:57:20.478+0000] {dagbag.py:541} INFO - Filling up the DagBag from /home/airflow/.local/lib/python3.7/site-packages/airflow/example_dags/example_latest_only_with_trigger.py
[2023-06-09T05:57:20.548+0000] {processor.py:836} INFO - DAG(s) dict_keys(['latest_only_with_trigger']) retrieved from /home/airflow/.local/lib/python3.7/site-packages/airflow/example_dags/example_latest_only_with_trigger.py
[2023-06-09T05:57:21.454+0000] {logging_mixin.py:149} INFO - [2023-06-09T05:57:21.449+0000] {dag.py:2726} INFO - Sync 1 DAGs
[2023-06-09T05:57:21.577+0000] {logging_mixin.py:149} INFO - [2023-06-09T05:57:21.577+0000] {dag.py:3490} INFO - Setting next_dagrun for latest_only_with_trigger to 2023-06-09T01:57:21.577276+00:00, run_after=2023-06-09T05:57:21.577276+00:00
[2023-06-09T05:57:21.706+0000] {processor.py:179} INFO - Processing /home/airflow/.local/lib/python3.7/site-packages/airflow/example_dags/example_latest_only_with_trigger.py took 1.252 seconds
[2023-06-09T05:57:52.246+0000] {processor.py:157} INFO - Started process (PID=87) to work on /home/airflow/.local/lib/python3.7/site-packages/airflow/example_dags/example_latest_only_with_trigger.py
[2023-06-09T05:57:52.249+0000] {processor.py:826} INFO - Processing file /home/airflow/.local/lib/python3.7/site-packages/airflow/example_dags/example_latest_only_with_trigger.py for tasks to queue
[2023-06-09T05:57:52.250+0000] {logging_mixin.py:149} INFO - [2023-06-09T05:57:52.250+0000] {dagbag.py:541} INFO - Filling up the DagBag from /home/airflow/.local/lib/python3.7/site-packages/airflow/example_dags/example_latest_only_with_trigger.py
[2023-06-09T05:57:52.275+0000] {processor.py:836} INFO - DAG(s) dict_keys(['latest_only_with_trigger']) retrieved from /home/airflow/.local/lib/python3.7/site-packages/airflow/example_dags/example_latest_only_with_trigger.py
[2023-06-09T05:57:52.337+0000] {logging_mixin.py:149} INFO - [2023-06-09T05:57:52.337+0000] {dag.py:2726} INFO - Sync 1 DAGs
[2023-06-09T05:57:52.383+0000] {logging_mixin.py:149} INFO - [2023-06-09T05:57:52.382+0000] {dag.py:3490} INFO - Setting next_dagrun for latest_only_with_trigger to 2023-06-09T01:57:52.382542+00:00, run_after=2023-06-09T05:57:52.382542+00:00
[2023-06-09T05:57:52.413+0000] {processor.py:179} INFO - Processing /home/airflow/.local/lib/python3.7/site-packages/airflow/example_dags/example_latest_only_with_trigger.py took 0.171 seconds
[2023-06-09T05:58:23.016+0000] {processor.py:157} INFO - Started process (PID=141) to work on /home/airflow/.local/lib/python3.7/site-packages/airflow/example_dags/example_latest_only_with_trigger.py
[2023-06-09T05:58:23.017+0000] {processor.py:826} INFO - Processing file /home/airflow/.local/lib/python3.7/site-packages/airflow/example_dags/example_latest_only_with_trigger.py for tasks to queue
[2023-06-09T05:58:23.018+0000] {logging_mixin.py:149} INFO - [2023-06-09T05:58:23.018+0000] {dagbag.py:541} INFO - Filling up the DagBag from /home/airflow/.local/lib/python3.7/site-packages/airflow/example_dags/example_latest_only_with_trigger.py
[2023-06-09T05:58:23.027+0000] {processor.py:836} INFO - DAG(s) dict_keys(['latest_only_with_trigger']) retrieved from /home/airflow/.local/lib/python3.7/site-packages/airflow/example_dags/example_latest_only_with_trigger.py
[2023-06-09T05:58:23.059+0000] {logging_mixin.py:149} INFO - [2023-06-09T05:58:23.058+0000] {dag.py:2726} INFO - Sync 1 DAGs
[2023-06-09T05:58:23.093+0000] {logging_mixin.py:149} INFO - [2023-06-09T05:58:23.093+0000] {dag.py:3490} INFO - Setting next_dagrun for latest_only_with_trigger to 2023-06-09T01:58:23.093305+00:00, run_after=2023-06-09T05:58:23.093305+00:00
[2023-06-09T05:58:23.116+0000] {processor.py:179} INFO - Processing /home/airflow/.local/lib/python3.7/site-packages/airflow/example_dags/example_latest_only_with_trigger.py took 0.105 seconds
[2023-06-09T05:58:53.580+0000] {processor.py:157} INFO - Started process (PID=195) to work on /home/airflow/.local/lib/python3.7/site-packages/airflow/example_dags/example_latest_only_with_trigger.py
[2023-06-09T05:58:53.581+0000] {processor.py:826} INFO - Processing file /home/airflow/.local/lib/python3.7/site-packages/airflow/example_dags/example_latest_only_with_trigger.py for tasks to queue
[2023-06-09T05:58:53.582+0000] {logging_mixin.py:149} INFO - [2023-06-09T05:58:53.582+0000] {dagbag.py:541} INFO - Filling up the DagBag from /home/airflow/.local/lib/python3.7/site-packages/airflow/example_dags/example_latest_only_with_trigger.py
[2023-06-09T05:58:53.590+0000] {processor.py:836} INFO - DAG(s) dict_keys(['latest_only_with_trigger']) retrieved from /home/airflow/.local/lib/python3.7/site-packages/airflow/example_dags/example_latest_only_with_trigger.py
[2023-06-09T05:58:53.638+0000] {logging_mixin.py:149} INFO - [2023-06-09T05:58:53.637+0000] {dag.py:2726} INFO - Sync 1 DAGs
[2023-06-09T05:58:53.670+0000] {logging_mixin.py:149} INFO - [2023-06-09T05:58:53.670+0000] {dag.py:3490} INFO - Setting next_dagrun for latest_only_with_trigger to 2023-06-09T01:58:53.670406+00:00, run_after=2023-06-09T05:58:53.670406+00:00
[2023-06-09T05:58:53.695+0000] {processor.py:179} INFO - Processing /home/airflow/.local/lib/python3.7/site-packages/airflow/example_dags/example_latest_only_with_trigger.py took 0.119 seconds
[2023-06-09T05:59:23.809+0000] {processor.py:157} INFO - Started process (PID=249) to work on /home/airflow/.local/lib/python3.7/site-packages/airflow/example_dags/example_latest_only_with_trigger.py
[2023-06-09T05:59:23.810+0000] {processor.py:826} INFO - Processing file /home/airflow/.local/lib/python3.7/site-packages/airflow/example_dags/example_latest_only_with_trigger.py for tasks to queue
[2023-06-09T05:59:23.811+0000] {logging_mixin.py:149} INFO - [2023-06-09T05:59:23.811+0000] {dagbag.py:541} INFO - Filling up the DagBag from /home/airflow/.local/lib/python3.7/site-packages/airflow/example_dags/example_latest_only_with_trigger.py
[2023-06-09T05:59:23.818+0000] {processor.py:836} INFO - DAG(s) dict_keys(['latest_only_with_trigger']) retrieved from /home/airflow/.local/lib/python3.7/site-packages/airflow/example_dags/example_latest_only_with_trigger.py
[2023-06-09T05:59:23.849+0000] {logging_mixin.py:149} INFO - [2023-06-09T05:59:23.849+0000] {dag.py:2726} INFO - Sync 1 DAGs
[2023-06-09T05:59:23.882+0000] {logging_mixin.py:149} INFO - [2023-06-09T05:59:23.882+0000] {dag.py:3490} INFO - Setting next_dagrun for latest_only_with_trigger to 2023-06-09T01:59:23.881977+00:00, run_after=2023-06-09T05:59:23.881977+00:00
[2023-06-09T05:59:23.907+0000] {processor.py:179} INFO - Processing /home/airflow/.local/lib/python3.7/site-packages/airflow/example_dags/example_latest_only_with_trigger.py took 0.101 seconds
[2023-06-09T05:59:54.106+0000] {processor.py:157} INFO - Started process (PID=303) to work on /home/airflow/.local/lib/python3.7/site-packages/airflow/example_dags/example_latest_only_with_trigger.py
[2023-06-09T05:59:54.107+0000] {processor.py:826} INFO - Processing file /home/airflow/.local/lib/python3.7/site-packages/airflow/example_dags/example_latest_only_with_trigger.py for tasks to queue
[2023-06-09T05:59:54.108+0000] {logging_mixin.py:149} INFO - [2023-06-09T05:59:54.108+0000] {dagbag.py:541} INFO - Filling up the DagBag from /home/airflow/.local/lib/python3.7/site-packages/airflow/example_dags/example_latest_only_with_trigger.py
[2023-06-09T05:59:54.115+0000] {processor.py:836} INFO - DAG(s) dict_keys(['latest_only_with_trigger']) retrieved from /home/airflow/.local/lib/python3.7/site-packages/airflow/example_dags/example_latest_only_with_trigger.py
[2023-06-09T05:59:54.144+0000] {logging_mixin.py:149} INFO - [2023-06-09T05:59:54.144+0000] {dag.py:2726} INFO - Sync 1 DAGs
[2023-06-09T05:59:54.177+0000] {logging_mixin.py:149} INFO - [2023-06-09T05:59:54.177+0000] {dag.py:3490} INFO - Setting next_dagrun for latest_only_with_trigger to 2023-06-09T01:59:54.177081+00:00, run_after=2023-06-09T05:59:54.177081+00:00
[2023-06-09T05:59:54.199+0000] {processor.py:179} INFO - Processing /home/airflow/.local/lib/python3.7/site-packages/airflow/example_dags/example_latest_only_with_trigger.py took 0.097 seconds
[2023-06-09T06:00:24.997+0000] {processor.py:157} INFO - Started process (PID=357) to work on /home/airflow/.local/lib/python3.7/site-packages/airflow/example_dags/example_latest_only_with_trigger.py
[2023-06-09T06:00:24.998+0000] {processor.py:826} INFO - Processing file /home/airflow/.local/lib/python3.7/site-packages/airflow/example_dags/example_latest_only_with_trigger.py for tasks to queue
[2023-06-09T06:00:24.999+0000] {logging_mixin.py:149} INFO - [2023-06-09T06:00:24.998+0000] {dagbag.py:541} INFO - Filling up the DagBag from /home/airflow/.local/lib/python3.7/site-packages/airflow/example_dags/example_latest_only_with_trigger.py
[2023-06-09T06:00:25.007+0000] {processor.py:836} INFO - DAG(s) dict_keys(['latest_only_with_trigger']) retrieved from /home/airflow/.local/lib/python3.7/site-packages/airflow/example_dags/example_latest_only_with_trigger.py
[2023-06-09T06:00:25.043+0000] {logging_mixin.py:149} INFO - [2023-06-09T06:00:25.043+0000] {dag.py:2726} INFO - Sync 1 DAGs
[2023-06-09T06:00:25.084+0000] {logging_mixin.py:149} INFO - [2023-06-09T06:00:25.084+0000] {dag.py:3490} INFO - Setting next_dagrun for latest_only_with_trigger to 2023-06-09T02:00:25.084213+00:00, run_after=2023-06-09T06:00:25.084213+00:00
[2023-06-09T06:00:25.113+0000] {processor.py:179} INFO - Processing /home/airflow/.local/lib/python3.7/site-packages/airflow/example_dags/example_latest_only_with_trigger.py took 0.121 seconds
[2023-06-09T06:00:55.721+0000] {processor.py:157} INFO - Started process (PID=412) to work on /home/airflow/.local/lib/python3.7/site-packages/airflow/example_dags/example_latest_only_with_trigger.py
[2023-06-09T06:00:55.728+0000] {processor.py:826} INFO - Processing file /home/airflow/.local/lib/python3.7/site-packages/airflow/example_dags/example_latest_only_with_trigger.py for tasks to queue
[2023-06-09T06:00:55.729+0000] {logging_mixin.py:149} INFO - [2023-06-09T06:00:55.729+0000] {dagbag.py:541} INFO - Filling up the DagBag from /home/airflow/.local/lib/python3.7/site-packages/airflow/example_dags/example_latest_only_with_trigger.py
[2023-06-09T06:00:55.736+0000] {processor.py:836} INFO - DAG(s) dict_keys(['latest_only_with_trigger']) retrieved from /home/airflow/.local/lib/python3.7/site-packages/airflow/example_dags/example_latest_only_with_trigger.py
[2023-06-09T06:00:55.769+0000] {logging_mixin.py:149} INFO - [2023-06-09T06:00:55.769+0000] {dag.py:2726} INFO - Sync 1 DAGs
[2023-06-09T06:00:55.802+0000] {logging_mixin.py:149} INFO - [2023-06-09T06:00:55.802+0000] {dag.py:3490} INFO - Setting next_dagrun for latest_only_with_trigger to 2023-06-09T02:00:55.801733+00:00, run_after=2023-06-09T06:00:55.801733+00:00
[2023-06-09T06:00:55.841+0000] {processor.py:179} INFO - Processing /home/airflow/.local/lib/python3.7/site-packages/airflow/example_dags/example_latest_only_with_trigger.py took 0.129 seconds
[2023-06-09T06:01:25.988+0000] {processor.py:157} INFO - Started process (PID=466) to work on /home/airflow/.local/lib/python3.7/site-packages/airflow/example_dags/example_latest_only_with_trigger.py
[2023-06-09T06:01:25.992+0000] {processor.py:826} INFO - Processing file /home/airflow/.local/lib/python3.7/site-packages/airflow/example_dags/example_latest_only_with_trigger.py for tasks to queue
[2023-06-09T06:01:25.993+0000] {logging_mixin.py:149} INFO - [2023-06-09T06:01:25.993+0000] {dagbag.py:541} INFO - Filling up the DagBag from /home/airflow/.local/lib/python3.7/site-packages/airflow/example_dags/example_latest_only_with_trigger.py
[2023-06-09T06:01:26.003+0000] {processor.py:836} INFO - DAG(s) dict_keys(['latest_only_with_trigger']) retrieved from /home/airflow/.local/lib/python3.7/site-packages/airflow/example_dags/example_latest_only_with_trigger.py
[2023-06-09T06:01:26.074+0000] {logging_mixin.py:149} INFO - [2023-06-09T06:01:26.073+0000] {dag.py:2726} INFO - Sync 1 DAGs
[2023-06-09T06:01:26.136+0000] {logging_mixin.py:149} INFO - [2023-06-09T06:01:26.136+0000] {dag.py:3490} INFO - Setting next_dagrun for latest_only_with_trigger to 2023-06-09T02:01:26.135762+00:00, run_after=2023-06-09T06:01:26.135762+00:00
[2023-06-09T06:01:26.183+0000] {processor.py:179} INFO - Processing /home/airflow/.local/lib/python3.7/site-packages/airflow/example_dags/example_latest_only_with_trigger.py took 0.201 seconds
[2023-06-09T06:01:56.596+0000] {processor.py:157} INFO - Started process (PID=520) to work on /home/airflow/.local/lib/python3.7/site-packages/airflow/example_dags/example_latest_only_with_trigger.py
[2023-06-09T06:01:56.598+0000] {processor.py:826} INFO - Processing file /home/airflow/.local/lib/python3.7/site-packages/airflow/example_dags/example_latest_only_with_trigger.py for tasks to queue
[2023-06-09T06:01:56.599+0000] {logging_mixin.py:149} INFO - [2023-06-09T06:01:56.598+0000] {dagbag.py:541} INFO - Filling up the DagBag from /home/airflow/.local/lib/python3.7/site-packages/airflow/example_dags/example_latest_only_with_trigger.py
[2023-06-09T06:01:56.611+0000] {processor.py:836} INFO - DAG(s) dict_keys(['latest_only_with_trigger']) retrieved from /home/airflow/.local/lib/python3.7/site-packages/airflow/example_dags/example_latest_only_with_trigger.py
[2023-06-09T06:01:56.643+0000] {logging_mixin.py:149} INFO - [2023-06-09T06:01:56.642+0000] {dag.py:2726} INFO - Sync 1 DAGs
[2023-06-09T06:01:56.677+0000] {logging_mixin.py:149} INFO - [2023-06-09T06:01:56.677+0000] {dag.py:3490} INFO - Setting next_dagrun for latest_only_with_trigger to 2023-06-09T02:01:56.677412+00:00, run_after=2023-06-09T06:01:56.677412+00:00
[2023-06-09T06:01:56.705+0000] {processor.py:179} INFO - Processing /home/airflow/.local/lib/python3.7/site-packages/airflow/example_dags/example_latest_only_with_trigger.py took 0.113 seconds
[2023-06-09T06:02:27.410+0000] {processor.py:157} INFO - Started process (PID=575) to work on /home/airflow/.local/lib/python3.7/site-packages/airflow/example_dags/example_latest_only_with_trigger.py
[2023-06-09T06:02:27.420+0000] {processor.py:826} INFO - Processing file /home/airflow/.local/lib/python3.7/site-packages/airflow/example_dags/example_latest_only_with_trigger.py for tasks to queue
[2023-06-09T06:02:27.421+0000] {logging_mixin.py:149} INFO - [2023-06-09T06:02:27.421+0000] {dagbag.py:541} INFO - Filling up the DagBag from /home/airflow/.local/lib/python3.7/site-packages/airflow/example_dags/example_latest_only_with_trigger.py
[2023-06-09T06:02:27.429+0000] {processor.py:836} INFO - DAG(s) dict_keys(['latest_only_with_trigger']) retrieved from /home/airflow/.local/lib/python3.7/site-packages/airflow/example_dags/example_latest_only_with_trigger.py
[2023-06-09T06:02:27.496+0000] {logging_mixin.py:149} INFO - [2023-06-09T06:02:27.496+0000] {dag.py:2726} INFO - Sync 1 DAGs
[2023-06-09T06:02:27.599+0000] {logging_mixin.py:149} INFO - [2023-06-09T06:02:27.598+0000] {dag.py:3490} INFO - Setting next_dagrun for latest_only_with_trigger to 2023-06-09T02:02:27.597755+00:00, run_after=2023-06-09T06:02:27.597755+00:00
[2023-06-09T06:02:27.652+0000] {processor.py:179} INFO - Processing /home/airflow/.local/lib/python3.7/site-packages/airflow/example_dags/example_latest_only_with_trigger.py took 0.247 seconds
[2023-06-09T06:02:58.143+0000] {processor.py:157} INFO - Started process (PID=630) to work on /home/airflow/.local/lib/python3.7/site-packages/airflow/example_dags/example_latest_only_with_trigger.py
[2023-06-09T06:02:58.150+0000] {processor.py:826} INFO - Processing file /home/airflow/.local/lib/python3.7/site-packages/airflow/example_dags/example_latest_only_with_trigger.py for tasks to queue
[2023-06-09T06:02:58.150+0000] {logging_mixin.py:149} INFO - [2023-06-09T06:02:58.150+0000] {dagbag.py:541} INFO - Filling up the DagBag from /home/airflow/.local/lib/python3.7/site-packages/airflow/example_dags/example_latest_only_with_trigger.py
[2023-06-09T06:02:58.158+0000] {processor.py:836} INFO - DAG(s) dict_keys(['latest_only_with_trigger']) retrieved from /home/airflow/.local/lib/python3.7/site-packages/airflow/example_dags/example_latest_only_with_trigger.py
[2023-06-09T06:02:58.209+0000] {logging_mixin.py:149} INFO - [2023-06-09T06:02:58.209+0000] {dag.py:2726} INFO - Sync 1 DAGs
[2023-06-09T06:02:58.301+0000] {logging_mixin.py:149} INFO - [2023-06-09T06:02:58.301+0000] {dag.py:3490} INFO - Setting next_dagrun for latest_only_with_trigger to 2023-06-09T02:02:58.300926+00:00, run_after=2023-06-09T06:02:58.300926+00:00
[2023-06-09T06:02:58.360+0000] {processor.py:179} INFO - Processing /home/airflow/.local/lib/python3.7/site-packages/airflow/example_dags/example_latest_only_with_trigger.py took 0.221 seconds
[2023-06-09T06:03:28.777+0000] {processor.py:157} INFO - Started process (PID=683) to work on /home/airflow/.local/lib/python3.7/site-packages/airflow/example_dags/example_latest_only_with_trigger.py
[2023-06-09T06:03:28.778+0000] {processor.py:826} INFO - Processing file /home/airflow/.local/lib/python3.7/site-packages/airflow/example_dags/example_latest_only_with_trigger.py for tasks to queue
[2023-06-09T06:03:28.779+0000] {logging_mixin.py:149} INFO - [2023-06-09T06:03:28.779+0000] {dagbag.py:541} INFO - Filling up the DagBag from /home/airflow/.local/lib/python3.7/site-packages/airflow/example_dags/example_latest_only_with_trigger.py
[2023-06-09T06:03:28.788+0000] {processor.py:836} INFO - DAG(s) dict_keys(['latest_only_with_trigger']) retrieved from /home/airflow/.local/lib/python3.7/site-packages/airflow/example_dags/example_latest_only_with_trigger.py
[2023-06-09T06:03:28.835+0000] {logging_mixin.py:149} INFO - [2023-06-09T06:03:28.834+0000] {dag.py:2726} INFO - Sync 1 DAGs
[2023-06-09T06:03:28.867+0000] {logging_mixin.py:149} INFO - [2023-06-09T06:03:28.867+0000] {dag.py:3490} INFO - Setting next_dagrun for latest_only_with_trigger to 2023-06-09T02:03:28.867205+00:00, run_after=2023-06-09T06:03:28.867205+00:00
[2023-06-09T06:03:28.890+0000] {processor.py:179} INFO - Processing /home/airflow/.local/lib/python3.7/site-packages/airflow/example_dags/example_latest_only_with_trigger.py took 0.117 seconds
[2023-06-09T06:03:59.336+0000] {processor.py:157} INFO - Started process (PID=737) to work on /home/airflow/.local/lib/python3.7/site-packages/airflow/example_dags/example_latest_only_with_trigger.py
[2023-06-09T06:03:59.337+0000] {processor.py:826} INFO - Processing file /home/airflow/.local/lib/python3.7/site-packages/airflow/example_dags/example_latest_only_with_trigger.py for tasks to queue
[2023-06-09T06:03:59.338+0000] {logging_mixin.py:149} INFO - [2023-06-09T06:03:59.338+0000] {dagbag.py:541} INFO - Filling up the DagBag from /home/airflow/.local/lib/python3.7/site-packages/airflow/example_dags/example_latest_only_with_trigger.py
[2023-06-09T06:03:59.355+0000] {processor.py:836} INFO - DAG(s) dict_keys(['latest_only_with_trigger']) retrieved from /home/airflow/.local/lib/python3.7/site-packages/airflow/example_dags/example_latest_only_with_trigger.py
[2023-06-09T06:03:59.433+0000] {logging_mixin.py:149} INFO - [2023-06-09T06:03:59.433+0000] {dag.py:2726} INFO - Sync 1 DAGs
[2023-06-09T06:03:59.468+0000] {logging_mixin.py:149} INFO - [2023-06-09T06:03:59.467+0000] {dag.py:3490} INFO - Setting next_dagrun for latest_only_with_trigger to 2023-06-09T02:03:59.467620+00:00, run_after=2023-06-09T06:03:59.467620+00:00
[2023-06-09T06:03:59.491+0000] {processor.py:179} INFO - Processing /home/airflow/.local/lib/python3.7/site-packages/airflow/example_dags/example_latest_only_with_trigger.py took 0.168 seconds
[2023-06-09T06:04:29.537+0000] {processor.py:157} INFO - Started process (PID=795) to work on /home/airflow/.local/lib/python3.7/site-packages/airflow/example_dags/example_latest_only_with_trigger.py
[2023-06-09T06:04:29.539+0000] {processor.py:826} INFO - Processing file /home/airflow/.local/lib/python3.7/site-packages/airflow/example_dags/example_latest_only_with_trigger.py for tasks to queue
[2023-06-09T06:04:29.540+0000] {logging_mixin.py:149} INFO - [2023-06-09T06:04:29.540+0000] {dagbag.py:541} INFO - Filling up the DagBag from /home/airflow/.local/lib/python3.7/site-packages/airflow/example_dags/example_latest_only_with_trigger.py
[2023-06-09T06:04:29.554+0000] {processor.py:836} INFO - DAG(s) dict_keys(['latest_only_with_trigger']) retrieved from /home/airflow/.local/lib/python3.7/site-packages/airflow/example_dags/example_latest_only_with_trigger.py
[2023-06-09T06:04:29.604+0000] {logging_mixin.py:149} INFO - [2023-06-09T06:04:29.603+0000] {dag.py:2726} INFO - Sync 1 DAGs
[2023-06-09T06:04:29.663+0000] {logging_mixin.py:149} INFO - [2023-06-09T06:04:29.663+0000] {dag.py:3490} INFO - Setting next_dagrun for latest_only_with_trigger to 2023-06-09T02:04:29.662917+00:00, run_after=2023-06-09T06:04:29.662917+00:00
[2023-06-09T06:04:29.685+0000] {processor.py:179} INFO - Processing /home/airflow/.local/lib/python3.7/site-packages/airflow/example_dags/example_latest_only_with_trigger.py took 0.158 seconds
[2023-06-09T06:04:59.931+0000] {processor.py:157} INFO - Started process (PID=850) to work on /home/airflow/.local/lib/python3.7/site-packages/airflow/example_dags/example_latest_only_with_trigger.py
[2023-06-09T06:04:59.932+0000] {processor.py:826} INFO - Processing file /home/airflow/.local/lib/python3.7/site-packages/airflow/example_dags/example_latest_only_with_trigger.py for tasks to queue
[2023-06-09T06:04:59.933+0000] {logging_mixin.py:149} INFO - [2023-06-09T06:04:59.933+0000] {dagbag.py:541} INFO - Filling up the DagBag from /home/airflow/.local/lib/python3.7/site-packages/airflow/example_dags/example_latest_only_with_trigger.py
[2023-06-09T06:04:59.942+0000] {processor.py:836} INFO - DAG(s) dict_keys(['latest_only_with_trigger']) retrieved from /home/airflow/.local/lib/python3.7/site-packages/airflow/example_dags/example_latest_only_with_trigger.py
[2023-06-09T06:04:59.984+0000] {logging_mixin.py:149} INFO - [2023-06-09T06:04:59.984+0000] {dag.py:2726} INFO - Sync 1 DAGs
[2023-06-09T06:05:00.018+0000] {logging_mixin.py:149} INFO - [2023-06-09T06:05:00.017+0000] {dag.py:3490} INFO - Setting next_dagrun for latest_only_with_trigger to 2023-06-09T02:05:00.017513+00:00, run_after=2023-06-09T06:05:00.017513+00:00
[2023-06-09T06:05:00.052+0000] {processor.py:179} INFO - Processing /home/airflow/.local/lib/python3.7/site-packages/airflow/example_dags/example_latest_only_with_trigger.py took 0.125 seconds
[2023-06-09T06:05:30.672+0000] {processor.py:157} INFO - Started process (PID=904) to work on /home/airflow/.local/lib/python3.7/site-packages/airflow/example_dags/example_latest_only_with_trigger.py
[2023-06-09T06:05:30.673+0000] {processor.py:826} INFO - Processing file /home/airflow/.local/lib/python3.7/site-packages/airflow/example_dags/example_latest_only_with_trigger.py for tasks to queue
[2023-06-09T06:05:30.674+0000] {logging_mixin.py:149} INFO - [2023-06-09T06:05:30.674+0000] {dagbag.py:541} INFO - Filling up the DagBag from /home/airflow/.local/lib/python3.7/site-packages/airflow/example_dags/example_latest_only_with_trigger.py
[2023-06-09T06:05:30.686+0000] {processor.py:836} INFO - DAG(s) dict_keys(['latest_only_with_trigger']) retrieved from /home/airflow/.local/lib/python3.7/site-packages/airflow/example_dags/example_latest_only_with_trigger.py
[2023-06-09T06:05:30.722+0000] {logging_mixin.py:149} INFO - [2023-06-09T06:05:30.721+0000] {dag.py:2726} INFO - Sync 1 DAGs
[2023-06-09T06:05:30.764+0000] {logging_mixin.py:149} INFO - [2023-06-09T06:05:30.763+0000] {dag.py:3490} INFO - Setting next_dagrun for latest_only_with_trigger to 2023-06-09T02:05:30.763662+00:00, run_after=2023-06-09T06:05:30.763662+00:00
[2023-06-09T06:05:30.788+0000] {processor.py:179} INFO - Processing /home/airflow/.local/lib/python3.7/site-packages/airflow/example_dags/example_latest_only_with_trigger.py took 0.120 seconds
[2023-06-09T06:06:01.362+0000] {processor.py:157} INFO - Started process (PID=957) to work on /home/airflow/.local/lib/python3.7/site-packages/airflow/example_dags/example_latest_only_with_trigger.py
[2023-06-09T06:06:01.364+0000] {processor.py:826} INFO - Processing file /home/airflow/.local/lib/python3.7/site-packages/airflow/example_dags/example_latest_only_with_trigger.py for tasks to queue
[2023-06-09T06:06:01.365+0000] {logging_mixin.py:149} INFO - [2023-06-09T06:06:01.364+0000] {dagbag.py:541} INFO - Filling up the DagBag from /home/airflow/.local/lib/python3.7/site-packages/airflow/example_dags/example_latest_only_with_trigger.py
[2023-06-09T06:06:01.375+0000] {processor.py:836} INFO - DAG(s) dict_keys(['latest_only_with_trigger']) retrieved from /home/airflow/.local/lib/python3.7/site-packages/airflow/example_dags/example_latest_only_with_trigger.py
[2023-06-09T06:06:01.407+0000] {logging_mixin.py:149} INFO - [2023-06-09T06:06:01.406+0000] {dag.py:2726} INFO - Sync 1 DAGs
[2023-06-09T06:06:01.441+0000] {logging_mixin.py:149} INFO - [2023-06-09T06:06:01.441+0000] {dag.py:3490} INFO - Setting next_dagrun for latest_only_with_trigger to 2023-06-09T02:06:01.440952+00:00, run_after=2023-06-09T06:06:01.440952+00:00
[2023-06-09T06:06:01.466+0000] {processor.py:179} INFO - Processing /home/airflow/.local/lib/python3.7/site-packages/airflow/example_dags/example_latest_only_with_trigger.py took 0.108 seconds
[2023-06-09T06:06:31.981+0000] {processor.py:157} INFO - Started process (PID=1010) to work on /home/airflow/.local/lib/python3.7/site-packages/airflow/example_dags/example_latest_only_with_trigger.py
[2023-06-09T06:06:31.983+0000] {processor.py:826} INFO - Processing file /home/airflow/.local/lib/python3.7/site-packages/airflow/example_dags/example_latest_only_with_trigger.py for tasks to queue
[2023-06-09T06:06:31.983+0000] {logging_mixin.py:149} INFO - [2023-06-09T06:06:31.983+0000] {dagbag.py:541} INFO - Filling up the DagBag from /home/airflow/.local/lib/python3.7/site-packages/airflow/example_dags/example_latest_only_with_trigger.py
[2023-06-09T06:06:31.992+0000] {processor.py:836} INFO - DAG(s) dict_keys(['latest_only_with_trigger']) retrieved from /home/airflow/.local/lib/python3.7/site-packages/airflow/example_dags/example_latest_only_with_trigger.py
[2023-06-09T06:06:32.023+0000] {logging_mixin.py:149} INFO - [2023-06-09T06:06:32.023+0000] {dag.py:2726} INFO - Sync 1 DAGs
[2023-06-09T06:06:32.058+0000] {logging_mixin.py:149} INFO - [2023-06-09T06:06:32.057+0000] {dag.py:3490} INFO - Setting next_dagrun for latest_only_with_trigger to 2023-06-09T02:06:32.057674+00:00, run_after=2023-06-09T06:06:32.057674+00:00
[2023-06-09T06:06:32.081+0000] {processor.py:179} INFO - Processing /home/airflow/.local/lib/python3.7/site-packages/airflow/example_dags/example_latest_only_with_trigger.py took 0.104 seconds
[2023-06-09T06:07:02.429+0000] {processor.py:157} INFO - Started process (PID=1065) to work on /home/airflow/.local/lib/python3.7/site-packages/airflow/example_dags/example_latest_only_with_trigger.py
[2023-06-09T06:07:02.430+0000] {processor.py:826} INFO - Processing file /home/airflow/.local/lib/python3.7/site-packages/airflow/example_dags/example_latest_only_with_trigger.py for tasks to queue
[2023-06-09T06:07:02.431+0000] {logging_mixin.py:149} INFO - [2023-06-09T06:07:02.431+0000] {dagbag.py:541} INFO - Filling up the DagBag from /home/airflow/.local/lib/python3.7/site-packages/airflow/example_dags/example_latest_only_with_trigger.py
[2023-06-09T06:07:02.440+0000] {processor.py:836} INFO - DAG(s) dict_keys(['latest_only_with_trigger']) retrieved from /home/airflow/.local/lib/python3.7/site-packages/airflow/example_dags/example_latest_only_with_trigger.py
[2023-06-09T06:07:02.469+0000] {logging_mixin.py:149} INFO - [2023-06-09T06:07:02.469+0000] {dag.py:2726} INFO - Sync 1 DAGs
[2023-06-09T06:07:02.501+0000] {logging_mixin.py:149} INFO - [2023-06-09T06:07:02.501+0000] {dag.py:3490} INFO - Setting next_dagrun for latest_only_with_trigger to 2023-06-09T02:07:02.501281+00:00, run_after=2023-06-09T06:07:02.501281+00:00
[2023-06-09T06:07:02.523+0000] {processor.py:179} INFO - Processing /home/airflow/.local/lib/python3.7/site-packages/airflow/example_dags/example_latest_only_with_trigger.py took 0.097 seconds
[2023-06-09T06:07:32.971+0000] {processor.py:157} INFO - Started process (PID=1119) to work on /home/airflow/.local/lib/python3.7/site-packages/airflow/example_dags/example_latest_only_with_trigger.py
[2023-06-09T06:07:32.980+0000] {processor.py:826} INFO - Processing file /home/airflow/.local/lib/python3.7/site-packages/airflow/example_dags/example_latest_only_with_trigger.py for tasks to queue
[2023-06-09T06:07:32.981+0000] {logging_mixin.py:149} INFO - [2023-06-09T06:07:32.981+0000] {dagbag.py:541} INFO - Filling up the DagBag from /home/airflow/.local/lib/python3.7/site-packages/airflow/example_dags/example_latest_only_with_trigger.py
[2023-06-09T06:07:32.993+0000] {processor.py:836} INFO - DAG(s) dict_keys(['latest_only_with_trigger']) retrieved from /home/airflow/.local/lib/python3.7/site-packages/airflow/example_dags/example_latest_only_with_trigger.py
[2023-06-09T06:07:33.029+0000] {logging_mixin.py:149} INFO - [2023-06-09T06:07:33.029+0000] {dag.py:2726} INFO - Sync 1 DAGs
[2023-06-09T06:07:33.077+0000] {logging_mixin.py:149} INFO - [2023-06-09T06:07:33.077+0000] {dag.py:3490} INFO - Setting next_dagrun for latest_only_with_trigger to 2023-06-09T02:07:33.076832+00:00, run_after=2023-06-09T06:07:33.076832+00:00
[2023-06-09T06:07:33.121+0000] {processor.py:179} INFO - Processing /home/airflow/.local/lib/python3.7/site-packages/airflow/example_dags/example_latest_only_with_trigger.py took 0.155 seconds
[2023-06-09T06:08:03.432+0000] {processor.py:157} INFO - Started process (PID=1172) to work on /home/airflow/.local/lib/python3.7/site-packages/airflow/example_dags/example_latest_only_with_trigger.py
[2023-06-09T06:08:03.433+0000] {processor.py:826} INFO - Processing file /home/airflow/.local/lib/python3.7/site-packages/airflow/example_dags/example_latest_only_with_trigger.py for tasks to queue
[2023-06-09T06:08:03.434+0000] {logging_mixin.py:149} INFO - [2023-06-09T06:08:03.434+0000] {dagbag.py:541} INFO - Filling up the DagBag from /home/airflow/.local/lib/python3.7/site-packages/airflow/example_dags/example_latest_only_with_trigger.py
[2023-06-09T06:08:03.442+0000] {processor.py:836} INFO - DAG(s) dict_keys(['latest_only_with_trigger']) retrieved from /home/airflow/.local/lib/python3.7/site-packages/airflow/example_dags/example_latest_only_with_trigger.py
[2023-06-09T06:08:03.471+0000] {logging_mixin.py:149} INFO - [2023-06-09T06:08:03.471+0000] {dag.py:2726} INFO - Sync 1 DAGs
[2023-06-09T06:08:03.505+0000] {logging_mixin.py:149} INFO - [2023-06-09T06:08:03.505+0000] {dag.py:3490} INFO - Setting next_dagrun for latest_only_with_trigger to 2023-06-09T02:08:03.504268+00:00, run_after=2023-06-09T06:08:03.504268+00:00
[2023-06-09T06:08:03.528+0000] {processor.py:179} INFO - Processing /home/airflow/.local/lib/python3.7/site-packages/airflow/example_dags/example_latest_only_with_trigger.py took 0.099 seconds
[2023-06-09T06:08:33.646+0000] {processor.py:157} INFO - Started process (PID=1226) to work on /home/airflow/.local/lib/python3.7/site-packages/airflow/example_dags/example_latest_only_with_trigger.py
[2023-06-09T06:08:33.647+0000] {processor.py:826} INFO - Processing file /home/airflow/.local/lib/python3.7/site-packages/airflow/example_dags/example_latest_only_with_trigger.py for tasks to queue
[2023-06-09T06:08:33.648+0000] {logging_mixin.py:149} INFO - [2023-06-09T06:08:33.648+0000] {dagbag.py:541} INFO - Filling up the DagBag from /home/airflow/.local/lib/python3.7/site-packages/airflow/example_dags/example_latest_only_with_trigger.py
[2023-06-09T06:08:33.657+0000] {processor.py:836} INFO - DAG(s) dict_keys(['latest_only_with_trigger']) retrieved from /home/airflow/.local/lib/python3.7/site-packages/airflow/example_dags/example_latest_only_with_trigger.py
[2023-06-09T06:08:33.688+0000] {logging_mixin.py:149} INFO - [2023-06-09T06:08:33.688+0000] {dag.py:2726} INFO - Sync 1 DAGs
[2023-06-09T06:08:33.757+0000] {logging_mixin.py:149} INFO - [2023-06-09T06:08:33.757+0000] {dag.py:3490} INFO - Setting next_dagrun for latest_only_with_trigger to 2023-06-09T02:08:33.757151+00:00, run_after=2023-06-09T06:08:33.757151+00:00
[2023-06-09T06:08:33.780+0000] {processor.py:179} INFO - Processing /home/airflow/.local/lib/python3.7/site-packages/airflow/example_dags/example_latest_only_with_trigger.py took 0.138 seconds
[2023-06-09T06:09:04.007+0000] {processor.py:157} INFO - Started process (PID=1279) to work on /home/airflow/.local/lib/python3.7/site-packages/airflow/example_dags/example_latest_only_with_trigger.py
[2023-06-09T06:09:04.008+0000] {processor.py:826} INFO - Processing file /home/airflow/.local/lib/python3.7/site-packages/airflow/example_dags/example_latest_only_with_trigger.py for tasks to queue
[2023-06-09T06:09:04.009+0000] {logging_mixin.py:149} INFO - [2023-06-09T06:09:04.009+0000] {dagbag.py:541} INFO - Filling up the DagBag from /home/airflow/.local/lib/python3.7/site-packages/airflow/example_dags/example_latest_only_with_trigger.py
[2023-06-09T06:09:04.017+0000] {processor.py:836} INFO - DAG(s) dict_keys(['latest_only_with_trigger']) retrieved from /home/airflow/.local/lib/python3.7/site-packages/airflow/example_dags/example_latest_only_with_trigger.py
[2023-06-09T06:09:04.047+0000] {logging_mixin.py:149} INFO - [2023-06-09T06:09:04.047+0000] {dag.py:2726} INFO - Sync 1 DAGs
[2023-06-09T06:09:04.081+0000] {logging_mixin.py:149} INFO - [2023-06-09T06:09:04.081+0000] {dag.py:3490} INFO - Setting next_dagrun for latest_only_with_trigger to 2023-06-09T02:09:04.080978+00:00, run_after=2023-06-09T06:09:04.080978+00:00
[2023-06-09T06:09:04.103+0000] {processor.py:179} INFO - Processing /home/airflow/.local/lib/python3.7/site-packages/airflow/example_dags/example_latest_only_with_trigger.py took 0.100 seconds
[2023-06-09T06:09:34.427+0000] {processor.py:157} INFO - Started process (PID=1334) to work on /home/airflow/.local/lib/python3.7/site-packages/airflow/example_dags/example_latest_only_with_trigger.py
[2023-06-09T06:09:34.432+0000] {processor.py:826} INFO - Processing file /home/airflow/.local/lib/python3.7/site-packages/airflow/example_dags/example_latest_only_with_trigger.py for tasks to queue
[2023-06-09T06:09:34.433+0000] {logging_mixin.py:149} INFO - [2023-06-09T06:09:34.433+0000] {dagbag.py:541} INFO - Filling up the DagBag from /home/airflow/.local/lib/python3.7/site-packages/airflow/example_dags/example_latest_only_with_trigger.py
[2023-06-09T06:09:34.441+0000] {processor.py:836} INFO - DAG(s) dict_keys(['latest_only_with_trigger']) retrieved from /home/airflow/.local/lib/python3.7/site-packages/airflow/example_dags/example_latest_only_with_trigger.py
[2023-06-09T06:09:34.472+0000] {logging_mixin.py:149} INFO - [2023-06-09T06:09:34.472+0000] {dag.py:2726} INFO - Sync 1 DAGs
[2023-06-09T06:09:34.505+0000] {logging_mixin.py:149} INFO - [2023-06-09T06:09:34.505+0000] {dag.py:3490} INFO - Setting next_dagrun for latest_only_with_trigger to 2023-06-09T02:09:34.505464+00:00, run_after=2023-06-09T06:09:34.505464+00:00
[2023-06-09T06:09:34.532+0000] {processor.py:179} INFO - Processing /home/airflow/.local/lib/python3.7/site-packages/airflow/example_dags/example_latest_only_with_trigger.py took 0.116 seconds
[2023-06-09T06:10:04.692+0000] {processor.py:157} INFO - Started process (PID=1388) to work on /home/airflow/.local/lib/python3.7/site-packages/airflow/example_dags/example_latest_only_with_trigger.py
[2023-06-09T06:10:04.692+0000] {processor.py:826} INFO - Processing file /home/airflow/.local/lib/python3.7/site-packages/airflow/example_dags/example_latest_only_with_trigger.py for tasks to queue
[2023-06-09T06:10:04.693+0000] {logging_mixin.py:149} INFO - [2023-06-09T06:10:04.693+0000] {dagbag.py:541} INFO - Filling up the DagBag from /home/airflow/.local/lib/python3.7/site-packages/airflow/example_dags/example_latest_only_with_trigger.py
[2023-06-09T06:10:04.701+0000] {processor.py:836} INFO - DAG(s) dict_keys(['latest_only_with_trigger']) retrieved from /home/airflow/.local/lib/python3.7/site-packages/airflow/example_dags/example_latest_only_with_trigger.py
[2023-06-09T06:10:04.732+0000] {logging_mixin.py:149} INFO - [2023-06-09T06:10:04.732+0000] {dag.py:2726} INFO - Sync 1 DAGs
[2023-06-09T06:10:04.766+0000] {logging_mixin.py:149} INFO - [2023-06-09T06:10:04.765+0000] {dag.py:3490} INFO - Setting next_dagrun for latest_only_with_trigger to 2023-06-09T02:10:04.765703+00:00, run_after=2023-06-09T06:10:04.765703+00:00
[2023-06-09T06:10:04.789+0000] {processor.py:179} INFO - Processing /home/airflow/.local/lib/python3.7/site-packages/airflow/example_dags/example_latest_only_with_trigger.py took 0.101 seconds
[2023-06-09T06:10:35.243+0000] {processor.py:157} INFO - Started process (PID=1441) to work on /home/airflow/.local/lib/python3.7/site-packages/airflow/example_dags/example_latest_only_with_trigger.py
[2023-06-09T06:10:35.244+0000] {processor.py:826} INFO - Processing file /home/airflow/.local/lib/python3.7/site-packages/airflow/example_dags/example_latest_only_with_trigger.py for tasks to queue
[2023-06-09T06:10:35.245+0000] {logging_mixin.py:149} INFO - [2023-06-09T06:10:35.245+0000] {dagbag.py:541} INFO - Filling up the DagBag from /home/airflow/.local/lib/python3.7/site-packages/airflow/example_dags/example_latest_only_with_trigger.py
[2023-06-09T06:10:35.254+0000] {processor.py:836} INFO - DAG(s) dict_keys(['latest_only_with_trigger']) retrieved from /home/airflow/.local/lib/python3.7/site-packages/airflow/example_dags/example_latest_only_with_trigger.py
[2023-06-09T06:10:35.288+0000] {logging_mixin.py:149} INFO - [2023-06-09T06:10:35.287+0000] {dag.py:2726} INFO - Sync 1 DAGs
[2023-06-09T06:10:35.352+0000] {logging_mixin.py:149} INFO - [2023-06-09T06:10:35.352+0000] {dag.py:3490} INFO - Setting next_dagrun for latest_only_with_trigger to 2023-06-09T02:10:35.351669+00:00, run_after=2023-06-09T06:10:35.351669+00:00
[2023-06-09T06:10:35.384+0000] {processor.py:179} INFO - Processing /home/airflow/.local/lib/python3.7/site-packages/airflow/example_dags/example_latest_only_with_trigger.py took 0.145 seconds
[2023-06-09T06:11:05.618+0000] {processor.py:157} INFO - Started process (PID=1494) to work on /home/airflow/.local/lib/python3.7/site-packages/airflow/example_dags/example_latest_only_with_trigger.py
[2023-06-09T06:11:05.619+0000] {processor.py:826} INFO - Processing file /home/airflow/.local/lib/python3.7/site-packages/airflow/example_dags/example_latest_only_with_trigger.py for tasks to queue
[2023-06-09T06:11:05.620+0000] {logging_mixin.py:149} INFO - [2023-06-09T06:11:05.620+0000] {dagbag.py:541} INFO - Filling up the DagBag from /home/airflow/.local/lib/python3.7/site-packages/airflow/example_dags/example_latest_only_with_trigger.py
[2023-06-09T06:11:05.627+0000] {processor.py:836} INFO - DAG(s) dict_keys(['latest_only_with_trigger']) retrieved from /home/airflow/.local/lib/python3.7/site-packages/airflow/example_dags/example_latest_only_with_trigger.py
[2023-06-09T06:11:05.657+0000] {logging_mixin.py:149} INFO - [2023-06-09T06:11:05.657+0000] {dag.py:2726} INFO - Sync 1 DAGs
[2023-06-09T06:11:05.689+0000] {logging_mixin.py:149} INFO - [2023-06-09T06:11:05.689+0000] {dag.py:3490} INFO - Setting next_dagrun for latest_only_with_trigger to 2023-06-09T02:11:05.688843+00:00, run_after=2023-06-09T06:11:05.688843+00:00
[2023-06-09T06:11:05.720+0000] {processor.py:179} INFO - Processing /home/airflow/.local/lib/python3.7/site-packages/airflow/example_dags/example_latest_only_with_trigger.py took 0.106 seconds
[2023-06-09T06:11:36.198+0000] {processor.py:157} INFO - Started process (PID=1548) to work on /home/airflow/.local/lib/python3.7/site-packages/airflow/example_dags/example_latest_only_with_trigger.py
[2023-06-09T06:11:36.199+0000] {processor.py:826} INFO - Processing file /home/airflow/.local/lib/python3.7/site-packages/airflow/example_dags/example_latest_only_with_trigger.py for tasks to queue
[2023-06-09T06:11:36.200+0000] {logging_mixin.py:149} INFO - [2023-06-09T06:11:36.200+0000] {dagbag.py:541} INFO - Filling up the DagBag from /home/airflow/.local/lib/python3.7/site-packages/airflow/example_dags/example_latest_only_with_trigger.py
[2023-06-09T06:11:36.210+0000] {processor.py:836} INFO - DAG(s) dict_keys(['latest_only_with_trigger']) retrieved from /home/airflow/.local/lib/python3.7/site-packages/airflow/example_dags/example_latest_only_with_trigger.py
[2023-06-09T06:11:36.261+0000] {logging_mixin.py:149} INFO - [2023-06-09T06:11:36.260+0000] {dag.py:2726} INFO - Sync 1 DAGs
[2023-06-09T06:11:36.312+0000] {logging_mixin.py:149} INFO - [2023-06-09T06:11:36.312+0000] {dag.py:3490} INFO - Setting next_dagrun for latest_only_with_trigger to 2023-06-09T02:11:36.310335+00:00, run_after=2023-06-09T06:11:36.310335+00:00
[2023-06-09T06:11:36.349+0000] {processor.py:179} INFO - Processing /home/airflow/.local/lib/python3.7/site-packages/airflow/example_dags/example_latest_only_with_trigger.py took 0.155 seconds
[2023-06-09T06:12:06.412+0000] {processor.py:157} INFO - Started process (PID=1603) to work on /home/airflow/.local/lib/python3.7/site-packages/airflow/example_dags/example_latest_only_with_trigger.py
[2023-06-09T06:12:06.422+0000] {processor.py:826} INFO - Processing file /home/airflow/.local/lib/python3.7/site-packages/airflow/example_dags/example_latest_only_with_trigger.py for tasks to queue
[2023-06-09T06:12:06.423+0000] {logging_mixin.py:149} INFO - [2023-06-09T06:12:06.423+0000] {dagbag.py:541} INFO - Filling up the DagBag from /home/airflow/.local/lib/python3.7/site-packages/airflow/example_dags/example_latest_only_with_trigger.py
[2023-06-09T06:12:06.431+0000] {processor.py:836} INFO - DAG(s) dict_keys(['latest_only_with_trigger']) retrieved from /home/airflow/.local/lib/python3.7/site-packages/airflow/example_dags/example_latest_only_with_trigger.py
[2023-06-09T06:12:06.496+0000] {logging_mixin.py:149} INFO - [2023-06-09T06:12:06.496+0000] {dag.py:2726} INFO - Sync 1 DAGs
[2023-06-09T06:12:06.560+0000] {logging_mixin.py:149} INFO - [2023-06-09T06:12:06.560+0000] {dag.py:3490} INFO - Setting next_dagrun for latest_only_with_trigger to 2023-06-09T02:12:06.559660+00:00, run_after=2023-06-09T06:12:06.559660+00:00
[2023-06-09T06:12:06.620+0000] {processor.py:179} INFO - Processing /home/airflow/.local/lib/python3.7/site-packages/airflow/example_dags/example_latest_only_with_trigger.py took 0.211 seconds
[2023-06-09T06:12:37.100+0000] {processor.py:157} INFO - Started process (PID=1657) to work on /home/airflow/.local/lib/python3.7/site-packages/airflow/example_dags/example_latest_only_with_trigger.py
[2023-06-09T06:12:37.106+0000] {processor.py:826} INFO - Processing file /home/airflow/.local/lib/python3.7/site-packages/airflow/example_dags/example_latest_only_with_trigger.py for tasks to queue
[2023-06-09T06:12:37.106+0000] {logging_mixin.py:149} INFO - [2023-06-09T06:12:37.106+0000] {dagbag.py:541} INFO - Filling up the DagBag from /home/airflow/.local/lib/python3.7/site-packages/airflow/example_dags/example_latest_only_with_trigger.py
[2023-06-09T06:12:37.114+0000] {processor.py:836} INFO - DAG(s) dict_keys(['latest_only_with_trigger']) retrieved from /home/airflow/.local/lib/python3.7/site-packages/airflow/example_dags/example_latest_only_with_trigger.py
[2023-06-09T06:12:37.177+0000] {logging_mixin.py:149} INFO - [2023-06-09T06:12:37.177+0000] {dag.py:2726} INFO - Sync 1 DAGs
[2023-06-09T06:12:37.254+0000] {logging_mixin.py:149} INFO - [2023-06-09T06:12:37.254+0000] {dag.py:3490} INFO - Setting next_dagrun for latest_only_with_trigger to 2023-06-09T02:12:37.254142+00:00, run_after=2023-06-09T06:12:37.254142+00:00
[2023-06-09T06:12:37.331+0000] {processor.py:179} INFO - Processing /home/airflow/.local/lib/python3.7/site-packages/airflow/example_dags/example_latest_only_with_trigger.py took 0.239 seconds
[2023-06-09T06:13:07.531+0000] {processor.py:157} INFO - Started process (PID=1711) to work on /home/airflow/.local/lib/python3.7/site-packages/airflow/example_dags/example_latest_only_with_trigger.py
[2023-06-09T06:13:07.532+0000] {processor.py:826} INFO - Processing file /home/airflow/.local/lib/python3.7/site-packages/airflow/example_dags/example_latest_only_with_trigger.py for tasks to queue
[2023-06-09T06:13:07.533+0000] {logging_mixin.py:149} INFO - [2023-06-09T06:13:07.533+0000] {dagbag.py:541} INFO - Filling up the DagBag from /home/airflow/.local/lib/python3.7/site-packages/airflow/example_dags/example_latest_only_with_trigger.py
[2023-06-09T06:13:07.541+0000] {processor.py:836} INFO - DAG(s) dict_keys(['latest_only_with_trigger']) retrieved from /home/airflow/.local/lib/python3.7/site-packages/airflow/example_dags/example_latest_only_with_trigger.py
[2023-06-09T06:13:07.571+0000] {logging_mixin.py:149} INFO - [2023-06-09T06:13:07.571+0000] {dag.py:2726} INFO - Sync 1 DAGs
[2023-06-09T06:13:07.604+0000] {logging_mixin.py:149} INFO - [2023-06-09T06:13:07.604+0000] {dag.py:3490} INFO - Setting next_dagrun for latest_only_with_trigger to 2023-06-09T02:13:07.604175+00:00, run_after=2023-06-09T06:13:07.604175+00:00
[2023-06-09T06:13:07.626+0000] {processor.py:179} INFO - Processing /home/airflow/.local/lib/python3.7/site-packages/airflow/example_dags/example_latest_only_with_trigger.py took 0.099 seconds
[2023-06-09T06:13:37.781+0000] {processor.py:157} INFO - Started process (PID=1765) to work on /home/airflow/.local/lib/python3.7/site-packages/airflow/example_dags/example_latest_only_with_trigger.py
[2023-06-09T06:13:37.792+0000] {processor.py:826} INFO - Processing file /home/airflow/.local/lib/python3.7/site-packages/airflow/example_dags/example_latest_only_with_trigger.py for tasks to queue
[2023-06-09T06:13:37.792+0000] {logging_mixin.py:149} INFO - [2023-06-09T06:13:37.792+0000] {dagbag.py:541} INFO - Filling up the DagBag from /home/airflow/.local/lib/python3.7/site-packages/airflow/example_dags/example_latest_only_with_trigger.py
[2023-06-09T06:13:37.799+0000] {processor.py:836} INFO - DAG(s) dict_keys(['latest_only_with_trigger']) retrieved from /home/airflow/.local/lib/python3.7/site-packages/airflow/example_dags/example_latest_only_with_trigger.py
[2023-06-09T06:13:37.872+0000] {logging_mixin.py:149} INFO - [2023-06-09T06:13:37.871+0000] {dag.py:2726} INFO - Sync 1 DAGs
[2023-06-09T06:13:37.936+0000] {logging_mixin.py:149} INFO - [2023-06-09T06:13:37.936+0000] {dag.py:3490} INFO - Setting next_dagrun for latest_only_with_trigger to 2023-06-09T02:13:37.933310+00:00, run_after=2023-06-09T06:13:37.933310+00:00
[2023-06-09T06:13:37.994+0000] {processor.py:179} INFO - Processing /home/airflow/.local/lib/python3.7/site-packages/airflow/example_dags/example_latest_only_with_trigger.py took 0.217 seconds
[2023-06-09T06:14:08.383+0000] {processor.py:157} INFO - Started process (PID=1818) to work on /home/airflow/.local/lib/python3.7/site-packages/airflow/example_dags/example_latest_only_with_trigger.py
[2023-06-09T06:14:08.384+0000] {processor.py:826} INFO - Processing file /home/airflow/.local/lib/python3.7/site-packages/airflow/example_dags/example_latest_only_with_trigger.py for tasks to queue
[2023-06-09T06:14:08.385+0000] {logging_mixin.py:149} INFO - [2023-06-09T06:14:08.385+0000] {dagbag.py:541} INFO - Filling up the DagBag from /home/airflow/.local/lib/python3.7/site-packages/airflow/example_dags/example_latest_only_with_trigger.py
[2023-06-09T06:14:08.392+0000] {processor.py:836} INFO - DAG(s) dict_keys(['latest_only_with_trigger']) retrieved from /home/airflow/.local/lib/python3.7/site-packages/airflow/example_dags/example_latest_only_with_trigger.py
[2023-06-09T06:14:08.423+0000] {logging_mixin.py:149} INFO - [2023-06-09T06:14:08.422+0000] {dag.py:2726} INFO - Sync 1 DAGs
[2023-06-09T06:14:08.472+0000] {logging_mixin.py:149} INFO - [2023-06-09T06:14:08.471+0000] {dag.py:3490} INFO - Setting next_dagrun for latest_only_with_trigger to 2023-06-09T02:14:08.471603+00:00, run_after=2023-06-09T06:14:08.471603+00:00
[2023-06-09T06:14:08.513+0000] {processor.py:179} INFO - Processing /home/airflow/.local/lib/python3.7/site-packages/airflow/example_dags/example_latest_only_with_trigger.py took 0.134 seconds
[2023-06-09T06:14:38.959+0000] {processor.py:157} INFO - Started process (PID=1872) to work on /home/airflow/.local/lib/python3.7/site-packages/airflow/example_dags/example_latest_only_with_trigger.py
[2023-06-09T06:14:38.961+0000] {processor.py:826} INFO - Processing file /home/airflow/.local/lib/python3.7/site-packages/airflow/example_dags/example_latest_only_with_trigger.py for tasks to queue
[2023-06-09T06:14:38.962+0000] {logging_mixin.py:149} INFO - [2023-06-09T06:14:38.962+0000] {dagbag.py:541} INFO - Filling up the DagBag from /home/airflow/.local/lib/python3.7/site-packages/airflow/example_dags/example_latest_only_with_trigger.py
[2023-06-09T06:14:38.982+0000] {processor.py:836} INFO - DAG(s) dict_keys(['latest_only_with_trigger']) retrieved from /home/airflow/.local/lib/python3.7/site-packages/airflow/example_dags/example_latest_only_with_trigger.py
[2023-06-09T06:14:39.045+0000] {logging_mixin.py:149} INFO - [2023-06-09T06:14:39.044+0000] {dag.py:2726} INFO - Sync 1 DAGs
[2023-06-09T06:14:39.080+0000] {logging_mixin.py:149} INFO - [2023-06-09T06:14:39.079+0000] {dag.py:3490} INFO - Setting next_dagrun for latest_only_with_trigger to 2023-06-09T02:14:39.079559+00:00, run_after=2023-06-09T06:14:39.079559+00:00
[2023-06-09T06:14:39.108+0000] {processor.py:179} INFO - Processing /home/airflow/.local/lib/python3.7/site-packages/airflow/example_dags/example_latest_only_with_trigger.py took 0.156 seconds
[2023-06-09T06:15:09.484+0000] {processor.py:157} INFO - Started process (PID=1926) to work on /home/airflow/.local/lib/python3.7/site-packages/airflow/example_dags/example_latest_only_with_trigger.py
[2023-06-09T06:15:09.485+0000] {processor.py:826} INFO - Processing file /home/airflow/.local/lib/python3.7/site-packages/airflow/example_dags/example_latest_only_with_trigger.py for tasks to queue
[2023-06-09T06:15:09.485+0000] {logging_mixin.py:149} INFO - [2023-06-09T06:15:09.485+0000] {dagbag.py:541} INFO - Filling up the DagBag from /home/airflow/.local/lib/python3.7/site-packages/airflow/example_dags/example_latest_only_with_trigger.py
[2023-06-09T06:15:09.494+0000] {processor.py:836} INFO - DAG(s) dict_keys(['latest_only_with_trigger']) retrieved from /home/airflow/.local/lib/python3.7/site-packages/airflow/example_dags/example_latest_only_with_trigger.py
[2023-06-09T06:15:09.524+0000] {logging_mixin.py:149} INFO - [2023-06-09T06:15:09.524+0000] {dag.py:2726} INFO - Sync 1 DAGs
[2023-06-09T06:15:09.557+0000] {logging_mixin.py:149} INFO - [2023-06-09T06:15:09.557+0000] {dag.py:3490} INFO - Setting next_dagrun for latest_only_with_trigger to 2023-06-09T02:15:09.556883+00:00, run_after=2023-06-09T06:15:09.556883+00:00
[2023-06-09T06:15:09.580+0000] {processor.py:179} INFO - Processing /home/airflow/.local/lib/python3.7/site-packages/airflow/example_dags/example_latest_only_with_trigger.py took 0.100 seconds
[2023-06-09T06:15:39.980+0000] {processor.py:157} INFO - Started process (PID=1979) to work on /home/airflow/.local/lib/python3.7/site-packages/airflow/example_dags/example_latest_only_with_trigger.py
[2023-06-09T06:15:39.981+0000] {processor.py:826} INFO - Processing file /home/airflow/.local/lib/python3.7/site-packages/airflow/example_dags/example_latest_only_with_trigger.py for tasks to queue
[2023-06-09T06:15:39.982+0000] {logging_mixin.py:149} INFO - [2023-06-09T06:15:39.982+0000] {dagbag.py:541} INFO - Filling up the DagBag from /home/airflow/.local/lib/python3.7/site-packages/airflow/example_dags/example_latest_only_with_trigger.py
[2023-06-09T06:15:39.990+0000] {processor.py:836} INFO - DAG(s) dict_keys(['latest_only_with_trigger']) retrieved from /home/airflow/.local/lib/python3.7/site-packages/airflow/example_dags/example_latest_only_with_trigger.py
[2023-06-09T06:15:40.022+0000] {logging_mixin.py:149} INFO - [2023-06-09T06:15:40.021+0000] {dag.py:2726} INFO - Sync 1 DAGs
[2023-06-09T06:15:40.060+0000] {logging_mixin.py:149} INFO - [2023-06-09T06:15:40.060+0000] {dag.py:3490} INFO - Setting next_dagrun for latest_only_with_trigger to 2023-06-09T02:15:40.059847+00:00, run_after=2023-06-09T06:15:40.059847+00:00
[2023-06-09T06:15:40.091+0000] {processor.py:179} INFO - Processing /home/airflow/.local/lib/python3.7/site-packages/airflow/example_dags/example_latest_only_with_trigger.py took 0.115 seconds
[2023-06-09T06:16:10.122+0000] {processor.py:157} INFO - Started process (PID=2033) to work on /home/airflow/.local/lib/python3.7/site-packages/airflow/example_dags/example_latest_only_with_trigger.py
[2023-06-09T06:16:10.123+0000] {processor.py:826} INFO - Processing file /home/airflow/.local/lib/python3.7/site-packages/airflow/example_dags/example_latest_only_with_trigger.py for tasks to queue
[2023-06-09T06:16:10.124+0000] {logging_mixin.py:149} INFO - [2023-06-09T06:16:10.123+0000] {dagbag.py:541} INFO - Filling up the DagBag from /home/airflow/.local/lib/python3.7/site-packages/airflow/example_dags/example_latest_only_with_trigger.py
[2023-06-09T06:16:10.132+0000] {processor.py:836} INFO - DAG(s) dict_keys(['latest_only_with_trigger']) retrieved from /home/airflow/.local/lib/python3.7/site-packages/airflow/example_dags/example_latest_only_with_trigger.py
[2023-06-09T06:16:10.165+0000] {logging_mixin.py:149} INFO - [2023-06-09T06:16:10.165+0000] {dag.py:2726} INFO - Sync 1 DAGs
[2023-06-09T06:16:10.200+0000] {logging_mixin.py:149} INFO - [2023-06-09T06:16:10.200+0000] {dag.py:3490} INFO - Setting next_dagrun for latest_only_with_trigger to 2023-06-09T02:16:10.199973+00:00, run_after=2023-06-09T06:16:10.199973+00:00
[2023-06-09T06:16:10.224+0000] {processor.py:179} INFO - Processing /home/airflow/.local/lib/python3.7/site-packages/airflow/example_dags/example_latest_only_with_trigger.py took 0.107 seconds
[2023-06-09T06:16:40.718+0000] {processor.py:157} INFO - Started process (PID=2087) to work on /home/airflow/.local/lib/python3.7/site-packages/airflow/example_dags/example_latest_only_with_trigger.py
[2023-06-09T06:16:40.719+0000] {processor.py:826} INFO - Processing file /home/airflow/.local/lib/python3.7/site-packages/airflow/example_dags/example_latest_only_with_trigger.py for tasks to queue
[2023-06-09T06:16:40.720+0000] {logging_mixin.py:149} INFO - [2023-06-09T06:16:40.720+0000] {dagbag.py:541} INFO - Filling up the DagBag from /home/airflow/.local/lib/python3.7/site-packages/airflow/example_dags/example_latest_only_with_trigger.py
[2023-06-09T06:16:40.727+0000] {processor.py:836} INFO - DAG(s) dict_keys(['latest_only_with_trigger']) retrieved from /home/airflow/.local/lib/python3.7/site-packages/airflow/example_dags/example_latest_only_with_trigger.py
[2023-06-09T06:16:40.756+0000] {logging_mixin.py:149} INFO - [2023-06-09T06:16:40.756+0000] {dag.py:2726} INFO - Sync 1 DAGs
[2023-06-09T06:16:40.818+0000] {logging_mixin.py:149} INFO - [2023-06-09T06:16:40.818+0000] {dag.py:3490} INFO - Setting next_dagrun for latest_only_with_trigger to 2023-06-09T02:16:40.818406+00:00, run_after=2023-06-09T06:16:40.818406+00:00
[2023-06-09T06:16:40.858+0000] {processor.py:179} INFO - Processing /home/airflow/.local/lib/python3.7/site-packages/airflow/example_dags/example_latest_only_with_trigger.py took 0.144 seconds
[2023-06-09T06:17:11.087+0000] {processor.py:157} INFO - Started process (PID=2138) to work on /home/airflow/.local/lib/python3.7/site-packages/airflow/example_dags/example_latest_only_with_trigger.py
[2023-06-09T06:17:11.090+0000] {processor.py:826} INFO - Processing file /home/airflow/.local/lib/python3.7/site-packages/airflow/example_dags/example_latest_only_with_trigger.py for tasks to queue
[2023-06-09T06:17:11.090+0000] {logging_mixin.py:149} INFO - [2023-06-09T06:17:11.090+0000] {dagbag.py:541} INFO - Filling up the DagBag from /home/airflow/.local/lib/python3.7/site-packages/airflow/example_dags/example_latest_only_with_trigger.py
[2023-06-09T06:17:11.099+0000] {processor.py:836} INFO - DAG(s) dict_keys(['latest_only_with_trigger']) retrieved from /home/airflow/.local/lib/python3.7/site-packages/airflow/example_dags/example_latest_only_with_trigger.py
[2023-06-09T06:17:11.129+0000] {logging_mixin.py:149} INFO - [2023-06-09T06:17:11.128+0000] {dag.py:2726} INFO - Sync 1 DAGs
[2023-06-09T06:17:11.162+0000] {logging_mixin.py:149} INFO - [2023-06-09T06:17:11.161+0000] {dag.py:3490} INFO - Setting next_dagrun for latest_only_with_trigger to 2023-06-09T02:17:11.161673+00:00, run_after=2023-06-09T06:17:11.161673+00:00
[2023-06-09T06:17:11.207+0000] {processor.py:179} INFO - Processing /home/airflow/.local/lib/python3.7/site-packages/airflow/example_dags/example_latest_only_with_trigger.py took 0.123 seconds
[2023-06-09T06:17:42.112+0000] {processor.py:157} INFO - Started process (PID=2192) to work on /home/airflow/.local/lib/python3.7/site-packages/airflow/example_dags/example_latest_only_with_trigger.py
[2023-06-09T06:17:42.112+0000] {processor.py:826} INFO - Processing file /home/airflow/.local/lib/python3.7/site-packages/airflow/example_dags/example_latest_only_with_trigger.py for tasks to queue
[2023-06-09T06:17:42.113+0000] {logging_mixin.py:149} INFO - [2023-06-09T06:17:42.113+0000] {dagbag.py:541} INFO - Filling up the DagBag from /home/airflow/.local/lib/python3.7/site-packages/airflow/example_dags/example_latest_only_with_trigger.py
[2023-06-09T06:17:42.120+0000] {processor.py:836} INFO - DAG(s) dict_keys(['latest_only_with_trigger']) retrieved from /home/airflow/.local/lib/python3.7/site-packages/airflow/example_dags/example_latest_only_with_trigger.py
[2023-06-09T06:17:42.150+0000] {logging_mixin.py:149} INFO - [2023-06-09T06:17:42.149+0000] {dag.py:2726} INFO - Sync 1 DAGs
[2023-06-09T06:17:42.183+0000] {logging_mixin.py:149} INFO - [2023-06-09T06:17:42.183+0000] {dag.py:3490} INFO - Setting next_dagrun for latest_only_with_trigger to 2023-06-09T02:17:42.183430+00:00, run_after=2023-06-09T06:17:42.183430+00:00
[2023-06-09T06:17:42.207+0000] {processor.py:179} INFO - Processing /home/airflow/.local/lib/python3.7/site-packages/airflow/example_dags/example_latest_only_with_trigger.py took 0.101 seconds
[2023-06-09T06:18:13.052+0000] {processor.py:157} INFO - Started process (PID=2246) to work on /home/airflow/.local/lib/python3.7/site-packages/airflow/example_dags/example_latest_only_with_trigger.py
[2023-06-09T06:18:13.054+0000] {processor.py:826} INFO - Processing file /home/airflow/.local/lib/python3.7/site-packages/airflow/example_dags/example_latest_only_with_trigger.py for tasks to queue
[2023-06-09T06:18:13.054+0000] {logging_mixin.py:149} INFO - [2023-06-09T06:18:13.054+0000] {dagbag.py:541} INFO - Filling up the DagBag from /home/airflow/.local/lib/python3.7/site-packages/airflow/example_dags/example_latest_only_with_trigger.py
[2023-06-09T06:18:13.062+0000] {processor.py:836} INFO - DAG(s) dict_keys(['latest_only_with_trigger']) retrieved from /home/airflow/.local/lib/python3.7/site-packages/airflow/example_dags/example_latest_only_with_trigger.py
[2023-06-09T06:18:13.097+0000] {logging_mixin.py:149} INFO - [2023-06-09T06:18:13.096+0000] {dag.py:2726} INFO - Sync 1 DAGs
[2023-06-09T06:18:13.130+0000] {logging_mixin.py:149} INFO - [2023-06-09T06:18:13.130+0000] {dag.py:3490} INFO - Setting next_dagrun for latest_only_with_trigger to 2023-06-09T02:18:13.130058+00:00, run_after=2023-06-09T06:18:13.130058+00:00
[2023-06-09T06:18:13.153+0000] {processor.py:179} INFO - Processing /home/airflow/.local/lib/python3.7/site-packages/airflow/example_dags/example_latest_only_with_trigger.py took 0.105 seconds
[2023-06-09T06:18:44.076+0000] {processor.py:157} INFO - Started process (PID=2300) to work on /home/airflow/.local/lib/python3.7/site-packages/airflow/example_dags/example_latest_only_with_trigger.py
[2023-06-09T06:18:44.077+0000] {processor.py:826} INFO - Processing file /home/airflow/.local/lib/python3.7/site-packages/airflow/example_dags/example_latest_only_with_trigger.py for tasks to queue
[2023-06-09T06:18:44.079+0000] {logging_mixin.py:149} INFO - [2023-06-09T06:18:44.078+0000] {dagbag.py:541} INFO - Filling up the DagBag from /home/airflow/.local/lib/python3.7/site-packages/airflow/example_dags/example_latest_only_with_trigger.py
[2023-06-09T06:18:44.087+0000] {processor.py:836} INFO - DAG(s) dict_keys(['latest_only_with_trigger']) retrieved from /home/airflow/.local/lib/python3.7/site-packages/airflow/example_dags/example_latest_only_with_trigger.py
[2023-06-09T06:18:44.118+0000] {logging_mixin.py:149} INFO - [2023-06-09T06:18:44.118+0000] {dag.py:2726} INFO - Sync 1 DAGs
[2023-06-09T06:18:44.153+0000] {logging_mixin.py:149} INFO - [2023-06-09T06:18:44.153+0000] {dag.py:3490} INFO - Setting next_dagrun for latest_only_with_trigger to 2023-06-09T02:18:44.153142+00:00, run_after=2023-06-09T06:18:44.153142+00:00
[2023-06-09T06:18:44.177+0000] {processor.py:179} INFO - Processing /home/airflow/.local/lib/python3.7/site-packages/airflow/example_dags/example_latest_only_with_trigger.py took 0.105 seconds
[2023-06-09T06:19:14.580+0000] {processor.py:157} INFO - Started process (PID=2354) to work on /home/airflow/.local/lib/python3.7/site-packages/airflow/example_dags/example_latest_only_with_trigger.py
[2023-06-09T06:19:14.581+0000] {processor.py:826} INFO - Processing file /home/airflow/.local/lib/python3.7/site-packages/airflow/example_dags/example_latest_only_with_trigger.py for tasks to queue
[2023-06-09T06:19:14.582+0000] {logging_mixin.py:149} INFO - [2023-06-09T06:19:14.582+0000] {dagbag.py:541} INFO - Filling up the DagBag from /home/airflow/.local/lib/python3.7/site-packages/airflow/example_dags/example_latest_only_with_trigger.py
[2023-06-09T06:19:14.590+0000] {processor.py:836} INFO - DAG(s) dict_keys(['latest_only_with_trigger']) retrieved from /home/airflow/.local/lib/python3.7/site-packages/airflow/example_dags/example_latest_only_with_trigger.py
[2023-06-09T06:19:14.621+0000] {logging_mixin.py:149} INFO - [2023-06-09T06:19:14.621+0000] {dag.py:2726} INFO - Sync 1 DAGs
[2023-06-09T06:19:14.656+0000] {logging_mixin.py:149} INFO - [2023-06-09T06:19:14.656+0000] {dag.py:3490} INFO - Setting next_dagrun for latest_only_with_trigger to 2023-06-09T02:19:14.656130+00:00, run_after=2023-06-09T06:19:14.656130+00:00
[2023-06-09T06:19:14.681+0000] {processor.py:179} INFO - Processing /home/airflow/.local/lib/python3.7/site-packages/airflow/example_dags/example_latest_only_with_trigger.py took 0.104 seconds
[2023-06-09T06:19:45.366+0000] {processor.py:157} INFO - Started process (PID=2409) to work on /home/airflow/.local/lib/python3.7/site-packages/airflow/example_dags/example_latest_only_with_trigger.py
[2023-06-09T06:19:45.368+0000] {processor.py:826} INFO - Processing file /home/airflow/.local/lib/python3.7/site-packages/airflow/example_dags/example_latest_only_with_trigger.py for tasks to queue
[2023-06-09T06:19:45.368+0000] {logging_mixin.py:149} INFO - [2023-06-09T06:19:45.368+0000] {dagbag.py:541} INFO - Filling up the DagBag from /home/airflow/.local/lib/python3.7/site-packages/airflow/example_dags/example_latest_only_with_trigger.py
[2023-06-09T06:19:45.376+0000] {processor.py:836} INFO - DAG(s) dict_keys(['latest_only_with_trigger']) retrieved from /home/airflow/.local/lib/python3.7/site-packages/airflow/example_dags/example_latest_only_with_trigger.py
[2023-06-09T06:19:45.412+0000] {logging_mixin.py:149} INFO - [2023-06-09T06:19:45.411+0000] {dag.py:2726} INFO - Sync 1 DAGs
[2023-06-09T06:19:45.445+0000] {logging_mixin.py:149} INFO - [2023-06-09T06:19:45.445+0000] {dag.py:3490} INFO - Setting next_dagrun for latest_only_with_trigger to 2023-06-09T02:19:45.444850+00:00, run_after=2023-06-09T06:19:45.444850+00:00
[2023-06-09T06:19:45.473+0000] {processor.py:179} INFO - Processing /home/airflow/.local/lib/python3.7/site-packages/airflow/example_dags/example_latest_only_with_trigger.py took 0.111 seconds
[2023-06-09T06:20:15.872+0000] {processor.py:157} INFO - Started process (PID=2463) to work on /home/airflow/.local/lib/python3.7/site-packages/airflow/example_dags/example_latest_only_with_trigger.py
[2023-06-09T06:20:15.873+0000] {processor.py:826} INFO - Processing file /home/airflow/.local/lib/python3.7/site-packages/airflow/example_dags/example_latest_only_with_trigger.py for tasks to queue
[2023-06-09T06:20:15.874+0000] {logging_mixin.py:149} INFO - [2023-06-09T06:20:15.874+0000] {dagbag.py:541} INFO - Filling up the DagBag from /home/airflow/.local/lib/python3.7/site-packages/airflow/example_dags/example_latest_only_with_trigger.py
[2023-06-09T06:20:15.888+0000] {processor.py:836} INFO - DAG(s) dict_keys(['latest_only_with_trigger']) retrieved from /home/airflow/.local/lib/python3.7/site-packages/airflow/example_dags/example_latest_only_with_trigger.py
[2023-06-09T06:20:15.956+0000] {logging_mixin.py:149} INFO - [2023-06-09T06:20:15.956+0000] {dag.py:2726} INFO - Sync 1 DAGs
[2023-06-09T06:20:16.020+0000] {logging_mixin.py:149} INFO - [2023-06-09T06:20:16.020+0000] {dag.py:3490} INFO - Setting next_dagrun for latest_only_with_trigger to 2023-06-09T02:20:16.019701+00:00, run_after=2023-06-09T06:20:16.019701+00:00
[2023-06-09T06:20:16.075+0000] {processor.py:179} INFO - Processing /home/airflow/.local/lib/python3.7/site-packages/airflow/example_dags/example_latest_only_with_trigger.py took 0.214 seconds
[2023-06-09T06:20:46.318+0000] {processor.py:157} INFO - Started process (PID=2517) to work on /home/airflow/.local/lib/python3.7/site-packages/airflow/example_dags/example_latest_only_with_trigger.py
[2023-06-09T06:20:46.320+0000] {processor.py:826} INFO - Processing file /home/airflow/.local/lib/python3.7/site-packages/airflow/example_dags/example_latest_only_with_trigger.py for tasks to queue
[2023-06-09T06:20:46.320+0000] {logging_mixin.py:149} INFO - [2023-06-09T06:20:46.320+0000] {dagbag.py:541} INFO - Filling up the DagBag from /home/airflow/.local/lib/python3.7/site-packages/airflow/example_dags/example_latest_only_with_trigger.py
[2023-06-09T06:20:46.329+0000] {processor.py:836} INFO - DAG(s) dict_keys(['latest_only_with_trigger']) retrieved from /home/airflow/.local/lib/python3.7/site-packages/airflow/example_dags/example_latest_only_with_trigger.py
[2023-06-09T06:20:46.358+0000] {logging_mixin.py:149} INFO - [2023-06-09T06:20:46.358+0000] {dag.py:2726} INFO - Sync 1 DAGs
[2023-06-09T06:20:46.390+0000] {logging_mixin.py:149} INFO - [2023-06-09T06:20:46.390+0000] {dag.py:3490} INFO - Setting next_dagrun for latest_only_with_trigger to 2023-06-09T02:20:46.390312+00:00, run_after=2023-06-09T06:20:46.390312+00:00
[2023-06-09T06:20:46.412+0000] {processor.py:179} INFO - Processing /home/airflow/.local/lib/python3.7/site-packages/airflow/example_dags/example_latest_only_with_trigger.py took 0.098 seconds
[2023-06-09T06:21:16.479+0000] {processor.py:157} INFO - Started process (PID=2571) to work on /home/airflow/.local/lib/python3.7/site-packages/airflow/example_dags/example_latest_only_with_trigger.py
[2023-06-09T06:21:16.480+0000] {processor.py:826} INFO - Processing file /home/airflow/.local/lib/python3.7/site-packages/airflow/example_dags/example_latest_only_with_trigger.py for tasks to queue
[2023-06-09T06:21:16.481+0000] {logging_mixin.py:149} INFO - [2023-06-09T06:21:16.481+0000] {dagbag.py:541} INFO - Filling up the DagBag from /home/airflow/.local/lib/python3.7/site-packages/airflow/example_dags/example_latest_only_with_trigger.py
[2023-06-09T06:21:16.490+0000] {processor.py:836} INFO - DAG(s) dict_keys(['latest_only_with_trigger']) retrieved from /home/airflow/.local/lib/python3.7/site-packages/airflow/example_dags/example_latest_only_with_trigger.py
[2023-06-09T06:21:16.521+0000] {logging_mixin.py:149} INFO - [2023-06-09T06:21:16.520+0000] {dag.py:2726} INFO - Sync 1 DAGs
[2023-06-09T06:21:16.554+0000] {logging_mixin.py:149} INFO - [2023-06-09T06:21:16.554+0000] {dag.py:3490} INFO - Setting next_dagrun for latest_only_with_trigger to 2023-06-09T02:21:16.554430+00:00, run_after=2023-06-09T06:21:16.554430+00:00
[2023-06-09T06:21:16.578+0000] {processor.py:179} INFO - Processing /home/airflow/.local/lib/python3.7/site-packages/airflow/example_dags/example_latest_only_with_trigger.py took 0.103 seconds
[2023-06-09T06:21:47.145+0000] {processor.py:157} INFO - Started process (PID=2625) to work on /home/airflow/.local/lib/python3.7/site-packages/airflow/example_dags/example_latest_only_with_trigger.py
[2023-06-09T06:21:47.147+0000] {processor.py:826} INFO - Processing file /home/airflow/.local/lib/python3.7/site-packages/airflow/example_dags/example_latest_only_with_trigger.py for tasks to queue
[2023-06-09T06:21:47.148+0000] {logging_mixin.py:149} INFO - [2023-06-09T06:21:47.148+0000] {dagbag.py:541} INFO - Filling up the DagBag from /home/airflow/.local/lib/python3.7/site-packages/airflow/example_dags/example_latest_only_with_trigger.py
[2023-06-09T06:21:47.155+0000] {processor.py:836} INFO - DAG(s) dict_keys(['latest_only_with_trigger']) retrieved from /home/airflow/.local/lib/python3.7/site-packages/airflow/example_dags/example_latest_only_with_trigger.py
[2023-06-09T06:21:47.185+0000] {logging_mixin.py:149} INFO - [2023-06-09T06:21:47.185+0000] {dag.py:2726} INFO - Sync 1 DAGs
[2023-06-09T06:21:47.217+0000] {logging_mixin.py:149} INFO - [2023-06-09T06:21:47.217+0000] {dag.py:3490} INFO - Setting next_dagrun for latest_only_with_trigger to 2023-06-09T02:21:47.216930+00:00, run_after=2023-06-09T06:21:47.216930+00:00
[2023-06-09T06:21:47.243+0000] {processor.py:179} INFO - Processing /home/airflow/.local/lib/python3.7/site-packages/airflow/example_dags/example_latest_only_with_trigger.py took 0.102 seconds
[2023-06-09T06:22:17.688+0000] {processor.py:157} INFO - Started process (PID=2679) to work on /home/airflow/.local/lib/python3.7/site-packages/airflow/example_dags/example_latest_only_with_trigger.py
[2023-06-09T06:22:17.689+0000] {processor.py:826} INFO - Processing file /home/airflow/.local/lib/python3.7/site-packages/airflow/example_dags/example_latest_only_with_trigger.py for tasks to queue
[2023-06-09T06:22:17.690+0000] {logging_mixin.py:149} INFO - [2023-06-09T06:22:17.689+0000] {dagbag.py:541} INFO - Filling up the DagBag from /home/airflow/.local/lib/python3.7/site-packages/airflow/example_dags/example_latest_only_with_trigger.py
[2023-06-09T06:22:17.703+0000] {processor.py:836} INFO - DAG(s) dict_keys(['latest_only_with_trigger']) retrieved from /home/airflow/.local/lib/python3.7/site-packages/airflow/example_dags/example_latest_only_with_trigger.py
[2023-06-09T06:22:17.755+0000] {logging_mixin.py:149} INFO - [2023-06-09T06:22:17.755+0000] {dag.py:2726} INFO - Sync 1 DAGs
[2023-06-09T06:22:17.829+0000] {logging_mixin.py:149} INFO - [2023-06-09T06:22:17.829+0000] {dag.py:3490} INFO - Setting next_dagrun for latest_only_with_trigger to 2023-06-09T02:22:17.828826+00:00, run_after=2023-06-09T06:22:17.828826+00:00
[2023-06-09T06:22:17.874+0000] {processor.py:179} INFO - Processing /home/airflow/.local/lib/python3.7/site-packages/airflow/example_dags/example_latest_only_with_trigger.py took 0.198 seconds
[2023-06-09T06:22:48.395+0000] {processor.py:157} INFO - Started process (PID=2733) to work on /home/airflow/.local/lib/python3.7/site-packages/airflow/example_dags/example_latest_only_with_trigger.py
[2023-06-09T06:22:48.396+0000] {processor.py:826} INFO - Processing file /home/airflow/.local/lib/python3.7/site-packages/airflow/example_dags/example_latest_only_with_trigger.py for tasks to queue
[2023-06-09T06:22:48.397+0000] {logging_mixin.py:149} INFO - [2023-06-09T06:22:48.397+0000] {dagbag.py:541} INFO - Filling up the DagBag from /home/airflow/.local/lib/python3.7/site-packages/airflow/example_dags/example_latest_only_with_trigger.py
[2023-06-09T06:22:48.404+0000] {processor.py:836} INFO - DAG(s) dict_keys(['latest_only_with_trigger']) retrieved from /home/airflow/.local/lib/python3.7/site-packages/airflow/example_dags/example_latest_only_with_trigger.py
[2023-06-09T06:22:48.433+0000] {logging_mixin.py:149} INFO - [2023-06-09T06:22:48.433+0000] {dag.py:2726} INFO - Sync 1 DAGs
[2023-06-09T06:22:48.466+0000] {logging_mixin.py:149} INFO - [2023-06-09T06:22:48.466+0000] {dag.py:3490} INFO - Setting next_dagrun for latest_only_with_trigger to 2023-06-09T02:22:48.466020+00:00, run_after=2023-06-09T06:22:48.466020+00:00
[2023-06-09T06:22:48.488+0000] {processor.py:179} INFO - Processing /home/airflow/.local/lib/python3.7/site-packages/airflow/example_dags/example_latest_only_with_trigger.py took 0.097 seconds
[2023-06-09T06:23:18.607+0000] {processor.py:157} INFO - Started process (PID=2787) to work on /home/airflow/.local/lib/python3.7/site-packages/airflow/example_dags/example_latest_only_with_trigger.py
[2023-06-09T06:23:18.608+0000] {processor.py:826} INFO - Processing file /home/airflow/.local/lib/python3.7/site-packages/airflow/example_dags/example_latest_only_with_trigger.py for tasks to queue
[2023-06-09T06:23:18.609+0000] {logging_mixin.py:149} INFO - [2023-06-09T06:23:18.609+0000] {dagbag.py:541} INFO - Filling up the DagBag from /home/airflow/.local/lib/python3.7/site-packages/airflow/example_dags/example_latest_only_with_trigger.py
[2023-06-09T06:23:18.618+0000] {processor.py:836} INFO - DAG(s) dict_keys(['latest_only_with_trigger']) retrieved from /home/airflow/.local/lib/python3.7/site-packages/airflow/example_dags/example_latest_only_with_trigger.py
[2023-06-09T06:23:18.649+0000] {logging_mixin.py:149} INFO - [2023-06-09T06:23:18.649+0000] {dag.py:2726} INFO - Sync 1 DAGs
[2023-06-09T06:23:18.684+0000] {logging_mixin.py:149} INFO - [2023-06-09T06:23:18.683+0000] {dag.py:3490} INFO - Setting next_dagrun for latest_only_with_trigger to 2023-06-09T02:23:18.683679+00:00, run_after=2023-06-09T06:23:18.683679+00:00
[2023-06-09T06:23:18.707+0000] {processor.py:179} INFO - Processing /home/airflow/.local/lib/python3.7/site-packages/airflow/example_dags/example_latest_only_with_trigger.py took 0.104 seconds
[2023-06-09T06:23:49.212+0000] {processor.py:157} INFO - Started process (PID=2840) to work on /home/airflow/.local/lib/python3.7/site-packages/airflow/example_dags/example_latest_only_with_trigger.py
[2023-06-09T06:23:49.214+0000] {processor.py:826} INFO - Processing file /home/airflow/.local/lib/python3.7/site-packages/airflow/example_dags/example_latest_only_with_trigger.py for tasks to queue
[2023-06-09T06:23:49.214+0000] {logging_mixin.py:149} INFO - [2023-06-09T06:23:49.214+0000] {dagbag.py:541} INFO - Filling up the DagBag from /home/airflow/.local/lib/python3.7/site-packages/airflow/example_dags/example_latest_only_with_trigger.py
[2023-06-09T06:23:49.222+0000] {processor.py:836} INFO - DAG(s) dict_keys(['latest_only_with_trigger']) retrieved from /home/airflow/.local/lib/python3.7/site-packages/airflow/example_dags/example_latest_only_with_trigger.py
[2023-06-09T06:23:49.252+0000] {logging_mixin.py:149} INFO - [2023-06-09T06:23:49.252+0000] {dag.py:2726} INFO - Sync 1 DAGs
[2023-06-09T06:23:49.285+0000] {logging_mixin.py:149} INFO - [2023-06-09T06:23:49.285+0000] {dag.py:3490} INFO - Setting next_dagrun for latest_only_with_trigger to 2023-06-09T02:23:49.284978+00:00, run_after=2023-06-09T06:23:49.284978+00:00
[2023-06-09T06:23:49.307+0000] {processor.py:179} INFO - Processing /home/airflow/.local/lib/python3.7/site-packages/airflow/example_dags/example_latest_only_with_trigger.py took 0.099 seconds
[2023-06-09T06:24:19.654+0000] {processor.py:157} INFO - Started process (PID=2894) to work on /home/airflow/.local/lib/python3.7/site-packages/airflow/example_dags/example_latest_only_with_trigger.py
[2023-06-09T06:24:19.654+0000] {processor.py:826} INFO - Processing file /home/airflow/.local/lib/python3.7/site-packages/airflow/example_dags/example_latest_only_with_trigger.py for tasks to queue
[2023-06-09T06:24:19.655+0000] {logging_mixin.py:149} INFO - [2023-06-09T06:24:19.655+0000] {dagbag.py:541} INFO - Filling up the DagBag from /home/airflow/.local/lib/python3.7/site-packages/airflow/example_dags/example_latest_only_with_trigger.py
[2023-06-09T06:24:19.662+0000] {processor.py:836} INFO - DAG(s) dict_keys(['latest_only_with_trigger']) retrieved from /home/airflow/.local/lib/python3.7/site-packages/airflow/example_dags/example_latest_only_with_trigger.py
[2023-06-09T06:24:19.693+0000] {logging_mixin.py:149} INFO - [2023-06-09T06:24:19.692+0000] {dag.py:2726} INFO - Sync 1 DAGs
[2023-06-09T06:24:19.726+0000] {logging_mixin.py:149} INFO - [2023-06-09T06:24:19.725+0000] {dag.py:3490} INFO - Setting next_dagrun for latest_only_with_trigger to 2023-06-09T02:24:19.725692+00:00, run_after=2023-06-09T06:24:19.725692+00:00
[2023-06-09T06:24:19.750+0000] {processor.py:179} INFO - Processing /home/airflow/.local/lib/python3.7/site-packages/airflow/example_dags/example_latest_only_with_trigger.py took 0.100 seconds
[2023-06-09T06:24:50.592+0000] {processor.py:157} INFO - Started process (PID=2948) to work on /home/airflow/.local/lib/python3.7/site-packages/airflow/example_dags/example_latest_only_with_trigger.py
[2023-06-09T06:24:50.593+0000] {processor.py:826} INFO - Processing file /home/airflow/.local/lib/python3.7/site-packages/airflow/example_dags/example_latest_only_with_trigger.py for tasks to queue
[2023-06-09T06:24:50.594+0000] {logging_mixin.py:149} INFO - [2023-06-09T06:24:50.594+0000] {dagbag.py:541} INFO - Filling up the DagBag from /home/airflow/.local/lib/python3.7/site-packages/airflow/example_dags/example_latest_only_with_trigger.py
[2023-06-09T06:24:50.608+0000] {processor.py:836} INFO - DAG(s) dict_keys(['latest_only_with_trigger']) retrieved from /home/airflow/.local/lib/python3.7/site-packages/airflow/example_dags/example_latest_only_with_trigger.py
[2023-06-09T06:24:50.638+0000] {logging_mixin.py:149} INFO - [2023-06-09T06:24:50.638+0000] {dag.py:2726} INFO - Sync 1 DAGs
[2023-06-09T06:24:50.672+0000] {logging_mixin.py:149} INFO - [2023-06-09T06:24:50.671+0000] {dag.py:3490} INFO - Setting next_dagrun for latest_only_with_trigger to 2023-06-09T02:24:50.671582+00:00, run_after=2023-06-09T06:24:50.671582+00:00
[2023-06-09T06:24:50.701+0000] {processor.py:179} INFO - Processing /home/airflow/.local/lib/python3.7/site-packages/airflow/example_dags/example_latest_only_with_trigger.py took 0.113 seconds
[2023-06-09T06:25:21.400+0000] {processor.py:157} INFO - Started process (PID=3002) to work on /home/airflow/.local/lib/python3.7/site-packages/airflow/example_dags/example_latest_only_with_trigger.py
[2023-06-09T06:25:21.401+0000] {processor.py:826} INFO - Processing file /home/airflow/.local/lib/python3.7/site-packages/airflow/example_dags/example_latest_only_with_trigger.py for tasks to queue
[2023-06-09T06:25:21.402+0000] {logging_mixin.py:149} INFO - [2023-06-09T06:25:21.402+0000] {dagbag.py:541} INFO - Filling up the DagBag from /home/airflow/.local/lib/python3.7/site-packages/airflow/example_dags/example_latest_only_with_trigger.py
[2023-06-09T06:25:21.415+0000] {processor.py:836} INFO - DAG(s) dict_keys(['latest_only_with_trigger']) retrieved from /home/airflow/.local/lib/python3.7/site-packages/airflow/example_dags/example_latest_only_with_trigger.py
[2023-06-09T06:25:21.453+0000] {logging_mixin.py:149} INFO - [2023-06-09T06:25:21.452+0000] {dag.py:2726} INFO - Sync 1 DAGs
[2023-06-09T06:25:21.490+0000] {logging_mixin.py:149} INFO - [2023-06-09T06:25:21.490+0000] {dag.py:3490} INFO - Setting next_dagrun for latest_only_with_trigger to 2023-06-09T02:25:21.490233+00:00, run_after=2023-06-09T06:25:21.490233+00:00
[2023-06-09T06:25:21.514+0000] {processor.py:179} INFO - Processing /home/airflow/.local/lib/python3.7/site-packages/airflow/example_dags/example_latest_only_with_trigger.py took 0.118 seconds
[2023-06-09T06:25:51.656+0000] {processor.py:157} INFO - Started process (PID=3057) to work on /home/airflow/.local/lib/python3.7/site-packages/airflow/example_dags/example_latest_only_with_trigger.py
[2023-06-09T06:25:51.657+0000] {processor.py:826} INFO - Processing file /home/airflow/.local/lib/python3.7/site-packages/airflow/example_dags/example_latest_only_with_trigger.py for tasks to queue
[2023-06-09T06:25:51.658+0000] {logging_mixin.py:149} INFO - [2023-06-09T06:25:51.658+0000] {dagbag.py:541} INFO - Filling up the DagBag from /home/airflow/.local/lib/python3.7/site-packages/airflow/example_dags/example_latest_only_with_trigger.py
[2023-06-09T06:25:51.668+0000] {processor.py:836} INFO - DAG(s) dict_keys(['latest_only_with_trigger']) retrieved from /home/airflow/.local/lib/python3.7/site-packages/airflow/example_dags/example_latest_only_with_trigger.py
[2023-06-09T06:25:51.705+0000] {logging_mixin.py:149} INFO - [2023-06-09T06:25:51.705+0000] {dag.py:2726} INFO - Sync 1 DAGs
[2023-06-09T06:25:51.741+0000] {logging_mixin.py:149} INFO - [2023-06-09T06:25:51.741+0000] {dag.py:3490} INFO - Setting next_dagrun for latest_only_with_trigger to 2023-06-09T02:25:51.741268+00:00, run_after=2023-06-09T06:25:51.741268+00:00
[2023-06-09T06:25:51.764+0000] {processor.py:179} INFO - Processing /home/airflow/.local/lib/python3.7/site-packages/airflow/example_dags/example_latest_only_with_trigger.py took 0.116 seconds
[2023-06-09T06:26:22.092+0000] {processor.py:157} INFO - Started process (PID=3110) to work on /home/airflow/.local/lib/python3.7/site-packages/airflow/example_dags/example_latest_only_with_trigger.py
[2023-06-09T06:26:22.093+0000] {processor.py:826} INFO - Processing file /home/airflow/.local/lib/python3.7/site-packages/airflow/example_dags/example_latest_only_with_trigger.py for tasks to queue
[2023-06-09T06:26:22.094+0000] {logging_mixin.py:149} INFO - [2023-06-09T06:26:22.094+0000] {dagbag.py:541} INFO - Filling up the DagBag from /home/airflow/.local/lib/python3.7/site-packages/airflow/example_dags/example_latest_only_with_trigger.py
[2023-06-09T06:26:22.107+0000] {processor.py:836} INFO - DAG(s) dict_keys(['latest_only_with_trigger']) retrieved from /home/airflow/.local/lib/python3.7/site-packages/airflow/example_dags/example_latest_only_with_trigger.py
[2023-06-09T06:26:22.176+0000] {logging_mixin.py:149} INFO - [2023-06-09T06:26:22.176+0000] {dag.py:2726} INFO - Sync 1 DAGs
[2023-06-09T06:26:22.237+0000] {logging_mixin.py:149} INFO - [2023-06-09T06:26:22.236+0000] {dag.py:3490} INFO - Setting next_dagrun for latest_only_with_trigger to 2023-06-09T02:26:22.236603+00:00, run_after=2023-06-09T06:26:22.236603+00:00
[2023-06-09T06:26:22.294+0000] {processor.py:179} INFO - Processing /home/airflow/.local/lib/python3.7/site-packages/airflow/example_dags/example_latest_only_with_trigger.py took 0.214 seconds
[2023-06-09T06:26:53.216+0000] {processor.py:157} INFO - Started process (PID=3164) to work on /home/airflow/.local/lib/python3.7/site-packages/airflow/example_dags/example_latest_only_with_trigger.py
[2023-06-09T06:26:53.217+0000] {processor.py:826} INFO - Processing file /home/airflow/.local/lib/python3.7/site-packages/airflow/example_dags/example_latest_only_with_trigger.py for tasks to queue
[2023-06-09T06:26:53.217+0000] {logging_mixin.py:149} INFO - [2023-06-09T06:26:53.217+0000] {dagbag.py:541} INFO - Filling up the DagBag from /home/airflow/.local/lib/python3.7/site-packages/airflow/example_dags/example_latest_only_with_trigger.py
[2023-06-09T06:26:53.225+0000] {processor.py:836} INFO - DAG(s) dict_keys(['latest_only_with_trigger']) retrieved from /home/airflow/.local/lib/python3.7/site-packages/airflow/example_dags/example_latest_only_with_trigger.py
[2023-06-09T06:26:53.254+0000] {logging_mixin.py:149} INFO - [2023-06-09T06:26:53.254+0000] {dag.py:2726} INFO - Sync 1 DAGs
[2023-06-09T06:26:53.287+0000] {logging_mixin.py:149} INFO - [2023-06-09T06:26:53.286+0000] {dag.py:3490} INFO - Setting next_dagrun for latest_only_with_trigger to 2023-06-09T02:26:53.286691+00:00, run_after=2023-06-09T06:26:53.286691+00:00
[2023-06-09T06:26:53.309+0000] {processor.py:179} INFO - Processing /home/airflow/.local/lib/python3.7/site-packages/airflow/example_dags/example_latest_only_with_trigger.py took 0.097 seconds
[2023-06-09T06:27:23.770+0000] {processor.py:157} INFO - Started process (PID=3218) to work on /home/airflow/.local/lib/python3.7/site-packages/airflow/example_dags/example_latest_only_with_trigger.py
[2023-06-09T06:27:23.772+0000] {processor.py:826} INFO - Processing file /home/airflow/.local/lib/python3.7/site-packages/airflow/example_dags/example_latest_only_with_trigger.py for tasks to queue
[2023-06-09T06:27:23.773+0000] {logging_mixin.py:149} INFO - [2023-06-09T06:27:23.773+0000] {dagbag.py:541} INFO - Filling up the DagBag from /home/airflow/.local/lib/python3.7/site-packages/airflow/example_dags/example_latest_only_with_trigger.py
[2023-06-09T06:27:23.780+0000] {processor.py:836} INFO - DAG(s) dict_keys(['latest_only_with_trigger']) retrieved from /home/airflow/.local/lib/python3.7/site-packages/airflow/example_dags/example_latest_only_with_trigger.py
[2023-06-09T06:27:23.811+0000] {logging_mixin.py:149} INFO - [2023-06-09T06:27:23.811+0000] {dag.py:2726} INFO - Sync 1 DAGs
[2023-06-09T06:27:23.845+0000] {logging_mixin.py:149} INFO - [2023-06-09T06:27:23.845+0000] {dag.py:3490} INFO - Setting next_dagrun for latest_only_with_trigger to 2023-06-09T02:27:23.844850+00:00, run_after=2023-06-09T06:27:23.844850+00:00
[2023-06-09T06:27:23.869+0000] {processor.py:179} INFO - Processing /home/airflow/.local/lib/python3.7/site-packages/airflow/example_dags/example_latest_only_with_trigger.py took 0.103 seconds
[2023-06-09T06:27:54.181+0000] {processor.py:157} INFO - Started process (PID=3271) to work on /home/airflow/.local/lib/python3.7/site-packages/airflow/example_dags/example_latest_only_with_trigger.py
[2023-06-09T06:27:54.181+0000] {processor.py:826} INFO - Processing file /home/airflow/.local/lib/python3.7/site-packages/airflow/example_dags/example_latest_only_with_trigger.py for tasks to queue
[2023-06-09T06:27:54.182+0000] {logging_mixin.py:149} INFO - [2023-06-09T06:27:54.182+0000] {dagbag.py:541} INFO - Filling up the DagBag from /home/airflow/.local/lib/python3.7/site-packages/airflow/example_dags/example_latest_only_with_trigger.py
[2023-06-09T06:27:54.189+0000] {processor.py:836} INFO - DAG(s) dict_keys(['latest_only_with_trigger']) retrieved from /home/airflow/.local/lib/python3.7/site-packages/airflow/example_dags/example_latest_only_with_trigger.py
[2023-06-09T06:27:54.232+0000] {logging_mixin.py:149} INFO - [2023-06-09T06:27:54.231+0000] {dag.py:2726} INFO - Sync 1 DAGs
[2023-06-09T06:27:54.265+0000] {logging_mixin.py:149} INFO - [2023-06-09T06:27:54.265+0000] {dag.py:3490} INFO - Setting next_dagrun for latest_only_with_trigger to 2023-06-09T02:27:54.265045+00:00, run_after=2023-06-09T06:27:54.265045+00:00
[2023-06-09T06:27:54.290+0000] {processor.py:179} INFO - Processing /home/airflow/.local/lib/python3.7/site-packages/airflow/example_dags/example_latest_only_with_trigger.py took 0.113 seconds
[2023-06-09T06:28:24.631+0000] {processor.py:157} INFO - Started process (PID=3325) to work on /home/airflow/.local/lib/python3.7/site-packages/airflow/example_dags/example_latest_only_with_trigger.py
[2023-06-09T06:28:24.632+0000] {processor.py:826} INFO - Processing file /home/airflow/.local/lib/python3.7/site-packages/airflow/example_dags/example_latest_only_with_trigger.py for tasks to queue
[2023-06-09T06:28:24.633+0000] {logging_mixin.py:149} INFO - [2023-06-09T06:28:24.632+0000] {dagbag.py:541} INFO - Filling up the DagBag from /home/airflow/.local/lib/python3.7/site-packages/airflow/example_dags/example_latest_only_with_trigger.py
[2023-06-09T06:28:24.640+0000] {processor.py:836} INFO - DAG(s) dict_keys(['latest_only_with_trigger']) retrieved from /home/airflow/.local/lib/python3.7/site-packages/airflow/example_dags/example_latest_only_with_trigger.py
[2023-06-09T06:28:24.669+0000] {logging_mixin.py:149} INFO - [2023-06-09T06:28:24.668+0000] {dag.py:2726} INFO - Sync 1 DAGs
[2023-06-09T06:28:24.701+0000] {logging_mixin.py:149} INFO - [2023-06-09T06:28:24.701+0000] {dag.py:3490} INFO - Setting next_dagrun for latest_only_with_trigger to 2023-06-09T02:28:24.700756+00:00, run_after=2023-06-09T06:28:24.700756+00:00
[2023-06-09T06:28:24.722+0000] {processor.py:179} INFO - Processing /home/airflow/.local/lib/python3.7/site-packages/airflow/example_dags/example_latest_only_with_trigger.py took 0.096 seconds
[2023-06-09T06:28:55.094+0000] {processor.py:157} INFO - Started process (PID=3379) to work on /home/airflow/.local/lib/python3.7/site-packages/airflow/example_dags/example_latest_only_with_trigger.py
[2023-06-09T06:28:55.095+0000] {processor.py:826} INFO - Processing file /home/airflow/.local/lib/python3.7/site-packages/airflow/example_dags/example_latest_only_with_trigger.py for tasks to queue
[2023-06-09T06:28:55.096+0000] {logging_mixin.py:149} INFO - [2023-06-09T06:28:55.096+0000] {dagbag.py:541} INFO - Filling up the DagBag from /home/airflow/.local/lib/python3.7/site-packages/airflow/example_dags/example_latest_only_with_trigger.py
[2023-06-09T06:28:55.103+0000] {processor.py:836} INFO - DAG(s) dict_keys(['latest_only_with_trigger']) retrieved from /home/airflow/.local/lib/python3.7/site-packages/airflow/example_dags/example_latest_only_with_trigger.py
[2023-06-09T06:28:55.135+0000] {logging_mixin.py:149} INFO - [2023-06-09T06:28:55.134+0000] {dag.py:2726} INFO - Sync 1 DAGs
[2023-06-09T06:28:55.171+0000] {logging_mixin.py:149} INFO - [2023-06-09T06:28:55.170+0000] {dag.py:3490} INFO - Setting next_dagrun for latest_only_with_trigger to 2023-06-09T02:28:55.170509+00:00, run_after=2023-06-09T06:28:55.170509+00:00
[2023-06-09T06:28:55.195+0000] {processor.py:179} INFO - Processing /home/airflow/.local/lib/python3.7/site-packages/airflow/example_dags/example_latest_only_with_trigger.py took 0.105 seconds
[2023-06-09T06:29:25.304+0000] {processor.py:157} INFO - Started process (PID=3433) to work on /home/airflow/.local/lib/python3.7/site-packages/airflow/example_dags/example_latest_only_with_trigger.py
[2023-06-09T06:29:25.306+0000] {processor.py:826} INFO - Processing file /home/airflow/.local/lib/python3.7/site-packages/airflow/example_dags/example_latest_only_with_trigger.py for tasks to queue
[2023-06-09T06:29:25.306+0000] {logging_mixin.py:149} INFO - [2023-06-09T06:29:25.306+0000] {dagbag.py:541} INFO - Filling up the DagBag from /home/airflow/.local/lib/python3.7/site-packages/airflow/example_dags/example_latest_only_with_trigger.py
[2023-06-09T06:29:25.314+0000] {processor.py:836} INFO - DAG(s) dict_keys(['latest_only_with_trigger']) retrieved from /home/airflow/.local/lib/python3.7/site-packages/airflow/example_dags/example_latest_only_with_trigger.py
[2023-06-09T06:29:25.343+0000] {logging_mixin.py:149} INFO - [2023-06-09T06:29:25.343+0000] {dag.py:2726} INFO - Sync 1 DAGs
[2023-06-09T06:29:25.376+0000] {logging_mixin.py:149} INFO - [2023-06-09T06:29:25.376+0000] {dag.py:3490} INFO - Setting next_dagrun for latest_only_with_trigger to 2023-06-09T02:29:25.375893+00:00, run_after=2023-06-09T06:29:25.375893+00:00
[2023-06-09T06:29:25.398+0000] {processor.py:179} INFO - Processing /home/airflow/.local/lib/python3.7/site-packages/airflow/example_dags/example_latest_only_with_trigger.py took 0.097 seconds
[2023-06-09T06:29:55.728+0000] {processor.py:157} INFO - Started process (PID=3486) to work on /home/airflow/.local/lib/python3.7/site-packages/airflow/example_dags/example_latest_only_with_trigger.py
[2023-06-09T06:29:55.729+0000] {processor.py:826} INFO - Processing file /home/airflow/.local/lib/python3.7/site-packages/airflow/example_dags/example_latest_only_with_trigger.py for tasks to queue
[2023-06-09T06:29:55.730+0000] {logging_mixin.py:149} INFO - [2023-06-09T06:29:55.729+0000] {dagbag.py:541} INFO - Filling up the DagBag from /home/airflow/.local/lib/python3.7/site-packages/airflow/example_dags/example_latest_only_with_trigger.py
[2023-06-09T06:29:55.737+0000] {processor.py:836} INFO - DAG(s) dict_keys(['latest_only_with_trigger']) retrieved from /home/airflow/.local/lib/python3.7/site-packages/airflow/example_dags/example_latest_only_with_trigger.py
[2023-06-09T06:29:55.770+0000] {logging_mixin.py:149} INFO - [2023-06-09T06:29:55.769+0000] {dag.py:2726} INFO - Sync 1 DAGs
[2023-06-09T06:29:55.822+0000] {logging_mixin.py:149} INFO - [2023-06-09T06:29:55.822+0000] {dag.py:3490} INFO - Setting next_dagrun for latest_only_with_trigger to 2023-06-09T02:29:55.822335+00:00, run_after=2023-06-09T06:29:55.822335+00:00
[2023-06-09T06:29:55.853+0000] {processor.py:179} INFO - Processing /home/airflow/.local/lib/python3.7/site-packages/airflow/example_dags/example_latest_only_with_trigger.py took 0.128 seconds
[2023-06-09T06:30:26.071+0000] {processor.py:157} INFO - Started process (PID=3540) to work on /home/airflow/.local/lib/python3.7/site-packages/airflow/example_dags/example_latest_only_with_trigger.py
[2023-06-09T06:30:26.072+0000] {processor.py:826} INFO - Processing file /home/airflow/.local/lib/python3.7/site-packages/airflow/example_dags/example_latest_only_with_trigger.py for tasks to queue
[2023-06-09T06:30:26.073+0000] {logging_mixin.py:149} INFO - [2023-06-09T06:30:26.073+0000] {dagbag.py:541} INFO - Filling up the DagBag from /home/airflow/.local/lib/python3.7/site-packages/airflow/example_dags/example_latest_only_with_trigger.py
[2023-06-09T06:30:26.081+0000] {processor.py:836} INFO - DAG(s) dict_keys(['latest_only_with_trigger']) retrieved from /home/airflow/.local/lib/python3.7/site-packages/airflow/example_dags/example_latest_only_with_trigger.py
[2023-06-09T06:30:26.112+0000] {logging_mixin.py:149} INFO - [2023-06-09T06:30:26.112+0000] {dag.py:2726} INFO - Sync 1 DAGs
[2023-06-09T06:30:26.155+0000] {logging_mixin.py:149} INFO - [2023-06-09T06:30:26.155+0000] {dag.py:3490} INFO - Setting next_dagrun for latest_only_with_trigger to 2023-06-09T02:30:26.154943+00:00, run_after=2023-06-09T06:30:26.154943+00:00
[2023-06-09T06:30:26.178+0000] {processor.py:179} INFO - Processing /home/airflow/.local/lib/python3.7/site-packages/airflow/example_dags/example_latest_only_with_trigger.py took 0.111 seconds
