[2023-06-09T05:57:30.265+0000] {processor.py:157} INFO - Started process (PID=59) to work on /home/airflow/.local/lib/python3.7/site-packages/airflow/example_dags/example_nested_branch_dag.py
[2023-06-09T05:57:30.267+0000] {processor.py:826} INFO - Processing file /home/airflow/.local/lib/python3.7/site-packages/airflow/example_dags/example_nested_branch_dag.py for tasks to queue
[2023-06-09T05:57:30.268+0000] {logging_mixin.py:149} INFO - [2023-06-09T05:57:30.268+0000] {dagbag.py:541} INFO - Filling up the DagBag from /home/airflow/.local/lib/python3.7/site-packages/airflow/example_dags/example_nested_branch_dag.py
[2023-06-09T05:57:30.311+0000] {processor.py:836} INFO - DAG(s) dict_keys(['example_nested_branch_dag']) retrieved from /home/airflow/.local/lib/python3.7/site-packages/airflow/example_dags/example_nested_branch_dag.py
[2023-06-09T05:57:30.454+0000] {logging_mixin.py:149} INFO - [2023-06-09T05:57:30.454+0000] {dag.py:2726} INFO - Sync 1 DAGs
[2023-06-09T05:57:30.643+0000] {logging_mixin.py:149} INFO - [2023-06-09T05:57:30.643+0000] {dag.py:3490} INFO - Setting next_dagrun for example_nested_branch_dag to 2023-06-08T00:00:00+00:00, run_after=2023-06-09T00:00:00+00:00
[2023-06-09T05:57:30.713+0000] {processor.py:179} INFO - Processing /home/airflow/.local/lib/python3.7/site-packages/airflow/example_dags/example_nested_branch_dag.py took 0.456 seconds
[2023-06-09T05:58:00.937+0000] {processor.py:157} INFO - Started process (PID=113) to work on /home/airflow/.local/lib/python3.7/site-packages/airflow/example_dags/example_nested_branch_dag.py
[2023-06-09T05:58:00.938+0000] {processor.py:826} INFO - Processing file /home/airflow/.local/lib/python3.7/site-packages/airflow/example_dags/example_nested_branch_dag.py for tasks to queue
[2023-06-09T05:58:00.939+0000] {logging_mixin.py:149} INFO - [2023-06-09T05:58:00.939+0000] {dagbag.py:541} INFO - Filling up the DagBag from /home/airflow/.local/lib/python3.7/site-packages/airflow/example_dags/example_nested_branch_dag.py
[2023-06-09T05:58:00.952+0000] {processor.py:836} INFO - DAG(s) dict_keys(['example_nested_branch_dag']) retrieved from /home/airflow/.local/lib/python3.7/site-packages/airflow/example_dags/example_nested_branch_dag.py
[2023-06-09T05:58:00.993+0000] {logging_mixin.py:149} INFO - [2023-06-09T05:58:00.993+0000] {dag.py:2726} INFO - Sync 1 DAGs
[2023-06-09T05:58:01.031+0000] {logging_mixin.py:149} INFO - [2023-06-09T05:58:01.031+0000] {dag.py:3490} INFO - Setting next_dagrun for example_nested_branch_dag to 2023-06-08T00:00:00+00:00, run_after=2023-06-09T00:00:00+00:00
[2023-06-09T05:58:01.055+0000] {processor.py:179} INFO - Processing /home/airflow/.local/lib/python3.7/site-packages/airflow/example_dags/example_nested_branch_dag.py took 0.122 seconds
[2023-06-09T05:58:31.808+0000] {processor.py:157} INFO - Started process (PID=167) to work on /home/airflow/.local/lib/python3.7/site-packages/airflow/example_dags/example_nested_branch_dag.py
[2023-06-09T05:58:31.810+0000] {processor.py:826} INFO - Processing file /home/airflow/.local/lib/python3.7/site-packages/airflow/example_dags/example_nested_branch_dag.py for tasks to queue
[2023-06-09T05:58:31.811+0000] {logging_mixin.py:149} INFO - [2023-06-09T05:58:31.810+0000] {dagbag.py:541} INFO - Filling up the DagBag from /home/airflow/.local/lib/python3.7/site-packages/airflow/example_dags/example_nested_branch_dag.py
[2023-06-09T05:58:31.824+0000] {processor.py:836} INFO - DAG(s) dict_keys(['example_nested_branch_dag']) retrieved from /home/airflow/.local/lib/python3.7/site-packages/airflow/example_dags/example_nested_branch_dag.py
[2023-06-09T05:58:31.857+0000] {logging_mixin.py:149} INFO - [2023-06-09T05:58:31.856+0000] {dag.py:2726} INFO - Sync 1 DAGs
[2023-06-09T05:58:31.892+0000] {logging_mixin.py:149} INFO - [2023-06-09T05:58:31.892+0000] {dag.py:3490} INFO - Setting next_dagrun for example_nested_branch_dag to 2023-06-08T00:00:00+00:00, run_after=2023-06-09T00:00:00+00:00
[2023-06-09T05:58:31.915+0000] {processor.py:179} INFO - Processing /home/airflow/.local/lib/python3.7/site-packages/airflow/example_dags/example_nested_branch_dag.py took 0.111 seconds
[2023-06-09T05:59:02.664+0000] {processor.py:157} INFO - Started process (PID=221) to work on /home/airflow/.local/lib/python3.7/site-packages/airflow/example_dags/example_nested_branch_dag.py
[2023-06-09T05:59:02.670+0000] {processor.py:826} INFO - Processing file /home/airflow/.local/lib/python3.7/site-packages/airflow/example_dags/example_nested_branch_dag.py for tasks to queue
[2023-06-09T05:59:02.670+0000] {logging_mixin.py:149} INFO - [2023-06-09T05:59:02.670+0000] {dagbag.py:541} INFO - Filling up the DagBag from /home/airflow/.local/lib/python3.7/site-packages/airflow/example_dags/example_nested_branch_dag.py
[2023-06-09T05:59:02.697+0000] {processor.py:836} INFO - DAG(s) dict_keys(['example_nested_branch_dag']) retrieved from /home/airflow/.local/lib/python3.7/site-packages/airflow/example_dags/example_nested_branch_dag.py
[2023-06-09T05:59:02.731+0000] {logging_mixin.py:149} INFO - [2023-06-09T05:59:02.731+0000] {dag.py:2726} INFO - Sync 1 DAGs
[2023-06-09T05:59:02.771+0000] {logging_mixin.py:149} INFO - [2023-06-09T05:59:02.771+0000] {dag.py:3490} INFO - Setting next_dagrun for example_nested_branch_dag to 2023-06-08T00:00:00+00:00, run_after=2023-06-09T00:00:00+00:00
[2023-06-09T05:59:02.794+0000] {processor.py:179} INFO - Processing /home/airflow/.local/lib/python3.7/site-packages/airflow/example_dags/example_nested_branch_dag.py took 0.136 seconds
[2023-06-09T05:59:33.013+0000] {processor.py:157} INFO - Started process (PID=274) to work on /home/airflow/.local/lib/python3.7/site-packages/airflow/example_dags/example_nested_branch_dag.py
[2023-06-09T05:59:33.014+0000] {processor.py:826} INFO - Processing file /home/airflow/.local/lib/python3.7/site-packages/airflow/example_dags/example_nested_branch_dag.py for tasks to queue
[2023-06-09T05:59:33.015+0000] {logging_mixin.py:149} INFO - [2023-06-09T05:59:33.015+0000] {dagbag.py:541} INFO - Filling up the DagBag from /home/airflow/.local/lib/python3.7/site-packages/airflow/example_dags/example_nested_branch_dag.py
[2023-06-09T05:59:33.028+0000] {processor.py:836} INFO - DAG(s) dict_keys(['example_nested_branch_dag']) retrieved from /home/airflow/.local/lib/python3.7/site-packages/airflow/example_dags/example_nested_branch_dag.py
[2023-06-09T05:59:33.073+0000] {logging_mixin.py:149} INFO - [2023-06-09T05:59:33.072+0000] {dag.py:2726} INFO - Sync 1 DAGs
[2023-06-09T05:59:33.110+0000] {logging_mixin.py:149} INFO - [2023-06-09T05:59:33.109+0000] {dag.py:3490} INFO - Setting next_dagrun for example_nested_branch_dag to 2023-06-08T00:00:00+00:00, run_after=2023-06-09T00:00:00+00:00
[2023-06-09T05:59:33.134+0000] {processor.py:179} INFO - Processing /home/airflow/.local/lib/python3.7/site-packages/airflow/example_dags/example_nested_branch_dag.py took 0.124 seconds
[2023-06-09T06:00:03.361+0000] {processor.py:157} INFO - Started process (PID=328) to work on /home/airflow/.local/lib/python3.7/site-packages/airflow/example_dags/example_nested_branch_dag.py
[2023-06-09T06:00:03.363+0000] {processor.py:826} INFO - Processing file /home/airflow/.local/lib/python3.7/site-packages/airflow/example_dags/example_nested_branch_dag.py for tasks to queue
[2023-06-09T06:00:03.363+0000] {logging_mixin.py:149} INFO - [2023-06-09T06:00:03.363+0000] {dagbag.py:541} INFO - Filling up the DagBag from /home/airflow/.local/lib/python3.7/site-packages/airflow/example_dags/example_nested_branch_dag.py
[2023-06-09T06:00:03.376+0000] {processor.py:836} INFO - DAG(s) dict_keys(['example_nested_branch_dag']) retrieved from /home/airflow/.local/lib/python3.7/site-packages/airflow/example_dags/example_nested_branch_dag.py
[2023-06-09T06:00:03.410+0000] {logging_mixin.py:149} INFO - [2023-06-09T06:00:03.410+0000] {dag.py:2726} INFO - Sync 1 DAGs
[2023-06-09T06:00:03.446+0000] {logging_mixin.py:149} INFO - [2023-06-09T06:00:03.445+0000] {dag.py:3490} INFO - Setting next_dagrun for example_nested_branch_dag to 2023-06-08T00:00:00+00:00, run_after=2023-06-09T00:00:00+00:00
[2023-06-09T06:00:03.471+0000] {processor.py:179} INFO - Processing /home/airflow/.local/lib/python3.7/site-packages/airflow/example_dags/example_nested_branch_dag.py took 0.114 seconds
[2023-06-09T06:00:33.571+0000] {processor.py:157} INFO - Started process (PID=383) to work on /home/airflow/.local/lib/python3.7/site-packages/airflow/example_dags/example_nested_branch_dag.py
[2023-06-09T06:00:33.572+0000] {processor.py:826} INFO - Processing file /home/airflow/.local/lib/python3.7/site-packages/airflow/example_dags/example_nested_branch_dag.py for tasks to queue
[2023-06-09T06:00:33.573+0000] {logging_mixin.py:149} INFO - [2023-06-09T06:00:33.572+0000] {dagbag.py:541} INFO - Filling up the DagBag from /home/airflow/.local/lib/python3.7/site-packages/airflow/example_dags/example_nested_branch_dag.py
[2023-06-09T06:00:33.585+0000] {processor.py:836} INFO - DAG(s) dict_keys(['example_nested_branch_dag']) retrieved from /home/airflow/.local/lib/python3.7/site-packages/airflow/example_dags/example_nested_branch_dag.py
[2023-06-09T06:00:33.622+0000] {logging_mixin.py:149} INFO - [2023-06-09T06:00:33.622+0000] {dag.py:2726} INFO - Sync 1 DAGs
[2023-06-09T06:00:33.679+0000] {logging_mixin.py:149} INFO - [2023-06-09T06:00:33.678+0000] {dag.py:3490} INFO - Setting next_dagrun for example_nested_branch_dag to 2023-06-08T00:00:00+00:00, run_after=2023-06-09T00:00:00+00:00
[2023-06-09T06:00:33.702+0000] {processor.py:179} INFO - Processing /home/airflow/.local/lib/python3.7/site-packages/airflow/example_dags/example_nested_branch_dag.py took 0.135 seconds
[2023-06-09T06:01:03.905+0000] {processor.py:157} INFO - Started process (PID=437) to work on /home/airflow/.local/lib/python3.7/site-packages/airflow/example_dags/example_nested_branch_dag.py
[2023-06-09T06:01:03.908+0000] {processor.py:826} INFO - Processing file /home/airflow/.local/lib/python3.7/site-packages/airflow/example_dags/example_nested_branch_dag.py for tasks to queue
[2023-06-09T06:01:03.909+0000] {logging_mixin.py:149} INFO - [2023-06-09T06:01:03.908+0000] {dagbag.py:541} INFO - Filling up the DagBag from /home/airflow/.local/lib/python3.7/site-packages/airflow/example_dags/example_nested_branch_dag.py
[2023-06-09T06:01:03.921+0000] {processor.py:836} INFO - DAG(s) dict_keys(['example_nested_branch_dag']) retrieved from /home/airflow/.local/lib/python3.7/site-packages/airflow/example_dags/example_nested_branch_dag.py
[2023-06-09T06:01:03.968+0000] {logging_mixin.py:149} INFO - [2023-06-09T06:01:03.968+0000] {dag.py:2726} INFO - Sync 1 DAGs
[2023-06-09T06:01:04.038+0000] {logging_mixin.py:149} INFO - [2023-06-09T06:01:04.038+0000] {dag.py:3490} INFO - Setting next_dagrun for example_nested_branch_dag to 2023-06-08T00:00:00+00:00, run_after=2023-06-09T00:00:00+00:00
[2023-06-09T06:01:04.069+0000] {processor.py:179} INFO - Processing /home/airflow/.local/lib/python3.7/site-packages/airflow/example_dags/example_nested_branch_dag.py took 0.168 seconds
[2023-06-09T06:01:34.686+0000] {processor.py:157} INFO - Started process (PID=491) to work on /home/airflow/.local/lib/python3.7/site-packages/airflow/example_dags/example_nested_branch_dag.py
[2023-06-09T06:01:34.688+0000] {processor.py:826} INFO - Processing file /home/airflow/.local/lib/python3.7/site-packages/airflow/example_dags/example_nested_branch_dag.py for tasks to queue
[2023-06-09T06:01:34.688+0000] {logging_mixin.py:149} INFO - [2023-06-09T06:01:34.688+0000] {dagbag.py:541} INFO - Filling up the DagBag from /home/airflow/.local/lib/python3.7/site-packages/airflow/example_dags/example_nested_branch_dag.py
[2023-06-09T06:01:34.702+0000] {processor.py:836} INFO - DAG(s) dict_keys(['example_nested_branch_dag']) retrieved from /home/airflow/.local/lib/python3.7/site-packages/airflow/example_dags/example_nested_branch_dag.py
[2023-06-09T06:01:34.736+0000] {logging_mixin.py:149} INFO - [2023-06-09T06:01:34.736+0000] {dag.py:2726} INFO - Sync 1 DAGs
[2023-06-09T06:01:34.772+0000] {logging_mixin.py:149} INFO - [2023-06-09T06:01:34.772+0000] {dag.py:3490} INFO - Setting next_dagrun for example_nested_branch_dag to 2023-06-08T00:00:00+00:00, run_after=2023-06-09T00:00:00+00:00
[2023-06-09T06:01:34.794+0000] {processor.py:179} INFO - Processing /home/airflow/.local/lib/python3.7/site-packages/airflow/example_dags/example_nested_branch_dag.py took 0.111 seconds
[2023-06-09T06:02:05.420+0000] {processor.py:157} INFO - Started process (PID=546) to work on /home/airflow/.local/lib/python3.7/site-packages/airflow/example_dags/example_nested_branch_dag.py
[2023-06-09T06:02:05.421+0000] {processor.py:826} INFO - Processing file /home/airflow/.local/lib/python3.7/site-packages/airflow/example_dags/example_nested_branch_dag.py for tasks to queue
[2023-06-09T06:02:05.422+0000] {logging_mixin.py:149} INFO - [2023-06-09T06:02:05.422+0000] {dagbag.py:541} INFO - Filling up the DagBag from /home/airflow/.local/lib/python3.7/site-packages/airflow/example_dags/example_nested_branch_dag.py
[2023-06-09T06:02:05.438+0000] {processor.py:836} INFO - DAG(s) dict_keys(['example_nested_branch_dag']) retrieved from /home/airflow/.local/lib/python3.7/site-packages/airflow/example_dags/example_nested_branch_dag.py
[2023-06-09T06:02:05.470+0000] {logging_mixin.py:149} INFO - [2023-06-09T06:02:05.470+0000] {dag.py:2726} INFO - Sync 1 DAGs
[2023-06-09T06:02:05.505+0000] {logging_mixin.py:149} INFO - [2023-06-09T06:02:05.505+0000] {dag.py:3490} INFO - Setting next_dagrun for example_nested_branch_dag to 2023-06-08T00:00:00+00:00, run_after=2023-06-09T00:00:00+00:00
[2023-06-09T06:02:05.527+0000] {processor.py:179} INFO - Processing /home/airflow/.local/lib/python3.7/site-packages/airflow/example_dags/example_nested_branch_dag.py took 0.111 seconds
[2023-06-09T06:02:35.967+0000] {processor.py:157} INFO - Started process (PID=601) to work on /home/airflow/.local/lib/python3.7/site-packages/airflow/example_dags/example_nested_branch_dag.py
[2023-06-09T06:02:35.969+0000] {processor.py:826} INFO - Processing file /home/airflow/.local/lib/python3.7/site-packages/airflow/example_dags/example_nested_branch_dag.py for tasks to queue
[2023-06-09T06:02:35.969+0000] {logging_mixin.py:149} INFO - [2023-06-09T06:02:35.969+0000] {dagbag.py:541} INFO - Filling up the DagBag from /home/airflow/.local/lib/python3.7/site-packages/airflow/example_dags/example_nested_branch_dag.py
[2023-06-09T06:02:35.982+0000] {processor.py:836} INFO - DAG(s) dict_keys(['example_nested_branch_dag']) retrieved from /home/airflow/.local/lib/python3.7/site-packages/airflow/example_dags/example_nested_branch_dag.py
[2023-06-09T06:02:36.017+0000] {logging_mixin.py:149} INFO - [2023-06-09T06:02:36.017+0000] {dag.py:2726} INFO - Sync 1 DAGs
[2023-06-09T06:02:36.055+0000] {logging_mixin.py:149} INFO - [2023-06-09T06:02:36.055+0000] {dag.py:3490} INFO - Setting next_dagrun for example_nested_branch_dag to 2023-06-08T00:00:00+00:00, run_after=2023-06-09T00:00:00+00:00
[2023-06-09T06:02:36.081+0000] {processor.py:179} INFO - Processing /home/airflow/.local/lib/python3.7/site-packages/airflow/example_dags/example_nested_branch_dag.py took 0.117 seconds
[2023-06-09T06:03:06.593+0000] {processor.py:157} INFO - Started process (PID=654) to work on /home/airflow/.local/lib/python3.7/site-packages/airflow/example_dags/example_nested_branch_dag.py
[2023-06-09T06:03:06.601+0000] {processor.py:826} INFO - Processing file /home/airflow/.local/lib/python3.7/site-packages/airflow/example_dags/example_nested_branch_dag.py for tasks to queue
[2023-06-09T06:03:06.602+0000] {logging_mixin.py:149} INFO - [2023-06-09T06:03:06.602+0000] {dagbag.py:541} INFO - Filling up the DagBag from /home/airflow/.local/lib/python3.7/site-packages/airflow/example_dags/example_nested_branch_dag.py
[2023-06-09T06:03:06.625+0000] {processor.py:836} INFO - DAG(s) dict_keys(['example_nested_branch_dag']) retrieved from /home/airflow/.local/lib/python3.7/site-packages/airflow/example_dags/example_nested_branch_dag.py
[2023-06-09T06:03:06.687+0000] {logging_mixin.py:149} INFO - [2023-06-09T06:03:06.687+0000] {dag.py:2726} INFO - Sync 1 DAGs
[2023-06-09T06:03:06.757+0000] {logging_mixin.py:149} INFO - [2023-06-09T06:03:06.756+0000] {dag.py:3490} INFO - Setting next_dagrun for example_nested_branch_dag to 2023-06-08T00:00:00+00:00, run_after=2023-06-09T00:00:00+00:00
[2023-06-09T06:03:06.789+0000] {processor.py:179} INFO - Processing /home/airflow/.local/lib/python3.7/site-packages/airflow/example_dags/example_nested_branch_dag.py took 0.200 seconds
[2023-06-09T06:03:37.137+0000] {processor.py:157} INFO - Started process (PID=708) to work on /home/airflow/.local/lib/python3.7/site-packages/airflow/example_dags/example_nested_branch_dag.py
[2023-06-09T06:03:37.140+0000] {processor.py:826} INFO - Processing file /home/airflow/.local/lib/python3.7/site-packages/airflow/example_dags/example_nested_branch_dag.py for tasks to queue
[2023-06-09T06:03:37.141+0000] {logging_mixin.py:149} INFO - [2023-06-09T06:03:37.141+0000] {dagbag.py:541} INFO - Filling up the DagBag from /home/airflow/.local/lib/python3.7/site-packages/airflow/example_dags/example_nested_branch_dag.py
[2023-06-09T06:03:37.153+0000] {processor.py:836} INFO - DAG(s) dict_keys(['example_nested_branch_dag']) retrieved from /home/airflow/.local/lib/python3.7/site-packages/airflow/example_dags/example_nested_branch_dag.py
[2023-06-09T06:03:37.186+0000] {logging_mixin.py:149} INFO - [2023-06-09T06:03:37.186+0000] {dag.py:2726} INFO - Sync 1 DAGs
[2023-06-09T06:03:37.222+0000] {logging_mixin.py:149} INFO - [2023-06-09T06:03:37.222+0000] {dag.py:3490} INFO - Setting next_dagrun for example_nested_branch_dag to 2023-06-08T00:00:00+00:00, run_after=2023-06-09T00:00:00+00:00
[2023-06-09T06:03:37.245+0000] {processor.py:179} INFO - Processing /home/airflow/.local/lib/python3.7/site-packages/airflow/example_dags/example_nested_branch_dag.py took 0.112 seconds
[2023-06-09T06:04:07.921+0000] {processor.py:157} INFO - Started process (PID=761) to work on /home/airflow/.local/lib/python3.7/site-packages/airflow/example_dags/example_nested_branch_dag.py
[2023-06-09T06:04:07.922+0000] {processor.py:826} INFO - Processing file /home/airflow/.local/lib/python3.7/site-packages/airflow/example_dags/example_nested_branch_dag.py for tasks to queue
[2023-06-09T06:04:07.923+0000] {logging_mixin.py:149} INFO - [2023-06-09T06:04:07.923+0000] {dagbag.py:541} INFO - Filling up the DagBag from /home/airflow/.local/lib/python3.7/site-packages/airflow/example_dags/example_nested_branch_dag.py
[2023-06-09T06:04:07.937+0000] {processor.py:836} INFO - DAG(s) dict_keys(['example_nested_branch_dag']) retrieved from /home/airflow/.local/lib/python3.7/site-packages/airflow/example_dags/example_nested_branch_dag.py
[2023-06-09T06:04:07.974+0000] {logging_mixin.py:149} INFO - [2023-06-09T06:04:07.974+0000] {dag.py:2726} INFO - Sync 1 DAGs
[2023-06-09T06:04:08.012+0000] {logging_mixin.py:149} INFO - [2023-06-09T06:04:08.012+0000] {dag.py:3490} INFO - Setting next_dagrun for example_nested_branch_dag to 2023-06-08T00:00:00+00:00, run_after=2023-06-09T00:00:00+00:00
[2023-06-09T06:04:08.046+0000] {processor.py:179} INFO - Processing /home/airflow/.local/lib/python3.7/site-packages/airflow/example_dags/example_nested_branch_dag.py took 0.129 seconds
[2023-06-09T06:04:38.314+0000] {processor.py:157} INFO - Started process (PID=814) to work on /home/airflow/.local/lib/python3.7/site-packages/airflow/example_dags/example_nested_branch_dag.py
[2023-06-09T06:04:38.316+0000] {processor.py:826} INFO - Processing file /home/airflow/.local/lib/python3.7/site-packages/airflow/example_dags/example_nested_branch_dag.py for tasks to queue
[2023-06-09T06:04:38.317+0000] {logging_mixin.py:149} INFO - [2023-06-09T06:04:38.317+0000] {dagbag.py:541} INFO - Filling up the DagBag from /home/airflow/.local/lib/python3.7/site-packages/airflow/example_dags/example_nested_branch_dag.py
[2023-06-09T06:04:38.329+0000] {processor.py:836} INFO - DAG(s) dict_keys(['example_nested_branch_dag']) retrieved from /home/airflow/.local/lib/python3.7/site-packages/airflow/example_dags/example_nested_branch_dag.py
[2023-06-09T06:04:38.363+0000] {logging_mixin.py:149} INFO - [2023-06-09T06:04:38.363+0000] {dag.py:2726} INFO - Sync 1 DAGs
[2023-06-09T06:04:38.398+0000] {logging_mixin.py:149} INFO - [2023-06-09T06:04:38.397+0000] {dag.py:3490} INFO - Setting next_dagrun for example_nested_branch_dag to 2023-06-08T00:00:00+00:00, run_after=2023-06-09T00:00:00+00:00
[2023-06-09T06:04:38.421+0000] {processor.py:179} INFO - Processing /home/airflow/.local/lib/python3.7/site-packages/airflow/example_dags/example_nested_branch_dag.py took 0.111 seconds
[2023-06-09T06:05:08.558+0000] {processor.py:157} INFO - Started process (PID=868) to work on /home/airflow/.local/lib/python3.7/site-packages/airflow/example_dags/example_nested_branch_dag.py
[2023-06-09T06:05:08.564+0000] {processor.py:826} INFO - Processing file /home/airflow/.local/lib/python3.7/site-packages/airflow/example_dags/example_nested_branch_dag.py for tasks to queue
[2023-06-09T06:05:08.565+0000] {logging_mixin.py:149} INFO - [2023-06-09T06:05:08.565+0000] {dagbag.py:541} INFO - Filling up the DagBag from /home/airflow/.local/lib/python3.7/site-packages/airflow/example_dags/example_nested_branch_dag.py
[2023-06-09T06:05:08.577+0000] {processor.py:836} INFO - DAG(s) dict_keys(['example_nested_branch_dag']) retrieved from /home/airflow/.local/lib/python3.7/site-packages/airflow/example_dags/example_nested_branch_dag.py
[2023-06-09T06:05:08.611+0000] {logging_mixin.py:149} INFO - [2023-06-09T06:05:08.611+0000] {dag.py:2726} INFO - Sync 1 DAGs
[2023-06-09T06:05:08.649+0000] {logging_mixin.py:149} INFO - [2023-06-09T06:05:08.648+0000] {dag.py:3490} INFO - Setting next_dagrun for example_nested_branch_dag to 2023-06-08T00:00:00+00:00, run_after=2023-06-09T00:00:00+00:00
[2023-06-09T06:05:08.696+0000] {processor.py:179} INFO - Processing /home/airflow/.local/lib/python3.7/site-packages/airflow/example_dags/example_nested_branch_dag.py took 0.140 seconds
[2023-06-09T06:05:38.826+0000] {processor.py:157} INFO - Started process (PID=922) to work on /home/airflow/.local/lib/python3.7/site-packages/airflow/example_dags/example_nested_branch_dag.py
[2023-06-09T06:05:38.827+0000] {processor.py:826} INFO - Processing file /home/airflow/.local/lib/python3.7/site-packages/airflow/example_dags/example_nested_branch_dag.py for tasks to queue
[2023-06-09T06:05:38.828+0000] {logging_mixin.py:149} INFO - [2023-06-09T06:05:38.828+0000] {dagbag.py:541} INFO - Filling up the DagBag from /home/airflow/.local/lib/python3.7/site-packages/airflow/example_dags/example_nested_branch_dag.py
[2023-06-09T06:05:38.840+0000] {processor.py:836} INFO - DAG(s) dict_keys(['example_nested_branch_dag']) retrieved from /home/airflow/.local/lib/python3.7/site-packages/airflow/example_dags/example_nested_branch_dag.py
[2023-06-09T06:05:38.872+0000] {logging_mixin.py:149} INFO - [2023-06-09T06:05:38.872+0000] {dag.py:2726} INFO - Sync 1 DAGs
[2023-06-09T06:05:38.907+0000] {logging_mixin.py:149} INFO - [2023-06-09T06:05:38.906+0000] {dag.py:3490} INFO - Setting next_dagrun for example_nested_branch_dag to 2023-06-08T00:00:00+00:00, run_after=2023-06-09T00:00:00+00:00
[2023-06-09T06:05:38.932+0000] {processor.py:179} INFO - Processing /home/airflow/.local/lib/python3.7/site-packages/airflow/example_dags/example_nested_branch_dag.py took 0.109 seconds
[2023-06-09T06:06:09.645+0000] {processor.py:157} INFO - Started process (PID=975) to work on /home/airflow/.local/lib/python3.7/site-packages/airflow/example_dags/example_nested_branch_dag.py
[2023-06-09T06:06:09.647+0000] {processor.py:826} INFO - Processing file /home/airflow/.local/lib/python3.7/site-packages/airflow/example_dags/example_nested_branch_dag.py for tasks to queue
[2023-06-09T06:06:09.647+0000] {logging_mixin.py:149} INFO - [2023-06-09T06:06:09.647+0000] {dagbag.py:541} INFO - Filling up the DagBag from /home/airflow/.local/lib/python3.7/site-packages/airflow/example_dags/example_nested_branch_dag.py
[2023-06-09T06:06:09.660+0000] {processor.py:836} INFO - DAG(s) dict_keys(['example_nested_branch_dag']) retrieved from /home/airflow/.local/lib/python3.7/site-packages/airflow/example_dags/example_nested_branch_dag.py
[2023-06-09T06:06:09.694+0000] {logging_mixin.py:149} INFO - [2023-06-09T06:06:09.694+0000] {dag.py:2726} INFO - Sync 1 DAGs
[2023-06-09T06:06:09.731+0000] {logging_mixin.py:149} INFO - [2023-06-09T06:06:09.730+0000] {dag.py:3490} INFO - Setting next_dagrun for example_nested_branch_dag to 2023-06-08T00:00:00+00:00, run_after=2023-06-09T00:00:00+00:00
[2023-06-09T06:06:09.754+0000] {processor.py:179} INFO - Processing /home/airflow/.local/lib/python3.7/site-packages/airflow/example_dags/example_nested_branch_dag.py took 0.112 seconds
[2023-06-09T06:06:40.204+0000] {processor.py:157} INFO - Started process (PID=1028) to work on /home/airflow/.local/lib/python3.7/site-packages/airflow/example_dags/example_nested_branch_dag.py
[2023-06-09T06:06:40.205+0000] {processor.py:826} INFO - Processing file /home/airflow/.local/lib/python3.7/site-packages/airflow/example_dags/example_nested_branch_dag.py for tasks to queue
[2023-06-09T06:06:40.206+0000] {logging_mixin.py:149} INFO - [2023-06-09T06:06:40.206+0000] {dagbag.py:541} INFO - Filling up the DagBag from /home/airflow/.local/lib/python3.7/site-packages/airflow/example_dags/example_nested_branch_dag.py
[2023-06-09T06:06:40.219+0000] {processor.py:836} INFO - DAG(s) dict_keys(['example_nested_branch_dag']) retrieved from /home/airflow/.local/lib/python3.7/site-packages/airflow/example_dags/example_nested_branch_dag.py
[2023-06-09T06:06:40.255+0000] {logging_mixin.py:149} INFO - [2023-06-09T06:06:40.255+0000] {dag.py:2726} INFO - Sync 1 DAGs
[2023-06-09T06:06:40.294+0000] {logging_mixin.py:149} INFO - [2023-06-09T06:06:40.294+0000] {dag.py:3490} INFO - Setting next_dagrun for example_nested_branch_dag to 2023-06-08T00:00:00+00:00, run_after=2023-06-09T00:00:00+00:00
[2023-06-09T06:06:40.317+0000] {processor.py:179} INFO - Processing /home/airflow/.local/lib/python3.7/site-packages/airflow/example_dags/example_nested_branch_dag.py took 0.117 seconds
[2023-06-09T06:07:10.599+0000] {processor.py:157} INFO - Started process (PID=1083) to work on /home/airflow/.local/lib/python3.7/site-packages/airflow/example_dags/example_nested_branch_dag.py
[2023-06-09T06:07:10.610+0000] {processor.py:826} INFO - Processing file /home/airflow/.local/lib/python3.7/site-packages/airflow/example_dags/example_nested_branch_dag.py for tasks to queue
[2023-06-09T06:07:10.611+0000] {logging_mixin.py:149} INFO - [2023-06-09T06:07:10.610+0000] {dagbag.py:541} INFO - Filling up the DagBag from /home/airflow/.local/lib/python3.7/site-packages/airflow/example_dags/example_nested_branch_dag.py
[2023-06-09T06:07:10.623+0000] {processor.py:836} INFO - DAG(s) dict_keys(['example_nested_branch_dag']) retrieved from /home/airflow/.local/lib/python3.7/site-packages/airflow/example_dags/example_nested_branch_dag.py
[2023-06-09T06:07:10.654+0000] {logging_mixin.py:149} INFO - [2023-06-09T06:07:10.654+0000] {dag.py:2726} INFO - Sync 1 DAGs
[2023-06-09T06:07:10.691+0000] {logging_mixin.py:149} INFO - [2023-06-09T06:07:10.690+0000] {dag.py:3490} INFO - Setting next_dagrun for example_nested_branch_dag to 2023-06-08T00:00:00+00:00, run_after=2023-06-09T00:00:00+00:00
[2023-06-09T06:07:10.713+0000] {processor.py:179} INFO - Processing /home/airflow/.local/lib/python3.7/site-packages/airflow/example_dags/example_nested_branch_dag.py took 0.118 seconds
[2023-06-09T06:07:41.149+0000] {processor.py:157} INFO - Started process (PID=1137) to work on /home/airflow/.local/lib/python3.7/site-packages/airflow/example_dags/example_nested_branch_dag.py
[2023-06-09T06:07:41.150+0000] {processor.py:826} INFO - Processing file /home/airflow/.local/lib/python3.7/site-packages/airflow/example_dags/example_nested_branch_dag.py for tasks to queue
[2023-06-09T06:07:41.151+0000] {logging_mixin.py:149} INFO - [2023-06-09T06:07:41.150+0000] {dagbag.py:541} INFO - Filling up the DagBag from /home/airflow/.local/lib/python3.7/site-packages/airflow/example_dags/example_nested_branch_dag.py
[2023-06-09T06:07:41.164+0000] {processor.py:836} INFO - DAG(s) dict_keys(['example_nested_branch_dag']) retrieved from /home/airflow/.local/lib/python3.7/site-packages/airflow/example_dags/example_nested_branch_dag.py
[2023-06-09T06:07:41.196+0000] {logging_mixin.py:149} INFO - [2023-06-09T06:07:41.196+0000] {dag.py:2726} INFO - Sync 1 DAGs
[2023-06-09T06:07:41.234+0000] {logging_mixin.py:149} INFO - [2023-06-09T06:07:41.233+0000] {dag.py:3490} INFO - Setting next_dagrun for example_nested_branch_dag to 2023-06-08T00:00:00+00:00, run_after=2023-06-09T00:00:00+00:00
[2023-06-09T06:07:41.256+0000] {processor.py:179} INFO - Processing /home/airflow/.local/lib/python3.7/site-packages/airflow/example_dags/example_nested_branch_dag.py took 0.113 seconds
[2023-06-09T06:08:11.963+0000] {processor.py:157} INFO - Started process (PID=1190) to work on /home/airflow/.local/lib/python3.7/site-packages/airflow/example_dags/example_nested_branch_dag.py
[2023-06-09T06:08:11.965+0000] {processor.py:826} INFO - Processing file /home/airflow/.local/lib/python3.7/site-packages/airflow/example_dags/example_nested_branch_dag.py for tasks to queue
[2023-06-09T06:08:11.966+0000] {logging_mixin.py:149} INFO - [2023-06-09T06:08:11.965+0000] {dagbag.py:541} INFO - Filling up the DagBag from /home/airflow/.local/lib/python3.7/site-packages/airflow/example_dags/example_nested_branch_dag.py
[2023-06-09T06:08:11.978+0000] {processor.py:836} INFO - DAG(s) dict_keys(['example_nested_branch_dag']) retrieved from /home/airflow/.local/lib/python3.7/site-packages/airflow/example_dags/example_nested_branch_dag.py
[2023-06-09T06:08:12.011+0000] {logging_mixin.py:149} INFO - [2023-06-09T06:08:12.010+0000] {dag.py:2726} INFO - Sync 1 DAGs
[2023-06-09T06:08:12.051+0000] {logging_mixin.py:149} INFO - [2023-06-09T06:08:12.051+0000] {dag.py:3490} INFO - Setting next_dagrun for example_nested_branch_dag to 2023-06-08T00:00:00+00:00, run_after=2023-06-09T00:00:00+00:00
[2023-06-09T06:08:12.075+0000] {processor.py:179} INFO - Processing /home/airflow/.local/lib/python3.7/site-packages/airflow/example_dags/example_nested_branch_dag.py took 0.115 seconds
[2023-06-09T06:08:42.356+0000] {processor.py:157} INFO - Started process (PID=1244) to work on /home/airflow/.local/lib/python3.7/site-packages/airflow/example_dags/example_nested_branch_dag.py
[2023-06-09T06:08:42.357+0000] {processor.py:826} INFO - Processing file /home/airflow/.local/lib/python3.7/site-packages/airflow/example_dags/example_nested_branch_dag.py for tasks to queue
[2023-06-09T06:08:42.358+0000] {logging_mixin.py:149} INFO - [2023-06-09T06:08:42.358+0000] {dagbag.py:541} INFO - Filling up the DagBag from /home/airflow/.local/lib/python3.7/site-packages/airflow/example_dags/example_nested_branch_dag.py
[2023-06-09T06:08:42.371+0000] {processor.py:836} INFO - DAG(s) dict_keys(['example_nested_branch_dag']) retrieved from /home/airflow/.local/lib/python3.7/site-packages/airflow/example_dags/example_nested_branch_dag.py
[2023-06-09T06:08:42.405+0000] {logging_mixin.py:149} INFO - [2023-06-09T06:08:42.405+0000] {dag.py:2726} INFO - Sync 1 DAGs
[2023-06-09T06:08:42.442+0000] {logging_mixin.py:149} INFO - [2023-06-09T06:08:42.441+0000] {dag.py:3490} INFO - Setting next_dagrun for example_nested_branch_dag to 2023-06-08T00:00:00+00:00, run_after=2023-06-09T00:00:00+00:00
[2023-06-09T06:08:42.468+0000] {processor.py:179} INFO - Processing /home/airflow/.local/lib/python3.7/site-packages/airflow/example_dags/example_nested_branch_dag.py took 0.115 seconds
[2023-06-09T06:09:12.772+0000] {processor.py:157} INFO - Started process (PID=1297) to work on /home/airflow/.local/lib/python3.7/site-packages/airflow/example_dags/example_nested_branch_dag.py
[2023-06-09T06:09:12.773+0000] {processor.py:826} INFO - Processing file /home/airflow/.local/lib/python3.7/site-packages/airflow/example_dags/example_nested_branch_dag.py for tasks to queue
[2023-06-09T06:09:12.774+0000] {logging_mixin.py:149} INFO - [2023-06-09T06:09:12.774+0000] {dagbag.py:541} INFO - Filling up the DagBag from /home/airflow/.local/lib/python3.7/site-packages/airflow/example_dags/example_nested_branch_dag.py
[2023-06-09T06:09:12.805+0000] {processor.py:836} INFO - DAG(s) dict_keys(['example_nested_branch_dag']) retrieved from /home/airflow/.local/lib/python3.7/site-packages/airflow/example_dags/example_nested_branch_dag.py
[2023-06-09T06:09:12.843+0000] {logging_mixin.py:149} INFO - [2023-06-09T06:09:12.843+0000] {dag.py:2726} INFO - Sync 1 DAGs
[2023-06-09T06:09:12.878+0000] {logging_mixin.py:149} INFO - [2023-06-09T06:09:12.877+0000] {dag.py:3490} INFO - Setting next_dagrun for example_nested_branch_dag to 2023-06-08T00:00:00+00:00, run_after=2023-06-09T00:00:00+00:00
[2023-06-09T06:09:12.917+0000] {processor.py:179} INFO - Processing /home/airflow/.local/lib/python3.7/site-packages/airflow/example_dags/example_nested_branch_dag.py took 0.157 seconds
[2023-06-09T06:09:43.678+0000] {processor.py:157} INFO - Started process (PID=1352) to work on /home/airflow/.local/lib/python3.7/site-packages/airflow/example_dags/example_nested_branch_dag.py
[2023-06-09T06:09:43.679+0000] {processor.py:826} INFO - Processing file /home/airflow/.local/lib/python3.7/site-packages/airflow/example_dags/example_nested_branch_dag.py for tasks to queue
[2023-06-09T06:09:43.680+0000] {logging_mixin.py:149} INFO - [2023-06-09T06:09:43.680+0000] {dagbag.py:541} INFO - Filling up the DagBag from /home/airflow/.local/lib/python3.7/site-packages/airflow/example_dags/example_nested_branch_dag.py
[2023-06-09T06:09:43.692+0000] {processor.py:836} INFO - DAG(s) dict_keys(['example_nested_branch_dag']) retrieved from /home/airflow/.local/lib/python3.7/site-packages/airflow/example_dags/example_nested_branch_dag.py
[2023-06-09T06:09:43.725+0000] {logging_mixin.py:149} INFO - [2023-06-09T06:09:43.725+0000] {dag.py:2726} INFO - Sync 1 DAGs
[2023-06-09T06:09:43.799+0000] {logging_mixin.py:149} INFO - [2023-06-09T06:09:43.799+0000] {dag.py:3490} INFO - Setting next_dagrun for example_nested_branch_dag to 2023-06-08T00:00:00+00:00, run_after=2023-06-09T00:00:00+00:00
[2023-06-09T06:09:43.831+0000] {processor.py:179} INFO - Processing /home/airflow/.local/lib/python3.7/site-packages/airflow/example_dags/example_nested_branch_dag.py took 0.157 seconds
[2023-06-09T06:10:14.047+0000] {processor.py:157} INFO - Started process (PID=1406) to work on /home/airflow/.local/lib/python3.7/site-packages/airflow/example_dags/example_nested_branch_dag.py
[2023-06-09T06:10:14.049+0000] {processor.py:826} INFO - Processing file /home/airflow/.local/lib/python3.7/site-packages/airflow/example_dags/example_nested_branch_dag.py for tasks to queue
[2023-06-09T06:10:14.050+0000] {logging_mixin.py:149} INFO - [2023-06-09T06:10:14.049+0000] {dagbag.py:541} INFO - Filling up the DagBag from /home/airflow/.local/lib/python3.7/site-packages/airflow/example_dags/example_nested_branch_dag.py
[2023-06-09T06:10:14.075+0000] {processor.py:836} INFO - DAG(s) dict_keys(['example_nested_branch_dag']) retrieved from /home/airflow/.local/lib/python3.7/site-packages/airflow/example_dags/example_nested_branch_dag.py
[2023-06-09T06:10:14.112+0000] {logging_mixin.py:149} INFO - [2023-06-09T06:10:14.112+0000] {dag.py:2726} INFO - Sync 1 DAGs
[2023-06-09T06:10:14.154+0000] {logging_mixin.py:149} INFO - [2023-06-09T06:10:14.153+0000] {dag.py:3490} INFO - Setting next_dagrun for example_nested_branch_dag to 2023-06-08T00:00:00+00:00, run_after=2023-06-09T00:00:00+00:00
[2023-06-09T06:10:14.187+0000] {processor.py:179} INFO - Processing /home/airflow/.local/lib/python3.7/site-packages/airflow/example_dags/example_nested_branch_dag.py took 0.144 seconds
[2023-06-09T06:10:44.490+0000] {processor.py:157} INFO - Started process (PID=1459) to work on /home/airflow/.local/lib/python3.7/site-packages/airflow/example_dags/example_nested_branch_dag.py
[2023-06-09T06:10:44.491+0000] {processor.py:826} INFO - Processing file /home/airflow/.local/lib/python3.7/site-packages/airflow/example_dags/example_nested_branch_dag.py for tasks to queue
[2023-06-09T06:10:44.492+0000] {logging_mixin.py:149} INFO - [2023-06-09T06:10:44.492+0000] {dagbag.py:541} INFO - Filling up the DagBag from /home/airflow/.local/lib/python3.7/site-packages/airflow/example_dags/example_nested_branch_dag.py
[2023-06-09T06:10:44.504+0000] {processor.py:836} INFO - DAG(s) dict_keys(['example_nested_branch_dag']) retrieved from /home/airflow/.local/lib/python3.7/site-packages/airflow/example_dags/example_nested_branch_dag.py
[2023-06-09T06:10:44.538+0000] {logging_mixin.py:149} INFO - [2023-06-09T06:10:44.538+0000] {dag.py:2726} INFO - Sync 1 DAGs
[2023-06-09T06:10:44.589+0000] {logging_mixin.py:149} INFO - [2023-06-09T06:10:44.588+0000] {dag.py:3490} INFO - Setting next_dagrun for example_nested_branch_dag to 2023-06-08T00:00:00+00:00, run_after=2023-06-09T00:00:00+00:00
[2023-06-09T06:10:44.611+0000] {processor.py:179} INFO - Processing /home/airflow/.local/lib/python3.7/site-packages/airflow/example_dags/example_nested_branch_dag.py took 0.125 seconds
[2023-06-09T06:11:14.858+0000] {processor.py:157} INFO - Started process (PID=1512) to work on /home/airflow/.local/lib/python3.7/site-packages/airflow/example_dags/example_nested_branch_dag.py
[2023-06-09T06:11:14.860+0000] {processor.py:826} INFO - Processing file /home/airflow/.local/lib/python3.7/site-packages/airflow/example_dags/example_nested_branch_dag.py for tasks to queue
[2023-06-09T06:11:14.861+0000] {logging_mixin.py:149} INFO - [2023-06-09T06:11:14.860+0000] {dagbag.py:541} INFO - Filling up the DagBag from /home/airflow/.local/lib/python3.7/site-packages/airflow/example_dags/example_nested_branch_dag.py
[2023-06-09T06:11:14.873+0000] {processor.py:836} INFO - DAG(s) dict_keys(['example_nested_branch_dag']) retrieved from /home/airflow/.local/lib/python3.7/site-packages/airflow/example_dags/example_nested_branch_dag.py
[2023-06-09T06:11:14.906+0000] {logging_mixin.py:149} INFO - [2023-06-09T06:11:14.906+0000] {dag.py:2726} INFO - Sync 1 DAGs
[2023-06-09T06:11:14.941+0000] {logging_mixin.py:149} INFO - [2023-06-09T06:11:14.941+0000] {dag.py:3490} INFO - Setting next_dagrun for example_nested_branch_dag to 2023-06-08T00:00:00+00:00, run_after=2023-06-09T00:00:00+00:00
[2023-06-09T06:11:14.966+0000] {processor.py:179} INFO - Processing /home/airflow/.local/lib/python3.7/site-packages/airflow/example_dags/example_nested_branch_dag.py took 0.111 seconds
[2023-06-09T06:11:45.409+0000] {processor.py:157} INFO - Started process (PID=1566) to work on /home/airflow/.local/lib/python3.7/site-packages/airflow/example_dags/example_nested_branch_dag.py
[2023-06-09T06:11:45.410+0000] {processor.py:826} INFO - Processing file /home/airflow/.local/lib/python3.7/site-packages/airflow/example_dags/example_nested_branch_dag.py for tasks to queue
[2023-06-09T06:11:45.411+0000] {logging_mixin.py:149} INFO - [2023-06-09T06:11:45.411+0000] {dagbag.py:541} INFO - Filling up the DagBag from /home/airflow/.local/lib/python3.7/site-packages/airflow/example_dags/example_nested_branch_dag.py
[2023-06-09T06:11:45.423+0000] {processor.py:836} INFO - DAG(s) dict_keys(['example_nested_branch_dag']) retrieved from /home/airflow/.local/lib/python3.7/site-packages/airflow/example_dags/example_nested_branch_dag.py
[2023-06-09T06:11:45.458+0000] {logging_mixin.py:149} INFO - [2023-06-09T06:11:45.457+0000] {dag.py:2726} INFO - Sync 1 DAGs
[2023-06-09T06:11:45.493+0000] {logging_mixin.py:149} INFO - [2023-06-09T06:11:45.492+0000] {dag.py:3490} INFO - Setting next_dagrun for example_nested_branch_dag to 2023-06-08T00:00:00+00:00, run_after=2023-06-09T00:00:00+00:00
[2023-06-09T06:11:45.518+0000] {processor.py:179} INFO - Processing /home/airflow/.local/lib/python3.7/site-packages/airflow/example_dags/example_nested_branch_dag.py took 0.113 seconds
[2023-06-09T06:12:15.691+0000] {processor.py:157} INFO - Started process (PID=1621) to work on /home/airflow/.local/lib/python3.7/site-packages/airflow/example_dags/example_nested_branch_dag.py
[2023-06-09T06:12:15.693+0000] {processor.py:826} INFO - Processing file /home/airflow/.local/lib/python3.7/site-packages/airflow/example_dags/example_nested_branch_dag.py for tasks to queue
[2023-06-09T06:12:15.694+0000] {logging_mixin.py:149} INFO - [2023-06-09T06:12:15.693+0000] {dagbag.py:541} INFO - Filling up the DagBag from /home/airflow/.local/lib/python3.7/site-packages/airflow/example_dags/example_nested_branch_dag.py
[2023-06-09T06:12:15.706+0000] {processor.py:836} INFO - DAG(s) dict_keys(['example_nested_branch_dag']) retrieved from /home/airflow/.local/lib/python3.7/site-packages/airflow/example_dags/example_nested_branch_dag.py
[2023-06-09T06:12:15.740+0000] {logging_mixin.py:149} INFO - [2023-06-09T06:12:15.740+0000] {dag.py:2726} INFO - Sync 1 DAGs
[2023-06-09T06:12:15.785+0000] {logging_mixin.py:149} INFO - [2023-06-09T06:12:15.784+0000] {dag.py:3490} INFO - Setting next_dagrun for example_nested_branch_dag to 2023-06-08T00:00:00+00:00, run_after=2023-06-09T00:00:00+00:00
[2023-06-09T06:12:15.809+0000] {processor.py:179} INFO - Processing /home/airflow/.local/lib/python3.7/site-packages/airflow/example_dags/example_nested_branch_dag.py took 0.121 seconds
[2023-06-09T06:12:46.562+0000] {processor.py:157} INFO - Started process (PID=1675) to work on /home/airflow/.local/lib/python3.7/site-packages/airflow/example_dags/example_nested_branch_dag.py
[2023-06-09T06:12:46.562+0000] {processor.py:826} INFO - Processing file /home/airflow/.local/lib/python3.7/site-packages/airflow/example_dags/example_nested_branch_dag.py for tasks to queue
[2023-06-09T06:12:46.563+0000] {logging_mixin.py:149} INFO - [2023-06-09T06:12:46.563+0000] {dagbag.py:541} INFO - Filling up the DagBag from /home/airflow/.local/lib/python3.7/site-packages/airflow/example_dags/example_nested_branch_dag.py
[2023-06-09T06:12:46.575+0000] {processor.py:836} INFO - DAG(s) dict_keys(['example_nested_branch_dag']) retrieved from /home/airflow/.local/lib/python3.7/site-packages/airflow/example_dags/example_nested_branch_dag.py
[2023-06-09T06:12:46.609+0000] {logging_mixin.py:149} INFO - [2023-06-09T06:12:46.608+0000] {dag.py:2726} INFO - Sync 1 DAGs
[2023-06-09T06:12:46.645+0000] {logging_mixin.py:149} INFO - [2023-06-09T06:12:46.645+0000] {dag.py:3490} INFO - Setting next_dagrun for example_nested_branch_dag to 2023-06-08T00:00:00+00:00, run_after=2023-06-09T00:00:00+00:00
[2023-06-09T06:12:46.669+0000] {processor.py:179} INFO - Processing /home/airflow/.local/lib/python3.7/site-packages/airflow/example_dags/example_nested_branch_dag.py took 0.111 seconds
[2023-06-09T06:13:16.937+0000] {processor.py:157} INFO - Started process (PID=1729) to work on /home/airflow/.local/lib/python3.7/site-packages/airflow/example_dags/example_nested_branch_dag.py
[2023-06-09T06:13:16.939+0000] {processor.py:826} INFO - Processing file /home/airflow/.local/lib/python3.7/site-packages/airflow/example_dags/example_nested_branch_dag.py for tasks to queue
[2023-06-09T06:13:16.940+0000] {logging_mixin.py:149} INFO - [2023-06-09T06:13:16.939+0000] {dagbag.py:541} INFO - Filling up the DagBag from /home/airflow/.local/lib/python3.7/site-packages/airflow/example_dags/example_nested_branch_dag.py
[2023-06-09T06:13:16.952+0000] {processor.py:836} INFO - DAG(s) dict_keys(['example_nested_branch_dag']) retrieved from /home/airflow/.local/lib/python3.7/site-packages/airflow/example_dags/example_nested_branch_dag.py
[2023-06-09T06:13:16.984+0000] {logging_mixin.py:149} INFO - [2023-06-09T06:13:16.984+0000] {dag.py:2726} INFO - Sync 1 DAGs
[2023-06-09T06:13:17.021+0000] {logging_mixin.py:149} INFO - [2023-06-09T06:13:17.020+0000] {dag.py:3490} INFO - Setting next_dagrun for example_nested_branch_dag to 2023-06-08T00:00:00+00:00, run_after=2023-06-09T00:00:00+00:00
[2023-06-09T06:13:17.043+0000] {processor.py:179} INFO - Processing /home/airflow/.local/lib/python3.7/site-packages/airflow/example_dags/example_nested_branch_dag.py took 0.110 seconds
[2023-06-09T06:13:47.403+0000] {processor.py:157} INFO - Started process (PID=1783) to work on /home/airflow/.local/lib/python3.7/site-packages/airflow/example_dags/example_nested_branch_dag.py
[2023-06-09T06:13:47.404+0000] {processor.py:826} INFO - Processing file /home/airflow/.local/lib/python3.7/site-packages/airflow/example_dags/example_nested_branch_dag.py for tasks to queue
[2023-06-09T06:13:47.405+0000] {logging_mixin.py:149} INFO - [2023-06-09T06:13:47.405+0000] {dagbag.py:541} INFO - Filling up the DagBag from /home/airflow/.local/lib/python3.7/site-packages/airflow/example_dags/example_nested_branch_dag.py
[2023-06-09T06:13:47.417+0000] {processor.py:836} INFO - DAG(s) dict_keys(['example_nested_branch_dag']) retrieved from /home/airflow/.local/lib/python3.7/site-packages/airflow/example_dags/example_nested_branch_dag.py
[2023-06-09T06:13:47.478+0000] {logging_mixin.py:149} INFO - [2023-06-09T06:13:47.478+0000] {dag.py:2726} INFO - Sync 1 DAGs
[2023-06-09T06:13:47.518+0000] {logging_mixin.py:149} INFO - [2023-06-09T06:13:47.518+0000] {dag.py:3490} INFO - Setting next_dagrun for example_nested_branch_dag to 2023-06-08T00:00:00+00:00, run_after=2023-06-09T00:00:00+00:00
[2023-06-09T06:13:47.550+0000] {processor.py:179} INFO - Processing /home/airflow/.local/lib/python3.7/site-packages/airflow/example_dags/example_nested_branch_dag.py took 0.151 seconds
[2023-06-09T06:14:18.191+0000] {processor.py:157} INFO - Started process (PID=1836) to work on /home/airflow/.local/lib/python3.7/site-packages/airflow/example_dags/example_nested_branch_dag.py
[2023-06-09T06:14:18.193+0000] {processor.py:826} INFO - Processing file /home/airflow/.local/lib/python3.7/site-packages/airflow/example_dags/example_nested_branch_dag.py for tasks to queue
[2023-06-09T06:14:18.194+0000] {logging_mixin.py:149} INFO - [2023-06-09T06:14:18.193+0000] {dagbag.py:541} INFO - Filling up the DagBag from /home/airflow/.local/lib/python3.7/site-packages/airflow/example_dags/example_nested_branch_dag.py
[2023-06-09T06:14:18.205+0000] {processor.py:836} INFO - DAG(s) dict_keys(['example_nested_branch_dag']) retrieved from /home/airflow/.local/lib/python3.7/site-packages/airflow/example_dags/example_nested_branch_dag.py
[2023-06-09T06:14:18.236+0000] {logging_mixin.py:149} INFO - [2023-06-09T06:14:18.236+0000] {dag.py:2726} INFO - Sync 1 DAGs
[2023-06-09T06:14:18.271+0000] {logging_mixin.py:149} INFO - [2023-06-09T06:14:18.271+0000] {dag.py:3490} INFO - Setting next_dagrun for example_nested_branch_dag to 2023-06-08T00:00:00+00:00, run_after=2023-06-09T00:00:00+00:00
[2023-06-09T06:14:18.292+0000] {processor.py:179} INFO - Processing /home/airflow/.local/lib/python3.7/site-packages/airflow/example_dags/example_nested_branch_dag.py took 0.105 seconds
[2023-06-09T06:14:48.690+0000] {processor.py:157} INFO - Started process (PID=1890) to work on /home/airflow/.local/lib/python3.7/site-packages/airflow/example_dags/example_nested_branch_dag.py
[2023-06-09T06:14:48.692+0000] {processor.py:826} INFO - Processing file /home/airflow/.local/lib/python3.7/site-packages/airflow/example_dags/example_nested_branch_dag.py for tasks to queue
[2023-06-09T06:14:48.693+0000] {logging_mixin.py:149} INFO - [2023-06-09T06:14:48.693+0000] {dagbag.py:541} INFO - Filling up the DagBag from /home/airflow/.local/lib/python3.7/site-packages/airflow/example_dags/example_nested_branch_dag.py
[2023-06-09T06:14:48.705+0000] {processor.py:836} INFO - DAG(s) dict_keys(['example_nested_branch_dag']) retrieved from /home/airflow/.local/lib/python3.7/site-packages/airflow/example_dags/example_nested_branch_dag.py
[2023-06-09T06:14:48.739+0000] {logging_mixin.py:149} INFO - [2023-06-09T06:14:48.739+0000] {dag.py:2726} INFO - Sync 1 DAGs
[2023-06-09T06:14:48.774+0000] {logging_mixin.py:149} INFO - [2023-06-09T06:14:48.774+0000] {dag.py:3490} INFO - Setting next_dagrun for example_nested_branch_dag to 2023-06-08T00:00:00+00:00, run_after=2023-06-09T00:00:00+00:00
[2023-06-09T06:14:48.797+0000] {processor.py:179} INFO - Processing /home/airflow/.local/lib/python3.7/site-packages/airflow/example_dags/example_nested_branch_dag.py took 0.110 seconds
[2023-06-09T06:15:19.393+0000] {processor.py:157} INFO - Started process (PID=1944) to work on /home/airflow/.local/lib/python3.7/site-packages/airflow/example_dags/example_nested_branch_dag.py
[2023-06-09T06:15:19.396+0000] {processor.py:826} INFO - Processing file /home/airflow/.local/lib/python3.7/site-packages/airflow/example_dags/example_nested_branch_dag.py for tasks to queue
[2023-06-09T06:15:19.398+0000] {logging_mixin.py:149} INFO - [2023-06-09T06:15:19.397+0000] {dagbag.py:541} INFO - Filling up the DagBag from /home/airflow/.local/lib/python3.7/site-packages/airflow/example_dags/example_nested_branch_dag.py
[2023-06-09T06:15:19.442+0000] {processor.py:836} INFO - DAG(s) dict_keys(['example_nested_branch_dag']) retrieved from /home/airflow/.local/lib/python3.7/site-packages/airflow/example_dags/example_nested_branch_dag.py
[2023-06-09T06:15:19.558+0000] {logging_mixin.py:149} INFO - [2023-06-09T06:15:19.558+0000] {dag.py:2726} INFO - Sync 1 DAGs
[2023-06-09T06:15:19.650+0000] {logging_mixin.py:149} INFO - [2023-06-09T06:15:19.649+0000] {dag.py:3490} INFO - Setting next_dagrun for example_nested_branch_dag to 2023-06-08T00:00:00+00:00, run_after=2023-06-09T00:00:00+00:00
[2023-06-09T06:15:19.689+0000] {processor.py:179} INFO - Processing /home/airflow/.local/lib/python3.7/site-packages/airflow/example_dags/example_nested_branch_dag.py took 0.310 seconds
[2023-06-09T06:15:50.292+0000] {processor.py:157} INFO - Started process (PID=1997) to work on /home/airflow/.local/lib/python3.7/site-packages/airflow/example_dags/example_nested_branch_dag.py
[2023-06-09T06:15:50.294+0000] {processor.py:826} INFO - Processing file /home/airflow/.local/lib/python3.7/site-packages/airflow/example_dags/example_nested_branch_dag.py for tasks to queue
[2023-06-09T06:15:50.295+0000] {logging_mixin.py:149} INFO - [2023-06-09T06:15:50.295+0000] {dagbag.py:541} INFO - Filling up the DagBag from /home/airflow/.local/lib/python3.7/site-packages/airflow/example_dags/example_nested_branch_dag.py
[2023-06-09T06:15:50.327+0000] {processor.py:836} INFO - DAG(s) dict_keys(['example_nested_branch_dag']) retrieved from /home/airflow/.local/lib/python3.7/site-packages/airflow/example_dags/example_nested_branch_dag.py
[2023-06-09T06:15:50.440+0000] {logging_mixin.py:149} INFO - [2023-06-09T06:15:50.440+0000] {dag.py:2726} INFO - Sync 1 DAGs
[2023-06-09T06:15:50.551+0000] {logging_mixin.py:149} INFO - [2023-06-09T06:15:50.551+0000] {dag.py:3490} INFO - Setting next_dagrun for example_nested_branch_dag to 2023-06-08T00:00:00+00:00, run_after=2023-06-09T00:00:00+00:00
[2023-06-09T06:15:50.611+0000] {processor.py:179} INFO - Processing /home/airflow/.local/lib/python3.7/site-packages/airflow/example_dags/example_nested_branch_dag.py took 0.330 seconds
[2023-06-09T06:16:21.492+0000] {processor.py:157} INFO - Started process (PID=2051) to work on /home/airflow/.local/lib/python3.7/site-packages/airflow/example_dags/example_nested_branch_dag.py
[2023-06-09T06:16:21.493+0000] {processor.py:826} INFO - Processing file /home/airflow/.local/lib/python3.7/site-packages/airflow/example_dags/example_nested_branch_dag.py for tasks to queue
[2023-06-09T06:16:21.494+0000] {logging_mixin.py:149} INFO - [2023-06-09T06:16:21.494+0000] {dagbag.py:541} INFO - Filling up the DagBag from /home/airflow/.local/lib/python3.7/site-packages/airflow/example_dags/example_nested_branch_dag.py
[2023-06-09T06:16:21.506+0000] {processor.py:836} INFO - DAG(s) dict_keys(['example_nested_branch_dag']) retrieved from /home/airflow/.local/lib/python3.7/site-packages/airflow/example_dags/example_nested_branch_dag.py
[2023-06-09T06:16:21.539+0000] {logging_mixin.py:149} INFO - [2023-06-09T06:16:21.539+0000] {dag.py:2726} INFO - Sync 1 DAGs
[2023-06-09T06:16:21.574+0000] {logging_mixin.py:149} INFO - [2023-06-09T06:16:21.574+0000] {dag.py:3490} INFO - Setting next_dagrun for example_nested_branch_dag to 2023-06-08T00:00:00+00:00, run_after=2023-06-09T00:00:00+00:00
[2023-06-09T06:16:21.597+0000] {processor.py:179} INFO - Processing /home/airflow/.local/lib/python3.7/site-packages/airflow/example_dags/example_nested_branch_dag.py took 0.109 seconds
[2023-06-09T06:16:51.993+0000] {processor.py:157} INFO - Started process (PID=2105) to work on /home/airflow/.local/lib/python3.7/site-packages/airflow/example_dags/example_nested_branch_dag.py
[2023-06-09T06:16:51.994+0000] {processor.py:826} INFO - Processing file /home/airflow/.local/lib/python3.7/site-packages/airflow/example_dags/example_nested_branch_dag.py for tasks to queue
[2023-06-09T06:16:51.995+0000] {logging_mixin.py:149} INFO - [2023-06-09T06:16:51.995+0000] {dagbag.py:541} INFO - Filling up the DagBag from /home/airflow/.local/lib/python3.7/site-packages/airflow/example_dags/example_nested_branch_dag.py
[2023-06-09T06:16:52.009+0000] {processor.py:836} INFO - DAG(s) dict_keys(['example_nested_branch_dag']) retrieved from /home/airflow/.local/lib/python3.7/site-packages/airflow/example_dags/example_nested_branch_dag.py
[2023-06-09T06:16:52.043+0000] {logging_mixin.py:149} INFO - [2023-06-09T06:16:52.043+0000] {dag.py:2726} INFO - Sync 1 DAGs
[2023-06-09T06:16:52.081+0000] {logging_mixin.py:149} INFO - [2023-06-09T06:16:52.081+0000] {dag.py:3490} INFO - Setting next_dagrun for example_nested_branch_dag to 2023-06-08T00:00:00+00:00, run_after=2023-06-09T00:00:00+00:00
[2023-06-09T06:16:52.104+0000] {processor.py:179} INFO - Processing /home/airflow/.local/lib/python3.7/site-packages/airflow/example_dags/example_nested_branch_dag.py took 0.115 seconds
[2023-06-09T06:17:22.349+0000] {processor.py:157} INFO - Started process (PID=2159) to work on /home/airflow/.local/lib/python3.7/site-packages/airflow/example_dags/example_nested_branch_dag.py
[2023-06-09T06:17:22.351+0000] {processor.py:826} INFO - Processing file /home/airflow/.local/lib/python3.7/site-packages/airflow/example_dags/example_nested_branch_dag.py for tasks to queue
[2023-06-09T06:17:22.352+0000] {logging_mixin.py:149} INFO - [2023-06-09T06:17:22.351+0000] {dagbag.py:541} INFO - Filling up the DagBag from /home/airflow/.local/lib/python3.7/site-packages/airflow/example_dags/example_nested_branch_dag.py
[2023-06-09T06:17:22.364+0000] {processor.py:836} INFO - DAG(s) dict_keys(['example_nested_branch_dag']) retrieved from /home/airflow/.local/lib/python3.7/site-packages/airflow/example_dags/example_nested_branch_dag.py
[2023-06-09T06:17:22.400+0000] {logging_mixin.py:149} INFO - [2023-06-09T06:17:22.399+0000] {dag.py:2726} INFO - Sync 1 DAGs
[2023-06-09T06:17:22.435+0000] {logging_mixin.py:149} INFO - [2023-06-09T06:17:22.435+0000] {dag.py:3490} INFO - Setting next_dagrun for example_nested_branch_dag to 2023-06-08T00:00:00+00:00, run_after=2023-06-09T00:00:00+00:00
[2023-06-09T06:17:22.457+0000] {processor.py:179} INFO - Processing /home/airflow/.local/lib/python3.7/site-packages/airflow/example_dags/example_nested_branch_dag.py took 0.112 seconds
[2023-06-09T06:17:52.747+0000] {processor.py:157} INFO - Started process (PID=2213) to work on /home/airflow/.local/lib/python3.7/site-packages/airflow/example_dags/example_nested_branch_dag.py
[2023-06-09T06:17:52.749+0000] {processor.py:826} INFO - Processing file /home/airflow/.local/lib/python3.7/site-packages/airflow/example_dags/example_nested_branch_dag.py for tasks to queue
[2023-06-09T06:17:52.750+0000] {logging_mixin.py:149} INFO - [2023-06-09T06:17:52.750+0000] {dagbag.py:541} INFO - Filling up the DagBag from /home/airflow/.local/lib/python3.7/site-packages/airflow/example_dags/example_nested_branch_dag.py
[2023-06-09T06:17:52.763+0000] {processor.py:836} INFO - DAG(s) dict_keys(['example_nested_branch_dag']) retrieved from /home/airflow/.local/lib/python3.7/site-packages/airflow/example_dags/example_nested_branch_dag.py
[2023-06-09T06:17:52.797+0000] {logging_mixin.py:149} INFO - [2023-06-09T06:17:52.797+0000] {dag.py:2726} INFO - Sync 1 DAGs
[2023-06-09T06:17:52.839+0000] {logging_mixin.py:149} INFO - [2023-06-09T06:17:52.838+0000] {dag.py:3490} INFO - Setting next_dagrun for example_nested_branch_dag to 2023-06-08T00:00:00+00:00, run_after=2023-06-09T00:00:00+00:00
[2023-06-09T06:17:52.862+0000] {processor.py:179} INFO - Processing /home/airflow/.local/lib/python3.7/site-packages/airflow/example_dags/example_nested_branch_dag.py took 0.118 seconds
[2023-06-09T06:18:23.467+0000] {processor.py:157} INFO - Started process (PID=2267) to work on /home/airflow/.local/lib/python3.7/site-packages/airflow/example_dags/example_nested_branch_dag.py
[2023-06-09T06:18:23.469+0000] {processor.py:826} INFO - Processing file /home/airflow/.local/lib/python3.7/site-packages/airflow/example_dags/example_nested_branch_dag.py for tasks to queue
[2023-06-09T06:18:23.469+0000] {logging_mixin.py:149} INFO - [2023-06-09T06:18:23.469+0000] {dagbag.py:541} INFO - Filling up the DagBag from /home/airflow/.local/lib/python3.7/site-packages/airflow/example_dags/example_nested_branch_dag.py
[2023-06-09T06:18:23.482+0000] {processor.py:836} INFO - DAG(s) dict_keys(['example_nested_branch_dag']) retrieved from /home/airflow/.local/lib/python3.7/site-packages/airflow/example_dags/example_nested_branch_dag.py
[2023-06-09T06:18:23.514+0000] {logging_mixin.py:149} INFO - [2023-06-09T06:18:23.514+0000] {dag.py:2726} INFO - Sync 1 DAGs
[2023-06-09T06:18:23.549+0000] {logging_mixin.py:149} INFO - [2023-06-09T06:18:23.549+0000] {dag.py:3490} INFO - Setting next_dagrun for example_nested_branch_dag to 2023-06-08T00:00:00+00:00, run_after=2023-06-09T00:00:00+00:00
[2023-06-09T06:18:23.573+0000] {processor.py:179} INFO - Processing /home/airflow/.local/lib/python3.7/site-packages/airflow/example_dags/example_nested_branch_dag.py took 0.109 seconds
[2023-06-09T06:18:54.101+0000] {processor.py:157} INFO - Started process (PID=2321) to work on /home/airflow/.local/lib/python3.7/site-packages/airflow/example_dags/example_nested_branch_dag.py
[2023-06-09T06:18:54.102+0000] {processor.py:826} INFO - Processing file /home/airflow/.local/lib/python3.7/site-packages/airflow/example_dags/example_nested_branch_dag.py for tasks to queue
[2023-06-09T06:18:54.103+0000] {logging_mixin.py:149} INFO - [2023-06-09T06:18:54.103+0000] {dagbag.py:541} INFO - Filling up the DagBag from /home/airflow/.local/lib/python3.7/site-packages/airflow/example_dags/example_nested_branch_dag.py
[2023-06-09T06:18:54.115+0000] {processor.py:836} INFO - DAG(s) dict_keys(['example_nested_branch_dag']) retrieved from /home/airflow/.local/lib/python3.7/site-packages/airflow/example_dags/example_nested_branch_dag.py
[2023-06-09T06:18:54.149+0000] {logging_mixin.py:149} INFO - [2023-06-09T06:18:54.149+0000] {dag.py:2726} INFO - Sync 1 DAGs
[2023-06-09T06:18:54.185+0000] {logging_mixin.py:149} INFO - [2023-06-09T06:18:54.184+0000] {dag.py:3490} INFO - Setting next_dagrun for example_nested_branch_dag to 2023-06-08T00:00:00+00:00, run_after=2023-06-09T00:00:00+00:00
[2023-06-09T06:18:54.208+0000] {processor.py:179} INFO - Processing /home/airflow/.local/lib/python3.7/site-packages/airflow/example_dags/example_nested_branch_dag.py took 0.111 seconds
[2023-06-09T06:19:24.292+0000] {processor.py:157} INFO - Started process (PID=2375) to work on /home/airflow/.local/lib/python3.7/site-packages/airflow/example_dags/example_nested_branch_dag.py
[2023-06-09T06:19:24.293+0000] {processor.py:826} INFO - Processing file /home/airflow/.local/lib/python3.7/site-packages/airflow/example_dags/example_nested_branch_dag.py for tasks to queue
[2023-06-09T06:19:24.294+0000] {logging_mixin.py:149} INFO - [2023-06-09T06:19:24.294+0000] {dagbag.py:541} INFO - Filling up the DagBag from /home/airflow/.local/lib/python3.7/site-packages/airflow/example_dags/example_nested_branch_dag.py
[2023-06-09T06:19:24.306+0000] {processor.py:836} INFO - DAG(s) dict_keys(['example_nested_branch_dag']) retrieved from /home/airflow/.local/lib/python3.7/site-packages/airflow/example_dags/example_nested_branch_dag.py
[2023-06-09T06:19:24.340+0000] {logging_mixin.py:149} INFO - [2023-06-09T06:19:24.340+0000] {dag.py:2726} INFO - Sync 1 DAGs
[2023-06-09T06:19:24.375+0000] {logging_mixin.py:149} INFO - [2023-06-09T06:19:24.375+0000] {dag.py:3490} INFO - Setting next_dagrun for example_nested_branch_dag to 2023-06-08T00:00:00+00:00, run_after=2023-06-09T00:00:00+00:00
[2023-06-09T06:19:24.398+0000] {processor.py:179} INFO - Processing /home/airflow/.local/lib/python3.7/site-packages/airflow/example_dags/example_nested_branch_dag.py took 0.110 seconds
[2023-06-09T06:19:54.708+0000] {processor.py:157} INFO - Started process (PID=2430) to work on /home/airflow/.local/lib/python3.7/site-packages/airflow/example_dags/example_nested_branch_dag.py
[2023-06-09T06:19:54.709+0000] {processor.py:826} INFO - Processing file /home/airflow/.local/lib/python3.7/site-packages/airflow/example_dags/example_nested_branch_dag.py for tasks to queue
[2023-06-09T06:19:54.710+0000] {logging_mixin.py:149} INFO - [2023-06-09T06:19:54.710+0000] {dagbag.py:541} INFO - Filling up the DagBag from /home/airflow/.local/lib/python3.7/site-packages/airflow/example_dags/example_nested_branch_dag.py
[2023-06-09T06:19:54.723+0000] {processor.py:836} INFO - DAG(s) dict_keys(['example_nested_branch_dag']) retrieved from /home/airflow/.local/lib/python3.7/site-packages/airflow/example_dags/example_nested_branch_dag.py
[2023-06-09T06:19:54.774+0000] {logging_mixin.py:149} INFO - [2023-06-09T06:19:54.773+0000] {dag.py:2726} INFO - Sync 1 DAGs
[2023-06-09T06:19:54.822+0000] {logging_mixin.py:149} INFO - [2023-06-09T06:19:54.822+0000] {dag.py:3490} INFO - Setting next_dagrun for example_nested_branch_dag to 2023-06-08T00:00:00+00:00, run_after=2023-06-09T00:00:00+00:00
[2023-06-09T06:19:54.844+0000] {processor.py:179} INFO - Processing /home/airflow/.local/lib/python3.7/site-packages/airflow/example_dags/example_nested_branch_dag.py took 0.140 seconds
[2023-06-09T06:20:25.091+0000] {processor.py:157} INFO - Started process (PID=2484) to work on /home/airflow/.local/lib/python3.7/site-packages/airflow/example_dags/example_nested_branch_dag.py
[2023-06-09T06:20:25.092+0000] {processor.py:826} INFO - Processing file /home/airflow/.local/lib/python3.7/site-packages/airflow/example_dags/example_nested_branch_dag.py for tasks to queue
[2023-06-09T06:20:25.093+0000] {logging_mixin.py:149} INFO - [2023-06-09T06:20:25.093+0000] {dagbag.py:541} INFO - Filling up the DagBag from /home/airflow/.local/lib/python3.7/site-packages/airflow/example_dags/example_nested_branch_dag.py
[2023-06-09T06:20:25.106+0000] {processor.py:836} INFO - DAG(s) dict_keys(['example_nested_branch_dag']) retrieved from /home/airflow/.local/lib/python3.7/site-packages/airflow/example_dags/example_nested_branch_dag.py
[2023-06-09T06:20:25.143+0000] {logging_mixin.py:149} INFO - [2023-06-09T06:20:25.143+0000] {dag.py:2726} INFO - Sync 1 DAGs
[2023-06-09T06:20:25.184+0000] {logging_mixin.py:149} INFO - [2023-06-09T06:20:25.184+0000] {dag.py:3490} INFO - Setting next_dagrun for example_nested_branch_dag to 2023-06-08T00:00:00+00:00, run_after=2023-06-09T00:00:00+00:00
[2023-06-09T06:20:25.211+0000] {processor.py:179} INFO - Processing /home/airflow/.local/lib/python3.7/site-packages/airflow/example_dags/example_nested_branch_dag.py took 0.124 seconds
[2023-06-09T06:20:55.512+0000] {processor.py:157} INFO - Started process (PID=2538) to work on /home/airflow/.local/lib/python3.7/site-packages/airflow/example_dags/example_nested_branch_dag.py
[2023-06-09T06:20:55.513+0000] {processor.py:826} INFO - Processing file /home/airflow/.local/lib/python3.7/site-packages/airflow/example_dags/example_nested_branch_dag.py for tasks to queue
[2023-06-09T06:20:55.514+0000] {logging_mixin.py:149} INFO - [2023-06-09T06:20:55.514+0000] {dagbag.py:541} INFO - Filling up the DagBag from /home/airflow/.local/lib/python3.7/site-packages/airflow/example_dags/example_nested_branch_dag.py
[2023-06-09T06:20:55.526+0000] {processor.py:836} INFO - DAG(s) dict_keys(['example_nested_branch_dag']) retrieved from /home/airflow/.local/lib/python3.7/site-packages/airflow/example_dags/example_nested_branch_dag.py
[2023-06-09T06:20:55.560+0000] {logging_mixin.py:149} INFO - [2023-06-09T06:20:55.560+0000] {dag.py:2726} INFO - Sync 1 DAGs
[2023-06-09T06:20:55.594+0000] {logging_mixin.py:149} INFO - [2023-06-09T06:20:55.594+0000] {dag.py:3490} INFO - Setting next_dagrun for example_nested_branch_dag to 2023-06-08T00:00:00+00:00, run_after=2023-06-09T00:00:00+00:00
[2023-06-09T06:20:55.617+0000] {processor.py:179} INFO - Processing /home/airflow/.local/lib/python3.7/site-packages/airflow/example_dags/example_nested_branch_dag.py took 0.110 seconds
[2023-06-09T06:21:26.264+0000] {processor.py:157} INFO - Started process (PID=2592) to work on /home/airflow/.local/lib/python3.7/site-packages/airflow/example_dags/example_nested_branch_dag.py
[2023-06-09T06:21:26.265+0000] {processor.py:826} INFO - Processing file /home/airflow/.local/lib/python3.7/site-packages/airflow/example_dags/example_nested_branch_dag.py for tasks to queue
[2023-06-09T06:21:26.266+0000] {logging_mixin.py:149} INFO - [2023-06-09T06:21:26.265+0000] {dagbag.py:541} INFO - Filling up the DagBag from /home/airflow/.local/lib/python3.7/site-packages/airflow/example_dags/example_nested_branch_dag.py
[2023-06-09T06:21:26.278+0000] {processor.py:836} INFO - DAG(s) dict_keys(['example_nested_branch_dag']) retrieved from /home/airflow/.local/lib/python3.7/site-packages/airflow/example_dags/example_nested_branch_dag.py
[2023-06-09T06:21:26.312+0000] {logging_mixin.py:149} INFO - [2023-06-09T06:21:26.312+0000] {dag.py:2726} INFO - Sync 1 DAGs
[2023-06-09T06:21:26.348+0000] {logging_mixin.py:149} INFO - [2023-06-09T06:21:26.348+0000] {dag.py:3490} INFO - Setting next_dagrun for example_nested_branch_dag to 2023-06-08T00:00:00+00:00, run_after=2023-06-09T00:00:00+00:00
[2023-06-09T06:21:26.370+0000] {processor.py:179} INFO - Processing /home/airflow/.local/lib/python3.7/site-packages/airflow/example_dags/example_nested_branch_dag.py took 0.111 seconds
[2023-06-09T06:21:56.514+0000] {processor.py:157} INFO - Started process (PID=2646) to work on /home/airflow/.local/lib/python3.7/site-packages/airflow/example_dags/example_nested_branch_dag.py
[2023-06-09T06:21:56.516+0000] {processor.py:826} INFO - Processing file /home/airflow/.local/lib/python3.7/site-packages/airflow/example_dags/example_nested_branch_dag.py for tasks to queue
[2023-06-09T06:21:56.516+0000] {logging_mixin.py:149} INFO - [2023-06-09T06:21:56.516+0000] {dagbag.py:541} INFO - Filling up the DagBag from /home/airflow/.local/lib/python3.7/site-packages/airflow/example_dags/example_nested_branch_dag.py
[2023-06-09T06:21:56.537+0000] {processor.py:836} INFO - DAG(s) dict_keys(['example_nested_branch_dag']) retrieved from /home/airflow/.local/lib/python3.7/site-packages/airflow/example_dags/example_nested_branch_dag.py
[2023-06-09T06:21:56.612+0000] {logging_mixin.py:149} INFO - [2023-06-09T06:21:56.612+0000] {dag.py:2726} INFO - Sync 1 DAGs
[2023-06-09T06:21:56.681+0000] {logging_mixin.py:149} INFO - [2023-06-09T06:21:56.680+0000] {dag.py:3490} INFO - Setting next_dagrun for example_nested_branch_dag to 2023-06-08T00:00:00+00:00, run_after=2023-06-09T00:00:00+00:00
[2023-06-09T06:21:56.731+0000] {processor.py:179} INFO - Processing /home/airflow/.local/lib/python3.7/site-packages/airflow/example_dags/example_nested_branch_dag.py took 0.228 seconds
[2023-06-09T06:22:26.809+0000] {processor.py:157} INFO - Started process (PID=2700) to work on /home/airflow/.local/lib/python3.7/site-packages/airflow/example_dags/example_nested_branch_dag.py
[2023-06-09T06:22:26.810+0000] {processor.py:826} INFO - Processing file /home/airflow/.local/lib/python3.7/site-packages/airflow/example_dags/example_nested_branch_dag.py for tasks to queue
[2023-06-09T06:22:26.810+0000] {logging_mixin.py:149} INFO - [2023-06-09T06:22:26.810+0000] {dagbag.py:541} INFO - Filling up the DagBag from /home/airflow/.local/lib/python3.7/site-packages/airflow/example_dags/example_nested_branch_dag.py
[2023-06-09T06:22:26.823+0000] {processor.py:836} INFO - DAG(s) dict_keys(['example_nested_branch_dag']) retrieved from /home/airflow/.local/lib/python3.7/site-packages/airflow/example_dags/example_nested_branch_dag.py
[2023-06-09T06:22:26.856+0000] {logging_mixin.py:149} INFO - [2023-06-09T06:22:26.856+0000] {dag.py:2726} INFO - Sync 1 DAGs
[2023-06-09T06:22:26.892+0000] {logging_mixin.py:149} INFO - [2023-06-09T06:22:26.892+0000] {dag.py:3490} INFO - Setting next_dagrun for example_nested_branch_dag to 2023-06-08T00:00:00+00:00, run_after=2023-06-09T00:00:00+00:00
[2023-06-09T06:22:26.917+0000] {processor.py:179} INFO - Processing /home/airflow/.local/lib/python3.7/site-packages/airflow/example_dags/example_nested_branch_dag.py took 0.112 seconds
[2023-06-09T06:22:57.491+0000] {processor.py:157} INFO - Started process (PID=2754) to work on /home/airflow/.local/lib/python3.7/site-packages/airflow/example_dags/example_nested_branch_dag.py
[2023-06-09T06:22:57.493+0000] {processor.py:826} INFO - Processing file /home/airflow/.local/lib/python3.7/site-packages/airflow/example_dags/example_nested_branch_dag.py for tasks to queue
[2023-06-09T06:22:57.493+0000] {logging_mixin.py:149} INFO - [2023-06-09T06:22:57.493+0000] {dagbag.py:541} INFO - Filling up the DagBag from /home/airflow/.local/lib/python3.7/site-packages/airflow/example_dags/example_nested_branch_dag.py
[2023-06-09T06:22:57.506+0000] {processor.py:836} INFO - DAG(s) dict_keys(['example_nested_branch_dag']) retrieved from /home/airflow/.local/lib/python3.7/site-packages/airflow/example_dags/example_nested_branch_dag.py
[2023-06-09T06:22:57.539+0000] {logging_mixin.py:149} INFO - [2023-06-09T06:22:57.539+0000] {dag.py:2726} INFO - Sync 1 DAGs
[2023-06-09T06:22:57.575+0000] {logging_mixin.py:149} INFO - [2023-06-09T06:22:57.575+0000] {dag.py:3490} INFO - Setting next_dagrun for example_nested_branch_dag to 2023-06-08T00:00:00+00:00, run_after=2023-06-09T00:00:00+00:00
[2023-06-09T06:22:57.606+0000] {processor.py:179} INFO - Processing /home/airflow/.local/lib/python3.7/site-packages/airflow/example_dags/example_nested_branch_dag.py took 0.118 seconds
[2023-06-09T06:23:28.112+0000] {processor.py:157} INFO - Started process (PID=2808) to work on /home/airflow/.local/lib/python3.7/site-packages/airflow/example_dags/example_nested_branch_dag.py
[2023-06-09T06:23:28.113+0000] {processor.py:826} INFO - Processing file /home/airflow/.local/lib/python3.7/site-packages/airflow/example_dags/example_nested_branch_dag.py for tasks to queue
[2023-06-09T06:23:28.113+0000] {logging_mixin.py:149} INFO - [2023-06-09T06:23:28.113+0000] {dagbag.py:541} INFO - Filling up the DagBag from /home/airflow/.local/lib/python3.7/site-packages/airflow/example_dags/example_nested_branch_dag.py
[2023-06-09T06:23:28.126+0000] {processor.py:836} INFO - DAG(s) dict_keys(['example_nested_branch_dag']) retrieved from /home/airflow/.local/lib/python3.7/site-packages/airflow/example_dags/example_nested_branch_dag.py
[2023-06-09T06:23:28.160+0000] {logging_mixin.py:149} INFO - [2023-06-09T06:23:28.160+0000] {dag.py:2726} INFO - Sync 1 DAGs
[2023-06-09T06:23:28.198+0000] {logging_mixin.py:149} INFO - [2023-06-09T06:23:28.198+0000] {dag.py:3490} INFO - Setting next_dagrun for example_nested_branch_dag to 2023-06-08T00:00:00+00:00, run_after=2023-06-09T00:00:00+00:00
[2023-06-09T06:23:28.223+0000] {processor.py:179} INFO - Processing /home/airflow/.local/lib/python3.7/site-packages/airflow/example_dags/example_nested_branch_dag.py took 0.116 seconds
[2023-06-09T06:23:58.312+0000] {processor.py:157} INFO - Started process (PID=2861) to work on /home/airflow/.local/lib/python3.7/site-packages/airflow/example_dags/example_nested_branch_dag.py
[2023-06-09T06:23:58.314+0000] {processor.py:826} INFO - Processing file /home/airflow/.local/lib/python3.7/site-packages/airflow/example_dags/example_nested_branch_dag.py for tasks to queue
[2023-06-09T06:23:58.315+0000] {logging_mixin.py:149} INFO - [2023-06-09T06:23:58.314+0000] {dagbag.py:541} INFO - Filling up the DagBag from /home/airflow/.local/lib/python3.7/site-packages/airflow/example_dags/example_nested_branch_dag.py
[2023-06-09T06:23:58.327+0000] {processor.py:836} INFO - DAG(s) dict_keys(['example_nested_branch_dag']) retrieved from /home/airflow/.local/lib/python3.7/site-packages/airflow/example_dags/example_nested_branch_dag.py
[2023-06-09T06:23:58.359+0000] {logging_mixin.py:149} INFO - [2023-06-09T06:23:58.359+0000] {dag.py:2726} INFO - Sync 1 DAGs
[2023-06-09T06:23:58.395+0000] {logging_mixin.py:149} INFO - [2023-06-09T06:23:58.395+0000] {dag.py:3490} INFO - Setting next_dagrun for example_nested_branch_dag to 2023-06-08T00:00:00+00:00, run_after=2023-06-09T00:00:00+00:00
[2023-06-09T06:23:58.418+0000] {processor.py:179} INFO - Processing /home/airflow/.local/lib/python3.7/site-packages/airflow/example_dags/example_nested_branch_dag.py took 0.110 seconds
[2023-06-09T06:24:28.464+0000] {processor.py:157} INFO - Started process (PID=2915) to work on /home/airflow/.local/lib/python3.7/site-packages/airflow/example_dags/example_nested_branch_dag.py
[2023-06-09T06:24:28.465+0000] {processor.py:826} INFO - Processing file /home/airflow/.local/lib/python3.7/site-packages/airflow/example_dags/example_nested_branch_dag.py for tasks to queue
[2023-06-09T06:24:28.466+0000] {logging_mixin.py:149} INFO - [2023-06-09T06:24:28.466+0000] {dagbag.py:541} INFO - Filling up the DagBag from /home/airflow/.local/lib/python3.7/site-packages/airflow/example_dags/example_nested_branch_dag.py
[2023-06-09T06:24:28.479+0000] {processor.py:836} INFO - DAG(s) dict_keys(['example_nested_branch_dag']) retrieved from /home/airflow/.local/lib/python3.7/site-packages/airflow/example_dags/example_nested_branch_dag.py
[2023-06-09T06:24:28.512+0000] {logging_mixin.py:149} INFO - [2023-06-09T06:24:28.512+0000] {dag.py:2726} INFO - Sync 1 DAGs
[2023-06-09T06:24:28.548+0000] {logging_mixin.py:149} INFO - [2023-06-09T06:24:28.548+0000] {dag.py:3490} INFO - Setting next_dagrun for example_nested_branch_dag to 2023-06-08T00:00:00+00:00, run_after=2023-06-09T00:00:00+00:00
[2023-06-09T06:24:28.571+0000] {processor.py:179} INFO - Processing /home/airflow/.local/lib/python3.7/site-packages/airflow/example_dags/example_nested_branch_dag.py took 0.110 seconds
[2023-06-09T06:24:59.127+0000] {processor.py:157} INFO - Started process (PID=2968) to work on /home/airflow/.local/lib/python3.7/site-packages/airflow/example_dags/example_nested_branch_dag.py
[2023-06-09T06:24:59.140+0000] {processor.py:826} INFO - Processing file /home/airflow/.local/lib/python3.7/site-packages/airflow/example_dags/example_nested_branch_dag.py for tasks to queue
[2023-06-09T06:24:59.141+0000] {logging_mixin.py:149} INFO - [2023-06-09T06:24:59.141+0000] {dagbag.py:541} INFO - Filling up the DagBag from /home/airflow/.local/lib/python3.7/site-packages/airflow/example_dags/example_nested_branch_dag.py
[2023-06-09T06:24:59.180+0000] {processor.py:836} INFO - DAG(s) dict_keys(['example_nested_branch_dag']) retrieved from /home/airflow/.local/lib/python3.7/site-packages/airflow/example_dags/example_nested_branch_dag.py
[2023-06-09T06:24:59.265+0000] {logging_mixin.py:149} INFO - [2023-06-09T06:24:59.264+0000] {dag.py:2726} INFO - Sync 1 DAGs
[2023-06-09T06:24:59.344+0000] {logging_mixin.py:149} INFO - [2023-06-09T06:24:59.344+0000] {dag.py:3490} INFO - Setting next_dagrun for example_nested_branch_dag to 2023-06-08T00:00:00+00:00, run_after=2023-06-09T00:00:00+00:00
[2023-06-09T06:24:59.400+0000] {processor.py:179} INFO - Processing /home/airflow/.local/lib/python3.7/site-packages/airflow/example_dags/example_nested_branch_dag.py took 0.289 seconds
[2023-06-09T06:25:29.752+0000] {processor.py:157} INFO - Started process (PID=3020) to work on /home/airflow/.local/lib/python3.7/site-packages/airflow/example_dags/example_nested_branch_dag.py
[2023-06-09T06:25:29.753+0000] {processor.py:826} INFO - Processing file /home/airflow/.local/lib/python3.7/site-packages/airflow/example_dags/example_nested_branch_dag.py for tasks to queue
[2023-06-09T06:25:29.754+0000] {logging_mixin.py:149} INFO - [2023-06-09T06:25:29.754+0000] {dagbag.py:541} INFO - Filling up the DagBag from /home/airflow/.local/lib/python3.7/site-packages/airflow/example_dags/example_nested_branch_dag.py
[2023-06-09T06:25:29.767+0000] {processor.py:836} INFO - DAG(s) dict_keys(['example_nested_branch_dag']) retrieved from /home/airflow/.local/lib/python3.7/site-packages/airflow/example_dags/example_nested_branch_dag.py
[2023-06-09T06:25:29.806+0000] {logging_mixin.py:149} INFO - [2023-06-09T06:25:29.806+0000] {dag.py:2726} INFO - Sync 1 DAGs
[2023-06-09T06:25:29.846+0000] {logging_mixin.py:149} INFO - [2023-06-09T06:25:29.845+0000] {dag.py:3490} INFO - Setting next_dagrun for example_nested_branch_dag to 2023-06-08T00:00:00+00:00, run_after=2023-06-09T00:00:00+00:00
[2023-06-09T06:25:29.874+0000] {processor.py:179} INFO - Processing /home/airflow/.local/lib/python3.7/site-packages/airflow/example_dags/example_nested_branch_dag.py took 0.129 seconds
[2023-06-09T06:25:59.952+0000] {processor.py:157} INFO - Started process (PID=3075) to work on /home/airflow/.local/lib/python3.7/site-packages/airflow/example_dags/example_nested_branch_dag.py
[2023-06-09T06:25:59.953+0000] {processor.py:826} INFO - Processing file /home/airflow/.local/lib/python3.7/site-packages/airflow/example_dags/example_nested_branch_dag.py for tasks to queue
[2023-06-09T06:25:59.955+0000] {logging_mixin.py:149} INFO - [2023-06-09T06:25:59.954+0000] {dagbag.py:541} INFO - Filling up the DagBag from /home/airflow/.local/lib/python3.7/site-packages/airflow/example_dags/example_nested_branch_dag.py
[2023-06-09T06:25:59.972+0000] {processor.py:836} INFO - DAG(s) dict_keys(['example_nested_branch_dag']) retrieved from /home/airflow/.local/lib/python3.7/site-packages/airflow/example_dags/example_nested_branch_dag.py
[2023-06-09T06:26:00.009+0000] {logging_mixin.py:149} INFO - [2023-06-09T06:26:00.009+0000] {dag.py:2726} INFO - Sync 1 DAGs
[2023-06-09T06:26:00.077+0000] {logging_mixin.py:149} INFO - [2023-06-09T06:26:00.077+0000] {dag.py:3490} INFO - Setting next_dagrun for example_nested_branch_dag to 2023-06-08T00:00:00+00:00, run_after=2023-06-09T00:00:00+00:00
[2023-06-09T06:26:00.126+0000] {processor.py:179} INFO - Processing /home/airflow/.local/lib/python3.7/site-packages/airflow/example_dags/example_nested_branch_dag.py took 0.179 seconds
[2023-06-09T06:26:30.422+0000] {processor.py:157} INFO - Started process (PID=3128) to work on /home/airflow/.local/lib/python3.7/site-packages/airflow/example_dags/example_nested_branch_dag.py
[2023-06-09T06:26:30.423+0000] {processor.py:826} INFO - Processing file /home/airflow/.local/lib/python3.7/site-packages/airflow/example_dags/example_nested_branch_dag.py for tasks to queue
[2023-06-09T06:26:30.424+0000] {logging_mixin.py:149} INFO - [2023-06-09T06:26:30.424+0000] {dagbag.py:541} INFO - Filling up the DagBag from /home/airflow/.local/lib/python3.7/site-packages/airflow/example_dags/example_nested_branch_dag.py
[2023-06-09T06:26:30.436+0000] {processor.py:836} INFO - DAG(s) dict_keys(['example_nested_branch_dag']) retrieved from /home/airflow/.local/lib/python3.7/site-packages/airflow/example_dags/example_nested_branch_dag.py
[2023-06-09T06:26:30.468+0000] {logging_mixin.py:149} INFO - [2023-06-09T06:26:30.468+0000] {dag.py:2726} INFO - Sync 1 DAGs
[2023-06-09T06:26:30.503+0000] {logging_mixin.py:149} INFO - [2023-06-09T06:26:30.503+0000] {dag.py:3490} INFO - Setting next_dagrun for example_nested_branch_dag to 2023-06-08T00:00:00+00:00, run_after=2023-06-09T00:00:00+00:00
[2023-06-09T06:26:30.525+0000] {processor.py:179} INFO - Processing /home/airflow/.local/lib/python3.7/site-packages/airflow/example_dags/example_nested_branch_dag.py took 0.108 seconds
[2023-06-09T06:27:00.730+0000] {processor.py:157} INFO - Started process (PID=3182) to work on /home/airflow/.local/lib/python3.7/site-packages/airflow/example_dags/example_nested_branch_dag.py
[2023-06-09T06:27:00.731+0000] {processor.py:826} INFO - Processing file /home/airflow/.local/lib/python3.7/site-packages/airflow/example_dags/example_nested_branch_dag.py for tasks to queue
[2023-06-09T06:27:00.732+0000] {logging_mixin.py:149} INFO - [2023-06-09T06:27:00.731+0000] {dagbag.py:541} INFO - Filling up the DagBag from /home/airflow/.local/lib/python3.7/site-packages/airflow/example_dags/example_nested_branch_dag.py
[2023-06-09T06:27:00.744+0000] {processor.py:836} INFO - DAG(s) dict_keys(['example_nested_branch_dag']) retrieved from /home/airflow/.local/lib/python3.7/site-packages/airflow/example_dags/example_nested_branch_dag.py
[2023-06-09T06:27:00.776+0000] {logging_mixin.py:149} INFO - [2023-06-09T06:27:00.776+0000] {dag.py:2726} INFO - Sync 1 DAGs
[2023-06-09T06:27:00.814+0000] {logging_mixin.py:149} INFO - [2023-06-09T06:27:00.814+0000] {dag.py:3490} INFO - Setting next_dagrun for example_nested_branch_dag to 2023-06-08T00:00:00+00:00, run_after=2023-06-09T00:00:00+00:00
[2023-06-09T06:27:00.838+0000] {processor.py:179} INFO - Processing /home/airflow/.local/lib/python3.7/site-packages/airflow/example_dags/example_nested_branch_dag.py took 0.112 seconds
[2023-06-09T06:27:31.353+0000] {processor.py:157} INFO - Started process (PID=3236) to work on /home/airflow/.local/lib/python3.7/site-packages/airflow/example_dags/example_nested_branch_dag.py
[2023-06-09T06:27:31.355+0000] {processor.py:826} INFO - Processing file /home/airflow/.local/lib/python3.7/site-packages/airflow/example_dags/example_nested_branch_dag.py for tasks to queue
[2023-06-09T06:27:31.356+0000] {logging_mixin.py:149} INFO - [2023-06-09T06:27:31.356+0000] {dagbag.py:541} INFO - Filling up the DagBag from /home/airflow/.local/lib/python3.7/site-packages/airflow/example_dags/example_nested_branch_dag.py
[2023-06-09T06:27:31.368+0000] {processor.py:836} INFO - DAG(s) dict_keys(['example_nested_branch_dag']) retrieved from /home/airflow/.local/lib/python3.7/site-packages/airflow/example_dags/example_nested_branch_dag.py
[2023-06-09T06:27:31.406+0000] {logging_mixin.py:149} INFO - [2023-06-09T06:27:31.406+0000] {dag.py:2726} INFO - Sync 1 DAGs
[2023-06-09T06:27:31.441+0000] {logging_mixin.py:149} INFO - [2023-06-09T06:27:31.440+0000] {dag.py:3490} INFO - Setting next_dagrun for example_nested_branch_dag to 2023-06-08T00:00:00+00:00, run_after=2023-06-09T00:00:00+00:00
[2023-06-09T06:27:31.463+0000] {processor.py:179} INFO - Processing /home/airflow/.local/lib/python3.7/site-packages/airflow/example_dags/example_nested_branch_dag.py took 0.118 seconds
[2023-06-09T06:28:01.737+0000] {processor.py:157} INFO - Started process (PID=3289) to work on /home/airflow/.local/lib/python3.7/site-packages/airflow/example_dags/example_nested_branch_dag.py
[2023-06-09T06:28:01.740+0000] {processor.py:826} INFO - Processing file /home/airflow/.local/lib/python3.7/site-packages/airflow/example_dags/example_nested_branch_dag.py for tasks to queue
[2023-06-09T06:28:01.743+0000] {logging_mixin.py:149} INFO - [2023-06-09T06:28:01.742+0000] {dagbag.py:541} INFO - Filling up the DagBag from /home/airflow/.local/lib/python3.7/site-packages/airflow/example_dags/example_nested_branch_dag.py
[2023-06-09T06:28:01.766+0000] {processor.py:836} INFO - DAG(s) dict_keys(['example_nested_branch_dag']) retrieved from /home/airflow/.local/lib/python3.7/site-packages/airflow/example_dags/example_nested_branch_dag.py
[2023-06-09T06:28:01.816+0000] {logging_mixin.py:149} INFO - [2023-06-09T06:28:01.816+0000] {dag.py:2726} INFO - Sync 1 DAGs
[2023-06-09T06:28:01.881+0000] {logging_mixin.py:149} INFO - [2023-06-09T06:28:01.880+0000] {dag.py:3490} INFO - Setting next_dagrun for example_nested_branch_dag to 2023-06-08T00:00:00+00:00, run_after=2023-06-09T00:00:00+00:00
[2023-06-09T06:28:01.926+0000] {processor.py:179} INFO - Processing /home/airflow/.local/lib/python3.7/site-packages/airflow/example_dags/example_nested_branch_dag.py took 0.198 seconds
[2023-06-09T06:28:31.988+0000] {processor.py:157} INFO - Started process (PID=3343) to work on /home/airflow/.local/lib/python3.7/site-packages/airflow/example_dags/example_nested_branch_dag.py
[2023-06-09T06:28:31.989+0000] {processor.py:826} INFO - Processing file /home/airflow/.local/lib/python3.7/site-packages/airflow/example_dags/example_nested_branch_dag.py for tasks to queue
[2023-06-09T06:28:31.990+0000] {logging_mixin.py:149} INFO - [2023-06-09T06:28:31.990+0000] {dagbag.py:541} INFO - Filling up the DagBag from /home/airflow/.local/lib/python3.7/site-packages/airflow/example_dags/example_nested_branch_dag.py
[2023-06-09T06:28:32.003+0000] {processor.py:836} INFO - DAG(s) dict_keys(['example_nested_branch_dag']) retrieved from /home/airflow/.local/lib/python3.7/site-packages/airflow/example_dags/example_nested_branch_dag.py
[2023-06-09T06:28:32.038+0000] {logging_mixin.py:149} INFO - [2023-06-09T06:28:32.037+0000] {dag.py:2726} INFO - Sync 1 DAGs
[2023-06-09T06:28:32.074+0000] {logging_mixin.py:149} INFO - [2023-06-09T06:28:32.074+0000] {dag.py:3490} INFO - Setting next_dagrun for example_nested_branch_dag to 2023-06-08T00:00:00+00:00, run_after=2023-06-09T00:00:00+00:00
[2023-06-09T06:28:32.099+0000] {processor.py:179} INFO - Processing /home/airflow/.local/lib/python3.7/site-packages/airflow/example_dags/example_nested_branch_dag.py took 0.115 seconds
[2023-06-09T06:29:02.253+0000] {processor.py:157} INFO - Started process (PID=3397) to work on /home/airflow/.local/lib/python3.7/site-packages/airflow/example_dags/example_nested_branch_dag.py
[2023-06-09T06:29:02.254+0000] {processor.py:826} INFO - Processing file /home/airflow/.local/lib/python3.7/site-packages/airflow/example_dags/example_nested_branch_dag.py for tasks to queue
[2023-06-09T06:29:02.255+0000] {logging_mixin.py:149} INFO - [2023-06-09T06:29:02.255+0000] {dagbag.py:541} INFO - Filling up the DagBag from /home/airflow/.local/lib/python3.7/site-packages/airflow/example_dags/example_nested_branch_dag.py
[2023-06-09T06:29:02.267+0000] {processor.py:836} INFO - DAG(s) dict_keys(['example_nested_branch_dag']) retrieved from /home/airflow/.local/lib/python3.7/site-packages/airflow/example_dags/example_nested_branch_dag.py
[2023-06-09T06:29:02.298+0000] {logging_mixin.py:149} INFO - [2023-06-09T06:29:02.298+0000] {dag.py:2726} INFO - Sync 1 DAGs
[2023-06-09T06:29:02.331+0000] {logging_mixin.py:149} INFO - [2023-06-09T06:29:02.331+0000] {dag.py:3490} INFO - Setting next_dagrun for example_nested_branch_dag to 2023-06-08T00:00:00+00:00, run_after=2023-06-09T00:00:00+00:00
[2023-06-09T06:29:02.355+0000] {processor.py:179} INFO - Processing /home/airflow/.local/lib/python3.7/site-packages/airflow/example_dags/example_nested_branch_dag.py took 0.106 seconds
[2023-06-09T06:29:32.632+0000] {processor.py:157} INFO - Started process (PID=3451) to work on /home/airflow/.local/lib/python3.7/site-packages/airflow/example_dags/example_nested_branch_dag.py
[2023-06-09T06:29:32.633+0000] {processor.py:826} INFO - Processing file /home/airflow/.local/lib/python3.7/site-packages/airflow/example_dags/example_nested_branch_dag.py for tasks to queue
[2023-06-09T06:29:32.634+0000] {logging_mixin.py:149} INFO - [2023-06-09T06:29:32.634+0000] {dagbag.py:541} INFO - Filling up the DagBag from /home/airflow/.local/lib/python3.7/site-packages/airflow/example_dags/example_nested_branch_dag.py
[2023-06-09T06:29:32.660+0000] {processor.py:836} INFO - DAG(s) dict_keys(['example_nested_branch_dag']) retrieved from /home/airflow/.local/lib/python3.7/site-packages/airflow/example_dags/example_nested_branch_dag.py
[2023-06-09T06:29:32.696+0000] {logging_mixin.py:149} INFO - [2023-06-09T06:29:32.696+0000] {dag.py:2726} INFO - Sync 1 DAGs
[2023-06-09T06:29:32.731+0000] {logging_mixin.py:149} INFO - [2023-06-09T06:29:32.730+0000] {dag.py:3490} INFO - Setting next_dagrun for example_nested_branch_dag to 2023-06-08T00:00:00+00:00, run_after=2023-06-09T00:00:00+00:00
[2023-06-09T06:29:32.753+0000] {processor.py:179} INFO - Processing /home/airflow/.local/lib/python3.7/site-packages/airflow/example_dags/example_nested_branch_dag.py took 0.126 seconds
[2023-06-09T06:30:02.937+0000] {processor.py:157} INFO - Started process (PID=3504) to work on /home/airflow/.local/lib/python3.7/site-packages/airflow/example_dags/example_nested_branch_dag.py
[2023-06-09T06:30:02.938+0000] {processor.py:826} INFO - Processing file /home/airflow/.local/lib/python3.7/site-packages/airflow/example_dags/example_nested_branch_dag.py for tasks to queue
[2023-06-09T06:30:02.939+0000] {logging_mixin.py:149} INFO - [2023-06-09T06:30:02.939+0000] {dagbag.py:541} INFO - Filling up the DagBag from /home/airflow/.local/lib/python3.7/site-packages/airflow/example_dags/example_nested_branch_dag.py
[2023-06-09T06:30:02.969+0000] {processor.py:836} INFO - DAG(s) dict_keys(['example_nested_branch_dag']) retrieved from /home/airflow/.local/lib/python3.7/site-packages/airflow/example_dags/example_nested_branch_dag.py
[2023-06-09T06:30:03.014+0000] {logging_mixin.py:149} INFO - [2023-06-09T06:30:03.014+0000] {dag.py:2726} INFO - Sync 1 DAGs
[2023-06-09T06:30:03.058+0000] {logging_mixin.py:149} INFO - [2023-06-09T06:30:03.057+0000] {dag.py:3490} INFO - Setting next_dagrun for example_nested_branch_dag to 2023-06-08T00:00:00+00:00, run_after=2023-06-09T00:00:00+00:00
[2023-06-09T06:30:03.085+0000] {processor.py:179} INFO - Processing /home/airflow/.local/lib/python3.7/site-packages/airflow/example_dags/example_nested_branch_dag.py took 0.152 seconds
[2023-06-09T06:30:33.537+0000] {processor.py:157} INFO - Started process (PID=3558) to work on /home/airflow/.local/lib/python3.7/site-packages/airflow/example_dags/example_nested_branch_dag.py
[2023-06-09T06:30:33.540+0000] {processor.py:826} INFO - Processing file /home/airflow/.local/lib/python3.7/site-packages/airflow/example_dags/example_nested_branch_dag.py for tasks to queue
[2023-06-09T06:30:33.541+0000] {logging_mixin.py:149} INFO - [2023-06-09T06:30:33.541+0000] {dagbag.py:541} INFO - Filling up the DagBag from /home/airflow/.local/lib/python3.7/site-packages/airflow/example_dags/example_nested_branch_dag.py
[2023-06-09T06:30:33.554+0000] {processor.py:836} INFO - DAG(s) dict_keys(['example_nested_branch_dag']) retrieved from /home/airflow/.local/lib/python3.7/site-packages/airflow/example_dags/example_nested_branch_dag.py
[2023-06-09T06:30:33.589+0000] {logging_mixin.py:149} INFO - [2023-06-09T06:30:33.589+0000] {dag.py:2726} INFO - Sync 1 DAGs
[2023-06-09T06:30:33.626+0000] {logging_mixin.py:149} INFO - [2023-06-09T06:30:33.625+0000] {dag.py:3490} INFO - Setting next_dagrun for example_nested_branch_dag to 2023-06-08T00:00:00+00:00, run_after=2023-06-09T00:00:00+00:00
[2023-06-09T06:30:33.657+0000] {processor.py:179} INFO - Processing /home/airflow/.local/lib/python3.7/site-packages/airflow/example_dags/example_nested_branch_dag.py took 0.123 seconds
