[2023-06-09T05:57:35.478+0000] {processor.py:157} INFO - Started process (PID=74) to work on /home/airflow/.local/lib/python3.7/site-packages/airflow/example_dags/example_short_circuit_decorator.py
[2023-06-09T05:57:35.479+0000] {processor.py:826} INFO - Processing file /home/airflow/.local/lib/python3.7/site-packages/airflow/example_dags/example_short_circuit_decorator.py for tasks to queue
[2023-06-09T05:57:35.480+0000] {logging_mixin.py:149} INFO - [2023-06-09T05:57:35.480+0000] {dagbag.py:541} INFO - Filling up the DagBag from /home/airflow/.local/lib/python3.7/site-packages/airflow/example_dags/example_short_circuit_decorator.py
[2023-06-09T05:57:35.497+0000] {processor.py:836} INFO - DAG(s) dict_keys(['example_short_circuit_decorator']) retrieved from /home/airflow/.local/lib/python3.7/site-packages/airflow/example_dags/example_short_circuit_decorator.py
[2023-06-09T05:57:35.549+0000] {logging_mixin.py:149} INFO - [2023-06-09T05:57:35.549+0000] {dag.py:2726} INFO - Sync 1 DAGs
[2023-06-09T05:57:35.600+0000] {logging_mixin.py:149} INFO - [2023-06-09T05:57:35.600+0000] {dag.py:3490} INFO - Setting next_dagrun for example_short_circuit_decorator to 2023-06-08T05:57:35.599802+00:00, run_after=2023-06-09T05:57:35.599802+00:00
[2023-06-09T05:57:35.670+0000] {processor.py:179} INFO - Processing /home/airflow/.local/lib/python3.7/site-packages/airflow/example_dags/example_short_circuit_decorator.py took 0.196 seconds
[2023-06-09T05:58:06.091+0000] {processor.py:157} INFO - Started process (PID=128) to work on /home/airflow/.local/lib/python3.7/site-packages/airflow/example_dags/example_short_circuit_decorator.py
[2023-06-09T05:58:06.093+0000] {processor.py:826} INFO - Processing file /home/airflow/.local/lib/python3.7/site-packages/airflow/example_dags/example_short_circuit_decorator.py for tasks to queue
[2023-06-09T05:58:06.094+0000] {logging_mixin.py:149} INFO - [2023-06-09T05:58:06.093+0000] {dagbag.py:541} INFO - Filling up the DagBag from /home/airflow/.local/lib/python3.7/site-packages/airflow/example_dags/example_short_circuit_decorator.py
[2023-06-09T05:58:06.106+0000] {processor.py:836} INFO - DAG(s) dict_keys(['example_short_circuit_decorator']) retrieved from /home/airflow/.local/lib/python3.7/site-packages/airflow/example_dags/example_short_circuit_decorator.py
[2023-06-09T05:58:06.140+0000] {logging_mixin.py:149} INFO - [2023-06-09T05:58:06.139+0000] {dag.py:2726} INFO - Sync 1 DAGs
[2023-06-09T05:58:06.174+0000] {logging_mixin.py:149} INFO - [2023-06-09T05:58:06.173+0000] {dag.py:3490} INFO - Setting next_dagrun for example_short_circuit_decorator to 2023-06-08T05:58:06.173601+00:00, run_after=2023-06-09T05:58:06.173601+00:00
[2023-06-09T05:58:06.207+0000] {processor.py:179} INFO - Processing /home/airflow/.local/lib/python3.7/site-packages/airflow/example_dags/example_short_circuit_decorator.py took 0.132 seconds
[2023-06-09T05:58:36.249+0000] {processor.py:157} INFO - Started process (PID=182) to work on /home/airflow/.local/lib/python3.7/site-packages/airflow/example_dags/example_short_circuit_decorator.py
[2023-06-09T05:58:36.250+0000] {processor.py:826} INFO - Processing file /home/airflow/.local/lib/python3.7/site-packages/airflow/example_dags/example_short_circuit_decorator.py for tasks to queue
[2023-06-09T05:58:36.251+0000] {logging_mixin.py:149} INFO - [2023-06-09T05:58:36.250+0000] {dagbag.py:541} INFO - Filling up the DagBag from /home/airflow/.local/lib/python3.7/site-packages/airflow/example_dags/example_short_circuit_decorator.py
[2023-06-09T05:58:36.264+0000] {processor.py:836} INFO - DAG(s) dict_keys(['example_short_circuit_decorator']) retrieved from /home/airflow/.local/lib/python3.7/site-packages/airflow/example_dags/example_short_circuit_decorator.py
[2023-06-09T05:58:36.317+0000] {logging_mixin.py:149} INFO - [2023-06-09T05:58:36.317+0000] {dag.py:2726} INFO - Sync 1 DAGs
[2023-06-09T05:58:36.355+0000] {logging_mixin.py:149} INFO - [2023-06-09T05:58:36.354+0000] {dag.py:3490} INFO - Setting next_dagrun for example_short_circuit_decorator to 2023-06-08T05:58:36.354683+00:00, run_after=2023-06-09T05:58:36.354683+00:00
[2023-06-09T05:58:36.382+0000] {processor.py:179} INFO - Processing /home/airflow/.local/lib/python3.7/site-packages/airflow/example_dags/example_short_circuit_decorator.py took 0.137 seconds
[2023-06-09T05:59:07.248+0000] {processor.py:157} INFO - Started process (PID=236) to work on /home/airflow/.local/lib/python3.7/site-packages/airflow/example_dags/example_short_circuit_decorator.py
[2023-06-09T05:59:07.249+0000] {processor.py:826} INFO - Processing file /home/airflow/.local/lib/python3.7/site-packages/airflow/example_dags/example_short_circuit_decorator.py for tasks to queue
[2023-06-09T05:59:07.250+0000] {logging_mixin.py:149} INFO - [2023-06-09T05:59:07.250+0000] {dagbag.py:541} INFO - Filling up the DagBag from /home/airflow/.local/lib/python3.7/site-packages/airflow/example_dags/example_short_circuit_decorator.py
[2023-06-09T05:59:07.262+0000] {processor.py:836} INFO - DAG(s) dict_keys(['example_short_circuit_decorator']) retrieved from /home/airflow/.local/lib/python3.7/site-packages/airflow/example_dags/example_short_circuit_decorator.py
[2023-06-09T05:59:07.297+0000] {logging_mixin.py:149} INFO - [2023-06-09T05:59:07.297+0000] {dag.py:2726} INFO - Sync 1 DAGs
[2023-06-09T05:59:07.332+0000] {logging_mixin.py:149} INFO - [2023-06-09T05:59:07.331+0000] {dag.py:3490} INFO - Setting next_dagrun for example_short_circuit_decorator to 2023-06-08T05:59:07.331596+00:00, run_after=2023-06-09T05:59:07.331596+00:00
[2023-06-09T05:59:07.356+0000] {processor.py:179} INFO - Processing /home/airflow/.local/lib/python3.7/site-packages/airflow/example_dags/example_short_circuit_decorator.py took 0.113 seconds
[2023-06-09T05:59:37.447+0000] {processor.py:157} INFO - Started process (PID=290) to work on /home/airflow/.local/lib/python3.7/site-packages/airflow/example_dags/example_short_circuit_decorator.py
[2023-06-09T05:59:37.448+0000] {processor.py:826} INFO - Processing file /home/airflow/.local/lib/python3.7/site-packages/airflow/example_dags/example_short_circuit_decorator.py for tasks to queue
[2023-06-09T05:59:37.449+0000] {logging_mixin.py:149} INFO - [2023-06-09T05:59:37.449+0000] {dagbag.py:541} INFO - Filling up the DagBag from /home/airflow/.local/lib/python3.7/site-packages/airflow/example_dags/example_short_circuit_decorator.py
[2023-06-09T05:59:37.461+0000] {processor.py:836} INFO - DAG(s) dict_keys(['example_short_circuit_decorator']) retrieved from /home/airflow/.local/lib/python3.7/site-packages/airflow/example_dags/example_short_circuit_decorator.py
[2023-06-09T05:59:37.513+0000] {logging_mixin.py:149} INFO - [2023-06-09T05:59:37.513+0000] {dag.py:2726} INFO - Sync 1 DAGs
[2023-06-09T05:59:37.551+0000] {logging_mixin.py:149} INFO - [2023-06-09T05:59:37.551+0000] {dag.py:3490} INFO - Setting next_dagrun for example_short_circuit_decorator to 2023-06-08T05:59:37.551283+00:00, run_after=2023-06-09T05:59:37.551283+00:00
[2023-06-09T05:59:37.575+0000] {processor.py:179} INFO - Processing /home/airflow/.local/lib/python3.7/site-packages/airflow/example_dags/example_short_circuit_decorator.py took 0.132 seconds
[2023-06-09T06:00:08.069+0000] {processor.py:157} INFO - Started process (PID=344) to work on /home/airflow/.local/lib/python3.7/site-packages/airflow/example_dags/example_short_circuit_decorator.py
[2023-06-09T06:00:08.071+0000] {processor.py:826} INFO - Processing file /home/airflow/.local/lib/python3.7/site-packages/airflow/example_dags/example_short_circuit_decorator.py for tasks to queue
[2023-06-09T06:00:08.071+0000] {logging_mixin.py:149} INFO - [2023-06-09T06:00:08.071+0000] {dagbag.py:541} INFO - Filling up the DagBag from /home/airflow/.local/lib/python3.7/site-packages/airflow/example_dags/example_short_circuit_decorator.py
[2023-06-09T06:00:08.084+0000] {processor.py:836} INFO - DAG(s) dict_keys(['example_short_circuit_decorator']) retrieved from /home/airflow/.local/lib/python3.7/site-packages/airflow/example_dags/example_short_circuit_decorator.py
[2023-06-09T06:00:08.118+0000] {logging_mixin.py:149} INFO - [2023-06-09T06:00:08.118+0000] {dag.py:2726} INFO - Sync 1 DAGs
[2023-06-09T06:00:08.152+0000] {logging_mixin.py:149} INFO - [2023-06-09T06:00:08.152+0000] {dag.py:3490} INFO - Setting next_dagrun for example_short_circuit_decorator to 2023-06-08T06:00:08.152319+00:00, run_after=2023-06-09T06:00:08.152319+00:00
[2023-06-09T06:00:08.177+0000] {processor.py:179} INFO - Processing /home/airflow/.local/lib/python3.7/site-packages/airflow/example_dags/example_short_circuit_decorator.py took 0.112 seconds
[2023-06-09T06:00:38.800+0000] {processor.py:157} INFO - Started process (PID=398) to work on /home/airflow/.local/lib/python3.7/site-packages/airflow/example_dags/example_short_circuit_decorator.py
[2023-06-09T06:00:38.801+0000] {processor.py:826} INFO - Processing file /home/airflow/.local/lib/python3.7/site-packages/airflow/example_dags/example_short_circuit_decorator.py for tasks to queue
[2023-06-09T06:00:38.801+0000] {logging_mixin.py:149} INFO - [2023-06-09T06:00:38.801+0000] {dagbag.py:541} INFO - Filling up the DagBag from /home/airflow/.local/lib/python3.7/site-packages/airflow/example_dags/example_short_circuit_decorator.py
[2023-06-09T06:00:38.813+0000] {processor.py:836} INFO - DAG(s) dict_keys(['example_short_circuit_decorator']) retrieved from /home/airflow/.local/lib/python3.7/site-packages/airflow/example_dags/example_short_circuit_decorator.py
[2023-06-09T06:00:38.847+0000] {logging_mixin.py:149} INFO - [2023-06-09T06:00:38.847+0000] {dag.py:2726} INFO - Sync 1 DAGs
[2023-06-09T06:00:38.880+0000] {logging_mixin.py:149} INFO - [2023-06-09T06:00:38.880+0000] {dag.py:3490} INFO - Setting next_dagrun for example_short_circuit_decorator to 2023-06-08T06:00:38.880156+00:00, run_after=2023-06-09T06:00:38.880156+00:00
[2023-06-09T06:00:38.903+0000] {processor.py:179} INFO - Processing /home/airflow/.local/lib/python3.7/site-packages/airflow/example_dags/example_short_circuit_decorator.py took 0.107 seconds
[2023-06-09T06:01:08.966+0000] {processor.py:157} INFO - Started process (PID=451) to work on /home/airflow/.local/lib/python3.7/site-packages/airflow/example_dags/example_short_circuit_decorator.py
[2023-06-09T06:01:08.968+0000] {processor.py:826} INFO - Processing file /home/airflow/.local/lib/python3.7/site-packages/airflow/example_dags/example_short_circuit_decorator.py for tasks to queue
[2023-06-09T06:01:08.969+0000] {logging_mixin.py:149} INFO - [2023-06-09T06:01:08.969+0000] {dagbag.py:541} INFO - Filling up the DagBag from /home/airflow/.local/lib/python3.7/site-packages/airflow/example_dags/example_short_circuit_decorator.py
[2023-06-09T06:01:08.985+0000] {processor.py:836} INFO - DAG(s) dict_keys(['example_short_circuit_decorator']) retrieved from /home/airflow/.local/lib/python3.7/site-packages/airflow/example_dags/example_short_circuit_decorator.py
[2023-06-09T06:01:09.019+0000] {logging_mixin.py:149} INFO - [2023-06-09T06:01:09.018+0000] {dag.py:2726} INFO - Sync 1 DAGs
[2023-06-09T06:01:09.064+0000] {logging_mixin.py:149} INFO - [2023-06-09T06:01:09.064+0000] {dag.py:3490} INFO - Setting next_dagrun for example_short_circuit_decorator to 2023-06-08T06:01:09.064323+00:00, run_after=2023-06-09T06:01:09.064323+00:00
[2023-06-09T06:01:09.109+0000] {processor.py:179} INFO - Processing /home/airflow/.local/lib/python3.7/site-packages/airflow/example_dags/example_short_circuit_decorator.py took 0.146 seconds
[2023-06-09T06:01:39.780+0000] {processor.py:157} INFO - Started process (PID=506) to work on /home/airflow/.local/lib/python3.7/site-packages/airflow/example_dags/example_short_circuit_decorator.py
[2023-06-09T06:01:39.782+0000] {processor.py:826} INFO - Processing file /home/airflow/.local/lib/python3.7/site-packages/airflow/example_dags/example_short_circuit_decorator.py for tasks to queue
[2023-06-09T06:01:39.782+0000] {logging_mixin.py:149} INFO - [2023-06-09T06:01:39.782+0000] {dagbag.py:541} INFO - Filling up the DagBag from /home/airflow/.local/lib/python3.7/site-packages/airflow/example_dags/example_short_circuit_decorator.py
[2023-06-09T06:01:39.794+0000] {processor.py:836} INFO - DAG(s) dict_keys(['example_short_circuit_decorator']) retrieved from /home/airflow/.local/lib/python3.7/site-packages/airflow/example_dags/example_short_circuit_decorator.py
[2023-06-09T06:01:39.828+0000] {logging_mixin.py:149} INFO - [2023-06-09T06:01:39.827+0000] {dag.py:2726} INFO - Sync 1 DAGs
[2023-06-09T06:01:39.860+0000] {logging_mixin.py:149} INFO - [2023-06-09T06:01:39.860+0000] {dag.py:3490} INFO - Setting next_dagrun for example_short_circuit_decorator to 2023-06-08T06:01:39.860418+00:00, run_after=2023-06-09T06:01:39.860418+00:00
[2023-06-09T06:01:39.883+0000] {processor.py:179} INFO - Processing /home/airflow/.local/lib/python3.7/site-packages/airflow/example_dags/example_short_circuit_decorator.py took 0.106 seconds
[2023-06-09T06:02:10.474+0000] {processor.py:157} INFO - Started process (PID=561) to work on /home/airflow/.local/lib/python3.7/site-packages/airflow/example_dags/example_short_circuit_decorator.py
[2023-06-09T06:02:10.475+0000] {processor.py:826} INFO - Processing file /home/airflow/.local/lib/python3.7/site-packages/airflow/example_dags/example_short_circuit_decorator.py for tasks to queue
[2023-06-09T06:02:10.476+0000] {logging_mixin.py:149} INFO - [2023-06-09T06:02:10.476+0000] {dagbag.py:541} INFO - Filling up the DagBag from /home/airflow/.local/lib/python3.7/site-packages/airflow/example_dags/example_short_circuit_decorator.py
[2023-06-09T06:02:10.488+0000] {processor.py:836} INFO - DAG(s) dict_keys(['example_short_circuit_decorator']) retrieved from /home/airflow/.local/lib/python3.7/site-packages/airflow/example_dags/example_short_circuit_decorator.py
[2023-06-09T06:02:10.527+0000] {logging_mixin.py:149} INFO - [2023-06-09T06:02:10.527+0000] {dag.py:2726} INFO - Sync 1 DAGs
[2023-06-09T06:02:10.560+0000] {logging_mixin.py:149} INFO - [2023-06-09T06:02:10.560+0000] {dag.py:3490} INFO - Setting next_dagrun for example_short_circuit_decorator to 2023-06-08T06:02:10.560494+00:00, run_after=2023-06-09T06:02:10.560494+00:00
[2023-06-09T06:02:10.584+0000] {processor.py:179} INFO - Processing /home/airflow/.local/lib/python3.7/site-packages/airflow/example_dags/example_short_circuit_decorator.py took 0.113 seconds
[2023-06-09T06:02:41.100+0000] {processor.py:157} INFO - Started process (PID=616) to work on /home/airflow/.local/lib/python3.7/site-packages/airflow/example_dags/example_short_circuit_decorator.py
[2023-06-09T06:02:41.101+0000] {processor.py:826} INFO - Processing file /home/airflow/.local/lib/python3.7/site-packages/airflow/example_dags/example_short_circuit_decorator.py for tasks to queue
[2023-06-09T06:02:41.102+0000] {logging_mixin.py:149} INFO - [2023-06-09T06:02:41.102+0000] {dagbag.py:541} INFO - Filling up the DagBag from /home/airflow/.local/lib/python3.7/site-packages/airflow/example_dags/example_short_circuit_decorator.py
[2023-06-09T06:02:41.114+0000] {processor.py:836} INFO - DAG(s) dict_keys(['example_short_circuit_decorator']) retrieved from /home/airflow/.local/lib/python3.7/site-packages/airflow/example_dags/example_short_circuit_decorator.py
[2023-06-09T06:02:41.147+0000] {logging_mixin.py:149} INFO - [2023-06-09T06:02:41.147+0000] {dag.py:2726} INFO - Sync 1 DAGs
[2023-06-09T06:02:41.181+0000] {logging_mixin.py:149} INFO - [2023-06-09T06:02:41.181+0000] {dag.py:3490} INFO - Setting next_dagrun for example_short_circuit_decorator to 2023-06-08T06:02:41.181111+00:00, run_after=2023-06-09T06:02:41.181111+00:00
[2023-06-09T06:02:41.204+0000] {processor.py:179} INFO - Processing /home/airflow/.local/lib/python3.7/site-packages/airflow/example_dags/example_short_circuit_decorator.py took 0.108 seconds
[2023-06-09T06:03:11.912+0000] {processor.py:157} INFO - Started process (PID=669) to work on /home/airflow/.local/lib/python3.7/site-packages/airflow/example_dags/example_short_circuit_decorator.py
[2023-06-09T06:03:11.913+0000] {processor.py:826} INFO - Processing file /home/airflow/.local/lib/python3.7/site-packages/airflow/example_dags/example_short_circuit_decorator.py for tasks to queue
[2023-06-09T06:03:11.914+0000] {logging_mixin.py:149} INFO - [2023-06-09T06:03:11.914+0000] {dagbag.py:541} INFO - Filling up the DagBag from /home/airflow/.local/lib/python3.7/site-packages/airflow/example_dags/example_short_circuit_decorator.py
[2023-06-09T06:03:11.927+0000] {processor.py:836} INFO - DAG(s) dict_keys(['example_short_circuit_decorator']) retrieved from /home/airflow/.local/lib/python3.7/site-packages/airflow/example_dags/example_short_circuit_decorator.py
[2023-06-09T06:03:11.962+0000] {logging_mixin.py:149} INFO - [2023-06-09T06:03:11.961+0000] {dag.py:2726} INFO - Sync 1 DAGs
[2023-06-09T06:03:11.997+0000] {logging_mixin.py:149} INFO - [2023-06-09T06:03:11.997+0000] {dag.py:3490} INFO - Setting next_dagrun for example_short_circuit_decorator to 2023-06-08T06:03:11.996893+00:00, run_after=2023-06-09T06:03:11.996893+00:00
[2023-06-09T06:03:12.022+0000] {processor.py:179} INFO - Processing /home/airflow/.local/lib/python3.7/site-packages/airflow/example_dags/example_short_circuit_decorator.py took 0.114 seconds
[2023-06-09T06:03:42.814+0000] {processor.py:157} INFO - Started process (PID=723) to work on /home/airflow/.local/lib/python3.7/site-packages/airflow/example_dags/example_short_circuit_decorator.py
[2023-06-09T06:03:42.816+0000] {processor.py:826} INFO - Processing file /home/airflow/.local/lib/python3.7/site-packages/airflow/example_dags/example_short_circuit_decorator.py for tasks to queue
[2023-06-09T06:03:42.816+0000] {logging_mixin.py:149} INFO - [2023-06-09T06:03:42.816+0000] {dagbag.py:541} INFO - Filling up the DagBag from /home/airflow/.local/lib/python3.7/site-packages/airflow/example_dags/example_short_circuit_decorator.py
[2023-06-09T06:03:42.829+0000] {processor.py:836} INFO - DAG(s) dict_keys(['example_short_circuit_decorator']) retrieved from /home/airflow/.local/lib/python3.7/site-packages/airflow/example_dags/example_short_circuit_decorator.py
[2023-06-09T06:03:42.865+0000] {logging_mixin.py:149} INFO - [2023-06-09T06:03:42.864+0000] {dag.py:2726} INFO - Sync 1 DAGs
[2023-06-09T06:03:42.900+0000] {logging_mixin.py:149} INFO - [2023-06-09T06:03:42.899+0000] {dag.py:3490} INFO - Setting next_dagrun for example_short_circuit_decorator to 2023-06-08T06:03:42.899574+00:00, run_after=2023-06-09T06:03:42.899574+00:00
[2023-06-09T06:03:42.924+0000] {processor.py:179} INFO - Processing /home/airflow/.local/lib/python3.7/site-packages/airflow/example_dags/example_short_circuit_decorator.py took 0.114 seconds
[2023-06-09T06:04:13.978+0000] {processor.py:157} INFO - Started process (PID=776) to work on /home/airflow/.local/lib/python3.7/site-packages/airflow/example_dags/example_short_circuit_decorator.py
[2023-06-09T06:04:13.978+0000] {processor.py:826} INFO - Processing file /home/airflow/.local/lib/python3.7/site-packages/airflow/example_dags/example_short_circuit_decorator.py for tasks to queue
[2023-06-09T06:04:13.979+0000] {logging_mixin.py:149} INFO - [2023-06-09T06:04:13.979+0000] {dagbag.py:541} INFO - Filling up the DagBag from /home/airflow/.local/lib/python3.7/site-packages/airflow/example_dags/example_short_circuit_decorator.py
[2023-06-09T06:04:13.999+0000] {processor.py:836} INFO - DAG(s) dict_keys(['example_short_circuit_decorator']) retrieved from /home/airflow/.local/lib/python3.7/site-packages/airflow/example_dags/example_short_circuit_decorator.py
[2023-06-09T06:04:14.063+0000] {logging_mixin.py:149} INFO - [2023-06-09T06:04:14.062+0000] {dag.py:2726} INFO - Sync 1 DAGs
[2023-06-09T06:04:14.129+0000] {logging_mixin.py:149} INFO - [2023-06-09T06:04:14.129+0000] {dag.py:3490} INFO - Setting next_dagrun for example_short_circuit_decorator to 2023-06-08T06:04:14.129028+00:00, run_after=2023-06-09T06:04:14.129028+00:00
[2023-06-09T06:04:14.193+0000] {processor.py:179} INFO - Processing /home/airflow/.local/lib/python3.7/site-packages/airflow/example_dags/example_short_circuit_decorator.py took 0.230 seconds
[2023-06-09T06:04:44.236+0000] {processor.py:157} INFO - Started process (PID=828) to work on /home/airflow/.local/lib/python3.7/site-packages/airflow/example_dags/example_short_circuit_decorator.py
[2023-06-09T06:04:44.237+0000] {processor.py:826} INFO - Processing file /home/airflow/.local/lib/python3.7/site-packages/airflow/example_dags/example_short_circuit_decorator.py for tasks to queue
[2023-06-09T06:04:44.238+0000] {logging_mixin.py:149} INFO - [2023-06-09T06:04:44.238+0000] {dagbag.py:541} INFO - Filling up the DagBag from /home/airflow/.local/lib/python3.7/site-packages/airflow/example_dags/example_short_circuit_decorator.py
[2023-06-09T06:04:44.250+0000] {processor.py:836} INFO - DAG(s) dict_keys(['example_short_circuit_decorator']) retrieved from /home/airflow/.local/lib/python3.7/site-packages/airflow/example_dags/example_short_circuit_decorator.py
[2023-06-09T06:04:44.288+0000] {logging_mixin.py:149} INFO - [2023-06-09T06:04:44.288+0000] {dag.py:2726} INFO - Sync 1 DAGs
[2023-06-09T06:04:44.321+0000] {logging_mixin.py:149} INFO - [2023-06-09T06:04:44.321+0000] {dag.py:3490} INFO - Setting next_dagrun for example_short_circuit_decorator to 2023-06-08T06:04:44.321230+00:00, run_after=2023-06-09T06:04:44.321230+00:00
[2023-06-09T06:04:44.345+0000] {processor.py:179} INFO - Processing /home/airflow/.local/lib/python3.7/site-packages/airflow/example_dags/example_short_circuit_decorator.py took 0.113 seconds
[2023-06-09T06:05:14.774+0000] {processor.py:157} INFO - Started process (PID=882) to work on /home/airflow/.local/lib/python3.7/site-packages/airflow/example_dags/example_short_circuit_decorator.py
[2023-06-09T06:05:14.775+0000] {processor.py:826} INFO - Processing file /home/airflow/.local/lib/python3.7/site-packages/airflow/example_dags/example_short_circuit_decorator.py for tasks to queue
[2023-06-09T06:05:14.776+0000] {logging_mixin.py:149} INFO - [2023-06-09T06:05:14.776+0000] {dagbag.py:541} INFO - Filling up the DagBag from /home/airflow/.local/lib/python3.7/site-packages/airflow/example_dags/example_short_circuit_decorator.py
[2023-06-09T06:05:14.788+0000] {processor.py:836} INFO - DAG(s) dict_keys(['example_short_circuit_decorator']) retrieved from /home/airflow/.local/lib/python3.7/site-packages/airflow/example_dags/example_short_circuit_decorator.py
[2023-06-09T06:05:14.820+0000] {logging_mixin.py:149} INFO - [2023-06-09T06:05:14.820+0000] {dag.py:2726} INFO - Sync 1 DAGs
[2023-06-09T06:05:14.854+0000] {logging_mixin.py:149} INFO - [2023-06-09T06:05:14.854+0000] {dag.py:3490} INFO - Setting next_dagrun for example_short_circuit_decorator to 2023-06-08T06:05:14.854320+00:00, run_after=2023-06-09T06:05:14.854320+00:00
[2023-06-09T06:05:14.878+0000] {processor.py:179} INFO - Processing /home/airflow/.local/lib/python3.7/site-packages/airflow/example_dags/example_short_circuit_decorator.py took 0.108 seconds
[2023-06-09T06:05:45.333+0000] {processor.py:157} INFO - Started process (PID=936) to work on /home/airflow/.local/lib/python3.7/site-packages/airflow/example_dags/example_short_circuit_decorator.py
[2023-06-09T06:05:45.333+0000] {processor.py:826} INFO - Processing file /home/airflow/.local/lib/python3.7/site-packages/airflow/example_dags/example_short_circuit_decorator.py for tasks to queue
[2023-06-09T06:05:45.334+0000] {logging_mixin.py:149} INFO - [2023-06-09T06:05:45.334+0000] {dagbag.py:541} INFO - Filling up the DagBag from /home/airflow/.local/lib/python3.7/site-packages/airflow/example_dags/example_short_circuit_decorator.py
[2023-06-09T06:05:45.346+0000] {processor.py:836} INFO - DAG(s) dict_keys(['example_short_circuit_decorator']) retrieved from /home/airflow/.local/lib/python3.7/site-packages/airflow/example_dags/example_short_circuit_decorator.py
[2023-06-09T06:05:45.381+0000] {logging_mixin.py:149} INFO - [2023-06-09T06:05:45.381+0000] {dag.py:2726} INFO - Sync 1 DAGs
[2023-06-09T06:05:45.414+0000] {logging_mixin.py:149} INFO - [2023-06-09T06:05:45.414+0000] {dag.py:3490} INFO - Setting next_dagrun for example_short_circuit_decorator to 2023-06-08T06:05:45.414164+00:00, run_after=2023-06-09T06:05:45.414164+00:00
[2023-06-09T06:05:45.450+0000] {processor.py:179} INFO - Processing /home/airflow/.local/lib/python3.7/site-packages/airflow/example_dags/example_short_circuit_decorator.py took 0.121 seconds
[2023-06-09T06:06:16.064+0000] {processor.py:157} INFO - Started process (PID=989) to work on /home/airflow/.local/lib/python3.7/site-packages/airflow/example_dags/example_short_circuit_decorator.py
[2023-06-09T06:06:16.066+0000] {processor.py:826} INFO - Processing file /home/airflow/.local/lib/python3.7/site-packages/airflow/example_dags/example_short_circuit_decorator.py for tasks to queue
[2023-06-09T06:06:16.066+0000] {logging_mixin.py:149} INFO - [2023-06-09T06:06:16.066+0000] {dagbag.py:541} INFO - Filling up the DagBag from /home/airflow/.local/lib/python3.7/site-packages/airflow/example_dags/example_short_circuit_decorator.py
[2023-06-09T06:06:16.079+0000] {processor.py:836} INFO - DAG(s) dict_keys(['example_short_circuit_decorator']) retrieved from /home/airflow/.local/lib/python3.7/site-packages/airflow/example_dags/example_short_circuit_decorator.py
[2023-06-09T06:06:16.111+0000] {logging_mixin.py:149} INFO - [2023-06-09T06:06:16.110+0000] {dag.py:2726} INFO - Sync 1 DAGs
[2023-06-09T06:06:16.144+0000] {logging_mixin.py:149} INFO - [2023-06-09T06:06:16.144+0000] {dag.py:3490} INFO - Setting next_dagrun for example_short_circuit_decorator to 2023-06-08T06:06:16.143788+00:00, run_after=2023-06-09T06:06:16.143788+00:00
[2023-06-09T06:06:16.168+0000] {processor.py:179} INFO - Processing /home/airflow/.local/lib/python3.7/site-packages/airflow/example_dags/example_short_circuit_decorator.py took 0.107 seconds
[2023-06-09T06:06:46.549+0000] {processor.py:157} INFO - Started process (PID=1042) to work on /home/airflow/.local/lib/python3.7/site-packages/airflow/example_dags/example_short_circuit_decorator.py
[2023-06-09T06:06:46.550+0000] {processor.py:826} INFO - Processing file /home/airflow/.local/lib/python3.7/site-packages/airflow/example_dags/example_short_circuit_decorator.py for tasks to queue
[2023-06-09T06:06:46.551+0000] {logging_mixin.py:149} INFO - [2023-06-09T06:06:46.551+0000] {dagbag.py:541} INFO - Filling up the DagBag from /home/airflow/.local/lib/python3.7/site-packages/airflow/example_dags/example_short_circuit_decorator.py
[2023-06-09T06:06:46.563+0000] {processor.py:836} INFO - DAG(s) dict_keys(['example_short_circuit_decorator']) retrieved from /home/airflow/.local/lib/python3.7/site-packages/airflow/example_dags/example_short_circuit_decorator.py
[2023-06-09T06:06:46.596+0000] {logging_mixin.py:149} INFO - [2023-06-09T06:06:46.595+0000] {dag.py:2726} INFO - Sync 1 DAGs
[2023-06-09T06:06:46.628+0000] {logging_mixin.py:149} INFO - [2023-06-09T06:06:46.628+0000] {dag.py:3490} INFO - Setting next_dagrun for example_short_circuit_decorator to 2023-06-08T06:06:46.628423+00:00, run_after=2023-06-09T06:06:46.628423+00:00
[2023-06-09T06:06:46.651+0000] {processor.py:179} INFO - Processing /home/airflow/.local/lib/python3.7/site-packages/airflow/example_dags/example_short_circuit_decorator.py took 0.105 seconds
[2023-06-09T06:07:16.832+0000] {processor.py:157} INFO - Started process (PID=1097) to work on /home/airflow/.local/lib/python3.7/site-packages/airflow/example_dags/example_short_circuit_decorator.py
[2023-06-09T06:07:16.834+0000] {processor.py:826} INFO - Processing file /home/airflow/.local/lib/python3.7/site-packages/airflow/example_dags/example_short_circuit_decorator.py for tasks to queue
[2023-06-09T06:07:16.834+0000] {logging_mixin.py:149} INFO - [2023-06-09T06:07:16.834+0000] {dagbag.py:541} INFO - Filling up the DagBag from /home/airflow/.local/lib/python3.7/site-packages/airflow/example_dags/example_short_circuit_decorator.py
[2023-06-09T06:07:16.847+0000] {processor.py:836} INFO - DAG(s) dict_keys(['example_short_circuit_decorator']) retrieved from /home/airflow/.local/lib/python3.7/site-packages/airflow/example_dags/example_short_circuit_decorator.py
[2023-06-09T06:07:16.881+0000] {logging_mixin.py:149} INFO - [2023-06-09T06:07:16.881+0000] {dag.py:2726} INFO - Sync 1 DAGs
[2023-06-09T06:07:16.913+0000] {logging_mixin.py:149} INFO - [2023-06-09T06:07:16.913+0000] {dag.py:3490} INFO - Setting next_dagrun for example_short_circuit_decorator to 2023-06-08T06:07:16.913039+00:00, run_after=2023-06-09T06:07:16.913039+00:00
[2023-06-09T06:07:16.936+0000] {processor.py:179} INFO - Processing /home/airflow/.local/lib/python3.7/site-packages/airflow/example_dags/example_short_circuit_decorator.py took 0.108 seconds
[2023-06-09T06:07:47.150+0000] {processor.py:157} INFO - Started process (PID=1151) to work on /home/airflow/.local/lib/python3.7/site-packages/airflow/example_dags/example_short_circuit_decorator.py
[2023-06-09T06:07:47.151+0000] {processor.py:826} INFO - Processing file /home/airflow/.local/lib/python3.7/site-packages/airflow/example_dags/example_short_circuit_decorator.py for tasks to queue
[2023-06-09T06:07:47.152+0000] {logging_mixin.py:149} INFO - [2023-06-09T06:07:47.152+0000] {dagbag.py:541} INFO - Filling up the DagBag from /home/airflow/.local/lib/python3.7/site-packages/airflow/example_dags/example_short_circuit_decorator.py
[2023-06-09T06:07:47.164+0000] {processor.py:836} INFO - DAG(s) dict_keys(['example_short_circuit_decorator']) retrieved from /home/airflow/.local/lib/python3.7/site-packages/airflow/example_dags/example_short_circuit_decorator.py
[2023-06-09T06:07:47.197+0000] {logging_mixin.py:149} INFO - [2023-06-09T06:07:47.197+0000] {dag.py:2726} INFO - Sync 1 DAGs
[2023-06-09T06:07:47.231+0000] {logging_mixin.py:149} INFO - [2023-06-09T06:07:47.230+0000] {dag.py:3490} INFO - Setting next_dagrun for example_short_circuit_decorator to 2023-06-08T06:07:47.230692+00:00, run_after=2023-06-09T06:07:47.230692+00:00
[2023-06-09T06:07:47.254+0000] {processor.py:179} INFO - Processing /home/airflow/.local/lib/python3.7/site-packages/airflow/example_dags/example_short_circuit_decorator.py took 0.108 seconds
[2023-06-09T06:08:17.886+0000] {processor.py:157} INFO - Started process (PID=1204) to work on /home/airflow/.local/lib/python3.7/site-packages/airflow/example_dags/example_short_circuit_decorator.py
[2023-06-09T06:08:17.888+0000] {processor.py:826} INFO - Processing file /home/airflow/.local/lib/python3.7/site-packages/airflow/example_dags/example_short_circuit_decorator.py for tasks to queue
[2023-06-09T06:08:17.889+0000] {logging_mixin.py:149} INFO - [2023-06-09T06:08:17.888+0000] {dagbag.py:541} INFO - Filling up the DagBag from /home/airflow/.local/lib/python3.7/site-packages/airflow/example_dags/example_short_circuit_decorator.py
[2023-06-09T06:08:17.901+0000] {processor.py:836} INFO - DAG(s) dict_keys(['example_short_circuit_decorator']) retrieved from /home/airflow/.local/lib/python3.7/site-packages/airflow/example_dags/example_short_circuit_decorator.py
[2023-06-09T06:08:17.935+0000] {logging_mixin.py:149} INFO - [2023-06-09T06:08:17.935+0000] {dag.py:2726} INFO - Sync 1 DAGs
[2023-06-09T06:08:17.970+0000] {logging_mixin.py:149} INFO - [2023-06-09T06:08:17.970+0000] {dag.py:3490} INFO - Setting next_dagrun for example_short_circuit_decorator to 2023-06-08T06:08:17.969802+00:00, run_after=2023-06-09T06:08:17.969802+00:00
[2023-06-09T06:08:17.993+0000] {processor.py:179} INFO - Processing /home/airflow/.local/lib/python3.7/site-packages/airflow/example_dags/example_short_circuit_decorator.py took 0.111 seconds
[2023-06-09T06:08:48.321+0000] {processor.py:157} INFO - Started process (PID=1258) to work on /home/airflow/.local/lib/python3.7/site-packages/airflow/example_dags/example_short_circuit_decorator.py
[2023-06-09T06:08:48.322+0000] {processor.py:826} INFO - Processing file /home/airflow/.local/lib/python3.7/site-packages/airflow/example_dags/example_short_circuit_decorator.py for tasks to queue
[2023-06-09T06:08:48.322+0000] {logging_mixin.py:149} INFO - [2023-06-09T06:08:48.322+0000] {dagbag.py:541} INFO - Filling up the DagBag from /home/airflow/.local/lib/python3.7/site-packages/airflow/example_dags/example_short_circuit_decorator.py
[2023-06-09T06:08:48.335+0000] {processor.py:836} INFO - DAG(s) dict_keys(['example_short_circuit_decorator']) retrieved from /home/airflow/.local/lib/python3.7/site-packages/airflow/example_dags/example_short_circuit_decorator.py
[2023-06-09T06:08:48.370+0000] {logging_mixin.py:149} INFO - [2023-06-09T06:08:48.369+0000] {dag.py:2726} INFO - Sync 1 DAGs
[2023-06-09T06:08:48.404+0000] {logging_mixin.py:149} INFO - [2023-06-09T06:08:48.404+0000] {dag.py:3490} INFO - Setting next_dagrun for example_short_circuit_decorator to 2023-06-08T06:08:48.403822+00:00, run_after=2023-06-09T06:08:48.403822+00:00
[2023-06-09T06:08:48.430+0000] {processor.py:179} INFO - Processing /home/airflow/.local/lib/python3.7/site-packages/airflow/example_dags/example_short_circuit_decorator.py took 0.113 seconds
[2023-06-09T06:09:18.800+0000] {processor.py:157} INFO - Started process (PID=1311) to work on /home/airflow/.local/lib/python3.7/site-packages/airflow/example_dags/example_short_circuit_decorator.py
[2023-06-09T06:09:18.801+0000] {processor.py:826} INFO - Processing file /home/airflow/.local/lib/python3.7/site-packages/airflow/example_dags/example_short_circuit_decorator.py for tasks to queue
[2023-06-09T06:09:18.802+0000] {logging_mixin.py:149} INFO - [2023-06-09T06:09:18.802+0000] {dagbag.py:541} INFO - Filling up the DagBag from /home/airflow/.local/lib/python3.7/site-packages/airflow/example_dags/example_short_circuit_decorator.py
[2023-06-09T06:09:18.814+0000] {processor.py:836} INFO - DAG(s) dict_keys(['example_short_circuit_decorator']) retrieved from /home/airflow/.local/lib/python3.7/site-packages/airflow/example_dags/example_short_circuit_decorator.py
[2023-06-09T06:09:18.848+0000] {logging_mixin.py:149} INFO - [2023-06-09T06:09:18.848+0000] {dag.py:2726} INFO - Sync 1 DAGs
[2023-06-09T06:09:18.881+0000] {logging_mixin.py:149} INFO - [2023-06-09T06:09:18.881+0000] {dag.py:3490} INFO - Setting next_dagrun for example_short_circuit_decorator to 2023-06-08T06:09:18.881440+00:00, run_after=2023-06-09T06:09:18.881440+00:00
[2023-06-09T06:09:18.907+0000] {processor.py:179} INFO - Processing /home/airflow/.local/lib/python3.7/site-packages/airflow/example_dags/example_short_circuit_decorator.py took 0.111 seconds
[2023-06-09T06:09:49.021+0000] {processor.py:157} INFO - Started process (PID=1366) to work on /home/airflow/.local/lib/python3.7/site-packages/airflow/example_dags/example_short_circuit_decorator.py
[2023-06-09T06:09:49.021+0000] {processor.py:826} INFO - Processing file /home/airflow/.local/lib/python3.7/site-packages/airflow/example_dags/example_short_circuit_decorator.py for tasks to queue
[2023-06-09T06:09:49.022+0000] {logging_mixin.py:149} INFO - [2023-06-09T06:09:49.022+0000] {dagbag.py:541} INFO - Filling up the DagBag from /home/airflow/.local/lib/python3.7/site-packages/airflow/example_dags/example_short_circuit_decorator.py
[2023-06-09T06:09:49.034+0000] {processor.py:836} INFO - DAG(s) dict_keys(['example_short_circuit_decorator']) retrieved from /home/airflow/.local/lib/python3.7/site-packages/airflow/example_dags/example_short_circuit_decorator.py
[2023-06-09T06:09:49.068+0000] {logging_mixin.py:149} INFO - [2023-06-09T06:09:49.067+0000] {dag.py:2726} INFO - Sync 1 DAGs
[2023-06-09T06:09:49.102+0000] {logging_mixin.py:149} INFO - [2023-06-09T06:09:49.102+0000] {dag.py:3490} INFO - Setting next_dagrun for example_short_circuit_decorator to 2023-06-08T06:09:49.102222+00:00, run_after=2023-06-09T06:09:49.102222+00:00
[2023-06-09T06:09:49.126+0000] {processor.py:179} INFO - Processing /home/airflow/.local/lib/python3.7/site-packages/airflow/example_dags/example_short_circuit_decorator.py took 0.109 seconds
[2023-06-09T06:10:19.275+0000] {processor.py:157} INFO - Started process (PID=1420) to work on /home/airflow/.local/lib/python3.7/site-packages/airflow/example_dags/example_short_circuit_decorator.py
[2023-06-09T06:10:19.284+0000] {processor.py:826} INFO - Processing file /home/airflow/.local/lib/python3.7/site-packages/airflow/example_dags/example_short_circuit_decorator.py for tasks to queue
[2023-06-09T06:10:19.285+0000] {logging_mixin.py:149} INFO - [2023-06-09T06:10:19.285+0000] {dagbag.py:541} INFO - Filling up the DagBag from /home/airflow/.local/lib/python3.7/site-packages/airflow/example_dags/example_short_circuit_decorator.py
[2023-06-09T06:10:19.305+0000] {processor.py:836} INFO - DAG(s) dict_keys(['example_short_circuit_decorator']) retrieved from /home/airflow/.local/lib/python3.7/site-packages/airflow/example_dags/example_short_circuit_decorator.py
[2023-06-09T06:10:19.377+0000] {logging_mixin.py:149} INFO - [2023-06-09T06:10:19.376+0000] {dag.py:2726} INFO - Sync 1 DAGs
[2023-06-09T06:10:19.440+0000] {logging_mixin.py:149} INFO - [2023-06-09T06:10:19.439+0000] {dag.py:3490} INFO - Setting next_dagrun for example_short_circuit_decorator to 2023-06-08T06:10:19.439377+00:00, run_after=2023-06-09T06:10:19.439377+00:00
[2023-06-09T06:10:19.523+0000] {processor.py:179} INFO - Processing /home/airflow/.local/lib/python3.7/site-packages/airflow/example_dags/example_short_circuit_decorator.py took 0.264 seconds
[2023-06-09T06:10:50.405+0000] {processor.py:157} INFO - Started process (PID=1473) to work on /home/airflow/.local/lib/python3.7/site-packages/airflow/example_dags/example_short_circuit_decorator.py
[2023-06-09T06:10:50.415+0000] {processor.py:826} INFO - Processing file /home/airflow/.local/lib/python3.7/site-packages/airflow/example_dags/example_short_circuit_decorator.py for tasks to queue
[2023-06-09T06:10:50.416+0000] {logging_mixin.py:149} INFO - [2023-06-09T06:10:50.416+0000] {dagbag.py:541} INFO - Filling up the DagBag from /home/airflow/.local/lib/python3.7/site-packages/airflow/example_dags/example_short_circuit_decorator.py
[2023-06-09T06:10:50.436+0000] {processor.py:836} INFO - DAG(s) dict_keys(['example_short_circuit_decorator']) retrieved from /home/airflow/.local/lib/python3.7/site-packages/airflow/example_dags/example_short_circuit_decorator.py
[2023-06-09T06:10:50.524+0000] {logging_mixin.py:149} INFO - [2023-06-09T06:10:50.524+0000] {dag.py:2726} INFO - Sync 1 DAGs
[2023-06-09T06:10:50.589+0000] {logging_mixin.py:149} INFO - [2023-06-09T06:10:50.588+0000] {dag.py:3490} INFO - Setting next_dagrun for example_short_circuit_decorator to 2023-06-08T06:10:50.588559+00:00, run_after=2023-06-09T06:10:50.588559+00:00
[2023-06-09T06:10:50.630+0000] {processor.py:179} INFO - Processing /home/airflow/.local/lib/python3.7/site-packages/airflow/example_dags/example_short_circuit_decorator.py took 0.229 seconds
[2023-06-09T06:11:20.801+0000] {processor.py:157} INFO - Started process (PID=1525) to work on /home/airflow/.local/lib/python3.7/site-packages/airflow/example_dags/example_short_circuit_decorator.py
[2023-06-09T06:11:20.802+0000] {processor.py:826} INFO - Processing file /home/airflow/.local/lib/python3.7/site-packages/airflow/example_dags/example_short_circuit_decorator.py for tasks to queue
[2023-06-09T06:11:20.803+0000] {logging_mixin.py:149} INFO - [2023-06-09T06:11:20.803+0000] {dagbag.py:541} INFO - Filling up the DagBag from /home/airflow/.local/lib/python3.7/site-packages/airflow/example_dags/example_short_circuit_decorator.py
[2023-06-09T06:11:20.815+0000] {processor.py:836} INFO - DAG(s) dict_keys(['example_short_circuit_decorator']) retrieved from /home/airflow/.local/lib/python3.7/site-packages/airflow/example_dags/example_short_circuit_decorator.py
[2023-06-09T06:11:20.847+0000] {logging_mixin.py:149} INFO - [2023-06-09T06:11:20.847+0000] {dag.py:2726} INFO - Sync 1 DAGs
[2023-06-09T06:11:20.882+0000] {logging_mixin.py:149} INFO - [2023-06-09T06:11:20.881+0000] {dag.py:3490} INFO - Setting next_dagrun for example_short_circuit_decorator to 2023-06-08T06:11:20.881620+00:00, run_after=2023-06-09T06:11:20.881620+00:00
[2023-06-09T06:11:20.905+0000] {processor.py:179} INFO - Processing /home/airflow/.local/lib/python3.7/site-packages/airflow/example_dags/example_short_circuit_decorator.py took 0.109 seconds
[2023-06-09T06:11:51.297+0000] {processor.py:157} INFO - Started process (PID=1579) to work on /home/airflow/.local/lib/python3.7/site-packages/airflow/example_dags/example_short_circuit_decorator.py
[2023-06-09T06:11:51.298+0000] {processor.py:826} INFO - Processing file /home/airflow/.local/lib/python3.7/site-packages/airflow/example_dags/example_short_circuit_decorator.py for tasks to queue
[2023-06-09T06:11:51.298+0000] {logging_mixin.py:149} INFO - [2023-06-09T06:11:51.298+0000] {dagbag.py:541} INFO - Filling up the DagBag from /home/airflow/.local/lib/python3.7/site-packages/airflow/example_dags/example_short_circuit_decorator.py
[2023-06-09T06:11:51.310+0000] {processor.py:836} INFO - DAG(s) dict_keys(['example_short_circuit_decorator']) retrieved from /home/airflow/.local/lib/python3.7/site-packages/airflow/example_dags/example_short_circuit_decorator.py
[2023-06-09T06:11:51.344+0000] {logging_mixin.py:149} INFO - [2023-06-09T06:11:51.344+0000] {dag.py:2726} INFO - Sync 1 DAGs
[2023-06-09T06:11:51.379+0000] {logging_mixin.py:149} INFO - [2023-06-09T06:11:51.379+0000] {dag.py:3490} INFO - Setting next_dagrun for example_short_circuit_decorator to 2023-06-08T06:11:51.379259+00:00, run_after=2023-06-09T06:11:51.379259+00:00
[2023-06-09T06:11:51.404+0000] {processor.py:179} INFO - Processing /home/airflow/.local/lib/python3.7/site-packages/airflow/example_dags/example_short_circuit_decorator.py took 0.111 seconds
[2023-06-09T06:12:21.594+0000] {processor.py:157} INFO - Started process (PID=1634) to work on /home/airflow/.local/lib/python3.7/site-packages/airflow/example_dags/example_short_circuit_decorator.py
[2023-06-09T06:12:21.596+0000] {processor.py:826} INFO - Processing file /home/airflow/.local/lib/python3.7/site-packages/airflow/example_dags/example_short_circuit_decorator.py for tasks to queue
[2023-06-09T06:12:21.596+0000] {logging_mixin.py:149} INFO - [2023-06-09T06:12:21.596+0000] {dagbag.py:541} INFO - Filling up the DagBag from /home/airflow/.local/lib/python3.7/site-packages/airflow/example_dags/example_short_circuit_decorator.py
[2023-06-09T06:12:21.608+0000] {processor.py:836} INFO - DAG(s) dict_keys(['example_short_circuit_decorator']) retrieved from /home/airflow/.local/lib/python3.7/site-packages/airflow/example_dags/example_short_circuit_decorator.py
[2023-06-09T06:12:21.642+0000] {logging_mixin.py:149} INFO - [2023-06-09T06:12:21.642+0000] {dag.py:2726} INFO - Sync 1 DAGs
[2023-06-09T06:12:21.676+0000] {logging_mixin.py:149} INFO - [2023-06-09T06:12:21.676+0000] {dag.py:3490} INFO - Setting next_dagrun for example_short_circuit_decorator to 2023-06-08T06:12:21.676320+00:00, run_after=2023-06-09T06:12:21.676320+00:00
[2023-06-09T06:12:21.701+0000] {processor.py:179} INFO - Processing /home/airflow/.local/lib/python3.7/site-packages/airflow/example_dags/example_short_circuit_decorator.py took 0.111 seconds
[2023-06-09T06:12:52.396+0000] {processor.py:157} INFO - Started process (PID=1688) to work on /home/airflow/.local/lib/python3.7/site-packages/airflow/example_dags/example_short_circuit_decorator.py
[2023-06-09T06:12:52.397+0000] {processor.py:826} INFO - Processing file /home/airflow/.local/lib/python3.7/site-packages/airflow/example_dags/example_short_circuit_decorator.py for tasks to queue
[2023-06-09T06:12:52.398+0000] {logging_mixin.py:149} INFO - [2023-06-09T06:12:52.397+0000] {dagbag.py:541} INFO - Filling up the DagBag from /home/airflow/.local/lib/python3.7/site-packages/airflow/example_dags/example_short_circuit_decorator.py
[2023-06-09T06:12:52.410+0000] {processor.py:836} INFO - DAG(s) dict_keys(['example_short_circuit_decorator']) retrieved from /home/airflow/.local/lib/python3.7/site-packages/airflow/example_dags/example_short_circuit_decorator.py
[2023-06-09T06:12:52.442+0000] {logging_mixin.py:149} INFO - [2023-06-09T06:12:52.442+0000] {dag.py:2726} INFO - Sync 1 DAGs
[2023-06-09T06:12:52.478+0000] {logging_mixin.py:149} INFO - [2023-06-09T06:12:52.478+0000] {dag.py:3490} INFO - Setting next_dagrun for example_short_circuit_decorator to 2023-06-08T06:12:52.478109+00:00, run_after=2023-06-09T06:12:52.478109+00:00
[2023-06-09T06:12:52.502+0000] {processor.py:179} INFO - Processing /home/airflow/.local/lib/python3.7/site-packages/airflow/example_dags/example_short_circuit_decorator.py took 0.110 seconds
[2023-06-09T06:13:22.764+0000] {processor.py:157} INFO - Started process (PID=1742) to work on /home/airflow/.local/lib/python3.7/site-packages/airflow/example_dags/example_short_circuit_decorator.py
[2023-06-09T06:13:22.765+0000] {processor.py:826} INFO - Processing file /home/airflow/.local/lib/python3.7/site-packages/airflow/example_dags/example_short_circuit_decorator.py for tasks to queue
[2023-06-09T06:13:22.766+0000] {logging_mixin.py:149} INFO - [2023-06-09T06:13:22.766+0000] {dagbag.py:541} INFO - Filling up the DagBag from /home/airflow/.local/lib/python3.7/site-packages/airflow/example_dags/example_short_circuit_decorator.py
[2023-06-09T06:13:22.778+0000] {processor.py:836} INFO - DAG(s) dict_keys(['example_short_circuit_decorator']) retrieved from /home/airflow/.local/lib/python3.7/site-packages/airflow/example_dags/example_short_circuit_decorator.py
[2023-06-09T06:13:22.811+0000] {logging_mixin.py:149} INFO - [2023-06-09T06:13:22.811+0000] {dag.py:2726} INFO - Sync 1 DAGs
[2023-06-09T06:13:22.844+0000] {logging_mixin.py:149} INFO - [2023-06-09T06:13:22.844+0000] {dag.py:3490} INFO - Setting next_dagrun for example_short_circuit_decorator to 2023-06-08T06:13:22.843848+00:00, run_after=2023-06-09T06:13:22.843848+00:00
[2023-06-09T06:13:22.867+0000] {processor.py:179} INFO - Processing /home/airflow/.local/lib/python3.7/site-packages/airflow/example_dags/example_short_circuit_decorator.py took 0.107 seconds
[2023-06-09T06:13:53.302+0000] {processor.py:157} INFO - Started process (PID=1796) to work on /home/airflow/.local/lib/python3.7/site-packages/airflow/example_dags/example_short_circuit_decorator.py
[2023-06-09T06:13:53.303+0000] {processor.py:826} INFO - Processing file /home/airflow/.local/lib/python3.7/site-packages/airflow/example_dags/example_short_circuit_decorator.py for tasks to queue
[2023-06-09T06:13:53.304+0000] {logging_mixin.py:149} INFO - [2023-06-09T06:13:53.303+0000] {dagbag.py:541} INFO - Filling up the DagBag from /home/airflow/.local/lib/python3.7/site-packages/airflow/example_dags/example_short_circuit_decorator.py
[2023-06-09T06:13:53.315+0000] {processor.py:836} INFO - DAG(s) dict_keys(['example_short_circuit_decorator']) retrieved from /home/airflow/.local/lib/python3.7/site-packages/airflow/example_dags/example_short_circuit_decorator.py
[2023-06-09T06:13:53.348+0000] {logging_mixin.py:149} INFO - [2023-06-09T06:13:53.348+0000] {dag.py:2726} INFO - Sync 1 DAGs
[2023-06-09T06:13:53.382+0000] {logging_mixin.py:149} INFO - [2023-06-09T06:13:53.382+0000] {dag.py:3490} INFO - Setting next_dagrun for example_short_circuit_decorator to 2023-06-08T06:13:53.382182+00:00, run_after=2023-06-09T06:13:53.382182+00:00
[2023-06-09T06:13:53.405+0000] {processor.py:179} INFO - Processing /home/airflow/.local/lib/python3.7/site-packages/airflow/example_dags/example_short_circuit_decorator.py took 0.106 seconds
[2023-06-09T06:14:23.938+0000] {processor.py:157} INFO - Started process (PID=1849) to work on /home/airflow/.local/lib/python3.7/site-packages/airflow/example_dags/example_short_circuit_decorator.py
[2023-06-09T06:14:23.941+0000] {processor.py:826} INFO - Processing file /home/airflow/.local/lib/python3.7/site-packages/airflow/example_dags/example_short_circuit_decorator.py for tasks to queue
[2023-06-09T06:14:23.941+0000] {logging_mixin.py:149} INFO - [2023-06-09T06:14:23.941+0000] {dagbag.py:541} INFO - Filling up the DagBag from /home/airflow/.local/lib/python3.7/site-packages/airflow/example_dags/example_short_circuit_decorator.py
[2023-06-09T06:14:23.954+0000] {processor.py:836} INFO - DAG(s) dict_keys(['example_short_circuit_decorator']) retrieved from /home/airflow/.local/lib/python3.7/site-packages/airflow/example_dags/example_short_circuit_decorator.py
[2023-06-09T06:14:23.986+0000] {logging_mixin.py:149} INFO - [2023-06-09T06:14:23.986+0000] {dag.py:2726} INFO - Sync 1 DAGs
[2023-06-09T06:14:24.020+0000] {logging_mixin.py:149} INFO - [2023-06-09T06:14:24.020+0000] {dag.py:3490} INFO - Setting next_dagrun for example_short_circuit_decorator to 2023-06-08T06:14:24.020206+00:00, run_after=2023-06-09T06:14:24.020206+00:00
[2023-06-09T06:14:24.045+0000] {processor.py:179} INFO - Processing /home/airflow/.local/lib/python3.7/site-packages/airflow/example_dags/example_short_circuit_decorator.py took 0.111 seconds
[2023-06-09T06:14:54.517+0000] {processor.py:157} INFO - Started process (PID=1903) to work on /home/airflow/.local/lib/python3.7/site-packages/airflow/example_dags/example_short_circuit_decorator.py
[2023-06-09T06:14:54.518+0000] {processor.py:826} INFO - Processing file /home/airflow/.local/lib/python3.7/site-packages/airflow/example_dags/example_short_circuit_decorator.py for tasks to queue
[2023-06-09T06:14:54.518+0000] {logging_mixin.py:149} INFO - [2023-06-09T06:14:54.518+0000] {dagbag.py:541} INFO - Filling up the DagBag from /home/airflow/.local/lib/python3.7/site-packages/airflow/example_dags/example_short_circuit_decorator.py
[2023-06-09T06:14:54.530+0000] {processor.py:836} INFO - DAG(s) dict_keys(['example_short_circuit_decorator']) retrieved from /home/airflow/.local/lib/python3.7/site-packages/airflow/example_dags/example_short_circuit_decorator.py
[2023-06-09T06:14:54.563+0000] {logging_mixin.py:149} INFO - [2023-06-09T06:14:54.562+0000] {dag.py:2726} INFO - Sync 1 DAGs
[2023-06-09T06:14:54.596+0000] {logging_mixin.py:149} INFO - [2023-06-09T06:14:54.596+0000] {dag.py:3490} INFO - Setting next_dagrun for example_short_circuit_decorator to 2023-06-08T06:14:54.596079+00:00, run_after=2023-06-09T06:14:54.596079+00:00
[2023-06-09T06:14:54.619+0000] {processor.py:179} INFO - Processing /home/airflow/.local/lib/python3.7/site-packages/airflow/example_dags/example_short_circuit_decorator.py took 0.106 seconds
[2023-06-09T06:15:25.447+0000] {processor.py:157} INFO - Started process (PID=1957) to work on /home/airflow/.local/lib/python3.7/site-packages/airflow/example_dags/example_short_circuit_decorator.py
[2023-06-09T06:15:25.449+0000] {processor.py:826} INFO - Processing file /home/airflow/.local/lib/python3.7/site-packages/airflow/example_dags/example_short_circuit_decorator.py for tasks to queue
[2023-06-09T06:15:25.449+0000] {logging_mixin.py:149} INFO - [2023-06-09T06:15:25.449+0000] {dagbag.py:541} INFO - Filling up the DagBag from /home/airflow/.local/lib/python3.7/site-packages/airflow/example_dags/example_short_circuit_decorator.py
[2023-06-09T06:15:25.462+0000] {processor.py:836} INFO - DAG(s) dict_keys(['example_short_circuit_decorator']) retrieved from /home/airflow/.local/lib/python3.7/site-packages/airflow/example_dags/example_short_circuit_decorator.py
[2023-06-09T06:15:25.495+0000] {logging_mixin.py:149} INFO - [2023-06-09T06:15:25.495+0000] {dag.py:2726} INFO - Sync 1 DAGs
[2023-06-09T06:15:25.531+0000] {logging_mixin.py:149} INFO - [2023-06-09T06:15:25.530+0000] {dag.py:3490} INFO - Setting next_dagrun for example_short_circuit_decorator to 2023-06-08T06:15:25.530534+00:00, run_after=2023-06-09T06:15:25.530534+00:00
[2023-06-09T06:15:25.556+0000] {processor.py:179} INFO - Processing /home/airflow/.local/lib/python3.7/site-packages/airflow/example_dags/example_short_circuit_decorator.py took 0.113 seconds
[2023-06-09T06:15:55.889+0000] {processor.py:157} INFO - Started process (PID=2010) to work on /home/airflow/.local/lib/python3.7/site-packages/airflow/example_dags/example_short_circuit_decorator.py
[2023-06-09T06:15:55.889+0000] {processor.py:826} INFO - Processing file /home/airflow/.local/lib/python3.7/site-packages/airflow/example_dags/example_short_circuit_decorator.py for tasks to queue
[2023-06-09T06:15:55.890+0000] {logging_mixin.py:149} INFO - [2023-06-09T06:15:55.890+0000] {dagbag.py:541} INFO - Filling up the DagBag from /home/airflow/.local/lib/python3.7/site-packages/airflow/example_dags/example_short_circuit_decorator.py
[2023-06-09T06:15:55.902+0000] {processor.py:836} INFO - DAG(s) dict_keys(['example_short_circuit_decorator']) retrieved from /home/airflow/.local/lib/python3.7/site-packages/airflow/example_dags/example_short_circuit_decorator.py
[2023-06-09T06:15:55.936+0000] {logging_mixin.py:149} INFO - [2023-06-09T06:15:55.936+0000] {dag.py:2726} INFO - Sync 1 DAGs
[2023-06-09T06:15:55.970+0000] {logging_mixin.py:149} INFO - [2023-06-09T06:15:55.970+0000] {dag.py:3490} INFO - Setting next_dagrun for example_short_circuit_decorator to 2023-06-08T06:15:55.970451+00:00, run_after=2023-06-09T06:15:55.970451+00:00
[2023-06-09T06:15:55.996+0000] {processor.py:179} INFO - Processing /home/airflow/.local/lib/python3.7/site-packages/airflow/example_dags/example_short_circuit_decorator.py took 0.111 seconds
[2023-06-09T06:16:26.757+0000] {processor.py:157} INFO - Started process (PID=2064) to work on /home/airflow/.local/lib/python3.7/site-packages/airflow/example_dags/example_short_circuit_decorator.py
[2023-06-09T06:16:26.759+0000] {processor.py:826} INFO - Processing file /home/airflow/.local/lib/python3.7/site-packages/airflow/example_dags/example_short_circuit_decorator.py for tasks to queue
[2023-06-09T06:16:26.760+0000] {logging_mixin.py:149} INFO - [2023-06-09T06:16:26.760+0000] {dagbag.py:541} INFO - Filling up the DagBag from /home/airflow/.local/lib/python3.7/site-packages/airflow/example_dags/example_short_circuit_decorator.py
[2023-06-09T06:16:26.772+0000] {processor.py:836} INFO - DAG(s) dict_keys(['example_short_circuit_decorator']) retrieved from /home/airflow/.local/lib/python3.7/site-packages/airflow/example_dags/example_short_circuit_decorator.py
[2023-06-09T06:16:26.805+0000] {logging_mixin.py:149} INFO - [2023-06-09T06:16:26.805+0000] {dag.py:2726} INFO - Sync 1 DAGs
[2023-06-09T06:16:26.839+0000] {logging_mixin.py:149} INFO - [2023-06-09T06:16:26.839+0000] {dag.py:3490} INFO - Setting next_dagrun for example_short_circuit_decorator to 2023-06-08T06:16:26.838863+00:00, run_after=2023-06-09T06:16:26.838863+00:00
[2023-06-09T06:16:26.864+0000] {processor.py:179} INFO - Processing /home/airflow/.local/lib/python3.7/site-packages/airflow/example_dags/example_short_circuit_decorator.py took 0.110 seconds
[2023-06-09T06:16:57.245+0000] {processor.py:157} INFO - Started process (PID=2118) to work on /home/airflow/.local/lib/python3.7/site-packages/airflow/example_dags/example_short_circuit_decorator.py
[2023-06-09T06:16:57.246+0000] {processor.py:826} INFO - Processing file /home/airflow/.local/lib/python3.7/site-packages/airflow/example_dags/example_short_circuit_decorator.py for tasks to queue
[2023-06-09T06:16:57.246+0000] {logging_mixin.py:149} INFO - [2023-06-09T06:16:57.246+0000] {dagbag.py:541} INFO - Filling up the DagBag from /home/airflow/.local/lib/python3.7/site-packages/airflow/example_dags/example_short_circuit_decorator.py
[2023-06-09T06:16:57.265+0000] {processor.py:836} INFO - DAG(s) dict_keys(['example_short_circuit_decorator']) retrieved from /home/airflow/.local/lib/python3.7/site-packages/airflow/example_dags/example_short_circuit_decorator.py
[2023-06-09T06:16:57.328+0000] {logging_mixin.py:149} INFO - [2023-06-09T06:16:57.328+0000] {dag.py:2726} INFO - Sync 1 DAGs
[2023-06-09T06:16:57.393+0000] {logging_mixin.py:149} INFO - [2023-06-09T06:16:57.392+0000] {dag.py:3490} INFO - Setting next_dagrun for example_short_circuit_decorator to 2023-06-08T06:16:57.392660+00:00, run_after=2023-06-09T06:16:57.392660+00:00
[2023-06-09T06:16:57.478+0000] {processor.py:179} INFO - Processing /home/airflow/.local/lib/python3.7/site-packages/airflow/example_dags/example_short_circuit_decorator.py took 0.246 seconds
[2023-06-09T06:17:28.391+0000] {processor.py:157} INFO - Started process (PID=2172) to work on /home/airflow/.local/lib/python3.7/site-packages/airflow/example_dags/example_short_circuit_decorator.py
[2023-06-09T06:17:28.393+0000] {processor.py:826} INFO - Processing file /home/airflow/.local/lib/python3.7/site-packages/airflow/example_dags/example_short_circuit_decorator.py for tasks to queue
[2023-06-09T06:17:28.393+0000] {logging_mixin.py:149} INFO - [2023-06-09T06:17:28.393+0000] {dagbag.py:541} INFO - Filling up the DagBag from /home/airflow/.local/lib/python3.7/site-packages/airflow/example_dags/example_short_circuit_decorator.py
[2023-06-09T06:17:28.406+0000] {processor.py:836} INFO - DAG(s) dict_keys(['example_short_circuit_decorator']) retrieved from /home/airflow/.local/lib/python3.7/site-packages/airflow/example_dags/example_short_circuit_decorator.py
[2023-06-09T06:17:28.439+0000] {logging_mixin.py:149} INFO - [2023-06-09T06:17:28.439+0000] {dag.py:2726} INFO - Sync 1 DAGs
[2023-06-09T06:17:28.474+0000] {logging_mixin.py:149} INFO - [2023-06-09T06:17:28.474+0000] {dag.py:3490} INFO - Setting next_dagrun for example_short_circuit_decorator to 2023-06-08T06:17:28.473987+00:00, run_after=2023-06-09T06:17:28.473987+00:00
[2023-06-09T06:17:28.497+0000] {processor.py:179} INFO - Processing /home/airflow/.local/lib/python3.7/site-packages/airflow/example_dags/example_short_circuit_decorator.py took 0.109 seconds
[2023-06-09T06:17:58.715+0000] {processor.py:157} INFO - Started process (PID=2226) to work on /home/airflow/.local/lib/python3.7/site-packages/airflow/example_dags/example_short_circuit_decorator.py
[2023-06-09T06:17:58.716+0000] {processor.py:826} INFO - Processing file /home/airflow/.local/lib/python3.7/site-packages/airflow/example_dags/example_short_circuit_decorator.py for tasks to queue
[2023-06-09T06:17:58.717+0000] {logging_mixin.py:149} INFO - [2023-06-09T06:17:58.717+0000] {dagbag.py:541} INFO - Filling up the DagBag from /home/airflow/.local/lib/python3.7/site-packages/airflow/example_dags/example_short_circuit_decorator.py
[2023-06-09T06:17:58.729+0000] {processor.py:836} INFO - DAG(s) dict_keys(['example_short_circuit_decorator']) retrieved from /home/airflow/.local/lib/python3.7/site-packages/airflow/example_dags/example_short_circuit_decorator.py
[2023-06-09T06:17:58.762+0000] {logging_mixin.py:149} INFO - [2023-06-09T06:17:58.762+0000] {dag.py:2726} INFO - Sync 1 DAGs
[2023-06-09T06:17:58.796+0000] {logging_mixin.py:149} INFO - [2023-06-09T06:17:58.796+0000] {dag.py:3490} INFO - Setting next_dagrun for example_short_circuit_decorator to 2023-06-08T06:17:58.795781+00:00, run_after=2023-06-09T06:17:58.795781+00:00
[2023-06-09T06:17:58.822+0000] {processor.py:179} INFO - Processing /home/airflow/.local/lib/python3.7/site-packages/airflow/example_dags/example_short_circuit_decorator.py took 0.111 seconds
[2023-06-09T06:18:29.420+0000] {processor.py:157} INFO - Started process (PID=2280) to work on /home/airflow/.local/lib/python3.7/site-packages/airflow/example_dags/example_short_circuit_decorator.py
[2023-06-09T06:18:29.421+0000] {processor.py:826} INFO - Processing file /home/airflow/.local/lib/python3.7/site-packages/airflow/example_dags/example_short_circuit_decorator.py for tasks to queue
[2023-06-09T06:18:29.422+0000] {logging_mixin.py:149} INFO - [2023-06-09T06:18:29.422+0000] {dagbag.py:541} INFO - Filling up the DagBag from /home/airflow/.local/lib/python3.7/site-packages/airflow/example_dags/example_short_circuit_decorator.py
[2023-06-09T06:18:29.435+0000] {processor.py:836} INFO - DAG(s) dict_keys(['example_short_circuit_decorator']) retrieved from /home/airflow/.local/lib/python3.7/site-packages/airflow/example_dags/example_short_circuit_decorator.py
[2023-06-09T06:18:29.470+0000] {logging_mixin.py:149} INFO - [2023-06-09T06:18:29.470+0000] {dag.py:2726} INFO - Sync 1 DAGs
[2023-06-09T06:18:29.505+0000] {logging_mixin.py:149} INFO - [2023-06-09T06:18:29.505+0000] {dag.py:3490} INFO - Setting next_dagrun for example_short_circuit_decorator to 2023-06-08T06:18:29.505168+00:00, run_after=2023-06-09T06:18:29.505168+00:00
[2023-06-09T06:18:29.537+0000] {processor.py:179} INFO - Processing /home/airflow/.local/lib/python3.7/site-packages/airflow/example_dags/example_short_circuit_decorator.py took 0.121 seconds
[2023-06-09T06:19:00.087+0000] {processor.py:157} INFO - Started process (PID=2334) to work on /home/airflow/.local/lib/python3.7/site-packages/airflow/example_dags/example_short_circuit_decorator.py
[2023-06-09T06:19:00.091+0000] {processor.py:826} INFO - Processing file /home/airflow/.local/lib/python3.7/site-packages/airflow/example_dags/example_short_circuit_decorator.py for tasks to queue
[2023-06-09T06:19:00.093+0000] {logging_mixin.py:149} INFO - [2023-06-09T06:19:00.092+0000] {dagbag.py:541} INFO - Filling up the DagBag from /home/airflow/.local/lib/python3.7/site-packages/airflow/example_dags/example_short_circuit_decorator.py
[2023-06-09T06:19:00.128+0000] {processor.py:836} INFO - DAG(s) dict_keys(['example_short_circuit_decorator']) retrieved from /home/airflow/.local/lib/python3.7/site-packages/airflow/example_dags/example_short_circuit_decorator.py
[2023-06-09T06:19:00.239+0000] {logging_mixin.py:149} INFO - [2023-06-09T06:19:00.239+0000] {dag.py:2726} INFO - Sync 1 DAGs
[2023-06-09T06:19:00.353+0000] {logging_mixin.py:149} INFO - [2023-06-09T06:19:00.353+0000] {dag.py:3490} INFO - Setting next_dagrun for example_short_circuit_decorator to 2023-06-08T06:19:00.353409+00:00, run_after=2023-06-09T06:19:00.353409+00:00
[2023-06-09T06:19:00.395+0000] {processor.py:179} INFO - Processing /home/airflow/.local/lib/python3.7/site-packages/airflow/example_dags/example_short_circuit_decorator.py took 0.316 seconds
[2023-06-09T06:19:31.265+0000] {processor.py:157} INFO - Started process (PID=2388) to work on /home/airflow/.local/lib/python3.7/site-packages/airflow/example_dags/example_short_circuit_decorator.py
[2023-06-09T06:19:31.266+0000] {processor.py:826} INFO - Processing file /home/airflow/.local/lib/python3.7/site-packages/airflow/example_dags/example_short_circuit_decorator.py for tasks to queue
[2023-06-09T06:19:31.267+0000] {logging_mixin.py:149} INFO - [2023-06-09T06:19:31.267+0000] {dagbag.py:541} INFO - Filling up the DagBag from /home/airflow/.local/lib/python3.7/site-packages/airflow/example_dags/example_short_circuit_decorator.py
[2023-06-09T06:19:31.280+0000] {processor.py:836} INFO - DAG(s) dict_keys(['example_short_circuit_decorator']) retrieved from /home/airflow/.local/lib/python3.7/site-packages/airflow/example_dags/example_short_circuit_decorator.py
[2023-06-09T06:19:31.315+0000] {logging_mixin.py:149} INFO - [2023-06-09T06:19:31.315+0000] {dag.py:2726} INFO - Sync 1 DAGs
[2023-06-09T06:19:31.353+0000] {logging_mixin.py:149} INFO - [2023-06-09T06:19:31.353+0000] {dag.py:3490} INFO - Setting next_dagrun for example_short_circuit_decorator to 2023-06-08T06:19:31.352925+00:00, run_after=2023-06-09T06:19:31.352925+00:00
[2023-06-09T06:19:31.385+0000] {processor.py:179} INFO - Processing /home/airflow/.local/lib/python3.7/site-packages/airflow/example_dags/example_short_circuit_decorator.py took 0.124 seconds
[2023-06-09T06:20:01.658+0000] {processor.py:157} INFO - Started process (PID=2443) to work on /home/airflow/.local/lib/python3.7/site-packages/airflow/example_dags/example_short_circuit_decorator.py
[2023-06-09T06:20:01.659+0000] {processor.py:826} INFO - Processing file /home/airflow/.local/lib/python3.7/site-packages/airflow/example_dags/example_short_circuit_decorator.py for tasks to queue
[2023-06-09T06:20:01.660+0000] {logging_mixin.py:149} INFO - [2023-06-09T06:20:01.660+0000] {dagbag.py:541} INFO - Filling up the DagBag from /home/airflow/.local/lib/python3.7/site-packages/airflow/example_dags/example_short_circuit_decorator.py
[2023-06-09T06:20:01.673+0000] {processor.py:836} INFO - DAG(s) dict_keys(['example_short_circuit_decorator']) retrieved from /home/airflow/.local/lib/python3.7/site-packages/airflow/example_dags/example_short_circuit_decorator.py
[2023-06-09T06:20:01.709+0000] {logging_mixin.py:149} INFO - [2023-06-09T06:20:01.709+0000] {dag.py:2726} INFO - Sync 1 DAGs
[2023-06-09T06:20:01.743+0000] {logging_mixin.py:149} INFO - [2023-06-09T06:20:01.742+0000] {dag.py:3490} INFO - Setting next_dagrun for example_short_circuit_decorator to 2023-06-08T06:20:01.742545+00:00, run_after=2023-06-09T06:20:01.742545+00:00
[2023-06-09T06:20:01.778+0000] {processor.py:179} INFO - Processing /home/airflow/.local/lib/python3.7/site-packages/airflow/example_dags/example_short_circuit_decorator.py took 0.124 seconds
[2023-06-09T06:20:32.179+0000] {processor.py:157} INFO - Started process (PID=2497) to work on /home/airflow/.local/lib/python3.7/site-packages/airflow/example_dags/example_short_circuit_decorator.py
[2023-06-09T06:20:32.179+0000] {processor.py:826} INFO - Processing file /home/airflow/.local/lib/python3.7/site-packages/airflow/example_dags/example_short_circuit_decorator.py for tasks to queue
[2023-06-09T06:20:32.180+0000] {logging_mixin.py:149} INFO - [2023-06-09T06:20:32.180+0000] {dagbag.py:541} INFO - Filling up the DagBag from /home/airflow/.local/lib/python3.7/site-packages/airflow/example_dags/example_short_circuit_decorator.py
[2023-06-09T06:20:32.192+0000] {processor.py:836} INFO - DAG(s) dict_keys(['example_short_circuit_decorator']) retrieved from /home/airflow/.local/lib/python3.7/site-packages/airflow/example_dags/example_short_circuit_decorator.py
[2023-06-09T06:20:32.234+0000] {logging_mixin.py:149} INFO - [2023-06-09T06:20:32.234+0000] {dag.py:2726} INFO - Sync 1 DAGs
[2023-06-09T06:20:32.268+0000] {logging_mixin.py:149} INFO - [2023-06-09T06:20:32.268+0000] {dag.py:3490} INFO - Setting next_dagrun for example_short_circuit_decorator to 2023-06-08T06:20:32.268201+00:00, run_after=2023-06-09T06:20:32.268201+00:00
[2023-06-09T06:20:32.290+0000] {processor.py:179} INFO - Processing /home/airflow/.local/lib/python3.7/site-packages/airflow/example_dags/example_short_circuit_decorator.py took 0.116 seconds
[2023-06-09T06:21:02.436+0000] {processor.py:157} INFO - Started process (PID=2551) to work on /home/airflow/.local/lib/python3.7/site-packages/airflow/example_dags/example_short_circuit_decorator.py
[2023-06-09T06:21:02.437+0000] {processor.py:826} INFO - Processing file /home/airflow/.local/lib/python3.7/site-packages/airflow/example_dags/example_short_circuit_decorator.py for tasks to queue
[2023-06-09T06:21:02.438+0000] {logging_mixin.py:149} INFO - [2023-06-09T06:21:02.438+0000] {dagbag.py:541} INFO - Filling up the DagBag from /home/airflow/.local/lib/python3.7/site-packages/airflow/example_dags/example_short_circuit_decorator.py
[2023-06-09T06:21:02.450+0000] {processor.py:836} INFO - DAG(s) dict_keys(['example_short_circuit_decorator']) retrieved from /home/airflow/.local/lib/python3.7/site-packages/airflow/example_dags/example_short_circuit_decorator.py
[2023-06-09T06:21:02.485+0000] {logging_mixin.py:149} INFO - [2023-06-09T06:21:02.485+0000] {dag.py:2726} INFO - Sync 1 DAGs
[2023-06-09T06:21:02.519+0000] {logging_mixin.py:149} INFO - [2023-06-09T06:21:02.518+0000] {dag.py:3490} INFO - Setting next_dagrun for example_short_circuit_decorator to 2023-06-08T06:21:02.518519+00:00, run_after=2023-06-09T06:21:02.518519+00:00
[2023-06-09T06:21:02.541+0000] {processor.py:179} INFO - Processing /home/airflow/.local/lib/python3.7/site-packages/airflow/example_dags/example_short_circuit_decorator.py took 0.110 seconds
[2023-06-09T06:21:33.210+0000] {processor.py:157} INFO - Started process (PID=2605) to work on /home/airflow/.local/lib/python3.7/site-packages/airflow/example_dags/example_short_circuit_decorator.py
[2023-06-09T06:21:33.210+0000] {processor.py:826} INFO - Processing file /home/airflow/.local/lib/python3.7/site-packages/airflow/example_dags/example_short_circuit_decorator.py for tasks to queue
[2023-06-09T06:21:33.211+0000] {logging_mixin.py:149} INFO - [2023-06-09T06:21:33.211+0000] {dagbag.py:541} INFO - Filling up the DagBag from /home/airflow/.local/lib/python3.7/site-packages/airflow/example_dags/example_short_circuit_decorator.py
[2023-06-09T06:21:33.224+0000] {processor.py:836} INFO - DAG(s) dict_keys(['example_short_circuit_decorator']) retrieved from /home/airflow/.local/lib/python3.7/site-packages/airflow/example_dags/example_short_circuit_decorator.py
[2023-06-09T06:21:33.258+0000] {logging_mixin.py:149} INFO - [2023-06-09T06:21:33.258+0000] {dag.py:2726} INFO - Sync 1 DAGs
[2023-06-09T06:21:33.293+0000] {logging_mixin.py:149} INFO - [2023-06-09T06:21:33.293+0000] {dag.py:3490} INFO - Setting next_dagrun for example_short_circuit_decorator to 2023-06-08T06:21:33.293479+00:00, run_after=2023-06-09T06:21:33.293479+00:00
[2023-06-09T06:21:33.322+0000] {processor.py:179} INFO - Processing /home/airflow/.local/lib/python3.7/site-packages/airflow/example_dags/example_short_circuit_decorator.py took 0.116 seconds
[2023-06-09T06:22:03.606+0000] {processor.py:157} INFO - Started process (PID=2659) to work on /home/airflow/.local/lib/python3.7/site-packages/airflow/example_dags/example_short_circuit_decorator.py
[2023-06-09T06:22:03.608+0000] {processor.py:826} INFO - Processing file /home/airflow/.local/lib/python3.7/site-packages/airflow/example_dags/example_short_circuit_decorator.py for tasks to queue
[2023-06-09T06:22:03.609+0000] {logging_mixin.py:149} INFO - [2023-06-09T06:22:03.608+0000] {dagbag.py:541} INFO - Filling up the DagBag from /home/airflow/.local/lib/python3.7/site-packages/airflow/example_dags/example_short_circuit_decorator.py
[2023-06-09T06:22:03.620+0000] {processor.py:836} INFO - DAG(s) dict_keys(['example_short_circuit_decorator']) retrieved from /home/airflow/.local/lib/python3.7/site-packages/airflow/example_dags/example_short_circuit_decorator.py
[2023-06-09T06:22:03.655+0000] {logging_mixin.py:149} INFO - [2023-06-09T06:22:03.655+0000] {dag.py:2726} INFO - Sync 1 DAGs
[2023-06-09T06:22:03.690+0000] {logging_mixin.py:149} INFO - [2023-06-09T06:22:03.690+0000] {dag.py:3490} INFO - Setting next_dagrun for example_short_circuit_decorator to 2023-06-08T06:22:03.689980+00:00, run_after=2023-06-09T06:22:03.689980+00:00
[2023-06-09T06:22:03.714+0000] {processor.py:179} INFO - Processing /home/airflow/.local/lib/python3.7/site-packages/airflow/example_dags/example_short_circuit_decorator.py took 0.112 seconds
[2023-06-09T06:22:34.354+0000] {processor.py:157} INFO - Started process (PID=2713) to work on /home/airflow/.local/lib/python3.7/site-packages/airflow/example_dags/example_short_circuit_decorator.py
[2023-06-09T06:22:34.355+0000] {processor.py:826} INFO - Processing file /home/airflow/.local/lib/python3.7/site-packages/airflow/example_dags/example_short_circuit_decorator.py for tasks to queue
[2023-06-09T06:22:34.356+0000] {logging_mixin.py:149} INFO - [2023-06-09T06:22:34.356+0000] {dagbag.py:541} INFO - Filling up the DagBag from /home/airflow/.local/lib/python3.7/site-packages/airflow/example_dags/example_short_circuit_decorator.py
[2023-06-09T06:22:34.383+0000] {processor.py:836} INFO - DAG(s) dict_keys(['example_short_circuit_decorator']) retrieved from /home/airflow/.local/lib/python3.7/site-packages/airflow/example_dags/example_short_circuit_decorator.py
[2023-06-09T06:22:34.494+0000] {logging_mixin.py:149} INFO - [2023-06-09T06:22:34.494+0000] {dag.py:2726} INFO - Sync 1 DAGs
[2023-06-09T06:22:34.547+0000] {logging_mixin.py:149} INFO - [2023-06-09T06:22:34.546+0000] {dag.py:3490} INFO - Setting next_dagrun for example_short_circuit_decorator to 2023-06-08T06:22:34.546651+00:00, run_after=2023-06-09T06:22:34.546651+00:00
[2023-06-09T06:22:34.571+0000] {processor.py:179} INFO - Processing /home/airflow/.local/lib/python3.7/site-packages/airflow/example_dags/example_short_circuit_decorator.py took 0.228 seconds
[2023-06-09T06:23:04.703+0000] {processor.py:157} INFO - Started process (PID=2775) to work on /home/airflow/.local/lib/python3.7/site-packages/airflow/example_dags/example_short_circuit_decorator.py
[2023-06-09T06:23:04.705+0000] {processor.py:826} INFO - Processing file /home/airflow/.local/lib/python3.7/site-packages/airflow/example_dags/example_short_circuit_decorator.py for tasks to queue
[2023-06-09T06:23:04.706+0000] {logging_mixin.py:149} INFO - [2023-06-09T06:23:04.706+0000] {dagbag.py:541} INFO - Filling up the DagBag from /home/airflow/.local/lib/python3.7/site-packages/airflow/example_dags/example_short_circuit_decorator.py
[2023-06-09T06:23:04.724+0000] {processor.py:836} INFO - DAG(s) dict_keys(['example_short_circuit_decorator']) retrieved from /home/airflow/.local/lib/python3.7/site-packages/airflow/example_dags/example_short_circuit_decorator.py
[2023-06-09T06:23:04.758+0000] {logging_mixin.py:149} INFO - [2023-06-09T06:23:04.758+0000] {dag.py:2726} INFO - Sync 1 DAGs
[2023-06-09T06:23:04.793+0000] {logging_mixin.py:149} INFO - [2023-06-09T06:23:04.793+0000] {dag.py:3490} INFO - Setting next_dagrun for example_short_circuit_decorator to 2023-06-08T06:23:04.793217+00:00, run_after=2023-06-09T06:23:04.793217+00:00
[2023-06-09T06:23:04.819+0000] {processor.py:179} INFO - Processing /home/airflow/.local/lib/python3.7/site-packages/airflow/example_dags/example_short_circuit_decorator.py took 0.121 seconds
[2023-06-09T06:23:35.099+0000] {processor.py:157} INFO - Started process (PID=2827) to work on /home/airflow/.local/lib/python3.7/site-packages/airflow/example_dags/example_short_circuit_decorator.py
[2023-06-09T06:23:35.109+0000] {processor.py:826} INFO - Processing file /home/airflow/.local/lib/python3.7/site-packages/airflow/example_dags/example_short_circuit_decorator.py for tasks to queue
[2023-06-09T06:23:35.115+0000] {logging_mixin.py:149} INFO - [2023-06-09T06:23:35.115+0000] {dagbag.py:541} INFO - Filling up the DagBag from /home/airflow/.local/lib/python3.7/site-packages/airflow/example_dags/example_short_circuit_decorator.py
[2023-06-09T06:23:35.133+0000] {processor.py:836} INFO - DAG(s) dict_keys(['example_short_circuit_decorator']) retrieved from /home/airflow/.local/lib/python3.7/site-packages/airflow/example_dags/example_short_circuit_decorator.py
[2023-06-09T06:23:35.199+0000] {logging_mixin.py:149} INFO - [2023-06-09T06:23:35.199+0000] {dag.py:2726} INFO - Sync 1 DAGs
[2023-06-09T06:23:35.267+0000] {logging_mixin.py:149} INFO - [2023-06-09T06:23:35.267+0000] {dag.py:3490} INFO - Setting next_dagrun for example_short_circuit_decorator to 2023-06-08T06:23:35.266811+00:00, run_after=2023-06-09T06:23:35.266811+00:00
[2023-06-09T06:23:35.312+0000] {processor.py:179} INFO - Processing /home/airflow/.local/lib/python3.7/site-packages/airflow/example_dags/example_short_circuit_decorator.py took 0.217 seconds
[2023-06-09T06:24:05.443+0000] {processor.py:157} INFO - Started process (PID=2881) to work on /home/airflow/.local/lib/python3.7/site-packages/airflow/example_dags/example_short_circuit_decorator.py
[2023-06-09T06:24:05.444+0000] {processor.py:826} INFO - Processing file /home/airflow/.local/lib/python3.7/site-packages/airflow/example_dags/example_short_circuit_decorator.py for tasks to queue
[2023-06-09T06:24:05.445+0000] {logging_mixin.py:149} INFO - [2023-06-09T06:24:05.445+0000] {dagbag.py:541} INFO - Filling up the DagBag from /home/airflow/.local/lib/python3.7/site-packages/airflow/example_dags/example_short_circuit_decorator.py
[2023-06-09T06:24:05.458+0000] {processor.py:836} INFO - DAG(s) dict_keys(['example_short_circuit_decorator']) retrieved from /home/airflow/.local/lib/python3.7/site-packages/airflow/example_dags/example_short_circuit_decorator.py
[2023-06-09T06:24:05.495+0000] {logging_mixin.py:149} INFO - [2023-06-09T06:24:05.495+0000] {dag.py:2726} INFO - Sync 1 DAGs
[2023-06-09T06:24:05.531+0000] {logging_mixin.py:149} INFO - [2023-06-09T06:24:05.531+0000] {dag.py:3490} INFO - Setting next_dagrun for example_short_circuit_decorator to 2023-06-08T06:24:05.531398+00:00, run_after=2023-06-09T06:24:05.531398+00:00
[2023-06-09T06:24:05.557+0000] {processor.py:179} INFO - Processing /home/airflow/.local/lib/python3.7/site-packages/airflow/example_dags/example_short_circuit_decorator.py took 0.117 seconds
[2023-06-09T06:24:36.428+0000] {processor.py:157} INFO - Started process (PID=2935) to work on /home/airflow/.local/lib/python3.7/site-packages/airflow/example_dags/example_short_circuit_decorator.py
[2023-06-09T06:24:36.429+0000] {processor.py:826} INFO - Processing file /home/airflow/.local/lib/python3.7/site-packages/airflow/example_dags/example_short_circuit_decorator.py for tasks to queue
[2023-06-09T06:24:36.430+0000] {logging_mixin.py:149} INFO - [2023-06-09T06:24:36.430+0000] {dagbag.py:541} INFO - Filling up the DagBag from /home/airflow/.local/lib/python3.7/site-packages/airflow/example_dags/example_short_circuit_decorator.py
[2023-06-09T06:24:36.442+0000] {processor.py:836} INFO - DAG(s) dict_keys(['example_short_circuit_decorator']) retrieved from /home/airflow/.local/lib/python3.7/site-packages/airflow/example_dags/example_short_circuit_decorator.py
[2023-06-09T06:24:36.478+0000] {logging_mixin.py:149} INFO - [2023-06-09T06:24:36.478+0000] {dag.py:2726} INFO - Sync 1 DAGs
[2023-06-09T06:24:36.523+0000] {logging_mixin.py:149} INFO - [2023-06-09T06:24:36.523+0000] {dag.py:3490} INFO - Setting next_dagrun for example_short_circuit_decorator to 2023-06-08T06:24:36.522760+00:00, run_after=2023-06-09T06:24:36.522760+00:00
[2023-06-09T06:24:36.560+0000] {processor.py:179} INFO - Processing /home/airflow/.local/lib/python3.7/site-packages/airflow/example_dags/example_short_circuit_decorator.py took 0.136 seconds
[2023-06-09T06:25:06.942+0000] {processor.py:157} INFO - Started process (PID=2989) to work on /home/airflow/.local/lib/python3.7/site-packages/airflow/example_dags/example_short_circuit_decorator.py
[2023-06-09T06:25:06.943+0000] {processor.py:826} INFO - Processing file /home/airflow/.local/lib/python3.7/site-packages/airflow/example_dags/example_short_circuit_decorator.py for tasks to queue
[2023-06-09T06:25:06.944+0000] {logging_mixin.py:149} INFO - [2023-06-09T06:25:06.944+0000] {dagbag.py:541} INFO - Filling up the DagBag from /home/airflow/.local/lib/python3.7/site-packages/airflow/example_dags/example_short_circuit_decorator.py
[2023-06-09T06:25:06.957+0000] {processor.py:836} INFO - DAG(s) dict_keys(['example_short_circuit_decorator']) retrieved from /home/airflow/.local/lib/python3.7/site-packages/airflow/example_dags/example_short_circuit_decorator.py
[2023-06-09T06:25:06.993+0000] {logging_mixin.py:149} INFO - [2023-06-09T06:25:06.993+0000] {dag.py:2726} INFO - Sync 1 DAGs
[2023-06-09T06:25:07.035+0000] {logging_mixin.py:149} INFO - [2023-06-09T06:25:07.035+0000] {dag.py:3490} INFO - Setting next_dagrun for example_short_circuit_decorator to 2023-06-08T06:25:07.034962+00:00, run_after=2023-06-09T06:25:07.034962+00:00
[2023-06-09T06:25:07.077+0000] {processor.py:179} INFO - Processing /home/airflow/.local/lib/python3.7/site-packages/airflow/example_dags/example_short_circuit_decorator.py took 0.139 seconds
[2023-06-09T06:25:37.114+0000] {processor.py:157} INFO - Started process (PID=3044) to work on /home/airflow/.local/lib/python3.7/site-packages/airflow/example_dags/example_short_circuit_decorator.py
[2023-06-09T06:25:37.115+0000] {processor.py:826} INFO - Processing file /home/airflow/.local/lib/python3.7/site-packages/airflow/example_dags/example_short_circuit_decorator.py for tasks to queue
[2023-06-09T06:25:37.116+0000] {logging_mixin.py:149} INFO - [2023-06-09T06:25:37.116+0000] {dagbag.py:541} INFO - Filling up the DagBag from /home/airflow/.local/lib/python3.7/site-packages/airflow/example_dags/example_short_circuit_decorator.py
[2023-06-09T06:25:37.128+0000] {processor.py:836} INFO - DAG(s) dict_keys(['example_short_circuit_decorator']) retrieved from /home/airflow/.local/lib/python3.7/site-packages/airflow/example_dags/example_short_circuit_decorator.py
[2023-06-09T06:25:37.164+0000] {logging_mixin.py:149} INFO - [2023-06-09T06:25:37.164+0000] {dag.py:2726} INFO - Sync 1 DAGs
[2023-06-09T06:25:37.200+0000] {logging_mixin.py:149} INFO - [2023-06-09T06:25:37.199+0000] {dag.py:3490} INFO - Setting next_dagrun for example_short_circuit_decorator to 2023-06-08T06:25:37.199549+00:00, run_after=2023-06-09T06:25:37.199549+00:00
[2023-06-09T06:25:37.224+0000] {processor.py:179} INFO - Processing /home/airflow/.local/lib/python3.7/site-packages/airflow/example_dags/example_short_circuit_decorator.py took 0.114 seconds
[2023-06-09T06:26:07.959+0000] {processor.py:157} INFO - Started process (PID=3097) to work on /home/airflow/.local/lib/python3.7/site-packages/airflow/example_dags/example_short_circuit_decorator.py
[2023-06-09T06:26:07.960+0000] {processor.py:826} INFO - Processing file /home/airflow/.local/lib/python3.7/site-packages/airflow/example_dags/example_short_circuit_decorator.py for tasks to queue
[2023-06-09T06:26:07.961+0000] {logging_mixin.py:149} INFO - [2023-06-09T06:26:07.961+0000] {dagbag.py:541} INFO - Filling up the DagBag from /home/airflow/.local/lib/python3.7/site-packages/airflow/example_dags/example_short_circuit_decorator.py
[2023-06-09T06:26:07.974+0000] {processor.py:836} INFO - DAG(s) dict_keys(['example_short_circuit_decorator']) retrieved from /home/airflow/.local/lib/python3.7/site-packages/airflow/example_dags/example_short_circuit_decorator.py
[2023-06-09T06:26:08.011+0000] {logging_mixin.py:149} INFO - [2023-06-09T06:26:08.011+0000] {dag.py:2726} INFO - Sync 1 DAGs
[2023-06-09T06:26:08.049+0000] {logging_mixin.py:149} INFO - [2023-06-09T06:26:08.049+0000] {dag.py:3490} INFO - Setting next_dagrun for example_short_circuit_decorator to 2023-06-08T06:26:08.049051+00:00, run_after=2023-06-09T06:26:08.049051+00:00
[2023-06-09T06:26:08.078+0000] {processor.py:179} INFO - Processing /home/airflow/.local/lib/python3.7/site-packages/airflow/example_dags/example_short_circuit_decorator.py took 0.123 seconds
[2023-06-09T06:26:38.210+0000] {processor.py:157} INFO - Started process (PID=3151) to work on /home/airflow/.local/lib/python3.7/site-packages/airflow/example_dags/example_short_circuit_decorator.py
[2023-06-09T06:26:38.211+0000] {processor.py:826} INFO - Processing file /home/airflow/.local/lib/python3.7/site-packages/airflow/example_dags/example_short_circuit_decorator.py for tasks to queue
[2023-06-09T06:26:38.212+0000] {logging_mixin.py:149} INFO - [2023-06-09T06:26:38.212+0000] {dagbag.py:541} INFO - Filling up the DagBag from /home/airflow/.local/lib/python3.7/site-packages/airflow/example_dags/example_short_circuit_decorator.py
[2023-06-09T06:26:38.226+0000] {processor.py:836} INFO - DAG(s) dict_keys(['example_short_circuit_decorator']) retrieved from /home/airflow/.local/lib/python3.7/site-packages/airflow/example_dags/example_short_circuit_decorator.py
[2023-06-09T06:26:38.261+0000] {logging_mixin.py:149} INFO - [2023-06-09T06:26:38.261+0000] {dag.py:2726} INFO - Sync 1 DAGs
[2023-06-09T06:26:38.297+0000] {logging_mixin.py:149} INFO - [2023-06-09T06:26:38.297+0000] {dag.py:3490} INFO - Setting next_dagrun for example_short_circuit_decorator to 2023-06-08T06:26:38.297341+00:00, run_after=2023-06-09T06:26:38.297341+00:00
[2023-06-09T06:26:38.319+0000] {processor.py:179} INFO - Processing /home/airflow/.local/lib/python3.7/site-packages/airflow/example_dags/example_short_circuit_decorator.py took 0.113 seconds
[2023-06-09T06:27:08.511+0000] {processor.py:157} INFO - Started process (PID=3205) to work on /home/airflow/.local/lib/python3.7/site-packages/airflow/example_dags/example_short_circuit_decorator.py
[2023-06-09T06:27:08.512+0000] {processor.py:826} INFO - Processing file /home/airflow/.local/lib/python3.7/site-packages/airflow/example_dags/example_short_circuit_decorator.py for tasks to queue
[2023-06-09T06:27:08.513+0000] {logging_mixin.py:149} INFO - [2023-06-09T06:27:08.513+0000] {dagbag.py:541} INFO - Filling up the DagBag from /home/airflow/.local/lib/python3.7/site-packages/airflow/example_dags/example_short_circuit_decorator.py
[2023-06-09T06:27:08.525+0000] {processor.py:836} INFO - DAG(s) dict_keys(['example_short_circuit_decorator']) retrieved from /home/airflow/.local/lib/python3.7/site-packages/airflow/example_dags/example_short_circuit_decorator.py
[2023-06-09T06:27:08.560+0000] {logging_mixin.py:149} INFO - [2023-06-09T06:27:08.559+0000] {dag.py:2726} INFO - Sync 1 DAGs
[2023-06-09T06:27:08.601+0000] {logging_mixin.py:149} INFO - [2023-06-09T06:27:08.601+0000] {dag.py:3490} INFO - Setting next_dagrun for example_short_circuit_decorator to 2023-06-08T06:27:08.601348+00:00, run_after=2023-06-09T06:27:08.601348+00:00
[2023-06-09T06:27:08.641+0000] {processor.py:179} INFO - Processing /home/airflow/.local/lib/python3.7/site-packages/airflow/example_dags/example_short_circuit_decorator.py took 0.134 seconds
[2023-06-09T06:27:38.982+0000] {processor.py:157} INFO - Started process (PID=3258) to work on /home/airflow/.local/lib/python3.7/site-packages/airflow/example_dags/example_short_circuit_decorator.py
[2023-06-09T06:27:38.984+0000] {processor.py:826} INFO - Processing file /home/airflow/.local/lib/python3.7/site-packages/airflow/example_dags/example_short_circuit_decorator.py for tasks to queue
[2023-06-09T06:27:38.984+0000] {logging_mixin.py:149} INFO - [2023-06-09T06:27:38.984+0000] {dagbag.py:541} INFO - Filling up the DagBag from /home/airflow/.local/lib/python3.7/site-packages/airflow/example_dags/example_short_circuit_decorator.py
[2023-06-09T06:27:38.996+0000] {processor.py:836} INFO - DAG(s) dict_keys(['example_short_circuit_decorator']) retrieved from /home/airflow/.local/lib/python3.7/site-packages/airflow/example_dags/example_short_circuit_decorator.py
[2023-06-09T06:27:39.031+0000] {logging_mixin.py:149} INFO - [2023-06-09T06:27:39.031+0000] {dag.py:2726} INFO - Sync 1 DAGs
[2023-06-09T06:27:39.069+0000] {logging_mixin.py:149} INFO - [2023-06-09T06:27:39.069+0000] {dag.py:3490} INFO - Setting next_dagrun for example_short_circuit_decorator to 2023-06-08T06:27:39.069361+00:00, run_after=2023-06-09T06:27:39.069361+00:00
[2023-06-09T06:27:39.095+0000] {processor.py:179} INFO - Processing /home/airflow/.local/lib/python3.7/site-packages/airflow/example_dags/example_short_circuit_decorator.py took 0.116 seconds
[2023-06-09T06:28:09.504+0000] {processor.py:157} INFO - Started process (PID=3312) to work on /home/airflow/.local/lib/python3.7/site-packages/airflow/example_dags/example_short_circuit_decorator.py
[2023-06-09T06:28:09.505+0000] {processor.py:826} INFO - Processing file /home/airflow/.local/lib/python3.7/site-packages/airflow/example_dags/example_short_circuit_decorator.py for tasks to queue
[2023-06-09T06:28:09.506+0000] {logging_mixin.py:149} INFO - [2023-06-09T06:28:09.506+0000] {dagbag.py:541} INFO - Filling up the DagBag from /home/airflow/.local/lib/python3.7/site-packages/airflow/example_dags/example_short_circuit_decorator.py
[2023-06-09T06:28:09.518+0000] {processor.py:836} INFO - DAG(s) dict_keys(['example_short_circuit_decorator']) retrieved from /home/airflow/.local/lib/python3.7/site-packages/airflow/example_dags/example_short_circuit_decorator.py
[2023-06-09T06:28:09.564+0000] {logging_mixin.py:149} INFO - [2023-06-09T06:28:09.564+0000] {dag.py:2726} INFO - Sync 1 DAGs
[2023-06-09T06:28:09.597+0000] {logging_mixin.py:149} INFO - [2023-06-09T06:28:09.597+0000] {dag.py:3490} INFO - Setting next_dagrun for example_short_circuit_decorator to 2023-06-08T06:28:09.597397+00:00, run_after=2023-06-09T06:28:09.597397+00:00
[2023-06-09T06:28:09.628+0000] {processor.py:179} INFO - Processing /home/airflow/.local/lib/python3.7/site-packages/airflow/example_dags/example_short_circuit_decorator.py took 0.128 seconds
[2023-06-09T06:28:40.394+0000] {processor.py:157} INFO - Started process (PID=3363) to work on /home/airflow/.local/lib/python3.7/site-packages/airflow/example_dags/example_short_circuit_decorator.py
[2023-06-09T06:28:40.396+0000] {processor.py:826} INFO - Processing file /home/airflow/.local/lib/python3.7/site-packages/airflow/example_dags/example_short_circuit_decorator.py for tasks to queue
[2023-06-09T06:28:40.396+0000] {logging_mixin.py:149} INFO - [2023-06-09T06:28:40.396+0000] {dagbag.py:541} INFO - Filling up the DagBag from /home/airflow/.local/lib/python3.7/site-packages/airflow/example_dags/example_short_circuit_decorator.py
[2023-06-09T06:28:40.409+0000] {processor.py:836} INFO - DAG(s) dict_keys(['example_short_circuit_decorator']) retrieved from /home/airflow/.local/lib/python3.7/site-packages/airflow/example_dags/example_short_circuit_decorator.py
[2023-06-09T06:28:40.445+0000] {logging_mixin.py:149} INFO - [2023-06-09T06:28:40.445+0000] {dag.py:2726} INFO - Sync 1 DAGs
[2023-06-09T06:28:40.478+0000] {logging_mixin.py:149} INFO - [2023-06-09T06:28:40.478+0000] {dag.py:3490} INFO - Setting next_dagrun for example_short_circuit_decorator to 2023-06-08T06:28:40.477729+00:00, run_after=2023-06-09T06:28:40.477729+00:00
[2023-06-09T06:28:40.499+0000] {processor.py:179} INFO - Processing /home/airflow/.local/lib/python3.7/site-packages/airflow/example_dags/example_short_circuit_decorator.py took 0.109 seconds
[2023-06-09T06:29:10.540+0000] {processor.py:157} INFO - Started process (PID=3417) to work on /home/airflow/.local/lib/python3.7/site-packages/airflow/example_dags/example_short_circuit_decorator.py
[2023-06-09T06:29:10.541+0000] {processor.py:826} INFO - Processing file /home/airflow/.local/lib/python3.7/site-packages/airflow/example_dags/example_short_circuit_decorator.py for tasks to queue
[2023-06-09T06:29:10.542+0000] {logging_mixin.py:149} INFO - [2023-06-09T06:29:10.542+0000] {dagbag.py:541} INFO - Filling up the DagBag from /home/airflow/.local/lib/python3.7/site-packages/airflow/example_dags/example_short_circuit_decorator.py
[2023-06-09T06:29:10.567+0000] {processor.py:836} INFO - DAG(s) dict_keys(['example_short_circuit_decorator']) retrieved from /home/airflow/.local/lib/python3.7/site-packages/airflow/example_dags/example_short_circuit_decorator.py
[2023-06-09T06:29:10.601+0000] {logging_mixin.py:149} INFO - [2023-06-09T06:29:10.601+0000] {dag.py:2726} INFO - Sync 1 DAGs
[2023-06-09T06:29:10.632+0000] {logging_mixin.py:149} INFO - [2023-06-09T06:29:10.632+0000] {dag.py:3490} INFO - Setting next_dagrun for example_short_circuit_decorator to 2023-06-08T06:29:10.632348+00:00, run_after=2023-06-09T06:29:10.632348+00:00
[2023-06-09T06:29:10.657+0000] {processor.py:179} INFO - Processing /home/airflow/.local/lib/python3.7/site-packages/airflow/example_dags/example_short_circuit_decorator.py took 0.121 seconds
[2023-06-09T06:29:40.731+0000] {processor.py:157} INFO - Started process (PID=3470) to work on /home/airflow/.local/lib/python3.7/site-packages/airflow/example_dags/example_short_circuit_decorator.py
[2023-06-09T06:29:40.737+0000] {processor.py:826} INFO - Processing file /home/airflow/.local/lib/python3.7/site-packages/airflow/example_dags/example_short_circuit_decorator.py for tasks to queue
[2023-06-09T06:29:40.738+0000] {logging_mixin.py:149} INFO - [2023-06-09T06:29:40.738+0000] {dagbag.py:541} INFO - Filling up the DagBag from /home/airflow/.local/lib/python3.7/site-packages/airflow/example_dags/example_short_circuit_decorator.py
[2023-06-09T06:29:40.773+0000] {processor.py:836} INFO - DAG(s) dict_keys(['example_short_circuit_decorator']) retrieved from /home/airflow/.local/lib/python3.7/site-packages/airflow/example_dags/example_short_circuit_decorator.py
[2023-06-09T06:29:40.841+0000] {logging_mixin.py:149} INFO - [2023-06-09T06:29:40.841+0000] {dag.py:2726} INFO - Sync 1 DAGs
[2023-06-09T06:29:40.932+0000] {logging_mixin.py:149} INFO - [2023-06-09T06:29:40.932+0000] {dag.py:3490} INFO - Setting next_dagrun for example_short_circuit_decorator to 2023-06-08T06:29:40.932506+00:00, run_after=2023-06-09T06:29:40.932506+00:00
[2023-06-09T06:29:40.974+0000] {processor.py:179} INFO - Processing /home/airflow/.local/lib/python3.7/site-packages/airflow/example_dags/example_short_circuit_decorator.py took 0.263 seconds
[2023-06-09T06:30:11.964+0000] {processor.py:157} INFO - Started process (PID=3524) to work on /home/airflow/.local/lib/python3.7/site-packages/airflow/example_dags/example_short_circuit_decorator.py
[2023-06-09T06:30:11.978+0000] {processor.py:826} INFO - Processing file /home/airflow/.local/lib/python3.7/site-packages/airflow/example_dags/example_short_circuit_decorator.py for tasks to queue
[2023-06-09T06:30:11.979+0000] {logging_mixin.py:149} INFO - [2023-06-09T06:30:11.979+0000] {dagbag.py:541} INFO - Filling up the DagBag from /home/airflow/.local/lib/python3.7/site-packages/airflow/example_dags/example_short_circuit_decorator.py
[2023-06-09T06:30:12.002+0000] {processor.py:836} INFO - DAG(s) dict_keys(['example_short_circuit_decorator']) retrieved from /home/airflow/.local/lib/python3.7/site-packages/airflow/example_dags/example_short_circuit_decorator.py
[2023-06-09T06:30:12.040+0000] {logging_mixin.py:149} INFO - [2023-06-09T06:30:12.039+0000] {dag.py:2726} INFO - Sync 1 DAGs
[2023-06-09T06:30:12.110+0000] {logging_mixin.py:149} INFO - [2023-06-09T06:30:12.109+0000] {dag.py:3490} INFO - Setting next_dagrun for example_short_circuit_decorator to 2023-06-08T06:30:12.109642+00:00, run_after=2023-06-09T06:30:12.109642+00:00
[2023-06-09T06:30:12.155+0000] {processor.py:179} INFO - Processing /home/airflow/.local/lib/python3.7/site-packages/airflow/example_dags/example_short_circuit_decorator.py took 0.195 seconds
