[2023-06-09T05:57:29.492+0000] {processor.py:157} INFO - Started process (PID=57) to work on /home/airflow/.local/lib/python3.7/site-packages/airflow/example_dags/example_bash_operator.py
[2023-06-09T05:57:29.493+0000] {processor.py:826} INFO - Processing file /home/airflow/.local/lib/python3.7/site-packages/airflow/example_dags/example_bash_operator.py for tasks to queue
[2023-06-09T05:57:29.493+0000] {logging_mixin.py:149} INFO - [2023-06-09T05:57:29.493+0000] {dagbag.py:541} INFO - Filling up the DagBag from /home/airflow/.local/lib/python3.7/site-packages/airflow/example_dags/example_bash_operator.py
[2023-06-09T05:57:29.599+0000] {processor.py:836} INFO - DAG(s) dict_keys(['example_bash_operator']) retrieved from /home/airflow/.local/lib/python3.7/site-packages/airflow/example_dags/example_bash_operator.py
[2023-06-09T05:57:29.842+0000] {logging_mixin.py:149} INFO - [2023-06-09T05:57:29.842+0000] {dag.py:2726} INFO - Sync 1 DAGs
[2023-06-09T05:57:30.003+0000] {logging_mixin.py:149} INFO - [2023-06-09T05:57:30.002+0000] {dag.py:3490} INFO - Setting next_dagrun for example_bash_operator to 2023-06-08T00:00:00+00:00, run_after=2023-06-09T00:00:00+00:00
[2023-06-09T05:57:30.168+0000] {processor.py:179} INFO - Processing /home/airflow/.local/lib/python3.7/site-packages/airflow/example_dags/example_bash_operator.py took 0.705 seconds
[2023-06-09T05:58:00.596+0000] {processor.py:157} INFO - Started process (PID=111) to work on /home/airflow/.local/lib/python3.7/site-packages/airflow/example_dags/example_bash_operator.py
[2023-06-09T05:58:00.598+0000] {processor.py:826} INFO - Processing file /home/airflow/.local/lib/python3.7/site-packages/airflow/example_dags/example_bash_operator.py for tasks to queue
[2023-06-09T05:58:00.599+0000] {logging_mixin.py:149} INFO - [2023-06-09T05:58:00.599+0000] {dagbag.py:541} INFO - Filling up the DagBag from /home/airflow/.local/lib/python3.7/site-packages/airflow/example_dags/example_bash_operator.py
[2023-06-09T05:58:00.622+0000] {processor.py:836} INFO - DAG(s) dict_keys(['example_bash_operator']) retrieved from /home/airflow/.local/lib/python3.7/site-packages/airflow/example_dags/example_bash_operator.py
[2023-06-09T05:58:00.683+0000] {logging_mixin.py:149} INFO - [2023-06-09T05:58:00.683+0000] {dag.py:2726} INFO - Sync 1 DAGs
[2023-06-09T05:58:00.736+0000] {logging_mixin.py:149} INFO - [2023-06-09T05:58:00.736+0000] {dag.py:3490} INFO - Setting next_dagrun for example_bash_operator to 2023-06-08T00:00:00+00:00, run_after=2023-06-09T00:00:00+00:00
[2023-06-09T05:58:00.760+0000] {processor.py:179} INFO - Processing /home/airflow/.local/lib/python3.7/site-packages/airflow/example_dags/example_bash_operator.py took 0.168 seconds
[2023-06-09T05:58:31.108+0000] {processor.py:157} INFO - Started process (PID=164) to work on /home/airflow/.local/lib/python3.7/site-packages/airflow/example_dags/example_bash_operator.py
[2023-06-09T05:58:31.110+0000] {processor.py:826} INFO - Processing file /home/airflow/.local/lib/python3.7/site-packages/airflow/example_dags/example_bash_operator.py for tasks to queue
[2023-06-09T05:58:31.111+0000] {logging_mixin.py:149} INFO - [2023-06-09T05:58:31.111+0000] {dagbag.py:541} INFO - Filling up the DagBag from /home/airflow/.local/lib/python3.7/site-packages/airflow/example_dags/example_bash_operator.py
[2023-06-09T05:58:31.131+0000] {processor.py:836} INFO - DAG(s) dict_keys(['example_bash_operator']) retrieved from /home/airflow/.local/lib/python3.7/site-packages/airflow/example_dags/example_bash_operator.py
[2023-06-09T05:58:31.179+0000] {logging_mixin.py:149} INFO - [2023-06-09T05:58:31.179+0000] {dag.py:2726} INFO - Sync 1 DAGs
[2023-06-09T05:58:31.214+0000] {logging_mixin.py:149} INFO - [2023-06-09T05:58:31.214+0000] {dag.py:3490} INFO - Setting next_dagrun for example_bash_operator to 2023-06-08T00:00:00+00:00, run_after=2023-06-09T00:00:00+00:00
[2023-06-09T05:58:31.237+0000] {processor.py:179} INFO - Processing /home/airflow/.local/lib/python3.7/site-packages/airflow/example_dags/example_bash_operator.py took 0.133 seconds
[2023-06-09T05:59:01.612+0000] {processor.py:157} INFO - Started process (PID=218) to work on /home/airflow/.local/lib/python3.7/site-packages/airflow/example_dags/example_bash_operator.py
[2023-06-09T05:59:01.617+0000] {processor.py:826} INFO - Processing file /home/airflow/.local/lib/python3.7/site-packages/airflow/example_dags/example_bash_operator.py for tasks to queue
[2023-06-09T05:59:01.630+0000] {logging_mixin.py:149} INFO - [2023-06-09T05:59:01.618+0000] {dagbag.py:541} INFO - Filling up the DagBag from /home/airflow/.local/lib/python3.7/site-packages/airflow/example_dags/example_bash_operator.py
[2023-06-09T05:59:01.648+0000] {processor.py:836} INFO - DAG(s) dict_keys(['example_bash_operator']) retrieved from /home/airflow/.local/lib/python3.7/site-packages/airflow/example_dags/example_bash_operator.py
[2023-06-09T05:59:01.700+0000] {logging_mixin.py:149} INFO - [2023-06-09T05:59:01.700+0000] {dag.py:2726} INFO - Sync 1 DAGs
[2023-06-09T05:59:01.734+0000] {logging_mixin.py:149} INFO - [2023-06-09T05:59:01.734+0000] {dag.py:3490} INFO - Setting next_dagrun for example_bash_operator to 2023-06-08T00:00:00+00:00, run_after=2023-06-09T00:00:00+00:00
[2023-06-09T05:59:01.756+0000] {processor.py:179} INFO - Processing /home/airflow/.local/lib/python3.7/site-packages/airflow/example_dags/example_bash_operator.py took 0.155 seconds
[2023-06-09T05:59:31.839+0000] {processor.py:157} INFO - Started process (PID=272) to work on /home/airflow/.local/lib/python3.7/site-packages/airflow/example_dags/example_bash_operator.py
[2023-06-09T05:59:31.840+0000] {processor.py:826} INFO - Processing file /home/airflow/.local/lib/python3.7/site-packages/airflow/example_dags/example_bash_operator.py for tasks to queue
[2023-06-09T05:59:31.841+0000] {logging_mixin.py:149} INFO - [2023-06-09T05:59:31.840+0000] {dagbag.py:541} INFO - Filling up the DagBag from /home/airflow/.local/lib/python3.7/site-packages/airflow/example_dags/example_bash_operator.py
[2023-06-09T05:59:31.868+0000] {processor.py:836} INFO - DAG(s) dict_keys(['example_bash_operator']) retrieved from /home/airflow/.local/lib/python3.7/site-packages/airflow/example_dags/example_bash_operator.py
[2023-06-09T05:59:31.947+0000] {logging_mixin.py:149} INFO - [2023-06-09T05:59:31.946+0000] {dag.py:2726} INFO - Sync 1 DAGs
[2023-06-09T05:59:31.991+0000] {logging_mixin.py:149} INFO - [2023-06-09T05:59:31.990+0000] {dag.py:3490} INFO - Setting next_dagrun for example_bash_operator to 2023-06-08T00:00:00+00:00, run_after=2023-06-09T00:00:00+00:00
[2023-06-09T05:59:32.017+0000] {processor.py:179} INFO - Processing /home/airflow/.local/lib/python3.7/site-packages/airflow/example_dags/example_bash_operator.py took 0.183 seconds
[2023-06-09T06:00:02.160+0000] {processor.py:157} INFO - Started process (PID=326) to work on /home/airflow/.local/lib/python3.7/site-packages/airflow/example_dags/example_bash_operator.py
[2023-06-09T06:00:02.161+0000] {processor.py:826} INFO - Processing file /home/airflow/.local/lib/python3.7/site-packages/airflow/example_dags/example_bash_operator.py for tasks to queue
[2023-06-09T06:00:02.162+0000] {logging_mixin.py:149} INFO - [2023-06-09T06:00:02.162+0000] {dagbag.py:541} INFO - Filling up the DagBag from /home/airflow/.local/lib/python3.7/site-packages/airflow/example_dags/example_bash_operator.py
[2023-06-09T06:00:02.181+0000] {processor.py:836} INFO - DAG(s) dict_keys(['example_bash_operator']) retrieved from /home/airflow/.local/lib/python3.7/site-packages/airflow/example_dags/example_bash_operator.py
[2023-06-09T06:00:02.268+0000] {logging_mixin.py:149} INFO - [2023-06-09T06:00:02.267+0000] {dag.py:2726} INFO - Sync 1 DAGs
[2023-06-09T06:00:02.304+0000] {logging_mixin.py:149} INFO - [2023-06-09T06:00:02.304+0000] {dag.py:3490} INFO - Setting next_dagrun for example_bash_operator to 2023-06-08T00:00:00+00:00, run_after=2023-06-09T00:00:00+00:00
[2023-06-09T06:00:02.330+0000] {processor.py:179} INFO - Processing /home/airflow/.local/lib/python3.7/site-packages/airflow/example_dags/example_bash_operator.py took 0.175 seconds
[2023-06-09T06:00:32.401+0000] {processor.py:157} INFO - Started process (PID=381) to work on /home/airflow/.local/lib/python3.7/site-packages/airflow/example_dags/example_bash_operator.py
[2023-06-09T06:00:32.401+0000] {processor.py:826} INFO - Processing file /home/airflow/.local/lib/python3.7/site-packages/airflow/example_dags/example_bash_operator.py for tasks to queue
[2023-06-09T06:00:32.402+0000] {logging_mixin.py:149} INFO - [2023-06-09T06:00:32.402+0000] {dagbag.py:541} INFO - Filling up the DagBag from /home/airflow/.local/lib/python3.7/site-packages/airflow/example_dags/example_bash_operator.py
[2023-06-09T06:00:32.422+0000] {processor.py:836} INFO - DAG(s) dict_keys(['example_bash_operator']) retrieved from /home/airflow/.local/lib/python3.7/site-packages/airflow/example_dags/example_bash_operator.py
[2023-06-09T06:00:32.494+0000] {logging_mixin.py:149} INFO - [2023-06-09T06:00:32.494+0000] {dag.py:2726} INFO - Sync 1 DAGs
[2023-06-09T06:00:32.534+0000] {logging_mixin.py:149} INFO - [2023-06-09T06:00:32.534+0000] {dag.py:3490} INFO - Setting next_dagrun for example_bash_operator to 2023-06-08T00:00:00+00:00, run_after=2023-06-09T00:00:00+00:00
[2023-06-09T06:00:32.572+0000] {processor.py:179} INFO - Processing /home/airflow/.local/lib/python3.7/site-packages/airflow/example_dags/example_bash_operator.py took 0.175 seconds
[2023-06-09T06:01:02.771+0000] {processor.py:157} INFO - Started process (PID=435) to work on /home/airflow/.local/lib/python3.7/site-packages/airflow/example_dags/example_bash_operator.py
[2023-06-09T06:01:02.772+0000] {processor.py:826} INFO - Processing file /home/airflow/.local/lib/python3.7/site-packages/airflow/example_dags/example_bash_operator.py for tasks to queue
[2023-06-09T06:01:02.773+0000] {logging_mixin.py:149} INFO - [2023-06-09T06:01:02.773+0000] {dagbag.py:541} INFO - Filling up the DagBag from /home/airflow/.local/lib/python3.7/site-packages/airflow/example_dags/example_bash_operator.py
[2023-06-09T06:01:02.791+0000] {processor.py:836} INFO - DAG(s) dict_keys(['example_bash_operator']) retrieved from /home/airflow/.local/lib/python3.7/site-packages/airflow/example_dags/example_bash_operator.py
[2023-06-09T06:01:02.838+0000] {logging_mixin.py:149} INFO - [2023-06-09T06:01:02.837+0000] {dag.py:2726} INFO - Sync 1 DAGs
[2023-06-09T06:01:02.885+0000] {logging_mixin.py:149} INFO - [2023-06-09T06:01:02.885+0000] {dag.py:3490} INFO - Setting next_dagrun for example_bash_operator to 2023-06-08T00:00:00+00:00, run_after=2023-06-09T00:00:00+00:00
[2023-06-09T06:01:02.908+0000] {processor.py:179} INFO - Processing /home/airflow/.local/lib/python3.7/site-packages/airflow/example_dags/example_bash_operator.py took 0.141 seconds
[2023-06-09T06:01:33.554+0000] {processor.py:157} INFO - Started process (PID=489) to work on /home/airflow/.local/lib/python3.7/site-packages/airflow/example_dags/example_bash_operator.py
[2023-06-09T06:01:33.555+0000] {processor.py:826} INFO - Processing file /home/airflow/.local/lib/python3.7/site-packages/airflow/example_dags/example_bash_operator.py for tasks to queue
[2023-06-09T06:01:33.556+0000] {logging_mixin.py:149} INFO - [2023-06-09T06:01:33.556+0000] {dagbag.py:541} INFO - Filling up the DagBag from /home/airflow/.local/lib/python3.7/site-packages/airflow/example_dags/example_bash_operator.py
[2023-06-09T06:01:33.574+0000] {processor.py:836} INFO - DAG(s) dict_keys(['example_bash_operator']) retrieved from /home/airflow/.local/lib/python3.7/site-packages/airflow/example_dags/example_bash_operator.py
[2023-06-09T06:01:33.622+0000] {logging_mixin.py:149} INFO - [2023-06-09T06:01:33.622+0000] {dag.py:2726} INFO - Sync 1 DAGs
[2023-06-09T06:01:33.656+0000] {logging_mixin.py:149} INFO - [2023-06-09T06:01:33.656+0000] {dag.py:3490} INFO - Setting next_dagrun for example_bash_operator to 2023-06-08T00:00:00+00:00, run_after=2023-06-09T00:00:00+00:00
[2023-06-09T06:01:33.679+0000] {processor.py:179} INFO - Processing /home/airflow/.local/lib/python3.7/site-packages/airflow/example_dags/example_bash_operator.py took 0.130 seconds
[2023-06-09T06:02:04.288+0000] {processor.py:157} INFO - Started process (PID=544) to work on /home/airflow/.local/lib/python3.7/site-packages/airflow/example_dags/example_bash_operator.py
[2023-06-09T06:02:04.289+0000] {processor.py:826} INFO - Processing file /home/airflow/.local/lib/python3.7/site-packages/airflow/example_dags/example_bash_operator.py for tasks to queue
[2023-06-09T06:02:04.290+0000] {logging_mixin.py:149} INFO - [2023-06-09T06:02:04.290+0000] {dagbag.py:541} INFO - Filling up the DagBag from /home/airflow/.local/lib/python3.7/site-packages/airflow/example_dags/example_bash_operator.py
[2023-06-09T06:02:04.309+0000] {processor.py:836} INFO - DAG(s) dict_keys(['example_bash_operator']) retrieved from /home/airflow/.local/lib/python3.7/site-packages/airflow/example_dags/example_bash_operator.py
[2023-06-09T06:02:04.358+0000] {logging_mixin.py:149} INFO - [2023-06-09T06:02:04.358+0000] {dag.py:2726} INFO - Sync 1 DAGs
[2023-06-09T06:02:04.398+0000] {logging_mixin.py:149} INFO - [2023-06-09T06:02:04.398+0000] {dag.py:3490} INFO - Setting next_dagrun for example_bash_operator to 2023-06-08T00:00:00+00:00, run_after=2023-06-09T00:00:00+00:00
[2023-06-09T06:02:04.421+0000] {processor.py:179} INFO - Processing /home/airflow/.local/lib/python3.7/site-packages/airflow/example_dags/example_bash_operator.py took 0.137 seconds
[2023-06-09T06:02:34.973+0000] {processor.py:157} INFO - Started process (PID=600) to work on /home/airflow/.local/lib/python3.7/site-packages/airflow/example_dags/example_bash_operator.py
[2023-06-09T06:02:34.976+0000] {processor.py:826} INFO - Processing file /home/airflow/.local/lib/python3.7/site-packages/airflow/example_dags/example_bash_operator.py for tasks to queue
[2023-06-09T06:02:34.980+0000] {logging_mixin.py:149} INFO - [2023-06-09T06:02:34.980+0000] {dagbag.py:541} INFO - Filling up the DagBag from /home/airflow/.local/lib/python3.7/site-packages/airflow/example_dags/example_bash_operator.py
[2023-06-09T06:02:35.001+0000] {processor.py:836} INFO - DAG(s) dict_keys(['example_bash_operator']) retrieved from /home/airflow/.local/lib/python3.7/site-packages/airflow/example_dags/example_bash_operator.py
[2023-06-09T06:02:35.056+0000] {logging_mixin.py:149} INFO - [2023-06-09T06:02:35.056+0000] {dag.py:2726} INFO - Sync 1 DAGs
[2023-06-09T06:02:35.100+0000] {logging_mixin.py:149} INFO - [2023-06-09T06:02:35.100+0000] {dag.py:3490} INFO - Setting next_dagrun for example_bash_operator to 2023-06-08T00:00:00+00:00, run_after=2023-06-09T00:00:00+00:00
[2023-06-09T06:02:35.132+0000] {processor.py:179} INFO - Processing /home/airflow/.local/lib/python3.7/site-packages/airflow/example_dags/example_bash_operator.py took 0.171 seconds
[2023-06-09T06:03:05.577+0000] {processor.py:157} INFO - Started process (PID=653) to work on /home/airflow/.local/lib/python3.7/site-packages/airflow/example_dags/example_bash_operator.py
[2023-06-09T06:03:05.578+0000] {processor.py:826} INFO - Processing file /home/airflow/.local/lib/python3.7/site-packages/airflow/example_dags/example_bash_operator.py for tasks to queue
[2023-06-09T06:03:05.579+0000] {logging_mixin.py:149} INFO - [2023-06-09T06:03:05.578+0000] {dagbag.py:541} INFO - Filling up the DagBag from /home/airflow/.local/lib/python3.7/site-packages/airflow/example_dags/example_bash_operator.py
[2023-06-09T06:03:05.596+0000] {processor.py:836} INFO - DAG(s) dict_keys(['example_bash_operator']) retrieved from /home/airflow/.local/lib/python3.7/site-packages/airflow/example_dags/example_bash_operator.py
[2023-06-09T06:03:05.645+0000] {logging_mixin.py:149} INFO - [2023-06-09T06:03:05.645+0000] {dag.py:2726} INFO - Sync 1 DAGs
[2023-06-09T06:03:05.679+0000] {logging_mixin.py:149} INFO - [2023-06-09T06:03:05.679+0000] {dag.py:3490} INFO - Setting next_dagrun for example_bash_operator to 2023-06-08T00:00:00+00:00, run_after=2023-06-09T00:00:00+00:00
[2023-06-09T06:03:05.701+0000] {processor.py:179} INFO - Processing /home/airflow/.local/lib/python3.7/site-packages/airflow/example_dags/example_bash_operator.py took 0.128 seconds
[2023-06-09T06:03:35.975+0000] {processor.py:157} INFO - Started process (PID=706) to work on /home/airflow/.local/lib/python3.7/site-packages/airflow/example_dags/example_bash_operator.py
[2023-06-09T06:03:35.977+0000] {processor.py:826} INFO - Processing file /home/airflow/.local/lib/python3.7/site-packages/airflow/example_dags/example_bash_operator.py for tasks to queue
[2023-06-09T06:03:35.977+0000] {logging_mixin.py:149} INFO - [2023-06-09T06:03:35.977+0000] {dagbag.py:541} INFO - Filling up the DagBag from /home/airflow/.local/lib/python3.7/site-packages/airflow/example_dags/example_bash_operator.py
[2023-06-09T06:03:35.995+0000] {processor.py:836} INFO - DAG(s) dict_keys(['example_bash_operator']) retrieved from /home/airflow/.local/lib/python3.7/site-packages/airflow/example_dags/example_bash_operator.py
[2023-06-09T06:03:36.044+0000] {logging_mixin.py:149} INFO - [2023-06-09T06:03:36.043+0000] {dag.py:2726} INFO - Sync 1 DAGs
[2023-06-09T06:03:36.081+0000] {logging_mixin.py:149} INFO - [2023-06-09T06:03:36.081+0000] {dag.py:3490} INFO - Setting next_dagrun for example_bash_operator to 2023-06-08T00:00:00+00:00, run_after=2023-06-09T00:00:00+00:00
[2023-06-09T06:03:36.107+0000] {processor.py:179} INFO - Processing /home/airflow/.local/lib/python3.7/site-packages/airflow/example_dags/example_bash_operator.py took 0.136 seconds
[2023-06-09T06:04:06.747+0000] {processor.py:157} INFO - Started process (PID=759) to work on /home/airflow/.local/lib/python3.7/site-packages/airflow/example_dags/example_bash_operator.py
[2023-06-09T06:04:06.749+0000] {processor.py:826} INFO - Processing file /home/airflow/.local/lib/python3.7/site-packages/airflow/example_dags/example_bash_operator.py for tasks to queue
[2023-06-09T06:04:06.753+0000] {logging_mixin.py:149} INFO - [2023-06-09T06:04:06.752+0000] {dagbag.py:541} INFO - Filling up the DagBag from /home/airflow/.local/lib/python3.7/site-packages/airflow/example_dags/example_bash_operator.py
[2023-06-09T06:04:06.772+0000] {processor.py:836} INFO - DAG(s) dict_keys(['example_bash_operator']) retrieved from /home/airflow/.local/lib/python3.7/site-packages/airflow/example_dags/example_bash_operator.py
[2023-06-09T06:04:06.822+0000] {logging_mixin.py:149} INFO - [2023-06-09T06:04:06.821+0000] {dag.py:2726} INFO - Sync 1 DAGs
[2023-06-09T06:04:06.862+0000] {logging_mixin.py:149} INFO - [2023-06-09T06:04:06.862+0000] {dag.py:3490} INFO - Setting next_dagrun for example_bash_operator to 2023-06-08T00:00:00+00:00, run_after=2023-06-09T00:00:00+00:00
[2023-06-09T06:04:06.888+0000] {processor.py:179} INFO - Processing /home/airflow/.local/lib/python3.7/site-packages/airflow/example_dags/example_bash_operator.py took 0.145 seconds
[2023-06-09T06:04:37.149+0000] {processor.py:157} INFO - Started process (PID=812) to work on /home/airflow/.local/lib/python3.7/site-packages/airflow/example_dags/example_bash_operator.py
[2023-06-09T06:04:37.151+0000] {processor.py:826} INFO - Processing file /home/airflow/.local/lib/python3.7/site-packages/airflow/example_dags/example_bash_operator.py for tasks to queue
[2023-06-09T06:04:37.151+0000] {logging_mixin.py:149} INFO - [2023-06-09T06:04:37.151+0000] {dagbag.py:541} INFO - Filling up the DagBag from /home/airflow/.local/lib/python3.7/site-packages/airflow/example_dags/example_bash_operator.py
[2023-06-09T06:04:37.169+0000] {processor.py:836} INFO - DAG(s) dict_keys(['example_bash_operator']) retrieved from /home/airflow/.local/lib/python3.7/site-packages/airflow/example_dags/example_bash_operator.py
[2023-06-09T06:04:37.219+0000] {logging_mixin.py:149} INFO - [2023-06-09T06:04:37.219+0000] {dag.py:2726} INFO - Sync 1 DAGs
[2023-06-09T06:04:37.256+0000] {logging_mixin.py:149} INFO - [2023-06-09T06:04:37.256+0000] {dag.py:3490} INFO - Setting next_dagrun for example_bash_operator to 2023-06-08T00:00:00+00:00, run_after=2023-06-09T00:00:00+00:00
[2023-06-09T06:04:37.280+0000] {processor.py:179} INFO - Processing /home/airflow/.local/lib/python3.7/site-packages/airflow/example_dags/example_bash_operator.py took 0.135 seconds
[2023-06-09T06:05:07.376+0000] {processor.py:157} INFO - Started process (PID=866) to work on /home/airflow/.local/lib/python3.7/site-packages/airflow/example_dags/example_bash_operator.py
[2023-06-09T06:05:07.378+0000] {processor.py:826} INFO - Processing file /home/airflow/.local/lib/python3.7/site-packages/airflow/example_dags/example_bash_operator.py for tasks to queue
[2023-06-09T06:05:07.379+0000] {logging_mixin.py:149} INFO - [2023-06-09T06:05:07.378+0000] {dagbag.py:541} INFO - Filling up the DagBag from /home/airflow/.local/lib/python3.7/site-packages/airflow/example_dags/example_bash_operator.py
[2023-06-09T06:05:07.397+0000] {processor.py:836} INFO - DAG(s) dict_keys(['example_bash_operator']) retrieved from /home/airflow/.local/lib/python3.7/site-packages/airflow/example_dags/example_bash_operator.py
[2023-06-09T06:05:07.447+0000] {logging_mixin.py:149} INFO - [2023-06-09T06:05:07.447+0000] {dag.py:2726} INFO - Sync 1 DAGs
[2023-06-09T06:05:07.485+0000] {logging_mixin.py:149} INFO - [2023-06-09T06:05:07.484+0000] {dag.py:3490} INFO - Setting next_dagrun for example_bash_operator to 2023-06-08T00:00:00+00:00, run_after=2023-06-09T00:00:00+00:00
[2023-06-09T06:05:07.509+0000] {processor.py:179} INFO - Processing /home/airflow/.local/lib/python3.7/site-packages/airflow/example_dags/example_bash_operator.py took 0.136 seconds
[2023-06-09T06:05:37.667+0000] {processor.py:157} INFO - Started process (PID=920) to work on /home/airflow/.local/lib/python3.7/site-packages/airflow/example_dags/example_bash_operator.py
[2023-06-09T06:05:37.668+0000] {processor.py:826} INFO - Processing file /home/airflow/.local/lib/python3.7/site-packages/airflow/example_dags/example_bash_operator.py for tasks to queue
[2023-06-09T06:05:37.669+0000] {logging_mixin.py:149} INFO - [2023-06-09T06:05:37.668+0000] {dagbag.py:541} INFO - Filling up the DagBag from /home/airflow/.local/lib/python3.7/site-packages/airflow/example_dags/example_bash_operator.py
[2023-06-09T06:05:37.688+0000] {processor.py:836} INFO - DAG(s) dict_keys(['example_bash_operator']) retrieved from /home/airflow/.local/lib/python3.7/site-packages/airflow/example_dags/example_bash_operator.py
[2023-06-09T06:05:37.736+0000] {logging_mixin.py:149} INFO - [2023-06-09T06:05:37.736+0000] {dag.py:2726} INFO - Sync 1 DAGs
[2023-06-09T06:05:37.770+0000] {logging_mixin.py:149} INFO - [2023-06-09T06:05:37.770+0000] {dag.py:3490} INFO - Setting next_dagrun for example_bash_operator to 2023-06-08T00:00:00+00:00, run_after=2023-06-09T00:00:00+00:00
[2023-06-09T06:05:37.794+0000] {processor.py:179} INFO - Processing /home/airflow/.local/lib/python3.7/site-packages/airflow/example_dags/example_bash_operator.py took 0.131 seconds
[2023-06-09T06:06:08.509+0000] {processor.py:157} INFO - Started process (PID=973) to work on /home/airflow/.local/lib/python3.7/site-packages/airflow/example_dags/example_bash_operator.py
[2023-06-09T06:06:08.510+0000] {processor.py:826} INFO - Processing file /home/airflow/.local/lib/python3.7/site-packages/airflow/example_dags/example_bash_operator.py for tasks to queue
[2023-06-09T06:06:08.511+0000] {logging_mixin.py:149} INFO - [2023-06-09T06:06:08.511+0000] {dagbag.py:541} INFO - Filling up the DagBag from /home/airflow/.local/lib/python3.7/site-packages/airflow/example_dags/example_bash_operator.py
[2023-06-09T06:06:08.529+0000] {processor.py:836} INFO - DAG(s) dict_keys(['example_bash_operator']) retrieved from /home/airflow/.local/lib/python3.7/site-packages/airflow/example_dags/example_bash_operator.py
[2023-06-09T06:06:08.577+0000] {logging_mixin.py:149} INFO - [2023-06-09T06:06:08.577+0000] {dag.py:2726} INFO - Sync 1 DAGs
[2023-06-09T06:06:08.612+0000] {logging_mixin.py:149} INFO - [2023-06-09T06:06:08.612+0000] {dag.py:3490} INFO - Setting next_dagrun for example_bash_operator to 2023-06-08T00:00:00+00:00, run_after=2023-06-09T00:00:00+00:00
[2023-06-09T06:06:08.635+0000] {processor.py:179} INFO - Processing /home/airflow/.local/lib/python3.7/site-packages/airflow/example_dags/example_bash_operator.py took 0.130 seconds
[2023-06-09T06:06:39.063+0000] {processor.py:157} INFO - Started process (PID=1026) to work on /home/airflow/.local/lib/python3.7/site-packages/airflow/example_dags/example_bash_operator.py
[2023-06-09T06:06:39.064+0000] {processor.py:826} INFO - Processing file /home/airflow/.local/lib/python3.7/site-packages/airflow/example_dags/example_bash_operator.py for tasks to queue
[2023-06-09T06:06:39.064+0000] {logging_mixin.py:149} INFO - [2023-06-09T06:06:39.064+0000] {dagbag.py:541} INFO - Filling up the DagBag from /home/airflow/.local/lib/python3.7/site-packages/airflow/example_dags/example_bash_operator.py
[2023-06-09T06:06:39.082+0000] {processor.py:836} INFO - DAG(s) dict_keys(['example_bash_operator']) retrieved from /home/airflow/.local/lib/python3.7/site-packages/airflow/example_dags/example_bash_operator.py
[2023-06-09T06:06:39.137+0000] {logging_mixin.py:149} INFO - [2023-06-09T06:06:39.137+0000] {dag.py:2726} INFO - Sync 1 DAGs
[2023-06-09T06:06:39.172+0000] {logging_mixin.py:149} INFO - [2023-06-09T06:06:39.172+0000] {dag.py:3490} INFO - Setting next_dagrun for example_bash_operator to 2023-06-08T00:00:00+00:00, run_after=2023-06-09T00:00:00+00:00
[2023-06-09T06:06:39.202+0000] {processor.py:179} INFO - Processing /home/airflow/.local/lib/python3.7/site-packages/airflow/example_dags/example_bash_operator.py took 0.143 seconds
[2023-06-09T06:07:09.433+0000] {processor.py:157} INFO - Started process (PID=1081) to work on /home/airflow/.local/lib/python3.7/site-packages/airflow/example_dags/example_bash_operator.py
[2023-06-09T06:07:09.435+0000] {processor.py:826} INFO - Processing file /home/airflow/.local/lib/python3.7/site-packages/airflow/example_dags/example_bash_operator.py for tasks to queue
[2023-06-09T06:07:09.435+0000] {logging_mixin.py:149} INFO - [2023-06-09T06:07:09.435+0000] {dagbag.py:541} INFO - Filling up the DagBag from /home/airflow/.local/lib/python3.7/site-packages/airflow/example_dags/example_bash_operator.py
[2023-06-09T06:07:09.454+0000] {processor.py:836} INFO - DAG(s) dict_keys(['example_bash_operator']) retrieved from /home/airflow/.local/lib/python3.7/site-packages/airflow/example_dags/example_bash_operator.py
[2023-06-09T06:07:09.504+0000] {logging_mixin.py:149} INFO - [2023-06-09T06:07:09.503+0000] {dag.py:2726} INFO - Sync 1 DAGs
[2023-06-09T06:07:09.540+0000] {logging_mixin.py:149} INFO - [2023-06-09T06:07:09.540+0000] {dag.py:3490} INFO - Setting next_dagrun for example_bash_operator to 2023-06-08T00:00:00+00:00, run_after=2023-06-09T00:00:00+00:00
[2023-06-09T06:07:09.565+0000] {processor.py:179} INFO - Processing /home/airflow/.local/lib/python3.7/site-packages/airflow/example_dags/example_bash_operator.py took 0.135 seconds
[2023-06-09T06:07:39.982+0000] {processor.py:157} INFO - Started process (PID=1135) to work on /home/airflow/.local/lib/python3.7/site-packages/airflow/example_dags/example_bash_operator.py
[2023-06-09T06:07:39.983+0000] {processor.py:826} INFO - Processing file /home/airflow/.local/lib/python3.7/site-packages/airflow/example_dags/example_bash_operator.py for tasks to queue
[2023-06-09T06:07:39.983+0000] {logging_mixin.py:149} INFO - [2023-06-09T06:07:39.983+0000] {dagbag.py:541} INFO - Filling up the DagBag from /home/airflow/.local/lib/python3.7/site-packages/airflow/example_dags/example_bash_operator.py
[2023-06-09T06:07:40.003+0000] {processor.py:836} INFO - DAG(s) dict_keys(['example_bash_operator']) retrieved from /home/airflow/.local/lib/python3.7/site-packages/airflow/example_dags/example_bash_operator.py
[2023-06-09T06:07:40.054+0000] {logging_mixin.py:149} INFO - [2023-06-09T06:07:40.054+0000] {dag.py:2726} INFO - Sync 1 DAGs
[2023-06-09T06:07:40.091+0000] {logging_mixin.py:149} INFO - [2023-06-09T06:07:40.091+0000] {dag.py:3490} INFO - Setting next_dagrun for example_bash_operator to 2023-06-08T00:00:00+00:00, run_after=2023-06-09T00:00:00+00:00
[2023-06-09T06:07:40.115+0000] {processor.py:179} INFO - Processing /home/airflow/.local/lib/python3.7/site-packages/airflow/example_dags/example_bash_operator.py took 0.137 seconds
[2023-06-09T06:08:10.800+0000] {processor.py:157} INFO - Started process (PID=1188) to work on /home/airflow/.local/lib/python3.7/site-packages/airflow/example_dags/example_bash_operator.py
[2023-06-09T06:08:10.801+0000] {processor.py:826} INFO - Processing file /home/airflow/.local/lib/python3.7/site-packages/airflow/example_dags/example_bash_operator.py for tasks to queue
[2023-06-09T06:08:10.802+0000] {logging_mixin.py:149} INFO - [2023-06-09T06:08:10.801+0000] {dagbag.py:541} INFO - Filling up the DagBag from /home/airflow/.local/lib/python3.7/site-packages/airflow/example_dags/example_bash_operator.py
[2023-06-09T06:08:10.820+0000] {processor.py:836} INFO - DAG(s) dict_keys(['example_bash_operator']) retrieved from /home/airflow/.local/lib/python3.7/site-packages/airflow/example_dags/example_bash_operator.py
[2023-06-09T06:08:10.871+0000] {logging_mixin.py:149} INFO - [2023-06-09T06:08:10.870+0000] {dag.py:2726} INFO - Sync 1 DAGs
[2023-06-09T06:08:10.905+0000] {logging_mixin.py:149} INFO - [2023-06-09T06:08:10.905+0000] {dag.py:3490} INFO - Setting next_dagrun for example_bash_operator to 2023-06-08T00:00:00+00:00, run_after=2023-06-09T00:00:00+00:00
[2023-06-09T06:08:10.933+0000] {processor.py:179} INFO - Processing /home/airflow/.local/lib/python3.7/site-packages/airflow/example_dags/example_bash_operator.py took 0.137 seconds
[2023-06-09T06:08:41.188+0000] {processor.py:157} INFO - Started process (PID=1242) to work on /home/airflow/.local/lib/python3.7/site-packages/airflow/example_dags/example_bash_operator.py
[2023-06-09T06:08:41.189+0000] {processor.py:826} INFO - Processing file /home/airflow/.local/lib/python3.7/site-packages/airflow/example_dags/example_bash_operator.py for tasks to queue
[2023-06-09T06:08:41.190+0000] {logging_mixin.py:149} INFO - [2023-06-09T06:08:41.189+0000] {dagbag.py:541} INFO - Filling up the DagBag from /home/airflow/.local/lib/python3.7/site-packages/airflow/example_dags/example_bash_operator.py
[2023-06-09T06:08:41.213+0000] {processor.py:836} INFO - DAG(s) dict_keys(['example_bash_operator']) retrieved from /home/airflow/.local/lib/python3.7/site-packages/airflow/example_dags/example_bash_operator.py
[2023-06-09T06:08:41.262+0000] {logging_mixin.py:149} INFO - [2023-06-09T06:08:41.261+0000] {dag.py:2726} INFO - Sync 1 DAGs
[2023-06-09T06:08:41.299+0000] {logging_mixin.py:149} INFO - [2023-06-09T06:08:41.299+0000] {dag.py:3490} INFO - Setting next_dagrun for example_bash_operator to 2023-06-08T00:00:00+00:00, run_after=2023-06-09T00:00:00+00:00
[2023-06-09T06:08:41.323+0000] {processor.py:179} INFO - Processing /home/airflow/.local/lib/python3.7/site-packages/airflow/example_dags/example_bash_operator.py took 0.139 seconds
[2023-06-09T06:09:11.442+0000] {processor.py:157} INFO - Started process (PID=1295) to work on /home/airflow/.local/lib/python3.7/site-packages/airflow/example_dags/example_bash_operator.py
[2023-06-09T06:09:11.448+0000] {processor.py:826} INFO - Processing file /home/airflow/.local/lib/python3.7/site-packages/airflow/example_dags/example_bash_operator.py for tasks to queue
[2023-06-09T06:09:11.449+0000] {logging_mixin.py:149} INFO - [2023-06-09T06:09:11.449+0000] {dagbag.py:541} INFO - Filling up the DagBag from /home/airflow/.local/lib/python3.7/site-packages/airflow/example_dags/example_bash_operator.py
[2023-06-09T06:09:11.478+0000] {processor.py:836} INFO - DAG(s) dict_keys(['example_bash_operator']) retrieved from /home/airflow/.local/lib/python3.7/site-packages/airflow/example_dags/example_bash_operator.py
[2023-06-09T06:09:11.608+0000] {logging_mixin.py:149} INFO - [2023-06-09T06:09:11.608+0000] {dag.py:2726} INFO - Sync 1 DAGs
[2023-06-09T06:09:11.654+0000] {logging_mixin.py:149} INFO - [2023-06-09T06:09:11.653+0000] {dag.py:3490} INFO - Setting next_dagrun for example_bash_operator to 2023-06-08T00:00:00+00:00, run_after=2023-06-09T00:00:00+00:00
[2023-06-09T06:09:11.705+0000] {processor.py:179} INFO - Processing /home/airflow/.local/lib/python3.7/site-packages/airflow/example_dags/example_bash_operator.py took 0.267 seconds
[2023-06-09T06:09:42.499+0000] {processor.py:157} INFO - Started process (PID=1350) to work on /home/airflow/.local/lib/python3.7/site-packages/airflow/example_dags/example_bash_operator.py
[2023-06-09T06:09:42.500+0000] {processor.py:826} INFO - Processing file /home/airflow/.local/lib/python3.7/site-packages/airflow/example_dags/example_bash_operator.py for tasks to queue
[2023-06-09T06:09:42.500+0000] {logging_mixin.py:149} INFO - [2023-06-09T06:09:42.500+0000] {dagbag.py:541} INFO - Filling up the DagBag from /home/airflow/.local/lib/python3.7/site-packages/airflow/example_dags/example_bash_operator.py
[2023-06-09T06:09:42.518+0000] {processor.py:836} INFO - DAG(s) dict_keys(['example_bash_operator']) retrieved from /home/airflow/.local/lib/python3.7/site-packages/airflow/example_dags/example_bash_operator.py
[2023-06-09T06:09:42.581+0000] {logging_mixin.py:149} INFO - [2023-06-09T06:09:42.581+0000] {dag.py:2726} INFO - Sync 1 DAGs
[2023-06-09T06:09:42.622+0000] {logging_mixin.py:149} INFO - [2023-06-09T06:09:42.622+0000] {dag.py:3490} INFO - Setting next_dagrun for example_bash_operator to 2023-06-08T00:00:00+00:00, run_after=2023-06-09T00:00:00+00:00
[2023-06-09T06:09:42.648+0000] {processor.py:179} INFO - Processing /home/airflow/.local/lib/python3.7/site-packages/airflow/example_dags/example_bash_operator.py took 0.153 seconds
[2023-06-09T06:10:12.886+0000] {processor.py:157} INFO - Started process (PID=1404) to work on /home/airflow/.local/lib/python3.7/site-packages/airflow/example_dags/example_bash_operator.py
[2023-06-09T06:10:12.888+0000] {processor.py:826} INFO - Processing file /home/airflow/.local/lib/python3.7/site-packages/airflow/example_dags/example_bash_operator.py for tasks to queue
[2023-06-09T06:10:12.890+0000] {logging_mixin.py:149} INFO - [2023-06-09T06:10:12.889+0000] {dagbag.py:541} INFO - Filling up the DagBag from /home/airflow/.local/lib/python3.7/site-packages/airflow/example_dags/example_bash_operator.py
[2023-06-09T06:10:12.909+0000] {processor.py:836} INFO - DAG(s) dict_keys(['example_bash_operator']) retrieved from /home/airflow/.local/lib/python3.7/site-packages/airflow/example_dags/example_bash_operator.py
[2023-06-09T06:10:12.956+0000] {logging_mixin.py:149} INFO - [2023-06-09T06:10:12.956+0000] {dag.py:2726} INFO - Sync 1 DAGs
[2023-06-09T06:10:12.991+0000] {logging_mixin.py:149} INFO - [2023-06-09T06:10:12.991+0000] {dag.py:3490} INFO - Setting next_dagrun for example_bash_operator to 2023-06-08T00:00:00+00:00, run_after=2023-06-09T00:00:00+00:00
[2023-06-09T06:10:13.015+0000] {processor.py:179} INFO - Processing /home/airflow/.local/lib/python3.7/site-packages/airflow/example_dags/example_bash_operator.py took 0.133 seconds
[2023-06-09T06:10:43.332+0000] {processor.py:157} INFO - Started process (PID=1457) to work on /home/airflow/.local/lib/python3.7/site-packages/airflow/example_dags/example_bash_operator.py
[2023-06-09T06:10:43.333+0000] {processor.py:826} INFO - Processing file /home/airflow/.local/lib/python3.7/site-packages/airflow/example_dags/example_bash_operator.py for tasks to queue
[2023-06-09T06:10:43.334+0000] {logging_mixin.py:149} INFO - [2023-06-09T06:10:43.333+0000] {dagbag.py:541} INFO - Filling up the DagBag from /home/airflow/.local/lib/python3.7/site-packages/airflow/example_dags/example_bash_operator.py
[2023-06-09T06:10:43.353+0000] {processor.py:836} INFO - DAG(s) dict_keys(['example_bash_operator']) retrieved from /home/airflow/.local/lib/python3.7/site-packages/airflow/example_dags/example_bash_operator.py
[2023-06-09T06:10:43.400+0000] {logging_mixin.py:149} INFO - [2023-06-09T06:10:43.400+0000] {dag.py:2726} INFO - Sync 1 DAGs
[2023-06-09T06:10:43.435+0000] {logging_mixin.py:149} INFO - [2023-06-09T06:10:43.435+0000] {dag.py:3490} INFO - Setting next_dagrun for example_bash_operator to 2023-06-08T00:00:00+00:00, run_after=2023-06-09T00:00:00+00:00
[2023-06-09T06:10:43.458+0000] {processor.py:179} INFO - Processing /home/airflow/.local/lib/python3.7/site-packages/airflow/example_dags/example_bash_operator.py took 0.132 seconds
[2023-06-09T06:11:13.698+0000] {processor.py:157} INFO - Started process (PID=1510) to work on /home/airflow/.local/lib/python3.7/site-packages/airflow/example_dags/example_bash_operator.py
[2023-06-09T06:11:13.700+0000] {processor.py:826} INFO - Processing file /home/airflow/.local/lib/python3.7/site-packages/airflow/example_dags/example_bash_operator.py for tasks to queue
[2023-06-09T06:11:13.701+0000] {logging_mixin.py:149} INFO - [2023-06-09T06:11:13.700+0000] {dagbag.py:541} INFO - Filling up the DagBag from /home/airflow/.local/lib/python3.7/site-packages/airflow/example_dags/example_bash_operator.py
[2023-06-09T06:11:13.719+0000] {processor.py:836} INFO - DAG(s) dict_keys(['example_bash_operator']) retrieved from /home/airflow/.local/lib/python3.7/site-packages/airflow/example_dags/example_bash_operator.py
[2023-06-09T06:11:13.767+0000] {logging_mixin.py:149} INFO - [2023-06-09T06:11:13.767+0000] {dag.py:2726} INFO - Sync 1 DAGs
[2023-06-09T06:11:13.803+0000] {logging_mixin.py:149} INFO - [2023-06-09T06:11:13.803+0000] {dag.py:3490} INFO - Setting next_dagrun for example_bash_operator to 2023-06-08T00:00:00+00:00, run_after=2023-06-09T00:00:00+00:00
[2023-06-09T06:11:13.827+0000] {processor.py:179} INFO - Processing /home/airflow/.local/lib/python3.7/site-packages/airflow/example_dags/example_bash_operator.py took 0.132 seconds
[2023-06-09T06:11:44.251+0000] {processor.py:157} INFO - Started process (PID=1564) to work on /home/airflow/.local/lib/python3.7/site-packages/airflow/example_dags/example_bash_operator.py
[2023-06-09T06:11:44.253+0000] {processor.py:826} INFO - Processing file /home/airflow/.local/lib/python3.7/site-packages/airflow/example_dags/example_bash_operator.py for tasks to queue
[2023-06-09T06:11:44.254+0000] {logging_mixin.py:149} INFO - [2023-06-09T06:11:44.254+0000] {dagbag.py:541} INFO - Filling up the DagBag from /home/airflow/.local/lib/python3.7/site-packages/airflow/example_dags/example_bash_operator.py
[2023-06-09T06:11:44.272+0000] {processor.py:836} INFO - DAG(s) dict_keys(['example_bash_operator']) retrieved from /home/airflow/.local/lib/python3.7/site-packages/airflow/example_dags/example_bash_operator.py
[2023-06-09T06:11:44.319+0000] {logging_mixin.py:149} INFO - [2023-06-09T06:11:44.319+0000] {dag.py:2726} INFO - Sync 1 DAGs
[2023-06-09T06:11:44.354+0000] {logging_mixin.py:149} INFO - [2023-06-09T06:11:44.354+0000] {dag.py:3490} INFO - Setting next_dagrun for example_bash_operator to 2023-06-08T00:00:00+00:00, run_after=2023-06-09T00:00:00+00:00
[2023-06-09T06:11:44.378+0000] {processor.py:179} INFO - Processing /home/airflow/.local/lib/python3.7/site-packages/airflow/example_dags/example_bash_operator.py took 0.135 seconds
[2023-06-09T06:12:14.531+0000] {processor.py:157} INFO - Started process (PID=1619) to work on /home/airflow/.local/lib/python3.7/site-packages/airflow/example_dags/example_bash_operator.py
[2023-06-09T06:12:14.531+0000] {processor.py:826} INFO - Processing file /home/airflow/.local/lib/python3.7/site-packages/airflow/example_dags/example_bash_operator.py for tasks to queue
[2023-06-09T06:12:14.535+0000] {logging_mixin.py:149} INFO - [2023-06-09T06:12:14.534+0000] {dagbag.py:541} INFO - Filling up the DagBag from /home/airflow/.local/lib/python3.7/site-packages/airflow/example_dags/example_bash_operator.py
[2023-06-09T06:12:14.553+0000] {processor.py:836} INFO - DAG(s) dict_keys(['example_bash_operator']) retrieved from /home/airflow/.local/lib/python3.7/site-packages/airflow/example_dags/example_bash_operator.py
[2023-06-09T06:12:14.600+0000] {logging_mixin.py:149} INFO - [2023-06-09T06:12:14.600+0000] {dag.py:2726} INFO - Sync 1 DAGs
[2023-06-09T06:12:14.635+0000] {logging_mixin.py:149} INFO - [2023-06-09T06:12:14.635+0000] {dag.py:3490} INFO - Setting next_dagrun for example_bash_operator to 2023-06-08T00:00:00+00:00, run_after=2023-06-09T00:00:00+00:00
[2023-06-09T06:12:14.661+0000] {processor.py:179} INFO - Processing /home/airflow/.local/lib/python3.7/site-packages/airflow/example_dags/example_bash_operator.py took 0.133 seconds
[2023-06-09T06:12:45.393+0000] {processor.py:157} INFO - Started process (PID=1673) to work on /home/airflow/.local/lib/python3.7/site-packages/airflow/example_dags/example_bash_operator.py
[2023-06-09T06:12:45.395+0000] {processor.py:826} INFO - Processing file /home/airflow/.local/lib/python3.7/site-packages/airflow/example_dags/example_bash_operator.py for tasks to queue
[2023-06-09T06:12:45.396+0000] {logging_mixin.py:149} INFO - [2023-06-09T06:12:45.396+0000] {dagbag.py:541} INFO - Filling up the DagBag from /home/airflow/.local/lib/python3.7/site-packages/airflow/example_dags/example_bash_operator.py
[2023-06-09T06:12:45.415+0000] {processor.py:836} INFO - DAG(s) dict_keys(['example_bash_operator']) retrieved from /home/airflow/.local/lib/python3.7/site-packages/airflow/example_dags/example_bash_operator.py
[2023-06-09T06:12:45.464+0000] {logging_mixin.py:149} INFO - [2023-06-09T06:12:45.464+0000] {dag.py:2726} INFO - Sync 1 DAGs
[2023-06-09T06:12:45.501+0000] {logging_mixin.py:149} INFO - [2023-06-09T06:12:45.501+0000] {dag.py:3490} INFO - Setting next_dagrun for example_bash_operator to 2023-06-08T00:00:00+00:00, run_after=2023-06-09T00:00:00+00:00
[2023-06-09T06:12:45.528+0000] {processor.py:179} INFO - Processing /home/airflow/.local/lib/python3.7/site-packages/airflow/example_dags/example_bash_operator.py took 0.140 seconds
[2023-06-09T06:13:15.770+0000] {processor.py:157} INFO - Started process (PID=1727) to work on /home/airflow/.local/lib/python3.7/site-packages/airflow/example_dags/example_bash_operator.py
[2023-06-09T06:13:15.771+0000] {processor.py:826} INFO - Processing file /home/airflow/.local/lib/python3.7/site-packages/airflow/example_dags/example_bash_operator.py for tasks to queue
[2023-06-09T06:13:15.772+0000] {logging_mixin.py:149} INFO - [2023-06-09T06:13:15.771+0000] {dagbag.py:541} INFO - Filling up the DagBag from /home/airflow/.local/lib/python3.7/site-packages/airflow/example_dags/example_bash_operator.py
[2023-06-09T06:13:15.790+0000] {processor.py:836} INFO - DAG(s) dict_keys(['example_bash_operator']) retrieved from /home/airflow/.local/lib/python3.7/site-packages/airflow/example_dags/example_bash_operator.py
[2023-06-09T06:13:15.839+0000] {logging_mixin.py:149} INFO - [2023-06-09T06:13:15.839+0000] {dag.py:2726} INFO - Sync 1 DAGs
[2023-06-09T06:13:15.879+0000] {logging_mixin.py:149} INFO - [2023-06-09T06:13:15.879+0000] {dag.py:3490} INFO - Setting next_dagrun for example_bash_operator to 2023-06-08T00:00:00+00:00, run_after=2023-06-09T00:00:00+00:00
[2023-06-09T06:13:15.905+0000] {processor.py:179} INFO - Processing /home/airflow/.local/lib/python3.7/site-packages/airflow/example_dags/example_bash_operator.py took 0.140 seconds
[2023-06-09T06:13:46.243+0000] {processor.py:157} INFO - Started process (PID=1781) to work on /home/airflow/.local/lib/python3.7/site-packages/airflow/example_dags/example_bash_operator.py
[2023-06-09T06:13:46.244+0000] {processor.py:826} INFO - Processing file /home/airflow/.local/lib/python3.7/site-packages/airflow/example_dags/example_bash_operator.py for tasks to queue
[2023-06-09T06:13:46.245+0000] {logging_mixin.py:149} INFO - [2023-06-09T06:13:46.245+0000] {dagbag.py:541} INFO - Filling up the DagBag from /home/airflow/.local/lib/python3.7/site-packages/airflow/example_dags/example_bash_operator.py
[2023-06-09T06:13:46.262+0000] {processor.py:836} INFO - DAG(s) dict_keys(['example_bash_operator']) retrieved from /home/airflow/.local/lib/python3.7/site-packages/airflow/example_dags/example_bash_operator.py
[2023-06-09T06:13:46.309+0000] {logging_mixin.py:149} INFO - [2023-06-09T06:13:46.309+0000] {dag.py:2726} INFO - Sync 1 DAGs
[2023-06-09T06:13:46.344+0000] {logging_mixin.py:149} INFO - [2023-06-09T06:13:46.344+0000] {dag.py:3490} INFO - Setting next_dagrun for example_bash_operator to 2023-06-08T00:00:00+00:00, run_after=2023-06-09T00:00:00+00:00
[2023-06-09T06:13:46.369+0000] {processor.py:179} INFO - Processing /home/airflow/.local/lib/python3.7/site-packages/airflow/example_dags/example_bash_operator.py took 0.132 seconds
[2023-06-09T06:14:17.022+0000] {processor.py:157} INFO - Started process (PID=1834) to work on /home/airflow/.local/lib/python3.7/site-packages/airflow/example_dags/example_bash_operator.py
[2023-06-09T06:14:17.022+0000] {processor.py:826} INFO - Processing file /home/airflow/.local/lib/python3.7/site-packages/airflow/example_dags/example_bash_operator.py for tasks to queue
[2023-06-09T06:14:17.023+0000] {logging_mixin.py:149} INFO - [2023-06-09T06:14:17.023+0000] {dagbag.py:541} INFO - Filling up the DagBag from /home/airflow/.local/lib/python3.7/site-packages/airflow/example_dags/example_bash_operator.py
[2023-06-09T06:14:17.041+0000] {processor.py:836} INFO - DAG(s) dict_keys(['example_bash_operator']) retrieved from /home/airflow/.local/lib/python3.7/site-packages/airflow/example_dags/example_bash_operator.py
[2023-06-09T06:14:17.094+0000] {logging_mixin.py:149} INFO - [2023-06-09T06:14:17.093+0000] {dag.py:2726} INFO - Sync 1 DAGs
[2023-06-09T06:14:17.130+0000] {logging_mixin.py:149} INFO - [2023-06-09T06:14:17.130+0000] {dag.py:3490} INFO - Setting next_dagrun for example_bash_operator to 2023-06-08T00:00:00+00:00, run_after=2023-06-09T00:00:00+00:00
[2023-06-09T06:14:17.153+0000] {processor.py:179} INFO - Processing /home/airflow/.local/lib/python3.7/site-packages/airflow/example_dags/example_bash_operator.py took 0.136 seconds
[2023-06-09T06:14:47.517+0000] {processor.py:157} INFO - Started process (PID=1888) to work on /home/airflow/.local/lib/python3.7/site-packages/airflow/example_dags/example_bash_operator.py
[2023-06-09T06:14:47.521+0000] {processor.py:826} INFO - Processing file /home/airflow/.local/lib/python3.7/site-packages/airflow/example_dags/example_bash_operator.py for tasks to queue
[2023-06-09T06:14:47.522+0000] {logging_mixin.py:149} INFO - [2023-06-09T06:14:47.522+0000] {dagbag.py:541} INFO - Filling up the DagBag from /home/airflow/.local/lib/python3.7/site-packages/airflow/example_dags/example_bash_operator.py
[2023-06-09T06:14:47.542+0000] {processor.py:836} INFO - DAG(s) dict_keys(['example_bash_operator']) retrieved from /home/airflow/.local/lib/python3.7/site-packages/airflow/example_dags/example_bash_operator.py
[2023-06-09T06:14:47.590+0000] {logging_mixin.py:149} INFO - [2023-06-09T06:14:47.589+0000] {dag.py:2726} INFO - Sync 1 DAGs
[2023-06-09T06:14:47.624+0000] {logging_mixin.py:149} INFO - [2023-06-09T06:14:47.623+0000] {dag.py:3490} INFO - Setting next_dagrun for example_bash_operator to 2023-06-08T00:00:00+00:00, run_after=2023-06-09T00:00:00+00:00
[2023-06-09T06:14:47.659+0000] {processor.py:179} INFO - Processing /home/airflow/.local/lib/python3.7/site-packages/airflow/example_dags/example_bash_operator.py took 0.146 seconds
[2023-06-09T06:15:18.103+0000] {processor.py:157} INFO - Started process (PID=1942) to work on /home/airflow/.local/lib/python3.7/site-packages/airflow/example_dags/example_bash_operator.py
[2023-06-09T06:15:18.104+0000] {processor.py:826} INFO - Processing file /home/airflow/.local/lib/python3.7/site-packages/airflow/example_dags/example_bash_operator.py for tasks to queue
[2023-06-09T06:15:18.105+0000] {logging_mixin.py:149} INFO - [2023-06-09T06:15:18.105+0000] {dagbag.py:541} INFO - Filling up the DagBag from /home/airflow/.local/lib/python3.7/site-packages/airflow/example_dags/example_bash_operator.py
[2023-06-09T06:15:18.124+0000] {processor.py:836} INFO - DAG(s) dict_keys(['example_bash_operator']) retrieved from /home/airflow/.local/lib/python3.7/site-packages/airflow/example_dags/example_bash_operator.py
[2023-06-09T06:15:18.173+0000] {logging_mixin.py:149} INFO - [2023-06-09T06:15:18.173+0000] {dag.py:2726} INFO - Sync 1 DAGs
[2023-06-09T06:15:18.304+0000] {logging_mixin.py:149} INFO - [2023-06-09T06:15:18.304+0000] {dag.py:3490} INFO - Setting next_dagrun for example_bash_operator to 2023-06-08T00:00:00+00:00, run_after=2023-06-09T00:00:00+00:00
[2023-06-09T06:15:18.327+0000] {processor.py:179} INFO - Processing /home/airflow/.local/lib/python3.7/site-packages/airflow/example_dags/example_bash_operator.py took 0.227 seconds
[2023-06-09T06:15:48.968+0000] {processor.py:157} INFO - Started process (PID=1995) to work on /home/airflow/.local/lib/python3.7/site-packages/airflow/example_dags/example_bash_operator.py
[2023-06-09T06:15:48.972+0000] {processor.py:826} INFO - Processing file /home/airflow/.local/lib/python3.7/site-packages/airflow/example_dags/example_bash_operator.py for tasks to queue
[2023-06-09T06:15:48.973+0000] {logging_mixin.py:149} INFO - [2023-06-09T06:15:48.973+0000] {dagbag.py:541} INFO - Filling up the DagBag from /home/airflow/.local/lib/python3.7/site-packages/airflow/example_dags/example_bash_operator.py
[2023-06-09T06:15:49.002+0000] {processor.py:836} INFO - DAG(s) dict_keys(['example_bash_operator']) retrieved from /home/airflow/.local/lib/python3.7/site-packages/airflow/example_dags/example_bash_operator.py
[2023-06-09T06:15:49.056+0000] {logging_mixin.py:149} INFO - [2023-06-09T06:15:49.056+0000] {dag.py:2726} INFO - Sync 1 DAGs
[2023-06-09T06:15:49.093+0000] {logging_mixin.py:149} INFO - [2023-06-09T06:15:49.093+0000] {dag.py:3490} INFO - Setting next_dagrun for example_bash_operator to 2023-06-08T00:00:00+00:00, run_after=2023-06-09T00:00:00+00:00
[2023-06-09T06:15:49.130+0000] {processor.py:179} INFO - Processing /home/airflow/.local/lib/python3.7/site-packages/airflow/example_dags/example_bash_operator.py took 0.178 seconds
[2023-06-09T06:16:19.322+0000] {processor.py:157} INFO - Started process (PID=2049) to work on /home/airflow/.local/lib/python3.7/site-packages/airflow/example_dags/example_bash_operator.py
[2023-06-09T06:16:19.323+0000] {processor.py:826} INFO - Processing file /home/airflow/.local/lib/python3.7/site-packages/airflow/example_dags/example_bash_operator.py for tasks to queue
[2023-06-09T06:16:19.323+0000] {logging_mixin.py:149} INFO - [2023-06-09T06:16:19.323+0000] {dagbag.py:541} INFO - Filling up the DagBag from /home/airflow/.local/lib/python3.7/site-packages/airflow/example_dags/example_bash_operator.py
[2023-06-09T06:16:19.350+0000] {processor.py:836} INFO - DAG(s) dict_keys(['example_bash_operator']) retrieved from /home/airflow/.local/lib/python3.7/site-packages/airflow/example_dags/example_bash_operator.py
[2023-06-09T06:16:19.397+0000] {logging_mixin.py:149} INFO - [2023-06-09T06:16:19.397+0000] {dag.py:2726} INFO - Sync 1 DAGs
[2023-06-09T06:16:19.433+0000] {logging_mixin.py:149} INFO - [2023-06-09T06:16:19.433+0000] {dag.py:3490} INFO - Setting next_dagrun for example_bash_operator to 2023-06-08T00:00:00+00:00, run_after=2023-06-09T00:00:00+00:00
[2023-06-09T06:16:19.456+0000] {processor.py:179} INFO - Processing /home/airflow/.local/lib/python3.7/site-packages/airflow/example_dags/example_bash_operator.py took 0.138 seconds
[2023-06-09T06:16:49.801+0000] {processor.py:157} INFO - Started process (PID=2103) to work on /home/airflow/.local/lib/python3.7/site-packages/airflow/example_dags/example_bash_operator.py
[2023-06-09T06:16:49.803+0000] {processor.py:826} INFO - Processing file /home/airflow/.local/lib/python3.7/site-packages/airflow/example_dags/example_bash_operator.py for tasks to queue
[2023-06-09T06:16:49.803+0000] {logging_mixin.py:149} INFO - [2023-06-09T06:16:49.803+0000] {dagbag.py:541} INFO - Filling up the DagBag from /home/airflow/.local/lib/python3.7/site-packages/airflow/example_dags/example_bash_operator.py
[2023-06-09T06:16:49.840+0000] {processor.py:836} INFO - DAG(s) dict_keys(['example_bash_operator']) retrieved from /home/airflow/.local/lib/python3.7/site-packages/airflow/example_dags/example_bash_operator.py
[2023-06-09T06:16:49.888+0000] {logging_mixin.py:149} INFO - [2023-06-09T06:16:49.888+0000] {dag.py:2726} INFO - Sync 1 DAGs
[2023-06-09T06:16:49.929+0000] {logging_mixin.py:149} INFO - [2023-06-09T06:16:49.929+0000] {dag.py:3490} INFO - Setting next_dagrun for example_bash_operator to 2023-06-08T00:00:00+00:00, run_after=2023-06-09T00:00:00+00:00
[2023-06-09T06:16:49.953+0000] {processor.py:179} INFO - Processing /home/airflow/.local/lib/python3.7/site-packages/airflow/example_dags/example_bash_operator.py took 0.156 seconds
[2023-06-09T06:17:20.134+0000] {processor.py:157} INFO - Started process (PID=2157) to work on /home/airflow/.local/lib/python3.7/site-packages/airflow/example_dags/example_bash_operator.py
[2023-06-09T06:17:20.135+0000] {processor.py:826} INFO - Processing file /home/airflow/.local/lib/python3.7/site-packages/airflow/example_dags/example_bash_operator.py for tasks to queue
[2023-06-09T06:17:20.135+0000] {logging_mixin.py:149} INFO - [2023-06-09T06:17:20.135+0000] {dagbag.py:541} INFO - Filling up the DagBag from /home/airflow/.local/lib/python3.7/site-packages/airflow/example_dags/example_bash_operator.py
[2023-06-09T06:17:20.153+0000] {processor.py:836} INFO - DAG(s) dict_keys(['example_bash_operator']) retrieved from /home/airflow/.local/lib/python3.7/site-packages/airflow/example_dags/example_bash_operator.py
[2023-06-09T06:17:20.201+0000] {logging_mixin.py:149} INFO - [2023-06-09T06:17:20.201+0000] {dag.py:2726} INFO - Sync 1 DAGs
[2023-06-09T06:17:20.240+0000] {logging_mixin.py:149} INFO - [2023-06-09T06:17:20.240+0000] {dag.py:3490} INFO - Setting next_dagrun for example_bash_operator to 2023-06-08T00:00:00+00:00, run_after=2023-06-09T00:00:00+00:00
[2023-06-09T06:17:20.268+0000] {processor.py:179} INFO - Processing /home/airflow/.local/lib/python3.7/site-packages/airflow/example_dags/example_bash_operator.py took 0.138 seconds
[2023-06-09T06:17:50.578+0000] {processor.py:157} INFO - Started process (PID=2211) to work on /home/airflow/.local/lib/python3.7/site-packages/airflow/example_dags/example_bash_operator.py
[2023-06-09T06:17:50.579+0000] {processor.py:826} INFO - Processing file /home/airflow/.local/lib/python3.7/site-packages/airflow/example_dags/example_bash_operator.py for tasks to queue
[2023-06-09T06:17:50.580+0000] {logging_mixin.py:149} INFO - [2023-06-09T06:17:50.580+0000] {dagbag.py:541} INFO - Filling up the DagBag from /home/airflow/.local/lib/python3.7/site-packages/airflow/example_dags/example_bash_operator.py
[2023-06-09T06:17:50.598+0000] {processor.py:836} INFO - DAG(s) dict_keys(['example_bash_operator']) retrieved from /home/airflow/.local/lib/python3.7/site-packages/airflow/example_dags/example_bash_operator.py
[2023-06-09T06:17:50.647+0000] {logging_mixin.py:149} INFO - [2023-06-09T06:17:50.646+0000] {dag.py:2726} INFO - Sync 1 DAGs
[2023-06-09T06:17:50.682+0000] {logging_mixin.py:149} INFO - [2023-06-09T06:17:50.682+0000] {dag.py:3490} INFO - Setting next_dagrun for example_bash_operator to 2023-06-08T00:00:00+00:00, run_after=2023-06-09T00:00:00+00:00
[2023-06-09T06:17:50.710+0000] {processor.py:179} INFO - Processing /home/airflow/.local/lib/python3.7/site-packages/airflow/example_dags/example_bash_operator.py took 0.138 seconds
[2023-06-09T06:18:21.286+0000] {processor.py:157} INFO - Started process (PID=2265) to work on /home/airflow/.local/lib/python3.7/site-packages/airflow/example_dags/example_bash_operator.py
[2023-06-09T06:18:21.286+0000] {processor.py:826} INFO - Processing file /home/airflow/.local/lib/python3.7/site-packages/airflow/example_dags/example_bash_operator.py for tasks to queue
[2023-06-09T06:18:21.287+0000] {logging_mixin.py:149} INFO - [2023-06-09T06:18:21.287+0000] {dagbag.py:541} INFO - Filling up the DagBag from /home/airflow/.local/lib/python3.7/site-packages/airflow/example_dags/example_bash_operator.py
[2023-06-09T06:18:21.312+0000] {processor.py:836} INFO - DAG(s) dict_keys(['example_bash_operator']) retrieved from /home/airflow/.local/lib/python3.7/site-packages/airflow/example_dags/example_bash_operator.py
[2023-06-09T06:18:21.361+0000] {logging_mixin.py:149} INFO - [2023-06-09T06:18:21.360+0000] {dag.py:2726} INFO - Sync 1 DAGs
[2023-06-09T06:18:21.405+0000] {logging_mixin.py:149} INFO - [2023-06-09T06:18:21.405+0000] {dag.py:3490} INFO - Setting next_dagrun for example_bash_operator to 2023-06-08T00:00:00+00:00, run_after=2023-06-09T00:00:00+00:00
[2023-06-09T06:18:21.430+0000] {processor.py:179} INFO - Processing /home/airflow/.local/lib/python3.7/site-packages/airflow/example_dags/example_bash_operator.py took 0.148 seconds
[2023-06-09T06:18:51.917+0000] {processor.py:157} INFO - Started process (PID=2319) to work on /home/airflow/.local/lib/python3.7/site-packages/airflow/example_dags/example_bash_operator.py
[2023-06-09T06:18:51.918+0000] {processor.py:826} INFO - Processing file /home/airflow/.local/lib/python3.7/site-packages/airflow/example_dags/example_bash_operator.py for tasks to queue
[2023-06-09T06:18:51.919+0000] {logging_mixin.py:149} INFO - [2023-06-09T06:18:51.919+0000] {dagbag.py:541} INFO - Filling up the DagBag from /home/airflow/.local/lib/python3.7/site-packages/airflow/example_dags/example_bash_operator.py
[2023-06-09T06:18:51.937+0000] {processor.py:836} INFO - DAG(s) dict_keys(['example_bash_operator']) retrieved from /home/airflow/.local/lib/python3.7/site-packages/airflow/example_dags/example_bash_operator.py
[2023-06-09T06:18:51.995+0000] {logging_mixin.py:149} INFO - [2023-06-09T06:18:51.995+0000] {dag.py:2726} INFO - Sync 1 DAGs
[2023-06-09T06:18:52.034+0000] {logging_mixin.py:149} INFO - [2023-06-09T06:18:52.034+0000] {dag.py:3490} INFO - Setting next_dagrun for example_bash_operator to 2023-06-08T00:00:00+00:00, run_after=2023-06-09T00:00:00+00:00
[2023-06-09T06:18:52.060+0000] {processor.py:179} INFO - Processing /home/airflow/.local/lib/python3.7/site-packages/airflow/example_dags/example_bash_operator.py took 0.147 seconds
[2023-06-09T06:19:22.111+0000] {processor.py:157} INFO - Started process (PID=2373) to work on /home/airflow/.local/lib/python3.7/site-packages/airflow/example_dags/example_bash_operator.py
[2023-06-09T06:19:22.116+0000] {processor.py:826} INFO - Processing file /home/airflow/.local/lib/python3.7/site-packages/airflow/example_dags/example_bash_operator.py for tasks to queue
[2023-06-09T06:19:22.116+0000] {logging_mixin.py:149} INFO - [2023-06-09T06:19:22.116+0000] {dagbag.py:541} INFO - Filling up the DagBag from /home/airflow/.local/lib/python3.7/site-packages/airflow/example_dags/example_bash_operator.py
[2023-06-09T06:19:22.135+0000] {processor.py:836} INFO - DAG(s) dict_keys(['example_bash_operator']) retrieved from /home/airflow/.local/lib/python3.7/site-packages/airflow/example_dags/example_bash_operator.py
[2023-06-09T06:19:22.192+0000] {logging_mixin.py:149} INFO - [2023-06-09T06:19:22.192+0000] {dag.py:2726} INFO - Sync 1 DAGs
[2023-06-09T06:19:22.229+0000] {logging_mixin.py:149} INFO - [2023-06-09T06:19:22.229+0000] {dag.py:3490} INFO - Setting next_dagrun for example_bash_operator to 2023-06-08T00:00:00+00:00, run_after=2023-06-09T00:00:00+00:00
[2023-06-09T06:19:22.255+0000] {processor.py:179} INFO - Processing /home/airflow/.local/lib/python3.7/site-packages/airflow/example_dags/example_bash_operator.py took 0.147 seconds
[2023-06-09T06:19:52.534+0000] {processor.py:157} INFO - Started process (PID=2428) to work on /home/airflow/.local/lib/python3.7/site-packages/airflow/example_dags/example_bash_operator.py
[2023-06-09T06:19:52.536+0000] {processor.py:826} INFO - Processing file /home/airflow/.local/lib/python3.7/site-packages/airflow/example_dags/example_bash_operator.py for tasks to queue
[2023-06-09T06:19:52.536+0000] {logging_mixin.py:149} INFO - [2023-06-09T06:19:52.536+0000] {dagbag.py:541} INFO - Filling up the DagBag from /home/airflow/.local/lib/python3.7/site-packages/airflow/example_dags/example_bash_operator.py
[2023-06-09T06:19:52.557+0000] {processor.py:836} INFO - DAG(s) dict_keys(['example_bash_operator']) retrieved from /home/airflow/.local/lib/python3.7/site-packages/airflow/example_dags/example_bash_operator.py
[2023-06-09T06:19:52.605+0000] {logging_mixin.py:149} INFO - [2023-06-09T06:19:52.605+0000] {dag.py:2726} INFO - Sync 1 DAGs
[2023-06-09T06:19:52.641+0000] {logging_mixin.py:149} INFO - [2023-06-09T06:19:52.641+0000] {dag.py:3490} INFO - Setting next_dagrun for example_bash_operator to 2023-06-08T00:00:00+00:00, run_after=2023-06-09T00:00:00+00:00
[2023-06-09T06:19:52.670+0000] {processor.py:179} INFO - Processing /home/airflow/.local/lib/python3.7/site-packages/airflow/example_dags/example_bash_operator.py took 0.139 seconds
[2023-06-09T06:20:22.917+0000] {processor.py:157} INFO - Started process (PID=2482) to work on /home/airflow/.local/lib/python3.7/site-packages/airflow/example_dags/example_bash_operator.py
[2023-06-09T06:20:22.919+0000] {processor.py:826} INFO - Processing file /home/airflow/.local/lib/python3.7/site-packages/airflow/example_dags/example_bash_operator.py for tasks to queue
[2023-06-09T06:20:22.920+0000] {logging_mixin.py:149} INFO - [2023-06-09T06:20:22.919+0000] {dagbag.py:541} INFO - Filling up the DagBag from /home/airflow/.local/lib/python3.7/site-packages/airflow/example_dags/example_bash_operator.py
[2023-06-09T06:20:22.938+0000] {processor.py:836} INFO - DAG(s) dict_keys(['example_bash_operator']) retrieved from /home/airflow/.local/lib/python3.7/site-packages/airflow/example_dags/example_bash_operator.py
[2023-06-09T06:20:22.987+0000] {logging_mixin.py:149} INFO - [2023-06-09T06:20:22.987+0000] {dag.py:2726} INFO - Sync 1 DAGs
[2023-06-09T06:20:23.027+0000] {logging_mixin.py:149} INFO - [2023-06-09T06:20:23.026+0000] {dag.py:3490} INFO - Setting next_dagrun for example_bash_operator to 2023-06-08T00:00:00+00:00, run_after=2023-06-09T00:00:00+00:00
[2023-06-09T06:20:23.052+0000] {processor.py:179} INFO - Processing /home/airflow/.local/lib/python3.7/site-packages/airflow/example_dags/example_bash_operator.py took 0.140 seconds
[2023-06-09T06:20:53.345+0000] {processor.py:157} INFO - Started process (PID=2536) to work on /home/airflow/.local/lib/python3.7/site-packages/airflow/example_dags/example_bash_operator.py
[2023-06-09T06:20:53.346+0000] {processor.py:826} INFO - Processing file /home/airflow/.local/lib/python3.7/site-packages/airflow/example_dags/example_bash_operator.py for tasks to queue
[2023-06-09T06:20:53.347+0000] {logging_mixin.py:149} INFO - [2023-06-09T06:20:53.347+0000] {dagbag.py:541} INFO - Filling up the DagBag from /home/airflow/.local/lib/python3.7/site-packages/airflow/example_dags/example_bash_operator.py
[2023-06-09T06:20:53.366+0000] {processor.py:836} INFO - DAG(s) dict_keys(['example_bash_operator']) retrieved from /home/airflow/.local/lib/python3.7/site-packages/airflow/example_dags/example_bash_operator.py
[2023-06-09T06:20:53.415+0000] {logging_mixin.py:149} INFO - [2023-06-09T06:20:53.414+0000] {dag.py:2726} INFO - Sync 1 DAGs
[2023-06-09T06:20:53.449+0000] {logging_mixin.py:149} INFO - [2023-06-09T06:20:53.449+0000] {dag.py:3490} INFO - Setting next_dagrun for example_bash_operator to 2023-06-08T00:00:00+00:00, run_after=2023-06-09T00:00:00+00:00
[2023-06-09T06:20:53.473+0000] {processor.py:179} INFO - Processing /home/airflow/.local/lib/python3.7/site-packages/airflow/example_dags/example_bash_operator.py took 0.133 seconds
[2023-06-09T06:21:23.965+0000] {processor.py:157} INFO - Started process (PID=2590) to work on /home/airflow/.local/lib/python3.7/site-packages/airflow/example_dags/example_bash_operator.py
[2023-06-09T06:21:23.972+0000] {processor.py:826} INFO - Processing file /home/airflow/.local/lib/python3.7/site-packages/airflow/example_dags/example_bash_operator.py for tasks to queue
[2023-06-09T06:21:23.973+0000] {logging_mixin.py:149} INFO - [2023-06-09T06:21:23.972+0000] {dagbag.py:541} INFO - Filling up the DagBag from /home/airflow/.local/lib/python3.7/site-packages/airflow/example_dags/example_bash_operator.py
[2023-06-09T06:21:24.010+0000] {processor.py:836} INFO - DAG(s) dict_keys(['example_bash_operator']) retrieved from /home/airflow/.local/lib/python3.7/site-packages/airflow/example_dags/example_bash_operator.py
[2023-06-09T06:21:24.109+0000] {logging_mixin.py:149} INFO - [2023-06-09T06:21:24.109+0000] {dag.py:2726} INFO - Sync 1 DAGs
[2023-06-09T06:21:24.178+0000] {logging_mixin.py:149} INFO - [2023-06-09T06:21:24.178+0000] {dag.py:3490} INFO - Setting next_dagrun for example_bash_operator to 2023-06-08T00:00:00+00:00, run_after=2023-06-09T00:00:00+00:00
[2023-06-09T06:21:24.217+0000] {processor.py:179} INFO - Processing /home/airflow/.local/lib/python3.7/site-packages/airflow/example_dags/example_bash_operator.py took 0.263 seconds
[2023-06-09T06:21:55.192+0000] {processor.py:157} INFO - Started process (PID=2644) to work on /home/airflow/.local/lib/python3.7/site-packages/airflow/example_dags/example_bash_operator.py
[2023-06-09T06:21:55.194+0000] {processor.py:826} INFO - Processing file /home/airflow/.local/lib/python3.7/site-packages/airflow/example_dags/example_bash_operator.py for tasks to queue
[2023-06-09T06:21:55.195+0000] {logging_mixin.py:149} INFO - [2023-06-09T06:21:55.195+0000] {dagbag.py:541} INFO - Filling up the DagBag from /home/airflow/.local/lib/python3.7/site-packages/airflow/example_dags/example_bash_operator.py
[2023-06-09T06:21:55.257+0000] {processor.py:836} INFO - DAG(s) dict_keys(['example_bash_operator']) retrieved from /home/airflow/.local/lib/python3.7/site-packages/airflow/example_dags/example_bash_operator.py
[2023-06-09T06:21:55.358+0000] {logging_mixin.py:149} INFO - [2023-06-09T06:21:55.357+0000] {dag.py:2726} INFO - Sync 1 DAGs
[2023-06-09T06:21:55.418+0000] {logging_mixin.py:149} INFO - [2023-06-09T06:21:55.418+0000] {dag.py:3490} INFO - Setting next_dagrun for example_bash_operator to 2023-06-08T00:00:00+00:00, run_after=2023-06-09T00:00:00+00:00
[2023-06-09T06:21:55.465+0000] {processor.py:179} INFO - Processing /home/airflow/.local/lib/python3.7/site-packages/airflow/example_dags/example_bash_operator.py took 0.295 seconds
[2023-06-09T06:22:25.542+0000] {processor.py:157} INFO - Started process (PID=2698) to work on /home/airflow/.local/lib/python3.7/site-packages/airflow/example_dags/example_bash_operator.py
[2023-06-09T06:22:25.544+0000] {processor.py:826} INFO - Processing file /home/airflow/.local/lib/python3.7/site-packages/airflow/example_dags/example_bash_operator.py for tasks to queue
[2023-06-09T06:22:25.545+0000] {logging_mixin.py:149} INFO - [2023-06-09T06:22:25.545+0000] {dagbag.py:541} INFO - Filling up the DagBag from /home/airflow/.local/lib/python3.7/site-packages/airflow/example_dags/example_bash_operator.py
[2023-06-09T06:22:25.564+0000] {processor.py:836} INFO - DAG(s) dict_keys(['example_bash_operator']) retrieved from /home/airflow/.local/lib/python3.7/site-packages/airflow/example_dags/example_bash_operator.py
[2023-06-09T06:22:25.611+0000] {logging_mixin.py:149} INFO - [2023-06-09T06:22:25.611+0000] {dag.py:2726} INFO - Sync 1 DAGs
[2023-06-09T06:22:25.651+0000] {logging_mixin.py:149} INFO - [2023-06-09T06:22:25.651+0000] {dag.py:3490} INFO - Setting next_dagrun for example_bash_operator to 2023-06-08T00:00:00+00:00, run_after=2023-06-09T00:00:00+00:00
[2023-06-09T06:22:25.674+0000] {processor.py:179} INFO - Processing /home/airflow/.local/lib/python3.7/site-packages/airflow/example_dags/example_bash_operator.py took 0.137 seconds
[2023-06-09T06:22:56.328+0000] {processor.py:157} INFO - Started process (PID=2752) to work on /home/airflow/.local/lib/python3.7/site-packages/airflow/example_dags/example_bash_operator.py
[2023-06-09T06:22:56.332+0000] {processor.py:826} INFO - Processing file /home/airflow/.local/lib/python3.7/site-packages/airflow/example_dags/example_bash_operator.py for tasks to queue
[2023-06-09T06:22:56.333+0000] {logging_mixin.py:149} INFO - [2023-06-09T06:22:56.332+0000] {dagbag.py:541} INFO - Filling up the DagBag from /home/airflow/.local/lib/python3.7/site-packages/airflow/example_dags/example_bash_operator.py
[2023-06-09T06:22:56.358+0000] {processor.py:836} INFO - DAG(s) dict_keys(['example_bash_operator']) retrieved from /home/airflow/.local/lib/python3.7/site-packages/airflow/example_dags/example_bash_operator.py
[2023-06-09T06:22:56.406+0000] {logging_mixin.py:149} INFO - [2023-06-09T06:22:56.406+0000] {dag.py:2726} INFO - Sync 1 DAGs
[2023-06-09T06:22:56.441+0000] {logging_mixin.py:149} INFO - [2023-06-09T06:22:56.441+0000] {dag.py:3490} INFO - Setting next_dagrun for example_bash_operator to 2023-06-08T00:00:00+00:00, run_after=2023-06-09T00:00:00+00:00
[2023-06-09T06:22:56.464+0000] {processor.py:179} INFO - Processing /home/airflow/.local/lib/python3.7/site-packages/airflow/example_dags/example_bash_operator.py took 0.145 seconds
[2023-06-09T06:23:26.948+0000] {processor.py:157} INFO - Started process (PID=2806) to work on /home/airflow/.local/lib/python3.7/site-packages/airflow/example_dags/example_bash_operator.py
[2023-06-09T06:23:26.949+0000] {processor.py:826} INFO - Processing file /home/airflow/.local/lib/python3.7/site-packages/airflow/example_dags/example_bash_operator.py for tasks to queue
[2023-06-09T06:23:26.950+0000] {logging_mixin.py:149} INFO - [2023-06-09T06:23:26.950+0000] {dagbag.py:541} INFO - Filling up the DagBag from /home/airflow/.local/lib/python3.7/site-packages/airflow/example_dags/example_bash_operator.py
[2023-06-09T06:23:26.969+0000] {processor.py:836} INFO - DAG(s) dict_keys(['example_bash_operator']) retrieved from /home/airflow/.local/lib/python3.7/site-packages/airflow/example_dags/example_bash_operator.py
[2023-06-09T06:23:27.019+0000] {logging_mixin.py:149} INFO - [2023-06-09T06:23:27.018+0000] {dag.py:2726} INFO - Sync 1 DAGs
[2023-06-09T06:23:27.055+0000] {logging_mixin.py:149} INFO - [2023-06-09T06:23:27.054+0000] {dag.py:3490} INFO - Setting next_dagrun for example_bash_operator to 2023-06-08T00:00:00+00:00, run_after=2023-06-09T00:00:00+00:00
[2023-06-09T06:23:27.080+0000] {processor.py:179} INFO - Processing /home/airflow/.local/lib/python3.7/site-packages/airflow/example_dags/example_bash_operator.py took 0.136 seconds
[2023-06-09T06:23:57.137+0000] {processor.py:157} INFO - Started process (PID=2859) to work on /home/airflow/.local/lib/python3.7/site-packages/airflow/example_dags/example_bash_operator.py
[2023-06-09T06:23:57.138+0000] {processor.py:826} INFO - Processing file /home/airflow/.local/lib/python3.7/site-packages/airflow/example_dags/example_bash_operator.py for tasks to queue
[2023-06-09T06:23:57.139+0000] {logging_mixin.py:149} INFO - [2023-06-09T06:23:57.139+0000] {dagbag.py:541} INFO - Filling up the DagBag from /home/airflow/.local/lib/python3.7/site-packages/airflow/example_dags/example_bash_operator.py
[2023-06-09T06:23:57.163+0000] {processor.py:836} INFO - DAG(s) dict_keys(['example_bash_operator']) retrieved from /home/airflow/.local/lib/python3.7/site-packages/airflow/example_dags/example_bash_operator.py
[2023-06-09T06:23:57.216+0000] {logging_mixin.py:149} INFO - [2023-06-09T06:23:57.216+0000] {dag.py:2726} INFO - Sync 1 DAGs
[2023-06-09T06:23:57.254+0000] {logging_mixin.py:149} INFO - [2023-06-09T06:23:57.253+0000] {dag.py:3490} INFO - Setting next_dagrun for example_bash_operator to 2023-06-08T00:00:00+00:00, run_after=2023-06-09T00:00:00+00:00
[2023-06-09T06:23:57.282+0000] {processor.py:179} INFO - Processing /home/airflow/.local/lib/python3.7/site-packages/airflow/example_dags/example_bash_operator.py took 0.149 seconds
[2023-06-09T06:24:27.555+0000] {processor.py:157} INFO - Started process (PID=2910) to work on /home/airflow/.local/lib/python3.7/site-packages/airflow/example_dags/example_bash_operator.py
[2023-06-09T06:24:27.568+0000] {processor.py:826} INFO - Processing file /home/airflow/.local/lib/python3.7/site-packages/airflow/example_dags/example_bash_operator.py for tasks to queue
[2023-06-09T06:24:27.569+0000] {logging_mixin.py:149} INFO - [2023-06-09T06:24:27.569+0000] {dagbag.py:541} INFO - Filling up the DagBag from /home/airflow/.local/lib/python3.7/site-packages/airflow/example_dags/example_bash_operator.py
[2023-06-09T06:24:27.593+0000] {processor.py:836} INFO - DAG(s) dict_keys(['example_bash_operator']) retrieved from /home/airflow/.local/lib/python3.7/site-packages/airflow/example_dags/example_bash_operator.py
[2023-06-09T06:24:27.727+0000] {logging_mixin.py:149} INFO - [2023-06-09T06:24:27.727+0000] {dag.py:2726} INFO - Sync 1 DAGs
[2023-06-09T06:24:27.778+0000] {logging_mixin.py:149} INFO - [2023-06-09T06:24:27.778+0000] {dag.py:3490} INFO - Setting next_dagrun for example_bash_operator to 2023-06-08T00:00:00+00:00, run_after=2023-06-09T00:00:00+00:00
[2023-06-09T06:24:27.802+0000] {processor.py:179} INFO - Processing /home/airflow/.local/lib/python3.7/site-packages/airflow/example_dags/example_bash_operator.py took 0.251 seconds
[2023-06-09T06:24:58.600+0000] {processor.py:157} INFO - Started process (PID=2964) to work on /home/airflow/.local/lib/python3.7/site-packages/airflow/example_dags/example_bash_operator.py
[2023-06-09T06:24:58.603+0000] {processor.py:826} INFO - Processing file /home/airflow/.local/lib/python3.7/site-packages/airflow/example_dags/example_bash_operator.py for tasks to queue
[2023-06-09T06:24:58.603+0000] {logging_mixin.py:149} INFO - [2023-06-09T06:24:58.603+0000] {dagbag.py:541} INFO - Filling up the DagBag from /home/airflow/.local/lib/python3.7/site-packages/airflow/example_dags/example_bash_operator.py
[2023-06-09T06:24:58.633+0000] {processor.py:836} INFO - DAG(s) dict_keys(['example_bash_operator']) retrieved from /home/airflow/.local/lib/python3.7/site-packages/airflow/example_dags/example_bash_operator.py
[2023-06-09T06:24:58.744+0000] {logging_mixin.py:149} INFO - [2023-06-09T06:24:58.744+0000] {dag.py:2726} INFO - Sync 1 DAGs
[2023-06-09T06:24:58.814+0000] {logging_mixin.py:149} INFO - [2023-06-09T06:24:58.814+0000] {dag.py:3490} INFO - Setting next_dagrun for example_bash_operator to 2023-06-08T00:00:00+00:00, run_after=2023-06-09T00:00:00+00:00
[2023-06-09T06:24:58.867+0000] {processor.py:179} INFO - Processing /home/airflow/.local/lib/python3.7/site-packages/airflow/example_dags/example_bash_operator.py took 0.280 seconds
[2023-06-09T06:25:29.552+0000] {processor.py:157} INFO - Started process (PID=3018) to work on /home/airflow/.local/lib/python3.7/site-packages/airflow/example_dags/example_bash_operator.py
[2023-06-09T06:25:29.554+0000] {processor.py:826} INFO - Processing file /home/airflow/.local/lib/python3.7/site-packages/airflow/example_dags/example_bash_operator.py for tasks to queue
[2023-06-09T06:25:29.555+0000] {logging_mixin.py:149} INFO - [2023-06-09T06:25:29.554+0000] {dagbag.py:541} INFO - Filling up the DagBag from /home/airflow/.local/lib/python3.7/site-packages/airflow/example_dags/example_bash_operator.py
[2023-06-09T06:25:29.579+0000] {processor.py:836} INFO - DAG(s) dict_keys(['example_bash_operator']) retrieved from /home/airflow/.local/lib/python3.7/site-packages/airflow/example_dags/example_bash_operator.py
[2023-06-09T06:25:29.637+0000] {logging_mixin.py:149} INFO - [2023-06-09T06:25:29.636+0000] {dag.py:2726} INFO - Sync 1 DAGs
[2023-06-09T06:25:29.689+0000] {logging_mixin.py:149} INFO - [2023-06-09T06:25:29.689+0000] {dag.py:3490} INFO - Setting next_dagrun for example_bash_operator to 2023-06-08T00:00:00+00:00, run_after=2023-06-09T00:00:00+00:00
[2023-06-09T06:25:29.713+0000] {processor.py:179} INFO - Processing /home/airflow/.local/lib/python3.7/site-packages/airflow/example_dags/example_bash_operator.py took 0.165 seconds
[2023-06-09T06:25:59.789+0000] {processor.py:157} INFO - Started process (PID=3073) to work on /home/airflow/.local/lib/python3.7/site-packages/airflow/example_dags/example_bash_operator.py
[2023-06-09T06:25:59.790+0000] {processor.py:826} INFO - Processing file /home/airflow/.local/lib/python3.7/site-packages/airflow/example_dags/example_bash_operator.py for tasks to queue
[2023-06-09T06:25:59.791+0000] {logging_mixin.py:149} INFO - [2023-06-09T06:25:59.791+0000] {dagbag.py:541} INFO - Filling up the DagBag from /home/airflow/.local/lib/python3.7/site-packages/airflow/example_dags/example_bash_operator.py
[2023-06-09T06:25:59.811+0000] {processor.py:836} INFO - DAG(s) dict_keys(['example_bash_operator']) retrieved from /home/airflow/.local/lib/python3.7/site-packages/airflow/example_dags/example_bash_operator.py
[2023-06-09T06:25:59.861+0000] {logging_mixin.py:149} INFO - [2023-06-09T06:25:59.860+0000] {dag.py:2726} INFO - Sync 1 DAGs
[2023-06-09T06:25:59.897+0000] {logging_mixin.py:149} INFO - [2023-06-09T06:25:59.897+0000] {dag.py:3490} INFO - Setting next_dagrun for example_bash_operator to 2023-06-08T00:00:00+00:00, run_after=2023-06-09T00:00:00+00:00
[2023-06-09T06:25:59.922+0000] {processor.py:179} INFO - Processing /home/airflow/.local/lib/python3.7/site-packages/airflow/example_dags/example_bash_operator.py took 0.136 seconds
[2023-06-09T06:26:30.258+0000] {processor.py:157} INFO - Started process (PID=3126) to work on /home/airflow/.local/lib/python3.7/site-packages/airflow/example_dags/example_bash_operator.py
[2023-06-09T06:26:30.259+0000] {processor.py:826} INFO - Processing file /home/airflow/.local/lib/python3.7/site-packages/airflow/example_dags/example_bash_operator.py for tasks to queue
[2023-06-09T06:26:30.260+0000] {logging_mixin.py:149} INFO - [2023-06-09T06:26:30.260+0000] {dagbag.py:541} INFO - Filling up the DagBag from /home/airflow/.local/lib/python3.7/site-packages/airflow/example_dags/example_bash_operator.py
[2023-06-09T06:26:30.284+0000] {processor.py:836} INFO - DAG(s) dict_keys(['example_bash_operator']) retrieved from /home/airflow/.local/lib/python3.7/site-packages/airflow/example_dags/example_bash_operator.py
[2023-06-09T06:26:30.333+0000] {logging_mixin.py:149} INFO - [2023-06-09T06:26:30.333+0000] {dag.py:2726} INFO - Sync 1 DAGs
[2023-06-09T06:26:30.370+0000] {logging_mixin.py:149} INFO - [2023-06-09T06:26:30.369+0000] {dag.py:3490} INFO - Setting next_dagrun for example_bash_operator to 2023-06-08T00:00:00+00:00, run_after=2023-06-09T00:00:00+00:00
[2023-06-09T06:26:30.394+0000] {processor.py:179} INFO - Processing /home/airflow/.local/lib/python3.7/site-packages/airflow/example_dags/example_bash_operator.py took 0.141 seconds
[2023-06-09T06:27:00.560+0000] {processor.py:157} INFO - Started process (PID=3180) to work on /home/airflow/.local/lib/python3.7/site-packages/airflow/example_dags/example_bash_operator.py
[2023-06-09T06:27:00.561+0000] {processor.py:826} INFO - Processing file /home/airflow/.local/lib/python3.7/site-packages/airflow/example_dags/example_bash_operator.py for tasks to queue
[2023-06-09T06:27:00.562+0000] {logging_mixin.py:149} INFO - [2023-06-09T06:27:00.562+0000] {dagbag.py:541} INFO - Filling up the DagBag from /home/airflow/.local/lib/python3.7/site-packages/airflow/example_dags/example_bash_operator.py
[2023-06-09T06:27:00.580+0000] {processor.py:836} INFO - DAG(s) dict_keys(['example_bash_operator']) retrieved from /home/airflow/.local/lib/python3.7/site-packages/airflow/example_dags/example_bash_operator.py
[2023-06-09T06:27:00.631+0000] {logging_mixin.py:149} INFO - [2023-06-09T06:27:00.631+0000] {dag.py:2726} INFO - Sync 1 DAGs
[2023-06-09T06:27:00.677+0000] {logging_mixin.py:149} INFO - [2023-06-09T06:27:00.675+0000] {dag.py:3490} INFO - Setting next_dagrun for example_bash_operator to 2023-06-08T00:00:00+00:00, run_after=2023-06-09T00:00:00+00:00
[2023-06-09T06:27:00.701+0000] {processor.py:179} INFO - Processing /home/airflow/.local/lib/python3.7/site-packages/airflow/example_dags/example_bash_operator.py took 0.147 seconds
[2023-06-09T06:27:31.175+0000] {processor.py:157} INFO - Started process (PID=3234) to work on /home/airflow/.local/lib/python3.7/site-packages/airflow/example_dags/example_bash_operator.py
[2023-06-09T06:27:31.176+0000] {processor.py:826} INFO - Processing file /home/airflow/.local/lib/python3.7/site-packages/airflow/example_dags/example_bash_operator.py for tasks to queue
[2023-06-09T06:27:31.177+0000] {logging_mixin.py:149} INFO - [2023-06-09T06:27:31.177+0000] {dagbag.py:541} INFO - Filling up the DagBag from /home/airflow/.local/lib/python3.7/site-packages/airflow/example_dags/example_bash_operator.py
[2023-06-09T06:27:31.197+0000] {processor.py:836} INFO - DAG(s) dict_keys(['example_bash_operator']) retrieved from /home/airflow/.local/lib/python3.7/site-packages/airflow/example_dags/example_bash_operator.py
[2023-06-09T06:27:31.243+0000] {logging_mixin.py:149} INFO - [2023-06-09T06:27:31.243+0000] {dag.py:2726} INFO - Sync 1 DAGs
[2023-06-09T06:27:31.279+0000] {logging_mixin.py:149} INFO - [2023-06-09T06:27:31.279+0000] {dag.py:3490} INFO - Setting next_dagrun for example_bash_operator to 2023-06-08T00:00:00+00:00, run_after=2023-06-09T00:00:00+00:00
[2023-06-09T06:27:31.321+0000] {processor.py:179} INFO - Processing /home/airflow/.local/lib/python3.7/site-packages/airflow/example_dags/example_bash_operator.py took 0.150 seconds
[2023-06-09T06:28:01.385+0000] {processor.py:157} INFO - Started process (PID=3287) to work on /home/airflow/.local/lib/python3.7/site-packages/airflow/example_dags/example_bash_operator.py
[2023-06-09T06:28:01.386+0000] {processor.py:826} INFO - Processing file /home/airflow/.local/lib/python3.7/site-packages/airflow/example_dags/example_bash_operator.py for tasks to queue
[2023-06-09T06:28:01.387+0000] {logging_mixin.py:149} INFO - [2023-06-09T06:28:01.386+0000] {dagbag.py:541} INFO - Filling up the DagBag from /home/airflow/.local/lib/python3.7/site-packages/airflow/example_dags/example_bash_operator.py
[2023-06-09T06:28:01.442+0000] {processor.py:836} INFO - DAG(s) dict_keys(['example_bash_operator']) retrieved from /home/airflow/.local/lib/python3.7/site-packages/airflow/example_dags/example_bash_operator.py
[2023-06-09T06:28:01.560+0000] {logging_mixin.py:149} INFO - [2023-06-09T06:28:01.560+0000] {dag.py:2726} INFO - Sync 1 DAGs
[2023-06-09T06:28:01.627+0000] {logging_mixin.py:149} INFO - [2023-06-09T06:28:01.627+0000] {dag.py:3490} INFO - Setting next_dagrun for example_bash_operator to 2023-06-08T00:00:00+00:00, run_after=2023-06-09T00:00:00+00:00
[2023-06-09T06:28:01.698+0000] {processor.py:179} INFO - Processing /home/airflow/.local/lib/python3.7/site-packages/airflow/example_dags/example_bash_operator.py took 0.323 seconds
[2023-06-09T06:28:31.744+0000] {processor.py:157} INFO - Started process (PID=3341) to work on /home/airflow/.local/lib/python3.7/site-packages/airflow/example_dags/example_bash_operator.py
[2023-06-09T06:28:31.747+0000] {processor.py:826} INFO - Processing file /home/airflow/.local/lib/python3.7/site-packages/airflow/example_dags/example_bash_operator.py for tasks to queue
[2023-06-09T06:28:31.747+0000] {logging_mixin.py:149} INFO - [2023-06-09T06:28:31.747+0000] {dagbag.py:541} INFO - Filling up the DagBag from /home/airflow/.local/lib/python3.7/site-packages/airflow/example_dags/example_bash_operator.py
[2023-06-09T06:28:31.766+0000] {processor.py:836} INFO - DAG(s) dict_keys(['example_bash_operator']) retrieved from /home/airflow/.local/lib/python3.7/site-packages/airflow/example_dags/example_bash_operator.py
[2023-06-09T06:28:31.815+0000] {logging_mixin.py:149} INFO - [2023-06-09T06:28:31.815+0000] {dag.py:2726} INFO - Sync 1 DAGs
[2023-06-09T06:28:31.851+0000] {logging_mixin.py:149} INFO - [2023-06-09T06:28:31.851+0000] {dag.py:3490} INFO - Setting next_dagrun for example_bash_operator to 2023-06-08T00:00:00+00:00, run_after=2023-06-09T00:00:00+00:00
[2023-06-09T06:28:31.874+0000] {processor.py:179} INFO - Processing /home/airflow/.local/lib/python3.7/site-packages/airflow/example_dags/example_bash_operator.py took 0.134 seconds
[2023-06-09T06:29:02.099+0000] {processor.py:157} INFO - Started process (PID=3395) to work on /home/airflow/.local/lib/python3.7/site-packages/airflow/example_dags/example_bash_operator.py
[2023-06-09T06:29:02.101+0000] {processor.py:826} INFO - Processing file /home/airflow/.local/lib/python3.7/site-packages/airflow/example_dags/example_bash_operator.py for tasks to queue
[2023-06-09T06:29:02.102+0000] {logging_mixin.py:149} INFO - [2023-06-09T06:29:02.102+0000] {dagbag.py:541} INFO - Filling up the DagBag from /home/airflow/.local/lib/python3.7/site-packages/airflow/example_dags/example_bash_operator.py
[2023-06-09T06:29:02.119+0000] {processor.py:836} INFO - DAG(s) dict_keys(['example_bash_operator']) retrieved from /home/airflow/.local/lib/python3.7/site-packages/airflow/example_dags/example_bash_operator.py
[2023-06-09T06:29:02.165+0000] {logging_mixin.py:149} INFO - [2023-06-09T06:29:02.165+0000] {dag.py:2726} INFO - Sync 1 DAGs
[2023-06-09T06:29:02.200+0000] {logging_mixin.py:149} INFO - [2023-06-09T06:29:02.199+0000] {dag.py:3490} INFO - Setting next_dagrun for example_bash_operator to 2023-06-08T00:00:00+00:00, run_after=2023-06-09T00:00:00+00:00
[2023-06-09T06:29:02.223+0000] {processor.py:179} INFO - Processing /home/airflow/.local/lib/python3.7/site-packages/airflow/example_dags/example_bash_operator.py took 0.127 seconds
[2023-06-09T06:29:32.474+0000] {processor.py:157} INFO - Started process (PID=3449) to work on /home/airflow/.local/lib/python3.7/site-packages/airflow/example_dags/example_bash_operator.py
[2023-06-09T06:29:32.476+0000] {processor.py:826} INFO - Processing file /home/airflow/.local/lib/python3.7/site-packages/airflow/example_dags/example_bash_operator.py for tasks to queue
[2023-06-09T06:29:32.476+0000] {logging_mixin.py:149} INFO - [2023-06-09T06:29:32.476+0000] {dagbag.py:541} INFO - Filling up the DagBag from /home/airflow/.local/lib/python3.7/site-packages/airflow/example_dags/example_bash_operator.py
[2023-06-09T06:29:32.499+0000] {processor.py:836} INFO - DAG(s) dict_keys(['example_bash_operator']) retrieved from /home/airflow/.local/lib/python3.7/site-packages/airflow/example_dags/example_bash_operator.py
[2023-06-09T06:29:32.546+0000] {logging_mixin.py:149} INFO - [2023-06-09T06:29:32.546+0000] {dag.py:2726} INFO - Sync 1 DAGs
[2023-06-09T06:29:32.581+0000] {logging_mixin.py:149} INFO - [2023-06-09T06:29:32.581+0000] {dag.py:3490} INFO - Setting next_dagrun for example_bash_operator to 2023-06-08T00:00:00+00:00, run_after=2023-06-09T00:00:00+00:00
[2023-06-09T06:29:32.605+0000] {processor.py:179} INFO - Processing /home/airflow/.local/lib/python3.7/site-packages/airflow/example_dags/example_bash_operator.py took 0.134 seconds
[2023-06-09T06:30:02.767+0000] {processor.py:157} INFO - Started process (PID=3502) to work on /home/airflow/.local/lib/python3.7/site-packages/airflow/example_dags/example_bash_operator.py
[2023-06-09T06:30:02.768+0000] {processor.py:826} INFO - Processing file /home/airflow/.local/lib/python3.7/site-packages/airflow/example_dags/example_bash_operator.py for tasks to queue
[2023-06-09T06:30:02.769+0000] {logging_mixin.py:149} INFO - [2023-06-09T06:30:02.768+0000] {dagbag.py:541} INFO - Filling up the DagBag from /home/airflow/.local/lib/python3.7/site-packages/airflow/example_dags/example_bash_operator.py
[2023-06-09T06:30:02.796+0000] {processor.py:836} INFO - DAG(s) dict_keys(['example_bash_operator']) retrieved from /home/airflow/.local/lib/python3.7/site-packages/airflow/example_dags/example_bash_operator.py
[2023-06-09T06:30:02.845+0000] {logging_mixin.py:149} INFO - [2023-06-09T06:30:02.845+0000] {dag.py:2726} INFO - Sync 1 DAGs
[2023-06-09T06:30:02.880+0000] {logging_mixin.py:149} INFO - [2023-06-09T06:30:02.880+0000] {dag.py:3490} INFO - Setting next_dagrun for example_bash_operator to 2023-06-08T00:00:00+00:00, run_after=2023-06-09T00:00:00+00:00
[2023-06-09T06:30:02.907+0000] {processor.py:179} INFO - Processing /home/airflow/.local/lib/python3.7/site-packages/airflow/example_dags/example_bash_operator.py took 0.145 seconds
[2023-06-09T06:30:33.242+0000] {processor.py:157} INFO - Started process (PID=3556) to work on /home/airflow/.local/lib/python3.7/site-packages/airflow/example_dags/example_bash_operator.py
[2023-06-09T06:30:33.244+0000] {processor.py:826} INFO - Processing file /home/airflow/.local/lib/python3.7/site-packages/airflow/example_dags/example_bash_operator.py for tasks to queue
[2023-06-09T06:30:33.245+0000] {logging_mixin.py:149} INFO - [2023-06-09T06:30:33.244+0000] {dagbag.py:541} INFO - Filling up the DagBag from /home/airflow/.local/lib/python3.7/site-packages/airflow/example_dags/example_bash_operator.py
[2023-06-09T06:30:33.267+0000] {processor.py:836} INFO - DAG(s) dict_keys(['example_bash_operator']) retrieved from /home/airflow/.local/lib/python3.7/site-packages/airflow/example_dags/example_bash_operator.py
[2023-06-09T06:30:33.322+0000] {logging_mixin.py:149} INFO - [2023-06-09T06:30:33.321+0000] {dag.py:2726} INFO - Sync 1 DAGs
[2023-06-09T06:30:33.360+0000] {logging_mixin.py:149} INFO - [2023-06-09T06:30:33.360+0000] {dag.py:3490} INFO - Setting next_dagrun for example_bash_operator to 2023-06-08T00:00:00+00:00, run_after=2023-06-09T00:00:00+00:00
[2023-06-09T06:30:33.383+0000] {processor.py:179} INFO - Processing /home/airflow/.local/lib/python3.7/site-packages/airflow/example_dags/example_bash_operator.py took 0.145 seconds
