[2023-06-09T05:57:30.010+0000] {processor.py:157} INFO - Started process (PID=58) to work on /home/airflow/.local/lib/python3.7/site-packages/airflow/example_dags/example_latest_only.py
[2023-06-09T05:57:30.011+0000] {processor.py:826} INFO - Processing file /home/airflow/.local/lib/python3.7/site-packages/airflow/example_dags/example_latest_only.py for tasks to queue
[2023-06-09T05:57:30.044+0000] {logging_mixin.py:149} INFO - [2023-06-09T05:57:30.043+0000] {dagbag.py:541} INFO - Filling up the DagBag from /home/airflow/.local/lib/python3.7/site-packages/airflow/example_dags/example_latest_only.py
[2023-06-09T05:57:30.116+0000] {processor.py:836} INFO - DAG(s) dict_keys(['latest_only']) retrieved from /home/airflow/.local/lib/python3.7/site-packages/airflow/example_dags/example_latest_only.py
[2023-06-09T05:57:30.266+0000] {logging_mixin.py:149} INFO - [2023-06-09T05:57:30.266+0000] {dag.py:2726} INFO - Sync 1 DAGs
[2023-06-09T05:57:30.473+0000] {logging_mixin.py:149} INFO - [2023-06-09T05:57:30.473+0000] {dag.py:3490} INFO - Setting next_dagrun for latest_only to 2023-06-09T01:57:30.473015+00:00, run_after=2023-06-09T05:57:30.473015+00:00
[2023-06-09T05:57:30.596+0000] {processor.py:179} INFO - Processing /home/airflow/.local/lib/python3.7/site-packages/airflow/example_dags/example_latest_only.py took 0.622 seconds
[2023-06-09T05:58:00.788+0000] {processor.py:157} INFO - Started process (PID=112) to work on /home/airflow/.local/lib/python3.7/site-packages/airflow/example_dags/example_latest_only.py
[2023-06-09T05:58:00.789+0000] {processor.py:826} INFO - Processing file /home/airflow/.local/lib/python3.7/site-packages/airflow/example_dags/example_latest_only.py for tasks to queue
[2023-06-09T05:58:00.790+0000] {logging_mixin.py:149} INFO - [2023-06-09T05:58:00.790+0000] {dagbag.py:541} INFO - Filling up the DagBag from /home/airflow/.local/lib/python3.7/site-packages/airflow/example_dags/example_latest_only.py
[2023-06-09T05:58:00.797+0000] {processor.py:836} INFO - DAG(s) dict_keys(['latest_only']) retrieved from /home/airflow/.local/lib/python3.7/site-packages/airflow/example_dags/example_latest_only.py
[2023-06-09T05:58:00.832+0000] {logging_mixin.py:149} INFO - [2023-06-09T05:58:00.832+0000] {dag.py:2726} INFO - Sync 1 DAGs
[2023-06-09T05:58:00.868+0000] {logging_mixin.py:149} INFO - [2023-06-09T05:58:00.868+0000] {dag.py:3490} INFO - Setting next_dagrun for latest_only to 2023-06-09T01:58:00.868033+00:00, run_after=2023-06-09T05:58:00.868033+00:00
[2023-06-09T05:58:00.909+0000] {processor.py:179} INFO - Processing /home/airflow/.local/lib/python3.7/site-packages/airflow/example_dags/example_latest_only.py took 0.125 seconds
[2023-06-09T05:58:31.145+0000] {processor.py:157} INFO - Started process (PID=165) to work on /home/airflow/.local/lib/python3.7/site-packages/airflow/example_dags/example_latest_only.py
[2023-06-09T05:58:31.146+0000] {processor.py:826} INFO - Processing file /home/airflow/.local/lib/python3.7/site-packages/airflow/example_dags/example_latest_only.py for tasks to queue
[2023-06-09T05:58:31.147+0000] {logging_mixin.py:149} INFO - [2023-06-09T05:58:31.147+0000] {dagbag.py:541} INFO - Filling up the DagBag from /home/airflow/.local/lib/python3.7/site-packages/airflow/example_dags/example_latest_only.py
[2023-06-09T05:58:31.154+0000] {processor.py:836} INFO - DAG(s) dict_keys(['latest_only']) retrieved from /home/airflow/.local/lib/python3.7/site-packages/airflow/example_dags/example_latest_only.py
[2023-06-09T05:58:31.183+0000] {logging_mixin.py:149} INFO - [2023-06-09T05:58:31.183+0000] {dag.py:2726} INFO - Sync 1 DAGs
[2023-06-09T05:58:31.217+0000] {logging_mixin.py:149} INFO - [2023-06-09T05:58:31.217+0000] {dag.py:3490} INFO - Setting next_dagrun for latest_only to 2023-06-09T01:58:31.217242+00:00, run_after=2023-06-09T05:58:31.217242+00:00
[2023-06-09T05:58:31.240+0000] {processor.py:179} INFO - Processing /home/airflow/.local/lib/python3.7/site-packages/airflow/example_dags/example_latest_only.py took 0.100 seconds
[2023-06-09T05:59:01.642+0000] {processor.py:157} INFO - Started process (PID=219) to work on /home/airflow/.local/lib/python3.7/site-packages/airflow/example_dags/example_latest_only.py
[2023-06-09T05:59:01.643+0000] {processor.py:826} INFO - Processing file /home/airflow/.local/lib/python3.7/site-packages/airflow/example_dags/example_latest_only.py for tasks to queue
[2023-06-09T05:59:01.644+0000] {logging_mixin.py:149} INFO - [2023-06-09T05:59:01.644+0000] {dagbag.py:541} INFO - Filling up the DagBag from /home/airflow/.local/lib/python3.7/site-packages/airflow/example_dags/example_latest_only.py
[2023-06-09T05:59:01.661+0000] {processor.py:836} INFO - DAG(s) dict_keys(['latest_only']) retrieved from /home/airflow/.local/lib/python3.7/site-packages/airflow/example_dags/example_latest_only.py
[2023-06-09T05:59:01.695+0000] {logging_mixin.py:149} INFO - [2023-06-09T05:59:01.695+0000] {dag.py:2726} INFO - Sync 1 DAGs
[2023-06-09T05:59:01.730+0000] {logging_mixin.py:149} INFO - [2023-06-09T05:59:01.730+0000] {dag.py:3490} INFO - Setting next_dagrun for latest_only to 2023-06-09T01:59:01.729808+00:00, run_after=2023-06-09T05:59:01.729808+00:00
[2023-06-09T05:59:01.752+0000] {processor.py:179} INFO - Processing /home/airflow/.local/lib/python3.7/site-packages/airflow/example_dags/example_latest_only.py took 0.114 seconds
[2023-06-09T05:59:31.880+0000] {processor.py:157} INFO - Started process (PID=273) to work on /home/airflow/.local/lib/python3.7/site-packages/airflow/example_dags/example_latest_only.py
[2023-06-09T05:59:31.881+0000] {processor.py:826} INFO - Processing file /home/airflow/.local/lib/python3.7/site-packages/airflow/example_dags/example_latest_only.py for tasks to queue
[2023-06-09T05:59:31.882+0000] {logging_mixin.py:149} INFO - [2023-06-09T05:59:31.882+0000] {dagbag.py:541} INFO - Filling up the DagBag from /home/airflow/.local/lib/python3.7/site-packages/airflow/example_dags/example_latest_only.py
[2023-06-09T05:59:31.889+0000] {processor.py:836} INFO - DAG(s) dict_keys(['latest_only']) retrieved from /home/airflow/.local/lib/python3.7/site-packages/airflow/example_dags/example_latest_only.py
[2023-06-09T05:59:31.920+0000] {logging_mixin.py:149} INFO - [2023-06-09T05:59:31.920+0000] {dag.py:2726} INFO - Sync 1 DAGs
[2023-06-09T05:59:31.956+0000] {logging_mixin.py:149} INFO - [2023-06-09T05:59:31.955+0000] {dag.py:3490} INFO - Setting next_dagrun for latest_only to 2023-06-09T01:59:31.955512+00:00, run_after=2023-06-09T05:59:31.955512+00:00
[2023-06-09T05:59:31.982+0000] {processor.py:179} INFO - Processing /home/airflow/.local/lib/python3.7/site-packages/airflow/example_dags/example_latest_only.py took 0.106 seconds
[2023-06-09T06:00:02.207+0000] {processor.py:157} INFO - Started process (PID=327) to work on /home/airflow/.local/lib/python3.7/site-packages/airflow/example_dags/example_latest_only.py
[2023-06-09T06:00:02.208+0000] {processor.py:826} INFO - Processing file /home/airflow/.local/lib/python3.7/site-packages/airflow/example_dags/example_latest_only.py for tasks to queue
[2023-06-09T06:00:02.209+0000] {logging_mixin.py:149} INFO - [2023-06-09T06:00:02.209+0000] {dagbag.py:541} INFO - Filling up the DagBag from /home/airflow/.local/lib/python3.7/site-packages/airflow/example_dags/example_latest_only.py
[2023-06-09T06:00:02.230+0000] {processor.py:836} INFO - DAG(s) dict_keys(['latest_only']) retrieved from /home/airflow/.local/lib/python3.7/site-packages/airflow/example_dags/example_latest_only.py
[2023-06-09T06:00:02.275+0000] {logging_mixin.py:149} INFO - [2023-06-09T06:00:02.275+0000] {dag.py:2726} INFO - Sync 1 DAGs
[2023-06-09T06:00:02.313+0000] {logging_mixin.py:149} INFO - [2023-06-09T06:00:02.313+0000] {dag.py:3490} INFO - Setting next_dagrun for latest_only to 2023-06-09T02:00:02.313239+00:00, run_after=2023-06-09T06:00:02.313239+00:00
[2023-06-09T06:00:02.344+0000] {processor.py:179} INFO - Processing /home/airflow/.local/lib/python3.7/site-packages/airflow/example_dags/example_latest_only.py took 0.141 seconds
[2023-06-09T06:00:32.408+0000] {processor.py:157} INFO - Started process (PID=382) to work on /home/airflow/.local/lib/python3.7/site-packages/airflow/example_dags/example_latest_only.py
[2023-06-09T06:00:32.409+0000] {processor.py:826} INFO - Processing file /home/airflow/.local/lib/python3.7/site-packages/airflow/example_dags/example_latest_only.py for tasks to queue
[2023-06-09T06:00:32.409+0000] {logging_mixin.py:149} INFO - [2023-06-09T06:00:32.409+0000] {dagbag.py:541} INFO - Filling up the DagBag from /home/airflow/.local/lib/python3.7/site-packages/airflow/example_dags/example_latest_only.py
[2023-06-09T06:00:32.418+0000] {processor.py:836} INFO - DAG(s) dict_keys(['latest_only']) retrieved from /home/airflow/.local/lib/python3.7/site-packages/airflow/example_dags/example_latest_only.py
[2023-06-09T06:00:32.478+0000] {logging_mixin.py:149} INFO - [2023-06-09T06:00:32.478+0000] {dag.py:2726} INFO - Sync 1 DAGs
[2023-06-09T06:00:32.514+0000] {logging_mixin.py:149} INFO - [2023-06-09T06:00:32.514+0000] {dag.py:3490} INFO - Setting next_dagrun for latest_only to 2023-06-09T02:00:32.513976+00:00, run_after=2023-06-09T06:00:32.513976+00:00
[2023-06-09T06:00:32.540+0000] {processor.py:179} INFO - Processing /home/airflow/.local/lib/python3.7/site-packages/airflow/example_dags/example_latest_only.py took 0.136 seconds
[2023-06-09T06:01:02.779+0000] {processor.py:157} INFO - Started process (PID=436) to work on /home/airflow/.local/lib/python3.7/site-packages/airflow/example_dags/example_latest_only.py
[2023-06-09T06:01:02.781+0000] {processor.py:826} INFO - Processing file /home/airflow/.local/lib/python3.7/site-packages/airflow/example_dags/example_latest_only.py for tasks to queue
[2023-06-09T06:01:02.781+0000] {logging_mixin.py:149} INFO - [2023-06-09T06:01:02.781+0000] {dagbag.py:541} INFO - Filling up the DagBag from /home/airflow/.local/lib/python3.7/site-packages/airflow/example_dags/example_latest_only.py
[2023-06-09T06:01:02.788+0000] {processor.py:836} INFO - DAG(s) dict_keys(['latest_only']) retrieved from /home/airflow/.local/lib/python3.7/site-packages/airflow/example_dags/example_latest_only.py
[2023-06-09T06:01:02.818+0000] {logging_mixin.py:149} INFO - [2023-06-09T06:01:02.818+0000] {dag.py:2726} INFO - Sync 1 DAGs
[2023-06-09T06:01:02.851+0000] {logging_mixin.py:149} INFO - [2023-06-09T06:01:02.851+0000] {dag.py:3490} INFO - Setting next_dagrun for latest_only to 2023-06-09T02:01:02.851326+00:00, run_after=2023-06-09T06:01:02.851326+00:00
[2023-06-09T06:01:02.875+0000] {processor.py:179} INFO - Processing /home/airflow/.local/lib/python3.7/site-packages/airflow/example_dags/example_latest_only.py took 0.100 seconds
[2023-06-09T06:01:33.561+0000] {processor.py:157} INFO - Started process (PID=490) to work on /home/airflow/.local/lib/python3.7/site-packages/airflow/example_dags/example_latest_only.py
[2023-06-09T06:01:33.562+0000] {processor.py:826} INFO - Processing file /home/airflow/.local/lib/python3.7/site-packages/airflow/example_dags/example_latest_only.py for tasks to queue
[2023-06-09T06:01:33.563+0000] {logging_mixin.py:149} INFO - [2023-06-09T06:01:33.563+0000] {dagbag.py:541} INFO - Filling up the DagBag from /home/airflow/.local/lib/python3.7/site-packages/airflow/example_dags/example_latest_only.py
[2023-06-09T06:01:33.569+0000] {processor.py:836} INFO - DAG(s) dict_keys(['latest_only']) retrieved from /home/airflow/.local/lib/python3.7/site-packages/airflow/example_dags/example_latest_only.py
[2023-06-09T06:01:33.601+0000] {logging_mixin.py:149} INFO - [2023-06-09T06:01:33.601+0000] {dag.py:2726} INFO - Sync 1 DAGs
[2023-06-09T06:01:33.634+0000] {logging_mixin.py:149} INFO - [2023-06-09T06:01:33.634+0000] {dag.py:3490} INFO - Setting next_dagrun for latest_only to 2023-06-09T02:01:33.633971+00:00, run_after=2023-06-09T06:01:33.633971+00:00
[2023-06-09T06:01:33.656+0000] {processor.py:179} INFO - Processing /home/airflow/.local/lib/python3.7/site-packages/airflow/example_dags/example_latest_only.py took 0.099 seconds
[2023-06-09T06:02:04.295+0000] {processor.py:157} INFO - Started process (PID=545) to work on /home/airflow/.local/lib/python3.7/site-packages/airflow/example_dags/example_latest_only.py
[2023-06-09T06:02:04.296+0000] {processor.py:826} INFO - Processing file /home/airflow/.local/lib/python3.7/site-packages/airflow/example_dags/example_latest_only.py for tasks to queue
[2023-06-09T06:02:04.297+0000] {logging_mixin.py:149} INFO - [2023-06-09T06:02:04.297+0000] {dagbag.py:541} INFO - Filling up the DagBag from /home/airflow/.local/lib/python3.7/site-packages/airflow/example_dags/example_latest_only.py
[2023-06-09T06:02:04.303+0000] {processor.py:836} INFO - DAG(s) dict_keys(['latest_only']) retrieved from /home/airflow/.local/lib/python3.7/site-packages/airflow/example_dags/example_latest_only.py
[2023-06-09T06:02:04.333+0000] {logging_mixin.py:149} INFO - [2023-06-09T06:02:04.333+0000] {dag.py:2726} INFO - Sync 1 DAGs
[2023-06-09T06:02:04.367+0000] {logging_mixin.py:149} INFO - [2023-06-09T06:02:04.366+0000] {dag.py:3490} INFO - Setting next_dagrun for latest_only to 2023-06-09T02:02:04.366672+00:00, run_after=2023-06-09T06:02:04.366672+00:00
[2023-06-09T06:02:04.390+0000] {processor.py:179} INFO - Processing /home/airflow/.local/lib/python3.7/site-packages/airflow/example_dags/example_latest_only.py took 0.099 seconds
[2023-06-09T06:02:34.828+0000] {processor.py:157} INFO - Started process (PID=599) to work on /home/airflow/.local/lib/python3.7/site-packages/airflow/example_dags/example_latest_only.py
[2023-06-09T06:02:34.829+0000] {processor.py:826} INFO - Processing file /home/airflow/.local/lib/python3.7/site-packages/airflow/example_dags/example_latest_only.py for tasks to queue
[2023-06-09T06:02:34.830+0000] {logging_mixin.py:149} INFO - [2023-06-09T06:02:34.830+0000] {dagbag.py:541} INFO - Filling up the DagBag from /home/airflow/.local/lib/python3.7/site-packages/airflow/example_dags/example_latest_only.py
[2023-06-09T06:02:34.837+0000] {processor.py:836} INFO - DAG(s) dict_keys(['latest_only']) retrieved from /home/airflow/.local/lib/python3.7/site-packages/airflow/example_dags/example_latest_only.py
[2023-06-09T06:02:34.866+0000] {logging_mixin.py:149} INFO - [2023-06-09T06:02:34.866+0000] {dag.py:2726} INFO - Sync 1 DAGs
[2023-06-09T06:02:34.899+0000] {logging_mixin.py:149} INFO - [2023-06-09T06:02:34.899+0000] {dag.py:3490} INFO - Setting next_dagrun for latest_only to 2023-06-09T02:02:34.899382+00:00, run_after=2023-06-09T06:02:34.899382+00:00
[2023-06-09T06:02:34.923+0000] {processor.py:179} INFO - Processing /home/airflow/.local/lib/python3.7/site-packages/airflow/example_dags/example_latest_only.py took 0.099 seconds
[2023-06-09T06:03:05.454+0000] {processor.py:157} INFO - Started process (PID=652) to work on /home/airflow/.local/lib/python3.7/site-packages/airflow/example_dags/example_latest_only.py
[2023-06-09T06:03:05.455+0000] {processor.py:826} INFO - Processing file /home/airflow/.local/lib/python3.7/site-packages/airflow/example_dags/example_latest_only.py for tasks to queue
[2023-06-09T06:03:05.456+0000] {logging_mixin.py:149} INFO - [2023-06-09T06:03:05.456+0000] {dagbag.py:541} INFO - Filling up the DagBag from /home/airflow/.local/lib/python3.7/site-packages/airflow/example_dags/example_latest_only.py
[2023-06-09T06:03:05.462+0000] {processor.py:836} INFO - DAG(s) dict_keys(['latest_only']) retrieved from /home/airflow/.local/lib/python3.7/site-packages/airflow/example_dags/example_latest_only.py
[2023-06-09T06:03:05.496+0000] {logging_mixin.py:149} INFO - [2023-06-09T06:03:05.496+0000] {dag.py:2726} INFO - Sync 1 DAGs
[2023-06-09T06:03:05.529+0000] {logging_mixin.py:149} INFO - [2023-06-09T06:03:05.529+0000] {dag.py:3490} INFO - Setting next_dagrun for latest_only to 2023-06-09T02:03:05.528855+00:00, run_after=2023-06-09T06:03:05.528855+00:00
[2023-06-09T06:03:05.551+0000] {processor.py:179} INFO - Processing /home/airflow/.local/lib/python3.7/site-packages/airflow/example_dags/example_latest_only.py took 0.101 seconds
[2023-06-09T06:03:36.113+0000] {processor.py:157} INFO - Started process (PID=707) to work on /home/airflow/.local/lib/python3.7/site-packages/airflow/example_dags/example_latest_only.py
[2023-06-09T06:03:36.120+0000] {processor.py:826} INFO - Processing file /home/airflow/.local/lib/python3.7/site-packages/airflow/example_dags/example_latest_only.py for tasks to queue
[2023-06-09T06:03:36.121+0000] {logging_mixin.py:149} INFO - [2023-06-09T06:03:36.121+0000] {dagbag.py:541} INFO - Filling up the DagBag from /home/airflow/.local/lib/python3.7/site-packages/airflow/example_dags/example_latest_only.py
[2023-06-09T06:03:36.127+0000] {processor.py:836} INFO - DAG(s) dict_keys(['latest_only']) retrieved from /home/airflow/.local/lib/python3.7/site-packages/airflow/example_dags/example_latest_only.py
[2023-06-09T06:03:36.156+0000] {logging_mixin.py:149} INFO - [2023-06-09T06:03:36.156+0000] {dag.py:2726} INFO - Sync 1 DAGs
[2023-06-09T06:03:36.190+0000] {logging_mixin.py:149} INFO - [2023-06-09T06:03:36.190+0000] {dag.py:3490} INFO - Setting next_dagrun for latest_only to 2023-06-09T02:03:36.189949+00:00, run_after=2023-06-09T06:03:36.189949+00:00
[2023-06-09T06:03:36.213+0000] {processor.py:179} INFO - Processing /home/airflow/.local/lib/python3.7/site-packages/airflow/example_dags/example_latest_only.py took 0.106 seconds
[2023-06-09T06:04:06.888+0000] {processor.py:157} INFO - Started process (PID=760) to work on /home/airflow/.local/lib/python3.7/site-packages/airflow/example_dags/example_latest_only.py
[2023-06-09T06:04:06.889+0000] {processor.py:826} INFO - Processing file /home/airflow/.local/lib/python3.7/site-packages/airflow/example_dags/example_latest_only.py for tasks to queue
[2023-06-09T06:04:06.890+0000] {logging_mixin.py:149} INFO - [2023-06-09T06:04:06.889+0000] {dagbag.py:541} INFO - Filling up the DagBag from /home/airflow/.local/lib/python3.7/site-packages/airflow/example_dags/example_latest_only.py
[2023-06-09T06:04:06.896+0000] {processor.py:836} INFO - DAG(s) dict_keys(['latest_only']) retrieved from /home/airflow/.local/lib/python3.7/site-packages/airflow/example_dags/example_latest_only.py
[2023-06-09T06:04:06.925+0000] {logging_mixin.py:149} INFO - [2023-06-09T06:04:06.925+0000] {dag.py:2726} INFO - Sync 1 DAGs
[2023-06-09T06:04:06.959+0000] {logging_mixin.py:149} INFO - [2023-06-09T06:04:06.958+0000] {dag.py:3490} INFO - Setting next_dagrun for latest_only to 2023-06-09T02:04:06.958686+00:00, run_after=2023-06-09T06:04:06.958686+00:00
[2023-06-09T06:04:06.983+0000] {processor.py:179} INFO - Processing /home/airflow/.local/lib/python3.7/site-packages/airflow/example_dags/example_latest_only.py took 0.100 seconds
[2023-06-09T06:04:37.302+0000] {processor.py:157} INFO - Started process (PID=813) to work on /home/airflow/.local/lib/python3.7/site-packages/airflow/example_dags/example_latest_only.py
[2023-06-09T06:04:37.304+0000] {processor.py:826} INFO - Processing file /home/airflow/.local/lib/python3.7/site-packages/airflow/example_dags/example_latest_only.py for tasks to queue
[2023-06-09T06:04:37.305+0000] {logging_mixin.py:149} INFO - [2023-06-09T06:04:37.305+0000] {dagbag.py:541} INFO - Filling up the DagBag from /home/airflow/.local/lib/python3.7/site-packages/airflow/example_dags/example_latest_only.py
[2023-06-09T06:04:37.311+0000] {processor.py:836} INFO - DAG(s) dict_keys(['latest_only']) retrieved from /home/airflow/.local/lib/python3.7/site-packages/airflow/example_dags/example_latest_only.py
[2023-06-09T06:04:37.341+0000] {logging_mixin.py:149} INFO - [2023-06-09T06:04:37.341+0000] {dag.py:2726} INFO - Sync 1 DAGs
[2023-06-09T06:04:37.379+0000] {logging_mixin.py:149} INFO - [2023-06-09T06:04:37.379+0000] {dag.py:3490} INFO - Setting next_dagrun for latest_only to 2023-06-09T02:04:37.379422+00:00, run_after=2023-06-09T06:04:37.379422+00:00
[2023-06-09T06:04:37.404+0000] {processor.py:179} INFO - Processing /home/airflow/.local/lib/python3.7/site-packages/airflow/example_dags/example_latest_only.py took 0.105 seconds
[2023-06-09T06:05:07.540+0000] {processor.py:157} INFO - Started process (PID=867) to work on /home/airflow/.local/lib/python3.7/site-packages/airflow/example_dags/example_latest_only.py
[2023-06-09T06:05:07.541+0000] {processor.py:826} INFO - Processing file /home/airflow/.local/lib/python3.7/site-packages/airflow/example_dags/example_latest_only.py for tasks to queue
[2023-06-09T06:05:07.542+0000] {logging_mixin.py:149} INFO - [2023-06-09T06:05:07.542+0000] {dagbag.py:541} INFO - Filling up the DagBag from /home/airflow/.local/lib/python3.7/site-packages/airflow/example_dags/example_latest_only.py
[2023-06-09T06:05:07.549+0000] {processor.py:836} INFO - DAG(s) dict_keys(['latest_only']) retrieved from /home/airflow/.local/lib/python3.7/site-packages/airflow/example_dags/example_latest_only.py
[2023-06-09T06:05:07.580+0000] {logging_mixin.py:149} INFO - [2023-06-09T06:05:07.580+0000] {dag.py:2726} INFO - Sync 1 DAGs
[2023-06-09T06:05:07.616+0000] {logging_mixin.py:149} INFO - [2023-06-09T06:05:07.615+0000] {dag.py:3490} INFO - Setting next_dagrun for latest_only to 2023-06-09T02:05:07.615609+00:00, run_after=2023-06-09T06:05:07.615609+00:00
[2023-06-09T06:05:07.639+0000] {processor.py:179} INFO - Processing /home/airflow/.local/lib/python3.7/site-packages/airflow/example_dags/example_latest_only.py took 0.104 seconds
[2023-06-09T06:05:37.801+0000] {processor.py:157} INFO - Started process (PID=921) to work on /home/airflow/.local/lib/python3.7/site-packages/airflow/example_dags/example_latest_only.py
[2023-06-09T06:05:37.802+0000] {processor.py:826} INFO - Processing file /home/airflow/.local/lib/python3.7/site-packages/airflow/example_dags/example_latest_only.py for tasks to queue
[2023-06-09T06:05:37.803+0000] {logging_mixin.py:149} INFO - [2023-06-09T06:05:37.802+0000] {dagbag.py:541} INFO - Filling up the DagBag from /home/airflow/.local/lib/python3.7/site-packages/airflow/example_dags/example_latest_only.py
[2023-06-09T06:05:37.810+0000] {processor.py:836} INFO - DAG(s) dict_keys(['latest_only']) retrieved from /home/airflow/.local/lib/python3.7/site-packages/airflow/example_dags/example_latest_only.py
[2023-06-09T06:05:37.840+0000] {logging_mixin.py:149} INFO - [2023-06-09T06:05:37.840+0000] {dag.py:2726} INFO - Sync 1 DAGs
[2023-06-09T06:05:37.874+0000] {logging_mixin.py:149} INFO - [2023-06-09T06:05:37.874+0000] {dag.py:3490} INFO - Setting next_dagrun for latest_only to 2023-06-09T02:05:37.873763+00:00, run_after=2023-06-09T06:05:37.873763+00:00
[2023-06-09T06:05:37.898+0000] {processor.py:179} INFO - Processing /home/airflow/.local/lib/python3.7/site-packages/airflow/example_dags/example_latest_only.py took 0.101 seconds
[2023-06-09T06:06:08.517+0000] {processor.py:157} INFO - Started process (PID=974) to work on /home/airflow/.local/lib/python3.7/site-packages/airflow/example_dags/example_latest_only.py
[2023-06-09T06:06:08.519+0000] {processor.py:826} INFO - Processing file /home/airflow/.local/lib/python3.7/site-packages/airflow/example_dags/example_latest_only.py for tasks to queue
[2023-06-09T06:06:08.519+0000] {logging_mixin.py:149} INFO - [2023-06-09T06:06:08.519+0000] {dagbag.py:541} INFO - Filling up the DagBag from /home/airflow/.local/lib/python3.7/site-packages/airflow/example_dags/example_latest_only.py
[2023-06-09T06:06:08.526+0000] {processor.py:836} INFO - DAG(s) dict_keys(['latest_only']) retrieved from /home/airflow/.local/lib/python3.7/site-packages/airflow/example_dags/example_latest_only.py
[2023-06-09T06:06:08.557+0000] {logging_mixin.py:149} INFO - [2023-06-09T06:06:08.557+0000] {dag.py:2726} INFO - Sync 1 DAGs
[2023-06-09T06:06:08.591+0000] {logging_mixin.py:149} INFO - [2023-06-09T06:06:08.591+0000] {dag.py:3490} INFO - Setting next_dagrun for latest_only to 2023-06-09T02:06:08.591250+00:00, run_after=2023-06-09T06:06:08.591250+00:00
[2023-06-09T06:06:08.615+0000] {processor.py:179} INFO - Processing /home/airflow/.local/lib/python3.7/site-packages/airflow/example_dags/example_latest_only.py took 0.102 seconds
[2023-06-09T06:06:39.070+0000] {processor.py:157} INFO - Started process (PID=1027) to work on /home/airflow/.local/lib/python3.7/site-packages/airflow/example_dags/example_latest_only.py
[2023-06-09T06:06:39.071+0000] {processor.py:826} INFO - Processing file /home/airflow/.local/lib/python3.7/site-packages/airflow/example_dags/example_latest_only.py for tasks to queue
[2023-06-09T06:06:39.072+0000] {logging_mixin.py:149} INFO - [2023-06-09T06:06:39.072+0000] {dagbag.py:541} INFO - Filling up the DagBag from /home/airflow/.local/lib/python3.7/site-packages/airflow/example_dags/example_latest_only.py
[2023-06-09T06:06:39.078+0000] {processor.py:836} INFO - DAG(s) dict_keys(['latest_only']) retrieved from /home/airflow/.local/lib/python3.7/site-packages/airflow/example_dags/example_latest_only.py
[2023-06-09T06:06:39.112+0000] {logging_mixin.py:149} INFO - [2023-06-09T06:06:39.112+0000] {dag.py:2726} INFO - Sync 1 DAGs
[2023-06-09T06:06:39.146+0000] {logging_mixin.py:149} INFO - [2023-06-09T06:06:39.146+0000] {dag.py:3490} INFO - Setting next_dagrun for latest_only to 2023-06-09T02:06:39.146278+00:00, run_after=2023-06-09T06:06:39.146278+00:00
[2023-06-09T06:06:39.172+0000] {processor.py:179} INFO - Processing /home/airflow/.local/lib/python3.7/site-packages/airflow/example_dags/example_latest_only.py took 0.106 seconds
[2023-06-09T06:07:09.555+0000] {processor.py:157} INFO - Started process (PID=1082) to work on /home/airflow/.local/lib/python3.7/site-packages/airflow/example_dags/example_latest_only.py
[2023-06-09T06:07:09.556+0000] {processor.py:826} INFO - Processing file /home/airflow/.local/lib/python3.7/site-packages/airflow/example_dags/example_latest_only.py for tasks to queue
[2023-06-09T06:07:09.557+0000] {logging_mixin.py:149} INFO - [2023-06-09T06:07:09.557+0000] {dagbag.py:541} INFO - Filling up the DagBag from /home/airflow/.local/lib/python3.7/site-packages/airflow/example_dags/example_latest_only.py
[2023-06-09T06:07:09.563+0000] {processor.py:836} INFO - DAG(s) dict_keys(['latest_only']) retrieved from /home/airflow/.local/lib/python3.7/site-packages/airflow/example_dags/example_latest_only.py
[2023-06-09T06:07:09.593+0000] {logging_mixin.py:149} INFO - [2023-06-09T06:07:09.593+0000] {dag.py:2726} INFO - Sync 1 DAGs
[2023-06-09T06:07:09.627+0000] {logging_mixin.py:149} INFO - [2023-06-09T06:07:09.627+0000] {dag.py:3490} INFO - Setting next_dagrun for latest_only to 2023-06-09T02:07:09.627033+00:00, run_after=2023-06-09T06:07:09.627033+00:00
[2023-06-09T06:07:09.650+0000] {processor.py:179} INFO - Processing /home/airflow/.local/lib/python3.7/site-packages/airflow/example_dags/example_latest_only.py took 0.099 seconds
[2023-06-09T06:07:40.116+0000] {processor.py:157} INFO - Started process (PID=1136) to work on /home/airflow/.local/lib/python3.7/site-packages/airflow/example_dags/example_latest_only.py
[2023-06-09T06:07:40.117+0000] {processor.py:826} INFO - Processing file /home/airflow/.local/lib/python3.7/site-packages/airflow/example_dags/example_latest_only.py for tasks to queue
[2023-06-09T06:07:40.118+0000] {logging_mixin.py:149} INFO - [2023-06-09T06:07:40.117+0000] {dagbag.py:541} INFO - Filling up the DagBag from /home/airflow/.local/lib/python3.7/site-packages/airflow/example_dags/example_latest_only.py
[2023-06-09T06:07:40.129+0000] {processor.py:836} INFO - DAG(s) dict_keys(['latest_only']) retrieved from /home/airflow/.local/lib/python3.7/site-packages/airflow/example_dags/example_latest_only.py
[2023-06-09T06:07:40.157+0000] {logging_mixin.py:149} INFO - [2023-06-09T06:07:40.157+0000] {dag.py:2726} INFO - Sync 1 DAGs
[2023-06-09T06:07:40.190+0000] {logging_mixin.py:149} INFO - [2023-06-09T06:07:40.190+0000] {dag.py:3490} INFO - Setting next_dagrun for latest_only to 2023-06-09T02:07:40.189864+00:00, run_after=2023-06-09T06:07:40.189864+00:00
[2023-06-09T06:07:40.213+0000] {processor.py:179} INFO - Processing /home/airflow/.local/lib/python3.7/site-packages/airflow/example_dags/example_latest_only.py took 0.101 seconds
[2023-06-09T06:08:10.931+0000] {processor.py:157} INFO - Started process (PID=1189) to work on /home/airflow/.local/lib/python3.7/site-packages/airflow/example_dags/example_latest_only.py
[2023-06-09T06:08:10.933+0000] {processor.py:826} INFO - Processing file /home/airflow/.local/lib/python3.7/site-packages/airflow/example_dags/example_latest_only.py for tasks to queue
[2023-06-09T06:08:10.936+0000] {logging_mixin.py:149} INFO - [2023-06-09T06:08:10.936+0000] {dagbag.py:541} INFO - Filling up the DagBag from /home/airflow/.local/lib/python3.7/site-packages/airflow/example_dags/example_latest_only.py
[2023-06-09T06:08:10.947+0000] {processor.py:836} INFO - DAG(s) dict_keys(['latest_only']) retrieved from /home/airflow/.local/lib/python3.7/site-packages/airflow/example_dags/example_latest_only.py
[2023-06-09T06:08:10.975+0000] {logging_mixin.py:149} INFO - [2023-06-09T06:08:10.975+0000] {dag.py:2726} INFO - Sync 1 DAGs
[2023-06-09T06:08:11.008+0000] {logging_mixin.py:149} INFO - [2023-06-09T06:08:11.008+0000] {dag.py:3490} INFO - Setting next_dagrun for latest_only to 2023-06-09T02:08:11.008460+00:00, run_after=2023-06-09T06:08:11.008460+00:00
[2023-06-09T06:08:11.032+0000] {processor.py:179} INFO - Processing /home/airflow/.local/lib/python3.7/site-packages/airflow/example_dags/example_latest_only.py took 0.106 seconds
[2023-06-09T06:08:41.327+0000] {processor.py:157} INFO - Started process (PID=1243) to work on /home/airflow/.local/lib/python3.7/site-packages/airflow/example_dags/example_latest_only.py
[2023-06-09T06:08:41.328+0000] {processor.py:826} INFO - Processing file /home/airflow/.local/lib/python3.7/site-packages/airflow/example_dags/example_latest_only.py for tasks to queue
[2023-06-09T06:08:41.329+0000] {logging_mixin.py:149} INFO - [2023-06-09T06:08:41.329+0000] {dagbag.py:541} INFO - Filling up the DagBag from /home/airflow/.local/lib/python3.7/site-packages/airflow/example_dags/example_latest_only.py
[2023-06-09T06:08:41.341+0000] {processor.py:836} INFO - DAG(s) dict_keys(['latest_only']) retrieved from /home/airflow/.local/lib/python3.7/site-packages/airflow/example_dags/example_latest_only.py
[2023-06-09T06:08:41.370+0000] {logging_mixin.py:149} INFO - [2023-06-09T06:08:41.370+0000] {dag.py:2726} INFO - Sync 1 DAGs
[2023-06-09T06:08:41.404+0000] {logging_mixin.py:149} INFO - [2023-06-09T06:08:41.404+0000] {dag.py:3490} INFO - Setting next_dagrun for latest_only to 2023-06-09T02:08:41.404343+00:00, run_after=2023-06-09T06:08:41.404343+00:00
[2023-06-09T06:08:41.428+0000] {processor.py:179} INFO - Processing /home/airflow/.local/lib/python3.7/site-packages/airflow/example_dags/example_latest_only.py took 0.105 seconds
[2023-06-09T06:09:11.648+0000] {processor.py:157} INFO - Started process (PID=1296) to work on /home/airflow/.local/lib/python3.7/site-packages/airflow/example_dags/example_latest_only.py
[2023-06-09T06:09:11.650+0000] {processor.py:826} INFO - Processing file /home/airflow/.local/lib/python3.7/site-packages/airflow/example_dags/example_latest_only.py for tasks to queue
[2023-06-09T06:09:11.651+0000] {logging_mixin.py:149} INFO - [2023-06-09T06:09:11.650+0000] {dagbag.py:541} INFO - Filling up the DagBag from /home/airflow/.local/lib/python3.7/site-packages/airflow/example_dags/example_latest_only.py
[2023-06-09T06:09:11.660+0000] {processor.py:836} INFO - DAG(s) dict_keys(['latest_only']) retrieved from /home/airflow/.local/lib/python3.7/site-packages/airflow/example_dags/example_latest_only.py
[2023-06-09T06:09:11.721+0000] {logging_mixin.py:149} INFO - [2023-06-09T06:09:11.721+0000] {dag.py:2726} INFO - Sync 1 DAGs
[2023-06-09T06:09:11.755+0000] {logging_mixin.py:149} INFO - [2023-06-09T06:09:11.755+0000] {dag.py:3490} INFO - Setting next_dagrun for latest_only to 2023-06-09T02:09:11.755299+00:00, run_after=2023-06-09T06:09:11.755299+00:00
[2023-06-09T06:09:11.779+0000] {processor.py:179} INFO - Processing /home/airflow/.local/lib/python3.7/site-packages/airflow/example_dags/example_latest_only.py took 0.143 seconds
[2023-06-09T06:09:42.642+0000] {processor.py:157} INFO - Started process (PID=1351) to work on /home/airflow/.local/lib/python3.7/site-packages/airflow/example_dags/example_latest_only.py
[2023-06-09T06:09:42.643+0000] {processor.py:826} INFO - Processing file /home/airflow/.local/lib/python3.7/site-packages/airflow/example_dags/example_latest_only.py for tasks to queue
[2023-06-09T06:09:42.644+0000] {logging_mixin.py:149} INFO - [2023-06-09T06:09:42.644+0000] {dagbag.py:541} INFO - Filling up the DagBag from /home/airflow/.local/lib/python3.7/site-packages/airflow/example_dags/example_latest_only.py
[2023-06-09T06:09:42.654+0000] {processor.py:836} INFO - DAG(s) dict_keys(['latest_only']) retrieved from /home/airflow/.local/lib/python3.7/site-packages/airflow/example_dags/example_latest_only.py
[2023-06-09T06:09:42.684+0000] {logging_mixin.py:149} INFO - [2023-06-09T06:09:42.684+0000] {dag.py:2726} INFO - Sync 1 DAGs
[2023-06-09T06:09:42.720+0000] {logging_mixin.py:149} INFO - [2023-06-09T06:09:42.720+0000] {dag.py:3490} INFO - Setting next_dagrun for latest_only to 2023-06-09T02:09:42.719735+00:00, run_after=2023-06-09T06:09:42.719735+00:00
[2023-06-09T06:09:42.743+0000] {processor.py:179} INFO - Processing /home/airflow/.local/lib/python3.7/site-packages/airflow/example_dags/example_latest_only.py took 0.106 seconds
[2023-06-09T06:10:13.019+0000] {processor.py:157} INFO - Started process (PID=1405) to work on /home/airflow/.local/lib/python3.7/site-packages/airflow/example_dags/example_latest_only.py
[2023-06-09T06:10:13.021+0000] {processor.py:826} INFO - Processing file /home/airflow/.local/lib/python3.7/site-packages/airflow/example_dags/example_latest_only.py for tasks to queue
[2023-06-09T06:10:13.021+0000] {logging_mixin.py:149} INFO - [2023-06-09T06:10:13.021+0000] {dagbag.py:541} INFO - Filling up the DagBag from /home/airflow/.local/lib/python3.7/site-packages/airflow/example_dags/example_latest_only.py
[2023-06-09T06:10:13.033+0000] {processor.py:836} INFO - DAG(s) dict_keys(['latest_only']) retrieved from /home/airflow/.local/lib/python3.7/site-packages/airflow/example_dags/example_latest_only.py
[2023-06-09T06:10:13.062+0000] {logging_mixin.py:149} INFO - [2023-06-09T06:10:13.062+0000] {dag.py:2726} INFO - Sync 1 DAGs
[2023-06-09T06:10:13.096+0000] {logging_mixin.py:149} INFO - [2023-06-09T06:10:13.095+0000] {dag.py:3490} INFO - Setting next_dagrun for latest_only to 2023-06-09T02:10:13.095651+00:00, run_after=2023-06-09T06:10:13.095651+00:00
[2023-06-09T06:10:13.120+0000] {processor.py:179} INFO - Processing /home/airflow/.local/lib/python3.7/site-packages/airflow/example_dags/example_latest_only.py took 0.105 seconds
[2023-06-09T06:10:43.473+0000] {processor.py:157} INFO - Started process (PID=1458) to work on /home/airflow/.local/lib/python3.7/site-packages/airflow/example_dags/example_latest_only.py
[2023-06-09T06:10:43.474+0000] {processor.py:826} INFO - Processing file /home/airflow/.local/lib/python3.7/site-packages/airflow/example_dags/example_latest_only.py for tasks to queue
[2023-06-09T06:10:43.474+0000] {logging_mixin.py:149} INFO - [2023-06-09T06:10:43.474+0000] {dagbag.py:541} INFO - Filling up the DagBag from /home/airflow/.local/lib/python3.7/site-packages/airflow/example_dags/example_latest_only.py
[2023-06-09T06:10:43.481+0000] {processor.py:836} INFO - DAG(s) dict_keys(['latest_only']) retrieved from /home/airflow/.local/lib/python3.7/site-packages/airflow/example_dags/example_latest_only.py
[2023-06-09T06:10:43.512+0000] {logging_mixin.py:149} INFO - [2023-06-09T06:10:43.512+0000] {dag.py:2726} INFO - Sync 1 DAGs
[2023-06-09T06:10:43.546+0000] {logging_mixin.py:149} INFO - [2023-06-09T06:10:43.546+0000] {dag.py:3490} INFO - Setting next_dagrun for latest_only to 2023-06-09T02:10:43.546173+00:00, run_after=2023-06-09T06:10:43.546173+00:00
[2023-06-09T06:10:43.570+0000] {processor.py:179} INFO - Processing /home/airflow/.local/lib/python3.7/site-packages/airflow/example_dags/example_latest_only.py took 0.101 seconds
[2023-06-09T06:11:13.834+0000] {processor.py:157} INFO - Started process (PID=1511) to work on /home/airflow/.local/lib/python3.7/site-packages/airflow/example_dags/example_latest_only.py
[2023-06-09T06:11:13.837+0000] {processor.py:826} INFO - Processing file /home/airflow/.local/lib/python3.7/site-packages/airflow/example_dags/example_latest_only.py for tasks to queue
[2023-06-09T06:11:13.838+0000] {logging_mixin.py:149} INFO - [2023-06-09T06:11:13.837+0000] {dagbag.py:541} INFO - Filling up the DagBag from /home/airflow/.local/lib/python3.7/site-packages/airflow/example_dags/example_latest_only.py
[2023-06-09T06:11:13.844+0000] {processor.py:836} INFO - DAG(s) dict_keys(['latest_only']) retrieved from /home/airflow/.local/lib/python3.7/site-packages/airflow/example_dags/example_latest_only.py
[2023-06-09T06:11:13.873+0000] {logging_mixin.py:149} INFO - [2023-06-09T06:11:13.873+0000] {dag.py:2726} INFO - Sync 1 DAGs
[2023-06-09T06:11:13.907+0000] {logging_mixin.py:149} INFO - [2023-06-09T06:11:13.906+0000] {dag.py:3490} INFO - Setting next_dagrun for latest_only to 2023-06-09T02:11:13.906629+00:00, run_after=2023-06-09T06:11:13.906629+00:00
[2023-06-09T06:11:13.931+0000] {processor.py:179} INFO - Processing /home/airflow/.local/lib/python3.7/site-packages/airflow/example_dags/example_latest_only.py took 0.101 seconds
[2023-06-09T06:11:44.388+0000] {processor.py:157} INFO - Started process (PID=1565) to work on /home/airflow/.local/lib/python3.7/site-packages/airflow/example_dags/example_latest_only.py
[2023-06-09T06:11:44.389+0000] {processor.py:826} INFO - Processing file /home/airflow/.local/lib/python3.7/site-packages/airflow/example_dags/example_latest_only.py for tasks to queue
[2023-06-09T06:11:44.390+0000] {logging_mixin.py:149} INFO - [2023-06-09T06:11:44.390+0000] {dagbag.py:541} INFO - Filling up the DagBag from /home/airflow/.local/lib/python3.7/site-packages/airflow/example_dags/example_latest_only.py
[2023-06-09T06:11:44.397+0000] {processor.py:836} INFO - DAG(s) dict_keys(['latest_only']) retrieved from /home/airflow/.local/lib/python3.7/site-packages/airflow/example_dags/example_latest_only.py
[2023-06-09T06:11:44.427+0000] {logging_mixin.py:149} INFO - [2023-06-09T06:11:44.426+0000] {dag.py:2726} INFO - Sync 1 DAGs
[2023-06-09T06:11:44.460+0000] {logging_mixin.py:149} INFO - [2023-06-09T06:11:44.460+0000] {dag.py:3490} INFO - Setting next_dagrun for latest_only to 2023-06-09T02:11:44.460464+00:00, run_after=2023-06-09T06:11:44.460464+00:00
[2023-06-09T06:11:44.484+0000] {processor.py:179} INFO - Processing /home/airflow/.local/lib/python3.7/site-packages/airflow/example_dags/example_latest_only.py took 0.102 seconds
[2023-06-09T06:12:14.673+0000] {processor.py:157} INFO - Started process (PID=1620) to work on /home/airflow/.local/lib/python3.7/site-packages/airflow/example_dags/example_latest_only.py
[2023-06-09T06:12:14.674+0000] {processor.py:826} INFO - Processing file /home/airflow/.local/lib/python3.7/site-packages/airflow/example_dags/example_latest_only.py for tasks to queue
[2023-06-09T06:12:14.675+0000] {logging_mixin.py:149} INFO - [2023-06-09T06:12:14.675+0000] {dagbag.py:541} INFO - Filling up the DagBag from /home/airflow/.local/lib/python3.7/site-packages/airflow/example_dags/example_latest_only.py
[2023-06-09T06:12:14.681+0000] {processor.py:836} INFO - DAG(s) dict_keys(['latest_only']) retrieved from /home/airflow/.local/lib/python3.7/site-packages/airflow/example_dags/example_latest_only.py
[2023-06-09T06:12:14.716+0000] {logging_mixin.py:149} INFO - [2023-06-09T06:12:14.716+0000] {dag.py:2726} INFO - Sync 1 DAGs
[2023-06-09T06:12:14.750+0000] {logging_mixin.py:149} INFO - [2023-06-09T06:12:14.750+0000] {dag.py:3490} INFO - Setting next_dagrun for latest_only to 2023-06-09T02:12:14.749896+00:00, run_after=2023-06-09T06:12:14.749896+00:00
[2023-06-09T06:12:14.774+0000] {processor.py:179} INFO - Processing /home/airflow/.local/lib/python3.7/site-packages/airflow/example_dags/example_latest_only.py took 0.104 seconds
[2023-06-09T06:12:45.528+0000] {processor.py:157} INFO - Started process (PID=1674) to work on /home/airflow/.local/lib/python3.7/site-packages/airflow/example_dags/example_latest_only.py
[2023-06-09T06:12:45.529+0000] {processor.py:826} INFO - Processing file /home/airflow/.local/lib/python3.7/site-packages/airflow/example_dags/example_latest_only.py for tasks to queue
[2023-06-09T06:12:45.530+0000] {logging_mixin.py:149} INFO - [2023-06-09T06:12:45.530+0000] {dagbag.py:541} INFO - Filling up the DagBag from /home/airflow/.local/lib/python3.7/site-packages/airflow/example_dags/example_latest_only.py
[2023-06-09T06:12:45.540+0000] {processor.py:836} INFO - DAG(s) dict_keys(['latest_only']) retrieved from /home/airflow/.local/lib/python3.7/site-packages/airflow/example_dags/example_latest_only.py
[2023-06-09T06:12:45.569+0000] {logging_mixin.py:149} INFO - [2023-06-09T06:12:45.569+0000] {dag.py:2726} INFO - Sync 1 DAGs
[2023-06-09T06:12:45.602+0000] {logging_mixin.py:149} INFO - [2023-06-09T06:12:45.602+0000] {dag.py:3490} INFO - Setting next_dagrun for latest_only to 2023-06-09T02:12:45.602193+00:00, run_after=2023-06-09T06:12:45.602193+00:00
[2023-06-09T06:12:45.627+0000] {processor.py:179} INFO - Processing /home/airflow/.local/lib/python3.7/site-packages/airflow/example_dags/example_latest_only.py took 0.103 seconds
[2023-06-09T06:13:15.908+0000] {processor.py:157} INFO - Started process (PID=1728) to work on /home/airflow/.local/lib/python3.7/site-packages/airflow/example_dags/example_latest_only.py
[2023-06-09T06:13:15.909+0000] {processor.py:826} INFO - Processing file /home/airflow/.local/lib/python3.7/site-packages/airflow/example_dags/example_latest_only.py for tasks to queue
[2023-06-09T06:13:15.909+0000] {logging_mixin.py:149} INFO - [2023-06-09T06:13:15.909+0000] {dagbag.py:541} INFO - Filling up the DagBag from /home/airflow/.local/lib/python3.7/site-packages/airflow/example_dags/example_latest_only.py
[2023-06-09T06:13:15.919+0000] {processor.py:836} INFO - DAG(s) dict_keys(['latest_only']) retrieved from /home/airflow/.local/lib/python3.7/site-packages/airflow/example_dags/example_latest_only.py
[2023-06-09T06:13:15.947+0000] {logging_mixin.py:149} INFO - [2023-06-09T06:13:15.947+0000] {dag.py:2726} INFO - Sync 1 DAGs
[2023-06-09T06:13:15.980+0000] {logging_mixin.py:149} INFO - [2023-06-09T06:13:15.980+0000] {dag.py:3490} INFO - Setting next_dagrun for latest_only to 2023-06-09T02:13:15.979900+00:00, run_after=2023-06-09T06:13:15.979900+00:00
[2023-06-09T06:13:16.004+0000] {processor.py:179} INFO - Processing /home/airflow/.local/lib/python3.7/site-packages/airflow/example_dags/example_latest_only.py took 0.100 seconds
[2023-06-09T06:13:46.376+0000] {processor.py:157} INFO - Started process (PID=1782) to work on /home/airflow/.local/lib/python3.7/site-packages/airflow/example_dags/example_latest_only.py
[2023-06-09T06:13:46.377+0000] {processor.py:826} INFO - Processing file /home/airflow/.local/lib/python3.7/site-packages/airflow/example_dags/example_latest_only.py for tasks to queue
[2023-06-09T06:13:46.378+0000] {logging_mixin.py:149} INFO - [2023-06-09T06:13:46.378+0000] {dagbag.py:541} INFO - Filling up the DagBag from /home/airflow/.local/lib/python3.7/site-packages/airflow/example_dags/example_latest_only.py
[2023-06-09T06:13:46.386+0000] {processor.py:836} INFO - DAG(s) dict_keys(['latest_only']) retrieved from /home/airflow/.local/lib/python3.7/site-packages/airflow/example_dags/example_latest_only.py
[2023-06-09T06:13:46.415+0000] {logging_mixin.py:149} INFO - [2023-06-09T06:13:46.415+0000] {dag.py:2726} INFO - Sync 1 DAGs
[2023-06-09T06:13:46.448+0000] {logging_mixin.py:149} INFO - [2023-06-09T06:13:46.448+0000] {dag.py:3490} INFO - Setting next_dagrun for latest_only to 2023-06-09T02:13:46.448346+00:00, run_after=2023-06-09T06:13:46.448346+00:00
[2023-06-09T06:13:46.472+0000] {processor.py:179} INFO - Processing /home/airflow/.local/lib/python3.7/site-packages/airflow/example_dags/example_latest_only.py took 0.100 seconds
[2023-06-09T06:14:17.178+0000] {processor.py:157} INFO - Started process (PID=1835) to work on /home/airflow/.local/lib/python3.7/site-packages/airflow/example_dags/example_latest_only.py
[2023-06-09T06:14:17.179+0000] {processor.py:826} INFO - Processing file /home/airflow/.local/lib/python3.7/site-packages/airflow/example_dags/example_latest_only.py for tasks to queue
[2023-06-09T06:14:17.179+0000] {logging_mixin.py:149} INFO - [2023-06-09T06:14:17.179+0000] {dagbag.py:541} INFO - Filling up the DagBag from /home/airflow/.local/lib/python3.7/site-packages/airflow/example_dags/example_latest_only.py
[2023-06-09T06:14:17.185+0000] {processor.py:836} INFO - DAG(s) dict_keys(['latest_only']) retrieved from /home/airflow/.local/lib/python3.7/site-packages/airflow/example_dags/example_latest_only.py
[2023-06-09T06:14:17.214+0000] {logging_mixin.py:149} INFO - [2023-06-09T06:14:17.214+0000] {dag.py:2726} INFO - Sync 1 DAGs
[2023-06-09T06:14:17.247+0000] {logging_mixin.py:149} INFO - [2023-06-09T06:14:17.247+0000] {dag.py:3490} INFO - Setting next_dagrun for latest_only to 2023-06-09T02:14:17.247256+00:00, run_after=2023-06-09T06:14:17.247256+00:00
[2023-06-09T06:14:17.272+0000] {processor.py:179} INFO - Processing /home/airflow/.local/lib/python3.7/site-packages/airflow/example_dags/example_latest_only.py took 0.098 seconds
[2023-06-09T06:14:47.660+0000] {processor.py:157} INFO - Started process (PID=1889) to work on /home/airflow/.local/lib/python3.7/site-packages/airflow/example_dags/example_latest_only.py
[2023-06-09T06:14:47.662+0000] {processor.py:826} INFO - Processing file /home/airflow/.local/lib/python3.7/site-packages/airflow/example_dags/example_latest_only.py for tasks to queue
[2023-06-09T06:14:47.663+0000] {logging_mixin.py:149} INFO - [2023-06-09T06:14:47.662+0000] {dagbag.py:541} INFO - Filling up the DagBag from /home/airflow/.local/lib/python3.7/site-packages/airflow/example_dags/example_latest_only.py
[2023-06-09T06:14:47.672+0000] {processor.py:836} INFO - DAG(s) dict_keys(['latest_only']) retrieved from /home/airflow/.local/lib/python3.7/site-packages/airflow/example_dags/example_latest_only.py
[2023-06-09T06:14:47.700+0000] {logging_mixin.py:149} INFO - [2023-06-09T06:14:47.700+0000] {dag.py:2726} INFO - Sync 1 DAGs
[2023-06-09T06:14:47.733+0000] {logging_mixin.py:149} INFO - [2023-06-09T06:14:47.732+0000] {dag.py:3490} INFO - Setting next_dagrun for latest_only to 2023-06-09T02:14:47.732598+00:00, run_after=2023-06-09T06:14:47.732598+00:00
[2023-06-09T06:14:47.755+0000] {processor.py:179} INFO - Processing /home/airflow/.local/lib/python3.7/site-packages/airflow/example_dags/example_latest_only.py took 0.100 seconds
[2023-06-09T06:15:18.365+0000] {processor.py:157} INFO - Started process (PID=1943) to work on /home/airflow/.local/lib/python3.7/site-packages/airflow/example_dags/example_latest_only.py
[2023-06-09T06:15:18.366+0000] {processor.py:826} INFO - Processing file /home/airflow/.local/lib/python3.7/site-packages/airflow/example_dags/example_latest_only.py for tasks to queue
[2023-06-09T06:15:18.367+0000] {logging_mixin.py:149} INFO - [2023-06-09T06:15:18.367+0000] {dagbag.py:541} INFO - Filling up the DagBag from /home/airflow/.local/lib/python3.7/site-packages/airflow/example_dags/example_latest_only.py
[2023-06-09T06:15:18.374+0000] {processor.py:836} INFO - DAG(s) dict_keys(['latest_only']) retrieved from /home/airflow/.local/lib/python3.7/site-packages/airflow/example_dags/example_latest_only.py
[2023-06-09T06:15:18.406+0000] {logging_mixin.py:149} INFO - [2023-06-09T06:15:18.406+0000] {dag.py:2726} INFO - Sync 1 DAGs
[2023-06-09T06:15:18.442+0000] {logging_mixin.py:149} INFO - [2023-06-09T06:15:18.442+0000] {dag.py:3490} INFO - Setting next_dagrun for latest_only to 2023-06-09T02:15:18.442024+00:00, run_after=2023-06-09T06:15:18.442024+00:00
[2023-06-09T06:15:18.465+0000] {processor.py:179} INFO - Processing /home/airflow/.local/lib/python3.7/site-packages/airflow/example_dags/example_latest_only.py took 0.103 seconds
[2023-06-09T06:15:49.177+0000] {processor.py:157} INFO - Started process (PID=1996) to work on /home/airflow/.local/lib/python3.7/site-packages/airflow/example_dags/example_latest_only.py
[2023-06-09T06:15:49.184+0000] {processor.py:826} INFO - Processing file /home/airflow/.local/lib/python3.7/site-packages/airflow/example_dags/example_latest_only.py for tasks to queue
[2023-06-09T06:15:49.185+0000] {logging_mixin.py:149} INFO - [2023-06-09T06:15:49.185+0000] {dagbag.py:541} INFO - Filling up the DagBag from /home/airflow/.local/lib/python3.7/site-packages/airflow/example_dags/example_latest_only.py
[2023-06-09T06:15:49.203+0000] {processor.py:836} INFO - DAG(s) dict_keys(['latest_only']) retrieved from /home/airflow/.local/lib/python3.7/site-packages/airflow/example_dags/example_latest_only.py
[2023-06-09T06:15:49.232+0000] {logging_mixin.py:149} INFO - [2023-06-09T06:15:49.232+0000] {dag.py:2726} INFO - Sync 1 DAGs
[2023-06-09T06:15:49.267+0000] {logging_mixin.py:149} INFO - [2023-06-09T06:15:49.267+0000] {dag.py:3490} INFO - Setting next_dagrun for latest_only to 2023-06-09T02:15:49.267259+00:00, run_after=2023-06-09T06:15:49.267259+00:00
[2023-06-09T06:15:49.291+0000] {processor.py:179} INFO - Processing /home/airflow/.local/lib/python3.7/site-packages/airflow/example_dags/example_latest_only.py took 0.123 seconds
[2023-06-09T06:16:19.461+0000] {processor.py:157} INFO - Started process (PID=2050) to work on /home/airflow/.local/lib/python3.7/site-packages/airflow/example_dags/example_latest_only.py
[2023-06-09T06:16:19.461+0000] {processor.py:826} INFO - Processing file /home/airflow/.local/lib/python3.7/site-packages/airflow/example_dags/example_latest_only.py for tasks to queue
[2023-06-09T06:16:19.462+0000] {logging_mixin.py:149} INFO - [2023-06-09T06:16:19.462+0000] {dagbag.py:541} INFO - Filling up the DagBag from /home/airflow/.local/lib/python3.7/site-packages/airflow/example_dags/example_latest_only.py
[2023-06-09T06:16:19.472+0000] {processor.py:836} INFO - DAG(s) dict_keys(['latest_only']) retrieved from /home/airflow/.local/lib/python3.7/site-packages/airflow/example_dags/example_latest_only.py
[2023-06-09T06:16:19.501+0000] {logging_mixin.py:149} INFO - [2023-06-09T06:16:19.501+0000] {dag.py:2726} INFO - Sync 1 DAGs
[2023-06-09T06:16:19.534+0000] {logging_mixin.py:149} INFO - [2023-06-09T06:16:19.534+0000] {dag.py:3490} INFO - Setting next_dagrun for latest_only to 2023-06-09T02:16:19.534068+00:00, run_after=2023-06-09T06:16:19.534068+00:00
[2023-06-09T06:16:19.560+0000] {processor.py:179} INFO - Processing /home/airflow/.local/lib/python3.7/site-packages/airflow/example_dags/example_latest_only.py took 0.104 seconds
[2023-06-09T06:16:49.938+0000] {processor.py:157} INFO - Started process (PID=2104) to work on /home/airflow/.local/lib/python3.7/site-packages/airflow/example_dags/example_latest_only.py
[2023-06-09T06:16:49.939+0000] {processor.py:826} INFO - Processing file /home/airflow/.local/lib/python3.7/site-packages/airflow/example_dags/example_latest_only.py for tasks to queue
[2023-06-09T06:16:49.940+0000] {logging_mixin.py:149} INFO - [2023-06-09T06:16:49.940+0000] {dagbag.py:541} INFO - Filling up the DagBag from /home/airflow/.local/lib/python3.7/site-packages/airflow/example_dags/example_latest_only.py
[2023-06-09T06:16:49.948+0000] {processor.py:836} INFO - DAG(s) dict_keys(['latest_only']) retrieved from /home/airflow/.local/lib/python3.7/site-packages/airflow/example_dags/example_latest_only.py
[2023-06-09T06:16:49.985+0000] {logging_mixin.py:149} INFO - [2023-06-09T06:16:49.985+0000] {dag.py:2726} INFO - Sync 1 DAGs
[2023-06-09T06:16:50.022+0000] {logging_mixin.py:149} INFO - [2023-06-09T06:16:50.021+0000] {dag.py:3490} INFO - Setting next_dagrun for latest_only to 2023-06-09T02:16:50.021661+00:00, run_after=2023-06-09T06:16:50.021661+00:00
[2023-06-09T06:16:50.051+0000] {processor.py:179} INFO - Processing /home/airflow/.local/lib/python3.7/site-packages/airflow/example_dags/example_latest_only.py took 0.117 seconds
[2023-06-09T06:17:20.271+0000] {processor.py:157} INFO - Started process (PID=2158) to work on /home/airflow/.local/lib/python3.7/site-packages/airflow/example_dags/example_latest_only.py
[2023-06-09T06:17:20.272+0000] {processor.py:826} INFO - Processing file /home/airflow/.local/lib/python3.7/site-packages/airflow/example_dags/example_latest_only.py for tasks to queue
[2023-06-09T06:17:20.273+0000] {logging_mixin.py:149} INFO - [2023-06-09T06:17:20.272+0000] {dagbag.py:541} INFO - Filling up the DagBag from /home/airflow/.local/lib/python3.7/site-packages/airflow/example_dags/example_latest_only.py
[2023-06-09T06:17:20.284+0000] {processor.py:836} INFO - DAG(s) dict_keys(['latest_only']) retrieved from /home/airflow/.local/lib/python3.7/site-packages/airflow/example_dags/example_latest_only.py
[2023-06-09T06:17:20.313+0000] {logging_mixin.py:149} INFO - [2023-06-09T06:17:20.313+0000] {dag.py:2726} INFO - Sync 1 DAGs
[2023-06-09T06:17:20.348+0000] {logging_mixin.py:149} INFO - [2023-06-09T06:17:20.347+0000] {dag.py:3490} INFO - Setting next_dagrun for latest_only to 2023-06-09T02:17:20.347592+00:00, run_after=2023-06-09T06:17:20.347592+00:00
[2023-06-09T06:17:20.372+0000] {processor.py:179} INFO - Processing /home/airflow/.local/lib/python3.7/site-packages/airflow/example_dags/example_latest_only.py took 0.108 seconds
[2023-06-09T06:17:50.717+0000] {processor.py:157} INFO - Started process (PID=2212) to work on /home/airflow/.local/lib/python3.7/site-packages/airflow/example_dags/example_latest_only.py
[2023-06-09T06:17:50.721+0000] {processor.py:826} INFO - Processing file /home/airflow/.local/lib/python3.7/site-packages/airflow/example_dags/example_latest_only.py for tasks to queue
[2023-06-09T06:17:50.722+0000] {logging_mixin.py:149} INFO - [2023-06-09T06:17:50.722+0000] {dagbag.py:541} INFO - Filling up the DagBag from /home/airflow/.local/lib/python3.7/site-packages/airflow/example_dags/example_latest_only.py
[2023-06-09T06:17:50.729+0000] {processor.py:836} INFO - DAG(s) dict_keys(['latest_only']) retrieved from /home/airflow/.local/lib/python3.7/site-packages/airflow/example_dags/example_latest_only.py
[2023-06-09T06:17:50.758+0000] {logging_mixin.py:149} INFO - [2023-06-09T06:17:50.757+0000] {dag.py:2726} INFO - Sync 1 DAGs
[2023-06-09T06:17:50.791+0000] {logging_mixin.py:149} INFO - [2023-06-09T06:17:50.791+0000] {dag.py:3490} INFO - Setting next_dagrun for latest_only to 2023-06-09T02:17:50.791140+00:00, run_after=2023-06-09T06:17:50.791140+00:00
[2023-06-09T06:17:50.814+0000] {processor.py:179} INFO - Processing /home/airflow/.local/lib/python3.7/site-packages/airflow/example_dags/example_latest_only.py took 0.101 seconds
[2023-06-09T06:18:21.435+0000] {processor.py:157} INFO - Started process (PID=2266) to work on /home/airflow/.local/lib/python3.7/site-packages/airflow/example_dags/example_latest_only.py
[2023-06-09T06:18:21.436+0000] {processor.py:826} INFO - Processing file /home/airflow/.local/lib/python3.7/site-packages/airflow/example_dags/example_latest_only.py for tasks to queue
[2023-06-09T06:18:21.437+0000] {logging_mixin.py:149} INFO - [2023-06-09T06:18:21.437+0000] {dagbag.py:541} INFO - Filling up the DagBag from /home/airflow/.local/lib/python3.7/site-packages/airflow/example_dags/example_latest_only.py
[2023-06-09T06:18:21.446+0000] {processor.py:836} INFO - DAG(s) dict_keys(['latest_only']) retrieved from /home/airflow/.local/lib/python3.7/site-packages/airflow/example_dags/example_latest_only.py
[2023-06-09T06:18:21.474+0000] {logging_mixin.py:149} INFO - [2023-06-09T06:18:21.474+0000] {dag.py:2726} INFO - Sync 1 DAGs
[2023-06-09T06:18:21.508+0000] {logging_mixin.py:149} INFO - [2023-06-09T06:18:21.508+0000] {dag.py:3490} INFO - Setting next_dagrun for latest_only to 2023-06-09T02:18:21.508262+00:00, run_after=2023-06-09T06:18:21.508262+00:00
[2023-06-09T06:18:21.533+0000] {processor.py:179} INFO - Processing /home/airflow/.local/lib/python3.7/site-packages/airflow/example_dags/example_latest_only.py took 0.103 seconds
[2023-06-09T06:18:52.076+0000] {processor.py:157} INFO - Started process (PID=2320) to work on /home/airflow/.local/lib/python3.7/site-packages/airflow/example_dags/example_latest_only.py
[2023-06-09T06:18:52.077+0000] {processor.py:826} INFO - Processing file /home/airflow/.local/lib/python3.7/site-packages/airflow/example_dags/example_latest_only.py for tasks to queue
[2023-06-09T06:18:52.078+0000] {logging_mixin.py:149} INFO - [2023-06-09T06:18:52.078+0000] {dagbag.py:541} INFO - Filling up the DagBag from /home/airflow/.local/lib/python3.7/site-packages/airflow/example_dags/example_latest_only.py
[2023-06-09T06:18:52.084+0000] {processor.py:836} INFO - DAG(s) dict_keys(['latest_only']) retrieved from /home/airflow/.local/lib/python3.7/site-packages/airflow/example_dags/example_latest_only.py
[2023-06-09T06:18:52.113+0000] {logging_mixin.py:149} INFO - [2023-06-09T06:18:52.113+0000] {dag.py:2726} INFO - Sync 1 DAGs
[2023-06-09T06:18:52.149+0000] {logging_mixin.py:149} INFO - [2023-06-09T06:18:52.149+0000] {dag.py:3490} INFO - Setting next_dagrun for latest_only to 2023-06-09T02:18:52.148712+00:00, run_after=2023-06-09T06:18:52.148712+00:00
[2023-06-09T06:18:52.174+0000] {processor.py:179} INFO - Processing /home/airflow/.local/lib/python3.7/site-packages/airflow/example_dags/example_latest_only.py took 0.107 seconds
[2023-06-09T06:19:22.251+0000] {processor.py:157} INFO - Started process (PID=2374) to work on /home/airflow/.local/lib/python3.7/site-packages/airflow/example_dags/example_latest_only.py
[2023-06-09T06:19:22.252+0000] {processor.py:826} INFO - Processing file /home/airflow/.local/lib/python3.7/site-packages/airflow/example_dags/example_latest_only.py for tasks to queue
[2023-06-09T06:19:22.253+0000] {logging_mixin.py:149} INFO - [2023-06-09T06:19:22.253+0000] {dagbag.py:541} INFO - Filling up the DagBag from /home/airflow/.local/lib/python3.7/site-packages/airflow/example_dags/example_latest_only.py
[2023-06-09T06:19:22.260+0000] {processor.py:836} INFO - DAG(s) dict_keys(['latest_only']) retrieved from /home/airflow/.local/lib/python3.7/site-packages/airflow/example_dags/example_latest_only.py
[2023-06-09T06:19:22.294+0000] {logging_mixin.py:149} INFO - [2023-06-09T06:19:22.294+0000] {dag.py:2726} INFO - Sync 1 DAGs
[2023-06-09T06:19:22.329+0000] {logging_mixin.py:149} INFO - [2023-06-09T06:19:22.328+0000] {dag.py:3490} INFO - Setting next_dagrun for latest_only to 2023-06-09T02:19:22.328595+00:00, run_after=2023-06-09T06:19:22.328595+00:00
[2023-06-09T06:19:22.352+0000] {processor.py:179} INFO - Processing /home/airflow/.local/lib/python3.7/site-packages/airflow/example_dags/example_latest_only.py took 0.104 seconds
[2023-06-09T06:19:52.673+0000] {processor.py:157} INFO - Started process (PID=2429) to work on /home/airflow/.local/lib/python3.7/site-packages/airflow/example_dags/example_latest_only.py
[2023-06-09T06:19:52.674+0000] {processor.py:826} INFO - Processing file /home/airflow/.local/lib/python3.7/site-packages/airflow/example_dags/example_latest_only.py for tasks to queue
[2023-06-09T06:19:52.675+0000] {logging_mixin.py:149} INFO - [2023-06-09T06:19:52.675+0000] {dagbag.py:541} INFO - Filling up the DagBag from /home/airflow/.local/lib/python3.7/site-packages/airflow/example_dags/example_latest_only.py
[2023-06-09T06:19:52.682+0000] {processor.py:836} INFO - DAG(s) dict_keys(['latest_only']) retrieved from /home/airflow/.local/lib/python3.7/site-packages/airflow/example_dags/example_latest_only.py
[2023-06-09T06:19:52.713+0000] {logging_mixin.py:149} INFO - [2023-06-09T06:19:52.713+0000] {dag.py:2726} INFO - Sync 1 DAGs
[2023-06-09T06:19:52.749+0000] {logging_mixin.py:149} INFO - [2023-06-09T06:19:52.749+0000] {dag.py:3490} INFO - Setting next_dagrun for latest_only to 2023-06-09T02:19:52.749175+00:00, run_after=2023-06-09T06:19:52.749175+00:00
[2023-06-09T06:19:52.774+0000] {processor.py:179} INFO - Processing /home/airflow/.local/lib/python3.7/site-packages/airflow/example_dags/example_latest_only.py took 0.105 seconds
[2023-06-09T06:20:23.058+0000] {processor.py:157} INFO - Started process (PID=2483) to work on /home/airflow/.local/lib/python3.7/site-packages/airflow/example_dags/example_latest_only.py
[2023-06-09T06:20:23.059+0000] {processor.py:826} INFO - Processing file /home/airflow/.local/lib/python3.7/site-packages/airflow/example_dags/example_latest_only.py for tasks to queue
[2023-06-09T06:20:23.060+0000] {logging_mixin.py:149} INFO - [2023-06-09T06:20:23.060+0000] {dagbag.py:541} INFO - Filling up the DagBag from /home/airflow/.local/lib/python3.7/site-packages/airflow/example_dags/example_latest_only.py
[2023-06-09T06:20:23.068+0000] {processor.py:836} INFO - DAG(s) dict_keys(['latest_only']) retrieved from /home/airflow/.local/lib/python3.7/site-packages/airflow/example_dags/example_latest_only.py
[2023-06-09T06:20:23.096+0000] {logging_mixin.py:149} INFO - [2023-06-09T06:20:23.096+0000] {dag.py:2726} INFO - Sync 1 DAGs
[2023-06-09T06:20:23.130+0000] {logging_mixin.py:149} INFO - [2023-06-09T06:20:23.130+0000] {dag.py:3490} INFO - Setting next_dagrun for latest_only to 2023-06-09T02:20:23.130394+00:00, run_after=2023-06-09T06:20:23.130394+00:00
[2023-06-09T06:20:23.155+0000] {processor.py:179} INFO - Processing /home/airflow/.local/lib/python3.7/site-packages/airflow/example_dags/example_latest_only.py took 0.101 seconds
[2023-06-09T06:20:53.479+0000] {processor.py:157} INFO - Started process (PID=2537) to work on /home/airflow/.local/lib/python3.7/site-packages/airflow/example_dags/example_latest_only.py
[2023-06-09T06:20:53.480+0000] {processor.py:826} INFO - Processing file /home/airflow/.local/lib/python3.7/site-packages/airflow/example_dags/example_latest_only.py for tasks to queue
[2023-06-09T06:20:53.484+0000] {logging_mixin.py:149} INFO - [2023-06-09T06:20:53.481+0000] {dagbag.py:541} INFO - Filling up the DagBag from /home/airflow/.local/lib/python3.7/site-packages/airflow/example_dags/example_latest_only.py
[2023-06-09T06:20:53.491+0000] {processor.py:836} INFO - DAG(s) dict_keys(['latest_only']) retrieved from /home/airflow/.local/lib/python3.7/site-packages/airflow/example_dags/example_latest_only.py
[2023-06-09T06:20:53.520+0000] {logging_mixin.py:149} INFO - [2023-06-09T06:20:53.520+0000] {dag.py:2726} INFO - Sync 1 DAGs
[2023-06-09T06:20:53.553+0000] {logging_mixin.py:149} INFO - [2023-06-09T06:20:53.553+0000] {dag.py:3490} INFO - Setting next_dagrun for latest_only to 2023-06-09T02:20:53.552969+00:00, run_after=2023-06-09T06:20:53.552969+00:00
[2023-06-09T06:20:53.576+0000] {processor.py:179} INFO - Processing /home/airflow/.local/lib/python3.7/site-packages/airflow/example_dags/example_latest_only.py took 0.101 seconds
[2023-06-09T06:21:24.249+0000] {processor.py:157} INFO - Started process (PID=2591) to work on /home/airflow/.local/lib/python3.7/site-packages/airflow/example_dags/example_latest_only.py
[2023-06-09T06:21:24.250+0000] {processor.py:826} INFO - Processing file /home/airflow/.local/lib/python3.7/site-packages/airflow/example_dags/example_latest_only.py for tasks to queue
[2023-06-09T06:21:24.251+0000] {logging_mixin.py:149} INFO - [2023-06-09T06:21:24.250+0000] {dagbag.py:541} INFO - Filling up the DagBag from /home/airflow/.local/lib/python3.7/site-packages/airflow/example_dags/example_latest_only.py
[2023-06-09T06:21:24.265+0000] {processor.py:836} INFO - DAG(s) dict_keys(['latest_only']) retrieved from /home/airflow/.local/lib/python3.7/site-packages/airflow/example_dags/example_latest_only.py
[2023-06-09T06:21:24.313+0000] {logging_mixin.py:149} INFO - [2023-06-09T06:21:24.313+0000] {dag.py:2726} INFO - Sync 1 DAGs
[2023-06-09T06:21:24.351+0000] {logging_mixin.py:149} INFO - [2023-06-09T06:21:24.351+0000] {dag.py:3490} INFO - Setting next_dagrun for latest_only to 2023-06-09T02:21:24.351342+00:00, run_after=2023-06-09T06:21:24.351342+00:00
[2023-06-09T06:21:24.389+0000] {processor.py:179} INFO - Processing /home/airflow/.local/lib/python3.7/site-packages/airflow/example_dags/example_latest_only.py took 0.144 seconds
[2023-06-09T06:21:55.477+0000] {processor.py:157} INFO - Started process (PID=2645) to work on /home/airflow/.local/lib/python3.7/site-packages/airflow/example_dags/example_latest_only.py
[2023-06-09T06:21:55.482+0000] {processor.py:826} INFO - Processing file /home/airflow/.local/lib/python3.7/site-packages/airflow/example_dags/example_latest_only.py for tasks to queue
[2023-06-09T06:21:55.482+0000] {logging_mixin.py:149} INFO - [2023-06-09T06:21:55.482+0000] {dagbag.py:541} INFO - Filling up the DagBag from /home/airflow/.local/lib/python3.7/site-packages/airflow/example_dags/example_latest_only.py
[2023-06-09T06:21:55.489+0000] {processor.py:836} INFO - DAG(s) dict_keys(['latest_only']) retrieved from /home/airflow/.local/lib/python3.7/site-packages/airflow/example_dags/example_latest_only.py
[2023-06-09T06:21:55.518+0000] {logging_mixin.py:149} INFO - [2023-06-09T06:21:55.518+0000] {dag.py:2726} INFO - Sync 1 DAGs
[2023-06-09T06:21:55.551+0000] {logging_mixin.py:149} INFO - [2023-06-09T06:21:55.551+0000] {dag.py:3490} INFO - Setting next_dagrun for latest_only to 2023-06-09T02:21:55.551127+00:00, run_after=2023-06-09T06:21:55.551127+00:00
[2023-06-09T06:21:55.575+0000] {processor.py:179} INFO - Processing /home/airflow/.local/lib/python3.7/site-packages/airflow/example_dags/example_latest_only.py took 0.114 seconds
[2023-06-09T06:22:25.687+0000] {processor.py:157} INFO - Started process (PID=2699) to work on /home/airflow/.local/lib/python3.7/site-packages/airflow/example_dags/example_latest_only.py
[2023-06-09T06:22:25.688+0000] {processor.py:826} INFO - Processing file /home/airflow/.local/lib/python3.7/site-packages/airflow/example_dags/example_latest_only.py for tasks to queue
[2023-06-09T06:22:25.689+0000] {logging_mixin.py:149} INFO - [2023-06-09T06:22:25.689+0000] {dagbag.py:541} INFO - Filling up the DagBag from /home/airflow/.local/lib/python3.7/site-packages/airflow/example_dags/example_latest_only.py
[2023-06-09T06:22:25.695+0000] {processor.py:836} INFO - DAG(s) dict_keys(['latest_only']) retrieved from /home/airflow/.local/lib/python3.7/site-packages/airflow/example_dags/example_latest_only.py
[2023-06-09T06:22:25.725+0000] {logging_mixin.py:149} INFO - [2023-06-09T06:22:25.725+0000] {dag.py:2726} INFO - Sync 1 DAGs
[2023-06-09T06:22:25.759+0000] {logging_mixin.py:149} INFO - [2023-06-09T06:22:25.759+0000] {dag.py:3490} INFO - Setting next_dagrun for latest_only to 2023-06-09T02:22:25.758773+00:00, run_after=2023-06-09T06:22:25.758773+00:00
[2023-06-09T06:22:25.782+0000] {processor.py:179} INFO - Processing /home/airflow/.local/lib/python3.7/site-packages/airflow/example_dags/example_latest_only.py took 0.101 seconds
[2023-06-09T06:22:56.480+0000] {processor.py:157} INFO - Started process (PID=2753) to work on /home/airflow/.local/lib/python3.7/site-packages/airflow/example_dags/example_latest_only.py
[2023-06-09T06:22:56.481+0000] {processor.py:826} INFO - Processing file /home/airflow/.local/lib/python3.7/site-packages/airflow/example_dags/example_latest_only.py for tasks to queue
[2023-06-09T06:22:56.482+0000] {logging_mixin.py:149} INFO - [2023-06-09T06:22:56.482+0000] {dagbag.py:541} INFO - Filling up the DagBag from /home/airflow/.local/lib/python3.7/site-packages/airflow/example_dags/example_latest_only.py
[2023-06-09T06:22:56.488+0000] {processor.py:836} INFO - DAG(s) dict_keys(['latest_only']) retrieved from /home/airflow/.local/lib/python3.7/site-packages/airflow/example_dags/example_latest_only.py
[2023-06-09T06:22:56.517+0000] {logging_mixin.py:149} INFO - [2023-06-09T06:22:56.517+0000] {dag.py:2726} INFO - Sync 1 DAGs
[2023-06-09T06:22:56.551+0000] {logging_mixin.py:149} INFO - [2023-06-09T06:22:56.551+0000] {dag.py:3490} INFO - Setting next_dagrun for latest_only to 2023-06-09T02:22:56.551294+00:00, run_after=2023-06-09T06:22:56.551294+00:00
[2023-06-09T06:22:56.575+0000] {processor.py:179} INFO - Processing /home/airflow/.local/lib/python3.7/site-packages/airflow/example_dags/example_latest_only.py took 0.099 seconds
[2023-06-09T06:23:27.099+0000] {processor.py:157} INFO - Started process (PID=2807) to work on /home/airflow/.local/lib/python3.7/site-packages/airflow/example_dags/example_latest_only.py
[2023-06-09T06:23:27.100+0000] {processor.py:826} INFO - Processing file /home/airflow/.local/lib/python3.7/site-packages/airflow/example_dags/example_latest_only.py for tasks to queue
[2023-06-09T06:23:27.100+0000] {logging_mixin.py:149} INFO - [2023-06-09T06:23:27.100+0000] {dagbag.py:541} INFO - Filling up the DagBag from /home/airflow/.local/lib/python3.7/site-packages/airflow/example_dags/example_latest_only.py
[2023-06-09T06:23:27.107+0000] {processor.py:836} INFO - DAG(s) dict_keys(['latest_only']) retrieved from /home/airflow/.local/lib/python3.7/site-packages/airflow/example_dags/example_latest_only.py
[2023-06-09T06:23:27.137+0000] {logging_mixin.py:149} INFO - [2023-06-09T06:23:27.136+0000] {dag.py:2726} INFO - Sync 1 DAGs
[2023-06-09T06:23:27.172+0000] {logging_mixin.py:149} INFO - [2023-06-09T06:23:27.172+0000] {dag.py:3490} INFO - Setting next_dagrun for latest_only to 2023-06-09T02:23:27.172259+00:00, run_after=2023-06-09T06:23:27.172259+00:00
[2023-06-09T06:23:27.197+0000] {processor.py:179} INFO - Processing /home/airflow/.local/lib/python3.7/site-packages/airflow/example_dags/example_latest_only.py took 0.102 seconds
[2023-06-09T06:23:57.281+0000] {processor.py:157} INFO - Started process (PID=2860) to work on /home/airflow/.local/lib/python3.7/site-packages/airflow/example_dags/example_latest_only.py
[2023-06-09T06:23:57.282+0000] {processor.py:826} INFO - Processing file /home/airflow/.local/lib/python3.7/site-packages/airflow/example_dags/example_latest_only.py for tasks to queue
[2023-06-09T06:23:57.285+0000] {logging_mixin.py:149} INFO - [2023-06-09T06:23:57.285+0000] {dagbag.py:541} INFO - Filling up the DagBag from /home/airflow/.local/lib/python3.7/site-packages/airflow/example_dags/example_latest_only.py
[2023-06-09T06:23:57.294+0000] {processor.py:836} INFO - DAG(s) dict_keys(['latest_only']) retrieved from /home/airflow/.local/lib/python3.7/site-packages/airflow/example_dags/example_latest_only.py
[2023-06-09T06:23:57.324+0000] {logging_mixin.py:149} INFO - [2023-06-09T06:23:57.324+0000] {dag.py:2726} INFO - Sync 1 DAGs
[2023-06-09T06:23:57.359+0000] {logging_mixin.py:149} INFO - [2023-06-09T06:23:57.359+0000] {dag.py:3490} INFO - Setting next_dagrun for latest_only to 2023-06-09T02:23:57.358895+00:00, run_after=2023-06-09T06:23:57.358895+00:00
[2023-06-09T06:23:57.384+0000] {processor.py:179} INFO - Processing /home/airflow/.local/lib/python3.7/site-packages/airflow/example_dags/example_latest_only.py took 0.107 seconds
[2023-06-09T06:24:27.756+0000] {processor.py:157} INFO - Started process (PID=2911) to work on /home/airflow/.local/lib/python3.7/site-packages/airflow/example_dags/example_latest_only.py
[2023-06-09T06:24:27.757+0000] {processor.py:826} INFO - Processing file /home/airflow/.local/lib/python3.7/site-packages/airflow/example_dags/example_latest_only.py for tasks to queue
[2023-06-09T06:24:27.757+0000] {logging_mixin.py:149} INFO - [2023-06-09T06:24:27.757+0000] {dagbag.py:541} INFO - Filling up the DagBag from /home/airflow/.local/lib/python3.7/site-packages/airflow/example_dags/example_latest_only.py
[2023-06-09T06:24:27.764+0000] {processor.py:836} INFO - DAG(s) dict_keys(['latest_only']) retrieved from /home/airflow/.local/lib/python3.7/site-packages/airflow/example_dags/example_latest_only.py
[2023-06-09T06:24:27.796+0000] {logging_mixin.py:149} INFO - [2023-06-09T06:24:27.796+0000] {dag.py:2726} INFO - Sync 1 DAGs
[2023-06-09T06:24:27.830+0000] {logging_mixin.py:149} INFO - [2023-06-09T06:24:27.830+0000] {dag.py:3490} INFO - Setting next_dagrun for latest_only to 2023-06-09T02:24:27.830223+00:00, run_after=2023-06-09T06:24:27.830223+00:00
[2023-06-09T06:24:27.854+0000] {processor.py:179} INFO - Processing /home/airflow/.local/lib/python3.7/site-packages/airflow/example_dags/example_latest_only.py took 0.104 seconds
[2023-06-09T06:24:58.872+0000] {processor.py:157} INFO - Started process (PID=2965) to work on /home/airflow/.local/lib/python3.7/site-packages/airflow/example_dags/example_latest_only.py
[2023-06-09T06:24:58.876+0000] {processor.py:826} INFO - Processing file /home/airflow/.local/lib/python3.7/site-packages/airflow/example_dags/example_latest_only.py for tasks to queue
[2023-06-09T06:24:58.876+0000] {logging_mixin.py:149} INFO - [2023-06-09T06:24:58.876+0000] {dagbag.py:541} INFO - Filling up the DagBag from /home/airflow/.local/lib/python3.7/site-packages/airflow/example_dags/example_latest_only.py
[2023-06-09T06:24:58.883+0000] {processor.py:836} INFO - DAG(s) dict_keys(['latest_only']) retrieved from /home/airflow/.local/lib/python3.7/site-packages/airflow/example_dags/example_latest_only.py
[2023-06-09T06:24:58.941+0000] {logging_mixin.py:149} INFO - [2023-06-09T06:24:58.941+0000] {dag.py:2726} INFO - Sync 1 DAGs
[2023-06-09T06:24:59.017+0000] {logging_mixin.py:149} INFO - [2023-06-09T06:24:59.017+0000] {dag.py:3490} INFO - Setting next_dagrun for latest_only to 2023-06-09T02:24:59.016781+00:00, run_after=2023-06-09T06:24:59.016781+00:00
[2023-06-09T06:24:59.079+0000] {processor.py:179} INFO - Processing /home/airflow/.local/lib/python3.7/site-packages/airflow/example_dags/example_latest_only.py took 0.220 seconds
[2023-06-09T06:25:29.700+0000] {processor.py:157} INFO - Started process (PID=3019) to work on /home/airflow/.local/lib/python3.7/site-packages/airflow/example_dags/example_latest_only.py
[2023-06-09T06:25:29.701+0000] {processor.py:826} INFO - Processing file /home/airflow/.local/lib/python3.7/site-packages/airflow/example_dags/example_latest_only.py for tasks to queue
[2023-06-09T06:25:29.702+0000] {logging_mixin.py:149} INFO - [2023-06-09T06:25:29.702+0000] {dagbag.py:541} INFO - Filling up the DagBag from /home/airflow/.local/lib/python3.7/site-packages/airflow/example_dags/example_latest_only.py
[2023-06-09T06:25:29.709+0000] {processor.py:836} INFO - DAG(s) dict_keys(['latest_only']) retrieved from /home/airflow/.local/lib/python3.7/site-packages/airflow/example_dags/example_latest_only.py
[2023-06-09T06:25:29.744+0000] {logging_mixin.py:149} INFO - [2023-06-09T06:25:29.743+0000] {dag.py:2726} INFO - Sync 1 DAGs
[2023-06-09T06:25:29.791+0000] {logging_mixin.py:149} INFO - [2023-06-09T06:25:29.790+0000] {dag.py:3490} INFO - Setting next_dagrun for latest_only to 2023-06-09T02:25:29.790658+00:00, run_after=2023-06-09T06:25:29.790658+00:00
[2023-06-09T06:25:29.814+0000] {processor.py:179} INFO - Processing /home/airflow/.local/lib/python3.7/site-packages/airflow/example_dags/example_latest_only.py took 0.118 seconds
[2023-06-09T06:25:59.938+0000] {processor.py:157} INFO - Started process (PID=3074) to work on /home/airflow/.local/lib/python3.7/site-packages/airflow/example_dags/example_latest_only.py
[2023-06-09T06:25:59.938+0000] {processor.py:826} INFO - Processing file /home/airflow/.local/lib/python3.7/site-packages/airflow/example_dags/example_latest_only.py for tasks to queue
[2023-06-09T06:25:59.939+0000] {logging_mixin.py:149} INFO - [2023-06-09T06:25:59.939+0000] {dagbag.py:541} INFO - Filling up the DagBag from /home/airflow/.local/lib/python3.7/site-packages/airflow/example_dags/example_latest_only.py
[2023-06-09T06:25:59.945+0000] {processor.py:836} INFO - DAG(s) dict_keys(['latest_only']) retrieved from /home/airflow/.local/lib/python3.7/site-packages/airflow/example_dags/example_latest_only.py
[2023-06-09T06:25:59.977+0000] {logging_mixin.py:149} INFO - [2023-06-09T06:25:59.977+0000] {dag.py:2726} INFO - Sync 1 DAGs
[2023-06-09T06:26:00.017+0000] {logging_mixin.py:149} INFO - [2023-06-09T06:26:00.017+0000] {dag.py:3490} INFO - Setting next_dagrun for latest_only to 2023-06-09T02:26:00.016837+00:00, run_after=2023-06-09T06:26:00.016837+00:00
[2023-06-09T06:26:00.058+0000] {processor.py:179} INFO - Processing /home/airflow/.local/lib/python3.7/site-packages/airflow/example_dags/example_latest_only.py took 0.125 seconds
[2023-06-09T06:26:30.405+0000] {processor.py:157} INFO - Started process (PID=3127) to work on /home/airflow/.local/lib/python3.7/site-packages/airflow/example_dags/example_latest_only.py
[2023-06-09T06:26:30.406+0000] {processor.py:826} INFO - Processing file /home/airflow/.local/lib/python3.7/site-packages/airflow/example_dags/example_latest_only.py for tasks to queue
[2023-06-09T06:26:30.407+0000] {logging_mixin.py:149} INFO - [2023-06-09T06:26:30.407+0000] {dagbag.py:541} INFO - Filling up the DagBag from /home/airflow/.local/lib/python3.7/site-packages/airflow/example_dags/example_latest_only.py
[2023-06-09T06:26:30.413+0000] {processor.py:836} INFO - DAG(s) dict_keys(['latest_only']) retrieved from /home/airflow/.local/lib/python3.7/site-packages/airflow/example_dags/example_latest_only.py
[2023-06-09T06:26:30.444+0000] {logging_mixin.py:149} INFO - [2023-06-09T06:26:30.444+0000] {dag.py:2726} INFO - Sync 1 DAGs
[2023-06-09T06:26:30.480+0000] {logging_mixin.py:149} INFO - [2023-06-09T06:26:30.480+0000] {dag.py:3490} INFO - Setting next_dagrun for latest_only to 2023-06-09T02:26:30.479744+00:00, run_after=2023-06-09T06:26:30.479744+00:00
[2023-06-09T06:26:30.503+0000] {processor.py:179} INFO - Processing /home/airflow/.local/lib/python3.7/site-packages/airflow/example_dags/example_latest_only.py took 0.104 seconds
[2023-06-09T06:27:00.698+0000] {processor.py:157} INFO - Started process (PID=3181) to work on /home/airflow/.local/lib/python3.7/site-packages/airflow/example_dags/example_latest_only.py
[2023-06-09T06:27:00.698+0000] {processor.py:826} INFO - Processing file /home/airflow/.local/lib/python3.7/site-packages/airflow/example_dags/example_latest_only.py for tasks to queue
[2023-06-09T06:27:00.699+0000] {logging_mixin.py:149} INFO - [2023-06-09T06:27:00.699+0000] {dagbag.py:541} INFO - Filling up the DagBag from /home/airflow/.local/lib/python3.7/site-packages/airflow/example_dags/example_latest_only.py
[2023-06-09T06:27:00.706+0000] {processor.py:836} INFO - DAG(s) dict_keys(['latest_only']) retrieved from /home/airflow/.local/lib/python3.7/site-packages/airflow/example_dags/example_latest_only.py
[2023-06-09T06:27:00.739+0000] {logging_mixin.py:149} INFO - [2023-06-09T06:27:00.738+0000] {dag.py:2726} INFO - Sync 1 DAGs
[2023-06-09T06:27:00.774+0000] {logging_mixin.py:149} INFO - [2023-06-09T06:27:00.774+0000] {dag.py:3490} INFO - Setting next_dagrun for latest_only to 2023-06-09T02:27:00.773944+00:00, run_after=2023-06-09T06:27:00.773944+00:00
[2023-06-09T06:27:00.799+0000] {processor.py:179} INFO - Processing /home/airflow/.local/lib/python3.7/site-packages/airflow/example_dags/example_latest_only.py took 0.105 seconds
[2023-06-09T06:27:31.332+0000] {processor.py:157} INFO - Started process (PID=3235) to work on /home/airflow/.local/lib/python3.7/site-packages/airflow/example_dags/example_latest_only.py
[2023-06-09T06:27:31.334+0000] {processor.py:826} INFO - Processing file /home/airflow/.local/lib/python3.7/site-packages/airflow/example_dags/example_latest_only.py for tasks to queue
[2023-06-09T06:27:31.334+0000] {logging_mixin.py:149} INFO - [2023-06-09T06:27:31.334+0000] {dagbag.py:541} INFO - Filling up the DagBag from /home/airflow/.local/lib/python3.7/site-packages/airflow/example_dags/example_latest_only.py
[2023-06-09T06:27:31.341+0000] {processor.py:836} INFO - DAG(s) dict_keys(['latest_only']) retrieved from /home/airflow/.local/lib/python3.7/site-packages/airflow/example_dags/example_latest_only.py
[2023-06-09T06:27:31.370+0000] {logging_mixin.py:149} INFO - [2023-06-09T06:27:31.370+0000] {dag.py:2726} INFO - Sync 1 DAGs
[2023-06-09T06:27:31.407+0000] {logging_mixin.py:149} INFO - [2023-06-09T06:27:31.406+0000] {dag.py:3490} INFO - Setting next_dagrun for latest_only to 2023-06-09T02:27:31.406585+00:00, run_after=2023-06-09T06:27:31.406585+00:00
[2023-06-09T06:27:31.429+0000] {processor.py:179} INFO - Processing /home/airflow/.local/lib/python3.7/site-packages/airflow/example_dags/example_latest_only.py took 0.104 seconds
[2023-06-09T06:28:01.578+0000] {processor.py:157} INFO - Started process (PID=3288) to work on /home/airflow/.local/lib/python3.7/site-packages/airflow/example_dags/example_latest_only.py
[2023-06-09T06:28:01.579+0000] {processor.py:826} INFO - Processing file /home/airflow/.local/lib/python3.7/site-packages/airflow/example_dags/example_latest_only.py for tasks to queue
[2023-06-09T06:28:01.580+0000] {logging_mixin.py:149} INFO - [2023-06-09T06:28:01.580+0000] {dagbag.py:541} INFO - Filling up the DagBag from /home/airflow/.local/lib/python3.7/site-packages/airflow/example_dags/example_latest_only.py
[2023-06-09T06:28:01.587+0000] {processor.py:836} INFO - DAG(s) dict_keys(['latest_only']) retrieved from /home/airflow/.local/lib/python3.7/site-packages/airflow/example_dags/example_latest_only.py
[2023-06-09T06:28:01.676+0000] {logging_mixin.py:149} INFO - [2023-06-09T06:28:01.676+0000] {dag.py:2726} INFO - Sync 1 DAGs
[2023-06-09T06:28:01.752+0000] {logging_mixin.py:149} INFO - [2023-06-09T06:28:01.752+0000] {dag.py:3490} INFO - Setting next_dagrun for latest_only to 2023-06-09T02:28:01.751727+00:00, run_after=2023-06-09T06:28:01.751727+00:00
[2023-06-09T06:28:01.784+0000] {processor.py:179} INFO - Processing /home/airflow/.local/lib/python3.7/site-packages/airflow/example_dags/example_latest_only.py took 0.228 seconds
[2023-06-09T06:28:31.865+0000] {processor.py:157} INFO - Started process (PID=3342) to work on /home/airflow/.local/lib/python3.7/site-packages/airflow/example_dags/example_latest_only.py
[2023-06-09T06:28:31.866+0000] {processor.py:826} INFO - Processing file /home/airflow/.local/lib/python3.7/site-packages/airflow/example_dags/example_latest_only.py for tasks to queue
[2023-06-09T06:28:31.867+0000] {logging_mixin.py:149} INFO - [2023-06-09T06:28:31.867+0000] {dagbag.py:541} INFO - Filling up the DagBag from /home/airflow/.local/lib/python3.7/site-packages/airflow/example_dags/example_latest_only.py
[2023-06-09T06:28:31.873+0000] {processor.py:836} INFO - DAG(s) dict_keys(['latest_only']) retrieved from /home/airflow/.local/lib/python3.7/site-packages/airflow/example_dags/example_latest_only.py
[2023-06-09T06:28:31.905+0000] {logging_mixin.py:149} INFO - [2023-06-09T06:28:31.905+0000] {dag.py:2726} INFO - Sync 1 DAGs
[2023-06-09T06:28:31.939+0000] {logging_mixin.py:149} INFO - [2023-06-09T06:28:31.939+0000] {dag.py:3490} INFO - Setting next_dagrun for latest_only to 2023-06-09T02:28:31.938969+00:00, run_after=2023-06-09T06:28:31.938969+00:00
[2023-06-09T06:28:31.964+0000] {processor.py:179} INFO - Processing /home/airflow/.local/lib/python3.7/site-packages/airflow/example_dags/example_latest_only.py took 0.103 seconds
[2023-06-09T06:29:02.234+0000] {processor.py:157} INFO - Started process (PID=3396) to work on /home/airflow/.local/lib/python3.7/site-packages/airflow/example_dags/example_latest_only.py
[2023-06-09T06:29:02.235+0000] {processor.py:826} INFO - Processing file /home/airflow/.local/lib/python3.7/site-packages/airflow/example_dags/example_latest_only.py for tasks to queue
[2023-06-09T06:29:02.236+0000] {logging_mixin.py:149} INFO - [2023-06-09T06:29:02.236+0000] {dagbag.py:541} INFO - Filling up the DagBag from /home/airflow/.local/lib/python3.7/site-packages/airflow/example_dags/example_latest_only.py
[2023-06-09T06:29:02.242+0000] {processor.py:836} INFO - DAG(s) dict_keys(['latest_only']) retrieved from /home/airflow/.local/lib/python3.7/site-packages/airflow/example_dags/example_latest_only.py
[2023-06-09T06:29:02.271+0000] {logging_mixin.py:149} INFO - [2023-06-09T06:29:02.271+0000] {dag.py:2726} INFO - Sync 1 DAGs
[2023-06-09T06:29:02.304+0000] {logging_mixin.py:149} INFO - [2023-06-09T06:29:02.304+0000] {dag.py:3490} INFO - Setting next_dagrun for latest_only to 2023-06-09T02:29:02.304353+00:00, run_after=2023-06-09T06:29:02.304353+00:00
[2023-06-09T06:29:02.326+0000] {processor.py:179} INFO - Processing /home/airflow/.local/lib/python3.7/site-packages/airflow/example_dags/example_latest_only.py took 0.097 seconds
[2023-06-09T06:29:32.618+0000] {processor.py:157} INFO - Started process (PID=3450) to work on /home/airflow/.local/lib/python3.7/site-packages/airflow/example_dags/example_latest_only.py
[2023-06-09T06:29:32.620+0000] {processor.py:826} INFO - Processing file /home/airflow/.local/lib/python3.7/site-packages/airflow/example_dags/example_latest_only.py for tasks to queue
[2023-06-09T06:29:32.621+0000] {logging_mixin.py:149} INFO - [2023-06-09T06:29:32.620+0000] {dagbag.py:541} INFO - Filling up the DagBag from /home/airflow/.local/lib/python3.7/site-packages/airflow/example_dags/example_latest_only.py
[2023-06-09T06:29:32.627+0000] {processor.py:836} INFO - DAG(s) dict_keys(['latest_only']) retrieved from /home/airflow/.local/lib/python3.7/site-packages/airflow/example_dags/example_latest_only.py
[2023-06-09T06:29:32.672+0000] {logging_mixin.py:149} INFO - [2023-06-09T06:29:32.672+0000] {dag.py:2726} INFO - Sync 1 DAGs
[2023-06-09T06:29:32.707+0000] {logging_mixin.py:149} INFO - [2023-06-09T06:29:32.707+0000] {dag.py:3490} INFO - Setting next_dagrun for latest_only to 2023-06-09T02:29:32.707331+00:00, run_after=2023-06-09T06:29:32.707331+00:00
[2023-06-09T06:29:32.729+0000] {processor.py:179} INFO - Processing /home/airflow/.local/lib/python3.7/site-packages/airflow/example_dags/example_latest_only.py took 0.119 seconds
[2023-06-09T06:30:02.902+0000] {processor.py:157} INFO - Started process (PID=3503) to work on /home/airflow/.local/lib/python3.7/site-packages/airflow/example_dags/example_latest_only.py
[2023-06-09T06:30:02.903+0000] {processor.py:826} INFO - Processing file /home/airflow/.local/lib/python3.7/site-packages/airflow/example_dags/example_latest_only.py for tasks to queue
[2023-06-09T06:30:02.903+0000] {logging_mixin.py:149} INFO - [2023-06-09T06:30:02.903+0000] {dagbag.py:541} INFO - Filling up the DagBag from /home/airflow/.local/lib/python3.7/site-packages/airflow/example_dags/example_latest_only.py
[2023-06-09T06:30:02.910+0000] {processor.py:836} INFO - DAG(s) dict_keys(['latest_only']) retrieved from /home/airflow/.local/lib/python3.7/site-packages/airflow/example_dags/example_latest_only.py
[2023-06-09T06:30:02.941+0000] {logging_mixin.py:149} INFO - [2023-06-09T06:30:02.941+0000] {dag.py:2726} INFO - Sync 1 DAGs
[2023-06-09T06:30:02.975+0000] {logging_mixin.py:149} INFO - [2023-06-09T06:30:02.974+0000] {dag.py:3490} INFO - Setting next_dagrun for latest_only to 2023-06-09T02:30:02.974607+00:00, run_after=2023-06-09T06:30:02.974607+00:00
[2023-06-09T06:30:02.998+0000] {processor.py:179} INFO - Processing /home/airflow/.local/lib/python3.7/site-packages/airflow/example_dags/example_latest_only.py took 0.100 seconds
[2023-06-09T06:30:33.407+0000] {processor.py:157} INFO - Started process (PID=3557) to work on /home/airflow/.local/lib/python3.7/site-packages/airflow/example_dags/example_latest_only.py
[2023-06-09T06:30:33.415+0000] {processor.py:826} INFO - Processing file /home/airflow/.local/lib/python3.7/site-packages/airflow/example_dags/example_latest_only.py for tasks to queue
[2023-06-09T06:30:33.415+0000] {logging_mixin.py:149} INFO - [2023-06-09T06:30:33.415+0000] {dagbag.py:541} INFO - Filling up the DagBag from /home/airflow/.local/lib/python3.7/site-packages/airflow/example_dags/example_latest_only.py
[2023-06-09T06:30:33.423+0000] {processor.py:836} INFO - DAG(s) dict_keys(['latest_only']) retrieved from /home/airflow/.local/lib/python3.7/site-packages/airflow/example_dags/example_latest_only.py
[2023-06-09T06:30:33.453+0000] {logging_mixin.py:149} INFO - [2023-06-09T06:30:33.453+0000] {dag.py:2726} INFO - Sync 1 DAGs
[2023-06-09T06:30:33.489+0000] {logging_mixin.py:149} INFO - [2023-06-09T06:30:33.488+0000] {dag.py:3490} INFO - Setting next_dagrun for latest_only to 2023-06-09T02:30:33.488662+00:00, run_after=2023-06-09T06:30:33.488662+00:00
[2023-06-09T06:30:33.513+0000] {processor.py:179} INFO - Processing /home/airflow/.local/lib/python3.7/site-packages/airflow/example_dags/example_latest_only.py took 0.111 seconds
