[2023-06-09T05:57:22.349+0000] {processor.py:157} INFO - Started process (PID=36) to work on /home/airflow/.local/lib/python3.7/site-packages/airflow/example_dags/tutorial_dag.py
[2023-06-09T05:57:22.350+0000] {processor.py:826} INFO - Processing file /home/airflow/.local/lib/python3.7/site-packages/airflow/example_dags/tutorial_dag.py for tasks to queue
[2023-06-09T05:57:22.351+0000] {logging_mixin.py:149} INFO - [2023-06-09T05:57:22.350+0000] {dagbag.py:541} INFO - Filling up the DagBag from /home/airflow/.local/lib/python3.7/site-packages/airflow/example_dags/tutorial_dag.py
[2023-06-09T05:57:22.935+0000] {processor.py:836} INFO - DAG(s) dict_keys(['tutorial_dag']) retrieved from /home/airflow/.local/lib/python3.7/site-packages/airflow/example_dags/tutorial_dag.py
[2023-06-09T05:57:23.028+0000] {logging_mixin.py:149} INFO - [2023-06-09T05:57:23.028+0000] {dag.py:2726} INFO - Sync 1 DAGs
[2023-06-09T05:57:23.128+0000] {logging_mixin.py:149} INFO - [2023-06-09T05:57:23.128+0000] {dag.py:3490} INFO - Setting next_dagrun for tutorial_dag to None, run_after=None
[2023-06-09T05:57:23.199+0000] {processor.py:179} INFO - Processing /home/airflow/.local/lib/python3.7/site-packages/airflow/example_dags/tutorial_dag.py took 0.870 seconds
[2023-06-09T05:57:53.454+0000] {processor.py:157} INFO - Started process (PID=89) to work on /home/airflow/.local/lib/python3.7/site-packages/airflow/example_dags/tutorial_dag.py
[2023-06-09T05:57:53.456+0000] {processor.py:826} INFO - Processing file /home/airflow/.local/lib/python3.7/site-packages/airflow/example_dags/tutorial_dag.py for tasks to queue
[2023-06-09T05:57:53.456+0000] {logging_mixin.py:149} INFO - [2023-06-09T05:57:53.456+0000] {dagbag.py:541} INFO - Filling up the DagBag from /home/airflow/.local/lib/python3.7/site-packages/airflow/example_dags/tutorial_dag.py
[2023-06-09T05:57:53.462+0000] {processor.py:836} INFO - DAG(s) dict_keys(['tutorial_dag']) retrieved from /home/airflow/.local/lib/python3.7/site-packages/airflow/example_dags/tutorial_dag.py
[2023-06-09T05:57:53.493+0000] {logging_mixin.py:149} INFO - [2023-06-09T05:57:53.493+0000] {dag.py:2726} INFO - Sync 1 DAGs
[2023-06-09T05:57:53.528+0000] {logging_mixin.py:149} INFO - [2023-06-09T05:57:53.528+0000] {dag.py:3490} INFO - Setting next_dagrun for tutorial_dag to None, run_after=None
[2023-06-09T05:57:53.551+0000] {processor.py:179} INFO - Processing /home/airflow/.local/lib/python3.7/site-packages/airflow/example_dags/tutorial_dag.py took 0.101 seconds
[2023-06-09T05:58:24.160+0000] {processor.py:157} INFO - Started process (PID=144) to work on /home/airflow/.local/lib/python3.7/site-packages/airflow/example_dags/tutorial_dag.py
[2023-06-09T05:58:24.162+0000] {processor.py:826} INFO - Processing file /home/airflow/.local/lib/python3.7/site-packages/airflow/example_dags/tutorial_dag.py for tasks to queue
[2023-06-09T05:58:24.162+0000] {logging_mixin.py:149} INFO - [2023-06-09T05:58:24.162+0000] {dagbag.py:541} INFO - Filling up the DagBag from /home/airflow/.local/lib/python3.7/site-packages/airflow/example_dags/tutorial_dag.py
[2023-06-09T05:58:24.174+0000] {processor.py:836} INFO - DAG(s) dict_keys(['tutorial_dag']) retrieved from /home/airflow/.local/lib/python3.7/site-packages/airflow/example_dags/tutorial_dag.py
[2023-06-09T05:58:24.207+0000] {logging_mixin.py:149} INFO - [2023-06-09T05:58:24.207+0000] {dag.py:2726} INFO - Sync 1 DAGs
[2023-06-09T05:58:24.242+0000] {logging_mixin.py:149} INFO - [2023-06-09T05:58:24.242+0000] {dag.py:3490} INFO - Setting next_dagrun for tutorial_dag to None, run_after=None
[2023-06-09T05:58:24.275+0000] {processor.py:179} INFO - Processing /home/airflow/.local/lib/python3.7/site-packages/airflow/example_dags/tutorial_dag.py took 0.120 seconds
[2023-06-09T05:58:54.732+0000] {processor.py:157} INFO - Started process (PID=198) to work on /home/airflow/.local/lib/python3.7/site-packages/airflow/example_dags/tutorial_dag.py
[2023-06-09T05:58:54.733+0000] {processor.py:826} INFO - Processing file /home/airflow/.local/lib/python3.7/site-packages/airflow/example_dags/tutorial_dag.py for tasks to queue
[2023-06-09T05:58:54.734+0000] {logging_mixin.py:149} INFO - [2023-06-09T05:58:54.734+0000] {dagbag.py:541} INFO - Filling up the DagBag from /home/airflow/.local/lib/python3.7/site-packages/airflow/example_dags/tutorial_dag.py
[2023-06-09T05:58:54.741+0000] {processor.py:836} INFO - DAG(s) dict_keys(['tutorial_dag']) retrieved from /home/airflow/.local/lib/python3.7/site-packages/airflow/example_dags/tutorial_dag.py
[2023-06-09T05:58:54.783+0000] {logging_mixin.py:149} INFO - [2023-06-09T05:58:54.783+0000] {dag.py:2726} INFO - Sync 1 DAGs
[2023-06-09T05:58:54.817+0000] {logging_mixin.py:149} INFO - [2023-06-09T05:58:54.816+0000] {dag.py:3490} INFO - Setting next_dagrun for tutorial_dag to None, run_after=None
[2023-06-09T05:58:54.843+0000] {processor.py:179} INFO - Processing /home/airflow/.local/lib/python3.7/site-packages/airflow/example_dags/tutorial_dag.py took 0.115 seconds
[2023-06-09T05:59:24.952+0000] {processor.py:157} INFO - Started process (PID=252) to work on /home/airflow/.local/lib/python3.7/site-packages/airflow/example_dags/tutorial_dag.py
[2023-06-09T05:59:24.953+0000] {processor.py:826} INFO - Processing file /home/airflow/.local/lib/python3.7/site-packages/airflow/example_dags/tutorial_dag.py for tasks to queue
[2023-06-09T05:59:24.954+0000] {logging_mixin.py:149} INFO - [2023-06-09T05:59:24.954+0000] {dagbag.py:541} INFO - Filling up the DagBag from /home/airflow/.local/lib/python3.7/site-packages/airflow/example_dags/tutorial_dag.py
[2023-06-09T05:59:24.960+0000] {processor.py:836} INFO - DAG(s) dict_keys(['tutorial_dag']) retrieved from /home/airflow/.local/lib/python3.7/site-packages/airflow/example_dags/tutorial_dag.py
[2023-06-09T05:59:24.993+0000] {logging_mixin.py:149} INFO - [2023-06-09T05:59:24.992+0000] {dag.py:2726} INFO - Sync 1 DAGs
[2023-06-09T05:59:25.028+0000] {logging_mixin.py:149} INFO - [2023-06-09T05:59:25.028+0000] {dag.py:3490} INFO - Setting next_dagrun for tutorial_dag to None, run_after=None
[2023-06-09T05:59:25.061+0000] {processor.py:179} INFO - Processing /home/airflow/.local/lib/python3.7/site-packages/airflow/example_dags/tutorial_dag.py took 0.113 seconds
[2023-06-09T05:59:55.244+0000] {processor.py:157} INFO - Started process (PID=306) to work on /home/airflow/.local/lib/python3.7/site-packages/airflow/example_dags/tutorial_dag.py
[2023-06-09T05:59:55.248+0000] {processor.py:826} INFO - Processing file /home/airflow/.local/lib/python3.7/site-packages/airflow/example_dags/tutorial_dag.py for tasks to queue
[2023-06-09T05:59:55.249+0000] {logging_mixin.py:149} INFO - [2023-06-09T05:59:55.248+0000] {dagbag.py:541} INFO - Filling up the DagBag from /home/airflow/.local/lib/python3.7/site-packages/airflow/example_dags/tutorial_dag.py
[2023-06-09T05:59:55.254+0000] {processor.py:836} INFO - DAG(s) dict_keys(['tutorial_dag']) retrieved from /home/airflow/.local/lib/python3.7/site-packages/airflow/example_dags/tutorial_dag.py
[2023-06-09T05:59:55.296+0000] {logging_mixin.py:149} INFO - [2023-06-09T05:59:55.296+0000] {dag.py:2726} INFO - Sync 1 DAGs
[2023-06-09T05:59:55.329+0000] {logging_mixin.py:149} INFO - [2023-06-09T05:59:55.329+0000] {dag.py:3490} INFO - Setting next_dagrun for tutorial_dag to None, run_after=None
[2023-06-09T05:59:55.356+0000] {processor.py:179} INFO - Processing /home/airflow/.local/lib/python3.7/site-packages/airflow/example_dags/tutorial_dag.py took 0.116 seconds
[2023-06-09T06:00:26.155+0000] {processor.py:157} INFO - Started process (PID=360) to work on /home/airflow/.local/lib/python3.7/site-packages/airflow/example_dags/tutorial_dag.py
[2023-06-09T06:00:26.155+0000] {processor.py:826} INFO - Processing file /home/airflow/.local/lib/python3.7/site-packages/airflow/example_dags/tutorial_dag.py for tasks to queue
[2023-06-09T06:00:26.156+0000] {logging_mixin.py:149} INFO - [2023-06-09T06:00:26.156+0000] {dagbag.py:541} INFO - Filling up the DagBag from /home/airflow/.local/lib/python3.7/site-packages/airflow/example_dags/tutorial_dag.py
[2023-06-09T06:00:26.162+0000] {processor.py:836} INFO - DAG(s) dict_keys(['tutorial_dag']) retrieved from /home/airflow/.local/lib/python3.7/site-packages/airflow/example_dags/tutorial_dag.py
[2023-06-09T06:00:26.192+0000] {logging_mixin.py:149} INFO - [2023-06-09T06:00:26.192+0000] {dag.py:2726} INFO - Sync 1 DAGs
[2023-06-09T06:00:26.225+0000] {logging_mixin.py:149} INFO - [2023-06-09T06:00:26.225+0000] {dag.py:3490} INFO - Setting next_dagrun for tutorial_dag to None, run_after=None
[2023-06-09T06:00:26.254+0000] {processor.py:179} INFO - Processing /home/airflow/.local/lib/python3.7/site-packages/airflow/example_dags/tutorial_dag.py took 0.103 seconds
[2023-06-09T06:00:56.885+0000] {processor.py:157} INFO - Started process (PID=415) to work on /home/airflow/.local/lib/python3.7/site-packages/airflow/example_dags/tutorial_dag.py
[2023-06-09T06:00:56.886+0000] {processor.py:826} INFO - Processing file /home/airflow/.local/lib/python3.7/site-packages/airflow/example_dags/tutorial_dag.py for tasks to queue
[2023-06-09T06:00:56.887+0000] {logging_mixin.py:149} INFO - [2023-06-09T06:00:56.887+0000] {dagbag.py:541} INFO - Filling up the DagBag from /home/airflow/.local/lib/python3.7/site-packages/airflow/example_dags/tutorial_dag.py
[2023-06-09T06:00:56.895+0000] {processor.py:836} INFO - DAG(s) dict_keys(['tutorial_dag']) retrieved from /home/airflow/.local/lib/python3.7/site-packages/airflow/example_dags/tutorial_dag.py
[2023-06-09T06:00:56.929+0000] {logging_mixin.py:149} INFO - [2023-06-09T06:00:56.929+0000] {dag.py:2726} INFO - Sync 1 DAGs
[2023-06-09T06:00:56.965+0000] {logging_mixin.py:149} INFO - [2023-06-09T06:00:56.964+0000] {dag.py:3490} INFO - Setting next_dagrun for tutorial_dag to None, run_after=None
[2023-06-09T06:00:56.989+0000] {processor.py:179} INFO - Processing /home/airflow/.local/lib/python3.7/site-packages/airflow/example_dags/tutorial_dag.py took 0.109 seconds
[2023-06-09T06:01:27.239+0000] {processor.py:157} INFO - Started process (PID=469) to work on /home/airflow/.local/lib/python3.7/site-packages/airflow/example_dags/tutorial_dag.py
[2023-06-09T06:01:27.256+0000] {processor.py:826} INFO - Processing file /home/airflow/.local/lib/python3.7/site-packages/airflow/example_dags/tutorial_dag.py for tasks to queue
[2023-06-09T06:01:27.256+0000] {logging_mixin.py:149} INFO - [2023-06-09T06:01:27.256+0000] {dagbag.py:541} INFO - Filling up the DagBag from /home/airflow/.local/lib/python3.7/site-packages/airflow/example_dags/tutorial_dag.py
[2023-06-09T06:01:27.262+0000] {processor.py:836} INFO - DAG(s) dict_keys(['tutorial_dag']) retrieved from /home/airflow/.local/lib/python3.7/site-packages/airflow/example_dags/tutorial_dag.py
[2023-06-09T06:01:27.331+0000] {logging_mixin.py:149} INFO - [2023-06-09T06:01:27.331+0000] {dag.py:2726} INFO - Sync 1 DAGs
[2023-06-09T06:01:27.429+0000] {logging_mixin.py:149} INFO - [2023-06-09T06:01:27.429+0000] {dag.py:3490} INFO - Setting next_dagrun for tutorial_dag to None, run_after=None
[2023-06-09T06:01:27.479+0000] {processor.py:179} INFO - Processing /home/airflow/.local/lib/python3.7/site-packages/airflow/example_dags/tutorial_dag.py took 0.244 seconds
[2023-06-09T06:01:57.757+0000] {processor.py:157} INFO - Started process (PID=523) to work on /home/airflow/.local/lib/python3.7/site-packages/airflow/example_dags/tutorial_dag.py
[2023-06-09T06:01:57.759+0000] {processor.py:826} INFO - Processing file /home/airflow/.local/lib/python3.7/site-packages/airflow/example_dags/tutorial_dag.py for tasks to queue
[2023-06-09T06:01:57.760+0000] {logging_mixin.py:149} INFO - [2023-06-09T06:01:57.759+0000] {dagbag.py:541} INFO - Filling up the DagBag from /home/airflow/.local/lib/python3.7/site-packages/airflow/example_dags/tutorial_dag.py
[2023-06-09T06:01:57.765+0000] {processor.py:836} INFO - DAG(s) dict_keys(['tutorial_dag']) retrieved from /home/airflow/.local/lib/python3.7/site-packages/airflow/example_dags/tutorial_dag.py
[2023-06-09T06:01:57.794+0000] {logging_mixin.py:149} INFO - [2023-06-09T06:01:57.794+0000] {dag.py:2726} INFO - Sync 1 DAGs
[2023-06-09T06:01:57.828+0000] {logging_mixin.py:149} INFO - [2023-06-09T06:01:57.828+0000] {dag.py:3490} INFO - Setting next_dagrun for tutorial_dag to None, run_after=None
[2023-06-09T06:01:57.851+0000] {processor.py:179} INFO - Processing /home/airflow/.local/lib/python3.7/site-packages/airflow/example_dags/tutorial_dag.py took 0.098 seconds
[2023-06-09T06:02:28.696+0000] {processor.py:157} INFO - Started process (PID=578) to work on /home/airflow/.local/lib/python3.7/site-packages/airflow/example_dags/tutorial_dag.py
[2023-06-09T06:02:28.697+0000] {processor.py:826} INFO - Processing file /home/airflow/.local/lib/python3.7/site-packages/airflow/example_dags/tutorial_dag.py for tasks to queue
[2023-06-09T06:02:28.698+0000] {logging_mixin.py:149} INFO - [2023-06-09T06:02:28.698+0000] {dagbag.py:541} INFO - Filling up the DagBag from /home/airflow/.local/lib/python3.7/site-packages/airflow/example_dags/tutorial_dag.py
[2023-06-09T06:02:28.703+0000] {processor.py:836} INFO - DAG(s) dict_keys(['tutorial_dag']) retrieved from /home/airflow/.local/lib/python3.7/site-packages/airflow/example_dags/tutorial_dag.py
[2023-06-09T06:02:28.732+0000] {logging_mixin.py:149} INFO - [2023-06-09T06:02:28.732+0000] {dag.py:2726} INFO - Sync 1 DAGs
[2023-06-09T06:02:28.765+0000] {logging_mixin.py:149} INFO - [2023-06-09T06:02:28.765+0000] {dag.py:3490} INFO - Setting next_dagrun for tutorial_dag to None, run_after=None
[2023-06-09T06:02:28.791+0000] {processor.py:179} INFO - Processing /home/airflow/.local/lib/python3.7/site-packages/airflow/example_dags/tutorial_dag.py took 0.099 seconds
[2023-06-09T06:02:59.432+0000] {processor.py:157} INFO - Started process (PID=639) to work on /home/airflow/.local/lib/python3.7/site-packages/airflow/example_dags/tutorial_dag.py
[2023-06-09T06:02:59.436+0000] {processor.py:826} INFO - Processing file /home/airflow/.local/lib/python3.7/site-packages/airflow/example_dags/tutorial_dag.py for tasks to queue
[2023-06-09T06:02:59.437+0000] {logging_mixin.py:149} INFO - [2023-06-09T06:02:59.437+0000] {dagbag.py:541} INFO - Filling up the DagBag from /home/airflow/.local/lib/python3.7/site-packages/airflow/example_dags/tutorial_dag.py
[2023-06-09T06:02:59.464+0000] {processor.py:836} INFO - DAG(s) dict_keys(['tutorial_dag']) retrieved from /home/airflow/.local/lib/python3.7/site-packages/airflow/example_dags/tutorial_dag.py
[2023-06-09T06:02:59.543+0000] {logging_mixin.py:149} INFO - [2023-06-09T06:02:59.543+0000] {dag.py:2726} INFO - Sync 1 DAGs
[2023-06-09T06:02:59.638+0000] {logging_mixin.py:149} INFO - [2023-06-09T06:02:59.638+0000] {dag.py:3490} INFO - Setting next_dagrun for tutorial_dag to None, run_after=None
[2023-06-09T06:02:59.688+0000] {processor.py:179} INFO - Processing /home/airflow/.local/lib/python3.7/site-packages/airflow/example_dags/tutorial_dag.py took 0.277 seconds
[2023-06-09T06:03:29.942+0000] {processor.py:157} INFO - Started process (PID=693) to work on /home/airflow/.local/lib/python3.7/site-packages/airflow/example_dags/tutorial_dag.py
[2023-06-09T06:03:29.946+0000] {processor.py:826} INFO - Processing file /home/airflow/.local/lib/python3.7/site-packages/airflow/example_dags/tutorial_dag.py for tasks to queue
[2023-06-09T06:03:29.951+0000] {logging_mixin.py:149} INFO - [2023-06-09T06:03:29.951+0000] {dagbag.py:541} INFO - Filling up the DagBag from /home/airflow/.local/lib/python3.7/site-packages/airflow/example_dags/tutorial_dag.py
[2023-06-09T06:03:29.959+0000] {processor.py:836} INFO - DAG(s) dict_keys(['tutorial_dag']) retrieved from /home/airflow/.local/lib/python3.7/site-packages/airflow/example_dags/tutorial_dag.py
[2023-06-09T06:03:30.072+0000] {logging_mixin.py:149} INFO - [2023-06-09T06:03:30.072+0000] {dag.py:2726} INFO - Sync 1 DAGs
[2023-06-09T06:03:30.142+0000] {logging_mixin.py:149} INFO - [2023-06-09T06:03:30.141+0000] {dag.py:3490} INFO - Setting next_dagrun for tutorial_dag to None, run_after=None
[2023-06-09T06:03:30.167+0000] {processor.py:179} INFO - Processing /home/airflow/.local/lib/python3.7/site-packages/airflow/example_dags/tutorial_dag.py took 0.234 seconds
[2023-06-09T06:04:00.532+0000] {processor.py:157} INFO - Started process (PID=746) to work on /home/airflow/.local/lib/python3.7/site-packages/airflow/example_dags/tutorial_dag.py
[2023-06-09T06:04:00.534+0000] {processor.py:826} INFO - Processing file /home/airflow/.local/lib/python3.7/site-packages/airflow/example_dags/tutorial_dag.py for tasks to queue
[2023-06-09T06:04:00.535+0000] {logging_mixin.py:149} INFO - [2023-06-09T06:04:00.534+0000] {dagbag.py:541} INFO - Filling up the DagBag from /home/airflow/.local/lib/python3.7/site-packages/airflow/example_dags/tutorial_dag.py
[2023-06-09T06:04:00.541+0000] {processor.py:836} INFO - DAG(s) dict_keys(['tutorial_dag']) retrieved from /home/airflow/.local/lib/python3.7/site-packages/airflow/example_dags/tutorial_dag.py
[2023-06-09T06:04:00.570+0000] {logging_mixin.py:149} INFO - [2023-06-09T06:04:00.570+0000] {dag.py:2726} INFO - Sync 1 DAGs
[2023-06-09T06:04:00.603+0000] {logging_mixin.py:149} INFO - [2023-06-09T06:04:00.603+0000] {dag.py:3490} INFO - Setting next_dagrun for tutorial_dag to None, run_after=None
[2023-06-09T06:04:00.629+0000] {processor.py:179} INFO - Processing /home/airflow/.local/lib/python3.7/site-packages/airflow/example_dags/tutorial_dag.py took 0.101 seconds
[2023-06-09T06:04:30.725+0000] {processor.py:157} INFO - Started process (PID=799) to work on /home/airflow/.local/lib/python3.7/site-packages/airflow/example_dags/tutorial_dag.py
[2023-06-09T06:04:30.726+0000] {processor.py:826} INFO - Processing file /home/airflow/.local/lib/python3.7/site-packages/airflow/example_dags/tutorial_dag.py for tasks to queue
[2023-06-09T06:04:30.727+0000] {logging_mixin.py:149} INFO - [2023-06-09T06:04:30.727+0000] {dagbag.py:541} INFO - Filling up the DagBag from /home/airflow/.local/lib/python3.7/site-packages/airflow/example_dags/tutorial_dag.py
[2023-06-09T06:04:30.732+0000] {processor.py:836} INFO - DAG(s) dict_keys(['tutorial_dag']) retrieved from /home/airflow/.local/lib/python3.7/site-packages/airflow/example_dags/tutorial_dag.py
[2023-06-09T06:04:30.761+0000] {logging_mixin.py:149} INFO - [2023-06-09T06:04:30.761+0000] {dag.py:2726} INFO - Sync 1 DAGs
[2023-06-09T06:04:30.794+0000] {logging_mixin.py:149} INFO - [2023-06-09T06:04:30.794+0000] {dag.py:3490} INFO - Setting next_dagrun for tutorial_dag to None, run_after=None
[2023-06-09T06:04:30.821+0000] {processor.py:179} INFO - Processing /home/airflow/.local/lib/python3.7/site-packages/airflow/example_dags/tutorial_dag.py took 0.100 seconds
[2023-06-09T06:05:01.106+0000] {processor.py:157} INFO - Started process (PID=853) to work on /home/airflow/.local/lib/python3.7/site-packages/airflow/example_dags/tutorial_dag.py
[2023-06-09T06:05:01.107+0000] {processor.py:826} INFO - Processing file /home/airflow/.local/lib/python3.7/site-packages/airflow/example_dags/tutorial_dag.py for tasks to queue
[2023-06-09T06:05:01.108+0000] {logging_mixin.py:149} INFO - [2023-06-09T06:05:01.108+0000] {dagbag.py:541} INFO - Filling up the DagBag from /home/airflow/.local/lib/python3.7/site-packages/airflow/example_dags/tutorial_dag.py
[2023-06-09T06:05:01.114+0000] {processor.py:836} INFO - DAG(s) dict_keys(['tutorial_dag']) retrieved from /home/airflow/.local/lib/python3.7/site-packages/airflow/example_dags/tutorial_dag.py
[2023-06-09T06:05:01.144+0000] {logging_mixin.py:149} INFO - [2023-06-09T06:05:01.144+0000] {dag.py:2726} INFO - Sync 1 DAGs
[2023-06-09T06:05:01.177+0000] {logging_mixin.py:149} INFO - [2023-06-09T06:05:01.177+0000] {dag.py:3490} INFO - Setting next_dagrun for tutorial_dag to None, run_after=None
[2023-06-09T06:05:01.202+0000] {processor.py:179} INFO - Processing /home/airflow/.local/lib/python3.7/site-packages/airflow/example_dags/tutorial_dag.py took 0.100 seconds
[2023-06-09T06:05:31.845+0000] {processor.py:157} INFO - Started process (PID=907) to work on /home/airflow/.local/lib/python3.7/site-packages/airflow/example_dags/tutorial_dag.py
[2023-06-09T06:05:31.846+0000] {processor.py:826} INFO - Processing file /home/airflow/.local/lib/python3.7/site-packages/airflow/example_dags/tutorial_dag.py for tasks to queue
[2023-06-09T06:05:31.846+0000] {logging_mixin.py:149} INFO - [2023-06-09T06:05:31.846+0000] {dagbag.py:541} INFO - Filling up the DagBag from /home/airflow/.local/lib/python3.7/site-packages/airflow/example_dags/tutorial_dag.py
[2023-06-09T06:05:31.852+0000] {processor.py:836} INFO - DAG(s) dict_keys(['tutorial_dag']) retrieved from /home/airflow/.local/lib/python3.7/site-packages/airflow/example_dags/tutorial_dag.py
[2023-06-09T06:05:31.888+0000] {logging_mixin.py:149} INFO - [2023-06-09T06:05:31.888+0000] {dag.py:2726} INFO - Sync 1 DAGs
[2023-06-09T06:05:31.921+0000] {logging_mixin.py:149} INFO - [2023-06-09T06:05:31.920+0000] {dag.py:3490} INFO - Setting next_dagrun for tutorial_dag to None, run_after=None
[2023-06-09T06:05:31.942+0000] {processor.py:179} INFO - Processing /home/airflow/.local/lib/python3.7/site-packages/airflow/example_dags/tutorial_dag.py took 0.102 seconds
[2023-06-09T06:06:02.500+0000] {processor.py:157} INFO - Started process (PID=960) to work on /home/airflow/.local/lib/python3.7/site-packages/airflow/example_dags/tutorial_dag.py
[2023-06-09T06:06:02.501+0000] {processor.py:826} INFO - Processing file /home/airflow/.local/lib/python3.7/site-packages/airflow/example_dags/tutorial_dag.py for tasks to queue
[2023-06-09T06:06:02.502+0000] {logging_mixin.py:149} INFO - [2023-06-09T06:06:02.502+0000] {dagbag.py:541} INFO - Filling up the DagBag from /home/airflow/.local/lib/python3.7/site-packages/airflow/example_dags/tutorial_dag.py
[2023-06-09T06:06:02.507+0000] {processor.py:836} INFO - DAG(s) dict_keys(['tutorial_dag']) retrieved from /home/airflow/.local/lib/python3.7/site-packages/airflow/example_dags/tutorial_dag.py
[2023-06-09T06:06:02.539+0000] {logging_mixin.py:149} INFO - [2023-06-09T06:06:02.538+0000] {dag.py:2726} INFO - Sync 1 DAGs
[2023-06-09T06:06:02.573+0000] {logging_mixin.py:149} INFO - [2023-06-09T06:06:02.573+0000] {dag.py:3490} INFO - Setting next_dagrun for tutorial_dag to None, run_after=None
[2023-06-09T06:06:02.595+0000] {processor.py:179} INFO - Processing /home/airflow/.local/lib/python3.7/site-packages/airflow/example_dags/tutorial_dag.py took 0.099 seconds
[2023-06-09T06:06:33.124+0000] {processor.py:157} INFO - Started process (PID=1013) to work on /home/airflow/.local/lib/python3.7/site-packages/airflow/example_dags/tutorial_dag.py
[2023-06-09T06:06:33.125+0000] {processor.py:826} INFO - Processing file /home/airflow/.local/lib/python3.7/site-packages/airflow/example_dags/tutorial_dag.py for tasks to queue
[2023-06-09T06:06:33.125+0000] {logging_mixin.py:149} INFO - [2023-06-09T06:06:33.125+0000] {dagbag.py:541} INFO - Filling up the DagBag from /home/airflow/.local/lib/python3.7/site-packages/airflow/example_dags/tutorial_dag.py
[2023-06-09T06:06:33.136+0000] {processor.py:836} INFO - DAG(s) dict_keys(['tutorial_dag']) retrieved from /home/airflow/.local/lib/python3.7/site-packages/airflow/example_dags/tutorial_dag.py
[2023-06-09T06:06:33.165+0000] {logging_mixin.py:149} INFO - [2023-06-09T06:06:33.165+0000] {dag.py:2726} INFO - Sync 1 DAGs
[2023-06-09T06:06:33.197+0000] {logging_mixin.py:149} INFO - [2023-06-09T06:06:33.197+0000] {dag.py:3490} INFO - Setting next_dagrun for tutorial_dag to None, run_after=None
[2023-06-09T06:06:33.225+0000] {processor.py:179} INFO - Processing /home/airflow/.local/lib/python3.7/site-packages/airflow/example_dags/tutorial_dag.py took 0.105 seconds
[2023-06-09T06:07:03.564+0000] {processor.py:157} INFO - Started process (PID=1068) to work on /home/airflow/.local/lib/python3.7/site-packages/airflow/example_dags/tutorial_dag.py
[2023-06-09T06:07:03.566+0000] {processor.py:826} INFO - Processing file /home/airflow/.local/lib/python3.7/site-packages/airflow/example_dags/tutorial_dag.py for tasks to queue
[2023-06-09T06:07:03.566+0000] {logging_mixin.py:149} INFO - [2023-06-09T06:07:03.566+0000] {dagbag.py:541} INFO - Filling up the DagBag from /home/airflow/.local/lib/python3.7/site-packages/airflow/example_dags/tutorial_dag.py
[2023-06-09T06:07:03.573+0000] {processor.py:836} INFO - DAG(s) dict_keys(['tutorial_dag']) retrieved from /home/airflow/.local/lib/python3.7/site-packages/airflow/example_dags/tutorial_dag.py
[2023-06-09T06:07:03.610+0000] {logging_mixin.py:149} INFO - [2023-06-09T06:07:03.610+0000] {dag.py:2726} INFO - Sync 1 DAGs
[2023-06-09T06:07:03.644+0000] {logging_mixin.py:149} INFO - [2023-06-09T06:07:03.644+0000] {dag.py:3490} INFO - Setting next_dagrun for tutorial_dag to None, run_after=None
[2023-06-09T06:07:03.666+0000] {processor.py:179} INFO - Processing /home/airflow/.local/lib/python3.7/site-packages/airflow/example_dags/tutorial_dag.py took 0.106 seconds
[2023-06-09T06:07:34.227+0000] {processor.py:157} INFO - Started process (PID=1122) to work on /home/airflow/.local/lib/python3.7/site-packages/airflow/example_dags/tutorial_dag.py
[2023-06-09T06:07:34.228+0000] {processor.py:826} INFO - Processing file /home/airflow/.local/lib/python3.7/site-packages/airflow/example_dags/tutorial_dag.py for tasks to queue
[2023-06-09T06:07:34.229+0000] {logging_mixin.py:149} INFO - [2023-06-09T06:07:34.229+0000] {dagbag.py:541} INFO - Filling up the DagBag from /home/airflow/.local/lib/python3.7/site-packages/airflow/example_dags/tutorial_dag.py
[2023-06-09T06:07:34.234+0000] {processor.py:836} INFO - DAG(s) dict_keys(['tutorial_dag']) retrieved from /home/airflow/.local/lib/python3.7/site-packages/airflow/example_dags/tutorial_dag.py
[2023-06-09T06:07:34.263+0000] {logging_mixin.py:149} INFO - [2023-06-09T06:07:34.263+0000] {dag.py:2726} INFO - Sync 1 DAGs
[2023-06-09T06:07:34.295+0000] {logging_mixin.py:149} INFO - [2023-06-09T06:07:34.295+0000] {dag.py:3490} INFO - Setting next_dagrun for tutorial_dag to None, run_after=None
[2023-06-09T06:07:34.317+0000] {processor.py:179} INFO - Processing /home/airflow/.local/lib/python3.7/site-packages/airflow/example_dags/tutorial_dag.py took 0.093 seconds
[2023-06-09T06:08:04.583+0000] {processor.py:157} INFO - Started process (PID=1175) to work on /home/airflow/.local/lib/python3.7/site-packages/airflow/example_dags/tutorial_dag.py
[2023-06-09T06:08:04.593+0000] {processor.py:826} INFO - Processing file /home/airflow/.local/lib/python3.7/site-packages/airflow/example_dags/tutorial_dag.py for tasks to queue
[2023-06-09T06:08:04.594+0000] {logging_mixin.py:149} INFO - [2023-06-09T06:08:04.594+0000] {dagbag.py:541} INFO - Filling up the DagBag from /home/airflow/.local/lib/python3.7/site-packages/airflow/example_dags/tutorial_dag.py
[2023-06-09T06:08:04.602+0000] {processor.py:836} INFO - DAG(s) dict_keys(['tutorial_dag']) retrieved from /home/airflow/.local/lib/python3.7/site-packages/airflow/example_dags/tutorial_dag.py
[2023-06-09T06:08:04.670+0000] {logging_mixin.py:149} INFO - [2023-06-09T06:08:04.669+0000] {dag.py:2726} INFO - Sync 1 DAGs
[2023-06-09T06:08:04.742+0000] {logging_mixin.py:149} INFO - [2023-06-09T06:08:04.741+0000] {dag.py:3490} INFO - Setting next_dagrun for tutorial_dag to None, run_after=None
[2023-06-09T06:08:04.787+0000] {processor.py:179} INFO - Processing /home/airflow/.local/lib/python3.7/site-packages/airflow/example_dags/tutorial_dag.py took 0.208 seconds
[2023-06-09T06:08:34.822+0000] {processor.py:157} INFO - Started process (PID=1229) to work on /home/airflow/.local/lib/python3.7/site-packages/airflow/example_dags/tutorial_dag.py
[2023-06-09T06:08:34.823+0000] {processor.py:826} INFO - Processing file /home/airflow/.local/lib/python3.7/site-packages/airflow/example_dags/tutorial_dag.py for tasks to queue
[2023-06-09T06:08:34.823+0000] {logging_mixin.py:149} INFO - [2023-06-09T06:08:34.823+0000] {dagbag.py:541} INFO - Filling up the DagBag from /home/airflow/.local/lib/python3.7/site-packages/airflow/example_dags/tutorial_dag.py
[2023-06-09T06:08:34.829+0000] {processor.py:836} INFO - DAG(s) dict_keys(['tutorial_dag']) retrieved from /home/airflow/.local/lib/python3.7/site-packages/airflow/example_dags/tutorial_dag.py
[2023-06-09T06:08:34.860+0000] {logging_mixin.py:149} INFO - [2023-06-09T06:08:34.859+0000] {dag.py:2726} INFO - Sync 1 DAGs
[2023-06-09T06:08:34.895+0000] {logging_mixin.py:149} INFO - [2023-06-09T06:08:34.894+0000] {dag.py:3490} INFO - Setting next_dagrun for tutorial_dag to None, run_after=None
[2023-06-09T06:08:34.919+0000] {processor.py:179} INFO - Processing /home/airflow/.local/lib/python3.7/site-packages/airflow/example_dags/tutorial_dag.py took 0.102 seconds
[2023-06-09T06:09:05.142+0000] {processor.py:157} INFO - Started process (PID=1282) to work on /home/airflow/.local/lib/python3.7/site-packages/airflow/example_dags/tutorial_dag.py
[2023-06-09T06:09:05.143+0000] {processor.py:826} INFO - Processing file /home/airflow/.local/lib/python3.7/site-packages/airflow/example_dags/tutorial_dag.py for tasks to queue
[2023-06-09T06:09:05.144+0000] {logging_mixin.py:149} INFO - [2023-06-09T06:09:05.144+0000] {dagbag.py:541} INFO - Filling up the DagBag from /home/airflow/.local/lib/python3.7/site-packages/airflow/example_dags/tutorial_dag.py
[2023-06-09T06:09:05.150+0000] {processor.py:836} INFO - DAG(s) dict_keys(['tutorial_dag']) retrieved from /home/airflow/.local/lib/python3.7/site-packages/airflow/example_dags/tutorial_dag.py
[2023-06-09T06:09:05.184+0000] {logging_mixin.py:149} INFO - [2023-06-09T06:09:05.184+0000] {dag.py:2726} INFO - Sync 1 DAGs
[2023-06-09T06:09:05.217+0000] {logging_mixin.py:149} INFO - [2023-06-09T06:09:05.217+0000] {dag.py:3490} INFO - Setting next_dagrun for tutorial_dag to None, run_after=None
[2023-06-09T06:09:05.245+0000] {processor.py:179} INFO - Processing /home/airflow/.local/lib/python3.7/site-packages/airflow/example_dags/tutorial_dag.py took 0.107 seconds
[2023-06-09T06:09:35.573+0000] {processor.py:157} INFO - Started process (PID=1337) to work on /home/airflow/.local/lib/python3.7/site-packages/airflow/example_dags/tutorial_dag.py
[2023-06-09T06:09:35.574+0000] {processor.py:826} INFO - Processing file /home/airflow/.local/lib/python3.7/site-packages/airflow/example_dags/tutorial_dag.py for tasks to queue
[2023-06-09T06:09:35.575+0000] {logging_mixin.py:149} INFO - [2023-06-09T06:09:35.575+0000] {dagbag.py:541} INFO - Filling up the DagBag from /home/airflow/.local/lib/python3.7/site-packages/airflow/example_dags/tutorial_dag.py
[2023-06-09T06:09:35.581+0000] {processor.py:836} INFO - DAG(s) dict_keys(['tutorial_dag']) retrieved from /home/airflow/.local/lib/python3.7/site-packages/airflow/example_dags/tutorial_dag.py
[2023-06-09T06:09:35.611+0000] {logging_mixin.py:149} INFO - [2023-06-09T06:09:35.611+0000] {dag.py:2726} INFO - Sync 1 DAGs
[2023-06-09T06:09:35.645+0000] {logging_mixin.py:149} INFO - [2023-06-09T06:09:35.645+0000] {dag.py:3490} INFO - Setting next_dagrun for tutorial_dag to None, run_after=None
[2023-06-09T06:09:35.670+0000] {processor.py:179} INFO - Processing /home/airflow/.local/lib/python3.7/site-packages/airflow/example_dags/tutorial_dag.py took 0.100 seconds
[2023-06-09T06:10:05.827+0000] {processor.py:157} INFO - Started process (PID=1391) to work on /home/airflow/.local/lib/python3.7/site-packages/airflow/example_dags/tutorial_dag.py
[2023-06-09T06:10:05.828+0000] {processor.py:826} INFO - Processing file /home/airflow/.local/lib/python3.7/site-packages/airflow/example_dags/tutorial_dag.py for tasks to queue
[2023-06-09T06:10:05.829+0000] {logging_mixin.py:149} INFO - [2023-06-09T06:10:05.829+0000] {dagbag.py:541} INFO - Filling up the DagBag from /home/airflow/.local/lib/python3.7/site-packages/airflow/example_dags/tutorial_dag.py
[2023-06-09T06:10:05.837+0000] {processor.py:836} INFO - DAG(s) dict_keys(['tutorial_dag']) retrieved from /home/airflow/.local/lib/python3.7/site-packages/airflow/example_dags/tutorial_dag.py
[2023-06-09T06:10:05.867+0000] {logging_mixin.py:149} INFO - [2023-06-09T06:10:05.867+0000] {dag.py:2726} INFO - Sync 1 DAGs
[2023-06-09T06:10:05.902+0000] {logging_mixin.py:149} INFO - [2023-06-09T06:10:05.902+0000] {dag.py:3490} INFO - Setting next_dagrun for tutorial_dag to None, run_after=None
[2023-06-09T06:10:05.925+0000] {processor.py:179} INFO - Processing /home/airflow/.local/lib/python3.7/site-packages/airflow/example_dags/tutorial_dag.py took 0.102 seconds
[2023-06-09T06:10:36.425+0000] {processor.py:157} INFO - Started process (PID=1444) to work on /home/airflow/.local/lib/python3.7/site-packages/airflow/example_dags/tutorial_dag.py
[2023-06-09T06:10:36.426+0000] {processor.py:826} INFO - Processing file /home/airflow/.local/lib/python3.7/site-packages/airflow/example_dags/tutorial_dag.py for tasks to queue
[2023-06-09T06:10:36.427+0000] {logging_mixin.py:149} INFO - [2023-06-09T06:10:36.427+0000] {dagbag.py:541} INFO - Filling up the DagBag from /home/airflow/.local/lib/python3.7/site-packages/airflow/example_dags/tutorial_dag.py
[2023-06-09T06:10:36.438+0000] {processor.py:836} INFO - DAG(s) dict_keys(['tutorial_dag']) retrieved from /home/airflow/.local/lib/python3.7/site-packages/airflow/example_dags/tutorial_dag.py
[2023-06-09T06:10:36.471+0000] {logging_mixin.py:149} INFO - [2023-06-09T06:10:36.471+0000] {dag.py:2726} INFO - Sync 1 DAGs
[2023-06-09T06:10:36.511+0000] {logging_mixin.py:149} INFO - [2023-06-09T06:10:36.511+0000] {dag.py:3490} INFO - Setting next_dagrun for tutorial_dag to None, run_after=None
[2023-06-09T06:10:36.535+0000] {processor.py:179} INFO - Processing /home/airflow/.local/lib/python3.7/site-packages/airflow/example_dags/tutorial_dag.py took 0.114 seconds
[2023-06-09T06:11:06.768+0000] {processor.py:157} INFO - Started process (PID=1497) to work on /home/airflow/.local/lib/python3.7/site-packages/airflow/example_dags/tutorial_dag.py
[2023-06-09T06:11:06.769+0000] {processor.py:826} INFO - Processing file /home/airflow/.local/lib/python3.7/site-packages/airflow/example_dags/tutorial_dag.py for tasks to queue
[2023-06-09T06:11:06.772+0000] {logging_mixin.py:149} INFO - [2023-06-09T06:11:06.772+0000] {dagbag.py:541} INFO - Filling up the DagBag from /home/airflow/.local/lib/python3.7/site-packages/airflow/example_dags/tutorial_dag.py
[2023-06-09T06:11:06.778+0000] {processor.py:836} INFO - DAG(s) dict_keys(['tutorial_dag']) retrieved from /home/airflow/.local/lib/python3.7/site-packages/airflow/example_dags/tutorial_dag.py
[2023-06-09T06:11:06.809+0000] {logging_mixin.py:149} INFO - [2023-06-09T06:11:06.809+0000] {dag.py:2726} INFO - Sync 1 DAGs
[2023-06-09T06:11:06.842+0000] {logging_mixin.py:149} INFO - [2023-06-09T06:11:06.842+0000] {dag.py:3490} INFO - Setting next_dagrun for tutorial_dag to None, run_after=None
[2023-06-09T06:11:06.866+0000] {processor.py:179} INFO - Processing /home/airflow/.local/lib/python3.7/site-packages/airflow/example_dags/tutorial_dag.py took 0.102 seconds
[2023-06-09T06:11:37.390+0000] {processor.py:157} INFO - Started process (PID=1551) to work on /home/airflow/.local/lib/python3.7/site-packages/airflow/example_dags/tutorial_dag.py
[2023-06-09T06:11:37.391+0000] {processor.py:826} INFO - Processing file /home/airflow/.local/lib/python3.7/site-packages/airflow/example_dags/tutorial_dag.py for tasks to queue
[2023-06-09T06:11:37.392+0000] {logging_mixin.py:149} INFO - [2023-06-09T06:11:37.391+0000] {dagbag.py:541} INFO - Filling up the DagBag from /home/airflow/.local/lib/python3.7/site-packages/airflow/example_dags/tutorial_dag.py
[2023-06-09T06:11:37.399+0000] {processor.py:836} INFO - DAG(s) dict_keys(['tutorial_dag']) retrieved from /home/airflow/.local/lib/python3.7/site-packages/airflow/example_dags/tutorial_dag.py
[2023-06-09T06:11:37.438+0000] {logging_mixin.py:149} INFO - [2023-06-09T06:11:37.438+0000] {dag.py:2726} INFO - Sync 1 DAGs
[2023-06-09T06:11:37.479+0000] {logging_mixin.py:149} INFO - [2023-06-09T06:11:37.479+0000] {dag.py:3490} INFO - Setting next_dagrun for tutorial_dag to None, run_after=None
[2023-06-09T06:11:37.502+0000] {processor.py:179} INFO - Processing /home/airflow/.local/lib/python3.7/site-packages/airflow/example_dags/tutorial_dag.py took 0.116 seconds
[2023-06-09T06:12:07.673+0000] {processor.py:157} INFO - Started process (PID=1606) to work on /home/airflow/.local/lib/python3.7/site-packages/airflow/example_dags/tutorial_dag.py
[2023-06-09T06:12:07.674+0000] {processor.py:826} INFO - Processing file /home/airflow/.local/lib/python3.7/site-packages/airflow/example_dags/tutorial_dag.py for tasks to queue
[2023-06-09T06:12:07.675+0000] {logging_mixin.py:149} INFO - [2023-06-09T06:12:07.675+0000] {dagbag.py:541} INFO - Filling up the DagBag from /home/airflow/.local/lib/python3.7/site-packages/airflow/example_dags/tutorial_dag.py
[2023-06-09T06:12:07.681+0000] {processor.py:836} INFO - DAG(s) dict_keys(['tutorial_dag']) retrieved from /home/airflow/.local/lib/python3.7/site-packages/airflow/example_dags/tutorial_dag.py
[2023-06-09T06:12:07.710+0000] {logging_mixin.py:149} INFO - [2023-06-09T06:12:07.709+0000] {dag.py:2726} INFO - Sync 1 DAGs
[2023-06-09T06:12:07.741+0000] {logging_mixin.py:149} INFO - [2023-06-09T06:12:07.741+0000] {dag.py:3490} INFO - Setting next_dagrun for tutorial_dag to None, run_after=None
[2023-06-09T06:12:07.765+0000] {processor.py:179} INFO - Processing /home/airflow/.local/lib/python3.7/site-packages/airflow/example_dags/tutorial_dag.py took 0.097 seconds
[2023-06-09T06:12:38.397+0000] {processor.py:157} INFO - Started process (PID=1660) to work on /home/airflow/.local/lib/python3.7/site-packages/airflow/example_dags/tutorial_dag.py
[2023-06-09T06:12:38.404+0000] {processor.py:826} INFO - Processing file /home/airflow/.local/lib/python3.7/site-packages/airflow/example_dags/tutorial_dag.py for tasks to queue
[2023-06-09T06:12:38.405+0000] {logging_mixin.py:149} INFO - [2023-06-09T06:12:38.404+0000] {dagbag.py:541} INFO - Filling up the DagBag from /home/airflow/.local/lib/python3.7/site-packages/airflow/example_dags/tutorial_dag.py
[2023-06-09T06:12:38.413+0000] {processor.py:836} INFO - DAG(s) dict_keys(['tutorial_dag']) retrieved from /home/airflow/.local/lib/python3.7/site-packages/airflow/example_dags/tutorial_dag.py
[2023-06-09T06:12:38.474+0000] {logging_mixin.py:149} INFO - [2023-06-09T06:12:38.474+0000] {dag.py:2726} INFO - Sync 1 DAGs
[2023-06-09T06:12:38.556+0000] {logging_mixin.py:149} INFO - [2023-06-09T06:12:38.556+0000] {dag.py:3490} INFO - Setting next_dagrun for tutorial_dag to None, run_after=None
[2023-06-09T06:12:38.606+0000] {processor.py:179} INFO - Processing /home/airflow/.local/lib/python3.7/site-packages/airflow/example_dags/tutorial_dag.py took 0.213 seconds
[2023-06-09T06:13:08.665+0000] {processor.py:157} INFO - Started process (PID=1714) to work on /home/airflow/.local/lib/python3.7/site-packages/airflow/example_dags/tutorial_dag.py
[2023-06-09T06:13:08.667+0000] {processor.py:826} INFO - Processing file /home/airflow/.local/lib/python3.7/site-packages/airflow/example_dags/tutorial_dag.py for tasks to queue
[2023-06-09T06:13:08.667+0000] {logging_mixin.py:149} INFO - [2023-06-09T06:13:08.667+0000] {dagbag.py:541} INFO - Filling up the DagBag from /home/airflow/.local/lib/python3.7/site-packages/airflow/example_dags/tutorial_dag.py
[2023-06-09T06:13:08.675+0000] {processor.py:836} INFO - DAG(s) dict_keys(['tutorial_dag']) retrieved from /home/airflow/.local/lib/python3.7/site-packages/airflow/example_dags/tutorial_dag.py
[2023-06-09T06:13:08.723+0000] {logging_mixin.py:149} INFO - [2023-06-09T06:13:08.722+0000] {dag.py:2726} INFO - Sync 1 DAGs
[2023-06-09T06:13:08.756+0000] {logging_mixin.py:149} INFO - [2023-06-09T06:13:08.756+0000] {dag.py:3490} INFO - Setting next_dagrun for tutorial_dag to None, run_after=None
[2023-06-09T06:13:08.781+0000] {processor.py:179} INFO - Processing /home/airflow/.local/lib/python3.7/site-packages/airflow/example_dags/tutorial_dag.py took 0.120 seconds
[2023-06-09T06:13:39.042+0000] {processor.py:157} INFO - Started process (PID=1768) to work on /home/airflow/.local/lib/python3.7/site-packages/airflow/example_dags/tutorial_dag.py
[2023-06-09T06:13:39.043+0000] {processor.py:826} INFO - Processing file /home/airflow/.local/lib/python3.7/site-packages/airflow/example_dags/tutorial_dag.py for tasks to queue
[2023-06-09T06:13:39.044+0000] {logging_mixin.py:149} INFO - [2023-06-09T06:13:39.044+0000] {dagbag.py:541} INFO - Filling up the DagBag from /home/airflow/.local/lib/python3.7/site-packages/airflow/example_dags/tutorial_dag.py
[2023-06-09T06:13:39.050+0000] {processor.py:836} INFO - DAG(s) dict_keys(['tutorial_dag']) retrieved from /home/airflow/.local/lib/python3.7/site-packages/airflow/example_dags/tutorial_dag.py
[2023-06-09T06:13:39.078+0000] {logging_mixin.py:149} INFO - [2023-06-09T06:13:39.078+0000] {dag.py:2726} INFO - Sync 1 DAGs
[2023-06-09T06:13:39.111+0000] {logging_mixin.py:149} INFO - [2023-06-09T06:13:39.111+0000] {dag.py:3490} INFO - Setting next_dagrun for tutorial_dag to None, run_after=None
[2023-06-09T06:13:39.134+0000] {processor.py:179} INFO - Processing /home/airflow/.local/lib/python3.7/site-packages/airflow/example_dags/tutorial_dag.py took 0.095 seconds
[2023-06-09T06:14:09.620+0000] {processor.py:157} INFO - Started process (PID=1821) to work on /home/airflow/.local/lib/python3.7/site-packages/airflow/example_dags/tutorial_dag.py
[2023-06-09T06:14:09.631+0000] {processor.py:826} INFO - Processing file /home/airflow/.local/lib/python3.7/site-packages/airflow/example_dags/tutorial_dag.py for tasks to queue
[2023-06-09T06:14:09.632+0000] {logging_mixin.py:149} INFO - [2023-06-09T06:14:09.631+0000] {dagbag.py:541} INFO - Filling up the DagBag from /home/airflow/.local/lib/python3.7/site-packages/airflow/example_dags/tutorial_dag.py
[2023-06-09T06:14:09.638+0000] {processor.py:836} INFO - DAG(s) dict_keys(['tutorial_dag']) retrieved from /home/airflow/.local/lib/python3.7/site-packages/airflow/example_dags/tutorial_dag.py
[2023-06-09T06:14:09.720+0000] {logging_mixin.py:149} INFO - [2023-06-09T06:14:09.720+0000] {dag.py:2726} INFO - Sync 1 DAGs
[2023-06-09T06:14:09.780+0000] {logging_mixin.py:149} INFO - [2023-06-09T06:14:09.780+0000] {dag.py:3490} INFO - Setting next_dagrun for tutorial_dag to None, run_after=None
[2023-06-09T06:14:09.828+0000] {processor.py:179} INFO - Processing /home/airflow/.local/lib/python3.7/site-packages/airflow/example_dags/tutorial_dag.py took 0.212 seconds
[2023-06-09T06:14:40.150+0000] {processor.py:157} INFO - Started process (PID=1875) to work on /home/airflow/.local/lib/python3.7/site-packages/airflow/example_dags/tutorial_dag.py
[2023-06-09T06:14:40.151+0000] {processor.py:826} INFO - Processing file /home/airflow/.local/lib/python3.7/site-packages/airflow/example_dags/tutorial_dag.py for tasks to queue
[2023-06-09T06:14:40.152+0000] {logging_mixin.py:149} INFO - [2023-06-09T06:14:40.152+0000] {dagbag.py:541} INFO - Filling up the DagBag from /home/airflow/.local/lib/python3.7/site-packages/airflow/example_dags/tutorial_dag.py
[2023-06-09T06:14:40.158+0000] {processor.py:836} INFO - DAG(s) dict_keys(['tutorial_dag']) retrieved from /home/airflow/.local/lib/python3.7/site-packages/airflow/example_dags/tutorial_dag.py
[2023-06-09T06:14:40.190+0000] {logging_mixin.py:149} INFO - [2023-06-09T06:14:40.190+0000] {dag.py:2726} INFO - Sync 1 DAGs
[2023-06-09T06:14:40.226+0000] {logging_mixin.py:149} INFO - [2023-06-09T06:14:40.226+0000] {dag.py:3490} INFO - Setting next_dagrun for tutorial_dag to None, run_after=None
[2023-06-09T06:14:40.249+0000] {processor.py:179} INFO - Processing /home/airflow/.local/lib/python3.7/site-packages/airflow/example_dags/tutorial_dag.py took 0.103 seconds
[2023-06-09T06:15:10.615+0000] {processor.py:157} INFO - Started process (PID=1929) to work on /home/airflow/.local/lib/python3.7/site-packages/airflow/example_dags/tutorial_dag.py
[2023-06-09T06:15:10.616+0000] {processor.py:826} INFO - Processing file /home/airflow/.local/lib/python3.7/site-packages/airflow/example_dags/tutorial_dag.py for tasks to queue
[2023-06-09T06:15:10.617+0000] {logging_mixin.py:149} INFO - [2023-06-09T06:15:10.617+0000] {dagbag.py:541} INFO - Filling up the DagBag from /home/airflow/.local/lib/python3.7/site-packages/airflow/example_dags/tutorial_dag.py
[2023-06-09T06:15:10.623+0000] {processor.py:836} INFO - DAG(s) dict_keys(['tutorial_dag']) retrieved from /home/airflow/.local/lib/python3.7/site-packages/airflow/example_dags/tutorial_dag.py
[2023-06-09T06:15:10.652+0000] {logging_mixin.py:149} INFO - [2023-06-09T06:15:10.652+0000] {dag.py:2726} INFO - Sync 1 DAGs
[2023-06-09T06:15:10.686+0000] {logging_mixin.py:149} INFO - [2023-06-09T06:15:10.686+0000] {dag.py:3490} INFO - Setting next_dagrun for tutorial_dag to None, run_after=None
[2023-06-09T06:15:10.715+0000] {processor.py:179} INFO - Processing /home/airflow/.local/lib/python3.7/site-packages/airflow/example_dags/tutorial_dag.py took 0.104 seconds
[2023-06-09T06:15:41.132+0000] {processor.py:157} INFO - Started process (PID=1982) to work on /home/airflow/.local/lib/python3.7/site-packages/airflow/example_dags/tutorial_dag.py
[2023-06-09T06:15:41.133+0000] {processor.py:826} INFO - Processing file /home/airflow/.local/lib/python3.7/site-packages/airflow/example_dags/tutorial_dag.py for tasks to queue
[2023-06-09T06:15:41.134+0000] {logging_mixin.py:149} INFO - [2023-06-09T06:15:41.134+0000] {dagbag.py:541} INFO - Filling up the DagBag from /home/airflow/.local/lib/python3.7/site-packages/airflow/example_dags/tutorial_dag.py
[2023-06-09T06:15:41.141+0000] {processor.py:836} INFO - DAG(s) dict_keys(['tutorial_dag']) retrieved from /home/airflow/.local/lib/python3.7/site-packages/airflow/example_dags/tutorial_dag.py
[2023-06-09T06:15:41.171+0000] {logging_mixin.py:149} INFO - [2023-06-09T06:15:41.171+0000] {dag.py:2726} INFO - Sync 1 DAGs
[2023-06-09T06:15:41.204+0000] {logging_mixin.py:149} INFO - [2023-06-09T06:15:41.203+0000] {dag.py:3490} INFO - Setting next_dagrun for tutorial_dag to None, run_after=None
[2023-06-09T06:15:41.226+0000] {processor.py:179} INFO - Processing /home/airflow/.local/lib/python3.7/site-packages/airflow/example_dags/tutorial_dag.py took 0.098 seconds
[2023-06-09T06:16:11.270+0000] {processor.py:157} INFO - Started process (PID=2036) to work on /home/airflow/.local/lib/python3.7/site-packages/airflow/example_dags/tutorial_dag.py
[2023-06-09T06:16:11.271+0000] {processor.py:826} INFO - Processing file /home/airflow/.local/lib/python3.7/site-packages/airflow/example_dags/tutorial_dag.py for tasks to queue
[2023-06-09T06:16:11.272+0000] {logging_mixin.py:149} INFO - [2023-06-09T06:16:11.272+0000] {dagbag.py:541} INFO - Filling up the DagBag from /home/airflow/.local/lib/python3.7/site-packages/airflow/example_dags/tutorial_dag.py
[2023-06-09T06:16:11.278+0000] {processor.py:836} INFO - DAG(s) dict_keys(['tutorial_dag']) retrieved from /home/airflow/.local/lib/python3.7/site-packages/airflow/example_dags/tutorial_dag.py
[2023-06-09T06:16:11.309+0000] {logging_mixin.py:149} INFO - [2023-06-09T06:16:11.309+0000] {dag.py:2726} INFO - Sync 1 DAGs
[2023-06-09T06:16:11.343+0000] {logging_mixin.py:149} INFO - [2023-06-09T06:16:11.343+0000] {dag.py:3490} INFO - Setting next_dagrun for tutorial_dag to None, run_after=None
[2023-06-09T06:16:11.367+0000] {processor.py:179} INFO - Processing /home/airflow/.local/lib/python3.7/site-packages/airflow/example_dags/tutorial_dag.py took 0.102 seconds
[2023-06-09T06:16:41.909+0000] {processor.py:157} INFO - Started process (PID=2090) to work on /home/airflow/.local/lib/python3.7/site-packages/airflow/example_dags/tutorial_dag.py
[2023-06-09T06:16:41.910+0000] {processor.py:826} INFO - Processing file /home/airflow/.local/lib/python3.7/site-packages/airflow/example_dags/tutorial_dag.py for tasks to queue
[2023-06-09T06:16:41.911+0000] {logging_mixin.py:149} INFO - [2023-06-09T06:16:41.911+0000] {dagbag.py:541} INFO - Filling up the DagBag from /home/airflow/.local/lib/python3.7/site-packages/airflow/example_dags/tutorial_dag.py
[2023-06-09T06:16:41.917+0000] {processor.py:836} INFO - DAG(s) dict_keys(['tutorial_dag']) retrieved from /home/airflow/.local/lib/python3.7/site-packages/airflow/example_dags/tutorial_dag.py
[2023-06-09T06:16:41.946+0000] {logging_mixin.py:149} INFO - [2023-06-09T06:16:41.946+0000] {dag.py:2726} INFO - Sync 1 DAGs
[2023-06-09T06:16:41.979+0000] {logging_mixin.py:149} INFO - [2023-06-09T06:16:41.979+0000] {dag.py:3490} INFO - Setting next_dagrun for tutorial_dag to None, run_after=None
[2023-06-09T06:16:42.007+0000] {processor.py:179} INFO - Processing /home/airflow/.local/lib/python3.7/site-packages/airflow/example_dags/tutorial_dag.py took 0.102 seconds
[2023-06-09T06:17:12.409+0000] {processor.py:157} INFO - Started process (PID=2144) to work on /home/airflow/.local/lib/python3.7/site-packages/airflow/example_dags/tutorial_dag.py
[2023-06-09T06:17:12.411+0000] {processor.py:826} INFO - Processing file /home/airflow/.local/lib/python3.7/site-packages/airflow/example_dags/tutorial_dag.py for tasks to queue
[2023-06-09T06:17:12.412+0000] {logging_mixin.py:149} INFO - [2023-06-09T06:17:12.412+0000] {dagbag.py:541} INFO - Filling up the DagBag from /home/airflow/.local/lib/python3.7/site-packages/airflow/example_dags/tutorial_dag.py
[2023-06-09T06:17:12.417+0000] {processor.py:836} INFO - DAG(s) dict_keys(['tutorial_dag']) retrieved from /home/airflow/.local/lib/python3.7/site-packages/airflow/example_dags/tutorial_dag.py
[2023-06-09T06:17:12.459+0000] {logging_mixin.py:149} INFO - [2023-06-09T06:17:12.459+0000] {dag.py:2726} INFO - Sync 1 DAGs
[2023-06-09T06:17:12.494+0000] {logging_mixin.py:149} INFO - [2023-06-09T06:17:12.493+0000] {dag.py:3490} INFO - Setting next_dagrun for tutorial_dag to None, run_after=None
[2023-06-09T06:17:12.518+0000] {processor.py:179} INFO - Processing /home/airflow/.local/lib/python3.7/site-packages/airflow/example_dags/tutorial_dag.py took 0.112 seconds
[2023-06-09T06:17:42.837+0000] {processor.py:157} INFO - Started process (PID=2198) to work on /home/airflow/.local/lib/python3.7/site-packages/airflow/example_dags/tutorial_dag.py
[2023-06-09T06:17:42.838+0000] {processor.py:826} INFO - Processing file /home/airflow/.local/lib/python3.7/site-packages/airflow/example_dags/tutorial_dag.py for tasks to queue
[2023-06-09T06:17:42.838+0000] {logging_mixin.py:149} INFO - [2023-06-09T06:17:42.838+0000] {dagbag.py:541} INFO - Filling up the DagBag from /home/airflow/.local/lib/python3.7/site-packages/airflow/example_dags/tutorial_dag.py
[2023-06-09T06:17:42.844+0000] {processor.py:836} INFO - DAG(s) dict_keys(['tutorial_dag']) retrieved from /home/airflow/.local/lib/python3.7/site-packages/airflow/example_dags/tutorial_dag.py
[2023-06-09T06:17:42.873+0000] {logging_mixin.py:149} INFO - [2023-06-09T06:17:42.873+0000] {dag.py:2726} INFO - Sync 1 DAGs
[2023-06-09T06:17:42.905+0000] {logging_mixin.py:149} INFO - [2023-06-09T06:17:42.905+0000] {dag.py:3490} INFO - Setting next_dagrun for tutorial_dag to None, run_after=None
[2023-06-09T06:17:42.928+0000] {processor.py:179} INFO - Processing /home/airflow/.local/lib/python3.7/site-packages/airflow/example_dags/tutorial_dag.py took 0.095 seconds
[2023-06-09T06:18:13.336+0000] {processor.py:157} INFO - Started process (PID=2249) to work on /home/airflow/.local/lib/python3.7/site-packages/airflow/example_dags/tutorial_dag.py
[2023-06-09T06:18:13.337+0000] {processor.py:826} INFO - Processing file /home/airflow/.local/lib/python3.7/site-packages/airflow/example_dags/tutorial_dag.py for tasks to queue
[2023-06-09T06:18:13.338+0000] {logging_mixin.py:149} INFO - [2023-06-09T06:18:13.338+0000] {dagbag.py:541} INFO - Filling up the DagBag from /home/airflow/.local/lib/python3.7/site-packages/airflow/example_dags/tutorial_dag.py
[2023-06-09T06:18:13.346+0000] {processor.py:836} INFO - DAG(s) dict_keys(['tutorial_dag']) retrieved from /home/airflow/.local/lib/python3.7/site-packages/airflow/example_dags/tutorial_dag.py
[2023-06-09T06:18:13.402+0000] {logging_mixin.py:149} INFO - [2023-06-09T06:18:13.402+0000] {dag.py:2726} INFO - Sync 1 DAGs
[2023-06-09T06:18:13.465+0000] {logging_mixin.py:149} INFO - [2023-06-09T06:18:13.465+0000] {dag.py:3490} INFO - Setting next_dagrun for tutorial_dag to None, run_after=None
[2023-06-09T06:18:13.506+0000] {processor.py:179} INFO - Processing /home/airflow/.local/lib/python3.7/site-packages/airflow/example_dags/tutorial_dag.py took 0.174 seconds
[2023-06-09T06:18:44.330+0000] {processor.py:157} INFO - Started process (PID=2303) to work on /home/airflow/.local/lib/python3.7/site-packages/airflow/example_dags/tutorial_dag.py
[2023-06-09T06:18:44.336+0000] {processor.py:826} INFO - Processing file /home/airflow/.local/lib/python3.7/site-packages/airflow/example_dags/tutorial_dag.py for tasks to queue
[2023-06-09T06:18:44.337+0000] {logging_mixin.py:149} INFO - [2023-06-09T06:18:44.337+0000] {dagbag.py:541} INFO - Filling up the DagBag from /home/airflow/.local/lib/python3.7/site-packages/airflow/example_dags/tutorial_dag.py
[2023-06-09T06:18:44.343+0000] {processor.py:836} INFO - DAG(s) dict_keys(['tutorial_dag']) retrieved from /home/airflow/.local/lib/python3.7/site-packages/airflow/example_dags/tutorial_dag.py
[2023-06-09T06:18:44.374+0000] {logging_mixin.py:149} INFO - [2023-06-09T06:18:44.374+0000] {dag.py:2726} INFO - Sync 1 DAGs
[2023-06-09T06:18:44.431+0000] {logging_mixin.py:149} INFO - [2023-06-09T06:18:44.431+0000] {dag.py:3490} INFO - Setting next_dagrun for tutorial_dag to None, run_after=None
[2023-06-09T06:18:44.484+0000] {processor.py:179} INFO - Processing /home/airflow/.local/lib/python3.7/site-packages/airflow/example_dags/tutorial_dag.py took 0.158 seconds
[2023-06-09T06:19:14.826+0000] {processor.py:157} INFO - Started process (PID=2357) to work on /home/airflow/.local/lib/python3.7/site-packages/airflow/example_dags/tutorial_dag.py
[2023-06-09T06:19:14.827+0000] {processor.py:826} INFO - Processing file /home/airflow/.local/lib/python3.7/site-packages/airflow/example_dags/tutorial_dag.py for tasks to queue
[2023-06-09T06:19:14.828+0000] {logging_mixin.py:149} INFO - [2023-06-09T06:19:14.828+0000] {dagbag.py:541} INFO - Filling up the DagBag from /home/airflow/.local/lib/python3.7/site-packages/airflow/example_dags/tutorial_dag.py
[2023-06-09T06:19:14.833+0000] {processor.py:836} INFO - DAG(s) dict_keys(['tutorial_dag']) retrieved from /home/airflow/.local/lib/python3.7/site-packages/airflow/example_dags/tutorial_dag.py
[2023-06-09T06:19:14.862+0000] {logging_mixin.py:149} INFO - [2023-06-09T06:19:14.862+0000] {dag.py:2726} INFO - Sync 1 DAGs
[2023-06-09T06:19:14.895+0000] {logging_mixin.py:149} INFO - [2023-06-09T06:19:14.895+0000] {dag.py:3490} INFO - Setting next_dagrun for tutorial_dag to None, run_after=None
[2023-06-09T06:19:14.918+0000] {processor.py:179} INFO - Processing /home/airflow/.local/lib/python3.7/site-packages/airflow/example_dags/tutorial_dag.py took 0.095 seconds
[2023-06-09T06:19:45.618+0000] {processor.py:157} INFO - Started process (PID=2412) to work on /home/airflow/.local/lib/python3.7/site-packages/airflow/example_dags/tutorial_dag.py
[2023-06-09T06:19:45.620+0000] {processor.py:826} INFO - Processing file /home/airflow/.local/lib/python3.7/site-packages/airflow/example_dags/tutorial_dag.py for tasks to queue
[2023-06-09T06:19:45.620+0000] {logging_mixin.py:149} INFO - [2023-06-09T06:19:45.620+0000] {dagbag.py:541} INFO - Filling up the DagBag from /home/airflow/.local/lib/python3.7/site-packages/airflow/example_dags/tutorial_dag.py
[2023-06-09T06:19:45.626+0000] {processor.py:836} INFO - DAG(s) dict_keys(['tutorial_dag']) retrieved from /home/airflow/.local/lib/python3.7/site-packages/airflow/example_dags/tutorial_dag.py
[2023-06-09T06:19:45.657+0000] {logging_mixin.py:149} INFO - [2023-06-09T06:19:45.657+0000] {dag.py:2726} INFO - Sync 1 DAGs
[2023-06-09T06:19:45.690+0000] {logging_mixin.py:149} INFO - [2023-06-09T06:19:45.689+0000] {dag.py:3490} INFO - Setting next_dagrun for tutorial_dag to None, run_after=None
[2023-06-09T06:19:45.714+0000] {processor.py:179} INFO - Processing /home/airflow/.local/lib/python3.7/site-packages/airflow/example_dags/tutorial_dag.py took 0.100 seconds
[2023-06-09T06:20:16.281+0000] {processor.py:157} INFO - Started process (PID=2466) to work on /home/airflow/.local/lib/python3.7/site-packages/airflow/example_dags/tutorial_dag.py
[2023-06-09T06:20:16.287+0000] {processor.py:826} INFO - Processing file /home/airflow/.local/lib/python3.7/site-packages/airflow/example_dags/tutorial_dag.py for tasks to queue
[2023-06-09T06:20:16.288+0000] {logging_mixin.py:149} INFO - [2023-06-09T06:20:16.288+0000] {dagbag.py:541} INFO - Filling up the DagBag from /home/airflow/.local/lib/python3.7/site-packages/airflow/example_dags/tutorial_dag.py
[2023-06-09T06:20:16.300+0000] {processor.py:836} INFO - DAG(s) dict_keys(['tutorial_dag']) retrieved from /home/airflow/.local/lib/python3.7/site-packages/airflow/example_dags/tutorial_dag.py
[2023-06-09T06:20:16.342+0000] {logging_mixin.py:149} INFO - [2023-06-09T06:20:16.342+0000] {dag.py:2726} INFO - Sync 1 DAGs
[2023-06-09T06:20:16.379+0000] {logging_mixin.py:149} INFO - [2023-06-09T06:20:16.375+0000] {dag.py:3490} INFO - Setting next_dagrun for tutorial_dag to None, run_after=None
[2023-06-09T06:20:16.405+0000] {processor.py:179} INFO - Processing /home/airflow/.local/lib/python3.7/site-packages/airflow/example_dags/tutorial_dag.py took 0.136 seconds
[2023-06-09T06:20:46.565+0000] {processor.py:157} INFO - Started process (PID=2520) to work on /home/airflow/.local/lib/python3.7/site-packages/airflow/example_dags/tutorial_dag.py
[2023-06-09T06:20:46.566+0000] {processor.py:826} INFO - Processing file /home/airflow/.local/lib/python3.7/site-packages/airflow/example_dags/tutorial_dag.py for tasks to queue
[2023-06-09T06:20:46.567+0000] {logging_mixin.py:149} INFO - [2023-06-09T06:20:46.567+0000] {dagbag.py:541} INFO - Filling up the DagBag from /home/airflow/.local/lib/python3.7/site-packages/airflow/example_dags/tutorial_dag.py
[2023-06-09T06:20:46.573+0000] {processor.py:836} INFO - DAG(s) dict_keys(['tutorial_dag']) retrieved from /home/airflow/.local/lib/python3.7/site-packages/airflow/example_dags/tutorial_dag.py
[2023-06-09T06:20:46.602+0000] {logging_mixin.py:149} INFO - [2023-06-09T06:20:46.602+0000] {dag.py:2726} INFO - Sync 1 DAGs
[2023-06-09T06:20:46.634+0000] {logging_mixin.py:149} INFO - [2023-06-09T06:20:46.634+0000] {dag.py:3490} INFO - Setting next_dagrun for tutorial_dag to None, run_after=None
[2023-06-09T06:20:46.656+0000] {processor.py:179} INFO - Processing /home/airflow/.local/lib/python3.7/site-packages/airflow/example_dags/tutorial_dag.py took 0.095 seconds
[2023-06-09T06:21:16.734+0000] {processor.py:157} INFO - Started process (PID=2574) to work on /home/airflow/.local/lib/python3.7/site-packages/airflow/example_dags/tutorial_dag.py
[2023-06-09T06:21:16.735+0000] {processor.py:826} INFO - Processing file /home/airflow/.local/lib/python3.7/site-packages/airflow/example_dags/tutorial_dag.py for tasks to queue
[2023-06-09T06:21:16.736+0000] {logging_mixin.py:149} INFO - [2023-06-09T06:21:16.736+0000] {dagbag.py:541} INFO - Filling up the DagBag from /home/airflow/.local/lib/python3.7/site-packages/airflow/example_dags/tutorial_dag.py
[2023-06-09T06:21:16.742+0000] {processor.py:836} INFO - DAG(s) dict_keys(['tutorial_dag']) retrieved from /home/airflow/.local/lib/python3.7/site-packages/airflow/example_dags/tutorial_dag.py
[2023-06-09T06:21:16.771+0000] {logging_mixin.py:149} INFO - [2023-06-09T06:21:16.771+0000] {dag.py:2726} INFO - Sync 1 DAGs
[2023-06-09T06:21:16.802+0000] {logging_mixin.py:149} INFO - [2023-06-09T06:21:16.802+0000] {dag.py:3490} INFO - Setting next_dagrun for tutorial_dag to None, run_after=None
[2023-06-09T06:21:16.826+0000] {processor.py:179} INFO - Processing /home/airflow/.local/lib/python3.7/site-packages/airflow/example_dags/tutorial_dag.py took 0.097 seconds
[2023-06-09T06:21:47.394+0000] {processor.py:157} INFO - Started process (PID=2628) to work on /home/airflow/.local/lib/python3.7/site-packages/airflow/example_dags/tutorial_dag.py
[2023-06-09T06:21:47.395+0000] {processor.py:826} INFO - Processing file /home/airflow/.local/lib/python3.7/site-packages/airflow/example_dags/tutorial_dag.py for tasks to queue
[2023-06-09T06:21:47.396+0000] {logging_mixin.py:149} INFO - [2023-06-09T06:21:47.396+0000] {dagbag.py:541} INFO - Filling up the DagBag from /home/airflow/.local/lib/python3.7/site-packages/airflow/example_dags/tutorial_dag.py
[2023-06-09T06:21:47.402+0000] {processor.py:836} INFO - DAG(s) dict_keys(['tutorial_dag']) retrieved from /home/airflow/.local/lib/python3.7/site-packages/airflow/example_dags/tutorial_dag.py
[2023-06-09T06:21:47.432+0000] {logging_mixin.py:149} INFO - [2023-06-09T06:21:47.431+0000] {dag.py:2726} INFO - Sync 1 DAGs
[2023-06-09T06:21:47.465+0000] {logging_mixin.py:149} INFO - [2023-06-09T06:21:47.465+0000] {dag.py:3490} INFO - Setting next_dagrun for tutorial_dag to None, run_after=None
[2023-06-09T06:21:47.488+0000] {processor.py:179} INFO - Processing /home/airflow/.local/lib/python3.7/site-packages/airflow/example_dags/tutorial_dag.py took 0.098 seconds
[2023-06-09T06:22:18.073+0000] {processor.py:157} INFO - Started process (PID=2682) to work on /home/airflow/.local/lib/python3.7/site-packages/airflow/example_dags/tutorial_dag.py
[2023-06-09T06:22:18.078+0000] {processor.py:826} INFO - Processing file /home/airflow/.local/lib/python3.7/site-packages/airflow/example_dags/tutorial_dag.py for tasks to queue
[2023-06-09T06:22:18.079+0000] {logging_mixin.py:149} INFO - [2023-06-09T06:22:18.079+0000] {dagbag.py:541} INFO - Filling up the DagBag from /home/airflow/.local/lib/python3.7/site-packages/airflow/example_dags/tutorial_dag.py
[2023-06-09T06:22:18.085+0000] {processor.py:836} INFO - DAG(s) dict_keys(['tutorial_dag']) retrieved from /home/airflow/.local/lib/python3.7/site-packages/airflow/example_dags/tutorial_dag.py
[2023-06-09T06:22:18.126+0000] {logging_mixin.py:149} INFO - [2023-06-09T06:22:18.126+0000] {dag.py:2726} INFO - Sync 1 DAGs
[2023-06-09T06:22:18.161+0000] {logging_mixin.py:149} INFO - [2023-06-09T06:22:18.161+0000] {dag.py:3490} INFO - Setting next_dagrun for tutorial_dag to None, run_after=None
[2023-06-09T06:22:18.211+0000] {processor.py:179} INFO - Processing /home/airflow/.local/lib/python3.7/site-packages/airflow/example_dags/tutorial_dag.py took 0.150 seconds
[2023-06-09T06:22:48.638+0000] {processor.py:157} INFO - Started process (PID=2736) to work on /home/airflow/.local/lib/python3.7/site-packages/airflow/example_dags/tutorial_dag.py
[2023-06-09T06:22:48.639+0000] {processor.py:826} INFO - Processing file /home/airflow/.local/lib/python3.7/site-packages/airflow/example_dags/tutorial_dag.py for tasks to queue
[2023-06-09T06:22:48.639+0000] {logging_mixin.py:149} INFO - [2023-06-09T06:22:48.639+0000] {dagbag.py:541} INFO - Filling up the DagBag from /home/airflow/.local/lib/python3.7/site-packages/airflow/example_dags/tutorial_dag.py
[2023-06-09T06:22:48.646+0000] {processor.py:836} INFO - DAG(s) dict_keys(['tutorial_dag']) retrieved from /home/airflow/.local/lib/python3.7/site-packages/airflow/example_dags/tutorial_dag.py
[2023-06-09T06:22:48.676+0000] {logging_mixin.py:149} INFO - [2023-06-09T06:22:48.676+0000] {dag.py:2726} INFO - Sync 1 DAGs
[2023-06-09T06:22:48.712+0000] {logging_mixin.py:149} INFO - [2023-06-09T06:22:48.712+0000] {dag.py:3490} INFO - Setting next_dagrun for tutorial_dag to None, run_after=None
[2023-06-09T06:22:48.736+0000] {processor.py:179} INFO - Processing /home/airflow/.local/lib/python3.7/site-packages/airflow/example_dags/tutorial_dag.py took 0.102 seconds
[2023-06-09T06:23:18.988+0000] {processor.py:157} INFO - Started process (PID=2790) to work on /home/airflow/.local/lib/python3.7/site-packages/airflow/example_dags/tutorial_dag.py
[2023-06-09T06:23:18.991+0000] {processor.py:826} INFO - Processing file /home/airflow/.local/lib/python3.7/site-packages/airflow/example_dags/tutorial_dag.py for tasks to queue
[2023-06-09T06:23:18.992+0000] {logging_mixin.py:149} INFO - [2023-06-09T06:23:18.992+0000] {dagbag.py:541} INFO - Filling up the DagBag from /home/airflow/.local/lib/python3.7/site-packages/airflow/example_dags/tutorial_dag.py
[2023-06-09T06:23:18.998+0000] {processor.py:836} INFO - DAG(s) dict_keys(['tutorial_dag']) retrieved from /home/airflow/.local/lib/python3.7/site-packages/airflow/example_dags/tutorial_dag.py
[2023-06-09T06:23:19.029+0000] {logging_mixin.py:149} INFO - [2023-06-09T06:23:19.029+0000] {dag.py:2726} INFO - Sync 1 DAGs
[2023-06-09T06:23:19.063+0000] {logging_mixin.py:149} INFO - [2023-06-09T06:23:19.063+0000] {dag.py:3490} INFO - Setting next_dagrun for tutorial_dag to None, run_after=None
[2023-06-09T06:23:19.088+0000] {processor.py:179} INFO - Processing /home/airflow/.local/lib/python3.7/site-packages/airflow/example_dags/tutorial_dag.py took 0.104 seconds
[2023-06-09T06:23:49.466+0000] {processor.py:157} INFO - Started process (PID=2843) to work on /home/airflow/.local/lib/python3.7/site-packages/airflow/example_dags/tutorial_dag.py
[2023-06-09T06:23:49.467+0000] {processor.py:826} INFO - Processing file /home/airflow/.local/lib/python3.7/site-packages/airflow/example_dags/tutorial_dag.py for tasks to queue
[2023-06-09T06:23:49.467+0000] {logging_mixin.py:149} INFO - [2023-06-09T06:23:49.467+0000] {dagbag.py:541} INFO - Filling up the DagBag from /home/airflow/.local/lib/python3.7/site-packages/airflow/example_dags/tutorial_dag.py
[2023-06-09T06:23:49.474+0000] {processor.py:836} INFO - DAG(s) dict_keys(['tutorial_dag']) retrieved from /home/airflow/.local/lib/python3.7/site-packages/airflow/example_dags/tutorial_dag.py
[2023-06-09T06:23:49.504+0000] {logging_mixin.py:149} INFO - [2023-06-09T06:23:49.504+0000] {dag.py:2726} INFO - Sync 1 DAGs
[2023-06-09T06:23:49.537+0000] {logging_mixin.py:149} INFO - [2023-06-09T06:23:49.536+0000] {dag.py:3490} INFO - Setting next_dagrun for tutorial_dag to None, run_after=None
[2023-06-09T06:23:49.560+0000] {processor.py:179} INFO - Processing /home/airflow/.local/lib/python3.7/site-packages/airflow/example_dags/tutorial_dag.py took 0.098 seconds
[2023-06-09T06:24:19.909+0000] {processor.py:157} INFO - Started process (PID=2897) to work on /home/airflow/.local/lib/python3.7/site-packages/airflow/example_dags/tutorial_dag.py
[2023-06-09T06:24:19.910+0000] {processor.py:826} INFO - Processing file /home/airflow/.local/lib/python3.7/site-packages/airflow/example_dags/tutorial_dag.py for tasks to queue
[2023-06-09T06:24:19.911+0000] {logging_mixin.py:149} INFO - [2023-06-09T06:24:19.911+0000] {dagbag.py:541} INFO - Filling up the DagBag from /home/airflow/.local/lib/python3.7/site-packages/airflow/example_dags/tutorial_dag.py
[2023-06-09T06:24:19.918+0000] {processor.py:836} INFO - DAG(s) dict_keys(['tutorial_dag']) retrieved from /home/airflow/.local/lib/python3.7/site-packages/airflow/example_dags/tutorial_dag.py
[2023-06-09T06:24:19.948+0000] {logging_mixin.py:149} INFO - [2023-06-09T06:24:19.947+0000] {dag.py:2726} INFO - Sync 1 DAGs
[2023-06-09T06:24:19.982+0000] {logging_mixin.py:149} INFO - [2023-06-09T06:24:19.981+0000] {dag.py:3490} INFO - Setting next_dagrun for tutorial_dag to None, run_after=None
[2023-06-09T06:24:20.005+0000] {processor.py:179} INFO - Processing /home/airflow/.local/lib/python3.7/site-packages/airflow/example_dags/tutorial_dag.py took 0.100 seconds
[2023-06-09T06:24:50.849+0000] {processor.py:157} INFO - Started process (PID=2951) to work on /home/airflow/.local/lib/python3.7/site-packages/airflow/example_dags/tutorial_dag.py
[2023-06-09T06:24:50.850+0000] {processor.py:826} INFO - Processing file /home/airflow/.local/lib/python3.7/site-packages/airflow/example_dags/tutorial_dag.py for tasks to queue
[2023-06-09T06:24:50.850+0000] {logging_mixin.py:149} INFO - [2023-06-09T06:24:50.850+0000] {dagbag.py:541} INFO - Filling up the DagBag from /home/airflow/.local/lib/python3.7/site-packages/airflow/example_dags/tutorial_dag.py
[2023-06-09T06:24:50.856+0000] {processor.py:836} INFO - DAG(s) dict_keys(['tutorial_dag']) retrieved from /home/airflow/.local/lib/python3.7/site-packages/airflow/example_dags/tutorial_dag.py
[2023-06-09T06:24:50.886+0000] {logging_mixin.py:149} INFO - [2023-06-09T06:24:50.885+0000] {dag.py:2726} INFO - Sync 1 DAGs
[2023-06-09T06:24:50.919+0000] {logging_mixin.py:149} INFO - [2023-06-09T06:24:50.919+0000] {dag.py:3490} INFO - Setting next_dagrun for tutorial_dag to None, run_after=None
[2023-06-09T06:24:50.943+0000] {processor.py:179} INFO - Processing /home/airflow/.local/lib/python3.7/site-packages/airflow/example_dags/tutorial_dag.py took 0.098 seconds
[2023-06-09T06:25:21.692+0000] {processor.py:157} INFO - Started process (PID=3005) to work on /home/airflow/.local/lib/python3.7/site-packages/airflow/example_dags/tutorial_dag.py
[2023-06-09T06:25:21.694+0000] {processor.py:826} INFO - Processing file /home/airflow/.local/lib/python3.7/site-packages/airflow/example_dags/tutorial_dag.py for tasks to queue
[2023-06-09T06:25:21.694+0000] {logging_mixin.py:149} INFO - [2023-06-09T06:25:21.694+0000] {dagbag.py:541} INFO - Filling up the DagBag from /home/airflow/.local/lib/python3.7/site-packages/airflow/example_dags/tutorial_dag.py
[2023-06-09T06:25:21.702+0000] {processor.py:836} INFO - DAG(s) dict_keys(['tutorial_dag']) retrieved from /home/airflow/.local/lib/python3.7/site-packages/airflow/example_dags/tutorial_dag.py
[2023-06-09T06:25:21.732+0000] {logging_mixin.py:149} INFO - [2023-06-09T06:25:21.731+0000] {dag.py:2726} INFO - Sync 1 DAGs
[2023-06-09T06:25:21.766+0000] {logging_mixin.py:149} INFO - [2023-06-09T06:25:21.766+0000] {dag.py:3490} INFO - Setting next_dagrun for tutorial_dag to None, run_after=None
[2023-06-09T06:25:21.791+0000] {processor.py:179} INFO - Processing /home/airflow/.local/lib/python3.7/site-packages/airflow/example_dags/tutorial_dag.py took 0.103 seconds
[2023-06-09T06:25:51.923+0000] {processor.py:157} INFO - Started process (PID=3060) to work on /home/airflow/.local/lib/python3.7/site-packages/airflow/example_dags/tutorial_dag.py
[2023-06-09T06:25:51.924+0000] {processor.py:826} INFO - Processing file /home/airflow/.local/lib/python3.7/site-packages/airflow/example_dags/tutorial_dag.py for tasks to queue
[2023-06-09T06:25:51.925+0000] {logging_mixin.py:149} INFO - [2023-06-09T06:25:51.925+0000] {dagbag.py:541} INFO - Filling up the DagBag from /home/airflow/.local/lib/python3.7/site-packages/airflow/example_dags/tutorial_dag.py
[2023-06-09T06:25:51.931+0000] {processor.py:836} INFO - DAG(s) dict_keys(['tutorial_dag']) retrieved from /home/airflow/.local/lib/python3.7/site-packages/airflow/example_dags/tutorial_dag.py
[2023-06-09T06:25:51.961+0000] {logging_mixin.py:149} INFO - [2023-06-09T06:25:51.961+0000] {dag.py:2726} INFO - Sync 1 DAGs
[2023-06-09T06:25:51.997+0000] {logging_mixin.py:149} INFO - [2023-06-09T06:25:51.996+0000] {dag.py:3490} INFO - Setting next_dagrun for tutorial_dag to None, run_after=None
[2023-06-09T06:25:52.025+0000] {processor.py:179} INFO - Processing /home/airflow/.local/lib/python3.7/site-packages/airflow/example_dags/tutorial_dag.py took 0.105 seconds
[2023-06-09T06:26:22.561+0000] {processor.py:157} INFO - Started process (PID=3113) to work on /home/airflow/.local/lib/python3.7/site-packages/airflow/example_dags/tutorial_dag.py
[2023-06-09T06:26:22.562+0000] {processor.py:826} INFO - Processing file /home/airflow/.local/lib/python3.7/site-packages/airflow/example_dags/tutorial_dag.py for tasks to queue
[2023-06-09T06:26:22.563+0000] {logging_mixin.py:149} INFO - [2023-06-09T06:26:22.563+0000] {dagbag.py:541} INFO - Filling up the DagBag from /home/airflow/.local/lib/python3.7/site-packages/airflow/example_dags/tutorial_dag.py
[2023-06-09T06:26:22.569+0000] {processor.py:836} INFO - DAG(s) dict_keys(['tutorial_dag']) retrieved from /home/airflow/.local/lib/python3.7/site-packages/airflow/example_dags/tutorial_dag.py
[2023-06-09T06:26:22.599+0000] {logging_mixin.py:149} INFO - [2023-06-09T06:26:22.598+0000] {dag.py:2726} INFO - Sync 1 DAGs
[2023-06-09T06:26:22.634+0000] {logging_mixin.py:149} INFO - [2023-06-09T06:26:22.633+0000] {dag.py:3490} INFO - Setting next_dagrun for tutorial_dag to None, run_after=None
[2023-06-09T06:26:22.657+0000] {processor.py:179} INFO - Processing /home/airflow/.local/lib/python3.7/site-packages/airflow/example_dags/tutorial_dag.py took 0.120 seconds
[2023-06-09T06:26:53.457+0000] {processor.py:157} INFO - Started process (PID=3167) to work on /home/airflow/.local/lib/python3.7/site-packages/airflow/example_dags/tutorial_dag.py
[2023-06-09T06:26:53.458+0000] {processor.py:826} INFO - Processing file /home/airflow/.local/lib/python3.7/site-packages/airflow/example_dags/tutorial_dag.py for tasks to queue
[2023-06-09T06:26:53.459+0000] {logging_mixin.py:149} INFO - [2023-06-09T06:26:53.459+0000] {dagbag.py:541} INFO - Filling up the DagBag from /home/airflow/.local/lib/python3.7/site-packages/airflow/example_dags/tutorial_dag.py
[2023-06-09T06:26:53.466+0000] {processor.py:836} INFO - DAG(s) dict_keys(['tutorial_dag']) retrieved from /home/airflow/.local/lib/python3.7/site-packages/airflow/example_dags/tutorial_dag.py
[2023-06-09T06:26:53.495+0000] {logging_mixin.py:149} INFO - [2023-06-09T06:26:53.495+0000] {dag.py:2726} INFO - Sync 1 DAGs
[2023-06-09T06:26:53.528+0000] {logging_mixin.py:149} INFO - [2023-06-09T06:26:53.528+0000] {dag.py:3490} INFO - Setting next_dagrun for tutorial_dag to None, run_after=None
[2023-06-09T06:26:53.550+0000] {processor.py:179} INFO - Processing /home/airflow/.local/lib/python3.7/site-packages/airflow/example_dags/tutorial_dag.py took 0.096 seconds
[2023-06-09T06:27:24.044+0000] {processor.py:157} INFO - Started process (PID=3221) to work on /home/airflow/.local/lib/python3.7/site-packages/airflow/example_dags/tutorial_dag.py
[2023-06-09T06:27:24.050+0000] {processor.py:826} INFO - Processing file /home/airflow/.local/lib/python3.7/site-packages/airflow/example_dags/tutorial_dag.py for tasks to queue
[2023-06-09T06:27:24.051+0000] {logging_mixin.py:149} INFO - [2023-06-09T06:27:24.051+0000] {dagbag.py:541} INFO - Filling up the DagBag from /home/airflow/.local/lib/python3.7/site-packages/airflow/example_dags/tutorial_dag.py
[2023-06-09T06:27:24.064+0000] {processor.py:836} INFO - DAG(s) dict_keys(['tutorial_dag']) retrieved from /home/airflow/.local/lib/python3.7/site-packages/airflow/example_dags/tutorial_dag.py
[2023-06-09T06:27:24.101+0000] {logging_mixin.py:149} INFO - [2023-06-09T06:27:24.101+0000] {dag.py:2726} INFO - Sync 1 DAGs
[2023-06-09T06:27:24.134+0000] {logging_mixin.py:149} INFO - [2023-06-09T06:27:24.134+0000] {dag.py:3490} INFO - Setting next_dagrun for tutorial_dag to None, run_after=None
[2023-06-09T06:27:24.165+0000] {processor.py:179} INFO - Processing /home/airflow/.local/lib/python3.7/site-packages/airflow/example_dags/tutorial_dag.py took 0.128 seconds
[2023-06-09T06:27:54.428+0000] {processor.py:157} INFO - Started process (PID=3274) to work on /home/airflow/.local/lib/python3.7/site-packages/airflow/example_dags/tutorial_dag.py
[2023-06-09T06:27:54.429+0000] {processor.py:826} INFO - Processing file /home/airflow/.local/lib/python3.7/site-packages/airflow/example_dags/tutorial_dag.py for tasks to queue
[2023-06-09T06:27:54.429+0000] {logging_mixin.py:149} INFO - [2023-06-09T06:27:54.429+0000] {dagbag.py:541} INFO - Filling up the DagBag from /home/airflow/.local/lib/python3.7/site-packages/airflow/example_dags/tutorial_dag.py
[2023-06-09T06:27:54.436+0000] {processor.py:836} INFO - DAG(s) dict_keys(['tutorial_dag']) retrieved from /home/airflow/.local/lib/python3.7/site-packages/airflow/example_dags/tutorial_dag.py
[2023-06-09T06:27:54.464+0000] {logging_mixin.py:149} INFO - [2023-06-09T06:27:54.464+0000] {dag.py:2726} INFO - Sync 1 DAGs
[2023-06-09T06:27:54.499+0000] {logging_mixin.py:149} INFO - [2023-06-09T06:27:54.498+0000] {dag.py:3490} INFO - Setting next_dagrun for tutorial_dag to None, run_after=None
[2023-06-09T06:27:54.525+0000] {processor.py:179} INFO - Processing /home/airflow/.local/lib/python3.7/site-packages/airflow/example_dags/tutorial_dag.py took 0.101 seconds
[2023-06-09T06:28:24.883+0000] {processor.py:157} INFO - Started process (PID=3328) to work on /home/airflow/.local/lib/python3.7/site-packages/airflow/example_dags/tutorial_dag.py
[2023-06-09T06:28:24.885+0000] {processor.py:826} INFO - Processing file /home/airflow/.local/lib/python3.7/site-packages/airflow/example_dags/tutorial_dag.py for tasks to queue
[2023-06-09T06:28:24.885+0000] {logging_mixin.py:149} INFO - [2023-06-09T06:28:24.885+0000] {dagbag.py:541} INFO - Filling up the DagBag from /home/airflow/.local/lib/python3.7/site-packages/airflow/example_dags/tutorial_dag.py
[2023-06-09T06:28:24.897+0000] {processor.py:836} INFO - DAG(s) dict_keys(['tutorial_dag']) retrieved from /home/airflow/.local/lib/python3.7/site-packages/airflow/example_dags/tutorial_dag.py
[2023-06-09T06:28:24.930+0000] {logging_mixin.py:149} INFO - [2023-06-09T06:28:24.930+0000] {dag.py:2726} INFO - Sync 1 DAGs
[2023-06-09T06:28:24.967+0000] {logging_mixin.py:149} INFO - [2023-06-09T06:28:24.966+0000] {dag.py:3490} INFO - Setting next_dagrun for tutorial_dag to None, run_after=None
[2023-06-09T06:28:24.991+0000] {processor.py:179} INFO - Processing /home/airflow/.local/lib/python3.7/site-packages/airflow/example_dags/tutorial_dag.py took 0.112 seconds
[2023-06-09T06:28:55.354+0000] {processor.py:157} INFO - Started process (PID=3382) to work on /home/airflow/.local/lib/python3.7/site-packages/airflow/example_dags/tutorial_dag.py
[2023-06-09T06:28:55.355+0000] {processor.py:826} INFO - Processing file /home/airflow/.local/lib/python3.7/site-packages/airflow/example_dags/tutorial_dag.py for tasks to queue
[2023-06-09T06:28:55.356+0000] {logging_mixin.py:149} INFO - [2023-06-09T06:28:55.356+0000] {dagbag.py:541} INFO - Filling up the DagBag from /home/airflow/.local/lib/python3.7/site-packages/airflow/example_dags/tutorial_dag.py
[2023-06-09T06:28:55.362+0000] {processor.py:836} INFO - DAG(s) dict_keys(['tutorial_dag']) retrieved from /home/airflow/.local/lib/python3.7/site-packages/airflow/example_dags/tutorial_dag.py
[2023-06-09T06:28:55.392+0000] {logging_mixin.py:149} INFO - [2023-06-09T06:28:55.391+0000] {dag.py:2726} INFO - Sync 1 DAGs
[2023-06-09T06:28:55.424+0000] {logging_mixin.py:149} INFO - [2023-06-09T06:28:55.424+0000] {dag.py:3490} INFO - Setting next_dagrun for tutorial_dag to None, run_after=None
[2023-06-09T06:28:55.446+0000] {processor.py:179} INFO - Processing /home/airflow/.local/lib/python3.7/site-packages/airflow/example_dags/tutorial_dag.py took 0.096 seconds
[2023-06-09T06:29:25.553+0000] {processor.py:157} INFO - Started process (PID=3436) to work on /home/airflow/.local/lib/python3.7/site-packages/airflow/example_dags/tutorial_dag.py
[2023-06-09T06:29:25.554+0000] {processor.py:826} INFO - Processing file /home/airflow/.local/lib/python3.7/site-packages/airflow/example_dags/tutorial_dag.py for tasks to queue
[2023-06-09T06:29:25.555+0000] {logging_mixin.py:149} INFO - [2023-06-09T06:29:25.555+0000] {dagbag.py:541} INFO - Filling up the DagBag from /home/airflow/.local/lib/python3.7/site-packages/airflow/example_dags/tutorial_dag.py
[2023-06-09T06:29:25.560+0000] {processor.py:836} INFO - DAG(s) dict_keys(['tutorial_dag']) retrieved from /home/airflow/.local/lib/python3.7/site-packages/airflow/example_dags/tutorial_dag.py
[2023-06-09T06:29:25.591+0000] {logging_mixin.py:149} INFO - [2023-06-09T06:29:25.591+0000] {dag.py:2726} INFO - Sync 1 DAGs
[2023-06-09T06:29:25.624+0000] {logging_mixin.py:149} INFO - [2023-06-09T06:29:25.624+0000] {dag.py:3490} INFO - Setting next_dagrun for tutorial_dag to None, run_after=None
[2023-06-09T06:29:25.647+0000] {processor.py:179} INFO - Processing /home/airflow/.local/lib/python3.7/site-packages/airflow/example_dags/tutorial_dag.py took 0.098 seconds
[2023-06-09T06:29:56.003+0000] {processor.py:157} INFO - Started process (PID=3489) to work on /home/airflow/.local/lib/python3.7/site-packages/airflow/example_dags/tutorial_dag.py
[2023-06-09T06:29:56.004+0000] {processor.py:826} INFO - Processing file /home/airflow/.local/lib/python3.7/site-packages/airflow/example_dags/tutorial_dag.py for tasks to queue
[2023-06-09T06:29:56.005+0000] {logging_mixin.py:149} INFO - [2023-06-09T06:29:56.005+0000] {dagbag.py:541} INFO - Filling up the DagBag from /home/airflow/.local/lib/python3.7/site-packages/airflow/example_dags/tutorial_dag.py
[2023-06-09T06:29:56.022+0000] {processor.py:836} INFO - DAG(s) dict_keys(['tutorial_dag']) retrieved from /home/airflow/.local/lib/python3.7/site-packages/airflow/example_dags/tutorial_dag.py
[2023-06-09T06:29:56.064+0000] {logging_mixin.py:149} INFO - [2023-06-09T06:29:56.063+0000] {dag.py:2726} INFO - Sync 1 DAGs
[2023-06-09T06:29:56.097+0000] {logging_mixin.py:149} INFO - [2023-06-09T06:29:56.097+0000] {dag.py:3490} INFO - Setting next_dagrun for tutorial_dag to None, run_after=None
[2023-06-09T06:29:56.120+0000] {processor.py:179} INFO - Processing /home/airflow/.local/lib/python3.7/site-packages/airflow/example_dags/tutorial_dag.py took 0.122 seconds
[2023-06-09T06:30:26.355+0000] {processor.py:157} INFO - Started process (PID=3543) to work on /home/airflow/.local/lib/python3.7/site-packages/airflow/example_dags/tutorial_dag.py
[2023-06-09T06:30:26.357+0000] {processor.py:826} INFO - Processing file /home/airflow/.local/lib/python3.7/site-packages/airflow/example_dags/tutorial_dag.py for tasks to queue
[2023-06-09T06:30:26.358+0000] {logging_mixin.py:149} INFO - [2023-06-09T06:30:26.357+0000] {dagbag.py:541} INFO - Filling up the DagBag from /home/airflow/.local/lib/python3.7/site-packages/airflow/example_dags/tutorial_dag.py
[2023-06-09T06:30:26.365+0000] {processor.py:836} INFO - DAG(s) dict_keys(['tutorial_dag']) retrieved from /home/airflow/.local/lib/python3.7/site-packages/airflow/example_dags/tutorial_dag.py
[2023-06-09T06:30:26.422+0000] {logging_mixin.py:149} INFO - [2023-06-09T06:30:26.422+0000] {dag.py:2726} INFO - Sync 1 DAGs
[2023-06-09T06:30:26.459+0000] {logging_mixin.py:149} INFO - [2023-06-09T06:30:26.459+0000] {dag.py:3490} INFO - Setting next_dagrun for tutorial_dag to None, run_after=None
[2023-06-09T06:30:26.497+0000] {processor.py:179} INFO - Processing /home/airflow/.local/lib/python3.7/site-packages/airflow/example_dags/tutorial_dag.py took 0.147 seconds
