[2023-06-09T05:57:20.420+0000] {processor.py:157} INFO - Started process (PID=32) to work on /home/airflow/.local/lib/python3.7/site-packages/airflow/example_dags/tutorial.py
[2023-06-09T05:57:20.423+0000] {processor.py:826} INFO - Processing file /home/airflow/.local/lib/python3.7/site-packages/airflow/example_dags/tutorial.py for tasks to queue
[2023-06-09T05:57:20.425+0000] {logging_mixin.py:149} INFO - [2023-06-09T05:57:20.425+0000] {dagbag.py:541} INFO - Filling up the DagBag from /home/airflow/.local/lib/python3.7/site-packages/airflow/example_dags/tutorial.py
[2023-06-09T05:57:20.543+0000] {processor.py:836} INFO - DAG(s) dict_keys(['tutorial']) retrieved from /home/airflow/.local/lib/python3.7/site-packages/airflow/example_dags/tutorial.py
[2023-06-09T05:57:21.528+0000] {logging_mixin.py:149} INFO - [2023-06-09T05:57:21.528+0000] {dag.py:2726} INFO - Sync 1 DAGs
[2023-06-09T05:57:21.637+0000] {logging_mixin.py:149} INFO - [2023-06-09T05:57:21.637+0000] {dag.py:3490} INFO - Setting next_dagrun for tutorial to 2023-06-08T05:57:21.636760+00:00, run_after=2023-06-09T05:57:21.636760+00:00
[2023-06-09T05:57:21.742+0000] {processor.py:179} INFO - Processing /home/airflow/.local/lib/python3.7/site-packages/airflow/example_dags/tutorial.py took 1.335 seconds
[2023-06-09T05:57:52.215+0000] {processor.py:157} INFO - Started process (PID=86) to work on /home/airflow/.local/lib/python3.7/site-packages/airflow/example_dags/tutorial.py
[2023-06-09T05:57:52.218+0000] {processor.py:826} INFO - Processing file /home/airflow/.local/lib/python3.7/site-packages/airflow/example_dags/tutorial.py for tasks to queue
[2023-06-09T05:57:52.218+0000] {logging_mixin.py:149} INFO - [2023-06-09T05:57:52.218+0000] {dagbag.py:541} INFO - Filling up the DagBag from /home/airflow/.local/lib/python3.7/site-packages/airflow/example_dags/tutorial.py
[2023-06-09T05:57:52.231+0000] {processor.py:836} INFO - DAG(s) dict_keys(['tutorial']) retrieved from /home/airflow/.local/lib/python3.7/site-packages/airflow/example_dags/tutorial.py
[2023-06-09T05:57:52.288+0000] {logging_mixin.py:149} INFO - [2023-06-09T05:57:52.288+0000] {dag.py:2726} INFO - Sync 1 DAGs
[2023-06-09T05:57:52.354+0000] {logging_mixin.py:149} INFO - [2023-06-09T05:57:52.348+0000] {dag.py:3490} INFO - Setting next_dagrun for tutorial to 2023-06-08T05:57:52.347680+00:00, run_after=2023-06-09T05:57:52.347680+00:00
[2023-06-09T05:57:52.407+0000] {processor.py:179} INFO - Processing /home/airflow/.local/lib/python3.7/site-packages/airflow/example_dags/tutorial.py took 0.197 seconds
[2023-06-09T05:58:23.007+0000] {processor.py:157} INFO - Started process (PID=140) to work on /home/airflow/.local/lib/python3.7/site-packages/airflow/example_dags/tutorial.py
[2023-06-09T05:58:23.009+0000] {processor.py:826} INFO - Processing file /home/airflow/.local/lib/python3.7/site-packages/airflow/example_dags/tutorial.py for tasks to queue
[2023-06-09T05:58:23.010+0000] {logging_mixin.py:149} INFO - [2023-06-09T05:58:23.010+0000] {dagbag.py:541} INFO - Filling up the DagBag from /home/airflow/.local/lib/python3.7/site-packages/airflow/example_dags/tutorial.py
[2023-06-09T05:58:23.019+0000] {processor.py:836} INFO - DAG(s) dict_keys(['tutorial']) retrieved from /home/airflow/.local/lib/python3.7/site-packages/airflow/example_dags/tutorial.py
[2023-06-09T05:58:23.053+0000] {logging_mixin.py:149} INFO - [2023-06-09T05:58:23.053+0000] {dag.py:2726} INFO - Sync 1 DAGs
[2023-06-09T05:58:23.088+0000] {logging_mixin.py:149} INFO - [2023-06-09T05:58:23.088+0000] {dag.py:3490} INFO - Setting next_dagrun for tutorial to 2023-06-08T05:58:23.088129+00:00, run_after=2023-06-09T05:58:23.088129+00:00
[2023-06-09T05:58:23.111+0000] {processor.py:179} INFO - Processing /home/airflow/.local/lib/python3.7/site-packages/airflow/example_dags/tutorial.py took 0.108 seconds
[2023-06-09T05:58:53.572+0000] {processor.py:157} INFO - Started process (PID=194) to work on /home/airflow/.local/lib/python3.7/site-packages/airflow/example_dags/tutorial.py
[2023-06-09T05:58:53.573+0000] {processor.py:826} INFO - Processing file /home/airflow/.local/lib/python3.7/site-packages/airflow/example_dags/tutorial.py for tasks to queue
[2023-06-09T05:58:53.574+0000] {logging_mixin.py:149} INFO - [2023-06-09T05:58:53.574+0000] {dagbag.py:541} INFO - Filling up the DagBag from /home/airflow/.local/lib/python3.7/site-packages/airflow/example_dags/tutorial.py
[2023-06-09T05:58:53.582+0000] {processor.py:836} INFO - DAG(s) dict_keys(['tutorial']) retrieved from /home/airflow/.local/lib/python3.7/site-packages/airflow/example_dags/tutorial.py
[2023-06-09T05:58:53.626+0000] {logging_mixin.py:149} INFO - [2023-06-09T05:58:53.625+0000] {dag.py:2726} INFO - Sync 1 DAGs
[2023-06-09T05:58:53.661+0000] {logging_mixin.py:149} INFO - [2023-06-09T05:58:53.661+0000] {dag.py:3490} INFO - Setting next_dagrun for tutorial to 2023-06-08T05:58:53.661423+00:00, run_after=2023-06-09T05:58:53.661423+00:00
[2023-06-09T05:58:53.686+0000] {processor.py:179} INFO - Processing /home/airflow/.local/lib/python3.7/site-packages/airflow/example_dags/tutorial.py took 0.117 seconds
[2023-06-09T05:59:23.801+0000] {processor.py:157} INFO - Started process (PID=248) to work on /home/airflow/.local/lib/python3.7/site-packages/airflow/example_dags/tutorial.py
[2023-06-09T05:59:23.802+0000] {processor.py:826} INFO - Processing file /home/airflow/.local/lib/python3.7/site-packages/airflow/example_dags/tutorial.py for tasks to queue
[2023-06-09T05:59:23.803+0000] {logging_mixin.py:149} INFO - [2023-06-09T05:59:23.803+0000] {dagbag.py:541} INFO - Filling up the DagBag from /home/airflow/.local/lib/python3.7/site-packages/airflow/example_dags/tutorial.py
[2023-06-09T05:59:23.810+0000] {processor.py:836} INFO - DAG(s) dict_keys(['tutorial']) retrieved from /home/airflow/.local/lib/python3.7/site-packages/airflow/example_dags/tutorial.py
[2023-06-09T05:59:23.841+0000] {logging_mixin.py:149} INFO - [2023-06-09T05:59:23.841+0000] {dag.py:2726} INFO - Sync 1 DAGs
[2023-06-09T05:59:23.876+0000] {logging_mixin.py:149} INFO - [2023-06-09T05:59:23.875+0000] {dag.py:3490} INFO - Setting next_dagrun for tutorial to 2023-06-08T05:59:23.875571+00:00, run_after=2023-06-09T05:59:23.875571+00:00
[2023-06-09T05:59:23.915+0000] {processor.py:179} INFO - Processing /home/airflow/.local/lib/python3.7/site-packages/airflow/example_dags/tutorial.py took 0.118 seconds
[2023-06-09T05:59:54.099+0000] {processor.py:157} INFO - Started process (PID=302) to work on /home/airflow/.local/lib/python3.7/site-packages/airflow/example_dags/tutorial.py
[2023-06-09T05:59:54.100+0000] {processor.py:826} INFO - Processing file /home/airflow/.local/lib/python3.7/site-packages/airflow/example_dags/tutorial.py for tasks to queue
[2023-06-09T05:59:54.101+0000] {logging_mixin.py:149} INFO - [2023-06-09T05:59:54.101+0000] {dagbag.py:541} INFO - Filling up the DagBag from /home/airflow/.local/lib/python3.7/site-packages/airflow/example_dags/tutorial.py
[2023-06-09T05:59:54.109+0000] {processor.py:836} INFO - DAG(s) dict_keys(['tutorial']) retrieved from /home/airflow/.local/lib/python3.7/site-packages/airflow/example_dags/tutorial.py
[2023-06-09T05:59:54.141+0000] {logging_mixin.py:149} INFO - [2023-06-09T05:59:54.141+0000] {dag.py:2726} INFO - Sync 1 DAGs
[2023-06-09T05:59:54.175+0000] {logging_mixin.py:149} INFO - [2023-06-09T05:59:54.175+0000] {dag.py:3490} INFO - Setting next_dagrun for tutorial to 2023-06-08T05:59:54.175352+00:00, run_after=2023-06-09T05:59:54.175352+00:00
[2023-06-09T05:59:54.199+0000] {processor.py:179} INFO - Processing /home/airflow/.local/lib/python3.7/site-packages/airflow/example_dags/tutorial.py took 0.104 seconds
[2023-06-09T06:00:24.988+0000] {processor.py:157} INFO - Started process (PID=356) to work on /home/airflow/.local/lib/python3.7/site-packages/airflow/example_dags/tutorial.py
[2023-06-09T06:00:24.989+0000] {processor.py:826} INFO - Processing file /home/airflow/.local/lib/python3.7/site-packages/airflow/example_dags/tutorial.py for tasks to queue
[2023-06-09T06:00:24.990+0000] {logging_mixin.py:149} INFO - [2023-06-09T06:00:24.989+0000] {dagbag.py:541} INFO - Filling up the DagBag from /home/airflow/.local/lib/python3.7/site-packages/airflow/example_dags/tutorial.py
[2023-06-09T06:00:24.997+0000] {processor.py:836} INFO - DAG(s) dict_keys(['tutorial']) retrieved from /home/airflow/.local/lib/python3.7/site-packages/airflow/example_dags/tutorial.py
[2023-06-09T06:00:25.031+0000] {logging_mixin.py:149} INFO - [2023-06-09T06:00:25.030+0000] {dag.py:2726} INFO - Sync 1 DAGs
[2023-06-09T06:00:25.068+0000] {logging_mixin.py:149} INFO - [2023-06-09T06:00:25.068+0000] {dag.py:3490} INFO - Setting next_dagrun for tutorial to 2023-06-08T06:00:25.068072+00:00, run_after=2023-06-09T06:00:25.068072+00:00
[2023-06-09T06:00:25.095+0000] {processor.py:179} INFO - Processing /home/airflow/.local/lib/python3.7/site-packages/airflow/example_dags/tutorial.py took 0.111 seconds
[2023-06-09T06:00:55.716+0000] {processor.py:157} INFO - Started process (PID=411) to work on /home/airflow/.local/lib/python3.7/site-packages/airflow/example_dags/tutorial.py
[2023-06-09T06:00:55.722+0000] {processor.py:826} INFO - Processing file /home/airflow/.local/lib/python3.7/site-packages/airflow/example_dags/tutorial.py for tasks to queue
[2023-06-09T06:00:55.723+0000] {logging_mixin.py:149} INFO - [2023-06-09T06:00:55.722+0000] {dagbag.py:541} INFO - Filling up the DagBag from /home/airflow/.local/lib/python3.7/site-packages/airflow/example_dags/tutorial.py
[2023-06-09T06:00:55.738+0000] {processor.py:836} INFO - DAG(s) dict_keys(['tutorial']) retrieved from /home/airflow/.local/lib/python3.7/site-packages/airflow/example_dags/tutorial.py
[2023-06-09T06:00:55.769+0000] {logging_mixin.py:149} INFO - [2023-06-09T06:00:55.768+0000] {dag.py:2726} INFO - Sync 1 DAGs
[2023-06-09T06:00:55.802+0000] {logging_mixin.py:149} INFO - [2023-06-09T06:00:55.801+0000] {dag.py:3490} INFO - Setting next_dagrun for tutorial to 2023-06-08T06:00:55.801567+00:00, run_after=2023-06-09T06:00:55.801567+00:00
[2023-06-09T06:00:55.824+0000] {processor.py:179} INFO - Processing /home/airflow/.local/lib/python3.7/site-packages/airflow/example_dags/tutorial.py took 0.117 seconds
[2023-06-09T06:01:25.859+0000] {processor.py:157} INFO - Started process (PID=465) to work on /home/airflow/.local/lib/python3.7/site-packages/airflow/example_dags/tutorial.py
[2023-06-09T06:01:25.860+0000] {processor.py:826} INFO - Processing file /home/airflow/.local/lib/python3.7/site-packages/airflow/example_dags/tutorial.py for tasks to queue
[2023-06-09T06:01:25.861+0000] {logging_mixin.py:149} INFO - [2023-06-09T06:01:25.861+0000] {dagbag.py:541} INFO - Filling up the DagBag from /home/airflow/.local/lib/python3.7/site-packages/airflow/example_dags/tutorial.py
[2023-06-09T06:01:25.869+0000] {processor.py:836} INFO - DAG(s) dict_keys(['tutorial']) retrieved from /home/airflow/.local/lib/python3.7/site-packages/airflow/example_dags/tutorial.py
[2023-06-09T06:01:25.898+0000] {logging_mixin.py:149} INFO - [2023-06-09T06:01:25.898+0000] {dag.py:2726} INFO - Sync 1 DAGs
[2023-06-09T06:01:25.932+0000] {logging_mixin.py:149} INFO - [2023-06-09T06:01:25.932+0000] {dag.py:3490} INFO - Setting next_dagrun for tutorial to 2023-06-08T06:01:25.932227+00:00, run_after=2023-06-09T06:01:25.932227+00:00
[2023-06-09T06:01:25.954+0000] {processor.py:179} INFO - Processing /home/airflow/.local/lib/python3.7/site-packages/airflow/example_dags/tutorial.py took 0.099 seconds
[2023-06-09T06:01:56.588+0000] {processor.py:157} INFO - Started process (PID=519) to work on /home/airflow/.local/lib/python3.7/site-packages/airflow/example_dags/tutorial.py
[2023-06-09T06:01:56.589+0000] {processor.py:826} INFO - Processing file /home/airflow/.local/lib/python3.7/site-packages/airflow/example_dags/tutorial.py for tasks to queue
[2023-06-09T06:01:56.590+0000] {logging_mixin.py:149} INFO - [2023-06-09T06:01:56.590+0000] {dagbag.py:541} INFO - Filling up the DagBag from /home/airflow/.local/lib/python3.7/site-packages/airflow/example_dags/tutorial.py
[2023-06-09T06:01:56.598+0000] {processor.py:836} INFO - DAG(s) dict_keys(['tutorial']) retrieved from /home/airflow/.local/lib/python3.7/site-packages/airflow/example_dags/tutorial.py
[2023-06-09T06:01:56.644+0000] {logging_mixin.py:149} INFO - [2023-06-09T06:01:56.644+0000] {dag.py:2726} INFO - Sync 1 DAGs
[2023-06-09T06:01:56.691+0000] {logging_mixin.py:149} INFO - [2023-06-09T06:01:56.691+0000] {dag.py:3490} INFO - Setting next_dagrun for tutorial to 2023-06-08T06:01:56.690825+00:00, run_after=2023-06-09T06:01:56.690825+00:00
[2023-06-09T06:01:56.718+0000] {processor.py:179} INFO - Processing /home/airflow/.local/lib/python3.7/site-packages/airflow/example_dags/tutorial.py took 0.134 seconds
[2023-06-09T06:02:27.402+0000] {processor.py:157} INFO - Started process (PID=574) to work on /home/airflow/.local/lib/python3.7/site-packages/airflow/example_dags/tutorial.py
[2023-06-09T06:02:27.411+0000] {processor.py:826} INFO - Processing file /home/airflow/.local/lib/python3.7/site-packages/airflow/example_dags/tutorial.py for tasks to queue
[2023-06-09T06:02:27.411+0000] {logging_mixin.py:149} INFO - [2023-06-09T06:02:27.411+0000] {dagbag.py:541} INFO - Filling up the DagBag from /home/airflow/.local/lib/python3.7/site-packages/airflow/example_dags/tutorial.py
[2023-06-09T06:02:27.419+0000] {processor.py:836} INFO - DAG(s) dict_keys(['tutorial']) retrieved from /home/airflow/.local/lib/python3.7/site-packages/airflow/example_dags/tutorial.py
[2023-06-09T06:02:27.479+0000] {logging_mixin.py:149} INFO - [2023-06-09T06:02:27.477+0000] {dag.py:2726} INFO - Sync 1 DAGs
[2023-06-09T06:02:27.548+0000] {logging_mixin.py:149} INFO - [2023-06-09T06:02:27.548+0000] {dag.py:3490} INFO - Setting next_dagrun for tutorial to 2023-06-08T06:02:27.547905+00:00, run_after=2023-06-09T06:02:27.547905+00:00
[2023-06-09T06:02:27.624+0000] {processor.py:179} INFO - Processing /home/airflow/.local/lib/python3.7/site-packages/airflow/example_dags/tutorial.py took 0.241 seconds
[2023-06-09T06:02:58.134+0000] {processor.py:157} INFO - Started process (PID=629) to work on /home/airflow/.local/lib/python3.7/site-packages/airflow/example_dags/tutorial.py
[2023-06-09T06:02:58.140+0000] {processor.py:826} INFO - Processing file /home/airflow/.local/lib/python3.7/site-packages/airflow/example_dags/tutorial.py for tasks to queue
[2023-06-09T06:02:58.141+0000] {logging_mixin.py:149} INFO - [2023-06-09T06:02:58.141+0000] {dagbag.py:541} INFO - Filling up the DagBag from /home/airflow/.local/lib/python3.7/site-packages/airflow/example_dags/tutorial.py
[2023-06-09T06:02:58.149+0000] {processor.py:836} INFO - DAG(s) dict_keys(['tutorial']) retrieved from /home/airflow/.local/lib/python3.7/site-packages/airflow/example_dags/tutorial.py
[2023-06-09T06:02:58.210+0000] {logging_mixin.py:149} INFO - [2023-06-09T06:02:58.208+0000] {dag.py:2726} INFO - Sync 1 DAGs
[2023-06-09T06:02:58.248+0000] {logging_mixin.py:149} INFO - [2023-06-09T06:02:58.248+0000] {dag.py:3490} INFO - Setting next_dagrun for tutorial to 2023-06-08T06:02:58.248267+00:00, run_after=2023-06-09T06:02:58.248267+00:00
[2023-06-09T06:02:58.307+0000] {processor.py:179} INFO - Processing /home/airflow/.local/lib/python3.7/site-packages/airflow/example_dags/tutorial.py took 0.177 seconds
[2023-06-09T06:03:28.769+0000] {processor.py:157} INFO - Started process (PID=682) to work on /home/airflow/.local/lib/python3.7/site-packages/airflow/example_dags/tutorial.py
[2023-06-09T06:03:28.770+0000] {processor.py:826} INFO - Processing file /home/airflow/.local/lib/python3.7/site-packages/airflow/example_dags/tutorial.py for tasks to queue
[2023-06-09T06:03:28.771+0000] {logging_mixin.py:149} INFO - [2023-06-09T06:03:28.771+0000] {dagbag.py:541} INFO - Filling up the DagBag from /home/airflow/.local/lib/python3.7/site-packages/airflow/example_dags/tutorial.py
[2023-06-09T06:03:28.780+0000] {processor.py:836} INFO - DAG(s) dict_keys(['tutorial']) retrieved from /home/airflow/.local/lib/python3.7/site-packages/airflow/example_dags/tutorial.py
[2023-06-09T06:03:28.819+0000] {logging_mixin.py:149} INFO - [2023-06-09T06:03:28.819+0000] {dag.py:2726} INFO - Sync 1 DAGs
[2023-06-09T06:03:28.859+0000] {logging_mixin.py:149} INFO - [2023-06-09T06:03:28.859+0000] {dag.py:3490} INFO - Setting next_dagrun for tutorial to 2023-06-08T06:03:28.858802+00:00, run_after=2023-06-09T06:03:28.858802+00:00
[2023-06-09T06:03:28.885+0000] {processor.py:179} INFO - Processing /home/airflow/.local/lib/python3.7/site-packages/airflow/example_dags/tutorial.py took 0.120 seconds
[2023-06-09T06:03:59.320+0000] {processor.py:157} INFO - Started process (PID=736) to work on /home/airflow/.local/lib/python3.7/site-packages/airflow/example_dags/tutorial.py
[2023-06-09T06:03:59.321+0000] {processor.py:826} INFO - Processing file /home/airflow/.local/lib/python3.7/site-packages/airflow/example_dags/tutorial.py for tasks to queue
[2023-06-09T06:03:59.323+0000] {logging_mixin.py:149} INFO - [2023-06-09T06:03:59.323+0000] {dagbag.py:541} INFO - Filling up the DagBag from /home/airflow/.local/lib/python3.7/site-packages/airflow/example_dags/tutorial.py
[2023-06-09T06:03:59.344+0000] {processor.py:836} INFO - DAG(s) dict_keys(['tutorial']) retrieved from /home/airflow/.local/lib/python3.7/site-packages/airflow/example_dags/tutorial.py
[2023-06-09T06:03:59.389+0000] {logging_mixin.py:149} INFO - [2023-06-09T06:03:59.389+0000] {dag.py:2726} INFO - Sync 1 DAGs
[2023-06-09T06:03:59.450+0000] {logging_mixin.py:149} INFO - [2023-06-09T06:03:59.450+0000] {dag.py:3490} INFO - Setting next_dagrun for tutorial to 2023-06-08T06:03:59.450362+00:00, run_after=2023-06-09T06:03:59.450362+00:00
[2023-06-09T06:03:59.476+0000] {processor.py:179} INFO - Processing /home/airflow/.local/lib/python3.7/site-packages/airflow/example_dags/tutorial.py took 0.169 seconds
[2023-06-09T06:04:29.531+0000] {processor.py:157} INFO - Started process (PID=794) to work on /home/airflow/.local/lib/python3.7/site-packages/airflow/example_dags/tutorial.py
[2023-06-09T06:04:29.533+0000] {processor.py:826} INFO - Processing file /home/airflow/.local/lib/python3.7/site-packages/airflow/example_dags/tutorial.py for tasks to queue
[2023-06-09T06:04:29.535+0000] {logging_mixin.py:149} INFO - [2023-06-09T06:04:29.534+0000] {dagbag.py:541} INFO - Filling up the DagBag from /home/airflow/.local/lib/python3.7/site-packages/airflow/example_dags/tutorial.py
[2023-06-09T06:04:29.554+0000] {processor.py:836} INFO - DAG(s) dict_keys(['tutorial']) retrieved from /home/airflow/.local/lib/python3.7/site-packages/airflow/example_dags/tutorial.py
[2023-06-09T06:04:29.586+0000] {logging_mixin.py:149} INFO - [2023-06-09T06:04:29.586+0000] {dag.py:2726} INFO - Sync 1 DAGs
[2023-06-09T06:04:29.622+0000] {logging_mixin.py:149} INFO - [2023-06-09T06:04:29.622+0000] {dag.py:3490} INFO - Setting next_dagrun for tutorial to 2023-06-08T06:04:29.622483+00:00, run_after=2023-06-09T06:04:29.622483+00:00
[2023-06-09T06:04:29.665+0000] {processor.py:179} INFO - Processing /home/airflow/.local/lib/python3.7/site-packages/airflow/example_dags/tutorial.py took 0.142 seconds
[2023-06-09T06:04:59.923+0000] {processor.py:157} INFO - Started process (PID=849) to work on /home/airflow/.local/lib/python3.7/site-packages/airflow/example_dags/tutorial.py
[2023-06-09T06:04:59.925+0000] {processor.py:826} INFO - Processing file /home/airflow/.local/lib/python3.7/site-packages/airflow/example_dags/tutorial.py for tasks to queue
[2023-06-09T06:04:59.925+0000] {logging_mixin.py:149} INFO - [2023-06-09T06:04:59.925+0000] {dagbag.py:541} INFO - Filling up the DagBag from /home/airflow/.local/lib/python3.7/site-packages/airflow/example_dags/tutorial.py
[2023-06-09T06:04:59.933+0000] {processor.py:836} INFO - DAG(s) dict_keys(['tutorial']) retrieved from /home/airflow/.local/lib/python3.7/site-packages/airflow/example_dags/tutorial.py
[2023-06-09T06:04:59.966+0000] {logging_mixin.py:149} INFO - [2023-06-09T06:04:59.965+0000] {dag.py:2726} INFO - Sync 1 DAGs
[2023-06-09T06:05:00.001+0000] {logging_mixin.py:149} INFO - [2023-06-09T06:05:00.001+0000] {dag.py:3490} INFO - Setting next_dagrun for tutorial to 2023-06-08T06:05:00.000944+00:00, run_after=2023-06-09T06:05:00.000944+00:00
[2023-06-09T06:05:00.040+0000] {processor.py:179} INFO - Processing /home/airflow/.local/lib/python3.7/site-packages/airflow/example_dags/tutorial.py took 0.121 seconds
[2023-06-09T06:05:30.664+0000] {processor.py:157} INFO - Started process (PID=903) to work on /home/airflow/.local/lib/python3.7/site-packages/airflow/example_dags/tutorial.py
[2023-06-09T06:05:30.666+0000] {processor.py:826} INFO - Processing file /home/airflow/.local/lib/python3.7/site-packages/airflow/example_dags/tutorial.py for tasks to queue
[2023-06-09T06:05:30.666+0000] {logging_mixin.py:149} INFO - [2023-06-09T06:05:30.666+0000] {dagbag.py:541} INFO - Filling up the DagBag from /home/airflow/.local/lib/python3.7/site-packages/airflow/example_dags/tutorial.py
[2023-06-09T06:05:30.674+0000] {processor.py:836} INFO - DAG(s) dict_keys(['tutorial']) retrieved from /home/airflow/.local/lib/python3.7/site-packages/airflow/example_dags/tutorial.py
[2023-06-09T06:05:30.710+0000] {logging_mixin.py:149} INFO - [2023-06-09T06:05:30.710+0000] {dag.py:2726} INFO - Sync 1 DAGs
[2023-06-09T06:05:30.766+0000] {logging_mixin.py:149} INFO - [2023-06-09T06:05:30.766+0000] {dag.py:3490} INFO - Setting next_dagrun for tutorial to 2023-06-08T06:05:30.766356+00:00, run_after=2023-06-09T06:05:30.766356+00:00
[2023-06-09T06:05:30.798+0000] {processor.py:179} INFO - Processing /home/airflow/.local/lib/python3.7/site-packages/airflow/example_dags/tutorial.py took 0.138 seconds
[2023-06-09T06:06:01.354+0000] {processor.py:157} INFO - Started process (PID=956) to work on /home/airflow/.local/lib/python3.7/site-packages/airflow/example_dags/tutorial.py
[2023-06-09T06:06:01.355+0000] {processor.py:826} INFO - Processing file /home/airflow/.local/lib/python3.7/site-packages/airflow/example_dags/tutorial.py for tasks to queue
[2023-06-09T06:06:01.356+0000] {logging_mixin.py:149} INFO - [2023-06-09T06:06:01.356+0000] {dagbag.py:541} INFO - Filling up the DagBag from /home/airflow/.local/lib/python3.7/site-packages/airflow/example_dags/tutorial.py
[2023-06-09T06:06:01.364+0000] {processor.py:836} INFO - DAG(s) dict_keys(['tutorial']) retrieved from /home/airflow/.local/lib/python3.7/site-packages/airflow/example_dags/tutorial.py
[2023-06-09T06:06:01.394+0000] {logging_mixin.py:149} INFO - [2023-06-09T06:06:01.394+0000] {dag.py:2726} INFO - Sync 1 DAGs
[2023-06-09T06:06:01.429+0000] {logging_mixin.py:149} INFO - [2023-06-09T06:06:01.429+0000] {dag.py:3490} INFO - Setting next_dagrun for tutorial to 2023-06-08T06:06:01.428885+00:00, run_after=2023-06-09T06:06:01.428885+00:00
[2023-06-09T06:06:01.452+0000] {processor.py:179} INFO - Processing /home/airflow/.local/lib/python3.7/site-packages/airflow/example_dags/tutorial.py took 0.103 seconds
[2023-06-09T06:06:31.974+0000] {processor.py:157} INFO - Started process (PID=1009) to work on /home/airflow/.local/lib/python3.7/site-packages/airflow/example_dags/tutorial.py
[2023-06-09T06:06:31.975+0000] {processor.py:826} INFO - Processing file /home/airflow/.local/lib/python3.7/site-packages/airflow/example_dags/tutorial.py for tasks to queue
[2023-06-09T06:06:31.976+0000] {logging_mixin.py:149} INFO - [2023-06-09T06:06:31.976+0000] {dagbag.py:541} INFO - Filling up the DagBag from /home/airflow/.local/lib/python3.7/site-packages/airflow/example_dags/tutorial.py
[2023-06-09T06:06:31.984+0000] {processor.py:836} INFO - DAG(s) dict_keys(['tutorial']) retrieved from /home/airflow/.local/lib/python3.7/site-packages/airflow/example_dags/tutorial.py
[2023-06-09T06:06:32.017+0000] {logging_mixin.py:149} INFO - [2023-06-09T06:06:32.016+0000] {dag.py:2726} INFO - Sync 1 DAGs
[2023-06-09T06:06:32.051+0000] {logging_mixin.py:149} INFO - [2023-06-09T06:06:32.050+0000] {dag.py:3490} INFO - Setting next_dagrun for tutorial to 2023-06-08T06:06:32.050651+00:00, run_after=2023-06-09T06:06:32.050651+00:00
[2023-06-09T06:06:32.075+0000] {processor.py:179} INFO - Processing /home/airflow/.local/lib/python3.7/site-packages/airflow/example_dags/tutorial.py took 0.105 seconds
[2023-06-09T06:07:02.423+0000] {processor.py:157} INFO - Started process (PID=1064) to work on /home/airflow/.local/lib/python3.7/site-packages/airflow/example_dags/tutorial.py
[2023-06-09T06:07:02.424+0000] {processor.py:826} INFO - Processing file /home/airflow/.local/lib/python3.7/site-packages/airflow/example_dags/tutorial.py for tasks to queue
[2023-06-09T06:07:02.425+0000] {logging_mixin.py:149} INFO - [2023-06-09T06:07:02.424+0000] {dagbag.py:541} INFO - Filling up the DagBag from /home/airflow/.local/lib/python3.7/site-packages/airflow/example_dags/tutorial.py
[2023-06-09T06:07:02.432+0000] {processor.py:836} INFO - DAG(s) dict_keys(['tutorial']) retrieved from /home/airflow/.local/lib/python3.7/site-packages/airflow/example_dags/tutorial.py
[2023-06-09T06:07:02.463+0000] {logging_mixin.py:149} INFO - [2023-06-09T06:07:02.463+0000] {dag.py:2726} INFO - Sync 1 DAGs
[2023-06-09T06:07:02.496+0000] {logging_mixin.py:149} INFO - [2023-06-09T06:07:02.496+0000] {dag.py:3490} INFO - Setting next_dagrun for tutorial to 2023-06-08T06:07:02.496119+00:00, run_after=2023-06-09T06:07:02.496119+00:00
[2023-06-09T06:07:02.518+0000] {processor.py:179} INFO - Processing /home/airflow/.local/lib/python3.7/site-packages/airflow/example_dags/tutorial.py took 0.100 seconds
[2023-06-09T06:07:32.962+0000] {processor.py:157} INFO - Started process (PID=1118) to work on /home/airflow/.local/lib/python3.7/site-packages/airflow/example_dags/tutorial.py
[2023-06-09T06:07:32.972+0000] {processor.py:826} INFO - Processing file /home/airflow/.local/lib/python3.7/site-packages/airflow/example_dags/tutorial.py for tasks to queue
[2023-06-09T06:07:32.972+0000] {logging_mixin.py:149} INFO - [2023-06-09T06:07:32.972+0000] {dagbag.py:541} INFO - Filling up the DagBag from /home/airflow/.local/lib/python3.7/site-packages/airflow/example_dags/tutorial.py
[2023-06-09T06:07:32.988+0000] {processor.py:836} INFO - DAG(s) dict_keys(['tutorial']) retrieved from /home/airflow/.local/lib/python3.7/site-packages/airflow/example_dags/tutorial.py
[2023-06-09T06:07:33.065+0000] {logging_mixin.py:149} INFO - [2023-06-09T06:07:33.065+0000] {dag.py:2726} INFO - Sync 1 DAGs
[2023-06-09T06:07:33.134+0000] {logging_mixin.py:149} INFO - [2023-06-09T06:07:33.134+0000] {dag.py:3490} INFO - Setting next_dagrun for tutorial to 2023-06-08T06:07:33.134401+00:00, run_after=2023-06-09T06:07:33.134401+00:00
[2023-06-09T06:07:33.176+0000] {processor.py:179} INFO - Processing /home/airflow/.local/lib/python3.7/site-packages/airflow/example_dags/tutorial.py took 0.218 seconds
[2023-06-09T06:08:03.425+0000] {processor.py:157} INFO - Started process (PID=1171) to work on /home/airflow/.local/lib/python3.7/site-packages/airflow/example_dags/tutorial.py
[2023-06-09T06:08:03.426+0000] {processor.py:826} INFO - Processing file /home/airflow/.local/lib/python3.7/site-packages/airflow/example_dags/tutorial.py for tasks to queue
[2023-06-09T06:08:03.426+0000] {logging_mixin.py:149} INFO - [2023-06-09T06:08:03.426+0000] {dagbag.py:541} INFO - Filling up the DagBag from /home/airflow/.local/lib/python3.7/site-packages/airflow/example_dags/tutorial.py
[2023-06-09T06:08:03.434+0000] {processor.py:836} INFO - DAG(s) dict_keys(['tutorial']) retrieved from /home/airflow/.local/lib/python3.7/site-packages/airflow/example_dags/tutorial.py
[2023-06-09T06:08:03.465+0000] {logging_mixin.py:149} INFO - [2023-06-09T06:08:03.465+0000] {dag.py:2726} INFO - Sync 1 DAGs
[2023-06-09T06:08:03.500+0000] {logging_mixin.py:149} INFO - [2023-06-09T06:08:03.499+0000] {dag.py:3490} INFO - Setting next_dagrun for tutorial to 2023-06-08T06:08:03.499678+00:00, run_after=2023-06-09T06:08:03.499678+00:00
[2023-06-09T06:08:03.523+0000] {processor.py:179} INFO - Processing /home/airflow/.local/lib/python3.7/site-packages/airflow/example_dags/tutorial.py took 0.102 seconds
[2023-06-09T06:08:33.638+0000] {processor.py:157} INFO - Started process (PID=1225) to work on /home/airflow/.local/lib/python3.7/site-packages/airflow/example_dags/tutorial.py
[2023-06-09T06:08:33.639+0000] {processor.py:826} INFO - Processing file /home/airflow/.local/lib/python3.7/site-packages/airflow/example_dags/tutorial.py for tasks to queue
[2023-06-09T06:08:33.640+0000] {logging_mixin.py:149} INFO - [2023-06-09T06:08:33.640+0000] {dagbag.py:541} INFO - Filling up the DagBag from /home/airflow/.local/lib/python3.7/site-packages/airflow/example_dags/tutorial.py
[2023-06-09T06:08:33.648+0000] {processor.py:836} INFO - DAG(s) dict_keys(['tutorial']) retrieved from /home/airflow/.local/lib/python3.7/site-packages/airflow/example_dags/tutorial.py
[2023-06-09T06:08:33.681+0000] {logging_mixin.py:149} INFO - [2023-06-09T06:08:33.681+0000] {dag.py:2726} INFO - Sync 1 DAGs
[2023-06-09T06:08:33.717+0000] {logging_mixin.py:149} INFO - [2023-06-09T06:08:33.717+0000] {dag.py:3490} INFO - Setting next_dagrun for tutorial to 2023-06-08T06:08:33.716935+00:00, run_after=2023-06-09T06:08:33.716935+00:00
[2023-06-09T06:08:33.742+0000] {processor.py:179} INFO - Processing /home/airflow/.local/lib/python3.7/site-packages/airflow/example_dags/tutorial.py took 0.108 seconds
[2023-06-09T06:09:03.999+0000] {processor.py:157} INFO - Started process (PID=1278) to work on /home/airflow/.local/lib/python3.7/site-packages/airflow/example_dags/tutorial.py
[2023-06-09T06:09:04.000+0000] {processor.py:826} INFO - Processing file /home/airflow/.local/lib/python3.7/site-packages/airflow/example_dags/tutorial.py for tasks to queue
[2023-06-09T06:09:04.001+0000] {logging_mixin.py:149} INFO - [2023-06-09T06:09:04.001+0000] {dagbag.py:541} INFO - Filling up the DagBag from /home/airflow/.local/lib/python3.7/site-packages/airflow/example_dags/tutorial.py
[2023-06-09T06:09:04.009+0000] {processor.py:836} INFO - DAG(s) dict_keys(['tutorial']) retrieved from /home/airflow/.local/lib/python3.7/site-packages/airflow/example_dags/tutorial.py
[2023-06-09T06:09:04.041+0000] {logging_mixin.py:149} INFO - [2023-06-09T06:09:04.040+0000] {dag.py:2726} INFO - Sync 1 DAGs
[2023-06-09T06:09:04.075+0000] {logging_mixin.py:149} INFO - [2023-06-09T06:09:04.075+0000] {dag.py:3490} INFO - Setting next_dagrun for tutorial to 2023-06-08T06:09:04.075252+00:00, run_after=2023-06-09T06:09:04.075252+00:00
[2023-06-09T06:09:04.098+0000] {processor.py:179} INFO - Processing /home/airflow/.local/lib/python3.7/site-packages/airflow/example_dags/tutorial.py took 0.103 seconds
[2023-06-09T06:09:34.411+0000] {processor.py:157} INFO - Started process (PID=1333) to work on /home/airflow/.local/lib/python3.7/site-packages/airflow/example_dags/tutorial.py
[2023-06-09T06:09:34.412+0000] {processor.py:826} INFO - Processing file /home/airflow/.local/lib/python3.7/site-packages/airflow/example_dags/tutorial.py for tasks to queue
[2023-06-09T06:09:34.413+0000] {logging_mixin.py:149} INFO - [2023-06-09T06:09:34.413+0000] {dagbag.py:541} INFO - Filling up the DagBag from /home/airflow/.local/lib/python3.7/site-packages/airflow/example_dags/tutorial.py
[2023-06-09T06:09:34.422+0000] {processor.py:836} INFO - DAG(s) dict_keys(['tutorial']) retrieved from /home/airflow/.local/lib/python3.7/site-packages/airflow/example_dags/tutorial.py
[2023-06-09T06:09:34.455+0000] {logging_mixin.py:149} INFO - [2023-06-09T06:09:34.455+0000] {dag.py:2726} INFO - Sync 1 DAGs
[2023-06-09T06:09:34.493+0000] {logging_mixin.py:149} INFO - [2023-06-09T06:09:34.492+0000] {dag.py:3490} INFO - Setting next_dagrun for tutorial to 2023-06-08T06:09:34.492614+00:00, run_after=2023-06-09T06:09:34.492614+00:00
[2023-06-09T06:09:34.518+0000] {processor.py:179} INFO - Processing /home/airflow/.local/lib/python3.7/site-packages/airflow/example_dags/tutorial.py took 0.111 seconds
[2023-06-09T06:10:04.683+0000] {processor.py:157} INFO - Started process (PID=1387) to work on /home/airflow/.local/lib/python3.7/site-packages/airflow/example_dags/tutorial.py
[2023-06-09T06:10:04.684+0000] {processor.py:826} INFO - Processing file /home/airflow/.local/lib/python3.7/site-packages/airflow/example_dags/tutorial.py for tasks to queue
[2023-06-09T06:10:04.685+0000] {logging_mixin.py:149} INFO - [2023-06-09T06:10:04.685+0000] {dagbag.py:541} INFO - Filling up the DagBag from /home/airflow/.local/lib/python3.7/site-packages/airflow/example_dags/tutorial.py
[2023-06-09T06:10:04.693+0000] {processor.py:836} INFO - DAG(s) dict_keys(['tutorial']) retrieved from /home/airflow/.local/lib/python3.7/site-packages/airflow/example_dags/tutorial.py
[2023-06-09T06:10:04.724+0000] {logging_mixin.py:149} INFO - [2023-06-09T06:10:04.724+0000] {dag.py:2726} INFO - Sync 1 DAGs
[2023-06-09T06:10:04.757+0000] {logging_mixin.py:149} INFO - [2023-06-09T06:10:04.757+0000] {dag.py:3490} INFO - Setting next_dagrun for tutorial to 2023-06-08T06:10:04.757346+00:00, run_after=2023-06-09T06:10:04.757346+00:00
[2023-06-09T06:10:04.780+0000] {processor.py:179} INFO - Processing /home/airflow/.local/lib/python3.7/site-packages/airflow/example_dags/tutorial.py took 0.101 seconds
[2023-06-09T06:10:35.235+0000] {processor.py:157} INFO - Started process (PID=1440) to work on /home/airflow/.local/lib/python3.7/site-packages/airflow/example_dags/tutorial.py
[2023-06-09T06:10:35.236+0000] {processor.py:826} INFO - Processing file /home/airflow/.local/lib/python3.7/site-packages/airflow/example_dags/tutorial.py for tasks to queue
[2023-06-09T06:10:35.237+0000] {logging_mixin.py:149} INFO - [2023-06-09T06:10:35.237+0000] {dagbag.py:541} INFO - Filling up the DagBag from /home/airflow/.local/lib/python3.7/site-packages/airflow/example_dags/tutorial.py
[2023-06-09T06:10:35.245+0000] {processor.py:836} INFO - DAG(s) dict_keys(['tutorial']) retrieved from /home/airflow/.local/lib/python3.7/site-packages/airflow/example_dags/tutorial.py
[2023-06-09T06:10:35.280+0000] {logging_mixin.py:149} INFO - [2023-06-09T06:10:35.280+0000] {dag.py:2726} INFO - Sync 1 DAGs
[2023-06-09T06:10:35.316+0000] {logging_mixin.py:149} INFO - [2023-06-09T06:10:35.316+0000] {dag.py:3490} INFO - Setting next_dagrun for tutorial to 2023-06-08T06:10:35.316202+00:00, run_after=2023-06-09T06:10:35.316202+00:00
[2023-06-09T06:10:35.339+0000] {processor.py:179} INFO - Processing /home/airflow/.local/lib/python3.7/site-packages/airflow/example_dags/tutorial.py took 0.108 seconds
[2023-06-09T06:11:05.610+0000] {processor.py:157} INFO - Started process (PID=1493) to work on /home/airflow/.local/lib/python3.7/site-packages/airflow/example_dags/tutorial.py
[2023-06-09T06:11:05.611+0000] {processor.py:826} INFO - Processing file /home/airflow/.local/lib/python3.7/site-packages/airflow/example_dags/tutorial.py for tasks to queue
[2023-06-09T06:11:05.612+0000] {logging_mixin.py:149} INFO - [2023-06-09T06:11:05.612+0000] {dagbag.py:541} INFO - Filling up the DagBag from /home/airflow/.local/lib/python3.7/site-packages/airflow/example_dags/tutorial.py
[2023-06-09T06:11:05.620+0000] {processor.py:836} INFO - DAG(s) dict_keys(['tutorial']) retrieved from /home/airflow/.local/lib/python3.7/site-packages/airflow/example_dags/tutorial.py
[2023-06-09T06:11:05.651+0000] {logging_mixin.py:149} INFO - [2023-06-09T06:11:05.650+0000] {dag.py:2726} INFO - Sync 1 DAGs
[2023-06-09T06:11:05.684+0000] {logging_mixin.py:149} INFO - [2023-06-09T06:11:05.684+0000] {dag.py:3490} INFO - Setting next_dagrun for tutorial to 2023-06-08T06:11:05.684172+00:00, run_after=2023-06-09T06:11:05.684172+00:00
[2023-06-09T06:11:05.707+0000] {processor.py:179} INFO - Processing /home/airflow/.local/lib/python3.7/site-packages/airflow/example_dags/tutorial.py took 0.101 seconds
[2023-06-09T06:11:36.189+0000] {processor.py:157} INFO - Started process (PID=1547) to work on /home/airflow/.local/lib/python3.7/site-packages/airflow/example_dags/tutorial.py
[2023-06-09T06:11:36.191+0000] {processor.py:826} INFO - Processing file /home/airflow/.local/lib/python3.7/site-packages/airflow/example_dags/tutorial.py for tasks to queue
[2023-06-09T06:11:36.192+0000] {logging_mixin.py:149} INFO - [2023-06-09T06:11:36.192+0000] {dagbag.py:541} INFO - Filling up the DagBag from /home/airflow/.local/lib/python3.7/site-packages/airflow/example_dags/tutorial.py
[2023-06-09T06:11:36.200+0000] {processor.py:836} INFO - DAG(s) dict_keys(['tutorial']) retrieved from /home/airflow/.local/lib/python3.7/site-packages/airflow/example_dags/tutorial.py
[2023-06-09T06:11:36.241+0000] {logging_mixin.py:149} INFO - [2023-06-09T06:11:36.241+0000] {dag.py:2726} INFO - Sync 1 DAGs
[2023-06-09T06:11:36.296+0000] {logging_mixin.py:149} INFO - [2023-06-09T06:11:36.296+0000] {dag.py:3490} INFO - Setting next_dagrun for tutorial to 2023-06-08T06:11:36.295493+00:00, run_after=2023-06-09T06:11:36.295493+00:00
[2023-06-09T06:11:36.336+0000] {processor.py:179} INFO - Processing /home/airflow/.local/lib/python3.7/site-packages/airflow/example_dags/tutorial.py took 0.151 seconds
[2023-06-09T06:12:06.407+0000] {processor.py:157} INFO - Started process (PID=1602) to work on /home/airflow/.local/lib/python3.7/site-packages/airflow/example_dags/tutorial.py
[2023-06-09T06:12:06.413+0000] {processor.py:826} INFO - Processing file /home/airflow/.local/lib/python3.7/site-packages/airflow/example_dags/tutorial.py for tasks to queue
[2023-06-09T06:12:06.414+0000] {logging_mixin.py:149} INFO - [2023-06-09T06:12:06.414+0000] {dagbag.py:541} INFO - Filling up the DagBag from /home/airflow/.local/lib/python3.7/site-packages/airflow/example_dags/tutorial.py
[2023-06-09T06:12:06.422+0000] {processor.py:836} INFO - DAG(s) dict_keys(['tutorial']) retrieved from /home/airflow/.local/lib/python3.7/site-packages/airflow/example_dags/tutorial.py
[2023-06-09T06:12:06.484+0000] {logging_mixin.py:149} INFO - [2023-06-09T06:12:06.483+0000] {dag.py:2726} INFO - Sync 1 DAGs
[2023-06-09T06:12:06.597+0000] {logging_mixin.py:149} INFO - [2023-06-09T06:12:06.597+0000] {dag.py:3490} INFO - Setting next_dagrun for tutorial to 2023-06-08T06:12:06.597307+00:00, run_after=2023-06-09T06:12:06.597307+00:00
[2023-06-09T06:12:06.631+0000] {processor.py:179} INFO - Processing /home/airflow/.local/lib/python3.7/site-packages/airflow/example_dags/tutorial.py took 0.232 seconds
[2023-06-09T06:12:37.087+0000] {processor.py:157} INFO - Started process (PID=1656) to work on /home/airflow/.local/lib/python3.7/site-packages/airflow/example_dags/tutorial.py
[2023-06-09T06:12:37.092+0000] {processor.py:826} INFO - Processing file /home/airflow/.local/lib/python3.7/site-packages/airflow/example_dags/tutorial.py for tasks to queue
[2023-06-09T06:12:37.096+0000] {logging_mixin.py:149} INFO - [2023-06-09T06:12:37.096+0000] {dagbag.py:541} INFO - Filling up the DagBag from /home/airflow/.local/lib/python3.7/site-packages/airflow/example_dags/tutorial.py
[2023-06-09T06:12:37.105+0000] {processor.py:836} INFO - DAG(s) dict_keys(['tutorial']) retrieved from /home/airflow/.local/lib/python3.7/site-packages/airflow/example_dags/tutorial.py
[2023-06-09T06:12:37.172+0000] {logging_mixin.py:149} INFO - [2023-06-09T06:12:37.171+0000] {dag.py:2726} INFO - Sync 1 DAGs
[2023-06-09T06:12:37.250+0000] {logging_mixin.py:149} INFO - [2023-06-09T06:12:37.249+0000] {dag.py:3490} INFO - Setting next_dagrun for tutorial to 2023-06-08T06:12:37.249482+00:00, run_after=2023-06-09T06:12:37.249482+00:00
[2023-06-09T06:12:37.328+0000] {processor.py:179} INFO - Processing /home/airflow/.local/lib/python3.7/site-packages/airflow/example_dags/tutorial.py took 0.245 seconds
[2023-06-09T06:13:07.523+0000] {processor.py:157} INFO - Started process (PID=1710) to work on /home/airflow/.local/lib/python3.7/site-packages/airflow/example_dags/tutorial.py
[2023-06-09T06:13:07.524+0000] {processor.py:826} INFO - Processing file /home/airflow/.local/lib/python3.7/site-packages/airflow/example_dags/tutorial.py for tasks to queue
[2023-06-09T06:13:07.525+0000] {logging_mixin.py:149} INFO - [2023-06-09T06:13:07.525+0000] {dagbag.py:541} INFO - Filling up the DagBag from /home/airflow/.local/lib/python3.7/site-packages/airflow/example_dags/tutorial.py
[2023-06-09T06:13:07.533+0000] {processor.py:836} INFO - DAG(s) dict_keys(['tutorial']) retrieved from /home/airflow/.local/lib/python3.7/site-packages/airflow/example_dags/tutorial.py
[2023-06-09T06:13:07.565+0000] {logging_mixin.py:149} INFO - [2023-06-09T06:13:07.564+0000] {dag.py:2726} INFO - Sync 1 DAGs
[2023-06-09T06:13:07.598+0000] {logging_mixin.py:149} INFO - [2023-06-09T06:13:07.598+0000] {dag.py:3490} INFO - Setting next_dagrun for tutorial to 2023-06-08T06:13:07.598293+00:00, run_after=2023-06-09T06:13:07.598293+00:00
[2023-06-09T06:13:07.621+0000] {processor.py:179} INFO - Processing /home/airflow/.local/lib/python3.7/site-packages/airflow/example_dags/tutorial.py took 0.102 seconds
[2023-06-09T06:13:37.782+0000] {processor.py:157} INFO - Started process (PID=1764) to work on /home/airflow/.local/lib/python3.7/site-packages/airflow/example_dags/tutorial.py
[2023-06-09T06:13:37.783+0000] {processor.py:826} INFO - Processing file /home/airflow/.local/lib/python3.7/site-packages/airflow/example_dags/tutorial.py for tasks to queue
[2023-06-09T06:13:37.784+0000] {logging_mixin.py:149} INFO - [2023-06-09T06:13:37.784+0000] {dagbag.py:541} INFO - Filling up the DagBag from /home/airflow/.local/lib/python3.7/site-packages/airflow/example_dags/tutorial.py
[2023-06-09T06:13:37.791+0000] {processor.py:836} INFO - DAG(s) dict_keys(['tutorial']) retrieved from /home/airflow/.local/lib/python3.7/site-packages/airflow/example_dags/tutorial.py
[2023-06-09T06:13:37.835+0000] {logging_mixin.py:149} INFO - [2023-06-09T06:13:37.835+0000] {dag.py:2726} INFO - Sync 1 DAGs
[2023-06-09T06:13:37.905+0000] {logging_mixin.py:149} INFO - [2023-06-09T06:13:37.905+0000] {dag.py:3490} INFO - Setting next_dagrun for tutorial to 2023-06-08T06:13:37.904877+00:00, run_after=2023-06-09T06:13:37.904877+00:00
[2023-06-09T06:13:37.950+0000] {processor.py:179} INFO - Processing /home/airflow/.local/lib/python3.7/site-packages/airflow/example_dags/tutorial.py took 0.181 seconds
[2023-06-09T06:14:08.376+0000] {processor.py:157} INFO - Started process (PID=1817) to work on /home/airflow/.local/lib/python3.7/site-packages/airflow/example_dags/tutorial.py
[2023-06-09T06:14:08.377+0000] {processor.py:826} INFO - Processing file /home/airflow/.local/lib/python3.7/site-packages/airflow/example_dags/tutorial.py for tasks to queue
[2023-06-09T06:14:08.378+0000] {logging_mixin.py:149} INFO - [2023-06-09T06:14:08.377+0000] {dagbag.py:541} INFO - Filling up the DagBag from /home/airflow/.local/lib/python3.7/site-packages/airflow/example_dags/tutorial.py
[2023-06-09T06:14:08.386+0000] {processor.py:836} INFO - DAG(s) dict_keys(['tutorial']) retrieved from /home/airflow/.local/lib/python3.7/site-packages/airflow/example_dags/tutorial.py
[2023-06-09T06:14:08.417+0000] {logging_mixin.py:149} INFO - [2023-06-09T06:14:08.417+0000] {dag.py:2726} INFO - Sync 1 DAGs
[2023-06-09T06:14:08.459+0000] {logging_mixin.py:149} INFO - [2023-06-09T06:14:08.459+0000] {dag.py:3490} INFO - Setting next_dagrun for tutorial to 2023-06-08T06:14:08.459002+00:00, run_after=2023-06-09T06:14:08.459002+00:00
[2023-06-09T06:14:08.548+0000] {processor.py:179} INFO - Processing /home/airflow/.local/lib/python3.7/site-packages/airflow/example_dags/tutorial.py took 0.176 seconds
[2023-06-09T06:14:38.931+0000] {processor.py:157} INFO - Started process (PID=1871) to work on /home/airflow/.local/lib/python3.7/site-packages/airflow/example_dags/tutorial.py
[2023-06-09T06:14:38.936+0000] {processor.py:826} INFO - Processing file /home/airflow/.local/lib/python3.7/site-packages/airflow/example_dags/tutorial.py for tasks to queue
[2023-06-09T06:14:38.937+0000] {logging_mixin.py:149} INFO - [2023-06-09T06:14:38.937+0000] {dagbag.py:541} INFO - Filling up the DagBag from /home/airflow/.local/lib/python3.7/site-packages/airflow/example_dags/tutorial.py
[2023-06-09T06:14:38.947+0000] {processor.py:836} INFO - DAG(s) dict_keys(['tutorial']) retrieved from /home/airflow/.local/lib/python3.7/site-packages/airflow/example_dags/tutorial.py
[2023-06-09T06:14:38.979+0000] {logging_mixin.py:149} INFO - [2023-06-09T06:14:38.978+0000] {dag.py:2726} INFO - Sync 1 DAGs
[2023-06-09T06:14:39.019+0000] {logging_mixin.py:149} INFO - [2023-06-09T06:14:39.019+0000] {dag.py:3490} INFO - Setting next_dagrun for tutorial to 2023-06-08T06:14:39.019128+00:00, run_after=2023-06-09T06:14:39.019128+00:00
[2023-06-09T06:14:39.048+0000] {processor.py:179} INFO - Processing /home/airflow/.local/lib/python3.7/site-packages/airflow/example_dags/tutorial.py took 0.121 seconds
[2023-06-09T06:15:09.475+0000] {processor.py:157} INFO - Started process (PID=1925) to work on /home/airflow/.local/lib/python3.7/site-packages/airflow/example_dags/tutorial.py
[2023-06-09T06:15:09.476+0000] {processor.py:826} INFO - Processing file /home/airflow/.local/lib/python3.7/site-packages/airflow/example_dags/tutorial.py for tasks to queue
[2023-06-09T06:15:09.477+0000] {logging_mixin.py:149} INFO - [2023-06-09T06:15:09.477+0000] {dagbag.py:541} INFO - Filling up the DagBag from /home/airflow/.local/lib/python3.7/site-packages/airflow/example_dags/tutorial.py
[2023-06-09T06:15:09.484+0000] {processor.py:836} INFO - DAG(s) dict_keys(['tutorial']) retrieved from /home/airflow/.local/lib/python3.7/site-packages/airflow/example_dags/tutorial.py
[2023-06-09T06:15:09.516+0000] {logging_mixin.py:149} INFO - [2023-06-09T06:15:09.516+0000] {dag.py:2726} INFO - Sync 1 DAGs
[2023-06-09T06:15:09.549+0000] {logging_mixin.py:149} INFO - [2023-06-09T06:15:09.549+0000] {dag.py:3490} INFO - Setting next_dagrun for tutorial to 2023-06-08T06:15:09.549399+00:00, run_after=2023-06-09T06:15:09.549399+00:00
[2023-06-09T06:15:09.573+0000] {processor.py:179} INFO - Processing /home/airflow/.local/lib/python3.7/site-packages/airflow/example_dags/tutorial.py took 0.102 seconds
[2023-06-09T06:15:39.972+0000] {processor.py:157} INFO - Started process (PID=1978) to work on /home/airflow/.local/lib/python3.7/site-packages/airflow/example_dags/tutorial.py
[2023-06-09T06:15:39.973+0000] {processor.py:826} INFO - Processing file /home/airflow/.local/lib/python3.7/site-packages/airflow/example_dags/tutorial.py for tasks to queue
[2023-06-09T06:15:39.974+0000] {logging_mixin.py:149} INFO - [2023-06-09T06:15:39.974+0000] {dagbag.py:541} INFO - Filling up the DagBag from /home/airflow/.local/lib/python3.7/site-packages/airflow/example_dags/tutorial.py
[2023-06-09T06:15:39.982+0000] {processor.py:836} INFO - DAG(s) dict_keys(['tutorial']) retrieved from /home/airflow/.local/lib/python3.7/site-packages/airflow/example_dags/tutorial.py
[2023-06-09T06:15:40.014+0000] {logging_mixin.py:149} INFO - [2023-06-09T06:15:40.014+0000] {dag.py:2726} INFO - Sync 1 DAGs
[2023-06-09T06:15:40.050+0000] {logging_mixin.py:149} INFO - [2023-06-09T06:15:40.050+0000] {dag.py:3490} INFO - Setting next_dagrun for tutorial to 2023-06-08T06:15:40.050136+00:00, run_after=2023-06-09T06:15:40.050136+00:00
[2023-06-09T06:15:40.075+0000] {processor.py:179} INFO - Processing /home/airflow/.local/lib/python3.7/site-packages/airflow/example_dags/tutorial.py took 0.107 seconds
[2023-06-09T06:16:10.112+0000] {processor.py:157} INFO - Started process (PID=2032) to work on /home/airflow/.local/lib/python3.7/site-packages/airflow/example_dags/tutorial.py
[2023-06-09T06:16:10.113+0000] {processor.py:826} INFO - Processing file /home/airflow/.local/lib/python3.7/site-packages/airflow/example_dags/tutorial.py for tasks to queue
[2023-06-09T06:16:10.114+0000] {logging_mixin.py:149} INFO - [2023-06-09T06:16:10.114+0000] {dagbag.py:541} INFO - Filling up the DagBag from /home/airflow/.local/lib/python3.7/site-packages/airflow/example_dags/tutorial.py
[2023-06-09T06:16:10.135+0000] {processor.py:836} INFO - DAG(s) dict_keys(['tutorial']) retrieved from /home/airflow/.local/lib/python3.7/site-packages/airflow/example_dags/tutorial.py
[2023-06-09T06:16:10.165+0000] {logging_mixin.py:149} INFO - [2023-06-09T06:16:10.165+0000] {dag.py:2726} INFO - Sync 1 DAGs
[2023-06-09T06:16:10.200+0000] {logging_mixin.py:149} INFO - [2023-06-09T06:16:10.200+0000] {dag.py:3490} INFO - Setting next_dagrun for tutorial to 2023-06-08T06:16:10.199947+00:00, run_after=2023-06-09T06:16:10.199947+00:00
[2023-06-09T06:16:10.222+0000] {processor.py:179} INFO - Processing /home/airflow/.local/lib/python3.7/site-packages/airflow/example_dags/tutorial.py took 0.114 seconds
[2023-06-09T06:16:40.711+0000] {processor.py:157} INFO - Started process (PID=2086) to work on /home/airflow/.local/lib/python3.7/site-packages/airflow/example_dags/tutorial.py
[2023-06-09T06:16:40.712+0000] {processor.py:826} INFO - Processing file /home/airflow/.local/lib/python3.7/site-packages/airflow/example_dags/tutorial.py for tasks to queue
[2023-06-09T06:16:40.713+0000] {logging_mixin.py:149} INFO - [2023-06-09T06:16:40.712+0000] {dagbag.py:541} INFO - Filling up the DagBag from /home/airflow/.local/lib/python3.7/site-packages/airflow/example_dags/tutorial.py
[2023-06-09T06:16:40.721+0000] {processor.py:836} INFO - DAG(s) dict_keys(['tutorial']) retrieved from /home/airflow/.local/lib/python3.7/site-packages/airflow/example_dags/tutorial.py
[2023-06-09T06:16:40.754+0000] {logging_mixin.py:149} INFO - [2023-06-09T06:16:40.753+0000] {dag.py:2726} INFO - Sync 1 DAGs
[2023-06-09T06:16:40.809+0000] {logging_mixin.py:149} INFO - [2023-06-09T06:16:40.809+0000] {dag.py:3490} INFO - Setting next_dagrun for tutorial to 2023-06-08T06:16:40.809097+00:00, run_after=2023-06-09T06:16:40.809097+00:00
[2023-06-09T06:16:40.838+0000] {processor.py:179} INFO - Processing /home/airflow/.local/lib/python3.7/site-packages/airflow/example_dags/tutorial.py took 0.131 seconds
[2023-06-09T06:17:11.080+0000] {processor.py:157} INFO - Started process (PID=2137) to work on /home/airflow/.local/lib/python3.7/site-packages/airflow/example_dags/tutorial.py
[2023-06-09T06:17:11.084+0000] {processor.py:826} INFO - Processing file /home/airflow/.local/lib/python3.7/site-packages/airflow/example_dags/tutorial.py for tasks to queue
[2023-06-09T06:17:11.085+0000] {logging_mixin.py:149} INFO - [2023-06-09T06:17:11.085+0000] {dagbag.py:541} INFO - Filling up the DagBag from /home/airflow/.local/lib/python3.7/site-packages/airflow/example_dags/tutorial.py
[2023-06-09T06:17:11.092+0000] {processor.py:836} INFO - DAG(s) dict_keys(['tutorial']) retrieved from /home/airflow/.local/lib/python3.7/site-packages/airflow/example_dags/tutorial.py
[2023-06-09T06:17:11.122+0000] {logging_mixin.py:149} INFO - [2023-06-09T06:17:11.122+0000] {dag.py:2726} INFO - Sync 1 DAGs
[2023-06-09T06:17:11.157+0000] {logging_mixin.py:149} INFO - [2023-06-09T06:17:11.157+0000] {dag.py:3490} INFO - Setting next_dagrun for tutorial to 2023-06-08T06:17:11.157456+00:00, run_after=2023-06-09T06:17:11.157456+00:00
[2023-06-09T06:17:11.193+0000] {processor.py:179} INFO - Processing /home/airflow/.local/lib/python3.7/site-packages/airflow/example_dags/tutorial.py took 0.117 seconds
[2023-06-09T06:17:42.098+0000] {processor.py:157} INFO - Started process (PID=2191) to work on /home/airflow/.local/lib/python3.7/site-packages/airflow/example_dags/tutorial.py
[2023-06-09T06:17:42.099+0000] {processor.py:826} INFO - Processing file /home/airflow/.local/lib/python3.7/site-packages/airflow/example_dags/tutorial.py for tasks to queue
[2023-06-09T06:17:42.099+0000] {logging_mixin.py:149} INFO - [2023-06-09T06:17:42.099+0000] {dagbag.py:541} INFO - Filling up the DagBag from /home/airflow/.local/lib/python3.7/site-packages/airflow/example_dags/tutorial.py
[2023-06-09T06:17:42.107+0000] {processor.py:836} INFO - DAG(s) dict_keys(['tutorial']) retrieved from /home/airflow/.local/lib/python3.7/site-packages/airflow/example_dags/tutorial.py
[2023-06-09T06:17:42.139+0000] {logging_mixin.py:149} INFO - [2023-06-09T06:17:42.139+0000] {dag.py:2726} INFO - Sync 1 DAGs
[2023-06-09T06:17:42.173+0000] {logging_mixin.py:149} INFO - [2023-06-09T06:17:42.173+0000] {dag.py:3490} INFO - Setting next_dagrun for tutorial to 2023-06-08T06:17:42.173259+00:00, run_after=2023-06-09T06:17:42.173259+00:00
[2023-06-09T06:17:42.199+0000] {processor.py:179} INFO - Processing /home/airflow/.local/lib/python3.7/site-packages/airflow/example_dags/tutorial.py took 0.105 seconds
[2023-06-09T06:18:13.044+0000] {processor.py:157} INFO - Started process (PID=2245) to work on /home/airflow/.local/lib/python3.7/site-packages/airflow/example_dags/tutorial.py
[2023-06-09T06:18:13.046+0000] {processor.py:826} INFO - Processing file /home/airflow/.local/lib/python3.7/site-packages/airflow/example_dags/tutorial.py for tasks to queue
[2023-06-09T06:18:13.047+0000] {logging_mixin.py:149} INFO - [2023-06-09T06:18:13.047+0000] {dagbag.py:541} INFO - Filling up the DagBag from /home/airflow/.local/lib/python3.7/site-packages/airflow/example_dags/tutorial.py
[2023-06-09T06:18:13.055+0000] {processor.py:836} INFO - DAG(s) dict_keys(['tutorial']) retrieved from /home/airflow/.local/lib/python3.7/site-packages/airflow/example_dags/tutorial.py
[2023-06-09T06:18:13.085+0000] {logging_mixin.py:149} INFO - [2023-06-09T06:18:13.085+0000] {dag.py:2726} INFO - Sync 1 DAGs
[2023-06-09T06:18:13.149+0000] {logging_mixin.py:149} INFO - [2023-06-09T06:18:13.149+0000] {dag.py:3490} INFO - Setting next_dagrun for tutorial to 2023-06-08T06:18:13.149238+00:00, run_after=2023-06-09T06:18:13.149238+00:00
[2023-06-09T06:18:13.172+0000] {processor.py:179} INFO - Processing /home/airflow/.local/lib/python3.7/site-packages/airflow/example_dags/tutorial.py took 0.132 seconds
[2023-06-09T06:18:44.064+0000] {processor.py:157} INFO - Started process (PID=2299) to work on /home/airflow/.local/lib/python3.7/site-packages/airflow/example_dags/tutorial.py
[2023-06-09T06:18:44.065+0000] {processor.py:826} INFO - Processing file /home/airflow/.local/lib/python3.7/site-packages/airflow/example_dags/tutorial.py for tasks to queue
[2023-06-09T06:18:44.066+0000] {logging_mixin.py:149} INFO - [2023-06-09T06:18:44.066+0000] {dagbag.py:541} INFO - Filling up the DagBag from /home/airflow/.local/lib/python3.7/site-packages/airflow/example_dags/tutorial.py
[2023-06-09T06:18:44.074+0000] {processor.py:836} INFO - DAG(s) dict_keys(['tutorial']) retrieved from /home/airflow/.local/lib/python3.7/site-packages/airflow/example_dags/tutorial.py
[2023-06-09T06:18:44.109+0000] {logging_mixin.py:149} INFO - [2023-06-09T06:18:44.109+0000] {dag.py:2726} INFO - Sync 1 DAGs
[2023-06-09T06:18:44.142+0000] {logging_mixin.py:149} INFO - [2023-06-09T06:18:44.142+0000] {dag.py:3490} INFO - Setting next_dagrun for tutorial to 2023-06-08T06:18:44.142382+00:00, run_after=2023-06-09T06:18:44.142382+00:00
[2023-06-09T06:18:44.166+0000] {processor.py:179} INFO - Processing /home/airflow/.local/lib/python3.7/site-packages/airflow/example_dags/tutorial.py took 0.107 seconds
[2023-06-09T06:19:14.565+0000] {processor.py:157} INFO - Started process (PID=2353) to work on /home/airflow/.local/lib/python3.7/site-packages/airflow/example_dags/tutorial.py
[2023-06-09T06:19:14.566+0000] {processor.py:826} INFO - Processing file /home/airflow/.local/lib/python3.7/site-packages/airflow/example_dags/tutorial.py for tasks to queue
[2023-06-09T06:19:14.567+0000] {logging_mixin.py:149} INFO - [2023-06-09T06:19:14.567+0000] {dagbag.py:541} INFO - Filling up the DagBag from /home/airflow/.local/lib/python3.7/site-packages/airflow/example_dags/tutorial.py
[2023-06-09T06:19:14.575+0000] {processor.py:836} INFO - DAG(s) dict_keys(['tutorial']) retrieved from /home/airflow/.local/lib/python3.7/site-packages/airflow/example_dags/tutorial.py
[2023-06-09T06:19:14.606+0000] {logging_mixin.py:149} INFO - [2023-06-09T06:19:14.606+0000] {dag.py:2726} INFO - Sync 1 DAGs
[2023-06-09T06:19:14.642+0000] {logging_mixin.py:149} INFO - [2023-06-09T06:19:14.641+0000] {dag.py:3490} INFO - Setting next_dagrun for tutorial to 2023-06-08T06:19:14.641497+00:00, run_after=2023-06-09T06:19:14.641497+00:00
[2023-06-09T06:19:14.666+0000] {processor.py:179} INFO - Processing /home/airflow/.local/lib/python3.7/site-packages/airflow/example_dags/tutorial.py took 0.105 seconds
[2023-06-09T06:19:45.357+0000] {processor.py:157} INFO - Started process (PID=2408) to work on /home/airflow/.local/lib/python3.7/site-packages/airflow/example_dags/tutorial.py
[2023-06-09T06:19:45.359+0000] {processor.py:826} INFO - Processing file /home/airflow/.local/lib/python3.7/site-packages/airflow/example_dags/tutorial.py for tasks to queue
[2023-06-09T06:19:45.360+0000] {logging_mixin.py:149} INFO - [2023-06-09T06:19:45.359+0000] {dagbag.py:541} INFO - Filling up the DagBag from /home/airflow/.local/lib/python3.7/site-packages/airflow/example_dags/tutorial.py
[2023-06-09T06:19:45.368+0000] {processor.py:836} INFO - DAG(s) dict_keys(['tutorial']) retrieved from /home/airflow/.local/lib/python3.7/site-packages/airflow/example_dags/tutorial.py
[2023-06-09T06:19:45.401+0000] {logging_mixin.py:149} INFO - [2023-06-09T06:19:45.401+0000] {dag.py:2726} INFO - Sync 1 DAGs
[2023-06-09T06:19:45.435+0000] {logging_mixin.py:149} INFO - [2023-06-09T06:19:45.435+0000] {dag.py:3490} INFO - Setting next_dagrun for tutorial to 2023-06-08T06:19:45.435090+00:00, run_after=2023-06-09T06:19:45.435090+00:00
[2023-06-09T06:19:45.459+0000] {processor.py:179} INFO - Processing /home/airflow/.local/lib/python3.7/site-packages/airflow/example_dags/tutorial.py took 0.106 seconds
[2023-06-09T06:20:15.856+0000] {processor.py:157} INFO - Started process (PID=2462) to work on /home/airflow/.local/lib/python3.7/site-packages/airflow/example_dags/tutorial.py
[2023-06-09T06:20:15.864+0000] {processor.py:826} INFO - Processing file /home/airflow/.local/lib/python3.7/site-packages/airflow/example_dags/tutorial.py for tasks to queue
[2023-06-09T06:20:15.865+0000] {logging_mixin.py:149} INFO - [2023-06-09T06:20:15.865+0000] {dagbag.py:541} INFO - Filling up the DagBag from /home/airflow/.local/lib/python3.7/site-packages/airflow/example_dags/tutorial.py
[2023-06-09T06:20:15.881+0000] {processor.py:836} INFO - DAG(s) dict_keys(['tutorial']) retrieved from /home/airflow/.local/lib/python3.7/site-packages/airflow/example_dags/tutorial.py
[2023-06-09T06:20:15.933+0000] {logging_mixin.py:149} INFO - [2023-06-09T06:20:15.932+0000] {dag.py:2726} INFO - Sync 1 DAGs
[2023-06-09T06:20:15.999+0000] {logging_mixin.py:149} INFO - [2023-06-09T06:20:15.999+0000] {dag.py:3490} INFO - Setting next_dagrun for tutorial to 2023-06-08T06:20:15.998858+00:00, run_after=2023-06-09T06:20:15.998858+00:00
[2023-06-09T06:20:16.045+0000] {processor.py:179} INFO - Processing /home/airflow/.local/lib/python3.7/site-packages/airflow/example_dags/tutorial.py took 0.193 seconds
[2023-06-09T06:20:46.310+0000] {processor.py:157} INFO - Started process (PID=2516) to work on /home/airflow/.local/lib/python3.7/site-packages/airflow/example_dags/tutorial.py
[2023-06-09T06:20:46.312+0000] {processor.py:826} INFO - Processing file /home/airflow/.local/lib/python3.7/site-packages/airflow/example_dags/tutorial.py for tasks to queue
[2023-06-09T06:20:46.312+0000] {logging_mixin.py:149} INFO - [2023-06-09T06:20:46.312+0000] {dagbag.py:541} INFO - Filling up the DagBag from /home/airflow/.local/lib/python3.7/site-packages/airflow/example_dags/tutorial.py
[2023-06-09T06:20:46.320+0000] {processor.py:836} INFO - DAG(s) dict_keys(['tutorial']) retrieved from /home/airflow/.local/lib/python3.7/site-packages/airflow/example_dags/tutorial.py
[2023-06-09T06:20:46.351+0000] {logging_mixin.py:149} INFO - [2023-06-09T06:20:46.351+0000] {dag.py:2726} INFO - Sync 1 DAGs
[2023-06-09T06:20:46.388+0000] {logging_mixin.py:149} INFO - [2023-06-09T06:20:46.388+0000] {dag.py:3490} INFO - Setting next_dagrun for tutorial to 2023-06-08T06:20:46.388231+00:00, run_after=2023-06-09T06:20:46.388231+00:00
[2023-06-09T06:20:46.410+0000] {processor.py:179} INFO - Processing /home/airflow/.local/lib/python3.7/site-packages/airflow/example_dags/tutorial.py took 0.103 seconds
[2023-06-09T06:21:16.472+0000] {processor.py:157} INFO - Started process (PID=2570) to work on /home/airflow/.local/lib/python3.7/site-packages/airflow/example_dags/tutorial.py
[2023-06-09T06:21:16.473+0000] {processor.py:826} INFO - Processing file /home/airflow/.local/lib/python3.7/site-packages/airflow/example_dags/tutorial.py for tasks to queue
[2023-06-09T06:21:16.474+0000] {logging_mixin.py:149} INFO - [2023-06-09T06:21:16.474+0000] {dagbag.py:541} INFO - Filling up the DagBag from /home/airflow/.local/lib/python3.7/site-packages/airflow/example_dags/tutorial.py
[2023-06-09T06:21:16.482+0000] {processor.py:836} INFO - DAG(s) dict_keys(['tutorial']) retrieved from /home/airflow/.local/lib/python3.7/site-packages/airflow/example_dags/tutorial.py
[2023-06-09T06:21:16.514+0000] {logging_mixin.py:149} INFO - [2023-06-09T06:21:16.514+0000] {dag.py:2726} INFO - Sync 1 DAGs
[2023-06-09T06:21:16.548+0000] {logging_mixin.py:149} INFO - [2023-06-09T06:21:16.548+0000] {dag.py:3490} INFO - Setting next_dagrun for tutorial to 2023-06-08T06:21:16.548386+00:00, run_after=2023-06-09T06:21:16.548386+00:00
[2023-06-09T06:21:16.570+0000] {processor.py:179} INFO - Processing /home/airflow/.local/lib/python3.7/site-packages/airflow/example_dags/tutorial.py took 0.102 seconds
[2023-06-09T06:21:47.139+0000] {processor.py:157} INFO - Started process (PID=2624) to work on /home/airflow/.local/lib/python3.7/site-packages/airflow/example_dags/tutorial.py
[2023-06-09T06:21:47.141+0000] {processor.py:826} INFO - Processing file /home/airflow/.local/lib/python3.7/site-packages/airflow/example_dags/tutorial.py for tasks to queue
[2023-06-09T06:21:47.142+0000] {logging_mixin.py:149} INFO - [2023-06-09T06:21:47.141+0000] {dagbag.py:541} INFO - Filling up the DagBag from /home/airflow/.local/lib/python3.7/site-packages/airflow/example_dags/tutorial.py
[2023-06-09T06:21:47.149+0000] {processor.py:836} INFO - DAG(s) dict_keys(['tutorial']) retrieved from /home/airflow/.local/lib/python3.7/site-packages/airflow/example_dags/tutorial.py
[2023-06-09T06:21:47.179+0000] {logging_mixin.py:149} INFO - [2023-06-09T06:21:47.179+0000] {dag.py:2726} INFO - Sync 1 DAGs
[2023-06-09T06:21:47.212+0000] {logging_mixin.py:149} INFO - [2023-06-09T06:21:47.212+0000] {dag.py:3490} INFO - Setting next_dagrun for tutorial to 2023-06-08T06:21:47.211863+00:00, run_after=2023-06-09T06:21:47.211863+00:00
[2023-06-09T06:21:47.235+0000] {processor.py:179} INFO - Processing /home/airflow/.local/lib/python3.7/site-packages/airflow/example_dags/tutorial.py took 0.101 seconds
[2023-06-09T06:22:17.671+0000] {processor.py:157} INFO - Started process (PID=2678) to work on /home/airflow/.local/lib/python3.7/site-packages/airflow/example_dags/tutorial.py
[2023-06-09T06:22:17.680+0000] {processor.py:826} INFO - Processing file /home/airflow/.local/lib/python3.7/site-packages/airflow/example_dags/tutorial.py for tasks to queue
[2023-06-09T06:22:17.681+0000] {logging_mixin.py:149} INFO - [2023-06-09T06:22:17.681+0000] {dagbag.py:541} INFO - Filling up the DagBag from /home/airflow/.local/lib/python3.7/site-packages/airflow/example_dags/tutorial.py
[2023-06-09T06:22:17.697+0000] {processor.py:836} INFO - DAG(s) dict_keys(['tutorial']) retrieved from /home/airflow/.local/lib/python3.7/site-packages/airflow/example_dags/tutorial.py
[2023-06-09T06:22:17.764+0000] {logging_mixin.py:149} INFO - [2023-06-09T06:22:17.764+0000] {dag.py:2726} INFO - Sync 1 DAGs
[2023-06-09T06:22:17.833+0000] {logging_mixin.py:149} INFO - [2023-06-09T06:22:17.832+0000] {dag.py:3490} INFO - Setting next_dagrun for tutorial to 2023-06-08T06:22:17.832404+00:00, run_after=2023-06-09T06:22:17.832404+00:00
[2023-06-09T06:22:17.896+0000] {processor.py:179} INFO - Processing /home/airflow/.local/lib/python3.7/site-packages/airflow/example_dags/tutorial.py took 0.229 seconds
[2023-06-09T06:22:48.388+0000] {processor.py:157} INFO - Started process (PID=2732) to work on /home/airflow/.local/lib/python3.7/site-packages/airflow/example_dags/tutorial.py
[2023-06-09T06:22:48.389+0000] {processor.py:826} INFO - Processing file /home/airflow/.local/lib/python3.7/site-packages/airflow/example_dags/tutorial.py for tasks to queue
[2023-06-09T06:22:48.390+0000] {logging_mixin.py:149} INFO - [2023-06-09T06:22:48.390+0000] {dagbag.py:541} INFO - Filling up the DagBag from /home/airflow/.local/lib/python3.7/site-packages/airflow/example_dags/tutorial.py
[2023-06-09T06:22:48.398+0000] {processor.py:836} INFO - DAG(s) dict_keys(['tutorial']) retrieved from /home/airflow/.local/lib/python3.7/site-packages/airflow/example_dags/tutorial.py
[2023-06-09T06:22:48.428+0000] {logging_mixin.py:149} INFO - [2023-06-09T06:22:48.428+0000] {dag.py:2726} INFO - Sync 1 DAGs
[2023-06-09T06:22:48.461+0000] {logging_mixin.py:149} INFO - [2023-06-09T06:22:48.461+0000] {dag.py:3490} INFO - Setting next_dagrun for tutorial to 2023-06-08T06:22:48.461134+00:00, run_after=2023-06-09T06:22:48.461134+00:00
[2023-06-09T06:22:48.484+0000] {processor.py:179} INFO - Processing /home/airflow/.local/lib/python3.7/site-packages/airflow/example_dags/tutorial.py took 0.100 seconds
[2023-06-09T06:23:18.599+0000] {processor.py:157} INFO - Started process (PID=2786) to work on /home/airflow/.local/lib/python3.7/site-packages/airflow/example_dags/tutorial.py
[2023-06-09T06:23:18.600+0000] {processor.py:826} INFO - Processing file /home/airflow/.local/lib/python3.7/site-packages/airflow/example_dags/tutorial.py for tasks to queue
[2023-06-09T06:23:18.601+0000] {logging_mixin.py:149} INFO - [2023-06-09T06:23:18.600+0000] {dagbag.py:541} INFO - Filling up the DagBag from /home/airflow/.local/lib/python3.7/site-packages/airflow/example_dags/tutorial.py
[2023-06-09T06:23:18.608+0000] {processor.py:836} INFO - DAG(s) dict_keys(['tutorial']) retrieved from /home/airflow/.local/lib/python3.7/site-packages/airflow/example_dags/tutorial.py
[2023-06-09T06:23:18.641+0000] {logging_mixin.py:149} INFO - [2023-06-09T06:23:18.641+0000] {dag.py:2726} INFO - Sync 1 DAGs
[2023-06-09T06:23:18.679+0000] {logging_mixin.py:149} INFO - [2023-06-09T06:23:18.678+0000] {dag.py:3490} INFO - Setting next_dagrun for tutorial to 2023-06-08T06:23:18.678554+00:00, run_after=2023-06-09T06:23:18.678554+00:00
[2023-06-09T06:23:18.703+0000] {processor.py:179} INFO - Processing /home/airflow/.local/lib/python3.7/site-packages/airflow/example_dags/tutorial.py took 0.108 seconds
[2023-06-09T06:23:49.205+0000] {processor.py:157} INFO - Started process (PID=2839) to work on /home/airflow/.local/lib/python3.7/site-packages/airflow/example_dags/tutorial.py
[2023-06-09T06:23:49.206+0000] {processor.py:826} INFO - Processing file /home/airflow/.local/lib/python3.7/site-packages/airflow/example_dags/tutorial.py for tasks to queue
[2023-06-09T06:23:49.207+0000] {logging_mixin.py:149} INFO - [2023-06-09T06:23:49.207+0000] {dagbag.py:541} INFO - Filling up the DagBag from /home/airflow/.local/lib/python3.7/site-packages/airflow/example_dags/tutorial.py
[2023-06-09T06:23:49.214+0000] {processor.py:836} INFO - DAG(s) dict_keys(['tutorial']) retrieved from /home/airflow/.local/lib/python3.7/site-packages/airflow/example_dags/tutorial.py
[2023-06-09T06:23:49.246+0000] {logging_mixin.py:149} INFO - [2023-06-09T06:23:49.246+0000] {dag.py:2726} INFO - Sync 1 DAGs
[2023-06-09T06:23:49.282+0000] {logging_mixin.py:149} INFO - [2023-06-09T06:23:49.281+0000] {dag.py:3490} INFO - Setting next_dagrun for tutorial to 2023-06-08T06:23:49.281418+00:00, run_after=2023-06-09T06:23:49.281418+00:00
[2023-06-09T06:23:49.304+0000] {processor.py:179} INFO - Processing /home/airflow/.local/lib/python3.7/site-packages/airflow/example_dags/tutorial.py took 0.104 seconds
[2023-06-09T06:24:19.645+0000] {processor.py:157} INFO - Started process (PID=2893) to work on /home/airflow/.local/lib/python3.7/site-packages/airflow/example_dags/tutorial.py
[2023-06-09T06:24:19.646+0000] {processor.py:826} INFO - Processing file /home/airflow/.local/lib/python3.7/site-packages/airflow/example_dags/tutorial.py for tasks to queue
[2023-06-09T06:24:19.647+0000] {logging_mixin.py:149} INFO - [2023-06-09T06:24:19.647+0000] {dagbag.py:541} INFO - Filling up the DagBag from /home/airflow/.local/lib/python3.7/site-packages/airflow/example_dags/tutorial.py
[2023-06-09T06:24:19.655+0000] {processor.py:836} INFO - DAG(s) dict_keys(['tutorial']) retrieved from /home/airflow/.local/lib/python3.7/site-packages/airflow/example_dags/tutorial.py
[2023-06-09T06:24:19.687+0000] {logging_mixin.py:149} INFO - [2023-06-09T06:24:19.687+0000] {dag.py:2726} INFO - Sync 1 DAGs
[2023-06-09T06:24:19.721+0000] {logging_mixin.py:149} INFO - [2023-06-09T06:24:19.721+0000] {dag.py:3490} INFO - Setting next_dagrun for tutorial to 2023-06-08T06:24:19.721399+00:00, run_after=2023-06-09T06:24:19.721399+00:00
[2023-06-09T06:24:19.745+0000] {processor.py:179} INFO - Processing /home/airflow/.local/lib/python3.7/site-packages/airflow/example_dags/tutorial.py took 0.104 seconds
[2023-06-09T06:24:50.583+0000] {processor.py:157} INFO - Started process (PID=2947) to work on /home/airflow/.local/lib/python3.7/site-packages/airflow/example_dags/tutorial.py
[2023-06-09T06:24:50.584+0000] {processor.py:826} INFO - Processing file /home/airflow/.local/lib/python3.7/site-packages/airflow/example_dags/tutorial.py for tasks to queue
[2023-06-09T06:24:50.585+0000] {logging_mixin.py:149} INFO - [2023-06-09T06:24:50.585+0000] {dagbag.py:541} INFO - Filling up the DagBag from /home/airflow/.local/lib/python3.7/site-packages/airflow/example_dags/tutorial.py
[2023-06-09T06:24:50.593+0000] {processor.py:836} INFO - DAG(s) dict_keys(['tutorial']) retrieved from /home/airflow/.local/lib/python3.7/site-packages/airflow/example_dags/tutorial.py
[2023-06-09T06:24:50.624+0000] {logging_mixin.py:149} INFO - [2023-06-09T06:24:50.624+0000] {dag.py:2726} INFO - Sync 1 DAGs
[2023-06-09T06:24:50.657+0000] {logging_mixin.py:149} INFO - [2023-06-09T06:24:50.657+0000] {dag.py:3490} INFO - Setting next_dagrun for tutorial to 2023-06-08T06:24:50.657430+00:00, run_after=2023-06-09T06:24:50.657430+00:00
[2023-06-09T06:24:50.681+0000] {processor.py:179} INFO - Processing /home/airflow/.local/lib/python3.7/site-packages/airflow/example_dags/tutorial.py took 0.102 seconds
[2023-06-09T06:25:21.391+0000] {processor.py:157} INFO - Started process (PID=3001) to work on /home/airflow/.local/lib/python3.7/site-packages/airflow/example_dags/tutorial.py
[2023-06-09T06:25:21.393+0000] {processor.py:826} INFO - Processing file /home/airflow/.local/lib/python3.7/site-packages/airflow/example_dags/tutorial.py for tasks to queue
[2023-06-09T06:25:21.395+0000] {logging_mixin.py:149} INFO - [2023-06-09T06:25:21.395+0000] {dagbag.py:541} INFO - Filling up the DagBag from /home/airflow/.local/lib/python3.7/site-packages/airflow/example_dags/tutorial.py
[2023-06-09T06:25:21.403+0000] {processor.py:836} INFO - DAG(s) dict_keys(['tutorial']) retrieved from /home/airflow/.local/lib/python3.7/site-packages/airflow/example_dags/tutorial.py
[2023-06-09T06:25:21.437+0000] {logging_mixin.py:149} INFO - [2023-06-09T06:25:21.437+0000] {dag.py:2726} INFO - Sync 1 DAGs
[2023-06-09T06:25:21.473+0000] {logging_mixin.py:149} INFO - [2023-06-09T06:25:21.473+0000] {dag.py:3490} INFO - Setting next_dagrun for tutorial to 2023-06-08T06:25:21.472789+00:00, run_after=2023-06-09T06:25:21.472789+00:00
[2023-06-09T06:25:21.497+0000] {processor.py:179} INFO - Processing /home/airflow/.local/lib/python3.7/site-packages/airflow/example_dags/tutorial.py took 0.109 seconds
[2023-06-09T06:25:51.643+0000] {processor.py:157} INFO - Started process (PID=3056) to work on /home/airflow/.local/lib/python3.7/site-packages/airflow/example_dags/tutorial.py
[2023-06-09T06:25:51.644+0000] {processor.py:826} INFO - Processing file /home/airflow/.local/lib/python3.7/site-packages/airflow/example_dags/tutorial.py for tasks to queue
[2023-06-09T06:25:51.645+0000] {logging_mixin.py:149} INFO - [2023-06-09T06:25:51.645+0000] {dagbag.py:541} INFO - Filling up the DagBag from /home/airflow/.local/lib/python3.7/site-packages/airflow/example_dags/tutorial.py
[2023-06-09T06:25:51.653+0000] {processor.py:836} INFO - DAG(s) dict_keys(['tutorial']) retrieved from /home/airflow/.local/lib/python3.7/site-packages/airflow/example_dags/tutorial.py
[2023-06-09T06:25:51.713+0000] {logging_mixin.py:149} INFO - [2023-06-09T06:25:51.712+0000] {dag.py:2726} INFO - Sync 1 DAGs
[2023-06-09T06:25:51.752+0000] {logging_mixin.py:149} INFO - [2023-06-09T06:25:51.752+0000] {dag.py:3490} INFO - Setting next_dagrun for tutorial to 2023-06-08T06:25:51.752276+00:00, run_after=2023-06-09T06:25:51.752276+00:00
[2023-06-09T06:25:51.779+0000] {processor.py:179} INFO - Processing /home/airflow/.local/lib/python3.7/site-packages/airflow/example_dags/tutorial.py took 0.139 seconds
[2023-06-09T06:26:22.079+0000] {processor.py:157} INFO - Started process (PID=3109) to work on /home/airflow/.local/lib/python3.7/site-packages/airflow/example_dags/tutorial.py
[2023-06-09T06:26:22.084+0000] {processor.py:826} INFO - Processing file /home/airflow/.local/lib/python3.7/site-packages/airflow/example_dags/tutorial.py for tasks to queue
[2023-06-09T06:26:22.085+0000] {logging_mixin.py:149} INFO - [2023-06-09T06:26:22.085+0000] {dagbag.py:541} INFO - Filling up the DagBag from /home/airflow/.local/lib/python3.7/site-packages/airflow/example_dags/tutorial.py
[2023-06-09T06:26:22.100+0000] {processor.py:836} INFO - DAG(s) dict_keys(['tutorial']) retrieved from /home/airflow/.local/lib/python3.7/site-packages/airflow/example_dags/tutorial.py
[2023-06-09T06:26:22.156+0000] {logging_mixin.py:149} INFO - [2023-06-09T06:26:22.156+0000] {dag.py:2726} INFO - Sync 1 DAGs
[2023-06-09T06:26:22.221+0000] {logging_mixin.py:149} INFO - [2023-06-09T06:26:22.220+0000] {dag.py:3490} INFO - Setting next_dagrun for tutorial to 2023-06-08T06:26:22.220630+00:00, run_after=2023-06-09T06:26:22.220630+00:00
[2023-06-09T06:26:22.267+0000] {processor.py:179} INFO - Processing /home/airflow/.local/lib/python3.7/site-packages/airflow/example_dags/tutorial.py took 0.196 seconds
[2023-06-09T06:26:53.202+0000] {processor.py:157} INFO - Started process (PID=3163) to work on /home/airflow/.local/lib/python3.7/site-packages/airflow/example_dags/tutorial.py
[2023-06-09T06:26:53.203+0000] {processor.py:826} INFO - Processing file /home/airflow/.local/lib/python3.7/site-packages/airflow/example_dags/tutorial.py for tasks to queue
[2023-06-09T06:26:53.204+0000] {logging_mixin.py:149} INFO - [2023-06-09T06:26:53.203+0000] {dagbag.py:541} INFO - Filling up the DagBag from /home/airflow/.local/lib/python3.7/site-packages/airflow/example_dags/tutorial.py
[2023-06-09T06:26:53.211+0000] {processor.py:836} INFO - DAG(s) dict_keys(['tutorial']) retrieved from /home/airflow/.local/lib/python3.7/site-packages/airflow/example_dags/tutorial.py
[2023-06-09T06:26:53.242+0000] {logging_mixin.py:149} INFO - [2023-06-09T06:26:53.242+0000] {dag.py:2726} INFO - Sync 1 DAGs
[2023-06-09T06:26:53.277+0000] {logging_mixin.py:149} INFO - [2023-06-09T06:26:53.277+0000] {dag.py:3490} INFO - Setting next_dagrun for tutorial to 2023-06-08T06:26:53.277133+00:00, run_after=2023-06-09T06:26:53.277133+00:00
[2023-06-09T06:26:53.300+0000] {processor.py:179} INFO - Processing /home/airflow/.local/lib/python3.7/site-packages/airflow/example_dags/tutorial.py took 0.102 seconds
[2023-06-09T06:27:23.775+0000] {processor.py:157} INFO - Started process (PID=3217) to work on /home/airflow/.local/lib/python3.7/site-packages/airflow/example_dags/tutorial.py
[2023-06-09T06:27:23.777+0000] {processor.py:826} INFO - Processing file /home/airflow/.local/lib/python3.7/site-packages/airflow/example_dags/tutorial.py for tasks to queue
[2023-06-09T06:27:23.780+0000] {logging_mixin.py:149} INFO - [2023-06-09T06:27:23.779+0000] {dagbag.py:541} INFO - Filling up the DagBag from /home/airflow/.local/lib/python3.7/site-packages/airflow/example_dags/tutorial.py
[2023-06-09T06:27:23.788+0000] {processor.py:836} INFO - DAG(s) dict_keys(['tutorial']) retrieved from /home/airflow/.local/lib/python3.7/site-packages/airflow/example_dags/tutorial.py
[2023-06-09T06:27:23.816+0000] {logging_mixin.py:149} INFO - [2023-06-09T06:27:23.816+0000] {dag.py:2726} INFO - Sync 1 DAGs
[2023-06-09T06:27:23.849+0000] {logging_mixin.py:149} INFO - [2023-06-09T06:27:23.849+0000] {dag.py:3490} INFO - Setting next_dagrun for tutorial to 2023-06-08T06:27:23.848879+00:00, run_after=2023-06-09T06:27:23.848879+00:00
[2023-06-09T06:27:23.871+0000] {processor.py:179} INFO - Processing /home/airflow/.local/lib/python3.7/site-packages/airflow/example_dags/tutorial.py took 0.108 seconds
[2023-06-09T06:27:54.172+0000] {processor.py:157} INFO - Started process (PID=3270) to work on /home/airflow/.local/lib/python3.7/site-packages/airflow/example_dags/tutorial.py
[2023-06-09T06:27:54.173+0000] {processor.py:826} INFO - Processing file /home/airflow/.local/lib/python3.7/site-packages/airflow/example_dags/tutorial.py for tasks to queue
[2023-06-09T06:27:54.174+0000] {logging_mixin.py:149} INFO - [2023-06-09T06:27:54.174+0000] {dagbag.py:541} INFO - Filling up the DagBag from /home/airflow/.local/lib/python3.7/site-packages/airflow/example_dags/tutorial.py
[2023-06-09T06:27:54.181+0000] {processor.py:836} INFO - DAG(s) dict_keys(['tutorial']) retrieved from /home/airflow/.local/lib/python3.7/site-packages/airflow/example_dags/tutorial.py
[2023-06-09T06:27:54.212+0000] {logging_mixin.py:149} INFO - [2023-06-09T06:27:54.212+0000] {dag.py:2726} INFO - Sync 1 DAGs
[2023-06-09T06:27:54.249+0000] {logging_mixin.py:149} INFO - [2023-06-09T06:27:54.249+0000] {dag.py:3490} INFO - Setting next_dagrun for tutorial to 2023-06-08T06:27:54.249418+00:00, run_after=2023-06-09T06:27:54.249418+00:00
[2023-06-09T06:27:54.272+0000] {processor.py:179} INFO - Processing /home/airflow/.local/lib/python3.7/site-packages/airflow/example_dags/tutorial.py took 0.103 seconds
[2023-06-09T06:28:24.624+0000] {processor.py:157} INFO - Started process (PID=3324) to work on /home/airflow/.local/lib/python3.7/site-packages/airflow/example_dags/tutorial.py
[2023-06-09T06:28:24.625+0000] {processor.py:826} INFO - Processing file /home/airflow/.local/lib/python3.7/site-packages/airflow/example_dags/tutorial.py for tasks to queue
[2023-06-09T06:28:24.626+0000] {logging_mixin.py:149} INFO - [2023-06-09T06:28:24.626+0000] {dagbag.py:541} INFO - Filling up the DagBag from /home/airflow/.local/lib/python3.7/site-packages/airflow/example_dags/tutorial.py
[2023-06-09T06:28:24.634+0000] {processor.py:836} INFO - DAG(s) dict_keys(['tutorial']) retrieved from /home/airflow/.local/lib/python3.7/site-packages/airflow/example_dags/tutorial.py
[2023-06-09T06:28:24.664+0000] {logging_mixin.py:149} INFO - [2023-06-09T06:28:24.664+0000] {dag.py:2726} INFO - Sync 1 DAGs
[2023-06-09T06:28:24.698+0000] {logging_mixin.py:149} INFO - [2023-06-09T06:28:24.698+0000] {dag.py:3490} INFO - Setting next_dagrun for tutorial to 2023-06-08T06:28:24.697741+00:00, run_after=2023-06-09T06:28:24.697741+00:00
[2023-06-09T06:28:24.720+0000] {processor.py:179} INFO - Processing /home/airflow/.local/lib/python3.7/site-packages/airflow/example_dags/tutorial.py took 0.100 seconds
[2023-06-09T06:28:55.085+0000] {processor.py:157} INFO - Started process (PID=3378) to work on /home/airflow/.local/lib/python3.7/site-packages/airflow/example_dags/tutorial.py
[2023-06-09T06:28:55.086+0000] {processor.py:826} INFO - Processing file /home/airflow/.local/lib/python3.7/site-packages/airflow/example_dags/tutorial.py for tasks to queue
[2023-06-09T06:28:55.087+0000] {logging_mixin.py:149} INFO - [2023-06-09T06:28:55.087+0000] {dagbag.py:541} INFO - Filling up the DagBag from /home/airflow/.local/lib/python3.7/site-packages/airflow/example_dags/tutorial.py
[2023-06-09T06:28:55.094+0000] {processor.py:836} INFO - DAG(s) dict_keys(['tutorial']) retrieved from /home/airflow/.local/lib/python3.7/site-packages/airflow/example_dags/tutorial.py
[2023-06-09T06:28:55.126+0000] {logging_mixin.py:149} INFO - [2023-06-09T06:28:55.125+0000] {dag.py:2726} INFO - Sync 1 DAGs
[2023-06-09T06:28:55.172+0000] {logging_mixin.py:149} INFO - [2023-06-09T06:28:55.172+0000] {dag.py:3490} INFO - Setting next_dagrun for tutorial to 2023-06-08T06:28:55.171745+00:00, run_after=2023-06-09T06:28:55.171745+00:00
[2023-06-09T06:28:55.203+0000] {processor.py:179} INFO - Processing /home/airflow/.local/lib/python3.7/site-packages/airflow/example_dags/tutorial.py took 0.122 seconds
[2023-06-09T06:29:25.297+0000] {processor.py:157} INFO - Started process (PID=3432) to work on /home/airflow/.local/lib/python3.7/site-packages/airflow/example_dags/tutorial.py
[2023-06-09T06:29:25.298+0000] {processor.py:826} INFO - Processing file /home/airflow/.local/lib/python3.7/site-packages/airflow/example_dags/tutorial.py for tasks to queue
[2023-06-09T06:29:25.299+0000] {logging_mixin.py:149} INFO - [2023-06-09T06:29:25.299+0000] {dagbag.py:541} INFO - Filling up the DagBag from /home/airflow/.local/lib/python3.7/site-packages/airflow/example_dags/tutorial.py
[2023-06-09T06:29:25.306+0000] {processor.py:836} INFO - DAG(s) dict_keys(['tutorial']) retrieved from /home/airflow/.local/lib/python3.7/site-packages/airflow/example_dags/tutorial.py
[2023-06-09T06:29:25.337+0000] {logging_mixin.py:149} INFO - [2023-06-09T06:29:25.337+0000] {dag.py:2726} INFO - Sync 1 DAGs
[2023-06-09T06:29:25.370+0000] {logging_mixin.py:149} INFO - [2023-06-09T06:29:25.370+0000] {dag.py:3490} INFO - Setting next_dagrun for tutorial to 2023-06-08T06:29:25.370366+00:00, run_after=2023-06-09T06:29:25.370366+00:00
[2023-06-09T06:29:25.392+0000] {processor.py:179} INFO - Processing /home/airflow/.local/lib/python3.7/site-packages/airflow/example_dags/tutorial.py took 0.099 seconds
[2023-06-09T06:29:55.721+0000] {processor.py:157} INFO - Started process (PID=3485) to work on /home/airflow/.local/lib/python3.7/site-packages/airflow/example_dags/tutorial.py
[2023-06-09T06:29:55.722+0000] {processor.py:826} INFO - Processing file /home/airflow/.local/lib/python3.7/site-packages/airflow/example_dags/tutorial.py for tasks to queue
[2023-06-09T06:29:55.723+0000] {logging_mixin.py:149} INFO - [2023-06-09T06:29:55.723+0000] {dagbag.py:541} INFO - Filling up the DagBag from /home/airflow/.local/lib/python3.7/site-packages/airflow/example_dags/tutorial.py
[2023-06-09T06:29:55.730+0000] {processor.py:836} INFO - DAG(s) dict_keys(['tutorial']) retrieved from /home/airflow/.local/lib/python3.7/site-packages/airflow/example_dags/tutorial.py
[2023-06-09T06:29:55.767+0000] {logging_mixin.py:149} INFO - [2023-06-09T06:29:55.767+0000] {dag.py:2726} INFO - Sync 1 DAGs
[2023-06-09T06:29:55.807+0000] {logging_mixin.py:149} INFO - [2023-06-09T06:29:55.807+0000] {dag.py:3490} INFO - Setting next_dagrun for tutorial to 2023-06-08T06:29:55.806849+00:00, run_after=2023-06-09T06:29:55.806849+00:00
[2023-06-09T06:29:55.829+0000] {processor.py:179} INFO - Processing /home/airflow/.local/lib/python3.7/site-packages/airflow/example_dags/tutorial.py took 0.112 seconds
[2023-06-09T06:30:26.063+0000] {processor.py:157} INFO - Started process (PID=3539) to work on /home/airflow/.local/lib/python3.7/site-packages/airflow/example_dags/tutorial.py
[2023-06-09T06:30:26.064+0000] {processor.py:826} INFO - Processing file /home/airflow/.local/lib/python3.7/site-packages/airflow/example_dags/tutorial.py for tasks to queue
[2023-06-09T06:30:26.065+0000] {logging_mixin.py:149} INFO - [2023-06-09T06:30:26.065+0000] {dagbag.py:541} INFO - Filling up the DagBag from /home/airflow/.local/lib/python3.7/site-packages/airflow/example_dags/tutorial.py
[2023-06-09T06:30:26.073+0000] {processor.py:836} INFO - DAG(s) dict_keys(['tutorial']) retrieved from /home/airflow/.local/lib/python3.7/site-packages/airflow/example_dags/tutorial.py
[2023-06-09T06:30:26.125+0000] {logging_mixin.py:149} INFO - [2023-06-09T06:30:26.125+0000] {dag.py:2726} INFO - Sync 1 DAGs
[2023-06-09T06:30:26.183+0000] {logging_mixin.py:149} INFO - [2023-06-09T06:30:26.183+0000] {dag.py:3490} INFO - Setting next_dagrun for tutorial to 2023-06-08T06:30:26.183269+00:00, run_after=2023-06-09T06:30:26.183269+00:00
[2023-06-09T06:30:26.216+0000] {processor.py:179} INFO - Processing /home/airflow/.local/lib/python3.7/site-packages/airflow/example_dags/tutorial.py took 0.157 seconds
